Optimizer called with the following parameters:
{'focal_plane_mask': {'field_stop_radius': -1.0,
                      'grayscale': True,
                      'num_pix': 150,
                      'radius': 3.5},
 'image': {'bandwidth': 0.1,
           'contrast': 10,
           'iwa': 3.4,
           'num_wavelengths': 5,
           'owa': 12.0,
           'resolution': 2},
 'lyot_stop': {'alignment_tolerance': 0,
               'filename': 'LUVOIR/LS_LUVOIR_ID0120_OD0982_no_struts_gy_ovsamp4_N1000.fits',
               'num_lyot_stops': 1},
 'method': {'edge_width_for_prior': 2,
            'ending_scale': 1,
            'force_no_hermitian_symmetry': False,
            'force_no_x_mirror_symmetry': False,
            'force_no_y_mirror_symmetry': False,
            'initial_throughput_estimate': 1,
            'maximize_planet_throughput': True,
            'num_throughput_iterations': 2,
            'starting_scale': 4},
 'pupil': {'N': 1000,
           'filename': 'LUVOIR/TelAp_LUVOIR_gap_pad01_bw_ovsamp04_N1000.fits'},
 'solver': {'crossover': 0,
            'method': 2,
            'num_threads': 0}}

File organization:
{'analysis_dir': '/user/kstlaurent/git/progressive_refinement_coronagraphy/surveys/luvoir_BW10_small_N1000_telserv3/analysis',
 'drivers_dir': '/user/kstlaurent/git/progressive_refinement_coronagraphy/surveys/luvoir_BW10_small_N1000_telserv3/drivers',
 'input_files_dir': '/user/kstlaurent/git/progressive_refinement_coronagraphy/masks',
 'log_dir': '/user/kstlaurent/git/progressive_refinement_coronagraphy/surveys/luvoir_BW10_small_N1000_telserv3/logs',
 'solution_dir': '/user/kstlaurent/git/progressive_refinement_coronagraphy/surveys/luvoir_BW10_small_N1000_telserv3/solutions',
 'survey_dir': '/user/kstlaurent/git/progressive_refinement_coronagraphy/surveys/luvoir_BW10_small_N1000_telserv3'}

Telescope pupil:
   Mirror symmetry in x: yes
   Mirror symmetry in y: no

Lyot stop #0:
   Mirror symmetry in x: yes
Lyot stop #0:
   Mirror symmetry in y: yes

Complete APLC:
   Mirror symmetry in x: yes
   Mirror symmetry in y: no

Starting optimization at scale 4 with 21740 variables and 4140 constraints.
Creating model...
Academic license - for non-commercial use only
Parameter Threads unchanged
   Value: 0  Min: 0  Max: 1024  Default: 0
Changed value of parameter Crossover to 0
   Prev: -1  Min: -1  Max: 5  Default: -1
Changed value of parameter Method to 2
   Prev: -1  Min: -1  Max: 5  Default: -1
Calculating and adding constraints...
Wavelength 1/5; Variable 1000/21740
Wavelength 1/5; Variable 2000/21740
Wavelength 1/5; Variable 3000/21740
Wavelength 1/5; Variable 4000/21740
Wavelength 1/5; Variable 5000/21740
Wavelength 1/5; Variable 6000/21740
Wavelength 1/5; Variable 7000/21740
Wavelength 1/5; Variable 8000/21740
Wavelength 1/5; Variable 9000/21740
Wavelength 1/5; Variable 10000/21740
Wavelength 1/5; Variable 11000/21740
Wavelength 1/5; Variable 12000/21740
Wavelength 1/5; Variable 13000/21740
Wavelength 1/5; Variable 14000/21740
Wavelength 1/5; Variable 15000/21740
Wavelength 1/5; Variable 16000/21740
Wavelength 1/5; Variable 17000/21740
Wavelength 1/5; Variable 18000/21740
Wavelength 1/5; Variable 19000/21740
Wavelength 1/5; Variable 20000/21740
Wavelength 1/5; Variable 21000/21740
Warning for adding constraints: zero or small (< 1e-13) coefficients, ignored
Wavelength 2/5; Variable 1000/21740
Wavelength 2/5; Variable 2000/21740
Wavelength 2/5; Variable 3000/21740
Wavelength 2/5; Variable 4000/21740
Wavelength 2/5; Variable 5000/21740
Wavelength 2/5; Variable 6000/21740
Wavelength 2/5; Variable 7000/21740
Wavelength 2/5; Variable 8000/21740
Wavelength 2/5; Variable 9000/21740
Wavelength 2/5; Variable 10000/21740
Wavelength 2/5; Variable 11000/21740
Wavelength 2/5; Variable 12000/21740
Wavelength 2/5; Variable 13000/21740
Wavelength 2/5; Variable 14000/21740
Wavelength 2/5; Variable 15000/21740
Wavelength 2/5; Variable 16000/21740
Wavelength 2/5; Variable 17000/21740
Wavelength 2/5; Variable 18000/21740
Wavelength 2/5; Variable 19000/21740
Wavelength 2/5; Variable 20000/21740
Wavelength 2/5; Variable 21000/21740
Wavelength 3/5; Variable 1000/21740
Wavelength 3/5; Variable 2000/21740
Wavelength 3/5; Variable 3000/21740
Wavelength 3/5; Variable 4000/21740
Wavelength 3/5; Variable 5000/21740
Wavelength 3/5; Variable 6000/21740
Wavelength 3/5; Variable 7000/21740
Wavelength 3/5; Variable 8000/21740
Wavelength 3/5; Variable 9000/21740
Wavelength 3/5; Variable 10000/21740
Wavelength 3/5; Variable 11000/21740
Wavelength 3/5; Variable 12000/21740
Wavelength 3/5; Variable 13000/21740
Wavelength 3/5; Variable 14000/21740
Wavelength 3/5; Variable 15000/21740
Wavelength 3/5; Variable 16000/21740
Wavelength 3/5; Variable 17000/21740
Wavelength 3/5; Variable 18000/21740
Wavelength 3/5; Variable 19000/21740
Wavelength 3/5; Variable 20000/21740
Wavelength 3/5; Variable 21000/21740
Wavelength 4/5; Variable 1000/21740
Wavelength 4/5; Variable 2000/21740
Wavelength 4/5; Variable 3000/21740
Wavelength 4/5; Variable 4000/21740
Wavelength 4/5; Variable 5000/21740
Wavelength 4/5; Variable 6000/21740
Wavelength 4/5; Variable 7000/21740
Wavelength 4/5; Variable 8000/21740
Wavelength 4/5; Variable 9000/21740
Wavelength 4/5; Variable 10000/21740
Wavelength 4/5; Variable 11000/21740
Wavelength 4/5; Variable 12000/21740
Wavelength 4/5; Variable 13000/21740
Wavelength 4/5; Variable 14000/21740
Wavelength 4/5; Variable 15000/21740
Wavelength 4/5; Variable 16000/21740
Wavelength 4/5; Variable 17000/21740
Wavelength 4/5; Variable 18000/21740
Wavelength 4/5; Variable 19000/21740
Wavelength 4/5; Variable 20000/21740
Wavelength 4/5; Variable 21000/21740
Wavelength 5/5; Variable 1000/21740
Wavelength 5/5; Variable 2000/21740
Wavelength 5/5; Variable 3000/21740
Wavelength 5/5; Variable 4000/21740
Wavelength 5/5; Variable 5000/21740
Wavelength 5/5; Variable 6000/21740
Wavelength 5/5; Variable 7000/21740
Wavelength 5/5; Variable 8000/21740
Wavelength 5/5; Variable 9000/21740
Wavelength 5/5; Variable 10000/21740
Wavelength 5/5; Variable 11000/21740
Wavelength 5/5; Variable 12000/21740
Wavelength 5/5; Variable 13000/21740
Wavelength 5/5; Variable 14000/21740
Wavelength 5/5; Variable 15000/21740
Wavelength 5/5; Variable 16000/21740
Wavelength 5/5; Variable 17000/21740
Wavelength 5/5; Variable 18000/21740
Wavelength 5/5; Variable 19000/21740
Wavelength 5/5; Variable 20000/21740
Wavelength 5/5; Variable 21000/21740
Start optimization...
Optimize a model with 8280 rows, 21740 columns and 180007192 nonzeros
Coefficient statistics:
  Matrix range     [2e-13, 9e-05]
  Objective range  [4e-03, 1e+00]
  Bounds range     [1e+00, 1e+00]
  RHS range        [1e-05, 1e-05]
Presolve removed 0 rows and 0 columns (presolve time = 5s) ...
Presolve removed 0 rows and 0 columns (presolve time = 16s) ...
Presolve removed 0 rows and 0 columns (presolve time = 34s) ...
Presolve removed 4140 rows and 0 columns (presolve time = 37s) ...
Presolve removed 4140 rows and 0 columns
Presolve time: 37.29s
Presolved: 4140 rows, 25880 columns, 90007729 nonzeros
Ordering time: 0.00s

Barrier statistics:
 AA' NZ     : 8.568e+06
 Factor NZ  : 8.572e+06 (roughly 80 MBytes of memory)
 Factor Ops : 2.366e+10 (roughly 1 second per iteration)
 Threads    : 24

                  Objective                Residual
Iter       Primal          Dual         Primal    Dual     Compl     Time
   0   1.52413026e+07  5.23871368e+04  3.07e+01 0.00e+00  1.73e+03    49s
   1   3.94554399e+04  5.23339155e+04  5.87e-02 1.82e-11  4.12e+00    52s
   2   1.68977651e+04  4.13734801e+04  1.31e-02 9.99e-10  1.20e+00    54s
   3   1.31980452e+04  3.03491730e+04  4.08e-03 2.52e-09  5.08e-01    57s
   4   1.25433691e+04  1.49591319e+04  1.67e-03 6.86e-09  8.70e-02    61s
   5   1.22802499e+04  1.29531191e+04  8.34e-04 7.61e-09  3.03e-02    64s
   6   1.21915392e+04  1.26703806e+04  4.79e-04 7.94e-09  1.89e-02    66s
   7   1.21628978e+04  1.24575115e+04  3.51e-04 8.64e-09  1.26e-02    69s
   8   1.21463832e+04  1.23581782e+04  2.57e-04 1.17e-08  9.11e-03    71s
   9   1.21388310e+04  1.22908680e+04  2.11e-04 7.68e-09  7.03e-03    73s
  10   1.21303128e+04  1.22534249e+04  1.32e-04 1.26e-08  4.93e-03    76s
  11   1.21261355e+04  1.22198857e+04  9.83e-05 1.21e-08  3.71e-03    79s
  12   1.21248548e+04  1.22081513e+04  8.58e-05 8.53e-09  3.26e-03    81s
  13   1.21232077e+04  1.21923227e+04  7.43e-05 1.05e-08  2.77e-03    84s
  14   1.21214685e+04  1.21770891e+04  5.61e-05 1.07e-08  2.15e-03    86s
  15   1.21207832e+04  1.21632993e+04  4.42e-05 1.19e-08  1.67e-03    89s
  16   1.21202909e+04  1.21570234e+04  3.58e-05 9.51e-09  1.40e-03    92s
  17   1.21201750e+04  1.21529471e+04  3.44e-05 8.77e-09  1.30e-03    94s
  18   1.21199545e+04  1.21451962e+04  2.81e-05 9.32e-09  1.03e-03    97s
  19   1.21199443e+04  1.21389081e+04  2.26e-05 9.60e-09  8.01e-04   100s
  20   1.21199746e+04  1.21378199e+04  2.04e-05 9.92e-09  7.37e-04   102s
  21   1.21199492e+04  1.21365053e+04  1.88e-05 1.02e-08  6.81e-04   105s
  22   1.21200240e+04  1.21327592e+04  1.55e-05 1.03e-08  5.45e-04   107s
  23   1.21200653e+04  1.21303967e+04  1.16e-05 1.33e-08  4.23e-04   110s
  24   1.21202234e+04  1.21278843e+04  9.39e-06 1.09e-08  3.29e-04   113s
  25   1.21202127e+04  1.21269265e+04  8.85e-06 1.11e-08  3.00e-04   116s
  26   1.21202187e+04  1.21252644e+04  6.97e-06 1.25e-08  2.32e-04   118s
  27   1.21203037e+04  1.21242264e+04  4.97e-06 9.86e-09  1.72e-04   121s
  28   1.21203197e+04  1.21226538e+04  3.47e-06 1.20e-08  1.12e-04   124s
  29   1.21203626e+04  1.21217395e+04  2.46e-06 1.02e-08  7.41e-05   126s
  30   1.21204152e+04  1.21212594e+04  1.41e-06 1.09e-08  4.35e-05   129s
  31   1.21204540e+04  1.21208755e+04  9.11e-07 1.09e-08  2.57e-05   132s
  32   1.21204711e+04  1.21207129e+04  7.04e-07 1.19e-08  1.82e-05   134s
  33   1.21205091e+04  1.21206327e+04  3.62e-07 1.64e-08  9.37e-06   137s
  34   1.21205329e+04  1.21205932e+04  1.32e-07 1.21e-08  3.70e-06   140s
  35   1.21205464e+04  1.21205664e+04  2.64e-08 1.33e-08  8.95e-07   143s
  36   1.21205505e+04  1.21205542e+04  3.73e-09 1.39e-08  1.45e-07   146s
  37   1.21205512e+04  1.21205523e+04  1.33e-09 1.19e-08  4.69e-08   149s
  38   1.21205515e+04  1.21205518e+04  3.37e-10 1.65e-08  1.23e-08   152s
  39   1.21205516e+04  1.21205517e+04  1.96e-10 1.13e-08  5.89e-09   155s

Barrier solved model in 39 iterations and 155.16 seconds
Optimal objective 1.21205516e+04

Optimization finished!
Restarting optimization for throughput iteration 1...
Optimize a model with 8280 rows, 21740 columns and 180007192 nonzeros
Coefficient statistics:
  Matrix range     [2e-13, 9e-05]
  Objective range  [4e-03, 1e+00]
  Bounds range     [1e+00, 1e+00]
  RHS range        [7e-06, 7e-06]
Presolve removed 0 rows and 0 columns (presolve time = 6s) ...
Presolve removed 0 rows and 0 columns (presolve time = 17s) ...
Presolve removed 0 rows and 0 columns (presolve time = 35s) ...
Presolve removed 4140 rows and 0 columns (presolve time = 38s) ...
Presolve removed 4140 rows and 0 columns
Presolve time: 38.38s
Presolved: 4140 rows, 25880 columns, 90007729 nonzeros
Ordering time: 0.00s

Barrier statistics:
 AA' NZ     : 8.568e+06
 Factor NZ  : 8.572e+06 (roughly 80 MBytes of memory)
 Factor Ops : 2.366e+10 (roughly 1 second per iteration)
 Threads    : 24

                  Objective                Residual
Iter       Primal          Dual         Primal    Dual     Compl     Time
   0   1.52413026e+07  5.19020473e+04  3.07e+01 0.00e+00  1.73e+03    50s
   1   3.99726213e+04  5.18489880e+04  5.98e-02 1.82e-11  4.17e+00    53s
   2   1.73363100e+04  4.10606808e+04  1.40e-02 1.16e-09  1.24e+00    56s
   3   1.36625690e+04  2.94831160e+04  5.22e-03 3.07e-09  5.33e-01    59s
   4   1.27875247e+04  1.49888032e+04  2.30e-03 9.46e-09  1.03e-01    63s
   5   1.24858590e+04  1.38129430e+04  1.45e-03 6.51e-09  6.09e-02    66s
   6   1.23941008e+04  1.27790605e+04  1.08e-03 1.18e-08  3.20e-02    68s
   7   1.23372985e+04  1.26326549e+04  9.43e-04 1.24e-08  2.70e-02    71s
   8   1.22714141e+04  1.24395740e+04  7.75e-04 1.89e-08  2.09e-02    74s
   9   1.22377033e+04  1.23899970e+04  6.88e-04 3.46e-08  1.87e-02    76s
  10   1.22189175e+04  1.23157876e+04  6.46e-04 3.61e-07  1.75e-02    79s
  11   1.21925838e+04  1.21506134e+04  5.80e-04 3.44e-08  1.48e-02    82s
  12   1.21736172e+04  1.20284773e+04  5.43e-04 4.40e-08  1.34e-02    85s
  13   1.21537283e+04  1.19579150e+04  5.14e-04 8.40e-08  1.26e-02    87s
  14   1.21392179e+04  1.18720083e+04  5.00e-04 6.94e-08  1.22e-02    90s
  15   1.21178896e+04  1.16989108e+04  4.84e-04 1.21e-07  1.15e-02    93s
  16   1.21027485e+04  1.15666058e+04  4.74e-04 1.79e-07  1.11e-02    96s
  17   1.20661393e+04  1.14704321e+04  4.55e-04 1.88e-07  1.06e-02    98s
  18   1.20359626e+04  1.13921195e+04  4.42e-04 1.76e-07  1.02e-02   101s
  19   1.19769528e+04  1.12379858e+04  4.18e-04 6.20e-06  9.44e-03   104s
  20   1.19109796e+04  1.11418311e+04  3.94e-04 5.74e-05  8.78e-03   106s
  21   1.18645609e+04  1.10980140e+04  3.79e-04 1.28e-05  8.43e-03   109s
  22   1.18102226e+04  1.10553450e+04  3.61e-04 2.54e-07  8.05e-03   112s
  23   1.17607282e+04  1.10142085e+04  3.45e-04 2.68e-07  7.66e-03   115s
  24   1.17368027e+04  1.09677174e+04  3.37e-04 2.83e-07  7.28e-03   117s
  25   1.17142990e+04  1.09593039e+04  3.30e-04 2.83e-07  7.18e-03   120s
  26   1.16973984e+04  1.09325761e+04  3.24e-04 2.91e-07  6.94e-03   122s
  27   1.16438771e+04  1.08978221e+04  3.08e-04 2.48e-05  6.55e-03   125s
  28   1.16046932e+04  1.08599606e+04  2.96e-04 2.78e-07  6.08e-03   128s
  29   1.15813410e+04  1.08523527e+04  2.89e-04 2.17e-07  5.97e-03   130s
  30   1.15341093e+04  1.08252672e+04  2.74e-04 4.71e-06  5.60e-03   133s
  31   1.14938294e+04  1.08015531e+04  2.62e-04 8.80e-05  5.27e-03   136s
  32   1.14679837e+04  1.07892366e+04  2.54e-04 1.42e-04  5.09e-03   139s
  33   1.14325119e+04  1.07817724e+04  2.44e-04 1.39e-04  4.94e-03   141s
  34   1.14126516e+04  1.07720895e+04  2.38e-04 1.55e-04  4.80e-03   144s
  35   1.13786219e+04  1.07609858e+04  2.28e-04 1.50e-04  4.62e-03   148s
  36   1.13615712e+04  1.07503126e+04  2.23e-04 1.31e-04  4.48e-03   151s
  37   1.13394222e+04  1.07436379e+04  2.17e-04 1.12e-04  4.37e-03   154s
  38   1.52329202e+11  5.19020473e+04  3.07e+05 0.00e+00  1.73e+07   159s
  39   1.91979172e+05  9.43046730e+04  3.66e-01 2.18e-11  4.27e+01   162s
  40   3.48712565e+04  8.49146606e+04  5.10e-02 1.13e-09  6.72e+00   165s
  41   1.20741250e+04  5.52751198e+04  5.24e-03 4.54e-09  1.28e+00   168s
  42   1.16622460e+04  1.89259001e+04  2.41e-03 9.78e-09  2.34e-01   171s
  43   1.17810202e+04  1.50250813e+04  1.10e-03 1.77e-08  9.78e-02   174s
  44   1.18568250e+04  1.36449003e+04  8.02e-04 1.80e-08  5.79e-02   177s
  45   1.18670958e+04  1.29234566e+04  7.10e-04 6.43e-08  4.14e-02   180s
  46   1.18704190e+04  1.26605060e+04  6.23e-04 1.12e-07  3.55e-02   182s
  47   1.18612542e+04  1.24825689e+04  5.43e-04 5.50e-08  3.08e-02   185s
  48   1.18356583e+04  1.23145776e+04  5.14e-04 8.57e-08  2.86e-02   187s
  49   1.18199392e+04  1.21769219e+04  4.80e-04 1.26e-07  2.63e-02   190s
  50   1.17986650e+04  1.19968500e+04  4.52e-04 1.02e-07  2.40e-02   192s
  51   1.17612114e+04  1.18560907e+04  4.20e-04 2.98e-07  2.21e-02   194s
  52   1.16673636e+04  1.17456952e+04  3.65e-04 2.68e-07  2.03e-02   197s
  53   1.15928952e+04  1.15983903e+04  3.39e-04 4.05e-06  1.89e-02   200s
  54   1.14497299e+04  1.15182229e+04  2.80e-04 3.63e-06  1.75e-02   203s
  55   1.13929817e+04  1.14257597e+04  2.61e-04 3.01e-06  1.62e-02   205s
  56   1.13304632e+04  1.13744481e+04  2.40e-04 5.25e-06  1.55e-02   208s
  57   1.12654329e+04  1.13273515e+04  2.19e-04 5.95e-06  1.49e-02   211s
  58   1.12214447e+04  1.12255295e+04  2.04e-04 4.74e-06  1.34e-02   214s
  59   1.12098283e+04  1.12052052e+04  2.01e-04 3.48e-06  1.31e-02   216s
  60   1.11372640e+04  1.11894418e+04  1.78e-04 3.71e-06  1.28e-02   219s
  61   1.11072562e+04  1.10880553e+04  1.69e-04 3.46e-06  1.15e-02   222s
  62   1.10852470e+04  1.10685679e+04  1.63e-04 1.50e-06  1.12e-02   225s
  63   1.10571622e+04  1.10305277e+04  1.55e-04 6.81e-07  1.07e-02   228s
  64   1.10075258e+04  1.09697615e+04  1.42e-04 2.51e-07  9.89e-03   231s
  65   1.09300203e+04  1.09432558e+04  1.23e-04 3.03e-07  9.55e-03   234s
  66   1.09165595e+04  1.08658599e+04  1.19e-04 4.99e-07  8.42e-03   237s
  67   1.08965975e+04  1.08368493e+04  1.14e-04 5.14e-07  7.94e-03   240s
  68   1.08544307e+04  1.08200215e+04  1.04e-04 4.02e-07  7.64e-03   243s
  69   1.08239085e+04  1.07702055e+04  9.67e-05 6.75e-06  6.87e-03   245s
  70   1.07832547e+04  1.07480960e+04  8.69e-05 4.43e-07  6.50e-03   249s
  71   1.07559984e+04  1.07208961e+04  8.02e-05 2.08e-06  6.02e-03   252s
  72   1.07291011e+04  1.06882157e+04  7.37e-05 9.30e-06  5.44e-03   256s
  73   1.06899813e+04  1.06597184e+04  6.43e-05 7.12e-06  4.91e-03   258s
  74   1.06693680e+04  1.06421275e+04  5.93e-05 6.89e-06  4.58e-03   261s
  75   1.06544020e+04  1.06253313e+04  5.57e-05 5.42e-06  4.27e-03   263s
  76   1.06229255e+04  1.06177450e+04  4.81e-05 5.77e-06  4.08e-03   266s
  77   1.06140971e+04  1.05975320e+04  4.60e-05 3.40e-06  3.71e-03   269s
  78   1.06072626e+04  1.05807643e+04  4.44e-05 3.60e-06  3.40e-03   272s
  79   1.05889330e+04  1.05584814e+04  4.02e-05 2.81e-06  2.98e-03   275s
  80   1.05810849e+04  1.05459386e+04  3.83e-05 2.98e-06  2.74e-03   278s
  81   1.05557901e+04  1.05188142e+04  3.24e-05 4.58e-06  2.20e-03   282s
  82   1.05248496e+04  1.05018140e+04  2.50e-05 4.00e-06  1.82e-03   285s
  83   1.05133270e+04  1.04893308e+04  2.22e-05 4.40e-07  1.56e-03   288s
  84   1.05011208e+04  1.04807318e+04  1.93e-05 1.04e-06  1.37e-03   290s
  85   1.04929513e+04  1.04749270e+04  1.74e-05 8.23e-07  1.25e-03   294s
  86   1.04834158e+04  1.04625436e+04  1.51e-05 3.00e-06  9.96e-04   297s
  87   1.04731252e+04  1.04545074e+04  1.28e-05 9.95e-07  8.25e-04   300s
  88   1.04679959e+04  1.04473281e+04  1.15e-05 1.89e-06  6.73e-04   304s
  89   1.04611248e+04  1.04414758e+04  9.89e-06 2.24e-06  5.43e-04   308s
  90   1.04513181e+04  1.04353512e+04  7.55e-06 1.14e-05  3.98e-04   312s
  91   1.04497319e+04  1.04335130e+04  7.18e-06 1.10e-05  3.59e-04   315s
  92   1.04451244e+04  1.04322803e+04  6.08e-06 9.41e-06  3.22e-04   317s
  93   1.04441553e+04  1.04317570e+04  5.84e-06 7.76e-06  3.08e-04   321s
  94   1.04396125e+04  1.04300196e+04  4.72e-06 2.32e-06  2.57e-04   324s
  95   1.04356639e+04  1.04277205e+04  3.75e-06 2.32e-06  1.98e-04   327s
  96   1.04353279e+04  1.04272193e+04  3.66e-06 2.32e-06  1.88e-04   332s
  97   1.04323573e+04  1.04260325e+04  2.94e-06 2.10e-06  1.55e-04   336s
  98   1.04312328e+04  1.04251112e+04  2.67e-06 2.18e-06  1.33e-04   340s
  99   1.04308837e+04  1.04249886e+04  2.58e-06 2.18e-06  1.29e-04   343s
 100   1.04303912e+04  1.04248783e+04  2.46e-06 2.12e-06  1.25e-04   346s
 101   1.04298275e+04  1.04245954e+04  2.32e-06 2.06e-06  1.18e-04   350s
 102   1.04275337e+04  1.04241557e+04  1.76e-06 1.82e-06  1.00e-04   353s
 103   1.04261716e+04  1.04233978e+04  1.42e-06 1.92e-06  8.03e-05   358s
 104   1.04246384e+04  1.04227451e+04  1.03e-06 1.52e-06  6.01e-05   362s
 105   1.04240541e+04  1.04221697e+04  8.72e-07 1.91e-06  4.59e-05   366s
 106   1.04236852e+04  1.04219490e+04  7.75e-07 2.61e-06  3.96e-05   370s
 107   1.04233993e+04  1.04216274e+04  7.00e-07 3.29e-06  3.18e-05   373s
 108   1.04229610e+04  1.04215891e+04  5.84e-07 2.64e-06  2.86e-05   376s
 109   1.04229119e+04  1.04214246e+04  5.71e-07 3.99e-06  2.52e-05   379s
 110   1.04225953e+04  1.04213097e+04  4.88e-07 7.25e-06  2.12e-05   383s
 111   1.04221999e+04  1.04212168e+04  3.82e-07 9.31e-06  1.71e-05   387s
 112   1.04219014e+04  1.04210947e+04  3.03e-07 6.48e-06  1.30e-05   393s
 113   1.04216765e+04  1.04210419e+04  2.43e-07 6.59e-06  1.07e-05   397s
 114   1.04215880e+04  1.04209951e+04  2.19e-07 6.23e-06  9.24e-06   400s
 115   1.04215051e+04  1.04209533e+04  1.97e-07 3.20e-06  7.93e-06   402s
 116   1.04213105e+04  1.04209198e+04  1.43e-07 2.75e-06  6.01e-06   406s
 117   1.04212001e+04  1.04208942e+04  1.14e-07 4.62e-06  4.82e-06   410s
 118   1.04211592e+04  1.04208799e+04  1.02e-07 3.20e-06  4.28e-06   414s
 119   1.04210904e+04  1.04208551e+04  8.40e-08 4.82e-06  3.39e-06   418s
 120   1.04210081e+04  1.04208243e+04  6.15e-08 4.09e-06  2.27e-06   421s
 121   1.04209375e+04  1.04208099e+04  4.22e-08 2.44e-06  1.52e-06   425s
 122   1.04208854e+04  1.04208029e+04  2.77e-08 2.55e-06  1.03e-06   428s
 123   1.04208626e+04  1.04207972e+04  2.15e-08 1.74e-06  7.67e-07   431s
 124   1.04208332e+04  1.04207927e+04  1.33e-08 7.38e-07  4.78e-07   435s
 125   1.04208116e+04  1.04207891e+04  7.30e-09 4.69e-06  2.58e-07   439s
 126   1.04207996e+04  1.04207873e+04  3.96e-09 2.35e-06  1.36e-07   443s
 127   1.04207941e+04  1.04207867e+04  2.41e-09 3.34e-06  8.32e-08   446s
 128   1.04207888e+04  1.04207861e+04  9.18e-10 6.74e-06  3.29e-08   451s
 129   1.04207860e+04  1.04207859e+04  2.15e-10 9.99e-06  8.79e-09   454s
 130   1.04207861e+04  1.04207859e+04  9.55e-11 1.13e-05  4.32e-09   458s
 131   1.04207860e+04  1.04207858e+04  7.56e-11 7.79e-06  3.46e-09   462s
 132   1.04207871e+04  1.04207858e+04  7.13e-11 7.29e-06  3.14e-09   466s
 133   1.04207868e+04  1.04207858e+04  6.67e-11 7.03e-06  2.82e-09   469s
 134   1.04207866e+04  1.04207858e+04  6.27e-11 7.99e-06  2.62e-09   473s
 135   1.04207863e+04  1.04207858e+04  6.24e-11 7.83e-06  2.51e-09   475s

Barrier solved model in 135 iterations and 475.46 seconds
Optimal objective 1.04207863e+04

Optimization finished!
Starting optimization at scale 2 with 17001 variables and 4140 constraints.
Creating model...
Parameter Threads unchanged
   Value: 0  Min: 0  Max: 1024  Default: 0
Changed value of parameter Crossover to 0
   Prev: -1  Min: -1  Max: 5  Default: -1
Changed value of parameter Method to 2
   Prev: -1  Min: -1  Max: 5  Default: -1
Calculating and adding constraints...
Wavelength 1/5; Variable 1000/17001
Wavelength 1/5; Variable 2000/17001
Wavelength 1/5; Variable 3000/17001
Wavelength 1/5; Variable 4000/17001
Wavelength 1/5; Variable 5000/17001
Wavelength 1/5; Variable 6000/17001
Wavelength 1/5; Variable 7000/17001
Wavelength 1/5; Variable 8000/17001
Wavelength 1/5; Variable 9000/17001
Wavelength 1/5; Variable 10000/17001
Wavelength 1/5; Variable 11000/17001
Wavelength 1/5; Variable 12000/17001
Wavelength 1/5; Variable 13000/17001
Wavelength 1/5; Variable 14000/17001
Wavelength 1/5; Variable 15000/17001
Wavelength 1/5; Variable 16000/17001
Wavelength 1/5; Variable 17000/17001
Warning for adding constraints: zero or small (< 1e-13) coefficients, ignored
Wavelength 2/5; Variable 1000/17001
Wavelength 2/5; Variable 2000/17001
Wavelength 2/5; Variable 3000/17001
Wavelength 2/5; Variable 4000/17001
Wavelength 2/5; Variable 5000/17001
Wavelength 2/5; Variable 6000/17001
Wavelength 2/5; Variable 7000/17001
Wavelength 2/5; Variable 8000/17001
Wavelength 2/5; Variable 9000/17001
Wavelength 2/5; Variable 10000/17001
Wavelength 2/5; Variable 11000/17001
Wavelength 2/5; Variable 12000/17001
Wavelength 2/5; Variable 13000/17001
Wavelength 2/5; Variable 14000/17001
Wavelength 2/5; Variable 15000/17001
Wavelength 2/5; Variable 16000/17001
Wavelength 2/5; Variable 17000/17001
Wavelength 3/5; Variable 1000/17001
Wavelength 3/5; Variable 2000/17001
Wavelength 3/5; Variable 3000/17001
Wavelength 3/5; Variable 4000/17001
Wavelength 3/5; Variable 5000/17001
Wavelength 3/5; Variable 6000/17001
Wavelength 3/5; Variable 7000/17001
Wavelength 3/5; Variable 8000/17001
Wavelength 3/5; Variable 9000/17001
Wavelength 3/5; Variable 10000/17001
Wavelength 3/5; Variable 11000/17001
Wavelength 3/5; Variable 12000/17001
Wavelength 3/5; Variable 13000/17001
Wavelength 3/5; Variable 14000/17001
Wavelength 3/5; Variable 15000/17001
Wavelength 3/5; Variable 16000/17001
Wavelength 3/5; Variable 17000/17001
Wavelength 4/5; Variable 1000/17001
Wavelength 4/5; Variable 2000/17001
Wavelength 4/5; Variable 3000/17001
Wavelength 4/5; Variable 4000/17001
Wavelength 4/5; Variable 5000/17001
Wavelength 4/5; Variable 6000/17001
Wavelength 4/5; Variable 7000/17001
Wavelength 4/5; Variable 8000/17001
Wavelength 4/5; Variable 9000/17001
Wavelength 4/5; Variable 10000/17001
Wavelength 4/5; Variable 11000/17001
Wavelength 4/5; Variable 12000/17001
Wavelength 4/5; Variable 13000/17001
Wavelength 4/5; Variable 14000/17001
Wavelength 4/5; Variable 15000/17001
Wavelength 4/5; Variable 16000/17001
Wavelength 4/5; Variable 17000/17001
Wavelength 5/5; Variable 1000/17001
Wavelength 5/5; Variable 2000/17001
Wavelength 5/5; Variable 3000/17001
Wavelength 5/5; Variable 4000/17001
Wavelength 5/5; Variable 5000/17001
Wavelength 5/5; Variable 6000/17001
Wavelength 5/5; Variable 7000/17001
Wavelength 5/5; Variable 8000/17001
Wavelength 5/5; Variable 9000/17001
Wavelength 5/5; Variable 10000/17001
Wavelength 5/5; Variable 11000/17001
Wavelength 5/5; Variable 12000/17001
Wavelength 5/5; Variable 13000/17001
Wavelength 5/5; Variable 14000/17001
Wavelength 5/5; Variable 15000/17001
Wavelength 5/5; Variable 16000/17001
Wavelength 5/5; Variable 17000/17001
Start optimization...
Optimize a model with 8280 rows, 17001 columns and 140768268 nonzeros
Coefficient statistics:
  Matrix range     [1e-13, 2e-05]
  Objective range  [2e-02, 1e+00]
  Bounds range     [1e+00, 1e+00]
  RHS range        [6e-09, 7e-03]
Presolve removed 0 rows and 0 columns (presolve time = 7s) ...
Presolve removed 0 rows and 0 columns (presolve time = 12s) ...
Presolve removed 0 rows and 0 columns (presolve time = 26s) ...
Presolve removed 4140 rows and 0 columns
Presolve time: 28.82s
Presolved: 4140 rows, 21141 columns, 70388228 nonzeros
Ordering time: 0.00s

Barrier statistics:
 AA' NZ     : 8.568e+06
 Factor NZ  : 8.572e+06 (roughly 80 MBytes of memory)
 Factor Ops : 2.366e+10 (roughly 1 second per iteration)
 Threads    : 24

                  Objective                Residual
Iter       Primal          Dual         Primal    Dual     Compl     Time
   0   5.05336617e+07  4.59773907e+04  4.17e+01 0.00e+00  7.37e+03    36s
   1   1.74408658e+04  4.59667221e+04  7.38e-03 8.00e-11  2.19e+00    38s
   2   1.36780124e+04  2.82908841e+04  4.16e-03 8.13e-09  9.03e-01    41s
   3   1.10990347e+04  1.69702973e+04  1.87e-03 2.39e-08  3.00e-01    43s
   4   1.04363251e+04  1.37478451e+04  1.20e-03 3.55e-08  1.65e-01    46s
   5   1.00094783e+04  1.10352792e+04  7.93e-04 4.39e-08  7.34e-02    48s
   6   9.95439741e+03  1.03572556e+04  7.44e-04 8.51e-08  5.78e-02    51s
   7   9.87608163e+03  1.02889941e+04  6.75e-04 8.20e-08  5.41e-02    53s
   8   9.85872053e+03  1.01759265e+04  6.61e-04 1.30e-07  5.22e-02    54s
   9   9.80329128e+03  9.77252575e+03  6.18e-04 1.75e-07  4.74e-02    57s
  10   9.72529865e+03  9.09012064e+03  5.81e-04 2.49e-07  4.32e-02    59s
  11   9.67946937e+03  8.24317194e+03  5.65e-04 4.20e-07  4.03e-02    61s
  12   9.52471182e+03  7.60853953e+03  5.32e-04 7.24e-07  3.80e-02    63s
  13   9.30778036e+03  6.77333672e+03  5.03e-04 1.39e-06  3.49e-02    65s
  14   8.96488492e+03  6.09110079e+03  4.64e-04 7.83e-07  3.21e-02    67s
  15   8.76658398e+03  5.64352006e+03  4.44e-04 1.02e-06  3.06e-02    70s
  16   8.62252831e+03  5.15940320e+03  4.31e-04 1.11e-06  2.86e-02    71s
  17   8.40744023e+03  4.69067658e+03  4.12e-04 1.15e-06  2.63e-02    74s
  18   8.11329521e+03  4.64723587e+03  3.88e-04 1.13e-06  2.60e-02    76s
  19   7.59993003e+03  4.37180428e+03  3.46e-04 1.56e-06  2.37e-02    79s
  20   7.14703328e+03  4.09698921e+03  3.10e-04 1.17e-06  2.10e-02    81s
  21   7.00712368e+03  4.02375384e+03  2.99e-04 1.52e-06  2.00e-02    83s
  22   6.93326728e+03  3.98441043e+03  2.93e-04 1.44e-06  1.96e-02    85s
  23   6.82189170e+03  3.94016112e+03  2.84e-04 1.37e-06  1.90e-02    87s
  24   6.72560482e+03  3.88350736e+03  2.76e-04 2.94e-06  1.83e-02    89s
  25   6.59934483e+03  3.77127360e+03  2.66e-04 3.22e-06  1.70e-02    91s
  26   6.37739121e+03  3.67239591e+03  2.49e-04 3.70e-06  1.57e-02    93s
  27   6.13371414e+03  3.58273719e+03  2.30e-04 7.75e-06  1.46e-02    95s
  28   6.03463287e+03  3.52640515e+03  2.22e-04 4.77e-06  1.40e-02    97s
  29   5.93688210e+03  3.40388346e+03  2.15e-04 3.99e-06  1.33e-02    99s
  30   5.86691760e+03  3.26843505e+03  2.10e-04 9.89e-06  1.26e-02   102s
  31   5.78548731e+03  3.16932603e+03  2.04e-04 6.26e-06  1.23e-02   104s
  32   5.71216360e+03  3.05320913e+03  1.98e-04 5.60e-06  1.19e-02   107s
  33   5.66861694e+03  2.98510420e+03  1.95e-04 7.03e-06  1.17e-02   109s
  34   5.63024121e+03  2.93043400e+03  1.93e-04 7.21e-06  1.15e-02   111s
  35   5.05263175e+11  4.59773907e+04  4.17e+05 0.00e+00  7.37e+07   115s
  36   5.22556635e+05  8.06483930e+04  4.24e-01 8.73e-11  1.44e+02   117s
  37   1.30529588e+04  7.86516910e+04  4.22e-03 9.60e-10  3.06e+00   119s
  38   1.07991517e+04  3.23433496e+04  2.14e-03 2.28e-08  8.61e-01   121s
  39   9.83966204e+03  2.30549155e+04  1.10e-03 3.84e-08  4.49e-01   124s
  40   9.60748935e+03  1.26629196e+04  7.99e-04 7.02e-08  1.33e-01   126s
  41   9.54112176e+03  1.13473153e+04  7.05e-04 9.25e-08  9.56e-02   128s
  42   9.51341973e+03  1.10609094e+04  6.66e-04 1.12e-07  9.00e-02   130s
  43   9.44942000e+03  1.04809263e+04  5.96e-04 3.25e-07  8.10e-02   132s
  44   9.36797144e+03  9.96367105e+03  5.52e-04 3.05e-07  7.41e-02   134s
  45   9.22269453e+03  8.77064343e+03  5.14e-04 5.93e-07  6.50e-02   136s
  46   9.08797671e+03  8.34009665e+03  5.02e-04 5.70e-07  6.34e-02   139s
  47   8.92401261e+03  7.62001255e+03  4.77e-04 6.60e-07  5.90e-02   141s
  48   8.45514759e+03  6.76967256e+03  4.33e-04 9.77e-07  5.84e-02   143s
  49   7.65821935e+03  5.68410469e+03  3.60e-04 1.36e-06  5.04e-02   146s
  50   7.11207745e+03  5.14168819e+03  3.13e-04 2.82e-06  4.47e-02   149s
  51   6.98399433e+03  5.03809403e+03  3.03e-04 2.38e-06  4.26e-02   151s
  52   6.65902075e+03  4.66302823e+03  2.76e-04 2.84e-06  3.81e-02   153s
  53   6.54312242e+03  4.49209184e+03  2.67e-04 2.41e-06  3.57e-02   155s
  54   6.45698946e+03  4.41064756e+03  2.60e-04 2.37e-06  3.45e-02   156s
  55   6.39143216e+03  4.33444862e+03  2.55e-04 3.01e-06  3.35e-02   158s
  56   6.26757707e+03  4.20596469e+03  2.45e-04 4.37e-06  3.17e-02   160s
  57   6.10027605e+03  4.04914546e+03  2.32e-04 6.20e-06  3.06e-02   163s
  58   5.92698699e+03  3.86355016e+03  2.18e-04 4.53e-06  2.85e-02   165s
  59   5.84117019e+03  3.66751988e+03  2.12e-04 4.00e-06  2.72e-02   167s
  60   5.74904335e+03  3.53140042e+03  2.05e-04 4.56e-06  2.62e-02   169s
  61   5.71070832e+03  3.39118774e+03  2.02e-04 5.10e-06  2.55e-02   171s
  62   5.63728002e+03  3.14538418e+03  1.96e-04 4.86e-06  2.48e-02   173s
  63   5.57382562e+03  2.76987850e+03  1.92e-04 5.21e-06  2.42e-02   176s
  64   5.53919567e+03  2.62183098e+03  1.89e-04 4.80e-06  2.39e-02   178s
  65   5.47244918e+03  2.36145757e+03  1.84e-04 5.10e-06  2.31e-02   180s
  66   5.43117464e+03  1.62329508e+03  1.81e-04 5.45e-06  2.34e-02   182s
  67   5.40455638e+03  9.92150978e+02  1.79e-04 5.07e-06  2.36e-02   184s
  68   5.37516601e+03  2.50969355e+02  1.76e-04 6.73e-06  2.38e-02   186s
  69   5.34151949e+03 -6.33362852e+02  1.73e-04 7.51e-06  2.36e-02   188s
  70   5.31998282e+03 -2.74292632e+03  1.72e-04 7.96e-06  2.55e-02   191s
  71   5.29387910e+03 -4.43907343e+03  1.69e-04 1.01e-05  2.53e-02   193s
  72   5.27734544e+03 -8.00194414e+03  1.68e-04 1.19e-05  2.75e-02   195s
  73   5.26629160e+03 -1.26226107e+04  1.67e-04 2.06e-05  3.05e-02   198s
  74   5.25694351e+03 -1.63530822e+04  1.66e-04 2.71e-05  3.17e-02   200s
  75   5.24445802e+03 -2.20714002e+04  1.65e-04 3.50e-05  3.25e-02   202s
  76   5.23922110e+03 -3.12374507e+04  1.64e-04 4.45e-05  3.68e-02   204s
  77   5.23337184e+03 -3.94612509e+04  1.64e-04 4.65e-05  3.89e-02   206s
  78   5.23144584e+03 -5.04814088e+04  1.64e-04 5.05e-05  4.42e-02   208s
  79   5.22630489e+03 -5.97359234e+04  1.63e-04 7.34e-05  4.49e-02   211s
  80   5.22121999e+03 -8.62741795e+04  1.63e-04 9.60e-05  5.20e-02   213s
  81   5.21806072e+03 -1.16642472e+05  1.62e-04 1.10e-04  6.00e-02   215s
  82   5.21342581e+03 -1.75436755e+05  1.62e-04 1.74e-04  7.14e-02   217s
  83   5.21120533e+03 -2.37195226e+05  1.62e-04 2.18e-04  8.40e-02   219s
  84   5.20772917e+03 -3.32148501e+05  1.61e-04 3.77e-04  9.49e-02   221s
  85   5.20499874e+03 -4.61601897e+05  1.61e-04 4.57e-04  1.08e-01   223s
  86   5.20303168e+03 -7.01873681e+05  1.61e-04 7.01e-04  1.38e-01   226s
  87   5.20103383e+03 -9.42403975e+05  1.61e-04 8.85e-04  1.56e-01   228s
  88   5.19942636e+03 -1.43670233e+06  1.60e-04 1.86e-03  1.96e-01   230s
  89   5.19839462e+03 -2.09469454e+06  1.60e-04 1.97e-03  2.48e-01   232s
  90   5.19745256e+03 -3.19362855e+06  1.60e-04 4.02e-03  3.26e-01   235s
  91   5.19735366e+03 -3.87537708e+06  1.60e-04 3.57e-03  3.88e-01   239s
  92   5.19649822e+03 -4.92250908e+06  1.60e-04 4.58e-03  4.23e-01   242s
  93   5.19573014e+03 -6.67253160e+06  1.60e-04 6.00e-03  4.89e-01   246s
  94   5.19553260e+03 -8.57751001e+06  1.60e-04 9.54e-03  6.00e-01   249s
  95   5.19523541e+03 -1.11987333e+07  1.60e-04 1.41e-02  7.28e-01   253s

Barrier performed 95 iterations in 252.58 seconds
Numerical trouble encountered

Model may be infeasible or unbounded.  Consider using the
homogeneous algorithm (through parameter 'BarHomogeneous')

Optimization finished!
Traceback (most recent call last):
  File "/user/kstlaurent/git/progressive_refinement_coronagraphy/surveys/luvoir_BW10_small_N1000_telserv3/drivers/0_LUVOIR_N1000_FPM350M0150_IWA0340_OWA01200_C10_BW10_Nlam5_LS_IDD0120_OD0982_no_ls_struts.py", line 127, in <module>
    solver_method=solver_method)
  File "/user/kstlaurent/git/progressive_refinement_coronagraphy/surveys/luvoir_BW10_small_N1000_telserv3/drivers/por_aplc_optimizer.py", line 460, in optimize_aplc
    solution = np.array([x_vars[i].x for i in range(n)])
  File "/user/kstlaurent/git/progressive_refinement_coronagraphy/surveys/luvoir_BW10_small_N1000_telserv3/drivers/por_aplc_optimizer.py", line 460, in <listcomp>
    solution = np.array([x_vars[i].x for i in range(n)])
  File "var.pxi", line 76, in gurobipy.Var.__getattr__
  File "var.pxi", line 142, in gurobipy.Var.getAttr
AttributeError: b"Unable to retrieve attribute 'x'"
