
Gurobi 7.0.0 (linux64, Python) logging started Tue Mar 26 01:01:58 2019

Parameter Threads unchanged
   Value: 0  Min: 0  Max: 1024  Default: 0
Changed value of parameter Crossover to 0
   Prev: -1  Min: -1  Max: 5  Default: -1
Changed value of parameter Method to 2
   Prev: -1  Min: -1  Max: 4  Default: -1
Warning for adding constraints: zero or small (< 1e-13) coefficients, ignored

Gurobi 7.0.0 (linux64, Python) logging started Tue Mar 26 01:06:57 2019

Parameter Threads unchanged
   Value: 0  Min: 0  Max: 1024  Default: 0
Changed value of parameter Crossover to 0
   Prev: -1  Min: -1  Max: 5  Default: -1
Changed value of parameter Method to 2
   Prev: -1  Min: -1  Max: 4  Default: -1
Warning for adding constraints: zero or small (< 1e-13) coefficients, ignored

Gurobi 7.0.0 (linux64, Python) logging started Tue Mar 26 01:28:05 2019

Parameter Threads unchanged
   Value: 0  Min: 0  Max: 1024  Default: 0
Changed value of parameter Crossover to 0
   Prev: -1  Min: -1  Max: 5  Default: -1
Changed value of parameter Method to 2
   Prev: -1  Min: -1  Max: 4  Default: -1
Warning for adding constraints: zero or small (< 1e-13) coefficients, ignored
Optimize a model with 640 rows, 9996 columns and 0 nonzeros
Coefficient statistics:
  Matrix range     [0e+00, 0e+00]
  Objective range  [8e-03, 1e+00]
  Bounds range     [1e+00, 1e+00]
  RHS range        [1e-04, 1e-04]
Presolve removed 640 rows and 9996 columns
Presolve time: 0.00s
Presolve: All rows and columns removed

Barrier solved model in 0 iterations and 0.00 seconds
Optimal objective 5.80469531e+03

Gurobi 7.0.0 (linux64, Python) logging started Tue Mar 26 01:44:47 2019

Parameter Threads unchanged
   Value: 0  Min: 0  Max: 1024  Default: 0
Changed value of parameter Crossover to 0
   Prev: -1  Min: -1  Max: 5  Default: -1
Changed value of parameter Method to 2
   Prev: -1  Min: -1  Max: 4  Default: -1
Warning for adding constraints: zero or small (< 1e-13) coefficients, ignored
Optimize a model with 640 rows, 9996 columns and 6397424 nonzeros
Coefficient statistics:
  Matrix range     [1e-13, 6e-05]
  Objective range  [8e-03, 1e+00]
  Bounds range     [1e+00, 1e+00]
  RHS range        [1e-04, 1e-04]
Presolve removed 320 rows and 0 columns
Presolve time: 1.06s
Presolved: 320 rows, 10316 columns, 3198977 nonzeros
Ordering time: 0.00s

Barrier statistics:
 AA' NZ     : 5.104e+04
 Factor NZ  : 5.136e+04 (roughly 5 MBytes of memory)
 Factor Ops : 1.097e+07 (less than 1 second per iteration)
 Threads    : 4

                  Objective                Residual
Iter       Primal          Dual         Primal    Dual     Compl     Time
   0   5.90426412e+06  2.96146554e+04  8.69e+00 0.00e+00  3.69e+03     1s
   1   4.71210529e+03  2.95822587e+04  2.16e-03 4.37e-11  2.19e+00     1s
   2   3.74925247e+03  8.19043099e+03  3.22e-05 5.09e-11  2.23e-01     1s
   3   5.17923545e+03  5.76173816e+03  1.47e-06 6.91e-11  2.84e-02     1s
   4   5.34479461e+03  5.54522893e+03  3.06e-07 4.37e-11  9.74e-03     1s
   5   5.38313825e+03  5.47898720e+03  1.40e-07 4.73e-11  4.66e-03     2s
   6   5.40139827e+03  5.44913393e+03  7.12e-08 4.39e-11  2.32e-03     2s
   7   5.41491767e+03  5.42943167e+03  2.51e-08 5.46e-11  7.05e-04     2s
   8   5.42004324e+03  5.42511451e+03  8.85e-09 6.18e-11  2.46e-04     2s
   9   5.42215688e+03  5.42385603e+03  2.77e-09 4.37e-11  8.26e-05     2s
  10   5.42278729e+03  5.42348769e+03  1.07e-09 3.64e-11  3.40e-05     2s
  11   5.42306379e+03  5.42336683e+03  3.37e-10 4.73e-11  1.47e-05     2s
  12   5.42316302e+03  5.42326695e+03  8.48e-11 5.46e-11  5.04e-06     2s
  13   5.42319185e+03  5.42322184e+03  1.69e-11 4.00e-11  1.45e-06     2s
  14   5.42319767e+03  5.42320536e+03  4.87e-12 6.55e-11  3.73e-07     2s
  15   5.42319893e+03  5.42320162e+03  2.47e-12 4.73e-11  1.30e-07     2s
  16   5.42320007e+03  5.42320092e+03  4.49e-13 4.37e-11  4.13e-08     2s
  17   5.42320032e+03  5.42320041e+03  1.48e-15 4.73e-11  4.18e-09     2s
  18   5.42320034e+03  5.42320034e+03  5.17e-16 6.55e-11  7.38e-11     2s

Barrier solved model in 18 iterations and 2.08 seconds
Optimal objective 5.42320034e+03


Gurobi 7.0.0 (linux64, Python) logging started Tue Mar 26 01:46:25 2019

Parameter Threads unchanged
   Value: 0  Min: 0  Max: 1024  Default: 0
Changed value of parameter Crossover to 0
   Prev: -1  Min: -1  Max: 5  Default: -1
Changed value of parameter Method to 2
   Prev: -1  Min: -1  Max: 4  Default: -1
Warning for adding constraints: zero or small (< 1e-13) coefficients, ignored
Optimize a model with 640 rows, 9996 columns and 6397424 nonzeros
Coefficient statistics:
  Matrix range     [1e-13, 6e-05]
  Objective range  [8e-03, 1e+00]
  Bounds range     [1e+00, 1e+00]
  RHS range        [1e-04, 1e-04]
Presolve removed 320 rows and 0 columns
Presolve time: 1.06s
Presolved: 320 rows, 10316 columns, 3198977 nonzeros
Ordering time: 0.00s

Barrier statistics:
 AA' NZ     : 5.104e+04
 Factor NZ  : 5.136e+04 (roughly 5 MBytes of memory)
 Factor Ops : 1.097e+07 (less than 1 second per iteration)
 Threads    : 4

                  Objective                Residual
Iter       Primal          Dual         Primal    Dual     Compl     Time
   0   5.90426412e+06  2.96146554e+04  8.69e+00 0.00e+00  3.69e+03     1s
   1   4.71210529e+03  2.95822587e+04  2.16e-03 4.37e-11  2.19e+00     1s
   2   3.74925247e+03  8.19043099e+03  3.22e-05 5.09e-11  2.23e-01     1s
   3   5.17923545e+03  5.76173816e+03  1.47e-06 6.91e-11  2.84e-02     1s
   4   5.34479461e+03  5.54522893e+03  3.06e-07 4.37e-11  9.74e-03     1s
   5   5.38313825e+03  5.47898720e+03  1.40e-07 4.73e-11  4.66e-03     1s
   6   5.40139827e+03  5.44913393e+03  7.12e-08 4.39e-11  2.32e-03     2s
   7   5.41491767e+03  5.42943167e+03  2.51e-08 5.46e-11  7.05e-04     2s
   8   5.42004324e+03  5.42511451e+03  8.85e-09 6.18e-11  2.46e-04     2s
   9   5.42215688e+03  5.42385603e+03  2.77e-09 4.37e-11  8.26e-05     2s
  10   5.42278729e+03  5.42348769e+03  1.07e-09 3.64e-11  3.40e-05     2s
  11   5.42306379e+03  5.42336683e+03  3.37e-10 4.73e-11  1.47e-05     2s
  12   5.42316302e+03  5.42326695e+03  8.48e-11 5.46e-11  5.04e-06     2s
  13   5.42319185e+03  5.42322184e+03  1.69e-11 4.00e-11  1.45e-06     2s
  14   5.42319767e+03  5.42320536e+03  4.87e-12 6.55e-11  3.73e-07     2s
  15   5.42319893e+03  5.42320162e+03  2.47e-12 4.73e-11  1.30e-07     2s
  16   5.42320007e+03  5.42320092e+03  4.49e-13 4.37e-11  4.13e-08     2s
  17   5.42320032e+03  5.42320041e+03  1.48e-15 4.73e-11  4.18e-09     2s
  18   5.42320034e+03  5.42320034e+03  5.17e-16 6.55e-11  7.38e-11     2s

Barrier solved model in 18 iterations and 2.03 seconds
Optimal objective 5.42320034e+03


Gurobi 7.0.0 (linux64, Python) logging started Tue Mar 26 01:50:39 2019

Parameter Threads unchanged
   Value: 0  Min: 0  Max: 1024  Default: 0
Changed value of parameter Crossover to 0
   Prev: -1  Min: -1  Max: 5  Default: -1
Changed value of parameter Method to 2
   Prev: -1  Min: -1  Max: 4  Default: -1
Warning for adding constraints: zero or small (< 1e-13) coefficients, ignored
Optimize a model with 640 rows, 9996 columns and 6397424 nonzeros
Coefficient statistics:
  Matrix range     [1e-13, 6e-05]
  Objective range  [8e-03, 1e+00]
  Bounds range     [1e+00, 1e+00]
  RHS range        [1e-04, 1e-04]
Presolve removed 320 rows and 0 columns
Presolve time: 1.07s
Presolved: 320 rows, 10316 columns, 3198977 nonzeros
Ordering time: 0.00s

Barrier statistics:
 AA' NZ     : 5.104e+04
 Factor NZ  : 5.136e+04 (roughly 5 MBytes of memory)
 Factor Ops : 1.097e+07 (less than 1 second per iteration)
 Threads    : 4

                  Objective                Residual
Iter       Primal          Dual         Primal    Dual     Compl     Time
   0   5.90426412e+06  2.96146554e+04  8.69e+00 0.00e+00  3.69e+03     1s
   1   4.71210529e+03  2.95822587e+04  2.16e-03 4.37e-11  2.19e+00     1s
   2   3.74925247e+03  8.19043099e+03  3.22e-05 5.09e-11  2.23e-01     1s
   3   5.17923545e+03  5.76173816e+03  1.47e-06 6.91e-11  2.84e-02     1s
   4   5.34479461e+03  5.54522893e+03  3.06e-07 4.37e-11  9.74e-03     1s
   5   5.38313825e+03  5.47898720e+03  1.40e-07 4.73e-11  4.66e-03     1s
   6   5.40139827e+03  5.44913393e+03  7.12e-08 4.39e-11  2.32e-03     2s
   7   5.41491767e+03  5.42943167e+03  2.51e-08 5.46e-11  7.05e-04     2s
   8   5.42004324e+03  5.42511451e+03  8.85e-09 6.18e-11  2.46e-04     2s
   9   5.42215688e+03  5.42385603e+03  2.77e-09 4.37e-11  8.26e-05     2s
  10   5.42278729e+03  5.42348769e+03  1.07e-09 3.64e-11  3.40e-05     2s
  11   5.42306379e+03  5.42336683e+03  3.37e-10 4.73e-11  1.47e-05     2s
  12   5.42316302e+03  5.42326695e+03  8.48e-11 5.46e-11  5.04e-06     2s
  13   5.42319185e+03  5.42322184e+03  1.69e-11 4.00e-11  1.45e-06     2s
  14   5.42319767e+03  5.42320536e+03  4.87e-12 6.55e-11  3.73e-07     2s
  15   5.42319893e+03  5.42320162e+03  2.47e-12 4.73e-11  1.30e-07     2s
  16   5.42320007e+03  5.42320092e+03  4.49e-13 4.37e-11  4.13e-08     2s
  17   5.42320032e+03  5.42320041e+03  1.48e-15 4.73e-11  4.18e-09     2s
  18   5.42320034e+03  5.42320034e+03  5.17e-16 6.55e-11  7.38e-11     2s

Barrier solved model in 18 iterations and 2.02 seconds
Optimal objective 5.42320034e+03


Gurobi 7.0.0 (linux64, Python) logging started Tue Mar 26 01:52:40 2019

Parameter Threads unchanged
   Value: 0  Min: 0  Max: 1024  Default: 0
Changed value of parameter Crossover to 0
   Prev: -1  Min: -1  Max: 5  Default: -1
Changed value of parameter Method to 2
   Prev: -1  Min: -1  Max: 4  Default: -1
Warning for adding constraints: zero or small (< 1e-13) coefficients, ignored
Optimize a model with 640 rows, 9996 columns and 6397424 nonzeros
Coefficient statistics:
  Matrix range     [1e-13, 6e-05]
  Objective range  [8e-03, 1e+00]
  Bounds range     [1e+00, 1e+00]
  RHS range        [1e-04, 1e-04]
Presolve removed 320 rows and 0 columns
Presolve time: 1.06s
Presolved: 320 rows, 10316 columns, 3198977 nonzeros
Ordering time: 0.00s

Barrier statistics:
 AA' NZ     : 5.104e+04
 Factor NZ  : 5.136e+04 (roughly 5 MBytes of memory)
 Factor Ops : 1.097e+07 (less than 1 second per iteration)
 Threads    : 4

                  Objective                Residual
Iter       Primal          Dual         Primal    Dual     Compl     Time
   0   5.90426412e+06  2.96146554e+04  8.69e+00 0.00e+00  3.69e+03     1s
   1   4.71210529e+03  2.95822587e+04  2.16e-03 4.37e-11  2.19e+00     1s
   2   3.74925247e+03  8.19043099e+03  3.22e-05 5.09e-11  2.23e-01     1s
   3   5.17923545e+03  5.76173816e+03  1.47e-06 6.91e-11  2.84e-02     1s
   4   5.34479461e+03  5.54522893e+03  3.06e-07 4.37e-11  9.74e-03     1s
   5   5.38313825e+03  5.47898720e+03  1.40e-07 4.73e-11  4.66e-03     1s
   6   5.40139827e+03  5.44913393e+03  7.12e-08 4.39e-11  2.32e-03     2s
   7   5.41491767e+03  5.42943167e+03  2.51e-08 5.46e-11  7.05e-04     2s
   8   5.42004324e+03  5.42511451e+03  8.85e-09 6.18e-11  2.46e-04     2s
   9   5.42215688e+03  5.42385603e+03  2.77e-09 4.37e-11  8.26e-05     2s
  10   5.42278729e+03  5.42348769e+03  1.07e-09 3.64e-11  3.40e-05     2s
  11   5.42306379e+03  5.42336683e+03  3.37e-10 4.73e-11  1.47e-05     2s
  12   5.42316302e+03  5.42326695e+03  8.48e-11 5.46e-11  5.04e-06     2s
  13   5.42319185e+03  5.42322184e+03  1.69e-11 4.00e-11  1.45e-06     2s
  14   5.42319767e+03  5.42320536e+03  4.87e-12 6.55e-11  3.73e-07     2s
  15   5.42319893e+03  5.42320162e+03  2.47e-12 4.73e-11  1.30e-07     2s
  16   5.42320007e+03  5.42320092e+03  4.49e-13 4.37e-11  4.13e-08     2s
  17   5.42320032e+03  5.42320041e+03  1.48e-15 4.73e-11  4.18e-09     2s
  18   5.42320034e+03  5.42320034e+03  5.17e-16 6.55e-11  7.38e-11     2s

Barrier solved model in 18 iterations and 2.02 seconds
Optimal objective 5.42320034e+03


Gurobi 7.0.0 (linux64, Python) logging started Tue Mar 26 02:43:53 2019

Parameter Threads unchanged
   Value: 0  Min: 0  Max: 1024  Default: 0
Changed value of parameter Crossover to 0
   Prev: -1  Min: -1  Max: 5  Default: -1
Changed value of parameter Method to 2
   Prev: -1  Min: -1  Max: 4  Default: -1
Warning for adding constraints: zero or small (< 1e-13) coefficients, ignored
Optimize a model with 640 rows, 9996 columns and 6397424 nonzeros
Coefficient statistics:
  Matrix range     [1e-13, 6e-05]
  Objective range  [8e-03, 1e+00]
  Bounds range     [1e+00, 1e+00]
  RHS range        [1e-04, 1e-04]
Presolve removed 320 rows and 0 columns
Presolve time: 1.06s
Presolved: 320 rows, 10316 columns, 3198977 nonzeros
Ordering time: 0.00s

Barrier statistics:
 AA' NZ     : 5.104e+04
 Factor NZ  : 5.136e+04 (roughly 5 MBytes of memory)
 Factor Ops : 1.097e+07 (less than 1 second per iteration)
 Threads    : 4

                  Objective                Residual
Iter       Primal          Dual         Primal    Dual     Compl     Time
   0   5.90426412e+06  2.96146554e+04  8.69e+00 0.00e+00  3.69e+03     1s
   1   4.71210529e+03  2.95822587e+04  2.16e-03 4.37e-11  2.19e+00     1s
   2   3.74925247e+03  8.19043099e+03  3.22e-05 5.09e-11  2.23e-01     1s
   3   5.17923545e+03  5.76173816e+03  1.47e-06 6.91e-11  2.84e-02     1s
   4   5.34479461e+03  5.54522893e+03  3.06e-07 4.37e-11  9.74e-03     1s
   5   5.38313825e+03  5.47898720e+03  1.40e-07 4.73e-11  4.66e-03     1s
   6   5.40139827e+03  5.44913393e+03  7.12e-08 4.39e-11  2.32e-03     2s
   7   5.41491767e+03  5.42943167e+03  2.51e-08 5.46e-11  7.05e-04     2s
   8   5.42004324e+03  5.42511451e+03  8.85e-09 6.18e-11  2.46e-04     2s
   9   5.42215688e+03  5.42385603e+03  2.77e-09 4.37e-11  8.26e-05     2s
  10   5.42278729e+03  5.42348769e+03  1.07e-09 3.64e-11  3.40e-05     2s
  11   5.42306379e+03  5.42336683e+03  3.37e-10 4.73e-11  1.47e-05     2s
  12   5.42316302e+03  5.42326695e+03  8.48e-11 5.46e-11  5.04e-06     2s
  13   5.42319185e+03  5.42322184e+03  1.69e-11 4.00e-11  1.45e-06     2s
  14   5.42319767e+03  5.42320536e+03  4.87e-12 6.55e-11  3.73e-07     2s
  15   5.42319893e+03  5.42320162e+03  2.47e-12 4.73e-11  1.30e-07     2s
  16   5.42320007e+03  5.42320092e+03  4.49e-13 4.37e-11  4.13e-08     2s
  17   5.42320032e+03  5.42320041e+03  1.48e-15 4.73e-11  4.18e-09     2s
  18   5.42320034e+03  5.42320034e+03  5.17e-16 6.55e-11  7.38e-11     2s

Barrier solved model in 18 iterations and 2.04 seconds
Optimal objective 5.42320034e+03


Gurobi 7.0.0 (linux64, Python) logging started Tue Mar 26 03:13:08 2019

Parameter Threads unchanged
   Value: 0  Min: 0  Max: 1024  Default: 0
Changed value of parameter Crossover to 0
   Prev: -1  Min: -1  Max: 5  Default: -1
Changed value of parameter Method to 2
   Prev: -1  Min: -1  Max: 4  Default: -1
Warning for adding constraints: zero or small (< 1e-13) coefficients, ignored
Optimize a model with 640 rows, 9996 columns and 6397424 nonzeros
Coefficient statistics:
  Matrix range     [1e-13, 6e-05]
  Objective range  [8e-03, 1e+00]
  Bounds range     [1e+00, 1e+00]
  RHS range        [1e-04, 1e-04]
Presolve removed 320 rows and 0 columns
Presolve time: 1.03s
Presolved: 320 rows, 10316 columns, 3198977 nonzeros
Ordering time: 0.00s

Barrier statistics:
 AA' NZ     : 5.104e+04
 Factor NZ  : 5.136e+04 (roughly 5 MBytes of memory)
 Factor Ops : 1.097e+07 (less than 1 second per iteration)
 Threads    : 4

                  Objective                Residual
Iter       Primal          Dual         Primal    Dual     Compl     Time
   0   5.90426412e+06  2.96146554e+04  8.69e+00 0.00e+00  3.69e+03     1s
   1   4.71210529e+03  2.95822587e+04  2.16e-03 4.37e-11  2.19e+00     1s
   2   3.74925247e+03  8.19043099e+03  3.22e-05 5.09e-11  2.23e-01     1s
   3   5.17923545e+03  5.76173816e+03  1.47e-06 6.91e-11  2.84e-02     1s
   4   5.34479461e+03  5.54522893e+03  3.06e-07 4.37e-11  9.74e-03     1s
   5   5.38313825e+03  5.47898720e+03  1.40e-07 4.73e-11  4.66e-03     1s
   6   5.40139827e+03  5.44913393e+03  7.12e-08 4.39e-11  2.32e-03     2s
   7   5.41491767e+03  5.42943167e+03  2.51e-08 5.46e-11  7.05e-04     2s
   8   5.42004324e+03  5.42511451e+03  8.85e-09 6.18e-11  2.46e-04     2s
   9   5.42215688e+03  5.42385603e+03  2.77e-09 4.37e-11  8.26e-05     2s
  10   5.42278729e+03  5.42348769e+03  1.07e-09 3.64e-11  3.40e-05     2s
  11   5.42306379e+03  5.42336683e+03  3.37e-10 4.73e-11  1.47e-05     2s
  12   5.42316302e+03  5.42326695e+03  8.48e-11 5.46e-11  5.04e-06     2s
  13   5.42319185e+03  5.42322184e+03  1.69e-11 4.00e-11  1.45e-06     2s
  14   5.42319767e+03  5.42320536e+03  4.87e-12 6.55e-11  3.73e-07     2s
  15   5.42319893e+03  5.42320162e+03  2.47e-12 4.73e-11  1.30e-07     2s
  16   5.42320007e+03  5.42320092e+03  4.49e-13 4.37e-11  4.13e-08     2s
  17   5.42320032e+03  5.42320041e+03  1.48e-15 4.73e-11  4.18e-09     2s
  18   5.42320034e+03  5.42320034e+03  5.17e-16 6.55e-11  7.38e-11     2s

Barrier solved model in 18 iterations and 2.14 seconds
Optimal objective 5.42320034e+03


Gurobi 7.0.0 (linux64, Python) logging started Tue Mar 26 03:17:27 2019

Parameter Threads unchanged
   Value: 0  Min: 0  Max: 1024  Default: 0
Changed value of parameter Crossover to 0
   Prev: -1  Min: -1  Max: 5  Default: -1
Changed value of parameter Method to 2
   Prev: -1  Min: -1  Max: 4  Default: -1
Warning for adding constraints: zero or small (< 1e-13) coefficients, ignored
Optimize a model with 1280 rows, 39984 columns and 51179360 nonzeros
Coefficient statistics:
  Matrix range     [1e-13, 2e-05]
  Objective range  [8e-03, 1e+00]
  Bounds range     [1e+00, 1e+00]
  RHS range        [1e-04, 1e-04]
Presolve removed 0 rows and 19992 columns (presolve time = 7s) ...
Presolve removed 640 rows and 19992 columns
Presolve time: 7.31s
Presolved: 640 rows, 20632 columns, 12795400 nonzeros
Ordering time: 0.00s

Barrier statistics:
 AA' NZ     : 2.045e+05
 Factor NZ  : 2.051e+05 (roughly 10 MBytes of memory)
 Factor Ops : 8.759e+07 (less than 1 second per iteration)
 Threads    : 4

                  Objective                Residual
Iter       Primal          Dual         Primal    Dual     Compl     Time
   0   4.31003510e+07  7.24810672e+04  1.23e+01 0.00e+00  7.37e+03     8s
   1   2.30837954e+04  7.24331296e+04  2.53e-03 8.73e-11  2.93e+00     8s
   2   1.77378889e+04  2.71248255e+04  1.64e-04 1.83e-09  2.96e-01     9s
   3   2.07691839e+04  2.30568683e+04  2.32e-05 2.62e-09  6.35e-02     9s
   4   2.14122690e+04  2.20512875e+04  4.61e-06 2.04e-10  1.66e-02     9s
   5   2.15749363e+04  2.17600735e+04  1.68e-06 2.47e-10  4.82e-03     9s
   6   2.16458506e+04  2.17140338e+04  6.14e-07 3.64e-10  1.77e-03    10s
   7   2.16681830e+04  2.17006649e+04  3.14e-07 4.07e-10  8.45e-04    10s
   8   2.16827485e+04  2.16955893e+04  1.25e-07 2.33e-10  3.34e-04    10s
   9   2.16887871e+04  2.16939720e+04  4.85e-08 2.76e-10  1.34e-04    10s
  10   2.16912447e+04  2.16933288e+04  1.86e-08 2.62e-10  5.39e-05    11s
  11   2.16924760e+04  2.16929938e+04  3.76e-09 2.91e-10  1.32e-05    11s
  12   2.16926484e+04  2.16929086e+04  1.66e-09 3.49e-10  6.61e-06    11s
  13   2.16927125e+04  2.16928529e+04  9.44e-10 2.76e-10  3.57e-06    11s
  14   2.16927805e+04  2.16928295e+04  2.06e-10 1.89e-10  1.22e-06    11s
  15   2.16927934e+04  2.16928125e+04  7.52e-11 4.07e-10  4.75e-07    12s
  16   2.16928002e+04  2.16928048e+04  8.44e-12 2.91e-10  1.13e-07    12s
  17   2.16928010e+04  2.16928039e+04  2.40e-12 2.40e-10  6.92e-08    12s
  18   2.16928014e+04  2.16928014e+04  1.72e-14 2.47e-10  1.24e-09    12s

Barrier solved model in 18 iterations and 12.33 seconds
Optimal objective 2.16928014e+04


Gurobi 7.0.0 (linux64, Python) logging started Tue Mar 26 03:42:41 2019

Parameter Threads unchanged
   Value: 0  Min: 0  Max: 1024  Default: 0
Changed value of parameter Crossover to 0
   Prev: -1  Min: -1  Max: 5  Default: -1
Changed value of parameter Method to 2
   Prev: -1  Min: -1  Max: 4  Default: -1
Warning for adding constraints: zero or small (< 1e-13) coefficients, ignored
Optimize a model with 640 rows, 38945 columns and 24924602 nonzeros
Coefficient statistics:
  Matrix range     [1e-13, 2e-05]
  Objective range  [5e-02, 1e+00]
  Bounds range     [1e+00, 1e+00]
  RHS range        [1e-04, 1e-04]
Presolve removed 320 rows and 0 columns
Presolve time: 4.07s
Presolved: 320 rows, 39265 columns, 12462506 nonzeros
Ordering time: 0.00s

Barrier statistics:
 AA' NZ     : 5.104e+04
 Factor NZ  : 5.136e+04 (roughly 16 MBytes of memory)
 Factor Ops : 1.097e+07 (less than 1 second per iteration)
 Threads    : 4

                  Objective                Residual
Iter       Primal          Dual         Primal    Dual     Compl     Time
   0   9.07149246e+07  4.41849052e+05  3.05e+01 0.00e+00  5.90e+04     5s
   1   1.70388185e+04  4.41659122e+05  1.72e-03 6.98e-10  8.80e+00     5s
   2   1.24339826e+04  6.17542522e+04  2.44e-05 6.98e-10  6.50e-01     5s
   3   1.84974432e+04  2.42553262e+04  2.68e-17 7.57e-10  7.33e-02     5s
   4   2.01287487e+04  2.26287657e+04  3.09e-17 2.33e-10  3.18e-02     6s
   5   2.08215793e+04  2.22501915e+04  3.81e-17 2.18e-10  1.82e-02     6s
   6   2.10925617e+04  2.20466492e+04  2.78e-17 1.60e-10  1.21e-02     6s
   7   2.14475658e+04  2.19374009e+04  3.03e-17 2.18e-10  6.24e-03     6s
   8   2.15887403e+04  2.18373973e+04  3.99e-17 2.04e-10  3.17e-03     7s
   9   2.16577092e+04  2.17987147e+04  3.70e-17 1.89e-10  1.80e-03     7s
  10   2.16932695e+04  2.17795700e+04  2.79e-17 1.89e-10  1.10e-03     7s
  11   2.17083692e+04  2.17685176e+04  3.09e-17 2.04e-10  7.66e-04     7s
  12   2.17320209e+04  2.17596761e+04  4.17e-17 2.62e-10  3.52e-04     7s
  13   2.17443294e+04  2.17556908e+04  3.85e-17 2.18e-10  1.45e-04     7s
  14   2.17496730e+04  2.17546028e+04  3.57e-17 2.33e-10  6.28e-05     8s
  15   2.17520797e+04  2.17542356e+04  2.90e-17 2.04e-10  2.75e-05     8s
  16   2.17529233e+04  2.17540050e+04  2.54e-17 2.18e-10  1.38e-05     8s
  17   2.17534100e+04  2.17538598e+04  3.17e-17 3.20e-10  5.73e-06     8s
  18   2.17536767e+04  2.17537954e+04  6.09e-17 2.04e-10  1.51e-06     8s
  19   2.17537559e+04  2.17537739e+04  4.45e-17 3.49e-10  2.29e-07     8s
  20   2.17537674e+04  2.17537711e+04  1.38e-16 2.76e-10  4.80e-08     9s
  21   2.17537705e+04  2.17537710e+04  2.56e-16 2.04e-10  6.61e-09     9s
  22   2.17537708e+04  2.17537709e+04  5.97e-16 2.91e-10  5.42e-10     9s

Barrier solved model in 22 iterations and 8.91 seconds
Optimal objective 2.17537708e+04


Gurobi 7.0.0 (linux64, Python) logging started Tue Mar 26 04:04:58 2019

Parameter Threads unchanged
   Value: 0  Min: 0  Max: 1024  Default: 0
Changed value of parameter Crossover to 0
   Prev: -1  Min: -1  Max: 5  Default: -1
Changed value of parameter Method to 2
   Prev: -1  Min: -1  Max: 4  Default: -1
Warning for adding constraints: zero or small (< 1e-13) coefficients, ignored
Optimize a model with 3984 rows, 33026 columns and 131573544 nonzeros
Coefficient statistics:
  Matrix range     [1e-13, 2e-05]
  Objective range  [1e+00, 1e+00]
  Bounds range     [1e+00, 1e+00]
  RHS range        [1e-04, 1e-04]
Presolve removed 0 rows and 0 columns (presolve time = 5s) ...
Presolve removed 0 rows and 0 columns (presolve time = 13s) ...
Presolve removed 0 rows and 0 columns (presolve time = 22s) ...
Presolve removed 1992 rows and 0 columns
Presolve time: 24.76s
Presolved: 1992 rows, 35018 columns, 65786636 nonzeros
Ordering time: 0.02s

Barrier statistics:
 AA' NZ     : 1.983e+06
 Factor NZ  : 1.985e+06 (roughly 30 MBytes of memory)
 Factor Ops : 2.637e+09 (roughly 2 seconds per iteration)
 Threads    : 4

                  Objective                Residual
Iter       Primal          Dual         Primal    Dual     Compl     Time
   0   7.09689468e+07  5.00852352e+04  2.84e+01 0.00e+00  3.69e+03    36s
   1   5.07924169e+02  5.00660080e+04  2.43e-04 4.37e-11  7.48e-01    39s
   2   3.28864739e+03  3.67649926e+04  4.74e-05 8.73e-11  4.85e-01    44s
   3   1.21041537e+04  2.55500051e+04  8.56e-06 3.20e-10  1.93e-01    48s
   4   1.58105641e+04  2.04916794e+04  1.64e-06 4.66e-10  6.70e-02    52s
   5   1.69223356e+04  1.81287471e+04  2.92e-07 8.29e-10  1.73e-02    56s
   6   1.72824468e+04  1.75967563e+04  6.62e-08 8.15e-10  4.49e-03    60s
   7   1.74163575e+04  1.75070960e+04  1.23e-08 9.90e-10  1.30e-03    65s
   8   1.74534444e+04  1.74697731e+04  1.77e-09 1.08e-09  2.33e-04    69s
   9   1.74615901e+04  1.74638110e+04  1.75e-10 7.79e-10  3.17e-05    74s
  10   1.74627779e+04  1.74631119e+04  1.36e-11 1.11e-09  4.77e-06    79s
  11   1.74628770e+04  1.74629720e+04  4.75e-12 8.15e-10  1.36e-06    83s
  12   1.74629281e+04  1.74629510e+04  8.03e-13 9.90e-10  3.26e-07    87s
  13   1.74629393e+04  1.74629404e+04  3.22e-15 9.31e-10  1.54e-08    92s
  14   1.74629398e+04  1.74629399e+04  6.72e-15 1.46e-09  6.38e-10    96s

Barrier solved model in 14 iterations and 95.86 seconds
Optimal objective 1.74629398e+04


Gurobi 7.0.0 (linux64, Python) logging started Tue Mar 26 04:34:37 2019

Parameter Threads unchanged
   Value: 0  Min: 0  Max: 1024  Default: 0
Changed value of parameter Crossover to 0
   Prev: -1  Min: -1  Max: 5  Default: -1
Changed value of parameter Method to 2
   Prev: -1  Min: -1  Max: 4  Default: -1
Warning for adding constraints: zero or small (< 1e-13) coefficients, ignored
Optimize a model with 3984 rows, 33026 columns and 131573544 nonzeros
Coefficient statistics:
  Matrix range     [1e-13, 2e-05]
  Objective range  [1e+00, 1e+00]
  Bounds range     [1e+00, 1e+00]
  RHS range        [1e-04, 1e-04]
Presolve removed 0 rows and 0 columns (presolve time = 5s) ...
Presolve removed 0 rows and 0 columns (presolve time = 13s) ...
Presolve removed 0 rows and 0 columns (presolve time = 21s) ...
Presolve removed 1992 rows and 0 columns
Presolve time: 24.29s
Presolved: 1992 rows, 35018 columns, 65786636 nonzeros
Ordering time: 0.02s

Barrier statistics:
 AA' NZ     : 1.983e+06
 Factor NZ  : 1.985e+06 (roughly 30 MBytes of memory)
 Factor Ops : 2.637e+09 (roughly 2 seconds per iteration)
 Threads    : 4

                  Objective                Residual
Iter       Primal          Dual         Primal    Dual     Compl     Time
   0   7.09689468e+07  5.00852352e+04  2.84e+01 0.00e+00  3.69e+03    33s
   1   5.07924169e+02  5.00660080e+04  2.43e-04 4.37e-11  7.48e-01    37s
   2   3.28864739e+03  3.67649926e+04  4.74e-05 8.73e-11  4.85e-01    41s
   3   1.21041537e+04  2.55500051e+04  8.56e-06 3.20e-10  1.93e-01    45s
   4   1.58105641e+04  2.04916794e+04  1.64e-06 4.66e-10  6.70e-02    49s
   5   1.69223356e+04  1.81287471e+04  2.92e-07 8.29e-10  1.73e-02    53s
   6   1.72824468e+04  1.75967563e+04  6.62e-08 8.15e-10  4.49e-03    57s
   7   1.74163575e+04  1.75070960e+04  1.23e-08 9.90e-10  1.30e-03    62s
   8   1.74534444e+04  1.74697731e+04  1.77e-09 1.08e-09  2.33e-04    66s
   9   1.74615901e+04  1.74638110e+04  1.75e-10 7.79e-10  3.17e-05    71s
  10   1.74627779e+04  1.74631119e+04  1.36e-11 1.11e-09  4.77e-06    75s
  11   1.74628770e+04  1.74629720e+04  4.75e-12 8.15e-10  1.36e-06    79s
  12   1.74629281e+04  1.74629510e+04  8.03e-13 9.90e-10  3.26e-07    83s
  13   1.74629393e+04  1.74629404e+04  3.22e-15 9.31e-10  1.54e-08    88s
  14   1.74629398e+04  1.74629399e+04  6.72e-15 1.46e-09  6.38e-10    92s

Barrier solved model in 14 iterations and 92.17 seconds
Optimal objective 1.74629398e+04


Gurobi 7.0.0 (linux64, Python) logging started Tue Mar 26 05:06:18 2019

Parameter Threads unchanged
   Value: 0  Min: 0  Max: 1024  Default: 0
Changed value of parameter Crossover to 0
   Prev: -1  Min: -1  Max: 5  Default: -1
Changed value of parameter Method to 2
   Prev: -1  Min: -1  Max: 4  Default: -1
Warning for adding constraints: zero or small (< 1e-13) coefficients, ignored
Optimize a model with 3984 rows, 33026 columns and 131573544 nonzeros
Coefficient statistics:
  Matrix range     [1e-13, 2e-05]
  Objective range  [1e+00, 1e+00]
  Bounds range     [1e+00, 1e+00]
  RHS range        [1e-04, 1e-04]
Presolve removed 0 rows and 0 columns (presolve time = 5s) ...
Presolve removed 0 rows and 0 columns (presolve time = 13s) ...
Presolve removed 0 rows and 0 columns (presolve time = 21s) ...
Presolve removed 1992 rows and 0 columns
Presolve time: 24.19s
Presolved: 1992 rows, 35018 columns, 65786636 nonzeros
Ordering time: 0.02s

Barrier statistics:
 AA' NZ     : 1.983e+06
 Factor NZ  : 1.985e+06 (roughly 30 MBytes of memory)
 Factor Ops : 2.637e+09 (roughly 2 seconds per iteration)
 Threads    : 4

                  Objective                Residual
Iter       Primal          Dual         Primal    Dual     Compl     Time
   0   7.09689468e+07  5.00852352e+04  2.84e+01 0.00e+00  3.69e+03    33s
   1   5.07924169e+02  5.00660080e+04  2.43e-04 4.37e-11  7.48e-01    37s
   2   3.28864739e+03  3.67649926e+04  4.74e-05 8.73e-11  4.85e-01    40s
   3   1.21041537e+04  2.55500051e+04  8.56e-06 3.20e-10  1.93e-01    44s
   4   1.58105641e+04  2.04916794e+04  1.64e-06 4.66e-10  6.70e-02    49s
   5   1.69223356e+04  1.81287471e+04  2.92e-07 8.29e-10  1.73e-02    53s
   6   1.72824468e+04  1.75967563e+04  6.62e-08 8.15e-10  4.49e-03    57s
   7   1.74163575e+04  1.75070960e+04  1.23e-08 9.90e-10  1.30e-03    61s
   8   1.74534444e+04  1.74697731e+04  1.77e-09 1.08e-09  2.33e-04    66s
   9   1.74615901e+04  1.74638110e+04  1.75e-10 7.79e-10  3.17e-05    70s
  10   1.74627779e+04  1.74631119e+04  1.36e-11 1.11e-09  4.77e-06    74s
  11   1.74628770e+04  1.74629720e+04  4.75e-12 8.15e-10  1.36e-06    78s
  12   1.74629281e+04  1.74629510e+04  8.03e-13 9.90e-10  3.26e-07    82s
  13   1.74629393e+04  1.74629404e+04  3.22e-15 9.31e-10  1.54e-08    87s
  14   1.74629398e+04  1.74629399e+04  6.72e-15 1.46e-09  6.38e-10    91s

Barrier solved model in 14 iterations and 91.19 seconds
Optimal objective 1.74629398e+04


Gurobi 7.0.0 (linux64, Python) logging started Tue Mar 26 12:02:53 2019

Parameter Threads unchanged
   Value: 0  Min: 0  Max: 1024  Default: 0
Changed value of parameter Crossover to 0
   Prev: -1  Min: -1  Max: 5  Default: -1
Changed value of parameter Method to 2
   Prev: -1  Min: -1  Max: 4  Default: -1
Warning for adding constraints: zero or small (< 1e-13) coefficients, ignored
Optimize a model with 3984 rows, 33026 columns and 131573412 nonzeros
Coefficient statistics:
  Matrix range     [1e-13, 2e-05]
  Objective range  [1e+00, 1e+00]
  Bounds range     [1e+00, 1e+00]
  RHS range        [1e-04, 1e-04]
Presolve removed 0 rows and 0 columns (presolve time = 5s) ...
Presolve removed 0 rows and 0 columns (presolve time = 13s) ...
Presolve removed 0 rows and 0 columns (presolve time = 21s) ...
Presolve removed 1992 rows and 0 columns
Presolve time: 24.24s
Presolved: 1992 rows, 35018 columns, 65786465 nonzeros
Ordering time: 0.02s

Barrier statistics:
 AA' NZ     : 1.983e+06
 Factor NZ  : 1.985e+06 (roughly 30 MBytes of memory)
 Factor Ops : 2.637e+09 (roughly 2 seconds per iteration)
 Threads    : 4

                  Objective                Residual
Iter       Primal          Dual         Primal    Dual     Compl     Time
   0   7.09689630e+07  5.00754339e+04  2.87e+01 0.00e+00  3.69e+03    33s
   1   5.35780257e+02  5.00562086e+04  2.57e-04 4.37e-11  7.49e-01    36s
   2   3.45641156e+03  3.81233513e+04  3.99e-05 8.00e-11  5.01e-01    40s
   3   1.24421879e+04  2.37260135e+04  6.33e-06 2.69e-10  1.62e-01    44s
   4   1.58267514e+04  2.03352767e+04  1.62e-06 5.97e-10  6.46e-02    48s
   5   1.70026828e+04  1.83233339e+04  1.81e-07 5.53e-10  1.89e-02    52s
   6   1.72915372e+04  1.76410233e+04  5.37e-08 8.44e-10  4.99e-03    56s
   7   1.74506220e+04  1.75110152e+04  5.83e-09 9.90e-10  8.63e-04    61s
   8   1.74761122e+04  1.74904881e+04  1.45e-09 7.79e-10  2.05e-04    65s
   9   1.74840210e+04  1.74873210e+04  3.12e-10 9.02e-10  4.71e-05    69s
  10   1.74857347e+04  1.74868297e+04  1.00e-10 7.86e-10  1.56e-05    74s
  11   1.74865025e+04  1.74866674e+04  1.33e-11 1.34e-09  2.36e-06    78s
  12   1.74866267e+04  1.74866502e+04  8.43e-13 9.24e-10  3.36e-07    82s
  13   1.74866367e+04  1.74866387e+04  6.87e-14 9.60e-10  2.82e-08    87s
  14   1.74866378e+04  1.74866380e+04  9.50e-15 1.14e-09  3.33e-09    91s
  15   1.74866379e+04  1.74866379e+04  2.84e-14 1.14e-09  1.54e-10    95s

Barrier solved model in 15 iterations and 94.78 seconds
Optimal objective 1.74866379e+04


Gurobi 7.0.0 (linux64, Python) logging started Tue Mar 26 12:48:08 2019

Parameter Threads unchanged
   Value: 0  Min: 0  Max: 1024  Default: 0
Changed value of parameter Crossover to 0
   Prev: -1  Min: -1  Max: 5  Default: -1
Changed value of parameter Method to 2
   Prev: -1  Min: -1  Max: 4  Default: -1

Gurobi 7.0.0 (linux64, Python) logging started Tue Mar 26 12:49:11 2019

Parameter Threads unchanged
   Value: 0  Min: 0  Max: 1024  Default: 0
Changed value of parameter Crossover to 0
   Prev: -1  Min: -1  Max: 5  Default: -1
Changed value of parameter Method to 2
   Prev: -1  Min: -1  Max: 4  Default: -1

Gurobi 7.0.0 (linux64, Python) logging started Tue Mar 26 12:50:42 2019

Parameter Threads unchanged
   Value: 0  Min: 0  Max: 1024  Default: 0
Changed value of parameter Crossover to 0
   Prev: -1  Min: -1  Max: 5  Default: -1
Changed value of parameter Method to 2
   Prev: -1  Min: -1  Max: 4  Default: -1

Gurobi 7.0.0 (linux64, Python) logging started Tue Mar 26 14:02:40 2019

Parameter Threads unchanged
   Value: 0  Min: 0  Max: 1024  Default: 0
Changed value of parameter Crossover to 0
   Prev: -1  Min: -1  Max: 5  Default: -1
Changed value of parameter Method to 2
   Prev: -1  Min: -1  Max: 4  Default: -1

Gurobi 7.0.0 (linux64, Python) logging started Tue Mar 26 14:03:22 2019

Parameter Threads unchanged
   Value: 0  Min: 0  Max: 1024  Default: 0
Changed value of parameter Crossover to 0
   Prev: -1  Min: -1  Max: 5  Default: -1
Changed value of parameter Method to 2
   Prev: -1  Min: -1  Max: 4  Default: -1
Warning for adding constraints: zero or small (< 1e-13) coefficients, ignored
Optimize a model with 640 rows, 9996 columns and 6397428 nonzeros
Coefficient statistics:
  Matrix range     [1e-13, 6e-05]
  Objective range  [8e-03, 1e+00]
  Bounds range     [1e+00, 1e+00]
  RHS range        [1e-04, 1e-04]
Presolve removed 320 rows and 0 columns
Presolve time: 1.04s
Presolved: 320 rows, 10316 columns, 3198979 nonzeros
Ordering time: 0.00s

Barrier statistics:
 AA' NZ     : 5.104e+04
 Factor NZ  : 5.136e+04 (roughly 5 MBytes of memory)
 Factor Ops : 1.097e+07 (less than 1 second per iteration)
 Threads    : 4

                  Objective                Residual
Iter       Primal          Dual         Primal    Dual     Compl     Time
   0   5.91409739e+06  2.95731030e+04  6.87e+00 0.00e+00  3.69e+03     1s
   1   4.62314473e+03  2.95407795e+04  1.59e-03 3.64e-11  2.13e+00     1s
   2   3.74948048e+03  7.91937097e+03  1.24e-05 1.41e-09  2.06e-01     1s
   3   5.18507422e+03  5.75511705e+03  6.95e-07 1.38e-10  2.77e-02     1s
   4   5.34876558e+03  5.54524643e+03  1.49e-07 9.46e-11  9.54e-03     1s
   5   5.38409339e+03  5.47837837e+03  7.26e-08 4.00e-11  4.58e-03     1s
   6   5.40482232e+03  5.45058985e+03  3.58e-08 4.37e-11  2.22e-03     1s
   7   5.41817874e+03  5.43360519e+03  1.35e-08 4.00e-11  7.49e-04     2s
   8   5.42418333e+03  5.43005420e+03  4.48e-09 5.46e-11  2.85e-04     2s
   9   5.42668022e+03  5.42828457e+03  9.92e-10 4.37e-11  7.79e-05     2s
  10   5.42720268e+03  5.42776189e+03  3.23e-10 5.09e-11  2.71e-05     2s
  11   5.42736310e+03  5.42759030e+03  1.35e-10 5.09e-11  1.10e-05     2s
  12   5.42744637e+03  5.42750679e+03  4.03e-11 5.82e-11  2.93e-06     2s
  13   5.42746863e+03  5.42748843e+03  1.65e-11 4.73e-11  9.62e-07     2s
  14   5.42748292e+03  5.42748598e+03  1.59e-12 5.09e-11  1.48e-07     2s
  15   5.42748344e+03  5.42748541e+03  1.07e-12 4.73e-11  9.55e-08     2s
  16   5.42748428e+03  5.42748496e+03  2.26e-13 4.37e-11  3.29e-08     2s
  17   5.42748452e+03  5.42748456e+03  3.43e-16 5.46e-11  1.94e-09     2s

Barrier solved model in 17 iterations and 1.96 seconds
Optimal objective 5.42748452e+03


Gurobi 7.0.0 (linux64, Python) logging started Tue Mar 26 14:05:29 2019

Parameter Threads unchanged
   Value: 0  Min: 0  Max: 1024  Default: 0
Changed value of parameter Crossover to 0
   Prev: -1  Min: -1  Max: 5  Default: -1
Changed value of parameter Method to 2
   Prev: -1  Min: -1  Max: 4  Default: -1
Warning for adding constraints: zero or small (< 1e-13) coefficients, ignored
Optimize a model with 640 rows, 9996 columns and 6397428 nonzeros
Coefficient statistics:
  Matrix range     [1e-13, 6e-05]
  Objective range  [8e-03, 1e+00]
  Bounds range     [1e+00, 1e+00]
  RHS range        [1e-04, 1e-04]
Presolve removed 320 rows and 0 columns
Presolve time: 1.07s
Presolved: 320 rows, 10316 columns, 3198979 nonzeros
Ordering time: 0.00s

Barrier statistics:
 AA' NZ     : 5.104e+04
 Factor NZ  : 5.136e+04 (roughly 5 MBytes of memory)
 Factor Ops : 1.097e+07 (less than 1 second per iteration)
 Threads    : 4

                  Objective                Residual
Iter       Primal          Dual         Primal    Dual     Compl     Time
   0   5.91409739e+06  2.95731030e+04  6.87e+00 0.00e+00  3.69e+03     1s
   1   4.62314473e+03  2.95407795e+04  1.59e-03 3.64e-11  2.13e+00     1s
   2   3.74948048e+03  7.91937097e+03  1.24e-05 1.41e-09  2.06e-01     1s
   3   5.18507422e+03  5.75511705e+03  6.95e-07 1.38e-10  2.77e-02     1s
   4   5.34876558e+03  5.54524643e+03  1.49e-07 9.46e-11  9.54e-03     1s
   5   5.38409339e+03  5.47837837e+03  7.26e-08 4.00e-11  4.58e-03     1s
   6   5.40482232e+03  5.45058985e+03  3.58e-08 4.37e-11  2.22e-03     2s
   7   5.41817874e+03  5.43360519e+03  1.35e-08 4.00e-11  7.49e-04     2s
   8   5.42418333e+03  5.43005420e+03  4.48e-09 5.46e-11  2.85e-04     2s
   9   5.42668022e+03  5.42828457e+03  9.92e-10 4.37e-11  7.79e-05     2s
  10   5.42720268e+03  5.42776189e+03  3.23e-10 5.09e-11  2.71e-05     2s
  11   5.42736310e+03  5.42759030e+03  1.35e-10 5.09e-11  1.10e-05     2s
  12   5.42744637e+03  5.42750679e+03  4.03e-11 5.82e-11  2.93e-06     2s
  13   5.42746863e+03  5.42748843e+03  1.65e-11 4.73e-11  9.62e-07     2s
  14   5.42748292e+03  5.42748598e+03  1.59e-12 5.09e-11  1.48e-07     2s
  15   5.42748344e+03  5.42748541e+03  1.07e-12 4.73e-11  9.55e-08     2s
  16   5.42748428e+03  5.42748496e+03  2.26e-13 4.37e-11  3.29e-08     2s
  17   5.42748452e+03  5.42748456e+03  3.43e-16 5.46e-11  1.94e-09     2s

Barrier solved model in 17 iterations and 1.99 seconds
Optimal objective 5.42748452e+03


Gurobi 7.0.0 (linux64, Python) logging started Tue Mar 26 15:39:12 2019

Parameter Threads unchanged
   Value: 0  Min: 0  Max: 1024  Default: 0
Changed value of parameter Crossover to 0
   Prev: -1  Min: -1  Max: 5  Default: -1
Changed value of parameter Method to 2
   Prev: -1  Min: -1  Max: 4  Default: -1

Gurobi 7.0.0 (linux64, Python) logging started Tue Mar 26 15:40:28 2019

Parameter Threads unchanged
   Value: 0  Min: 0  Max: 1024  Default: 0
Changed value of parameter Crossover to 0
   Prev: -1  Min: -1  Max: 5  Default: -1
Changed value of parameter Method to 2
   Prev: -1  Min: -1  Max: 4  Default: -1

Gurobi 7.0.0 (linux64, Python) logging started Tue Mar 26 15:41:41 2019

Parameter Threads unchanged
   Value: 0  Min: 0  Max: 1024  Default: 0
Changed value of parameter Crossover to 0
   Prev: -1  Min: -1  Max: 5  Default: -1
Changed value of parameter Method to 2
   Prev: -1  Min: -1  Max: 4  Default: -1
Optimize a model with 640 rows, 9996 columns and 6397440 nonzeros
Coefficient statistics:
  Matrix range     [8e-12, 8e-05]
  Objective range  [8e-03, 1e+00]
  Bounds range     [1e+00, 1e+00]
  RHS range        [1e-04, 1e-04]
Presolve removed 320 rows and 0 columns
Presolve time: 1.01s
Presolved: 320 rows, 10316 columns, 3199040 nonzeros
Ordering time: 0.00s

Barrier statistics:
 AA' NZ     : 5.104e+04
 Factor NZ  : 5.136e+04 (roughly 5 MBytes of memory)
 Factor Ops : 1.097e+07 (less than 1 second per iteration)
 Threads    : 4

                  Objective                Residual
Iter       Primal          Dual         Primal    Dual     Compl     Time
   0   6.49538517e+06  1.94454906e+04  5.21e+01 0.00e+00  2.08e+03     1s
   1   6.26775883e+03  1.94279108e+04  2.28e-02 2.18e-11  1.68e+00     1s
   2   4.45955683e+03  1.01717863e+04  4.77e-03 1.96e-10  4.12e-01     1s
   3   4.64066518e+03  5.96027022e+03  1.70e-03 8.44e-10  9.26e-02     1s
   4   4.82625649e+03  5.33147357e+03  6.16e-04 4.51e-10  3.37e-02     1s
   5   4.88715717e+03  5.17103161e+03  3.97e-04 3.49e-10  1.95e-02     1s
   6   4.92023249e+03  5.09985684e+03  2.87e-04 4.66e-10  1.28e-02     1s
   7   4.96463999e+03  5.07175053e+03  1.50e-04 3.71e-10  7.34e-03     1s
   8   4.97103197e+03  5.05592588e+03  1.30e-04 4.33e-10  5.97e-03     2s
   9   4.99002635e+03  5.04367002e+03  7.36e-05 4.47e-10  3.64e-03     2s
  10   4.99746617e+03  5.03438692e+03  5.10e-05 3.89e-10  2.51e-03     2s
  11   5.00371439e+03  5.02929232e+03  3.39e-05 4.95e-10  1.72e-03     2s
  12   5.00576158e+03  5.02568471e+03  2.82e-05 4.51e-10  1.36e-03     2s
  13   5.00800496e+03  5.02319645e+03  2.22e-05 4.51e-10  1.05e-03     2s
  14   5.01162439e+03  5.02092464e+03  1.27e-05 5.78e-10  6.31e-04     2s
  15   5.01270673e+03  5.01923268e+03  1.01e-05 9.97e-10  4.59e-04     2s
  16   5.01407100e+03  5.01835010e+03  6.86e-06 8.73e-10  3.04e-04     2s
  17   5.01501963e+03  5.01767936e+03  4.60e-06 7.06e-10  1.94e-04     2s
  18   5.01599861e+03  5.01737869e+03  2.26e-06 6.26e-10  9.89e-05     2s
  19   5.01648102e+03  5.01722898e+03  1.14e-06 4.84e-10  5.24e-05     2s
  20   5.01663346e+03  5.01712838e+03  8.13e-07 6.11e-10  3.55e-05     2s
  21   5.01681102e+03  5.01706146e+03  4.30e-07 7.04e-10  1.82e-05     2s
  22   5.01693739e+03  5.01702640e+03  1.57e-07 6.91e-10  6.53e-06     2s
  23   5.01700519e+03  5.01701527e+03  1.11e-08 6.11e-10  6.45e-07     2s
  24   5.01701119e+03  5.01701264e+03  1.27e-09 5.24e-10  8.79e-08     2s
  25   5.01701207e+03  5.01701219e+03  1.06e-11 6.40e-10  6.41e-09     2s
  26   5.01701207e+03  5.01701208e+03  3.49e-12 5.49e-10  5.71e-10     2s

Barrier solved model in 26 iterations and 2.28 seconds
Optimal objective 5.01701207e+03


Gurobi 7.0.0 (linux64, Python) logging started Tue Mar 26 15:43:49 2019

Parameter Threads unchanged
   Value: 0  Min: 0  Max: 1024  Default: 0
Changed value of parameter Crossover to 0
   Prev: -1  Min: -1  Max: 5  Default: -1
Changed value of parameter Method to 2
   Prev: -1  Min: -1  Max: 4  Default: -1
Warning for adding constraints: zero or small (< 1e-13) coefficients, ignored
Optimize a model with 3984 rows, 33026 columns and 131575566 nonzeros
Coefficient statistics:
  Matrix range     [2e-13, 2e-05]
  Objective range  [1e+00, 1e+00]
  Bounds range     [1e+00, 1e+00]
  RHS range        [1e-04, 1e-04]
Presolve removed 0 rows and 0 columns (presolve time = 5s) ...
Presolve removed 0 rows and 0 columns (presolve time = 12s) ...
Presolve removed 0 rows and 0 columns (presolve time = 21s) ...
Presolve removed 1992 rows and 0 columns
Presolve time: 23.44s
Presolved: 1992 rows, 35018 columns, 65789761 nonzeros
Ordering time: 0.02s

Barrier statistics:
 AA' NZ     : 1.983e+06
 Factor NZ  : 1.985e+06 (roughly 30 MBytes of memory)
 Factor Ops : 2.637e+09 (roughly 1 second per iteration)
 Threads    : 4

                  Objective                Residual
Iter       Primal          Dual         Primal    Dual     Compl     Time
   0   7.09691172e+07  5.44355976e+04  1.77e+02 0.00e+00  3.69e+03    31s
   1   2.47992091e+04  5.43983396e+04  2.63e-02 4.37e-11  1.12e+00    33s
   2   1.86257973e+04  2.69597818e+04  8.50e-03 9.90e-10  2.67e-01    36s
   3   1.68639075e+04  1.97043067e+04  3.12e-03 1.30e-09  8.34e-02    38s
   4   1.64546304e+04  1.71730413e+04  1.12e-03 1.86e-09  2.37e-02    41s
   5   1.64203090e+04  1.67081081e+04  3.74e-04 1.81e-09  8.43e-03    44s
   6   1.64385508e+04  1.66121989e+04  2.48e-04 2.12e-09  5.30e-03    47s
   7   1.64525571e+04  1.65505304e+04  1.70e-04 2.41e-09  3.32e-03    49s
   8   1.64616138e+04  1.65331011e+04  1.33e-04 1.59e-09  2.52e-03    52s
   9   1.64681986e+04  1.65212085e+04  1.02e-04 2.19e-09  1.90e-03    54s
  10   1.64768022e+04  1.65121924e+04  6.88e-05 1.83e-09  1.27e-03    57s
  11   1.64807584e+04  1.65062407e+04  5.27e-05 2.16e-09  9.51e-04    59s
  12   1.64842520e+04  1.65017397e+04  3.84e-05 1.81e-09  6.77e-04    62s
  13   1.64875339e+04  1.64974677e+04  2.46e-05 1.67e-09  4.15e-04    65s
  14   1.64898452e+04  1.64960891e+04  1.65e-05 1.75e-09  2.73e-04    68s
  15   1.64907107e+04  1.64949683e+04  1.35e-05 1.72e-09  2.11e-04    70s
  16   1.64916876e+04  1.64945733e+04  9.57e-06 1.65e-09  1.47e-04    73s
  17   1.64918884e+04  1.64944462e+04  8.40e-06 1.60e-09  1.30e-04    76s
  18   1.64921835e+04  1.64942929e+04  6.68e-06 1.76e-09  1.04e-04    78s
  19   1.64925984e+04  1.64940958e+04  4.77e-06 1.48e-09  7.42e-05    81s
  20   1.64928478e+04  1.64938278e+04  3.15e-06 2.23e-09  4.88e-05    83s
  21   1.64929836e+04  1.64935425e+04  2.16e-06 1.73e-09  3.19e-05    86s
  22   1.64931124e+04  1.64935124e+04  1.40e-06 1.79e-09  2.12e-05    88s
  23   1.64932122e+04  1.64934568e+04  8.23e-07 1.79e-09  1.26e-05    91s
  24   1.64932836e+04  1.64934138e+04  4.18e-07 1.82e-09  6.49e-06    94s
  25   1.64933408e+04  1.64933971e+04  1.64e-07 1.94e-09  2.62e-06    96s
  26   1.64933662e+04  1.64933830e+04  4.71e-08 2.18e-09  7.61e-07    99s
  27   1.64933749e+04  1.64933800e+04  1.02e-08 1.82e-09  1.87e-07   102s
  28   1.64933783e+04  1.64933785e+04  1.37e-10 2.01e-09  4.50e-09   104s
  29   1.64933784e+04  1.64933785e+04  1.01e-12 2.68e-09  1.15e-10   107s

Barrier solved model in 29 iterations and 107.10 seconds
Optimal objective 1.64933784e+04


Gurobi 7.0.0 (linux64, Python) logging started Tue Mar 26 16:28:16 2019

Parameter Threads unchanged
   Value: 0  Min: 0  Max: 1024  Default: 0
Changed value of parameter Crossover to 0
   Prev: -1  Min: -1  Max: 5  Default: -1
Changed value of parameter Method to 2
   Prev: -1  Min: -1  Max: 4  Default: -1

Gurobi 7.0.0 (linux64, Python) logging started Tue Mar 26 16:40:02 2019

Parameter Threads unchanged
   Value: 0  Min: 0  Max: 1024  Default: 0
Changed value of parameter Crossover to 0
   Prev: -1  Min: -1  Max: 5  Default: -1
Changed value of parameter Method to 2
   Prev: -1  Min: -1  Max: 4  Default: -1

Gurobi 7.0.0 (linux64, Python) logging started Tue Mar 26 16:41:28 2019

Parameter Threads unchanged
   Value: 0  Min: 0  Max: 1024  Default: 0
Changed value of parameter Crossover to 0
   Prev: -1  Min: -1  Max: 5  Default: -1
Changed value of parameter Method to 2
   Prev: -1  Min: -1  Max: 4  Default: -1

Gurobi 7.0.0 (linux64, Python) logging started Tue Mar 26 16:42:09 2019

Parameter Threads unchanged
   Value: 0  Min: 0  Max: 1024  Default: 0
Changed value of parameter Crossover to 0
   Prev: -1  Min: -1  Max: 5  Default: -1
Changed value of parameter Method to 2
   Prev: -1  Min: -1  Max: 4  Default: -1

Gurobi 7.0.0 (linux64, Python) logging started Tue Mar 26 16:42:14 2019

Parameter Threads unchanged
   Value: 0  Min: 0  Max: 1024  Default: 0
Changed value of parameter Crossover to 0
   Prev: -1  Min: -1  Max: 5  Default: -1
Changed value of parameter Method to 2
   Prev: -1  Min: -1  Max: 4  Default: -1

Gurobi 7.0.0 (linux64, Python) logging started Tue Mar 26 16:48:30 2019

Parameter Threads unchanged
   Value: 0  Min: 0  Max: 1024  Default: 0
Changed value of parameter Crossover to 0
   Prev: -1  Min: -1  Max: 5  Default: -1
Changed value of parameter Method to 2
   Prev: -1  Min: -1  Max: 4  Default: -1

Gurobi 7.0.0 (linux64, Python) logging started Tue Mar 26 16:50:33 2019

Parameter Threads unchanged
   Value: 0  Min: 0  Max: 1024  Default: 0
Changed value of parameter Crossover to 0
   Prev: -1  Min: -1  Max: 5  Default: -1
Changed value of parameter Method to 2
   Prev: -1  Min: -1  Max: 4  Default: -1

Gurobi 7.0.0 (linux64, Python) logging started Tue Mar 26 17:01:28 2019

Parameter Threads unchanged
   Value: 0  Min: 0  Max: 1024  Default: 0
Changed value of parameter Crossover to 0
   Prev: -1  Min: -1  Max: 5  Default: -1
Changed value of parameter Method to 2
   Prev: -1  Min: -1  Max: 4  Default: -1
Warning for adding constraints: zero or small (< 1e-13) coefficients, ignored
Optimize a model with 3984 rows, 33026 columns and 131575576 nonzeros
Coefficient statistics:
  Matrix range     [1e-13, 6e-05]
  Objective range  [1e+00, 1e+00]
  Bounds range     [1e+00, 1e+00]
  RHS range        [1e-04, 1e-04]
Presolve removed 0 rows and 0 columns (presolve time = 5s) ...
Presolve removed 0 rows and 0 columns (presolve time = 12s) ...
Presolve removed 0 rows and 0 columns (presolve time = 21s) ...
Presolve removed 1992 rows and 0 columns
Presolve time: 23.30s
Presolved: 1992 rows, 35018 columns, 65789775 nonzeros
Ordering time: 0.02s

Barrier statistics:
 AA' NZ     : 1.983e+06
 Factor NZ  : 1.985e+06 (roughly 30 MBytes of memory)
 Factor Ops : 2.637e+09 (roughly 1 second per iteration)
 Threads    : 4

                  Objective                Residual
Iter       Primal          Dual         Primal    Dual     Compl     Time
   0   3.54895890e+07  4.83183324e+04  1.45e+02 0.00e+00  1.85e+03    31s
   1   2.02959561e+04  4.82870440e+04  2.48e-02 1.82e-11  8.03e-01    33s
   2   1.76929415e+04  2.74742653e+04  1.13e-02 6.58e-10  2.60e-01    36s
   3   1.63007565e+04  1.97508854e+04  4.60e-03 9.79e-10  8.77e-02    38s
   4   1.58881589e+04  1.69743474e+04  1.40e-03 1.25e-09  2.59e-02    41s
   5   1.59299600e+04  1.64140163e+04  5.78e-04 1.26e-09  1.11e-02    44s
   6   1.59820899e+04  1.62730888e+04  2.63e-04 1.07e-09  6.03e-03    46s
   7   1.60035753e+04  1.61821797e+04  1.81e-04 1.17e-09  3.83e-03    49s
   8   1.60287680e+04  1.61442470e+04  1.02e-04 1.14e-09  2.37e-03    52s
   9   1.60360997e+04  1.61218443e+04  8.18e-05 1.36e-09  1.80e-03    54s
  10   1.60491497e+04  1.61061278e+04  4.88e-05 1.34e-09  1.16e-03    57s
  11   1.60538731e+04  1.60913970e+04  3.77e-05 1.38e-09  8.03e-04    59s
  12   1.60597256e+04  1.60838910e+04  2.44e-05 1.07e-09  5.18e-04    62s
  13   1.60642545e+04  1.60784271e+04  1.46e-05 1.59e-09  3.06e-04    65s
  14   1.60675877e+04  1.60758690e+04  8.05e-06 1.54e-09  1.75e-04    68s
  15   1.60687889e+04  1.60738812e+04  5.51e-06 1.65e-09  1.12e-04    70s
  16   1.60702539e+04  1.60731946e+04  2.57e-06 1.46e-09  6.02e-05    73s
  17   1.60707263e+04  1.60726186e+04  1.64e-06 1.50e-09  3.86e-05    75s
  18   1.60709394e+04  1.60722811e+04  1.26e-06 1.33e-09  2.81e-05    78s
  19   1.60712208e+04  1.60719218e+04  7.71e-07 1.33e-09  1.55e-05    80s
  20   1.60714785e+04  1.60717891e+04  3.28e-07 1.23e-09  6.76e-06    83s
  21   1.60716154e+04  1.60717215e+04  1.13e-07 1.39e-09  2.32e-06    85s
  22   1.60716762e+04  1.60716960e+04  1.60e-08 1.91e-09  3.96e-07    88s
  23   1.60716885e+04  1.60716907e+04  1.35e-09 1.78e-09  4.14e-08    91s
  24   1.60716894e+04  1.60716903e+04  5.17e-10 1.33e-09  1.64e-08    94s
  25   1.60716900e+04  1.60716901e+04  7.60e-11 1.31e-09  2.63e-09    96s

Barrier solved model in 25 iterations and 96.10 seconds
Optimal objective 1.60716900e+04


Gurobi 7.0.0 (linux64, Python) logging started Tue Mar 26 18:35:42 2019

Parameter Threads unchanged
   Value: 0  Min: 0  Max: 1024  Default: 0
Changed value of parameter Crossover to 0
   Prev: -1  Min: -1  Max: 5  Default: -1
Changed value of parameter Method to 2
   Prev: -1  Min: -1  Max: 4  Default: -1

Gurobi 7.0.0 (linux64, Python) logging started Tue Mar 26 18:41:25 2019

Parameter Threads unchanged
   Value: 0  Min: 0  Max: 1024  Default: 0
Changed value of parameter Crossover to 0
   Prev: -1  Min: -1  Max: 5  Default: -1
Changed value of parameter Method to 2
   Prev: -1  Min: -1  Max: 4  Default: -1
Optimize a model with 3984 rows, 2584 columns and 10294656 nonzeros
Coefficient statistics:
  Matrix range     [3e-12, 8e-04]
  Objective range  [2e-02, 1e+00]
  Bounds range     [1e+00, 1e+00]
  RHS range        [7e-05, 7e-05]
Presolve removed 1992 rows and 0 columns
Presolve time: 1.82s
Presolved: 1992 rows, 4576 columns, 5149319 nonzeros
Ordering time: 0.02s

Barrier statistics:
 AA' NZ     : 1.983e+06
 Factor NZ  : 1.985e+06 (roughly 20 MBytes of memory)
 Factor Ops : 2.637e+09 (less than 1 second per iteration)
 Threads    : 4

                  Objective                Residual
Iter       Primal          Dual         Primal    Dual     Compl     Time
   0   1.60374967e+05  4.10280152e+03  1.34e+01 0.00e+00  1.63e+02     2s
   1   1.51415169e+03  4.07818800e+03  5.01e-02 1.36e-12  9.48e-01     3s
   2   1.17860645e+03  2.16729293e+03  1.53e-02 2.77e-11  2.41e-01     3s
   3   1.10723636e+03  1.49928449e+03  3.87e-03 8.73e-11  6.69e-02     3s
   4   1.10034203e+03  1.21959279e+03  9.67e-04 1.64e-10  1.73e-02     3s
   5   1.10690766e+03  1.14925573e+03  2.64e-04 1.27e-10  5.66e-03     4s
   6   1.11097763e+03  1.13398851e+03  1.20e-04 9.07e-11  2.97e-03     4s
   7   1.11353424e+03  1.12266714e+03  3.39e-05 7.64e-11  1.12e-03     4s
   8   1.11469740e+03  1.11928897e+03  1.72e-05 9.44e-11  5.65e-04     4s
   9   1.11528900e+03  1.11783947e+03  9.10e-06 8.82e-11  3.12e-04     5s
  10   1.11558193e+03  1.11683226e+03  5.49e-06 9.00e-11  1.56e-04     5s
  11   1.11577786e+03  1.11645963e+03  3.11e-06 1.19e-10  8.57e-05     5s
  12   1.11589199e+03  1.11627008e+03  1.79e-06 8.62e-11  4.78e-05     5s
  13   1.11599571e+03  1.11613873e+03  5.57e-07 1.00e-10  1.76e-05     6s
  14   1.11604132e+03  1.11606792e+03  6.07e-08 1.15e-10  3.12e-06     6s
  15   1.11604705e+03  1.11604983e+03  8.51e-09 1.10e-10  3.34e-07     6s
  16   1.11604802e+03  1.11604826e+03  1.25e-09 1.05e-10  3.11e-08     6s
  17   1.11604814e+03  1.11604822e+03  4.24e-10 9.23e-11  9.84e-09     7s
  18   1.11604821e+03  1.11604821e+03  1.18e-11 1.16e-10  4.14e-10     7s

Barrier solved model in 18 iterations and 6.93 seconds
Optimal objective 1.11604821e+03


Gurobi 7.0.0 (linux64, Python) logging started Tue Mar 26 18:43:05 2019

Parameter Threads unchanged
   Value: 0  Min: 0  Max: 1024  Default: 0
Changed value of parameter Crossover to 0
   Prev: -1  Min: -1  Max: 5  Default: -1
Changed value of parameter Method to 2
   Prev: -1  Min: -1  Max: 4  Default: -1
Optimize a model with 3984 rows, 2584 columns and 10294656 nonzeros
Coefficient statistics:
  Matrix range     [3e-12, 8e-04]
  Objective range  [2e-02, 1e+00]
  Bounds range     [1e+00, 1e+00]
  RHS range        [7e-05, 7e-05]
Presolve removed 1992 rows and 0 columns
Presolve time: 1.78s
Presolved: 1992 rows, 4576 columns, 5149319 nonzeros
Ordering time: 0.02s

Barrier statistics:
 AA' NZ     : 1.983e+06
 Factor NZ  : 1.985e+06 (roughly 20 MBytes of memory)
 Factor Ops : 2.637e+09 (less than 1 second per iteration)
 Threads    : 4

                  Objective                Residual
Iter       Primal          Dual         Primal    Dual     Compl     Time
   0   1.60374967e+05  4.10280152e+03  1.34e+01 0.00e+00  1.63e+02     2s
   1   1.51415169e+03  4.07818800e+03  5.01e-02 1.36e-12  9.48e-01     3s
   2   1.17860645e+03  2.16729293e+03  1.53e-02 2.77e-11  2.41e-01     3s
   3   1.10723636e+03  1.49928449e+03  3.87e-03 8.73e-11  6.69e-02     3s
   4   1.10034203e+03  1.21959279e+03  9.67e-04 1.64e-10  1.73e-02     3s
   5   1.10690766e+03  1.14925573e+03  2.64e-04 1.27e-10  5.66e-03     4s
   6   1.11097763e+03  1.13398851e+03  1.20e-04 9.07e-11  2.97e-03     4s
   7   1.11353424e+03  1.12266714e+03  3.39e-05 7.64e-11  1.12e-03     4s
   8   1.11469740e+03  1.11928897e+03  1.72e-05 9.44e-11  5.65e-04     4s
   9   1.11528900e+03  1.11783947e+03  9.10e-06 8.82e-11  3.12e-04     5s
  10   1.11558193e+03  1.11683226e+03  5.49e-06 9.00e-11  1.56e-04     5s
  11   1.11577786e+03  1.11645963e+03  3.11e-06 1.19e-10  8.57e-05     5s
  12   1.11589199e+03  1.11627008e+03  1.79e-06 8.62e-11  4.78e-05     5s
  13   1.11599571e+03  1.11613873e+03  5.57e-07 1.00e-10  1.76e-05     5s
  14   1.11604132e+03  1.11606792e+03  6.07e-08 1.15e-10  3.12e-06     6s
  15   1.11604705e+03  1.11604983e+03  8.51e-09 1.10e-10  3.34e-07     6s
  16   1.11604802e+03  1.11604826e+03  1.25e-09 1.05e-10  3.11e-08     6s
  17   1.11604814e+03  1.11604822e+03  4.24e-10 9.23e-11  9.84e-09     6s
  18   1.11604821e+03  1.11604821e+03  1.18e-11 1.16e-10  4.14e-10     7s

Barrier solved model in 18 iterations and 6.75 seconds
Optimal objective 1.11604821e+03

Parameter Threads unchanged
   Value: 0  Min: 0  Max: 1024  Default: 0
Changed value of parameter Crossover to 0
   Prev: -1  Min: -1  Max: 5  Default: -1
Changed value of parameter Method to 2
   Prev: -1  Min: -1  Max: 4  Default: -1
Optimize a model with 3984 rows, 3454 columns and 13760736 nonzeros
Coefficient statistics:
  Matrix range     [6e-13, 2e-04]
  Objective range  [6e-02, 1e+00]
  Bounds range     [1e+00, 1e+00]
  RHS range        [7e-05, 7e-05]
Presolve removed 1992 rows and 0 columns
Presolve time: 2.40s
Presolved: 1992 rows, 5446 columns, 6882357 nonzeros
Ordering time: 0.02s

Barrier statistics:
 AA' NZ     : 1.983e+06
 Factor NZ  : 1.985e+06 (roughly 20 MBytes of memory)
 Factor Ops : 2.637e+09 (less than 1 second per iteration)
 Threads    : 4

                  Objective                Residual
Iter       Primal          Dual         Primal    Dual     Compl     Time
   0   1.08570815e+06  8.23506566e+03  1.97e+01 0.00e+00  7.00e+02     3s
   1   4.42280347e+03  8.20969881e+03  7.13e-02 6.37e-12  3.23e+00     4s
   2   2.32740896e+03  4.26182560e+03  3.46e-02 2.10e-10  1.23e+00     4s
   3   4.61964543e+02  1.66911438e+03  4.64e-03 4.43e-10  2.14e-01     4s
   4   3.17875786e+02  6.79681443e+02  2.39e-03 4.18e-10  7.46e-02     4s
   5   2.32913453e+02  3.90460908e+02  1.20e-03 3.97e-10  3.39e-02     5s
   6   1.90345265e+02  2.70437004e+02  6.12e-04 4.33e-10  1.70e-02     5s
   7   1.75621461e+02  2.20565280e+02  4.10e-04 3.61e-10  1.06e-02     5s
   8   1.65695019e+02  1.79654825e+02  2.72e-04 5.38e-10  5.54e-03     6s
   9   1.55430083e+02  1.67506401e+02  1.45e-04 3.79e-10  3.42e-03     6s
  10   1.51207434e+02  1.53328585e+02  9.32e-05 5.24e-10  1.70e-03     6s
  11   1.48541940e+02  1.49890118e+02  6.02e-05 4.99e-10  1.11e-03     7s
  12   1.46355793e+02  1.47347703e+02  3.31e-05 6.00e-10  6.40e-04     7s
  13   1.45641423e+02  1.45781930e+02  2.34e-05 5.89e-10  4.03e-04     7s
  14   1.45050493e+02  1.44961658e+02  1.56e-05 6.18e-10  2.52e-04     8s
  15   1.44498396e+02  1.44750601e+02  8.00e-06 6.17e-10  1.57e-04     8s
  16   1.44223421e+02  1.44384716e+02  4.18e-06 6.04e-10  8.46e-05     8s
  17   1.44035386e+02  1.44091105e+02  1.37e-06 4.67e-10  2.81e-05     8s
  18   1.43971543e+02  1.43980203e+02  3.22e-07 9.85e-10  6.17e-06     9s
  19   1.43956838e+02  1.43958454e+02  1.98e-08 6.55e-10  4.79e-07     9s
  20   1.43956637e+02  1.43956853e+02  2.35e-09 7.33e-10  5.92e-08     9s
  21   1.43956650e+02  1.43956661e+02  7.06e-11 6.72e-10  2.23e-09    10s
  22   1.43956654e+02  1.43956655e+02  2.47e-12 6.69e-10  4.87e-11    10s

Barrier solved model in 22 iterations and 10.04 seconds
Optimal objective 1.43956654e+02


Gurobi 7.0.0 (linux64, Python) logging started Tue Mar 26 18:48:23 2019

Parameter Threads unchanged
   Value: 0  Min: 0  Max: 1024  Default: 0
Changed value of parameter Crossover to 0
   Prev: -1  Min: -1  Max: 5  Default: -1
Changed value of parameter Method to 2
   Prev: -1  Min: -1  Max: 4  Default: -1
Optimize a model with 3984 rows, 2584 columns and 10294656 nonzeros
Coefficient statistics:
  Matrix range     [3e-12, 8e-04]
  Objective range  [2e-02, 1e+00]
  Bounds range     [1e+00, 1e+00]
  RHS range        [7e-05, 7e-05]
Presolve removed 1992 rows and 0 columns
Presolve time: 1.76s
Presolved: 1992 rows, 4576 columns, 5149319 nonzeros
Ordering time: 0.02s

Barrier statistics:
 AA' NZ     : 1.983e+06
 Factor NZ  : 1.985e+06 (roughly 20 MBytes of memory)
 Factor Ops : 2.637e+09 (less than 1 second per iteration)
 Threads    : 4

                  Objective                Residual
Iter       Primal          Dual         Primal    Dual     Compl     Time
   0   1.60374967e+05  4.10280152e+03  1.34e+01 0.00e+00  1.63e+02     2s
   1   1.51415169e+03  4.07818800e+03  5.01e-02 1.36e-12  9.48e-01     3s
   2   1.17860645e+03  2.16729293e+03  1.53e-02 2.77e-11  2.41e-01     3s
   3   1.10723636e+03  1.49928449e+03  3.87e-03 8.73e-11  6.69e-02     3s
   4   1.10034203e+03  1.21959279e+03  9.67e-04 1.64e-10  1.73e-02     3s
   5   1.10690766e+03  1.14925573e+03  2.64e-04 1.27e-10  5.66e-03     4s
   6   1.11097763e+03  1.13398851e+03  1.20e-04 9.07e-11  2.97e-03     4s
   7   1.11353424e+03  1.12266714e+03  3.39e-05 7.64e-11  1.12e-03     4s
   8   1.11469740e+03  1.11928897e+03  1.72e-05 9.44e-11  5.65e-04     4s
   9   1.11528900e+03  1.11783947e+03  9.10e-06 8.82e-11  3.12e-04     5s
  10   1.11558193e+03  1.11683226e+03  5.49e-06 9.00e-11  1.56e-04     5s
  11   1.11577786e+03  1.11645963e+03  3.11e-06 1.19e-10  8.57e-05     5s
  12   1.11589199e+03  1.11627008e+03  1.79e-06 8.62e-11  4.78e-05     5s
  13   1.11599571e+03  1.11613873e+03  5.57e-07 1.00e-10  1.76e-05     5s
  14   1.11604132e+03  1.11606792e+03  6.07e-08 1.15e-10  3.12e-06     6s
  15   1.11604705e+03  1.11604983e+03  8.51e-09 1.10e-10  3.34e-07     6s
  16   1.11604802e+03  1.11604826e+03  1.25e-09 1.05e-10  3.11e-08     6s
  17   1.11604814e+03  1.11604822e+03  4.24e-10 9.23e-11  9.84e-09     7s
  18   1.11604821e+03  1.11604821e+03  1.18e-11 1.16e-10  4.14e-10     7s

Barrier solved model in 18 iterations and 6.77 seconds
Optimal objective 1.11604821e+03

Parameter Threads unchanged
   Value: 0  Min: 0  Max: 1024  Default: 0
Changed value of parameter Crossover to 0
   Prev: -1  Min: -1  Max: 5  Default: -1
Changed value of parameter Method to 2
   Prev: -1  Min: -1  Max: 4  Default: -1
Optimize a model with 3984 rows, 3454 columns and 13760736 nonzeros
Coefficient statistics:
  Matrix range     [6e-13, 2e-04]
  Objective range  [6e-02, 1e+00]
  Bounds range     [1e+00, 1e+00]
  RHS range        [7e-05, 7e-05]
Presolve removed 1992 rows and 0 columns
Presolve time: 2.40s
Presolved: 1992 rows, 5446 columns, 6882357 nonzeros
Ordering time: 0.02s

Barrier statistics:
 AA' NZ     : 1.983e+06
 Factor NZ  : 1.985e+06 (roughly 20 MBytes of memory)
 Factor Ops : 2.637e+09 (less than 1 second per iteration)
 Threads    : 4

                  Objective                Residual
Iter       Primal          Dual         Primal    Dual     Compl     Time
   0   1.08570815e+06  8.23506566e+03  1.97e+01 0.00e+00  7.00e+02     3s
   1   4.42280347e+03  8.20969881e+03  7.13e-02 6.37e-12  3.23e+00     4s
   2   2.32740896e+03  4.26182560e+03  3.46e-02 2.10e-10  1.23e+00     4s
   3   4.61964543e+02  1.66911438e+03  4.64e-03 4.43e-10  2.14e-01     4s
   4   3.17875786e+02  6.79681443e+02  2.39e-03 4.18e-10  7.46e-02     4s
   5   2.32913453e+02  3.90460908e+02  1.20e-03 3.97e-10  3.39e-02     5s
   6   1.90345265e+02  2.70437004e+02  6.12e-04 4.33e-10  1.70e-02     5s
   7   1.75621461e+02  2.20565280e+02  4.10e-04 3.61e-10  1.06e-02     5s
   8   1.65695019e+02  1.79654825e+02  2.72e-04 5.38e-10  5.54e-03     6s
   9   1.55430083e+02  1.67506401e+02  1.45e-04 3.79e-10  3.42e-03     6s
  10   1.51207434e+02  1.53328585e+02  9.32e-05 5.24e-10  1.70e-03     6s
  11   1.48541940e+02  1.49890118e+02  6.02e-05 4.99e-10  1.11e-03     7s
  12   1.46355793e+02  1.47347703e+02  3.31e-05 6.00e-10  6.40e-04     7s
  13   1.45641423e+02  1.45781930e+02  2.34e-05 5.89e-10  4.03e-04     7s
  14   1.45050493e+02  1.44961658e+02  1.56e-05 6.18e-10  2.52e-04     8s
  15   1.44498396e+02  1.44750601e+02  8.00e-06 6.17e-10  1.57e-04     8s
  16   1.44223421e+02  1.44384716e+02  4.18e-06 6.04e-10  8.46e-05     8s
  17   1.44035386e+02  1.44091105e+02  1.37e-06 4.67e-10  2.81e-05     8s
  18   1.43971543e+02  1.43980203e+02  3.22e-07 9.85e-10  6.17e-06     9s
  19   1.43956838e+02  1.43958454e+02  1.98e-08 6.55e-10  4.79e-07     9s
  20   1.43956637e+02  1.43956853e+02  2.35e-09 7.33e-10  5.92e-08     9s
  21   1.43956650e+02  1.43956661e+02  7.06e-11 6.72e-10  2.23e-09    10s
  22   1.43956654e+02  1.43956655e+02  2.47e-12 6.69e-10  4.87e-11    10s

Barrier solved model in 22 iterations and 10.05 seconds
Optimal objective 1.43956654e+02

Parameter Threads unchanged
   Value: 0  Min: 0  Max: 1024  Default: 0
Changed value of parameter Crossover to 0
   Prev: -1  Min: -1  Max: 5  Default: -1
Changed value of parameter Method to 2
   Prev: -1  Min: -1  Max: 4  Default: -1
Optimize a model with 3984 rows, 9996 columns and 39824064 nonzeros
Coefficient statistics:
  Matrix range     [2e-13, 2e-04]
  Objective range  [8e-03, 1e+00]
  Bounds range     [1e+00, 1e+00]
  RHS range        [7e-05, 7e-05]
Presolve removed 0 rows and 0 columns (presolve time = 6s) ...
Presolve removed 1992 rows and 0 columns
Presolve time: 6.89s
Presolved: 1992 rows, 11988 columns, 19914021 nonzeros
Ordering time: 0.02s

Barrier statistics:
 AA' NZ     : 1.983e+06
 Factor NZ  : 1.985e+06 (roughly 20 MBytes of memory)
 Factor Ops : 2.637e+09 (less than 1 second per iteration)
 Threads    : 4

                  Objective                Residual
Iter       Primal          Dual         Primal    Dual     Compl     Time
   0   2.51695016e+06  1.73424907e+04  4.88e+01 0.00e+00  6.93e+02     9s
   1   6.98983122e+03  1.73129908e+04  6.58e-02 7.28e-12  1.50e+00    10s
   2   4.71873401e+03  8.60025771e+03  1.54e-02 2.08e-10  3.01e-01    11s
   3   4.48325365e+03  5.55517116e+03  5.87e-03 3.93e-10  8.21e-02    11s
   4   4.40737294e+03  4.72262902e+03  1.22e-03 5.02e-10  1.99e-02    12s
   5   4.43331091e+03  4.57400824e+03  4.93e-04 6.38e-10  8.55e-03    13s
   6   4.44522342e+03  4.53767341e+03  3.06e-04 5.53e-10  5.51e-03    14s
   7   4.45090054e+03  4.51609151e+03  2.27e-04 4.26e-10  3.94e-03    15s
   8   4.45776223e+03  4.50129973e+03  1.51e-04 4.99e-10  2.63e-03    16s
   9   4.46212994e+03  4.49230247e+03  9.77e-05 4.63e-10  1.78e-03    17s
  10   4.46311976e+03  4.48969261e+03  8.70e-05 5.02e-10  1.57e-03    17s
  11   4.46516993e+03  4.48551414e+03  6.51e-05 5.34e-10  1.20e-03    18s
  12   4.46611938e+03  4.48427536e+03  5.53e-05 6.37e-10  1.05e-03    19s
  13   4.46780149e+03  4.48055921e+03  3.98e-05 3.83e-10  7.44e-04    20s
  14   4.46925721e+03  4.47618694e+03  2.78e-05 3.93e-10  4.36e-04    21s
  15   4.47061071e+03  4.47435050e+03  1.66e-05 5.46e-10  2.44e-04    21s
  16   4.47142455e+03  4.47348721e+03  1.05e-05 4.66e-10  1.42e-04    22s
  17   4.47196430e+03  4.47310944e+03  6.18e-06 6.11e-10  8.05e-05    23s
  18   4.47226733e+03  4.47292871e+03  3.61e-06 5.73e-10  4.67e-05    24s
  19   4.47240683e+03  4.47285852e+03  2.50e-06 4.71e-10  3.21e-05    25s
  20   4.47251523e+03  4.47281980e+03  1.65e-06 4.87e-10  2.14e-05    25s
  21   4.47263434e+03  4.47278298e+03  7.28e-07 4.39e-10  1.01e-05    26s
  22   4.47271939e+03  4.47275071e+03  1.05e-07 6.17e-10  1.86e-06    27s
  23   4.47273356e+03  4.47273973e+03  1.96e-08 5.31e-10  3.61e-07    28s
  24   4.47273677e+03  4.47273728e+03  7.10e-10 5.31e-10  2.52e-08    29s
  25   4.47273702e+03  4.47273704e+03  4.26e-11 6.36e-10  1.28e-09    30s

Barrier solved model in 25 iterations and 29.76 seconds
Optimal objective 4.47273702e+03


Gurobi 7.0.0 (linux64, Python) logging started Tue Mar 26 18:55:22 2019

Parameter Threads unchanged
   Value: 0  Min: 0  Max: 1024  Default: 0
Changed value of parameter Crossover to 0
   Prev: -1  Min: -1  Max: 5  Default: -1
Changed value of parameter Method to 2
   Prev: -1  Min: -1  Max: 4  Default: -1
Optimize a model with 3984 rows, 2584 columns and 10294656 nonzeros
Coefficient statistics:
  Matrix range     [3e-12, 8e-04]
  Objective range  [2e-02, 1e+00]
  Bounds range     [1e+00, 1e+00]
  RHS range        [7e-05, 7e-05]
Presolve removed 1992 rows and 0 columns
Presolve time: 1.84s
Presolved: 1992 rows, 4576 columns, 5149319 nonzeros
Ordering time: 0.02s

Barrier statistics:
 AA' NZ     : 1.983e+06
 Factor NZ  : 1.985e+06 (roughly 20 MBytes of memory)
 Factor Ops : 2.637e+09 (less than 1 second per iteration)
 Threads    : 4

                  Objective                Residual
Iter       Primal          Dual         Primal    Dual     Compl     Time
   0   1.60374967e+05  4.10280152e+03  1.34e+01 0.00e+00  1.63e+02     2s
   1   1.51415169e+03  4.07818800e+03  5.01e-02 1.36e-12  9.48e-01     3s
   2   1.17860645e+03  2.16729293e+03  1.53e-02 2.77e-11  2.41e-01     3s
   3   1.10723636e+03  1.49928449e+03  3.87e-03 8.73e-11  6.69e-02     3s
   4   1.10034203e+03  1.21959279e+03  9.67e-04 1.64e-10  1.73e-02     3s
   5   1.10690766e+03  1.14925573e+03  2.64e-04 1.27e-10  5.66e-03     4s
   6   1.11097763e+03  1.13398851e+03  1.20e-04 9.07e-11  2.97e-03     4s
   7   1.11353424e+03  1.12266714e+03  3.39e-05 7.64e-11  1.12e-03     4s
   8   1.11469740e+03  1.11928897e+03  1.72e-05 9.44e-11  5.65e-04     4s
   9   1.11528900e+03  1.11783947e+03  9.10e-06 8.82e-11  3.12e-04     5s
  10   1.11558193e+03  1.11683226e+03  5.49e-06 9.00e-11  1.56e-04     5s
  11   1.11577786e+03  1.11645963e+03  3.11e-06 1.19e-10  8.57e-05     5s
  12   1.11589199e+03  1.11627008e+03  1.79e-06 8.62e-11  4.78e-05     5s
  13   1.11599571e+03  1.11613873e+03  5.57e-07 1.00e-10  1.76e-05     6s
  14   1.11604132e+03  1.11606792e+03  6.07e-08 1.15e-10  3.12e-06     6s
  15   1.11604705e+03  1.11604983e+03  8.51e-09 1.10e-10  3.34e-07     6s
  16   1.11604802e+03  1.11604826e+03  1.25e-09 1.05e-10  3.11e-08     6s
  17   1.11604814e+03  1.11604822e+03  4.24e-10 9.23e-11  9.84e-09     7s
  18   1.11604821e+03  1.11604821e+03  1.18e-11 1.16e-10  4.14e-10     7s

Barrier solved model in 18 iterations and 7.00 seconds
Optimal objective 1.11604821e+03

Parameter Threads unchanged
   Value: 0  Min: 0  Max: 1024  Default: 0
Changed value of parameter Crossover to 0
   Prev: -1  Min: -1  Max: 5  Default: -1
Changed value of parameter Method to 2
   Prev: -1  Min: -1  Max: 4  Default: -1
Optimize a model with 3984 rows, 3454 columns and 13760736 nonzeros
Coefficient statistics:
  Matrix range     [6e-13, 2e-04]
  Objective range  [6e-02, 1e+00]
  Bounds range     [1e+00, 1e+00]
  RHS range        [7e-05, 7e-05]
Presolve removed 1992 rows and 0 columns
Presolve time: 2.44s
Presolved: 1992 rows, 5446 columns, 6882357 nonzeros
Ordering time: 0.02s

Barrier statistics:
 AA' NZ     : 1.983e+06
 Factor NZ  : 1.985e+06 (roughly 20 MBytes of memory)
 Factor Ops : 2.637e+09 (less than 1 second per iteration)
 Threads    : 4

                  Objective                Residual
Iter       Primal          Dual         Primal    Dual     Compl     Time
   0   1.08570815e+06  8.23506566e+03  1.97e+01 0.00e+00  7.00e+02     3s
   1   4.42280347e+03  8.20969881e+03  7.13e-02 6.37e-12  3.23e+00     4s
   2   2.32740896e+03  4.26182560e+03  3.46e-02 2.10e-10  1.23e+00     4s
   3   4.61964543e+02  1.66911438e+03  4.64e-03 4.43e-10  2.14e-01     4s
   4   3.17875786e+02  6.79681443e+02  2.39e-03 4.18e-10  7.46e-02     4s
   5   2.32913453e+02  3.90460908e+02  1.20e-03 3.97e-10  3.39e-02     5s
   6   1.90345265e+02  2.70437004e+02  6.12e-04 4.33e-10  1.70e-02     5s
   7   1.75621461e+02  2.20565280e+02  4.10e-04 3.61e-10  1.06e-02     5s
   8   1.65695019e+02  1.79654825e+02  2.72e-04 5.38e-10  5.54e-03     6s
   9   1.55430083e+02  1.67506401e+02  1.45e-04 3.79e-10  3.42e-03     6s
  10   1.51207434e+02  1.53328585e+02  9.32e-05 5.24e-10  1.70e-03     6s
  11   1.48541940e+02  1.49890118e+02  6.02e-05 4.99e-10  1.11e-03     7s
  12   1.46355793e+02  1.47347703e+02  3.31e-05 6.00e-10  6.40e-04     7s
  13   1.45641423e+02  1.45781930e+02  2.34e-05 5.89e-10  4.03e-04     7s
  14   1.45050493e+02  1.44961658e+02  1.56e-05 6.18e-10  2.52e-04     8s
  15   1.44498396e+02  1.44750601e+02  8.00e-06 6.17e-10  1.57e-04     8s
  16   1.44223421e+02  1.44384716e+02  4.18e-06 6.04e-10  8.46e-05     8s
  17   1.44035386e+02  1.44091105e+02  1.37e-06 4.67e-10  2.81e-05     9s
  18   1.43971543e+02  1.43980203e+02  3.22e-07 9.85e-10  6.17e-06     9s
  19   1.43956838e+02  1.43958454e+02  1.98e-08 6.55e-10  4.79e-07     9s
  20   1.43956637e+02  1.43956853e+02  2.35e-09 7.33e-10  5.92e-08    10s
  21   1.43956650e+02  1.43956661e+02  7.06e-11 6.72e-10  2.23e-09    10s
  22   1.43956654e+02  1.43956655e+02  2.47e-12 6.69e-10  4.87e-11    10s

Barrier solved model in 22 iterations and 10.10 seconds
Optimal objective 1.43956654e+02

Parameter Threads unchanged
   Value: 0  Min: 0  Max: 1024  Default: 0
Changed value of parameter Crossover to 0
   Prev: -1  Min: -1  Max: 5  Default: -1
Changed value of parameter Method to 2
   Prev: -1  Min: -1  Max: 4  Default: -1
Optimize a model with 3984 rows, 9996 columns and 39824064 nonzeros
Coefficient statistics:
  Matrix range     [2e-13, 2e-04]
  Objective range  [8e-03, 1e+00]
  Bounds range     [1e+00, 1e+00]
  RHS range        [7e-05, 7e-05]
Presolve removed 0 rows and 0 columns (presolve time = 6s) ...
Presolve removed 1992 rows and 0 columns
Presolve time: 6.91s
Presolved: 1992 rows, 11988 columns, 19914021 nonzeros
Ordering time: 0.02s

Barrier statistics:
 AA' NZ     : 1.983e+06
 Factor NZ  : 1.985e+06 (roughly 20 MBytes of memory)
 Factor Ops : 2.637e+09 (less than 1 second per iteration)
 Threads    : 4

                  Objective                Residual
Iter       Primal          Dual         Primal    Dual     Compl     Time
   0   2.51695016e+06  1.73424907e+04  4.88e+01 0.00e+00  6.93e+02     9s
   1   6.98983122e+03  1.73129908e+04  6.58e-02 7.28e-12  1.50e+00    10s
   2   4.71873401e+03  8.60025771e+03  1.54e-02 2.08e-10  3.01e-01    11s
   3   4.48325365e+03  5.55517116e+03  5.87e-03 3.93e-10  8.21e-02    11s
   4   4.40737294e+03  4.72262902e+03  1.22e-03 5.02e-10  1.99e-02    12s
   5   4.43331091e+03  4.57400824e+03  4.93e-04 6.38e-10  8.55e-03    13s
   6   4.44522342e+03  4.53767341e+03  3.06e-04 5.53e-10  5.51e-03    14s
   7   4.45090054e+03  4.51609151e+03  2.27e-04 4.26e-10  3.94e-03    15s
   8   4.45776223e+03  4.50129973e+03  1.51e-04 4.99e-10  2.63e-03    16s
   9   4.46212994e+03  4.49230247e+03  9.77e-05 4.63e-10  1.78e-03    17s
  10   4.46311976e+03  4.48969261e+03  8.70e-05 5.02e-10  1.57e-03    18s
  11   4.46516993e+03  4.48551414e+03  6.51e-05 5.34e-10  1.20e-03    18s
  12   4.46611938e+03  4.48427536e+03  5.53e-05 6.37e-10  1.05e-03    19s
  13   4.46780149e+03  4.48055921e+03  3.98e-05 3.83e-10  7.44e-04    20s
  14   4.46925721e+03  4.47618694e+03  2.78e-05 3.93e-10  4.36e-04    21s
  15   4.47061071e+03  4.47435050e+03  1.66e-05 5.46e-10  2.44e-04    22s
  16   4.47142455e+03  4.47348721e+03  1.05e-05 4.66e-10  1.42e-04    23s
  17   4.47196430e+03  4.47310944e+03  6.18e-06 6.11e-10  8.05e-05    23s
  18   4.47226733e+03  4.47292871e+03  3.61e-06 5.73e-10  4.67e-05    24s
  19   4.47240683e+03  4.47285852e+03  2.50e-06 4.71e-10  3.21e-05    25s
  20   4.47251523e+03  4.47281980e+03  1.65e-06 4.87e-10  2.14e-05    26s
  21   4.47263434e+03  4.47278298e+03  7.28e-07 4.39e-10  1.01e-05    27s
  22   4.47271939e+03  4.47275071e+03  1.05e-07 6.17e-10  1.86e-06    27s
  23   4.47273356e+03  4.47273973e+03  1.96e-08 5.31e-10  3.61e-07    28s
  24   4.47273677e+03  4.47273728e+03  7.10e-10 5.31e-10  2.52e-08    29s
  25   4.47273702e+03  4.47273704e+03  4.26e-11 6.36e-10  1.28e-09    30s

Barrier solved model in 25 iterations and 30.20 seconds
Optimal objective 4.47273702e+03

