Traceback (most recent call last):
  File "/user/bnickson/git_hub/aplc_optimization/surveys/scda_scda_segment_size_N0500_telserv3/drivers/02_SCDA_N500_FPM350M0150_IWA0340_OWA01200_C10_BW10_Nlam3_LS_ID0_OD0_OD_no__ls_truts_gy_ovs.py", line 12, in <module>
    import asdf
  File "/home/bnickson/miniconda3/envs/aplc-optimization/lib/python3.7/site-packages/asdf/__init__.py", line 13, in <module>
    from ._internal_init import *
  File "/home/bnickson/miniconda3/envs/aplc-optimization/lib/python3.7/site-packages/asdf/_internal_init.py", line 9, in <module>
    from .version import version as __version__
  File "/home/bnickson/miniconda3/envs/aplc-optimization/lib/python3.7/site-packages/asdf/version.py", line 1, in <module>
    from pkg_resources import get_distribution, DistributionNotFound
  File "/home/bnickson/miniconda3/envs/aplc-optimization/lib/python3.7/site-packages/pkg_resources/__init__.py", line 36, in <module>
    import email.parser
  File "/home/bnickson/miniconda3/envs/aplc-optimization/lib/python3.7/email/parser.py", line 12, in <module>
    from email.feedparser import FeedParser, BytesFeedParser
  File "/home/bnickson/miniconda3/envs/aplc-optimization/lib/python3.7/email/feedparser.py", line 27, in <module>
    from email._policybase import compat32
  File "/home/bnickson/miniconda3/envs/aplc-optimization/lib/python3.7/email/_policybase.py", line 9, in <module>
    from email.utils import _has_surrogates
  File "<frozen importlib._bootstrap>", line 983, in _find_and_load
  File "<frozen importlib._bootstrap>", line 963, in _find_and_load_unlocked
  File "<frozen importlib._bootstrap>", line 906, in _find_spec
  File "<frozen importlib._bootstrap_external>", line 1280, in find_spec
  File "<frozen importlib._bootstrap_external>", line 1252, in _get_spec
  File "<frozen importlib._bootstrap_external>", line 1394, in find_spec
  File "<frozen importlib._bootstrap_external>", line 95, in _path_isfile
  File "<frozen importlib._bootstrap_external>", line 87, in _path_is_mode_type
  File "<frozen importlib._bootstrap_external>", line 81, in _path_stat
KeyboardInterrupt
