Optimizer called with the following parameters:
{'focal_plane_mask': {'field_stop_radius': -1.0,
                      'grayscale': True,
                      'num_pix': 150,
                      'radius': 3.5},
 'image': {'bandwidth': 0.1,
           'contrast': 10,
           'iwa': 3.4,
           'num_wavelengths': 3,
           'owa': 12.0,
           'resolution': 2},
 'instrument': {'inst_name': 'SCDA'},
 'lyot_stop': {'alignment_tolerance': 0,
               'filename': 'SCDA/LS_SCDA_ID0120_OD0982_no_struts_gy_ovsamp3_N0500.fits',
               'num_lyot_stops': 1},
 'method': {'edge_width_for_prior': 2,
            'ending_scale': 1,
            'force_no_hermitian_symmetry': False,
            'force_no_x_mirror_symmetry': False,
            'force_no_y_mirror_symmetry': False,
            'initial_throughput_estimate': 1,
            'maximize_planet_throughput': True,
            'num_throughput_iterations': 2,
            'starting_scale': 1},
 'pupil': {'N': 500,
           'filename': 'SCDA/TelAp_SCDA_04-Hex_clipped_gy_gap_pad02_ovsamp03_N0500.fits'},
 'solver': {'crossover': 0,
            'method': 2,
            'num_threads': 0}}

File organization:
{'analysis_dir': '/user/bnickson/git_hub/aplc_optimization/surveys/scda_scda_segment_size_N0500_telserv3/analysis',
 'drivers_dir': '/user/bnickson/git_hub/aplc_optimization/surveys/scda_scda_segment_size_N0500_telserv3/drivers',
 'input_files_dir': '/user/bnickson/git_hub/aplc_optimization/masks',
 'log_dir': '/user/bnickson/git_hub/aplc_optimization/surveys/scda_scda_segment_size_N0500_telserv3/logs',
 'solution_dir': '/user/bnickson/git_hub/aplc_optimization/surveys/scda_scda_segment_size_N0500_telserv3/solutions',
 'survey_dir': '/user/bnickson/git_hub/aplc_optimization/surveys/scda_scda_segment_size_N0500_telserv3'}

Telescope pupil:
   Mirror symmetry in x: yes
   Mirror symmetry in y: yes

Lyot stop #0:
   Mirror symmetry in x: yes
Lyot stop #0:
   Mirror symmetry in y: yes

Complete APLC:
   Mirror symmetry in x: yes
   Mirror symmetry in y: yes

Starting optimization at scale 1 with 44873 variables and 1242 constraints.
Creating model...
Using license file /home/bnickson/gurobi.lic
Academic license - for non-commercial use only
Parameter Threads unchanged
   Value: 0  Min: 0  Max: 1024  Default: 0
Changed value of parameter Crossover to 0
   Prev: -1  Min: -1  Max: 5  Default: -1
Changed value of parameter Method to 2
   Prev: -1  Min: -1  Max: 5  Default: -1
Calculating and adding constraints...
Wavelength 1/3; Variable 1000/44873
Wavelength 1/3; Variable 2000/44873
Wavelength 1/3; Variable 3000/44873
Traceback (most recent call last):
  File "/user/bnickson/git_hub/aplc_optimization/surveys/scda_scda_segment_size_N0500_telserv3/drivers/03_SCDA_N500_FPM350M0150_IWA0340_OWA01200_C10_BW10_Nlam3_LS_ID0_OD0_OD_no__ls_truts_gy_ovs.py", line 137, in <module>
    solver_method=solver_method)
  File "/user/bnickson/git_hub/aplc_optimization/aplc_optimization/optimizer.py", line 378, in optimize_aplc
    lyot = aplc(Wavefront(x, wavelength))
  File "/home/bnickson/miniconda3/envs/aplc-optimization/lib/python3.7/site-packages/hcipy/optics/optical_element.py", line 28, in __call__
    return self.forward(wavefront)
  File "/home/bnickson/miniconda3/envs/aplc-optimization/lib/python3.7/site-packages/hcipy/coronagraphy/lyot.py", line 57, in forward
    lyot = self.prop.backward(wf_foc)
  File "/home/bnickson/miniconda3/envs/aplc-optimization/lib/python3.7/site-packages/hcipy/optics/optical_element.py", line 761, in res
    return backward(self, instance_data, wavefront, *args, **kwargs)
  File "/home/bnickson/miniconda3/envs/aplc-optimization/lib/python3.7/site-packages/hcipy/propagation/fraunhofer.py", line 89, in backward
    U_new = instance_data.fourier_transform.backward(wavefront.electric_field) / instance_data.norm_factor
  File "/home/bnickson/miniconda3/envs/aplc-optimization/lib/python3.7/site-packages/hcipy/fourier/fourier_transform.py", line 187, in inner
    return func(self, field)
  File "/home/bnickson/miniconda3/envs/aplc-optimization/lib/python3.7/site-packages/hcipy/fourier/matrix_fourier_transform.py", line 55, in backward
    res /= (2 * np.pi)**self.ndim
KeyboardInterrupt
