Traceback (most recent call last):
  File "/user/bnickson/git_hub/aplc_optimization/surveys/scda_scda_segment_size_N0500_telserv3/drivers/08_SCDA_N500_FPM350M0150_IWA0340_OWA01200_C10_BW10_Nlam3_LS_ID0_OD0_OD_no__ls_truts_gy_ovs.py", line 10, in <module>
    import pprint
  File "/home/bnickson/miniconda3/envs/aplc-optimization/lib/python3.7/pprint.py", line 38, in <module>
    import re
  File "/home/bnickson/miniconda3/envs/aplc-optimization/lib/python3.7/re.py", line 123, in <module>
    import sre_compile
  File "/home/bnickson/miniconda3/envs/aplc-optimization/lib/python3.7/sre_compile.py", line 14, in <module>
    import sre_parse
  File "/home/bnickson/miniconda3/envs/aplc-optimization/lib/python3.7/sre_parse.py", line 15, in <module>
    from sre_constants import *
  File "<frozen importlib._bootstrap>", line 983, in _find_and_load
  File "<frozen importlib._bootstrap>", line 963, in _find_and_load_unlocked
  File "<frozen importlib._bootstrap>", line 906, in _find_spec
  File "<frozen importlib._bootstrap_external>", line 1280, in find_spec
  File "<frozen importlib._bootstrap_external>", line 1252, in _get_spec
  File "<frozen importlib._bootstrap_external>", line 1394, in find_spec
  File "<frozen importlib._bootstrap_external>", line 95, in _path_isfile
  File "<frozen importlib._bootstrap_external>", line 87, in _path_is_mode_type
  File "<frozen importlib._bootstrap_external>", line 81, in _path_stat
KeyboardInterrupt
