Optimizer called with the following parameters:
{'focal_plane_mask': {'field_stop_radius': -1.0,
                      'grayscale': True,
                      'num_pix': 50,
                      'radius': 3.88},
 'image': {'bandwidth': 0.18,
           'contrast': 10,
           'iwa': 3.0,
           'num_wavelengths': 8,
           'owa': 12.0,
           'resolution': 2},
 'lyot_stop': {'alignment_tolerance': 0,
               'filename': 'LUVOIR/LS_LUVOIR_ID0190_OD0937_struts_pad02_gy_ovsamp4_N0200.fits',
               'num_lyot_stops': 1},
 'method': {'edge_width_for_prior': 2,
            'ending_scale': 1,
            'force_no_hermitian_symmetry': False,
            'force_no_x_mirror_symmetry': False,
            'force_no_y_mirror_symmetry': False,
            'initial_throughput_estimate': 1,
            'maximize_planet_throughput': True,
            'num_throughput_iterations': 2,
            'starting_scale': 1},
 'pupil': {'N': 200,
           'filename': 'LUVOIR/TelAp_LUVOIR_gap_pad04_bw_ovsamp04_N0200.fits'},
 'solver': {'crossover': 0,
            'method': 2,
            'num_threads': 0}}

File organization:
{'analysis_dir': '/user/kstlaurent/git/progressive_refinement_coronagraphy/surveys/luvoir_N0200_small_telserv3/analysis',
 'drivers_dir': '/user/kstlaurent/git/progressive_refinement_coronagraphy/surveys/luvoir_N0200_small_telserv3/drivers',
 'input_files_dir': '/user/kstlaurent/git/progressive_refinement_coronagraphy/masks',
 'log_dir': '/user/kstlaurent/git/progressive_refinement_coronagraphy/surveys/luvoir_N0200_small_telserv3/logs',
 'solution_dir': '/user/kstlaurent/git/progressive_refinement_coronagraphy/surveys/luvoir_N0200_small_telserv3/solutions',
 'survey_dir': '/user/kstlaurent/git/progressive_refinement_coronagraphy/surveys/luvoir_N0200_small_telserv3'}

Telescope pupil:
   Mirror symmetry in x: yes
   Mirror symmetry in y: no

Lyot stop #0:
   Mirror symmetry in x: yes
Lyot stop #0:
   Mirror symmetry in y: no

Complete APLC:
   Mirror symmetry in x: yes
   Mirror symmetry in y: no

Starting optimization at scale 1 with 13749 variables and 6768 constraints.
Creating model...
Academic license - for non-commercial use only
Parameter Threads unchanged
   Value: 0  Min: 0  Max: 1024  Default: 0
Changed value of parameter Crossover to 0
   Prev: -1  Min: -1  Max: 5  Default: -1
Changed value of parameter Method to 2
   Prev: -1  Min: -1  Max: 5  Default: -1
Calculating and adding constraints...
Wavelength 1/8; Variable 1000/13749
Wavelength 1/8; Variable 2000/13749
Wavelength 1/8; Variable 3000/13749
Wavelength 1/8; Variable 4000/13749
Wavelength 1/8; Variable 5000/13749
Wavelength 1/8; Variable 6000/13749
Wavelength 1/8; Variable 7000/13749
Wavelength 1/8; Variable 8000/13749
Wavelength 1/8; Variable 9000/13749
Wavelength 1/8; Variable 10000/13749
Wavelength 1/8; Variable 11000/13749
Wavelength 1/8; Variable 12000/13749
Wavelength 1/8; Variable 13000/13749
Wavelength 2/8; Variable 1000/13749
Wavelength 2/8; Variable 2000/13749
Wavelength 2/8; Variable 3000/13749
Wavelength 2/8; Variable 4000/13749
Wavelength 2/8; Variable 5000/13749
Wavelength 2/8; Variable 6000/13749
Wavelength 2/8; Variable 7000/13749
Wavelength 2/8; Variable 8000/13749
Wavelength 2/8; Variable 9000/13749
Wavelength 2/8; Variable 10000/13749
Wavelength 2/8; Variable 11000/13749
Wavelength 2/8; Variable 12000/13749
Wavelength 2/8; Variable 13000/13749
Wavelength 3/8; Variable 1000/13749
Wavelength 3/8; Variable 2000/13749
Wavelength 3/8; Variable 3000/13749
Wavelength 3/8; Variable 4000/13749
Wavelength 3/8; Variable 5000/13749
Wavelength 3/8; Variable 6000/13749
Wavelength 3/8; Variable 7000/13749
Wavelength 3/8; Variable 8000/13749
Wavelength 3/8; Variable 9000/13749
Wavelength 3/8; Variable 10000/13749
Wavelength 3/8; Variable 11000/13749
Wavelength 3/8; Variable 12000/13749
Wavelength 3/8; Variable 13000/13749
Wavelength 4/8; Variable 1000/13749
Wavelength 4/8; Variable 2000/13749
Wavelength 4/8; Variable 3000/13749
Wavelength 4/8; Variable 4000/13749
Wavelength 4/8; Variable 5000/13749
Wavelength 4/8; Variable 6000/13749
Wavelength 4/8; Variable 7000/13749
Wavelength 4/8; Variable 8000/13749
Wavelength 4/8; Variable 9000/13749
Wavelength 4/8; Variable 10000/13749
Wavelength 4/8; Variable 11000/13749
Wavelength 4/8; Variable 12000/13749
Wavelength 4/8; Variable 13000/13749
Wavelength 5/8; Variable 1000/13749
Wavelength 5/8; Variable 2000/13749
Wavelength 5/8; Variable 3000/13749
Wavelength 5/8; Variable 4000/13749
Wavelength 5/8; Variable 5000/13749
Wavelength 5/8; Variable 6000/13749
Wavelength 5/8; Variable 7000/13749
Wavelength 5/8; Variable 8000/13749
Wavelength 5/8; Variable 9000/13749
Wavelength 5/8; Variable 10000/13749
Wavelength 5/8; Variable 11000/13749
Wavelength 5/8; Variable 12000/13749
Wavelength 5/8; Variable 13000/13749
Wavelength 6/8; Variable 1000/13749
Wavelength 6/8; Variable 2000/13749
Wavelength 6/8; Variable 3000/13749
Wavelength 6/8; Variable 4000/13749
Wavelength 6/8; Variable 5000/13749
Wavelength 6/8; Variable 6000/13749
Wavelength 6/8; Variable 7000/13749
Wavelength 6/8; Variable 8000/13749
Wavelength 6/8; Variable 9000/13749
Wavelength 6/8; Variable 10000/13749
Wavelength 6/8; Variable 11000/13749
Wavelength 6/8; Variable 12000/13749
Wavelength 6/8; Variable 13000/13749
Warning for adding constraints: zero or small (< 1e-13) coefficients, ignored
Wavelength 7/8; Variable 1000/13749
Wavelength 7/8; Variable 2000/13749
Wavelength 7/8; Variable 3000/13749
Wavelength 7/8; Variable 4000/13749
Wavelength 7/8; Variable 5000/13749
Wavelength 7/8; Variable 6000/13749
Wavelength 7/8; Variable 7000/13749
Wavelength 7/8; Variable 8000/13749
Wavelength 7/8; Variable 9000/13749
Wavelength 7/8; Variable 10000/13749
Wavelength 7/8; Variable 11000/13749
Wavelength 7/8; Variable 12000/13749
Wavelength 7/8; Variable 13000/13749
Wavelength 8/8; Variable 1000/13749
Wavelength 8/8; Variable 2000/13749
Wavelength 8/8; Variable 3000/13749
Wavelength 8/8; Variable 4000/13749
Wavelength 8/8; Variable 5000/13749
Wavelength 8/8; Variable 6000/13749
Wavelength 8/8; Variable 7000/13749
Wavelength 8/8; Variable 8000/13749
Wavelength 8/8; Variable 9000/13749
Wavelength 8/8; Variable 10000/13749
Wavelength 8/8; Variable 11000/13749
Wavelength 8/8; Variable 12000/13749
Wavelength 8/8; Variable 13000/13749
Start optimization...
Optimize a model with 13536 rows, 13749 columns and 186106462 nonzeros
Coefficient statistics:
  Matrix range     [3e-13, 2e-04]
  Objective range  [5e-02, 1e+00]
  Bounds range     [1e+00, 1e+00]
  RHS range        [1e-05, 1e-05]
Presolve removed 0 rows and 0 columns (presolve time = 6s) ...
Presolve removed 0 rows and 0 columns (presolve time = 18s) ...
Presolve removed 0 rows and 0 columns (presolve time = 39s) ...
Presolve removed 6768 rows and 0 columns (presolve time = 42s) ...
Presolve removed 6768 rows and 0 columns
Presolve time: 42.53s
Presolved: 6768 rows, 20517 columns, 93059996 nonzeros
Ordering time: 0.00s

Barrier statistics:
 AA' NZ     : 2.290e+07
 Factor NZ  : 2.291e+07 (roughly 200 MBytes of memory)
 Factor Ops : 1.034e+11 (roughly 1 second per iteration)
 Threads    : 24

                  Objective                Residual
Iter       Primal          Dual         Primal    Dual     Compl     Time
   0   4.42255062e+06  2.92588296e+04  2.83e+01 8.91e-11  8.72e+02    58s
   1   1.17076257e+04  2.92057826e+04  3.84e-02 3.91e-10  1.75e+00    64s
   2   8.28065254e+03  1.77324617e+04  1.51e-02 1.57e-09  6.23e-01    69s
   3   6.99095245e+03  1.04008088e+04  6.50e-03 3.12e-09  2.11e-01    74s
   4   6.46356023e+03  8.07573381e+03  3.25e-03 7.00e-09  9.21e-02    79s
   5   6.20892376e+03  7.15476772e+03  1.99e-03 8.54e-09  5.15e-02    85s
   6   5.97428310e+03  6.43422269e+03  9.49e-04 1.40e-08  2.27e-02    90s
   7   5.88054804e+03  6.10982684e+03  5.12e-04 9.83e-09  1.12e-02    95s
   8   5.85181461e+03  5.94907243e+03  3.59e-04 1.12e-08  6.03e-03   100s
   9   5.83646958e+03  5.92426860e+03  2.69e-04 1.34e-08  4.85e-03   104s
  10   5.82765548e+03  5.90163654e+03  2.11e-04 9.94e-09  3.91e-03   109s
  11   5.82360961e+03  5.88359761e+03  1.86e-04 1.03e-08  3.30e-03   113s
  12   5.81812204e+03  5.86323583e+03  1.50e-04 9.62e-09  2.57e-03   118s
  13   5.81182260e+03  5.84780317e+03  1.07e-04 1.13e-08  1.91e-03   123s
  14   5.80884755e+03  5.83170655e+03  8.23e-05 1.15e-08  1.35e-03   128s
  15   5.80601272e+03  5.81951817e+03  6.01e-05 1.50e-08  9.01e-04   133s
  16   5.80490357e+03  5.81385642e+03  4.95e-05 1.91e-08  6.87e-04   139s
  17   5.80313323e+03  5.81038073e+03  3.49e-05 1.17e-08  5.07e-04   144s
  18   5.80274237e+03  5.80827432e+03  3.16e-05 1.47e-08  4.33e-04   148s
  19   5.80215881e+03  5.80629725e+03  2.58e-05 9.97e-09  3.44e-04   153s
  20   5.80178244e+03  5.80400757e+03  2.06e-05 1.04e-08  2.49e-04   158s
  21   5.80130478e+03  5.80263593e+03  1.56e-05 1.37e-08  1.80e-04   163s
  22   5.80077645e+03  5.80128779e+03  1.04e-05 2.08e-08  1.10e-04   169s
  23   5.80042227e+03  5.80063675e+03  7.59e-06 2.72e-08  7.68e-05   174s
  24   5.80017829e+03  5.80040192e+03  5.70e-06 2.21e-08  5.92e-05   179s
  25   5.79993735e+03  5.80012307e+03  3.89e-06 2.65e-08  4.12e-05   184s
  26   5.79965907e+03  5.79987901e+03  1.83e-06 1.09e-08  2.26e-05   189s
  27   5.79959178e+03  5.79963364e+03  1.19e-06 1.19e-08  1.23e-05   194s
  28   5.79952889e+03  5.79954331e+03  7.29e-07 1.32e-08  7.21e-06   200s
  29   5.79948896e+03  5.79949858e+03  4.23e-07 1.20e-08  4.22e-06   205s
  30   5.79946159e+03  5.79947834e+03  2.06e-07 1.32e-08  2.35e-06   209s
  31   5.79944689e+03  5.79945223e+03  8.48e-08 1.37e-08  9.28e-07   214s
  32   5.79943981e+03  5.79943988e+03  2.29e-08 1.43e-08  2.17e-07   220s
  33   5.79943821e+03  5.79943867e+03  5.53e-09 1.82e-08  6.32e-08   226s
  34   5.79943795e+03  5.79943816e+03  2.66e-09 2.63e-08  3.02e-08   231s
  35   5.79943772e+03  5.79943784e+03  3.05e-10 1.50e-08  5.32e-09   236s
  36   5.79943775e+03  5.79943775e+03  4.28e-11 1.30e-08  8.76e-10   242s

Barrier solved model in 36 iterations and 241.77 seconds
Optimal objective 5.79943775e+03

Optimization finished!
Restarting optimization for throughput iteration 1...
Optimize a model with 13536 rows, 13749 columns and 186106462 nonzeros
Coefficient statistics:
  Matrix range     [3e-13, 2e-04]
  Objective range  [5e-02, 1e+00]
  Bounds range     [1e+00, 1e+00]
  RHS range        [6e-06, 6e-06]
Presolve removed 0 rows and 0 columns (presolve time = 6s) ...
Presolve removed 0 rows and 0 columns (presolve time = 17s) ...
Presolve removed 0 rows and 0 columns (presolve time = 37s) ...
Presolve removed 6768 rows and 0 columns (presolve time = 40s) ...
Presolve removed 6768 rows and 0 columns
Presolve time: 40.59s
Presolved: 6768 rows, 20517 columns, 93059996 nonzeros
Ordering time: 0.00s

Barrier statistics:
 AA' NZ     : 2.290e+07
 Factor NZ  : 2.291e+07 (roughly 200 MBytes of memory)
 Factor Ops : 1.034e+11 (roughly 1 second per iteration)
 Threads    : 24

                  Objective                Residual
Iter       Primal          Dual         Primal    Dual     Compl     Time
   0   4.42255062e+06  2.87774318e+04  2.83e+01 8.91e-11  8.72e+02    57s
   1   1.17045150e+04  2.87245290e+04  3.84e-02 2.84e-10  1.74e+00    61s
   2   8.17781101e+03  1.55489889e+04  1.46e-02 1.67e-09  5.43e-01    66s
   3   6.95857765e+03  9.98856449e+03  6.47e-03 3.89e-09  2.06e-01    71s
   4   6.24079265e+03  7.86568934e+03  2.99e-03 6.03e-09  9.34e-02    77s
   5   6.00149651e+03  7.05024311e+03  1.59e-03 7.70e-09  5.17e-02    83s
   6   5.84219337e+03  6.32982274e+03  8.23e-04 1.31e-08  2.34e-02    89s
   7   5.79120178e+03  5.98324683e+03  5.65e-04 1.04e-08  1.17e-02    94s
   8   5.76280720e+03  5.89883885e+03  4.13e-04 4.05e-08  8.30e-03    99s
   9   5.75403891e+03  5.87310425e+03  3.70e-04 3.47e-08  7.37e-03   104s
  10   5.73809533e+03  5.84169001e+03  2.95e-04 1.62e-08  6.06e-03   109s
  11   5.72897142e+03  5.82708136e+03  2.53e-04 1.84e-08  5.42e-03   113s
  12   5.71930165e+03  5.79122966e+03  2.10e-04 1.25e-08  4.26e-03   118s
  13   5.70465157e+03  5.75723613e+03  1.42e-04 3.34e-07  2.98e-03   123s
  14   5.69566530e+03  5.74073604e+03  9.99e-05 2.26e-07  2.29e-03   128s
  15   5.69160377e+03  5.72276884e+03  7.97e-05 2.47e-08  1.72e-03   133s
  16   5.68754181e+03  5.70671199e+03  6.01e-05 2.38e-06  1.20e-03   138s
  17   5.68402430e+03  5.70192157e+03  4.30e-05 1.81e-06  9.62e-04   144s
  18   5.68223356e+03  5.69554572e+03  3.38e-05 1.84e-06  7.39e-04   149s
  19   5.68131792e+03  5.68952636e+03  2.91e-05 3.78e-06  5.58e-04   154s
  20   5.68041045e+03  5.68670292e+03  2.44e-05 4.21e-06  4.54e-04   158s
  21   5.67995392e+03  5.68507083e+03  2.20e-05 3.08e-06  3.95e-04   163s
  22   5.67903252e+03  5.68278538e+03  1.67e-05 1.05e-06  2.97e-04   167s
  23   5.67848930e+03  5.68173741e+03  1.36e-05 1.39e-06  2.47e-04   172s
  24   5.67831648e+03  5.68050532e+03  1.23e-05 2.79e-07  2.06e-04   176s
  25   5.67775093e+03  5.67887102e+03  8.67e-06 7.59e-07  1.34e-04   181s
  26   5.67735127e+03  5.67800657e+03  6.32e-06 2.50e-07  9.41e-05   187s
  27   5.67702399e+03  5.67765539e+03  4.50e-06 1.36e-07  7.11e-05   191s
  28   5.67684620e+03  5.67718392e+03  3.44e-06 2.93e-08  5.08e-05   196s
  29   5.67668118e+03  5.67684018e+03  2.50e-06 2.53e-07  3.48e-05   201s
  30   5.67653872e+03  5.67661510e+03  1.65e-06 9.86e-07  2.22e-05   205s
  31   5.67641078e+03  5.67643988e+03  9.01e-07 9.43e-07  1.19e-05   210s
  32   5.67636378e+03  5.67637191e+03  5.89e-07 1.26e-06  7.48e-06   215s
  33   5.67631298e+03  5.67631293e+03  2.84e-07 5.94e-07  3.51e-06   221s
  34   5.67628444e+03  5.67628945e+03  1.08e-07 1.79e-07  1.45e-06   227s
  35   5.67627751e+03  5.67628005e+03  6.34e-08 1.58e-07  8.46e-07   233s
  36   5.67627203e+03  5.67627171e+03  2.81e-08 9.47e-07  3.39e-07   238s
  37   5.67626910e+03  5.67626895e+03  7.39e-09 5.52e-08  8.75e-08   243s
  38   5.67626856e+03  5.67626841e+03  2.94e-09 4.23e-07  3.27e-08   249s
  39   5.67626831e+03  5.67626829e+03  8.02e-10 1.29e-07  9.41e-09   256s

Barrier solved model in 39 iterations and 255.59 seconds
Optimal objective 5.67626831e+03

Optimization finished!
/user/kstlaurent/anaconda3/envs/coron_gur/lib/python3.6/site-packages/asdf/extension.py:211: AsdfDeprecationWarning: The module asdf.asdftypes has been deprecated and will be removed in 3.0. Use asdf.types instead. (from astropy.io.misc.asdf.extension.AstropyExtension)
  AsdfDeprecationWarning)
