Optimizer called with the following parameters:
{'focal_plane_mask': {'field_stop_radius': -1.0,
                      'grayscale': True,
                      'num_pix': 250,
                      'radius': 7.54},
 'image': {'bandwidth': 0.18,
           'contrast': 10,
           'iwa': 6.72,
           'num_wavelengths': 8,
           'owa': 26.88,
           'resolution': 2},
 'lyot_stop': {'alignment_tolerance': 0,
               'filename': 'LUVOIR/LS_LUVOIR_ID0195_OD0965_no_struts_gy_ovsamp4_N1000.fits',
               'num_lyot_stops': 1},
 'method': {'edge_width_for_prior': 2,
            'ending_scale': 1,
            'force_no_hermitian_symmetry': False,
            'force_no_x_mirror_symmetry': False,
            'force_no_y_mirror_symmetry': False,
            'initial_throughput_estimate': 1,
            'maximize_planet_throughput': True,
            'num_throughput_iterations': 2,
            'starting_scale': 4},
 'pupil': {'N': 1000,
           'filename': 'LUVOIR/TelAp_LUVOIR_gap_pad01_bw_ovsamp04_N1000.fits'},
 'solver': {'crossover': 0,
            'method': 2,
            'num_threads': 0}}

File organization:
{'analysis_dir': '/user/kstlaurent/git/progressive_refinement_coronagraphy/surveys/luvoir_BW18_medium_N1000_telserv3/analysis',
 'drivers_dir': '/user/kstlaurent/git/progressive_refinement_coronagraphy/surveys/luvoir_BW18_medium_N1000_telserv3/drivers',
 'input_files_dir': '/user/kstlaurent/git/progressive_refinement_coronagraphy/masks',
 'log_dir': '/user/kstlaurent/git/progressive_refinement_coronagraphy/surveys/luvoir_BW18_medium_N1000_telserv3/logs',
 'solution_dir': '/user/kstlaurent/git/progressive_refinement_coronagraphy/surveys/luvoir_BW18_medium_N1000_telserv3/solutions',
 'survey_dir': '/user/kstlaurent/git/progressive_refinement_coronagraphy/surveys/luvoir_BW18_medium_N1000_telserv3'}

Telescope pupil:
   Mirror symmetry in x: yes
   Mirror symmetry in y: no

Lyot stop #0:
   Mirror symmetry in x: yes
Lyot stop #0:
   Mirror symmetry in y: yes

Complete APLC:
   Mirror symmetry in x: yes
   Mirror symmetry in y: no

Starting optimization at scale 4 with 21740 variables and 34080 constraints.
Creating model...
Academic license - for non-commercial use only
Parameter Threads unchanged
   Value: 0  Min: 0  Max: 1024  Default: 0
Changed value of parameter Crossover to 0
   Prev: -1  Min: -1  Max: 5  Default: -1
Changed value of parameter Method to 2
   Prev: -1  Min: -1  Max: 5  Default: -1
Calculating and adding constraints...
Wavelength 1/8; Variable 1000/21740
Wavelength 1/8; Variable 2000/21740
Wavelength 1/8; Variable 3000/21740
Wavelength 1/8; Variable 4000/21740
Wavelength 1/8; Variable 5000/21740
Wavelength 1/8; Variable 6000/21740
Wavelength 1/8; Variable 7000/21740
Wavelength 1/8; Variable 8000/21740
Wavelength 1/8; Variable 9000/21740
Wavelength 1/8; Variable 10000/21740
Wavelength 1/8; Variable 11000/21740
Wavelength 1/8; Variable 12000/21740
Wavelength 1/8; Variable 13000/21740
Wavelength 1/8; Variable 14000/21740
Wavelength 1/8; Variable 15000/21740
Wavelength 1/8; Variable 16000/21740
Wavelength 1/8; Variable 17000/21740
Wavelength 1/8; Variable 18000/21740
Wavelength 1/8; Variable 19000/21740
Wavelength 1/8; Variable 20000/21740
Wavelength 1/8; Variable 21000/21740
Warning for adding constraints: zero or small (< 1e-13) coefficients, ignored
Wavelength 2/8; Variable 1000/21740
Wavelength 2/8; Variable 2000/21740
Wavelength 2/8; Variable 3000/21740
Wavelength 2/8; Variable 4000/21740
Wavelength 2/8; Variable 5000/21740
Wavelength 2/8; Variable 6000/21740
Wavelength 2/8; Variable 7000/21740
Wavelength 2/8; Variable 8000/21740
Wavelength 2/8; Variable 9000/21740
Wavelength 2/8; Variable 10000/21740
Wavelength 2/8; Variable 11000/21740
Wavelength 2/8; Variable 12000/21740
Wavelength 2/8; Variable 13000/21740
Wavelength 2/8; Variable 14000/21740
Wavelength 2/8; Variable 15000/21740
Wavelength 2/8; Variable 16000/21740
Wavelength 2/8; Variable 17000/21740
Wavelength 2/8; Variable 18000/21740
Wavelength 2/8; Variable 19000/21740
Wavelength 2/8; Variable 20000/21740
Wavelength 2/8; Variable 21000/21740
Wavelength 3/8; Variable 1000/21740
Wavelength 3/8; Variable 2000/21740
Wavelength 3/8; Variable 3000/21740
Wavelength 3/8; Variable 4000/21740
Wavelength 3/8; Variable 5000/21740
Wavelength 3/8; Variable 6000/21740
Wavelength 3/8; Variable 7000/21740
Wavelength 3/8; Variable 8000/21740
Wavelength 3/8; Variable 9000/21740
Wavelength 3/8; Variable 10000/21740
Wavelength 3/8; Variable 11000/21740
Wavelength 3/8; Variable 12000/21740
Wavelength 3/8; Variable 13000/21740
Wavelength 3/8; Variable 14000/21740
Wavelength 3/8; Variable 15000/21740
Wavelength 3/8; Variable 16000/21740
Wavelength 3/8; Variable 17000/21740
Wavelength 3/8; Variable 18000/21740
Wavelength 3/8; Variable 19000/21740
Wavelength 3/8; Variable 20000/21740
Wavelength 3/8; Variable 21000/21740
Wavelength 4/8; Variable 1000/21740
Wavelength 4/8; Variable 2000/21740
Wavelength 4/8; Variable 3000/21740
Wavelength 4/8; Variable 4000/21740
Wavelength 4/8; Variable 5000/21740
Wavelength 4/8; Variable 6000/21740
Wavelength 4/8; Variable 7000/21740
Wavelength 4/8; Variable 8000/21740
Wavelength 4/8; Variable 9000/21740
Wavelength 4/8; Variable 10000/21740
Wavelength 4/8; Variable 11000/21740
Wavelength 4/8; Variable 12000/21740
Wavelength 4/8; Variable 13000/21740
Wavelength 4/8; Variable 14000/21740
Wavelength 4/8; Variable 15000/21740
Wavelength 4/8; Variable 16000/21740
Wavelength 4/8; Variable 17000/21740
Wavelength 4/8; Variable 18000/21740
Wavelength 4/8; Variable 19000/21740
Wavelength 4/8; Variable 20000/21740
Wavelength 4/8; Variable 21000/21740
Wavelength 5/8; Variable 1000/21740
Wavelength 5/8; Variable 2000/21740
Wavelength 5/8; Variable 3000/21740
Wavelength 5/8; Variable 4000/21740
Wavelength 5/8; Variable 5000/21740
Wavelength 5/8; Variable 6000/21740
Wavelength 5/8; Variable 7000/21740
Wavelength 5/8; Variable 8000/21740
Wavelength 5/8; Variable 9000/21740
Wavelength 5/8; Variable 10000/21740
Wavelength 5/8; Variable 11000/21740
Wavelength 5/8; Variable 12000/21740
Wavelength 5/8; Variable 13000/21740
Wavelength 5/8; Variable 14000/21740
Wavelength 5/8; Variable 15000/21740
Wavelength 5/8; Variable 16000/21740
Wavelength 5/8; Variable 17000/21740
Wavelength 5/8; Variable 18000/21740
Wavelength 5/8; Variable 19000/21740
Wavelength 5/8; Variable 20000/21740
Wavelength 5/8; Variable 21000/21740
Wavelength 6/8; Variable 1000/21740
Wavelength 6/8; Variable 2000/21740
Wavelength 6/8; Variable 3000/21740
Wavelength 6/8; Variable 4000/21740
Wavelength 6/8; Variable 5000/21740
Wavelength 6/8; Variable 6000/21740
Wavelength 6/8; Variable 7000/21740
Wavelength 6/8; Variable 8000/21740
Wavelength 6/8; Variable 9000/21740
Wavelength 6/8; Variable 10000/21740
Wavelength 6/8; Variable 11000/21740
Wavelength 6/8; Variable 12000/21740
Wavelength 6/8; Variable 13000/21740
Wavelength 6/8; Variable 14000/21740
Wavelength 6/8; Variable 15000/21740
Wavelength 6/8; Variable 16000/21740
Wavelength 6/8; Variable 17000/21740
Wavelength 6/8; Variable 18000/21740
Wavelength 6/8; Variable 19000/21740
Wavelength 6/8; Variable 20000/21740
Wavelength 6/8; Variable 21000/21740
Wavelength 7/8; Variable 1000/21740
Wavelength 7/8; Variable 2000/21740
Wavelength 7/8; Variable 3000/21740
Wavelength 7/8; Variable 4000/21740
Wavelength 7/8; Variable 5000/21740
Wavelength 7/8; Variable 6000/21740
Wavelength 7/8; Variable 7000/21740
Wavelength 7/8; Variable 8000/21740
Wavelength 7/8; Variable 9000/21740
Wavelength 7/8; Variable 10000/21740
Wavelength 7/8; Variable 11000/21740
Wavelength 7/8; Variable 12000/21740
Wavelength 7/8; Variable 13000/21740
Wavelength 7/8; Variable 14000/21740
Wavelength 7/8; Variable 15000/21740
Wavelength 7/8; Variable 16000/21740
Wavelength 7/8; Variable 17000/21740
Wavelength 7/8; Variable 18000/21740
Wavelength 7/8; Variable 19000/21740
Wavelength 7/8; Variable 20000/21740
Wavelength 7/8; Variable 21000/21740
Wavelength 8/8; Variable 1000/21740
Wavelength 8/8; Variable 2000/21740
Wavelength 8/8; Variable 3000/21740
Wavelength 8/8; Variable 4000/21740
Wavelength 8/8; Variable 5000/21740
Wavelength 8/8; Variable 6000/21740
Wavelength 8/8; Variable 7000/21740
Wavelength 8/8; Variable 8000/21740
Wavelength 8/8; Variable 9000/21740
Wavelength 8/8; Variable 10000/21740
Wavelength 8/8; Variable 11000/21740
Wavelength 8/8; Variable 12000/21740
Wavelength 8/8; Variable 13000/21740
Wavelength 8/8; Variable 14000/21740
Wavelength 8/8; Variable 15000/21740
Wavelength 8/8; Variable 16000/21740
Wavelength 8/8; Variable 17000/21740
Wavelength 8/8; Variable 18000/21740
Wavelength 8/8; Variable 19000/21740
Wavelength 8/8; Variable 20000/21740
Wavelength 8/8; Variable 21000/21740
Start optimization...
Optimize a model with 68160 rows, 21740 columns and 1481798280 nonzeros
Coefficient statistics:
  Matrix range     [1e-13, 1e-04]
  Objective range  [2e-03, 1e+00]
  Bounds range     [1e+00, 1e+00]
  RHS range        [1e-05, 1e-05]
Presolve removed 0 rows and 0 columns (presolve time = 60s) ...
Presolve removed 0 rows and 0 columns (presolve time = 99s) ...
Presolve removed 0 rows and 0 columns (presolve time = 165s) ...
Presolve removed 0 rows and 0 columns (presolve time = 312s) ...
Presolve removed 0 rows and 0 columns (presolve time = 329s) ...
Presolve time: 370.22s
Presolved: 21740 rows, 89900 columns, 1481820020 nonzeros
Ordering time: 0.00s

Barrier statistics:
 AA' NZ     : 2.363e+08
 Factor NZ  : 2.363e+08 (roughly 2.0 GBytes of memory)
 Factor Ops : 3.425e+12 (roughly 60 seconds per iteration)
 Threads    : 24

                  Objective                Residual
Iter       Primal          Dual         Primal    Dual     Compl     Time
   0   7.74438288e+04  0.00000000e+00  0.00e+00 0.00e+00  1.44e+00   929s
   1   3.55029112e+04  6.15225819e+03  0.00e+00 6.21e-02  3.46e-01  1276s
   2   2.40660008e+04  1.13541236e+04  0.00e+00 2.60e-02  1.32e-01  1630s
   3   1.87719793e+04  1.28246167e+04  0.00e+00 1.10e-02  5.72e-02  1989s
   4   1.69562566e+04  1.32605541e+04  0.00e+00 6.08e-03  3.46e-02  2344s
   5   1.56502026e+04  1.35118075e+04  0.00e+00 3.17e-03  1.97e-02  2723s
   6   1.49477270e+04  1.36519112e+04  0.00e+00 1.57e-03  1.18e-02  3104s
   7   1.44669693e+04  1.37328233e+04  0.00e+00 6.92e-04  6.63e-03  3486s
   8   1.40806982e+04  1.37811980e+04  0.00e+00 3.20e-04  2.70e-03  3867s
   9   1.39691176e+04  1.38054810e+04  0.00e+00 1.96e-04  1.47e-03  4244s
  10   1.39356947e+04  1.38164735e+04  0.00e+00 1.47e-04  1.07e-03  4606s
  11   1.39009110e+04  1.38312941e+04  0.00e+00 8.31e-05  6.27e-04  4974s
  12   1.38751401e+04  1.38406403e+04  0.00e+00 4.78e-05  3.11e-04  5353s
  13   1.38615126e+04  1.38496105e+04  0.00e+00 1.44e-05  1.07e-04  5746s
  14   1.38557575e+04  1.38533478e+04  0.00e+00 3.18e-06  2.17e-05  6148s
  15   1.38552923e+04  1.38543923e+04  0.00e+00 5.84e-07  8.08e-06  6557s
  16   1.38551005e+04  1.38546055e+04  0.00e+00 1.35e-07  4.44e-06  6959s
  17   1.38547359e+04  1.38546691e+04  3.72e-08 1.51e-08  5.99e-07  7390s
  18   1.38546907e+04  1.38546771e+04  1.80e-08 2.62e-09  1.22e-07  7895s
  19   1.38546907e+04  1.38546772e+04  4.65e-08 2.54e-09  1.21e-07  8282s
  20   1.38546907e+04  1.38546774e+04  1.21e-07 2.32e-09  1.19e-07  8674s
  21   1.38546907e+04  1.38546780e+04  2.56e-07 4.18e-10  1.14e-07  9059s
  22   1.38546906e+04  1.38546782e+04  3.83e-07 3.64e-10  1.12e-07  9441s
  23   1.38546906e+04  1.38546782e+04  6.16e-07 3.44e-10  1.11e-07  9819s
  24   1.38546905e+04  1.38546785e+04  1.01e-06 2.46e-10  1.07e-07  10224s
  25   1.38546905e+04  1.38546787e+04  8.69e-07 1.97e-10  1.05e-07  10618s
  26   1.38546904e+04  1.38546788e+04  1.03e-06 1.87e-10  1.04e-07  11004s
  27   1.38546903e+04  1.38546790e+04  1.72e-06 1.08e-10  1.01e-07  11410s
  28   1.38546902e+04  1.38546791e+04  2.03e-06 9.58e-11  1.00e-07  11811s
  29   1.38546902e+04  1.38546791e+04  2.05e-06 9.01e-11  9.92e-08  12196s
  30   1.38546901e+04  1.38546791e+04  2.91e-06 8.56e-11  9.83e-08  12569s
  31   1.38546899e+04  1.38546792e+04  3.90e-06 7.45e-11  9.53e-08  12941s
  32   1.38546889e+04  1.38546792e+04  8.40e-06 5.20e-11  8.60e-08  13302s
  33   1.38546882e+04  1.38546793e+04  1.13e-05 4.29e-11  7.85e-08  13670s
  34   1.38546871e+04  1.38546794e+04  1.83e-05 2.93e-11  6.78e-08  14040s
  35   1.38546865e+04  1.38546794e+04  1.93e-05 1.19e-11  6.07e-08  14408s
  36   1.38546864e+04  1.38546794e+04  2.28e-05 1.15e-11  6.07e-08  14772s
  37   1.38546860e+04  1.38546794e+04  2.15e-05 1.03e-11  5.77e-08  15137s
  38   1.38546860e+04  1.38546794e+04  2.34e-05 1.04e-11  5.65e-08  15513s
  39   1.38546859e+04  1.38546794e+04  2.36e-05 9.71e-12  5.61e-08  15887s
  40   1.38546842e+04  1.38546794e+04  3.24e-05 7.46e-12  4.29e-08  16259s
  41   1.38546841e+04  1.38546794e+04  3.20e-05 6.75e-12  4.17e-08  16633s
  42   1.38546848e+04  1.38546794e+04  3.98e-05 6.97e-12  4.13e-08  17005s
  43   1.38546848e+04  1.38546794e+04  3.86e-05 2.86e-12  3.87e-08  17375s
  44   1.38546847e+04  1.38546794e+04  3.82e-05 2.82e-12  3.67e-08  17743s
  45   1.38546843e+04  1.38546794e+04  3.86e-05 2.84e-12  3.43e-08  18124s
  46   1.38546844e+04  1.38546794e+04  3.79e-05 2.59e-12  3.43e-08  18489s
  47   1.38546844e+04  1.38546794e+04  3.49e-05 2.97e-12  3.31e-08  18859s
  48   1.38546839e+04  1.38546794e+04  4.47e-05 2.63e-12  3.21e-08  19249s
  49   1.38546839e+04  1.38546794e+04  4.68e-05 3.86e-12  3.19e-08  19631s
  50   1.38546836e+04  1.38546795e+04  6.39e-05 2.44e-12  2.33e-08  20033s
  51   1.38546835e+04  1.38546795e+04  9.17e-05 3.13e-12  2.16e-08  20423s
  52   1.38546839e+04  1.38546795e+04  8.49e-05 2.92e-12  1.98e-08  20805s
  53   1.38546834e+04  1.38546795e+04  8.38e-05 2.46e-12  1.55e-08  21242s
  54   1.38546833e+04  1.38546795e+04  7.94e-05 2.65e-12  1.45e-08  21636s
  55   1.38546823e+04  1.38546795e+04  7.01e-05 2.97e-12  1.21e-08  22036s
  56   1.38546820e+04  1.38546795e+04  6.90e-05 1.95e-12  1.12e-08  22444s
  57   1.38546818e+04  1.38546795e+04  6.77e-05 2.58e-12  1.10e-08  22833s
  58   1.38546813e+04  1.38546795e+04  6.79e-05 2.21e-12  1.05e-08  23220s
  59   1.38546811e+04  1.38546795e+04  7.35e-05 2.14e-12  9.80e-09  23589s
  60   1.38546809e+04  1.38546795e+04  7.13e-05 2.32e-12  8.98e-09  23963s
  61   1.38546809e+04  1.38546795e+04  6.85e-05 2.44e-12  8.94e-09  24348s
  62   1.38546808e+04  1.38546795e+04  6.09e-05 2.66e-12  8.88e-09  24727s
  63   1.38546807e+04  1.38546795e+04  7.46e-05 2.66e-12  7.99e-09  25125s
  64   1.38546819e+04  1.38546795e+04  5.83e-05 3.00e-12  5.82e-09  25556s
  65   1.38546819e+04  1.38546795e+04  5.55e-05 2.60e-12  5.69e-09  25933s
  66   1.38546819e+04  1.38546795e+04  5.58e-05 2.39e-12  5.67e-09  26313s
  67   1.38546817e+04  1.38546795e+04  5.16e-05 2.56e-12  5.23e-09  26702s
  68   1.38546817e+04  1.38546795e+04  5.66e-05 3.11e-12  5.21e-09  27069s
  69   1.38546817e+04  1.38546795e+04  5.59e-05 2.84e-12  5.16e-09  27430s
  70   1.38546813e+04  1.38546795e+04  5.93e-05 3.95e-12  5.14e-09  27817s
  71   1.38546811e+04  1.38546795e+04  6.02e-05 3.63e-12  5.06e-09  28199s
  72   1.38546809e+04  1.38546795e+04  6.06e-05 3.19e-12  5.06e-09  28587s
  73   1.38546809e+04  1.38546795e+04  6.18e-05 3.46e-12  5.06e-09  28980s
  74   1.38546806e+04  1.38546795e+04  5.80e-05 3.13e-12  4.75e-09  29366s
  75   1.38546806e+04  1.38546795e+04  5.46e-05 3.43e-12  4.67e-09  29758s
  76   1.38546806e+04  1.38546795e+04  5.40e-05 3.33e-12  4.63e-09  30142s
  77   1.38546806e+04  1.38546795e+04  5.34e-05 3.23e-12  4.63e-09  30532s
  78   1.38546804e+04  1.38546795e+04  5.65e-05 3.41e-12  4.56e-09  30940s
  79   1.38546807e+04  1.38546795e+04  5.34e-05 4.44e-12  4.21e-09  31346s
  80   1.38546807e+04  1.38546795e+04  5.31e-05 3.39e-12  4.09e-09  31753s
  81   1.38546809e+04  1.38546795e+04  5.36e-05 2.79e-12  4.07e-09  32136s
  82   1.38546801e+04  1.38546795e+04  6.63e-05 3.46e-12  3.55e-09  32581s
  83   1.38546801e+04  1.38546795e+04  6.92e-05 2.85e-12  3.49e-09  32968s
  84   1.38546801e+04  1.38546795e+04  6.88e-05 2.87e-12  3.49e-09  33353s
  85   1.38546797e+04  1.38546795e+04  7.71e-05 2.38e-12  2.80e-09  33785s
  86   1.38546796e+04  1.38546795e+04  6.69e-05 3.86e-12  2.50e-09  34197s
  87   1.38546795e+04  1.38546795e+04  6.89e-05 3.04e-12  2.49e-09  34587s
  88   1.38546795e+04  1.38546795e+04  6.90e-05 3.14e-12  2.49e-09  34971s
  89   1.38546795e+04  1.38546795e+04  6.89e-05 3.16e-12  2.49e-09  35359s
  90   1.38546795e+04  1.38546795e+04  6.91e-05 2.79e-12  2.49e-09  35738s
  91   1.38546795e+04  1.38546795e+04  6.73e-05 3.30e-12  2.45e-09  36145s
  92   1.38546795e+04  1.38546795e+04  6.77e-05 3.78e-12  2.44e-09  36527s
  93   1.38546796e+04  1.38546795e+04  6.71e-05 3.62e-12  2.37e-09  36911s
  94   1.38546797e+04  1.38546795e+04  6.63e-05 3.48e-12  2.29e-09  37294s
  95   1.38546798e+04  1.38546795e+04  6.68e-05 3.13e-12  2.29e-09  37683s
  96   1.38546799e+04  1.38546795e+04  7.08e-05 3.10e-12  1.81e-09  38115s
  97   1.38546804e+04  1.38546795e+04  6.61e-05 2.67e-12  1.71e-09  38513s
  98   1.38546802e+04  1.38546795e+04  6.51e-05 2.35e-12  1.54e-09  38917s
  99   1.38546801e+04  1.38546795e+04  6.16e-05 3.18e-12  1.43e-09  39308s
 100   1.38546802e+04  1.38546795e+04  6.42e-05 2.82e-12  1.43e-09  39678s
 101   1.38546802e+04  1.38546795e+04  6.34e-05 2.54e-12  1.41e-09  40050s
 102   1.38546802e+04  1.38546795e+04  5.79e-05 3.14e-12  1.39e-09  40419s
 103   1.38546802e+04  1.38546795e+04  5.77e-05 3.82e-12  1.38e-09  40793s
 104   1.38546803e+04  1.38546795e+04  5.57e-05 3.57e-12  1.36e-09  41178s
 105   1.38546803e+04  1.38546795e+04  5.37e-05 3.30e-12  1.36e-09  41558s
 106   1.38546803e+04  1.38546795e+04  5.29e-05 3.74e-12  1.34e-09  41948s
 107   1.38546803e+04  1.38546795e+04  5.29e-05 4.05e-12  1.34e-09  42336s
 108   1.38546802e+04  1.38546795e+04  5.14e-05 3.11e-12  1.33e-09  42718s
 109   1.38546806e+04  1.38546795e+04  4.86e-05 3.81e-12  1.21e-09  43101s
 110   1.38546802e+04  1.38546795e+04  4.99e-05 3.24e-12  1.16e-09  43485s
 111   1.38546802e+04  1.38546795e+04  5.15e-05 3.70e-12  1.16e-09  43872s
 112   1.38546804e+04  1.38546795e+04  5.09e-05 3.63e-12  1.10e-09  44281s
 113   1.38546802e+04  1.38546795e+04  4.87e-05 3.14e-12  1.07e-09  44698s
 114   1.38546807e+04  1.38546795e+04  5.31e-05 2.72e-12  1.03e-09  45086s
 115   1.38546807e+04  1.38546795e+04  4.77e-05 3.04e-12  9.87e-10  45491s
 116   1.38546808e+04  1.38546795e+04  4.95e-05 2.98e-12  9.82e-10  45875s
 117   1.38546808e+04  1.38546795e+04  4.64e-05 2.60e-12  9.33e-10  46281s
 118   1.38546808e+04  1.38546795e+04  5.66e-05 3.34e-12  9.09e-10  46671s
 119   1.38546798e+04  1.38546795e+04  8.89e-05 3.19e-12  6.16e-10  47122s
 120   1.38546798e+04  1.38546795e+04  8.20e-05 2.50e-12  5.53e-10  47536s
 121   1.38546799e+04  1.38546795e+04  7.88e-05 2.50e-12  5.30e-10  47933s
 122   1.38546796e+04  1.38546795e+04  7.47e-05 2.80e-12  5.30e-10  48319s
 123   1.38546799e+04  1.38546795e+04  1.06e-04 2.67e-12  4.73e-10  48725s
 124   1.38546799e+04  1.38546795e+04  1.10e-04 2.90e-12  4.73e-10  49114s
 125   1.38546799e+04  1.38546795e+04  1.10e-04 3.42e-12  4.73e-10  49500s
 126   1.38546798e+04  1.38546795e+04  1.03e-04 3.50e-12  4.56e-10  49903s
 127   1.38546798e+04  1.38546795e+04  9.46e-05 3.17e-12  4.12e-10  50288s
 128   1.38546798e+04  1.38546795e+04  9.37e-05 2.91e-12  4.07e-10  50670s
 129   1.38546798e+04  1.38546795e+04  9.44e-05 3.17e-12  4.07e-10  51058s
 130   1.38546801e+04  1.38546795e+04  9.34e-05 2.75e-12  4.07e-10  51440s
 131   1.38546801e+04  1.38546795e+04  8.86e-05 3.00e-12  3.80e-10  51822s
 132   1.38546796e+04  1.38546795e+04  7.61e-05 3.20e-12  3.24e-10  52234s
 133   1.38546794e+04  1.38546795e+04  7.28e-05 2.72e-12  2.89e-10  52660s
 134   1.38546794e+04  1.38546795e+04  7.15e-05 2.82e-12  2.87e-10  53044s
 135   1.38546795e+04  1.38546795e+04  6.38e-05 2.45e-12  2.03e-10  53479s
 136   1.38546796e+04  1.38546795e+04  6.74e-05 3.69e-12  1.99e-10  53874s
 137   1.38546796e+04  1.38546795e+04  6.72e-05 3.30e-12  1.95e-10  54259s
 138   1.38546797e+04  1.38546795e+04  5.62e-05 3.55e-12  1.71e-10  54656s
 139   1.38546798e+04  1.38546795e+04  6.43e-05 2.86e-12  1.51e-10  55051s
 140   1.38546799e+04  1.38546795e+04  6.32e-05 3.38e-12  1.38e-10  55423s
 141   1.38546802e+04  1.38546795e+04  5.88e-05 3.07e-12  1.36e-10  55797s
 142   1.38546802e+04  1.38546795e+04  5.85e-05 2.81e-12  1.34e-10  56176s
 143   1.38546802e+04  1.38546795e+04  5.62e-05 2.71e-12  1.31e-10  56547s
 144   1.38546798e+04  1.38546795e+04  5.36e-05 2.81e-12  1.24e-10  56921s
 145   1.38546798e+04  1.38546795e+04  5.35e-05 3.71e-12  1.23e-10  57340s
 146   1.38546799e+04  1.38546795e+04  5.04e-05 3.45e-12  1.17e-10  57735s
 147   1.38546799e+04  1.38546795e+04  5.01e-05 2.63e-12  1.15e-10  58108s
 148   1.38546800e+04  1.38546795e+04  4.94e-05 3.26e-12  1.13e-10  58473s
 149   1.38546799e+04  1.38546795e+04  4.93e-05 3.32e-12  1.11e-10  58878s
 150   1.38546798e+04  1.38546795e+04  4.68e-05 2.36e-12  1.02e-10  59282s
 151   1.38546801e+04  1.38546795e+04  4.60e-05 2.40e-12  1.02e-10  59665s
 152   1.38546801e+04  1.38546795e+04  4.64e-05 2.59e-12  1.01e-10  60034s
 153   1.38546802e+04  1.38546795e+04  4.75e-05 2.25e-12  9.91e-11  60425s

Barrier performed 153 iterations in 60424.77 seconds
Sub-optimal termination - objective 1.38546905e+04

Optimization finished!
Restarting optimization for throughput iteration 1...
Optimize a model with 68160 rows, 21740 columns and 1481798280 nonzeros
Coefficient statistics:
  Matrix range     [1e-13, 1e-04]
  Objective range  [2e-03, 1e+00]
  Bounds range     [1e+00, 1e+00]
  RHS range        [8e-06, 8e-06]
Presolve removed 0 rows and 0 columns (presolve time = 50s) ...
Presolve removed 0 rows and 0 columns (presolve time = 86s) ...
Presolve removed 0 rows and 0 columns (presolve time = 149s) ...
Presolve removed 0 rows and 0 columns (presolve time = 296s) ...
Presolve removed 0 rows and 0 columns (presolve time = 313s) ...
Presolve time: 352.66s
Presolved: 21740 rows, 89900 columns, 1481820020 nonzeros
Ordering time: 0.00s

Barrier statistics:
 AA' NZ     : 2.363e+08
 Factor NZ  : 2.363e+08 (roughly 2.0 GBytes of memory)
 Factor Ops : 3.425e+12 (roughly 45 seconds per iteration)
 Threads    : 24

                  Objective                Residual
Iter       Primal          Dual         Primal    Dual     Compl     Time
   0   7.48397117e+04  0.00000000e+00  0.00e+00 0.00e+00  1.41e+00   903s
   1   3.38205780e+04  6.05544229e+03  0.00e+00 6.31e-02  3.37e-01  1257s
   2   2.35073336e+04  1.12215954e+04  0.00e+00 2.72e-02  1.31e-01  1620s
   3   1.86426733e+04  1.25790474e+04  0.00e+00 1.28e-02  5.96e-02  1987s
   4   1.66573201e+04  1.31773923e+04  0.00e+00 6.34e-03  3.28e-02  2356s
   5   1.54459270e+04  1.34250065e+04  0.00e+00 3.18e-03  1.87e-02  2736s
   6   1.47306719e+04  1.35416623e+04  0.00e+00 2.15e-03  1.09e-02  3105s
   7   1.42632612e+04  1.36182389e+04  0.00e+00 1.49e-03  5.90e-03  3469s
   8   1.41086619e+04  1.36876831e+04  0.00e+00 9.08e-04  3.84e-03  3844s
   9   1.39559999e+04  1.37477022e+04  0.00e+00 3.39e-04  1.89e-03  4233s
  10   1.38988523e+04  1.37683401e+04  0.00e+00 2.24e-04  1.18e-03  4592s
  11   1.38441660e+04  1.37924400e+04  0.00e+00 7.58e-05  4.67e-04  4991s
  12   1.38318178e+04  1.37984408e+04  0.00e+00 5.32e-05  3.01e-04  5353s
  13   1.38181854e+04  1.38038560e+04  0.00e+00 3.22e-05  1.30e-04  5741s
  14   1.38140262e+04  1.38085951e+04  0.00e+00 1.30e-05  4.92e-05  6114s
  15   1.38127467e+04  1.38105706e+04  0.00e+00 5.41e-06  1.97e-05  6488s
  16   1.38124340e+04  1.38115382e+04  0.00e+00 1.85e-06  8.10e-06  6870s
  17   1.38122115e+04  1.38118760e+04  0.00e+00 6.09e-07  3.03e-06  7257s
  18   1.38121331e+04  1.38119799e+04  1.24e-07 2.61e-07  1.38e-06  7637s
  19   1.38120792e+04  1.38120235e+04  8.45e-08 1.07e-07  5.04e-07  8018s
  20   1.38120622e+04  1.38120395e+04  3.11e-08 5.13e-08  2.06e-07  8413s
  21   1.38120579e+04  1.38120475e+04  5.66e-08 2.34e-08  9.38e-08  8846s
  22   1.38120578e+04  1.38120502e+04  8.81e-08 1.43e-08  6.93e-08  9220s
  23   1.38120578e+04  1.38120502e+04  1.28e-07 1.43e-08  6.92e-08  9598s
  24   1.38120578e+04  1.38120517e+04  1.28e-07 9.27e-09  5.57e-08  9973s
  25   1.38120578e+04  1.38120519e+04  1.20e-07 8.49e-09  5.33e-08  10342s
  26   1.38120578e+04  1.38120528e+04  2.02e-07 5.15e-09  4.45e-08  10727s
  27   1.38120578e+04  1.38120530e+04  3.18e-07 4.56e-09  4.28e-08  11120s
  28   1.38120578e+04  1.38120536e+04  5.37e-07 2.81e-09  3.80e-08  11530s
  29   1.38120578e+04  1.38120536e+04  9.53e-07 2.81e-09  3.80e-08  11915s
  30   1.38120578e+04  1.38120536e+04  1.09e-06 2.51e-09  3.69e-08  12303s
  31   1.38120578e+04  1.38120536e+04  1.41e-06 2.48e-09  3.67e-08  12689s
  32   1.38120577e+04  1.38120537e+04  1.47e-06 2.47e-09  3.67e-08  13070s
  33   1.38120577e+04  1.38120537e+04  2.22e-06 2.35e-09  3.62e-08  13475s
  34   1.38120575e+04  1.38120538e+04  4.37e-06 1.87e-09  3.40e-08  13889s
  35   1.38120575e+04  1.38120539e+04  5.09e-06 1.64e-09  3.31e-08  14291s
  36   1.38120578e+04  1.38120539e+04  9.83e-06 1.63e-09  3.30e-08  14673s
  37   1.38120576e+04  1.38120540e+04  1.16e-05 1.40e-09  2.96e-08  15034s
  38   1.38120573e+04  1.38120540e+04  1.27e-05 1.36e-09  2.86e-08  15408s
  39   1.38120570e+04  1.38120540e+04  1.24e-05 1.32e-09  2.71e-08  15784s
  40   1.38120567e+04  1.38120540e+04  1.74e-05 1.17e-09  2.48e-08  16168s
  41   1.38120566e+04  1.38120541e+04  2.08e-05 9.41e-10  2.35e-08  16566s
  42   1.38120574e+04  1.38120542e+04  2.86e-05 7.39e-10  2.08e-08  16966s
  43   1.38120574e+04  1.38120542e+04  2.90e-05 7.20e-10  2.05e-08  17371s
  44   1.38120573e+04  1.38120542e+04  3.22e-05 7.20e-10  2.05e-08  17755s
  45   1.38120571e+04  1.38120542e+04  3.18e-05 6.88e-10  1.90e-08  18127s
  46   1.38120575e+04  1.38120542e+04  3.41e-05 6.87e-10  1.88e-08  18512s
  47   1.38120570e+04  1.38120542e+04  3.75e-05 5.88e-10  1.72e-08  18917s
  48   1.38120569e+04  1.38120542e+04  3.85e-05 5.36e-10  1.67e-08  19303s
  49   1.38120572e+04  1.38120542e+04  3.79e-05 5.36e-10  1.67e-08  19676s
  50   1.38120576e+04  1.38120542e+04  4.10e-05 5.36e-10  1.67e-08  20060s
  51   1.38120576e+04  1.38120542e+04  8.71e-05 5.08e-10  1.47e-08  20458s
  52   1.38120561e+04  1.38120542e+04  7.16e-05 5.05e-10  1.43e-08  20853s
  53   1.38120563e+04  1.38120542e+04  7.48e-05 4.77e-10  1.35e-08  21235s
  54   1.38120551e+04  1.38120543e+04  7.20e-05 3.65e-10  8.82e-09  21668s
  55   1.38120548e+04  1.38120543e+04  7.88e-05 3.41e-10  7.30e-09  22074s
  56   1.38120551e+04  1.38120543e+04  7.31e-05 3.40e-10  6.93e-09  22463s
  57   1.38120550e+04  1.38120543e+04  7.64e-05 3.40e-10  6.93e-09  22848s
  58   1.38120549e+04  1.38120543e+04  8.33e-05 3.06e-10  6.19e-09  23284s
  59   1.38120551e+04  1.38120543e+04  8.71e-05 2.97e-10  6.06e-09  23698s
  60   1.38120550e+04  1.38120543e+04  8.44e-05 2.80e-10  5.85e-09  24103s
  61   1.38120551e+04  1.38120543e+04  8.56e-05 2.79e-10  5.84e-09  24487s
  62   1.38120544e+04  1.38120543e+04  8.08e-05 1.95e-10  5.12e-09  24889s
  63   1.38120544e+04  1.38120543e+04  7.92e-05 1.93e-10  5.10e-09  25275s
  64   1.38120533e+04  1.38120543e+04  8.66e-05 1.68e-10  4.79e-09  25649s
  65   1.38120535e+04  1.38120543e+04  8.10e-05 1.63e-10  4.51e-09  26019s
  66   1.38120536e+04  1.38120543e+04  8.42e-05 1.61e-10  4.43e-09  26386s
  67   1.38120538e+04  1.38120543e+04  8.36e-05 1.57e-10  3.93e-09  26760s
  68   1.38120539e+04  1.38120543e+04  8.01e-05 1.49e-10  3.45e-09  27135s
  69   1.38120537e+04  1.38120543e+04  8.07e-05 1.48e-10  3.42e-09  27510s
  70   1.38120541e+04  1.38120543e+04  7.39e-05 1.48e-10  3.41e-09  27897s
  71   1.38120544e+04  1.38120543e+04  7.49e-05 1.31e-10  3.14e-09  28302s
  72   1.38120545e+04  1.38120543e+04  7.71e-05 1.31e-10  3.13e-09  28679s
  73   1.38120540e+04  1.38120543e+04  7.34e-05 1.13e-10  2.83e-09  29074s
  74   1.38120542e+04  1.38120543e+04  7.73e-05 1.06e-10  2.65e-09  29459s
  75   1.38120540e+04  1.38120543e+04  7.06e-05 1.06e-10  2.64e-09  29834s
  76   1.38120544e+04  1.38120543e+04  6.83e-05 1.05e-10  2.61e-09  30214s
  77   1.38120544e+04  1.38120543e+04  6.83e-05 1.05e-10  2.61e-09  30597s
  78   1.38120535e+04  1.38120543e+04  7.39e-05 1.05e-10  2.59e-09  30983s
  79   1.38120531e+04  1.38120543e+04  7.72e-05 9.28e-11  2.34e-09  31382s
  80   1.38120532e+04  1.38120543e+04  7.54e-05 9.16e-11  2.33e-09  31762s
  81   1.38120533e+04  1.38120543e+04  7.07e-05 8.08e-11  2.01e-09  32154s
  82   1.38120534e+04  1.38120544e+04  7.67e-05 6.89e-11  1.84e-09  32569s
  83   1.38120534e+04  1.38120544e+04  7.40e-05 6.87e-11  1.84e-09  32953s
  84   1.38120533e+04  1.38120544e+04  8.04e-05 6.61e-11  1.80e-09  33345s
  85   1.38120532e+04  1.38120544e+04  6.19e-05 6.08e-11  1.65e-09  33734s
  86   1.38120532e+04  1.38120544e+04  6.53e-05 6.01e-11  1.64e-09  34111s
  87   1.38120530e+04  1.38120544e+04  6.11e-05 5.26e-11  1.46e-09  34488s
  88   1.38120536e+04  1.38120544e+04  6.20e-05 5.08e-11  1.26e-09  34891s
  89   1.38120535e+04  1.38120544e+04  5.09e-05 4.34e-11  1.12e-09  35288s
  90   1.38120536e+04  1.38120544e+04  5.12e-05 4.16e-11  1.09e-09  35671s
  91   1.38120533e+04  1.38120544e+04  5.12e-05 4.15e-11  1.07e-09  36056s
  92   1.38120537e+04  1.38120544e+04  5.27e-05 4.03e-11  1.01e-09  36449s
  93   1.38120537e+04  1.38120544e+04  5.21e-05 4.02e-11  1.01e-09  36837s
  94   1.38120537e+04  1.38120544e+04  5.20e-05 3.68e-11  9.45e-10  37211s
  95   1.38120536e+04  1.38120544e+04  6.03e-05 3.47e-11  7.80e-10  37592s
  96   1.38120536e+04  1.38120544e+04  6.40e-05 3.46e-11  7.80e-10  37979s
  97   1.38120540e+04  1.38120544e+04  6.84e-05 3.46e-11  7.80e-10  38367s
  98   1.38120543e+04  1.38120544e+04  7.19e-05 3.46e-11  7.78e-10  38750s
  99   1.38120542e+04  1.38120544e+04  6.73e-05 3.37e-11  7.53e-10  39150s
 100   1.38120530e+04  1.38120544e+04  7.06e-05 3.15e-11  7.06e-10  39561s
 101   1.38120531e+04  1.38120544e+04  7.07e-05 3.14e-11  7.03e-10  39959s
 102   1.38120532e+04  1.38120544e+04  7.44e-05 3.03e-11  6.56e-10  40364s
 103   1.38120533e+04  1.38120544e+04  7.04e-05 2.82e-11  6.33e-10  40756s
 104   1.38120532e+04  1.38120544e+04  8.85e-05 2.45e-11  5.88e-10  41225s
 105   1.38120532e+04  1.38120544e+04  8.96e-05 2.42e-11  5.86e-10  41616s
 106   1.38120533e+04  1.38120544e+04  8.44e-05 2.42e-11  5.77e-10  41994s
 107   1.38120534e+04  1.38120544e+04  8.64e-05 2.26e-11  5.65e-10  42385s
 108   1.38120534e+04  1.38120544e+04  8.67e-05 2.25e-11  5.65e-10  42767s
 109   1.38120530e+04  1.38120544e+04  8.34e-05 2.22e-11  5.53e-10  43146s
 110   1.38120528e+04  1.38120544e+04  8.36e-05 2.21e-11  5.16e-10  43529s
 111   1.38120528e+04  1.38120544e+04  8.35e-05 2.19e-11  5.16e-10  43906s
 112   1.38120527e+04  1.38120544e+04  8.46e-05 2.18e-11  5.11e-10  44294s
 113   1.38120543e+04  1.38120544e+04  8.95e-05 1.84e-11  3.91e-10  44733s
 114   1.38120542e+04  1.38120544e+04  8.85e-05 1.84e-11  3.89e-10  45118s
 115   1.38120543e+04  1.38120544e+04  9.07e-05 1.84e-11  3.89e-10  45503s
 116   1.38120539e+04  1.38120544e+04  8.26e-05 1.55e-11  3.71e-10  45883s
 117   1.38120537e+04  1.38120544e+04  7.32e-05 1.38e-11  3.32e-10  46284s
 118   1.38120537e+04  1.38120544e+04  7.17e-05 1.37e-11  3.32e-10  46663s
 119   1.38120536e+04  1.38120544e+04  7.25e-05 1.31e-11  3.00e-10  47065s
 120   1.38120534e+04  1.38120544e+04  7.91e-05 1.28e-11  2.83e-10  47465s
 121   1.38120539e+04  1.38120544e+04  7.17e-05 1.35e-11  2.71e-10  47862s
 122   1.38120538e+04  1.38120544e+04  8.56e-05 1.08e-11  2.28e-10  48275s
 123   1.38120538e+04  1.38120544e+04  8.56e-05 1.22e-11  2.28e-10  48663s
 124   1.38120538e+04  1.38120544e+04  7.31e-05 8.07e-12  1.79e-10  49051s
 125   1.38120539e+04  1.38120544e+04  7.48e-05 5.27e-12  1.63e-10  49433s
 126   1.38120542e+04  1.38120544e+04  7.48e-05 4.64e-12  1.51e-10  49817s
 127   1.38120537e+04  1.38120544e+04  8.65e-05 4.67e-12  1.49e-10  50189s
 128   1.38120537e+04  1.38120544e+04  7.66e-05 5.10e-12  1.39e-10  50558s
 129   1.38120539e+04  1.38120544e+04  7.56e-05 4.51e-12  1.39e-10  50922s
 130   1.38120539e+04  1.38120544e+04  7.42e-05 4.48e-12  1.35e-10  51298s
 131   1.38120544e+04  1.38120544e+04  7.58e-05 4.61e-12  1.16e-10  51675s
 132   1.38120544e+04  1.38120544e+04  7.51e-05 4.36e-12  1.15e-10  52046s
 133   1.38120540e+04  1.38120544e+04  7.72e-05 4.53e-12  1.15e-10  52431s
 134   1.38120532e+04  1.38120544e+04  8.52e-05 3.84e-12  1.05e-10  52829s
 135   1.38120533e+04  1.38120544e+04  8.40e-05 3.74e-12  1.01e-10  53210s
 136   1.38120538e+04  1.38120544e+04  9.04e-05 3.77e-12  1.01e-10  53590s
 137   1.38120541e+04  1.38120544e+04  8.83e-05 3.75e-12  9.92e-11  53974s

Barrier performed 137 iterations in 53974.37 seconds
Sub-optimal termination - objective 1.38120578e+04

Optimization finished!
Starting optimization at scale 2 with 26711 variables and 34080 constraints.
Creating model...
Parameter Threads unchanged
   Value: 0  Min: 0  Max: 1024  Default: 0
Changed value of parameter Crossover to 0
   Prev: -1  Min: -1  Max: 5  Default: -1
Changed value of parameter Method to 2
   Prev: -1  Min: -1  Max: 5  Default: -1
Calculating and adding constraints...
Wavelength 1/8; Variable 1000/26711
Wavelength 1/8; Variable 2000/26711
Wavelength 1/8; Variable 3000/26711
Wavelength 1/8; Variable 4000/26711
Wavelength 1/8; Variable 5000/26711
Wavelength 1/8; Variable 6000/26711
Wavelength 1/8; Variable 7000/26711
Wavelength 1/8; Variable 8000/26711
Wavelength 1/8; Variable 9000/26711
Wavelength 1/8; Variable 10000/26711
Wavelength 1/8; Variable 11000/26711
Wavelength 1/8; Variable 12000/26711
Wavelength 1/8; Variable 13000/26711
Wavelength 1/8; Variable 14000/26711
Wavelength 1/8; Variable 15000/26711
Wavelength 1/8; Variable 16000/26711
Wavelength 1/8; Variable 17000/26711
Wavelength 1/8; Variable 18000/26711
Wavelength 1/8; Variable 19000/26711
Wavelength 1/8; Variable 20000/26711
Wavelength 1/8; Variable 21000/26711
Wavelength 1/8; Variable 22000/26711
Wavelength 1/8; Variable 23000/26711
Wavelength 1/8; Variable 24000/26711
Wavelength 1/8; Variable 25000/26711
Wavelength 1/8; Variable 26000/26711
Warning for adding constraints: zero or small (< 1e-13) coefficients, ignored
Wavelength 2/8; Variable 1000/26711
Wavelength 2/8; Variable 2000/26711
Wavelength 2/8; Variable 3000/26711
Wavelength 2/8; Variable 4000/26711
Wavelength 2/8; Variable 5000/26711
Wavelength 2/8; Variable 6000/26711
Wavelength 2/8; Variable 7000/26711
Wavelength 2/8; Variable 8000/26711
Wavelength 2/8; Variable 9000/26711
Wavelength 2/8; Variable 10000/26711
Wavelength 2/8; Variable 11000/26711
Wavelength 2/8; Variable 12000/26711
Wavelength 2/8; Variable 13000/26711
Wavelength 2/8; Variable 14000/26711
Wavelength 2/8; Variable 15000/26711
Wavelength 2/8; Variable 16000/26711
Wavelength 2/8; Variable 17000/26711
Wavelength 2/8; Variable 18000/26711
Wavelength 2/8; Variable 19000/26711
Wavelength 2/8; Variable 20000/26711
Wavelength 2/8; Variable 21000/26711
Wavelength 2/8; Variable 22000/26711
Wavelength 2/8; Variable 23000/26711
Wavelength 2/8; Variable 24000/26711
Wavelength 2/8; Variable 25000/26711
Wavelength 2/8; Variable 26000/26711
Wavelength 3/8; Variable 1000/26711
Wavelength 3/8; Variable 2000/26711
Wavelength 3/8; Variable 3000/26711
Wavelength 3/8; Variable 4000/26711
Wavelength 3/8; Variable 5000/26711
Wavelength 3/8; Variable 6000/26711
Wavelength 3/8; Variable 7000/26711
Wavelength 3/8; Variable 8000/26711
Wavelength 3/8; Variable 9000/26711
Wavelength 3/8; Variable 10000/26711
Wavelength 3/8; Variable 11000/26711
Wavelength 3/8; Variable 12000/26711
Wavelength 3/8; Variable 13000/26711
Wavelength 3/8; Variable 14000/26711
Wavelength 3/8; Variable 15000/26711
Wavelength 3/8; Variable 16000/26711
Wavelength 3/8; Variable 17000/26711
Wavelength 3/8; Variable 18000/26711
Wavelength 3/8; Variable 19000/26711
Wavelength 3/8; Variable 20000/26711
Wavelength 3/8; Variable 21000/26711
Wavelength 3/8; Variable 22000/26711
Wavelength 3/8; Variable 23000/26711
Wavelength 3/8; Variable 24000/26711
Wavelength 3/8; Variable 25000/26711
Wavelength 3/8; Variable 26000/26711
Wavelength 4/8; Variable 1000/26711
Wavelength 4/8; Variable 2000/26711
Wavelength 4/8; Variable 3000/26711
Wavelength 4/8; Variable 4000/26711
Wavelength 4/8; Variable 5000/26711
Wavelength 4/8; Variable 6000/26711
Wavelength 4/8; Variable 7000/26711
Wavelength 4/8; Variable 8000/26711
Wavelength 4/8; Variable 9000/26711
Wavelength 4/8; Variable 10000/26711
Wavelength 4/8; Variable 11000/26711
Wavelength 4/8; Variable 12000/26711
Wavelength 4/8; Variable 13000/26711
Wavelength 4/8; Variable 14000/26711
Wavelength 4/8; Variable 15000/26711
Wavelength 4/8; Variable 16000/26711
Wavelength 4/8; Variable 17000/26711
Wavelength 4/8; Variable 18000/26711
Wavelength 4/8; Variable 19000/26711
Wavelength 4/8; Variable 20000/26711
Wavelength 4/8; Variable 21000/26711
Wavelength 4/8; Variable 22000/26711
Wavelength 4/8; Variable 23000/26711
Wavelength 4/8; Variable 24000/26711
Wavelength 4/8; Variable 25000/26711
Wavelength 4/8; Variable 26000/26711
Wavelength 5/8; Variable 1000/26711
Wavelength 5/8; Variable 2000/26711
Wavelength 5/8; Variable 3000/26711
Wavelength 5/8; Variable 4000/26711
Wavelength 5/8; Variable 5000/26711
Wavelength 5/8; Variable 6000/26711
Wavelength 5/8; Variable 7000/26711
Wavelength 5/8; Variable 8000/26711
Wavelength 5/8; Variable 9000/26711
Wavelength 5/8; Variable 10000/26711
Wavelength 5/8; Variable 11000/26711
Wavelength 5/8; Variable 12000/26711
Wavelength 5/8; Variable 13000/26711
Wavelength 5/8; Variable 14000/26711
Wavelength 5/8; Variable 15000/26711
Wavelength 5/8; Variable 16000/26711
Wavelength 5/8; Variable 17000/26711
Wavelength 5/8; Variable 18000/26711
Wavelength 5/8; Variable 19000/26711
Wavelength 5/8; Variable 20000/26711
Wavelength 5/8; Variable 21000/26711
Wavelength 5/8; Variable 22000/26711
Wavelength 5/8; Variable 23000/26711
Wavelength 5/8; Variable 24000/26711
Wavelength 5/8; Variable 25000/26711
Wavelength 5/8; Variable 26000/26711
Wavelength 6/8; Variable 1000/26711
Wavelength 6/8; Variable 2000/26711
Wavelength 6/8; Variable 3000/26711
Wavelength 6/8; Variable 4000/26711
Wavelength 6/8; Variable 5000/26711
Wavelength 6/8; Variable 6000/26711
Wavelength 6/8; Variable 7000/26711
Wavelength 6/8; Variable 8000/26711
Wavelength 6/8; Variable 9000/26711
Wavelength 6/8; Variable 10000/26711
Wavelength 6/8; Variable 11000/26711
Wavelength 6/8; Variable 12000/26711
Wavelength 6/8; Variable 13000/26711
Wavelength 6/8; Variable 14000/26711
Wavelength 6/8; Variable 15000/26711
Wavelength 6/8; Variable 16000/26711
Wavelength 6/8; Variable 17000/26711
Wavelength 6/8; Variable 18000/26711
Wavelength 6/8; Variable 19000/26711
Wavelength 6/8; Variable 20000/26711
Wavelength 6/8; Variable 21000/26711
Wavelength 6/8; Variable 22000/26711
Wavelength 6/8; Variable 23000/26711
Wavelength 6/8; Variable 24000/26711
Wavelength 6/8; Variable 25000/26711
Wavelength 6/8; Variable 26000/26711
Wavelength 7/8; Variable 1000/26711
Wavelength 7/8; Variable 2000/26711
Wavelength 7/8; Variable 3000/26711
Wavelength 7/8; Variable 4000/26711
Wavelength 7/8; Variable 5000/26711
Wavelength 7/8; Variable 6000/26711
Wavelength 7/8; Variable 7000/26711
Wavelength 7/8; Variable 8000/26711
Wavelength 7/8; Variable 9000/26711
Wavelength 7/8; Variable 10000/26711
Wavelength 7/8; Variable 11000/26711
Wavelength 7/8; Variable 12000/26711
Wavelength 7/8; Variable 13000/26711
Wavelength 7/8; Variable 14000/26711
Wavelength 7/8; Variable 15000/26711
Wavelength 7/8; Variable 16000/26711
Wavelength 7/8; Variable 17000/26711
Wavelength 7/8; Variable 18000/26711
Wavelength 7/8; Variable 19000/26711
Wavelength 7/8; Variable 20000/26711
Wavelength 7/8; Variable 21000/26711
Wavelength 7/8; Variable 22000/26711
Wavelength 7/8; Variable 23000/26711
Wavelength 7/8; Variable 24000/26711
Wavelength 7/8; Variable 25000/26711
Wavelength 7/8; Variable 26000/26711
Wavelength 8/8; Variable 1000/26711
Wavelength 8/8; Variable 2000/26711
Wavelength 8/8; Variable 3000/26711
Wavelength 8/8; Variable 4000/26711
Wavelength 8/8; Variable 5000/26711
Wavelength 8/8; Variable 6000/26711
Wavelength 8/8; Variable 7000/26711
Wavelength 8/8; Variable 8000/26711
Wavelength 8/8; Variable 9000/26711
Wavelength 8/8; Variable 10000/26711
Wavelength 8/8; Variable 11000/26711
Wavelength 8/8; Variable 12000/26711
Wavelength 8/8; Variable 13000/26711
Wavelength 8/8; Variable 14000/26711
Wavelength 8/8; Variable 15000/26711
Wavelength 8/8; Variable 16000/26711
Wavelength 8/8; Variable 17000/26711
Wavelength 8/8; Variable 18000/26711
Wavelength 8/8; Variable 19000/26711
Wavelength 8/8; Variable 20000/26711
Wavelength 8/8; Variable 21000/26711
Wavelength 8/8; Variable 22000/26711
Wavelength 8/8; Variable 23000/26711
Wavelength 8/8; Variable 24000/26711
Wavelength 8/8; Variable 25000/26711
Wavelength 8/8; Variable 26000/26711
Start optimization...
Optimize a model with 68160 rows, 26711 columns and 1820621378 nonzeros
Coefficient statistics:
  Matrix range     [1e-13, 3e-05]
  Objective range  [2e-02, 1e+00]
  Bounds range     [1e+00, 1e+00]
  RHS range        [5e-08, 1e-02]
Presolve removed 0 rows and 0 columns (presolve time = 61s) ...
Presolve removed 0 rows and 0 columns (presolve time = 108s) ...
Presolve removed 0 rows and 0 columns (presolve time = 188s) ...
Presolve removed 0 rows and 0 columns (presolve time = 351s) ...
Presolve removed 0 rows and 0 columns (presolve time = 371s) ...
Presolve time: 414.52s
Presolved: 26711 rows, 94871 columns, 1820648089 nonzeros
Ordering time: 0.00s

Barrier statistics:
 AA' NZ     : 3.567e+08
 Factor NZ  : 3.568e+08 (roughly 3.0 GBytes of memory)
 Factor Ops : 6.353e+12 (roughly 70 seconds per iteration)
 Threads    : 24

                  Objective                Residual
Iter       Primal          Dual         Primal    Dual     Compl     Time
   0   2.63841448e+05  1.16440968e+04  0.00e+00 8.47e-01  1.57e+02  1149s
   1   2.56194132e+05  1.18236381e+04  0.00e+00 8.36e-01  6.63e+00  1726s
   2   1.51658393e+05  1.18347926e+04  0.00e+00 3.75e-01  2.41e+00  2316s
   3   6.87032779e+04  1.18937873e+04  0.00e+00 6.32e-02  5.67e-01  2911s
   4   2.29142421e+04  1.20402175e+04  0.00e+00 1.26e-02  9.38e-02  3504s
   5   1.73157509e+04  1.21975430e+04  0.00e+00 5.22e-03  4.31e-02  4102s
   6   1.42675265e+04  1.22995686e+04  0.00e+00 2.10e-03  1.64e-02  4683s
   7   1.34875240e+04  1.23430004e+04  0.00e+00 1.48e-03  9.51e-03  5256s
   8   1.29353609e+04  1.23971093e+04  0.00e+00 7.37e-04  4.46e-03  5864s
   9   1.26753877e+04  1.24381692e+04  0.00e+00 3.86e-04  1.97e-03  6471s
  10   1.26220524e+04  1.24558193e+04  0.00e+00 2.58e-04  1.38e-03  7040s
  11   1.25479219e+04  1.24781124e+04  0.00e+00 1.06e-04  5.78e-04  7663s
  12   1.25207367e+04  1.24874653e+04  0.00e+00 6.04e-05  2.76e-04  8264s
  13   1.25116692e+04  1.24951351e+04  0.00e+00 2.42e-05  1.37e-04  8859s
  14   1.25018716e+04  1.24995980e+04  0.00e+00 1.73e-06  1.88e-05  9534s
  15   1.25005700e+04  1.25001753e+04  0.00e+00 2.09e-07  3.25e-06  10227s
  16   1.25003321e+04  1.25002690e+04  0.00e+00 3.59e-08  5.21e-07  10984s
  17   1.25003321e+04  1.25002694e+04  2.05e-07 3.53e-08  5.17e-07  11585s
  18   1.25003318e+04  1.25002758e+04  5.88e-07 2.48e-08  4.62e-07  12204s
  19   1.25003317e+04  1.25002765e+04  1.02e-06 2.38e-08  4.56e-07  12829s
  20   1.25003312e+04  1.25002776e+04  1.38e-06 2.23e-08  4.43e-07  13432s
  21   1.25003312e+04  1.25002776e+04  1.06e-06 2.22e-08  4.42e-07  14030s
  22   1.25003311e+04  1.25002778e+04  2.03e-06 2.19e-08  4.40e-07  14635s
  23   1.25003305e+04  1.25002784e+04  3.04e-06 2.10e-08  4.30e-07  15260s
  24   1.25003302e+04  1.25002795e+04  5.45e-06 1.95e-08  4.17e-07  15868s
  25   1.25003286e+04  1.25002797e+04  8.98e-06 1.92e-08  4.02e-07  16477s
  26   1.25003281e+04  1.25002803e+04  1.05e-05 1.83e-08  3.91e-07  17084s
  27   1.25003274e+04  1.25002804e+04  1.27e-05 1.81e-08  3.87e-07  17699s
  28   1.25003259e+04  1.25002810e+04  1.14e-05 1.72e-08  3.70e-07  18300s
  29   1.25003246e+04  1.25002834e+04  1.61e-05 1.39e-08  3.31e-07  18919s
  30   1.25003233e+04  1.25002839e+04  1.62e-05 1.32e-08  3.13e-07  19540s
  31   1.25003236e+04  1.25002840e+04  1.60e-05 1.30e-08  3.10e-07  20148s
  32   1.25003239e+04  1.25002840e+04  1.61e-05 1.30e-08  3.10e-07  20747s
  33   1.25003238e+04  1.25002840e+04  1.93e-05 1.30e-08  3.10e-07  21341s
  34   1.25003229e+04  1.25002843e+04  2.01e-05 1.24e-08  2.97e-07  21960s
  35   1.25003240e+04  1.25002846e+04  3.03e-05 1.21e-08  2.92e-07  22573s
  36   1.25003212e+04  1.25002853e+04  3.42e-05 1.11e-08  2.70e-07  23209s
  37   1.25003202e+04  1.25002854e+04  3.35e-05 1.08e-08  2.64e-07  23818s
  38   1.25003178e+04  1.25002860e+04  3.58e-05 9.94e-09  2.45e-07  24453s
  39   1.25003164e+04  1.25002868e+04  4.67e-05 8.81e-09  2.27e-07  25076s
  40   1.25003149e+04  1.25002871e+04  5.41e-05 8.31e-09  2.15e-07  25715s
  41   1.25003155e+04  1.25002871e+04  5.61e-05 8.31e-09  2.15e-07  26327s
  42   1.25003134e+04  1.25002877e+04  4.96e-05 7.45e-09  1.94e-07  26945s
  43   1.25003130e+04  1.25002877e+04  4.79e-05 7.45e-09  1.94e-07  27529s
  44   1.25003130e+04  1.25002878e+04  4.80e-05 7.35e-09  1.93e-07  28134s
  45   1.25003125e+04  1.25002878e+04  4.86e-05 7.34e-09  1.93e-07  28732s
  46   1.25003125e+04  1.25002878e+04  4.86e-05 7.33e-09  1.93e-07  29317s
  47   1.25003127e+04  1.25002878e+04  4.76e-05 7.23e-09  1.89e-07  29919s
  48   1.25003128e+04  1.25002879e+04  4.82e-05 7.21e-09  1.88e-07  30528s
  49   1.25003125e+04  1.25002879e+04  4.70e-05 7.18e-09  1.88e-07  31128s
  50   1.25003103e+04  1.25002883e+04  4.22e-05 6.56e-09  1.76e-07  31763s
  51   1.25003106e+04  1.25002883e+04  4.35e-05 6.56e-09  1.76e-07  32380s
  52   1.25003104e+04  1.25002883e+04  4.46e-05 6.56e-09  1.76e-07  32988s

Barrier performed 52 iterations in 32987.65 seconds
Sub-optimal termination - objective 1.25003305e+04

Optimization finished!
Starting optimization at scale 1 with 59942 variables and 34080 constraints.
Creating model...
Parameter Threads unchanged
   Value: 0  Min: 0  Max: 1024  Default: 0
Changed value of parameter Crossover to 0
   Prev: -1  Min: -1  Max: 5  Default: -1
Changed value of parameter Method to 2
   Prev: -1  Min: -1  Max: 5  Default: -1
Calculating and adding constraints...
Wavelength 1/8; Variable 1000/59942
Wavelength 1/8; Variable 2000/59942
Wavelength 1/8; Variable 3000/59942
Wavelength 1/8; Variable 4000/59942
Wavelength 1/8; Variable 5000/59942
Wavelength 1/8; Variable 6000/59942
Wavelength 1/8; Variable 7000/59942
Wavelength 1/8; Variable 8000/59942
Wavelength 1/8; Variable 9000/59942
Wavelength 1/8; Variable 10000/59942
Wavelength 1/8; Variable 11000/59942
Wavelength 1/8; Variable 12000/59942
Wavelength 1/8; Variable 13000/59942
Wavelength 1/8; Variable 14000/59942
Wavelength 1/8; Variable 15000/59942
Wavelength 1/8; Variable 16000/59942
Wavelength 1/8; Variable 17000/59942
Wavelength 1/8; Variable 18000/59942
Wavelength 1/8; Variable 19000/59942
Wavelength 1/8; Variable 20000/59942
Wavelength 1/8; Variable 21000/59942
Wavelength 1/8; Variable 22000/59942
Wavelength 1/8; Variable 23000/59942
Wavelength 1/8; Variable 24000/59942
Wavelength 1/8; Variable 25000/59942
Wavelength 1/8; Variable 26000/59942
Wavelength 1/8; Variable 27000/59942
Wavelength 1/8; Variable 28000/59942
Wavelength 1/8; Variable 29000/59942
Wavelength 1/8; Variable 30000/59942
Wavelength 1/8; Variable 31000/59942
Wavelength 1/8; Variable 32000/59942
Wavelength 1/8; Variable 33000/59942
Wavelength 1/8; Variable 34000/59942
Wavelength 1/8; Variable 35000/59942
Wavelength 1/8; Variable 36000/59942
Wavelength 1/8; Variable 37000/59942
Wavelength 1/8; Variable 38000/59942
Wavelength 1/8; Variable 39000/59942
Wavelength 1/8; Variable 40000/59942
Wavelength 1/8; Variable 41000/59942
Wavelength 1/8; Variable 42000/59942
Wavelength 1/8; Variable 43000/59942
Wavelength 1/8; Variable 44000/59942
Wavelength 1/8; Variable 45000/59942
Wavelength 1/8; Variable 46000/59942
Wavelength 1/8; Variable 47000/59942
Wavelength 1/8; Variable 48000/59942
Wavelength 1/8; Variable 49000/59942
Wavelength 1/8; Variable 50000/59942
Wavelength 1/8; Variable 51000/59942
Wavelength 1/8; Variable 52000/59942
Wavelength 1/8; Variable 53000/59942
Wavelength 1/8; Variable 54000/59942
Wavelength 1/8; Variable 55000/59942
Wavelength 1/8; Variable 56000/59942
Wavelength 1/8; Variable 57000/59942
Wavelength 1/8; Variable 58000/59942
Wavelength 1/8; Variable 59000/59942
Warning for adding constraints: zero or small (< 1e-13) coefficients, ignored
Wavelength 2/8; Variable 1000/59942
Wavelength 2/8; Variable 2000/59942
Wavelength 2/8; Variable 3000/59942
Wavelength 2/8; Variable 4000/59942
Wavelength 2/8; Variable 5000/59942
Wavelength 2/8; Variable 6000/59942
Wavelength 2/8; Variable 7000/59942
Wavelength 2/8; Variable 8000/59942
Wavelength 2/8; Variable 9000/59942
Wavelength 2/8; Variable 10000/59942
Wavelength 2/8; Variable 11000/59942
Wavelength 2/8; Variable 12000/59942
Wavelength 2/8; Variable 13000/59942
Wavelength 2/8; Variable 14000/59942
Wavelength 2/8; Variable 15000/59942
Wavelength 2/8; Variable 16000/59942
Wavelength 2/8; Variable 17000/59942
Wavelength 2/8; Variable 18000/59942
Wavelength 2/8; Variable 19000/59942
Wavelength 2/8; Variable 20000/59942
Wavelength 2/8; Variable 21000/59942
Wavelength 2/8; Variable 22000/59942
Wavelength 2/8; Variable 23000/59942
Wavelength 2/8; Variable 24000/59942
Wavelength 2/8; Variable 25000/59942
Wavelength 2/8; Variable 26000/59942
Wavelength 2/8; Variable 27000/59942
Wavelength 2/8; Variable 28000/59942
Wavelength 2/8; Variable 29000/59942
Wavelength 2/8; Variable 30000/59942
Wavelength 2/8; Variable 31000/59942
Wavelength 2/8; Variable 32000/59942
Wavelength 2/8; Variable 33000/59942
Wavelength 2/8; Variable 34000/59942
Wavelength 2/8; Variable 35000/59942
Wavelength 2/8; Variable 36000/59942
Wavelength 2/8; Variable 37000/59942
Wavelength 2/8; Variable 38000/59942
Wavelength 2/8; Variable 39000/59942
Wavelength 2/8; Variable 40000/59942
Wavelength 2/8; Variable 41000/59942
Wavelength 2/8; Variable 42000/59942
Wavelength 2/8; Variable 43000/59942
Wavelength 2/8; Variable 44000/59942
Wavelength 2/8; Variable 45000/59942
Wavelength 2/8; Variable 46000/59942
Wavelength 2/8; Variable 47000/59942
Wavelength 2/8; Variable 48000/59942
Wavelength 2/8; Variable 49000/59942
Wavelength 2/8; Variable 50000/59942
Wavelength 2/8; Variable 51000/59942
Wavelength 2/8; Variable 52000/59942
Wavelength 2/8; Variable 53000/59942
Wavelength 2/8; Variable 54000/59942
Wavelength 2/8; Variable 55000/59942
Wavelength 2/8; Variable 56000/59942
Wavelength 2/8; Variable 57000/59942
Wavelength 2/8; Variable 58000/59942
Wavelength 2/8; Variable 59000/59942
Wavelength 3/8; Variable 1000/59942
Wavelength 3/8; Variable 2000/59942
Wavelength 3/8; Variable 3000/59942
Wavelength 3/8; Variable 4000/59942
Wavelength 3/8; Variable 5000/59942
Wavelength 3/8; Variable 6000/59942
Wavelength 3/8; Variable 7000/59942
Wavelength 3/8; Variable 8000/59942
Wavelength 3/8; Variable 9000/59942
Wavelength 3/8; Variable 10000/59942
Wavelength 3/8; Variable 11000/59942
Wavelength 3/8; Variable 12000/59942
Wavelength 3/8; Variable 13000/59942
Wavelength 3/8; Variable 14000/59942
Wavelength 3/8; Variable 15000/59942
Wavelength 3/8; Variable 16000/59942
Wavelength 3/8; Variable 17000/59942
Wavelength 3/8; Variable 18000/59942
Wavelength 3/8; Variable 19000/59942
Wavelength 3/8; Variable 20000/59942
Wavelength 3/8; Variable 21000/59942
Wavelength 3/8; Variable 22000/59942
Wavelength 3/8; Variable 23000/59942
Wavelength 3/8; Variable 24000/59942
Wavelength 3/8; Variable 25000/59942
Wavelength 3/8; Variable 26000/59942
Wavelength 3/8; Variable 27000/59942
Wavelength 3/8; Variable 28000/59942
Wavelength 3/8; Variable 29000/59942
Wavelength 3/8; Variable 30000/59942
Wavelength 3/8; Variable 31000/59942
Wavelength 3/8; Variable 32000/59942
Wavelength 3/8; Variable 33000/59942
Wavelength 3/8; Variable 34000/59942
Wavelength 3/8; Variable 35000/59942
Wavelength 3/8; Variable 36000/59942
Wavelength 3/8; Variable 37000/59942
Wavelength 3/8; Variable 38000/59942
Wavelength 3/8; Variable 39000/59942
Wavelength 3/8; Variable 40000/59942
Wavelength 3/8; Variable 41000/59942
Wavelength 3/8; Variable 42000/59942
Wavelength 3/8; Variable 43000/59942
Wavelength 3/8; Variable 44000/59942
Wavelength 3/8; Variable 45000/59942
Wavelength 3/8; Variable 46000/59942
Wavelength 3/8; Variable 47000/59942
Wavelength 3/8; Variable 48000/59942
Wavelength 3/8; Variable 49000/59942
Wavelength 3/8; Variable 50000/59942
Wavelength 3/8; Variable 51000/59942
Wavelength 3/8; Variable 52000/59942
Wavelength 3/8; Variable 53000/59942
Wavelength 3/8; Variable 54000/59942
Wavelength 3/8; Variable 55000/59942
Wavelength 3/8; Variable 56000/59942
Wavelength 3/8; Variable 57000/59942
Wavelength 3/8; Variable 58000/59942
Wavelength 3/8; Variable 59000/59942
Wavelength 4/8; Variable 1000/59942
Wavelength 4/8; Variable 2000/59942
Wavelength 4/8; Variable 3000/59942
Wavelength 4/8; Variable 4000/59942
Wavelength 4/8; Variable 5000/59942
Wavelength 4/8; Variable 6000/59942
Wavelength 4/8; Variable 7000/59942
Wavelength 4/8; Variable 8000/59942
Wavelength 4/8; Variable 9000/59942
Wavelength 4/8; Variable 10000/59942
Wavelength 4/8; Variable 11000/59942
Wavelength 4/8; Variable 12000/59942
Wavelength 4/8; Variable 13000/59942
Wavelength 4/8; Variable 14000/59942
Wavelength 4/8; Variable 15000/59942
Wavelength 4/8; Variable 16000/59942
Wavelength 4/8; Variable 17000/59942
Wavelength 4/8; Variable 18000/59942
Wavelength 4/8; Variable 19000/59942
Wavelength 4/8; Variable 20000/59942
Wavelength 4/8; Variable 21000/59942
Wavelength 4/8; Variable 22000/59942
Wavelength 4/8; Variable 23000/59942
Wavelength 4/8; Variable 24000/59942
Wavelength 4/8; Variable 25000/59942
Wavelength 4/8; Variable 26000/59942
Wavelength 4/8; Variable 27000/59942
Wavelength 4/8; Variable 28000/59942
Wavelength 4/8; Variable 29000/59942
Wavelength 4/8; Variable 30000/59942
Wavelength 4/8; Variable 31000/59942
Wavelength 4/8; Variable 32000/59942
Wavelength 4/8; Variable 33000/59942
Wavelength 4/8; Variable 34000/59942
Wavelength 4/8; Variable 35000/59942
Wavelength 4/8; Variable 36000/59942
Wavelength 4/8; Variable 37000/59942
Wavelength 4/8; Variable 38000/59942
Wavelength 4/8; Variable 39000/59942
Wavelength 4/8; Variable 40000/59942
Wavelength 4/8; Variable 41000/59942
Wavelength 4/8; Variable 42000/59942
Wavelength 4/8; Variable 43000/59942
Wavelength 4/8; Variable 44000/59942
Wavelength 4/8; Variable 45000/59942
Wavelength 4/8; Variable 46000/59942
Wavelength 4/8; Variable 47000/59942
Wavelength 4/8; Variable 48000/59942
Wavelength 4/8; Variable 49000/59942
Wavelength 4/8; Variable 50000/59942
Wavelength 4/8; Variable 51000/59942
Wavelength 4/8; Variable 52000/59942
Wavelength 4/8; Variable 53000/59942
Wavelength 4/8; Variable 54000/59942
Wavelength 4/8; Variable 55000/59942
Wavelength 4/8; Variable 56000/59942
Wavelength 4/8; Variable 57000/59942
Wavelength 4/8; Variable 58000/59942
Wavelength 4/8; Variable 59000/59942
Wavelength 5/8; Variable 1000/59942
Wavelength 5/8; Variable 2000/59942
Wavelength 5/8; Variable 3000/59942
Wavelength 5/8; Variable 4000/59942
Wavelength 5/8; Variable 5000/59942
Wavelength 5/8; Variable 6000/59942
Wavelength 5/8; Variable 7000/59942
Wavelength 5/8; Variable 8000/59942
Wavelength 5/8; Variable 9000/59942
Wavelength 5/8; Variable 10000/59942
Wavelength 5/8; Variable 11000/59942
Wavelength 5/8; Variable 12000/59942
Wavelength 5/8; Variable 13000/59942
Wavelength 5/8; Variable 14000/59942
Wavelength 5/8; Variable 15000/59942
Wavelength 5/8; Variable 16000/59942
Wavelength 5/8; Variable 17000/59942
Wavelength 5/8; Variable 18000/59942
Wavelength 5/8; Variable 19000/59942
Wavelength 5/8; Variable 20000/59942
Wavelength 5/8; Variable 21000/59942
Wavelength 5/8; Variable 22000/59942
Wavelength 5/8; Variable 23000/59942
Wavelength 5/8; Variable 24000/59942
Wavelength 5/8; Variable 25000/59942
Wavelength 5/8; Variable 26000/59942
Wavelength 5/8; Variable 27000/59942
Wavelength 5/8; Variable 28000/59942
Wavelength 5/8; Variable 29000/59942
Wavelength 5/8; Variable 30000/59942
Wavelength 5/8; Variable 31000/59942
Wavelength 5/8; Variable 32000/59942
Wavelength 5/8; Variable 33000/59942
Wavelength 5/8; Variable 34000/59942
Wavelength 5/8; Variable 35000/59942
Wavelength 5/8; Variable 36000/59942
Wavelength 5/8; Variable 37000/59942
Wavelength 5/8; Variable 38000/59942
Wavelength 5/8; Variable 39000/59942
Wavelength 5/8; Variable 40000/59942
Wavelength 5/8; Variable 41000/59942
Wavelength 5/8; Variable 42000/59942
Wavelength 5/8; Variable 43000/59942
Wavelength 5/8; Variable 44000/59942
Wavelength 5/8; Variable 45000/59942
Wavelength 5/8; Variable 46000/59942
Wavelength 5/8; Variable 47000/59942
Wavelength 5/8; Variable 48000/59942
Wavelength 5/8; Variable 49000/59942
Wavelength 5/8; Variable 50000/59942
Wavelength 5/8; Variable 51000/59942
Wavelength 5/8; Variable 52000/59942
Wavelength 5/8; Variable 53000/59942
Wavelength 5/8; Variable 54000/59942
Wavelength 5/8; Variable 55000/59942
Wavelength 5/8; Variable 56000/59942
Wavelength 5/8; Variable 57000/59942
Wavelength 5/8; Variable 58000/59942
Wavelength 5/8; Variable 59000/59942
Wavelength 6/8; Variable 1000/59942
Wavelength 6/8; Variable 2000/59942
Wavelength 6/8; Variable 3000/59942
Wavelength 6/8; Variable 4000/59942
Wavelength 6/8; Variable 5000/59942
Wavelength 6/8; Variable 6000/59942
Wavelength 6/8; Variable 7000/59942
Wavelength 6/8; Variable 8000/59942
Wavelength 6/8; Variable 9000/59942
Wavelength 6/8; Variable 10000/59942
Wavelength 6/8; Variable 11000/59942
Wavelength 6/8; Variable 12000/59942
Wavelength 6/8; Variable 13000/59942
Wavelength 6/8; Variable 14000/59942
Wavelength 6/8; Variable 15000/59942
Wavelength 6/8; Variable 16000/59942
Wavelength 6/8; Variable 17000/59942
Wavelength 6/8; Variable 18000/59942
Wavelength 6/8; Variable 19000/59942
Wavelength 6/8; Variable 20000/59942
Wavelength 6/8; Variable 21000/59942
Wavelength 6/8; Variable 22000/59942
Wavelength 6/8; Variable 23000/59942
Wavelength 6/8; Variable 24000/59942
Wavelength 6/8; Variable 25000/59942
Wavelength 6/8; Variable 26000/59942
Wavelength 6/8; Variable 27000/59942
Wavelength 6/8; Variable 28000/59942
Wavelength 6/8; Variable 29000/59942
Wavelength 6/8; Variable 30000/59942
Wavelength 6/8; Variable 31000/59942
Wavelength 6/8; Variable 32000/59942
Wavelength 6/8; Variable 33000/59942
Wavelength 6/8; Variable 34000/59942
Wavelength 6/8; Variable 35000/59942
Wavelength 6/8; Variable 36000/59942
Wavelength 6/8; Variable 37000/59942
Wavelength 6/8; Variable 38000/59942
Wavelength 6/8; Variable 39000/59942
Wavelength 6/8; Variable 40000/59942
Wavelength 6/8; Variable 41000/59942
Wavelength 6/8; Variable 42000/59942
Wavelength 6/8; Variable 43000/59942
Wavelength 6/8; Variable 44000/59942
Wavelength 6/8; Variable 45000/59942
Wavelength 6/8; Variable 46000/59942
Wavelength 6/8; Variable 47000/59942
Wavelength 6/8; Variable 48000/59942
Wavelength 6/8; Variable 49000/59942
Wavelength 6/8; Variable 50000/59942
Wavelength 6/8; Variable 51000/59942
Wavelength 6/8; Variable 52000/59942
Wavelength 6/8; Variable 53000/59942
Wavelength 6/8; Variable 54000/59942
Wavelength 6/8; Variable 55000/59942
Wavelength 6/8; Variable 56000/59942
Wavelength 6/8; Variable 57000/59942
Wavelength 6/8; Variable 58000/59942
Wavelength 6/8; Variable 59000/59942
Wavelength 7/8; Variable 1000/59942
Wavelength 7/8; Variable 2000/59942
Wavelength 7/8; Variable 3000/59942
Wavelength 7/8; Variable 4000/59942
Wavelength 7/8; Variable 5000/59942
Wavelength 7/8; Variable 6000/59942
Wavelength 7/8; Variable 7000/59942
Wavelength 7/8; Variable 8000/59942
Wavelength 7/8; Variable 9000/59942
Wavelength 7/8; Variable 10000/59942
Wavelength 7/8; Variable 11000/59942
Wavelength 7/8; Variable 12000/59942
Wavelength 7/8; Variable 13000/59942
Wavelength 7/8; Variable 14000/59942
Wavelength 7/8; Variable 15000/59942
Wavelength 7/8; Variable 16000/59942
Wavelength 7/8; Variable 17000/59942
Wavelength 7/8; Variable 18000/59942
Wavelength 7/8; Variable 19000/59942
Wavelength 7/8; Variable 20000/59942
Wavelength 7/8; Variable 21000/59942
Wavelength 7/8; Variable 22000/59942
Wavelength 7/8; Variable 23000/59942
Wavelength 7/8; Variable 24000/59942
Wavelength 7/8; Variable 25000/59942
Wavelength 7/8; Variable 26000/59942
Wavelength 7/8; Variable 27000/59942
Wavelength 7/8; Variable 28000/59942
Wavelength 7/8; Variable 29000/59942
Wavelength 7/8; Variable 30000/59942
Wavelength 7/8; Variable 31000/59942
Wavelength 7/8; Variable 32000/59942
Wavelength 7/8; Variable 33000/59942
Wavelength 7/8; Variable 34000/59942
Wavelength 7/8; Variable 35000/59942
Wavelength 7/8; Variable 36000/59942
Wavelength 7/8; Variable 37000/59942
Wavelength 7/8; Variable 38000/59942
Wavelength 7/8; Variable 39000/59942
Wavelength 7/8; Variable 40000/59942
Wavelength 7/8; Variable 41000/59942
Wavelength 7/8; Variable 42000/59942
Wavelength 7/8; Variable 43000/59942
Wavelength 7/8; Variable 44000/59942
Wavelength 7/8; Variable 45000/59942
Wavelength 7/8; Variable 46000/59942
Wavelength 7/8; Variable 47000/59942
Wavelength 7/8; Variable 48000/59942
Wavelength 7/8; Variable 49000/59942
Wavelength 7/8; Variable 50000/59942
Wavelength 7/8; Variable 51000/59942
Wavelength 7/8; Variable 52000/59942
Wavelength 7/8; Variable 53000/59942
Wavelength 7/8; Variable 54000/59942
Wavelength 7/8; Variable 55000/59942
Wavelength 7/8; Variable 56000/59942
Wavelength 7/8; Variable 57000/59942
Wavelength 7/8; Variable 58000/59942
Wavelength 7/8; Variable 59000/59942
Wavelength 8/8; Variable 1000/59942
Wavelength 8/8; Variable 2000/59942
Wavelength 8/8; Variable 3000/59942
Wavelength 8/8; Variable 4000/59942
Wavelength 8/8; Variable 5000/59942
Wavelength 8/8; Variable 6000/59942
Wavelength 8/8; Variable 7000/59942
Wavelength 8/8; Variable 8000/59942
Wavelength 8/8; Variable 9000/59942
Wavelength 8/8; Variable 10000/59942
Wavelength 8/8; Variable 11000/59942
Wavelength 8/8; Variable 12000/59942
Wavelength 8/8; Variable 13000/59942
Wavelength 8/8; Variable 14000/59942
Wavelength 8/8; Variable 15000/59942
Wavelength 8/8; Variable 16000/59942
Wavelength 8/8; Variable 17000/59942
Wavelength 8/8; Variable 18000/59942
Wavelength 8/8; Variable 19000/59942
Wavelength 8/8; Variable 20000/59942
Wavelength 8/8; Variable 21000/59942
Wavelength 8/8; Variable 22000/59942
Wavelength 8/8; Variable 23000/59942
Wavelength 8/8; Variable 24000/59942
Wavelength 8/8; Variable 25000/59942
Wavelength 8/8; Variable 26000/59942
Wavelength 8/8; Variable 27000/59942
Wavelength 8/8; Variable 28000/59942
Wavelength 8/8; Variable 29000/59942
Wavelength 8/8; Variable 30000/59942
Wavelength 8/8; Variable 31000/59942
Wavelength 8/8; Variable 32000/59942
Wavelength 8/8; Variable 33000/59942
Wavelength 8/8; Variable 34000/59942
Wavelength 8/8; Variable 35000/59942
Wavelength 8/8; Variable 36000/59942
Wavelength 8/8; Variable 37000/59942
Wavelength 8/8; Variable 38000/59942
Wavelength 8/8; Variable 39000/59942
Wavelength 8/8; Variable 40000/59942
Wavelength 8/8; Variable 41000/59942
Wavelength 8/8; Variable 42000/59942
Wavelength 8/8; Variable 43000/59942
Wavelength 8/8; Variable 44000/59942
Wavelength 8/8; Variable 45000/59942
Wavelength 8/8; Variable 46000/59942
Wavelength 8/8; Variable 47000/59942
Wavelength 8/8; Variable 48000/59942
Wavelength 8/8; Variable 49000/59942
Wavelength 8/8; Variable 50000/59942
Wavelength 8/8; Variable 51000/59942
Wavelength 8/8; Variable 52000/59942
Wavelength 8/8; Variable 53000/59942
Wavelength 8/8; Variable 54000/59942
Wavelength 8/8; Variable 55000/59942
Wavelength 8/8; Variable 56000/59942
Wavelength 8/8; Variable 57000/59942
Wavelength 8/8; Variable 58000/59942
Wavelength 8/8; Variable 59000/59942
Start optimization...
Optimize a model with 68160 rows, 59942 columns and 4085645412 nonzeros
Coefficient statistics:
  Matrix range     [1e-13, 7e-06]
  Objective range  [3e-02, 1e+00]
  Bounds range     [1e+00, 1e+00]
  RHS range        [1e-08, 8e-03]
Presolve removed 0 rows and 0 columns (presolve time = 153s) ...
Presolve removed 0 rows and 0 columns (presolve time = 226s) ...
Presolve removed 0 rows and 0 columns (presolve time = 555s) ...
Presolve removed 0 rows and 0 columns (presolve time = 1464s) ...
Presolve removed 34080 rows and 0 columns (presolve time = 1571s) ...
Presolve removed 34080 rows and 0 columns
Presolve time: 1587.26s
Presolved: 34080 rows, 94022 columns, 2042856366 nonzeros
Ordering time: 0.00s

Barrier statistics:
 AA' NZ     : 5.807e+08
 Factor NZ  : 5.807e+08 (roughly 5.0 GBytes of memory)
 Factor Ops : 1.319e+13 (roughly 120 seconds per iteration)
 Threads    : 24

                  Objective                Residual
Iter       Primal          Dual         Primal    Dual     Compl     Time
   0   6.88352078e+08  2.42209101e+05  1.86e+02 0.00e+00  2.21e+04  3135s
   1   1.68583388e+05  2.42382874e+05  3.84e-02 2.33e-10  5.70e+00  4388s
   2   7.69331414e+04  1.82545363e+05  1.36e-02 1.11e-07  2.07e+00  5542s
   3   3.89393782e+04  1.00268605e+05  3.28e-03 2.73e-07  5.53e-01  6790s
   4   2.98826736e+04  4.83193155e+04  7.97e-04 3.06e-07  1.28e-01  8008s
   5   2.85703766e+04  3.50507648e+04  4.17e-04 2.16e-07  4.58e-02  9157s
   6   2.77603701e+04  2.99644789e+04  1.56e-04 2.45e-07  1.54e-02  10177s
   7   2.75114326e+04  2.84281113e+04  5.52e-05 2.65e-07  6.09e-03  11311s
   8   2.74681967e+04  2.77315891e+04  1.54e-05 2.56e-07  1.73e-03  12585s
   9   2.74792763e+04  2.75851476e+04  5.75e-06 2.67e-07  6.86e-04  13827s
  10   2.74921799e+04  2.75188938e+04  1.56e-06 3.41e-07  1.75e-04  15111s
  11   2.74978115e+04  2.75123241e+04  7.99e-07 2.47e-07  9.43e-05  16272s
  12   2.74994537e+04  2.75094319e+04  5.90e-07 2.61e-07  6.57e-05  17276s
  13   2.75018072e+04  2.75064028e+04  3.27e-07 2.63e-07  3.14e-05  18433s
  14   2.75029835e+04  2.75050011e+04  1.79e-07 2.87e-07  1.46e-05  19586s
  15   2.75035584e+04  2.75047594e+04  1.03e-07 2.24e-07  8.59e-06  20773s
  16   2.75040393e+04  2.75044681e+04  3.74e-08 2.64e-07  3.08e-06  22064s
  17   2.75043194e+04  2.75043724e+04  1.89e-09 3.17e-07  3.22e-07  23183s
  18   2.75043345e+04  2.75043459e+04  5.73e-10 3.87e-07  7.29e-08  24274s
  19   2.75043412e+04  2.75043423e+04  1.36e-11 3.15e-07  5.94e-09  25577s
  20   2.75043415e+04  2.75043416e+04  1.81e-12 2.52e-07  6.89e-10  26738s

Barrier solved model in 20 iterations and 26738.04 seconds
Optimal objective 2.75043415e+04

Optimization finished!
/user/kstlaurent/anaconda3/envs/coron_gur/lib/python3.6/site-packages/asdf/extension.py:211: AsdfDeprecationWarning: The module asdf.asdftypes has been deprecated and will be removed in 3.0. Use asdf.types instead. (from astropy.io.misc.asdf.extension.AstropyExtension)
  AsdfDeprecationWarning)
