Optimizer called with the following parameters:
{'focal_plane_mask': {'field_stop_radius': -1.0,
                      'grayscale': True,
                      'num_pix': 150,
                      'radius': 3.82},
 'image': {'bandwidth': 0.18,
           'contrast': 10,
           'iwa': 3.0,
           'num_wavelengths': 8,
           'owa': 12.0,
           'resolution': 2},
 'lyot_stop': {'alignment_tolerance': 0,
               'filename': 'LUVOIR/LS_LUVOIR_ID0195_OD0965_no_struts_gy_ovsamp4_N1000.fits',
               'num_lyot_stops': 1},
 'method': {'edge_width_for_prior': 2,
            'ending_scale': 1,
            'force_no_hermitian_symmetry': False,
            'force_no_x_mirror_symmetry': False,
            'force_no_y_mirror_symmetry': False,
            'initial_throughput_estimate': 1,
            'maximize_planet_throughput': True,
            'num_throughput_iterations': 2,
            'starting_scale': 4},
 'pupil': {'N': 1000,
           'filename': 'LUVOIR/TelAp_LUVOIR_gap_pad01_bw_ovsamp04_N1000.fits'},
 'solver': {'crossover': 0,
            'method': 2,
            'num_threads': 0}}

File organization:
{'analysis_dir': '/Users/soummer/Git/progressive_refinement_coronagraphy/surveys/luvoir_BW18_small_N1000_obelix/analysis',
 'drivers_dir': '/Users/soummer/Git/progressive_refinement_coronagraphy/surveys/luvoir_BW18_small_N1000_obelix/drivers',
 'input_files_dir': '/Users/soummer/Git/progressive_refinement_coronagraphy/masks',
 'log_dir': '/Users/soummer/Git/progressive_refinement_coronagraphy/surveys/luvoir_BW18_small_N1000_obelix/logs',
 'solution_dir': '/Users/soummer/Git/progressive_refinement_coronagraphy/surveys/luvoir_BW18_small_N1000_obelix/solutions',
 'survey_dir': '/Users/soummer/Git/progressive_refinement_coronagraphy/surveys/luvoir_BW18_small_N1000_obelix'}

Telescope pupil:
   Mirror symmetry in x: yes
   Mirror symmetry in y: no

Lyot stop #0:
   Mirror symmetry in x: yes
Lyot stop #0:
   Mirror symmetry in y: yes

Complete APLC:
   Mirror symmetry in x: yes
   Mirror symmetry in y: no

Starting optimization at scale 4 with 21740 variables and 6768 constraints.
Creating model...
Academic license - for non-commercial use only
Parameter Threads unchanged
   Value: 0  Min: 0  Max: 1024  Default: 0
Changed value of parameter Crossover to 0
   Prev: -1  Min: -1  Max: 5  Default: -1
Changed value of parameter Method to 2
   Prev: -1  Min: -1  Max: 5  Default: -1
Calculating and adding constraints...
Wavelength 1/8; Variable 1000/21740
Wavelength 1/8; Variable 2000/21740
Wavelength 1/8; Variable 3000/21740
Wavelength 1/8; Variable 4000/21740
Wavelength 1/8; Variable 5000/21740
Wavelength 1/8; Variable 6000/21740
Wavelength 1/8; Variable 7000/21740
Wavelength 1/8; Variable 8000/21740
Wavelength 1/8; Variable 9000/21740
Wavelength 1/8; Variable 10000/21740
Wavelength 1/8; Variable 11000/21740
Wavelength 1/8; Variable 12000/21740
Wavelength 1/8; Variable 13000/21740
Wavelength 1/8; Variable 14000/21740
Wavelength 1/8; Variable 15000/21740
Wavelength 1/8; Variable 16000/21740
Wavelength 1/8; Variable 17000/21740
Wavelength 1/8; Variable 18000/21740
Wavelength 1/8; Variable 19000/21740
Wavelength 1/8; Variable 20000/21740
Wavelength 1/8; Variable 21000/21740
Wavelength 2/8; Variable 1000/21740
Wavelength 2/8; Variable 2000/21740
Wavelength 2/8; Variable 3000/21740
Wavelength 2/8; Variable 4000/21740
Wavelength 2/8; Variable 5000/21740
Wavelength 2/8; Variable 6000/21740
Wavelength 2/8; Variable 7000/21740
Wavelength 2/8; Variable 8000/21740
Wavelength 2/8; Variable 9000/21740
Wavelength 2/8; Variable 10000/21740
Wavelength 2/8; Variable 11000/21740
Wavelength 2/8; Variable 12000/21740
Wavelength 2/8; Variable 13000/21740
Wavelength 2/8; Variable 14000/21740
Wavelength 2/8; Variable 15000/21740
Wavelength 2/8; Variable 16000/21740
Wavelength 2/8; Variable 17000/21740
Wavelength 2/8; Variable 18000/21740
Wavelength 2/8; Variable 19000/21740
Wavelength 2/8; Variable 20000/21740
Wavelength 2/8; Variable 21000/21740
Warning for adding constraints: zero or small (< 1e-13) coefficients, ignored
Wavelength 3/8; Variable 1000/21740
Wavelength 3/8; Variable 2000/21740
Wavelength 3/8; Variable 3000/21740
Wavelength 3/8; Variable 4000/21740
Wavelength 3/8; Variable 5000/21740
Wavelength 3/8; Variable 6000/21740
Wavelength 3/8; Variable 7000/21740
Wavelength 3/8; Variable 8000/21740
Wavelength 3/8; Variable 9000/21740
Wavelength 3/8; Variable 10000/21740
Wavelength 3/8; Variable 11000/21740
Wavelength 3/8; Variable 12000/21740
Wavelength 3/8; Variable 13000/21740
Wavelength 3/8; Variable 14000/21740
Wavelength 3/8; Variable 15000/21740
Wavelength 3/8; Variable 16000/21740
Wavelength 3/8; Variable 17000/21740
Wavelength 3/8; Variable 18000/21740
Wavelength 3/8; Variable 19000/21740
Wavelength 3/8; Variable 20000/21740
Wavelength 3/8; Variable 21000/21740
Wavelength 4/8; Variable 1000/21740
Wavelength 4/8; Variable 2000/21740
Wavelength 4/8; Variable 3000/21740
Wavelength 4/8; Variable 4000/21740
Wavelength 4/8; Variable 5000/21740
Wavelength 4/8; Variable 6000/21740
Wavelength 4/8; Variable 7000/21740
Wavelength 4/8; Variable 8000/21740
Wavelength 4/8; Variable 9000/21740
Wavelength 4/8; Variable 10000/21740
Wavelength 4/8; Variable 11000/21740
Wavelength 4/8; Variable 12000/21740
Wavelength 4/8; Variable 13000/21740
Wavelength 4/8; Variable 14000/21740
Wavelength 4/8; Variable 15000/21740
Wavelength 4/8; Variable 16000/21740
Wavelength 4/8; Variable 17000/21740
Wavelength 4/8; Variable 18000/21740
Wavelength 4/8; Variable 19000/21740
Wavelength 4/8; Variable 20000/21740
Wavelength 4/8; Variable 21000/21740
Wavelength 5/8; Variable 1000/21740
Wavelength 5/8; Variable 2000/21740
Wavelength 5/8; Variable 3000/21740
Wavelength 5/8; Variable 4000/21740
Wavelength 5/8; Variable 5000/21740
Wavelength 5/8; Variable 6000/21740
Wavelength 5/8; Variable 7000/21740
Wavelength 5/8; Variable 8000/21740
Wavelength 5/8; Variable 9000/21740
Wavelength 5/8; Variable 10000/21740
Wavelength 5/8; Variable 11000/21740
Wavelength 5/8; Variable 12000/21740
Wavelength 5/8; Variable 13000/21740
Wavelength 5/8; Variable 14000/21740
Wavelength 5/8; Variable 15000/21740
Wavelength 5/8; Variable 16000/21740
Wavelength 5/8; Variable 17000/21740
Wavelength 5/8; Variable 18000/21740
Wavelength 5/8; Variable 19000/21740
Wavelength 5/8; Variable 20000/21740
Wavelength 5/8; Variable 21000/21740
Wavelength 6/8; Variable 1000/21740
Wavelength 6/8; Variable 2000/21740
Wavelength 6/8; Variable 3000/21740
Wavelength 6/8; Variable 4000/21740
Wavelength 6/8; Variable 5000/21740
Wavelength 6/8; Variable 6000/21740
Wavelength 6/8; Variable 7000/21740
Wavelength 6/8; Variable 8000/21740
Wavelength 6/8; Variable 9000/21740
Wavelength 6/8; Variable 10000/21740
Wavelength 6/8; Variable 11000/21740
Wavelength 6/8; Variable 12000/21740
Wavelength 6/8; Variable 13000/21740
Wavelength 6/8; Variable 14000/21740
Wavelength 6/8; Variable 15000/21740
Wavelength 6/8; Variable 16000/21740
Wavelength 6/8; Variable 17000/21740
Wavelength 6/8; Variable 18000/21740
Wavelength 6/8; Variable 19000/21740
Wavelength 6/8; Variable 20000/21740
Wavelength 6/8; Variable 21000/21740
Wavelength 7/8; Variable 1000/21740
Wavelength 7/8; Variable 2000/21740
Wavelength 7/8; Variable 3000/21740
Wavelength 7/8; Variable 4000/21740
Wavelength 7/8; Variable 5000/21740
Wavelength 7/8; Variable 6000/21740
Wavelength 7/8; Variable 7000/21740
Wavelength 7/8; Variable 8000/21740
Wavelength 7/8; Variable 9000/21740
Wavelength 7/8; Variable 10000/21740
Wavelength 7/8; Variable 11000/21740
Wavelength 7/8; Variable 12000/21740
Wavelength 7/8; Variable 13000/21740
Wavelength 7/8; Variable 14000/21740
Wavelength 7/8; Variable 15000/21740
Wavelength 7/8; Variable 16000/21740
Wavelength 7/8; Variable 17000/21740
Wavelength 7/8; Variable 18000/21740
Wavelength 7/8; Variable 19000/21740
Wavelength 7/8; Variable 20000/21740
Wavelength 7/8; Variable 21000/21740
Wavelength 8/8; Variable 1000/21740
Wavelength 8/8; Variable 2000/21740
Wavelength 8/8; Variable 3000/21740
Wavelength 8/8; Variable 4000/21740
Wavelength 8/8; Variable 5000/21740
Wavelength 8/8; Variable 6000/21740
Wavelength 8/8; Variable 7000/21740
Wavelength 8/8; Variable 8000/21740
Wavelength 8/8; Variable 9000/21740
Wavelength 8/8; Variable 10000/21740
Wavelength 8/8; Variable 11000/21740
Wavelength 8/8; Variable 12000/21740
Wavelength 8/8; Variable 13000/21740
Wavelength 8/8; Variable 14000/21740
Wavelength 8/8; Variable 15000/21740
Wavelength 8/8; Variable 16000/21740
Wavelength 8/8; Variable 17000/21740
Wavelength 8/8; Variable 18000/21740
Wavelength 8/8; Variable 19000/21740
Wavelength 8/8; Variable 20000/21740
Wavelength 8/8; Variable 21000/21740
Start optimization...
Optimize a model with 13536 rows, 21740 columns and 294272628 nonzeros
Coefficient statistics:
  Matrix range     [1e-13, 1e-04]
  Objective range  [2e-03, 1e+00]
  Bounds range     [1e+00, 1e+00]
  RHS range        [1e-05, 1e-05]
Presolve removed 0 rows and 0 columns (presolve time = 19s) ...
Presolve removed 0 rows and 0 columns (presolve time = 27s) ...
Presolve removed 0 rows and 0 columns (presolve time = 55s) ...
Presolve removed 0 rows and 0 columns (presolve time = 94s) ...
Presolve removed 6768 rows and 0 columns (presolve time = 105s) ...
Presolve removed 6768 rows and 0 columns
Presolve time: 106.39s
Presolved: 6768 rows, 28508 columns, 147143072 nonzeros
Ordering time: 0.00s

Barrier statistics:
 AA' NZ     : 2.290e+07
 Factor NZ  : 2.291e+07 (roughly 200 MBytes of memory)
 Factor Ops : 1.034e+11 (roughly 4 seconds per iteration)
 Threads    : 6

                  Objective                Residual
Iter       Primal          Dual         Primal    Dual     Compl     Time
   0   1.42710787e+07  5.16845463e+04  3.88e+01 0.00e+00  1.73e+03   172s
   1   1.78548830e+04  5.16481758e+04  3.05e-02 1.82e-11  2.14e+00   207s
   2   1.20055543e+04  3.03055221e+04  8.76e-03 2.41e-09  6.29e-01   243s
   3   1.14833542e+04  1.64302189e+04  2.46e-03 5.41e-09  1.40e-01   279s
   4   1.14836098e+04  1.30279387e+04  1.02e-03 1.80e-08  4.38e-02   315s
   5   1.15061498e+04  1.22605033e+04  7.42e-04 1.35e-08  2.43e-02   350s
   6   1.15193997e+04  1.20063091e+04  5.06e-04 1.03e-08  1.58e-02   386s
   7   1.15275709e+04  1.18632415e+04  3.81e-04 1.24e-08  1.12e-02   422s
   8   1.15324502e+04  1.17803432e+04  2.94e-04 1.30e-08  8.40e-03   457s
   9   1.15346291e+04  1.17408702e+04  2.49e-04 1.04e-08  7.03e-03   492s
  10   1.15365001e+04  1.16995930e+04  2.20e-04 1.69e-08  5.84e-03   526s
  11   1.15401789e+04  1.16715758e+04  1.83e-04 1.09e-08  4.78e-03   562s
  12   1.15431797e+04  1.16510497e+04  1.56e-04 1.59e-08  3.98e-03   598s
  13   1.15499851e+04  1.16227697e+04  1.21e-04 1.36e-08  2.90e-03   635s
  14   1.15523867e+04  1.16110027e+04  1.06e-04 1.56e-08  2.44e-03   671s
  15   1.15537714e+04  1.15992200e+04  8.48e-05 1.51e-08  1.92e-03   706s
  16   1.15564433e+04  1.15909248e+04  6.89e-05 1.46e-08  1.52e-03   742s
  17   1.15577438e+04  1.15819101e+04  5.80e-05 1.29e-08  1.19e-03   777s
  18   1.15603067e+04  1.15769251e+04  4.56e-05 1.26e-08  8.93e-04   815s
  19   1.15613359e+04  1.15708911e+04  3.15e-05 1.56e-08  5.82e-04   851s
  20   1.15616496e+04  1.15679779e+04  2.56e-05 1.49e-08  4.49e-04   885s
  21   1.15624540e+04  1.15658612e+04  1.69e-05 1.38e-08  2.81e-04   923s
  22   1.15626975e+04  1.15646162e+04  1.20e-05 1.94e-08  1.92e-04   958s
  23   1.15628515e+04  1.15637027e+04  7.81e-06 1.55e-08  1.18e-04   994s
  24   1.15629939e+04  1.15632586e+04  5.03e-06 1.67e-08  7.07e-05  1030s
  25   1.15625963e+04  1.15627119e+04  1.36e-06 1.75e-08  1.99e-05  1071s
  26   1.15625677e+04  1.15626256e+04  8.35e-07 1.68e-08  1.20e-05  1106s
  27   1.15625199e+04  1.15625400e+04  6.67e-08 2.26e-08  1.23e-06  1144s
  28   1.15625248e+04  1.15625335e+04  1.86e-08 1.99e-08  3.96e-07  1180s
  29   1.15625272e+04  1.15625282e+04  8.36e-10 2.02e-08  2.91e-08  1218s
  30   1.15625276e+04  1.15625277e+04  3.89e-11 2.49e-08  2.38e-09  1259s

Barrier solved model in 30 iterations and 1258.60 seconds
Optimal objective 1.15625276e+04

Optimization finished!
Restarting optimization for throughput iteration 1...
Optimize a model with 13536 rows, 21740 columns and 294272628 nonzeros
Coefficient statistics:
  Matrix range     [1e-13, 1e-04]
  Objective range  [2e-03, 1e+00]
  Bounds range     [1e+00, 1e+00]
  RHS range        [7e-06, 7e-06]
Presolve removed 0 rows and 0 columns (presolve time = 18s) ...
Presolve removed 0 rows and 0 columns (presolve time = 27s) ...
Presolve removed 0 rows and 0 columns (presolve time = 47s) ...
Presolve removed 0 rows and 0 columns (presolve time = 91s) ...
Presolve removed 6768 rows and 0 columns (presolve time = 101s) ...
Presolve removed 6768 rows and 0 columns
Presolve time: 103.34s
Presolved: 6768 rows, 28508 columns, 147143072 nonzeros
Ordering time: 0.00s

Barrier statistics:
 AA' NZ     : 2.290e+07
 Factor NZ  : 2.291e+07 (roughly 200 MBytes of memory)
 Factor Ops : 1.034e+11 (roughly 4 seconds per iteration)
 Threads    : 6

                  Objective                Residual
Iter       Primal          Dual         Primal    Dual     Compl     Time
   0   1.42710787e+07  5.09149703e+04  3.88e+01 0.00e+00  1.73e+03   169s
   1   1.82629594e+04  5.08782185e+04  3.16e-02 2.18e-11  2.18e+00   204s
   2   1.22167683e+04  3.01001588e+04  9.47e-03 2.98e-09  6.54e-01   239s
   3   1.15310897e+04  1.65148242e+04  3.22e-03 8.50e-09  1.63e-01   275s
   4   1.15281112e+04  1.33586892e+04  1.68e-03 5.80e-08  6.34e-02   311s
   5   1.14485671e+04  1.23643274e+04  9.36e-04 1.13e-08  3.16e-02   347s
   6   1.14356876e+04  1.20356469e+04  6.41e-04 1.37e-08  2.06e-02   384s
   7   1.14263884e+04  1.18888097e+04  4.88e-04 1.45e-08  1.56e-02   419s
   8   1.14212083e+04  1.17480649e+04  3.91e-04 3.05e-08  1.16e-02   454s
   9   1.14244204e+04  1.16293004e+04  3.43e-04 3.70e-08  8.59e-03   490s
  10   1.14239965e+04  1.15789771e+04  2.70e-04 3.96e-08  6.62e-03   526s
  11   1.14203232e+04  1.15348644e+04  2.26e-04 4.69e-08  5.24e-03   561s
  12   1.14198491e+04  1.14955573e+04  1.76e-04 2.66e-08  3.85e-03   597s
  13   1.14203042e+04  1.14713860e+04  1.41e-04 1.90e-08  2.91e-03   634s
  14   1.14192606e+04  1.14556758e+04  1.15e-04 1.56e-08  2.29e-03   670s
  15   1.14184628e+04  1.14431163e+04  9.67e-05 2.18e-08  1.81e-03   705s
  16   1.14172760e+04  1.14360779e+04  7.40e-05 2.28e-08  1.39e-03   741s
  17   1.14163720e+04  1.14289388e+04  5.89e-05 2.36e-08  1.06e-03   778s
  18   1.14153624e+04  1.14229907e+04  4.45e-05 2.79e-08  7.71e-04   813s
  19   1.14138563e+04  1.14187897e+04  3.37e-05 1.95e-08  5.71e-04   849s
  20   1.14128059e+04  1.14164282e+04  2.73e-05 2.03e-08  4.56e-04   885s
  21   1.14123612e+04  1.14131086e+04  2.22e-05 4.19e-08  3.33e-04   920s
  22   1.14118301e+04  1.14115667e+04  1.81e-05 2.61e-08  2.57e-04   956s
  23   1.14107764e+04  1.14105774e+04  1.27e-05 2.25e-08  1.80e-04   992s
  24   1.14103212e+04  1.14093083e+04  8.60e-06 2.82e-08  1.06e-04  1029s
  25   1.14096711e+04  1.14088686e+04  5.79e-06 2.03e-08  6.96e-05  1065s
  26   1.14087417e+04  1.14084820e+04  2.31e-06 2.72e-08  2.89e-05  1102s
  27   1.14081965e+04  1.14082205e+04  9.57e-08 2.91e-08  1.80e-06  1142s
  28   1.14081967e+04  1.14082123e+04  5.99e-08 2.39e-08  1.14e-06  1178s
  29   1.14081944e+04  1.14082005e+04  1.13e-08 2.69e-08  2.70e-07  1217s
  30   1.14081955e+04  1.14081969e+04  1.58e-09 3.72e-08  4.83e-08  1255s
  31   1.14081958e+04  1.14081963e+04  5.92e-10 2.57e-08  1.79e-08  1291s
  32   1.14081960e+04  1.14081960e+04  1.16e-10 1.35e-07  3.15e-09  1327s

Barrier solved model in 32 iterations and 1327.27 seconds
Optimal objective 1.14081960e+04

Optimization finished!
Starting optimization at scale 2 with 16594 variables and 6768 constraints.
Creating model...
Parameter Threads unchanged
   Value: 0  Min: 0  Max: 1024  Default: 0
Changed value of parameter Crossover to 0
   Prev: -1  Min: -1  Max: 5  Default: -1
Changed value of parameter Method to 2
   Prev: -1  Min: -1  Max: 5  Default: -1
Calculating and adding constraints...
Wavelength 1/8; Variable 1000/16594
Wavelength 1/8; Variable 2000/16594
Wavelength 1/8; Variable 3000/16594
Wavelength 1/8; Variable 4000/16594
Wavelength 1/8; Variable 5000/16594
Wavelength 1/8; Variable 6000/16594
Wavelength 1/8; Variable 7000/16594
Wavelength 1/8; Variable 8000/16594
Wavelength 1/8; Variable 9000/16594
Wavelength 1/8; Variable 10000/16594
Wavelength 1/8; Variable 11000/16594
Wavelength 1/8; Variable 12000/16594
Wavelength 1/8; Variable 13000/16594
Wavelength 1/8; Variable 14000/16594
Wavelength 1/8; Variable 15000/16594
Wavelength 1/8; Variable 16000/16594
Warning for adding constraints: zero or small (< 1e-13) coefficients, ignored
Wavelength 2/8; Variable 1000/16594
Wavelength 2/8; Variable 2000/16594
Wavelength 2/8; Variable 3000/16594
Wavelength 2/8; Variable 4000/16594
Wavelength 2/8; Variable 5000/16594
Wavelength 2/8; Variable 6000/16594
Wavelength 2/8; Variable 7000/16594
Wavelength 2/8; Variable 8000/16594
Wavelength 2/8; Variable 9000/16594
Wavelength 2/8; Variable 10000/16594
Wavelength 2/8; Variable 11000/16594
Wavelength 2/8; Variable 12000/16594
Wavelength 2/8; Variable 13000/16594
Wavelength 2/8; Variable 14000/16594
Wavelength 2/8; Variable 15000/16594
Wavelength 2/8; Variable 16000/16594
Wavelength 3/8; Variable 1000/16594
Wavelength 3/8; Variable 2000/16594
Wavelength 3/8; Variable 3000/16594
Wavelength 3/8; Variable 4000/16594
Wavelength 3/8; Variable 5000/16594
Wavelength 3/8; Variable 6000/16594
Wavelength 3/8; Variable 7000/16594
Wavelength 3/8; Variable 8000/16594
Wavelength 3/8; Variable 9000/16594
Wavelength 3/8; Variable 10000/16594
Wavelength 3/8; Variable 11000/16594
Wavelength 3/8; Variable 12000/16594
Wavelength 3/8; Variable 13000/16594
Wavelength 3/8; Variable 14000/16594
Wavelength 3/8; Variable 15000/16594
Wavelength 3/8; Variable 16000/16594
Wavelength 4/8; Variable 1000/16594
Wavelength 4/8; Variable 2000/16594
Wavelength 4/8; Variable 3000/16594
Wavelength 4/8; Variable 4000/16594
Wavelength 4/8; Variable 5000/16594
Wavelength 4/8; Variable 6000/16594
Wavelength 4/8; Variable 7000/16594
Wavelength 4/8; Variable 8000/16594
Wavelength 4/8; Variable 9000/16594
Wavelength 4/8; Variable 10000/16594
Wavelength 4/8; Variable 11000/16594
Wavelength 4/8; Variable 12000/16594
Wavelength 4/8; Variable 13000/16594
Wavelength 4/8; Variable 14000/16594
Wavelength 4/8; Variable 15000/16594
Wavelength 4/8; Variable 16000/16594
Wavelength 5/8; Variable 1000/16594
Wavelength 5/8; Variable 2000/16594
Wavelength 5/8; Variable 3000/16594
Wavelength 5/8; Variable 4000/16594
Wavelength 5/8; Variable 5000/16594
Wavelength 5/8; Variable 6000/16594
Wavelength 5/8; Variable 7000/16594
Wavelength 5/8; Variable 8000/16594
Wavelength 5/8; Variable 9000/16594
Wavelength 5/8; Variable 10000/16594
Wavelength 5/8; Variable 11000/16594
Wavelength 5/8; Variable 12000/16594
Wavelength 5/8; Variable 13000/16594
Wavelength 5/8; Variable 14000/16594
Wavelength 5/8; Variable 15000/16594
Wavelength 5/8; Variable 16000/16594
Wavelength 6/8; Variable 1000/16594
Wavelength 6/8; Variable 2000/16594
Wavelength 6/8; Variable 3000/16594
Wavelength 6/8; Variable 4000/16594
Wavelength 6/8; Variable 5000/16594
Wavelength 6/8; Variable 6000/16594
Wavelength 6/8; Variable 7000/16594
Wavelength 6/8; Variable 8000/16594
Wavelength 6/8; Variable 9000/16594
Wavelength 6/8; Variable 10000/16594
Wavelength 6/8; Variable 11000/16594
Wavelength 6/8; Variable 12000/16594
Wavelength 6/8; Variable 13000/16594
Wavelength 6/8; Variable 14000/16594
Wavelength 6/8; Variable 15000/16594
Wavelength 6/8; Variable 16000/16594
Wavelength 7/8; Variable 1000/16594
Wavelength 7/8; Variable 2000/16594
Wavelength 7/8; Variable 3000/16594
Wavelength 7/8; Variable 4000/16594
Wavelength 7/8; Variable 5000/16594
Wavelength 7/8; Variable 6000/16594
Wavelength 7/8; Variable 7000/16594
Wavelength 7/8; Variable 8000/16594
Wavelength 7/8; Variable 9000/16594
Wavelength 7/8; Variable 10000/16594
Wavelength 7/8; Variable 11000/16594
Wavelength 7/8; Variable 12000/16594
Wavelength 7/8; Variable 13000/16594
Wavelength 7/8; Variable 14000/16594
Wavelength 7/8; Variable 15000/16594
Wavelength 7/8; Variable 16000/16594
Wavelength 8/8; Variable 1000/16594
Wavelength 8/8; Variable 2000/16594
Wavelength 8/8; Variable 3000/16594
Wavelength 8/8; Variable 4000/16594
Wavelength 8/8; Variable 5000/16594
Wavelength 8/8; Variable 6000/16594
Wavelength 8/8; Variable 7000/16594
Wavelength 8/8; Variable 8000/16594
Wavelength 8/8; Variable 9000/16594
Wavelength 8/8; Variable 10000/16594
Wavelength 8/8; Variable 11000/16594
Wavelength 8/8; Variable 12000/16594
Wavelength 8/8; Variable 13000/16594
Wavelength 8/8; Variable 14000/16594
Wavelength 8/8; Variable 15000/16594
Wavelength 8/8; Variable 16000/16594
Start optimization...
Optimize a model with 13536 rows, 16594 columns and 224616368 nonzeros
Coefficient statistics:
  Matrix range     [1e-13, 3e-05]
  Objective range  [2e-02, 1e+00]
  Bounds range     [1e+00, 1e+00]
  RHS range        [4e-07, 8e-03]
Presolve removed 0 rows and 0 columns (presolve time = 14s) ...
Presolve removed 0 rows and 0 columns (presolve time = 21s) ...
Presolve removed 0 rows and 0 columns (presolve time = 35s) ...
Presolve removed 0 rows and 0 columns (presolve time = 58s) ...
Presolve removed 6768 rows and 0 columns (presolve time = 66s) ...
Presolve removed 6768 rows and 0 columns
Presolve time: 67.52s
Presolved: 6768 rows, 23362 columns, 112314893 nonzeros
Ordering time: 0.00s

Barrier statistics:
 AA' NZ     : 2.290e+07
 Factor NZ  : 2.291e+07 (roughly 200 MBytes of memory)
 Factor Ops : 1.034e+11 (roughly 4 seconds per iteration)
 Threads    : 6

                  Objective                Residual
Iter       Primal          Dual         Primal    Dual     Compl     Time
   0   4.48471139e+07  4.16556682e+04  4.30e+01 0.00e+00  6.45e+03   113s
   1   1.36425758e+04  4.16760750e+04  7.25e-03 5.82e-11  1.85e+00   140s
   2   9.09669388e+03  2.44338266e+04  2.28e-03 1.02e-08  5.74e-01   168s
   3   7.97407594e+03  1.23029566e+04  1.10e-03 2.60e-08  1.58e-01   196s
   4   7.53040421e+03  8.12531224e+03  6.82e-04 3.03e-06  4.06e-02   224s
   5   7.39279585e+03  7.47166842e+03  5.56e-04 1.86e-06  2.28e-02   251s
   6   7.10240873e+03  7.00828650e+03  3.19e-04 6.89e-08  9.70e-03   280s
   7   6.93218923e+03  6.87101511e+03  1.81e-04 3.49e-07  5.40e-03   308s
   8   6.84826648e+03  6.79377140e+03  1.14e-04 1.08e-07  3.18e-03   336s
   9   6.79383447e+03  6.74816563e+03  7.18e-05 8.44e-08  1.81e-03   365s
  10   6.75596426e+03  6.72502327e+03  4.24e-05 5.16e-07  1.00e-03   394s
  11   6.73645038e+03  6.71104747e+03  2.71e-05 1.12e-07  5.25e-04   423s
  12   6.72542272e+03  6.70784152e+03  1.84e-05 9.91e-08  3.52e-04   453s
  13   6.71468946e+03  6.70443102e+03  1.00e-05 7.33e-07  1.79e-04   486s
  14   6.70890588e+03  6.70264602e+03  5.50e-06 1.90e-07  8.52e-05   514s
  15   6.70548464e+03  6.70200950e+03  2.85e-06 6.00e-07  3.92e-05   542s
  16   6.70363551e+03  6.70181423e+03  1.45e-06 9.88e-07  1.89e-05   570s
  17   6.70203807e+03  6.70174177e+03  2.51e-07 1.37e-07  3.68e-06   600s
  18   6.70171349e+03  6.70172049e+03  1.66e-09 3.22e-07  2.16e-07   630s
  19   6.70171387e+03  6.70171587e+03  4.33e-10 1.49e-07  6.01e-08   660s
  20   6.70171411e+03  6.70171421e+03  1.67e-12 1.14e-07  2.14e-09   696s
  21   6.70171415e+03  6.70171415e+03  3.36e-13 1.11e-07  8.17e-11   726s

Barrier solved model in 21 iterations and 725.65 seconds
Optimal objective 6.70171415e+03

Optimization finished!
Starting optimization at scale 1 with 31787 variables and 6768 constraints.
Creating model...
Parameter Threads unchanged
   Value: 0  Min: 0  Max: 1024  Default: 0
Changed value of parameter Crossover to 0
   Prev: -1  Min: -1  Max: 5  Default: -1
Changed value of parameter Method to 2
   Prev: -1  Min: -1  Max: 5  Default: -1
Calculating and adding constraints...
Wavelength 1/8; Variable 1000/31787
Wavelength 1/8; Variable 2000/31787
Wavelength 1/8; Variable 3000/31787
Wavelength 1/8; Variable 4000/31787
Wavelength 1/8; Variable 5000/31787
Wavelength 1/8; Variable 6000/31787
Wavelength 1/8; Variable 7000/31787
Wavelength 1/8; Variable 8000/31787
Wavelength 1/8; Variable 9000/31787
Wavelength 1/8; Variable 10000/31787
Wavelength 1/8; Variable 11000/31787
Wavelength 1/8; Variable 12000/31787
Wavelength 1/8; Variable 13000/31787
Wavelength 1/8; Variable 14000/31787
Wavelength 1/8; Variable 15000/31787
Wavelength 1/8; Variable 16000/31787
Wavelength 1/8; Variable 17000/31787
Wavelength 1/8; Variable 18000/31787
Wavelength 1/8; Variable 19000/31787
Wavelength 1/8; Variable 20000/31787
Wavelength 1/8; Variable 21000/31787
Wavelength 1/8; Variable 22000/31787
Wavelength 1/8; Variable 23000/31787
Wavelength 1/8; Variable 24000/31787
Wavelength 1/8; Variable 25000/31787
Wavelength 1/8; Variable 26000/31787
Wavelength 1/8; Variable 27000/31787
Wavelength 1/8; Variable 28000/31787
Wavelength 1/8; Variable 29000/31787
Wavelength 1/8; Variable 30000/31787
Wavelength 1/8; Variable 31000/31787
Warning for adding constraints: zero or small (< 1e-13) coefficients, ignored
Wavelength 2/8; Variable 1000/31787
Wavelength 2/8; Variable 2000/31787
Wavelength 2/8; Variable 3000/31787
Wavelength 2/8; Variable 4000/31787
Wavelength 2/8; Variable 5000/31787
Wavelength 2/8; Variable 6000/31787
Wavelength 2/8; Variable 7000/31787
Wavelength 2/8; Variable 8000/31787
Wavelength 2/8; Variable 9000/31787
Wavelength 2/8; Variable 10000/31787
Wavelength 2/8; Variable 11000/31787
Wavelength 2/8; Variable 12000/31787
Wavelength 2/8; Variable 13000/31787
Wavelength 2/8; Variable 14000/31787
Wavelength 2/8; Variable 15000/31787
Wavelength 2/8; Variable 16000/31787
Wavelength 2/8; Variable 17000/31787
Wavelength 2/8; Variable 18000/31787
Wavelength 2/8; Variable 19000/31787
Wavelength 2/8; Variable 20000/31787
Wavelength 2/8; Variable 21000/31787
Wavelength 2/8; Variable 22000/31787
Wavelength 2/8; Variable 23000/31787
Wavelength 2/8; Variable 24000/31787
Wavelength 2/8; Variable 25000/31787
Wavelength 2/8; Variable 26000/31787
Wavelength 2/8; Variable 27000/31787
Wavelength 2/8; Variable 28000/31787
Wavelength 2/8; Variable 29000/31787
Wavelength 2/8; Variable 30000/31787
Wavelength 2/8; Variable 31000/31787
Wavelength 3/8; Variable 1000/31787
Wavelength 3/8; Variable 2000/31787
Wavelength 3/8; Variable 3000/31787
Wavelength 3/8; Variable 4000/31787
Wavelength 3/8; Variable 5000/31787
Wavelength 3/8; Variable 6000/31787
Wavelength 3/8; Variable 7000/31787
Wavelength 3/8; Variable 8000/31787
Wavelength 3/8; Variable 9000/31787
Wavelength 3/8; Variable 10000/31787
Wavelength 3/8; Variable 11000/31787
Wavelength 3/8; Variable 12000/31787
Wavelength 3/8; Variable 13000/31787
Wavelength 3/8; Variable 14000/31787
Wavelength 3/8; Variable 15000/31787
Wavelength 3/8; Variable 16000/31787
Wavelength 3/8; Variable 17000/31787
Wavelength 3/8; Variable 18000/31787
Wavelength 3/8; Variable 19000/31787
Wavelength 3/8; Variable 20000/31787
Wavelength 3/8; Variable 21000/31787
Wavelength 3/8; Variable 22000/31787
Wavelength 3/8; Variable 23000/31787
Wavelength 3/8; Variable 24000/31787
Wavelength 3/8; Variable 25000/31787
Wavelength 3/8; Variable 26000/31787
Wavelength 3/8; Variable 27000/31787
Wavelength 3/8; Variable 28000/31787
Wavelength 3/8; Variable 29000/31787
Wavelength 3/8; Variable 30000/31787
Wavelength 3/8; Variable 31000/31787
Wavelength 4/8; Variable 1000/31787
Wavelength 4/8; Variable 2000/31787
Wavelength 4/8; Variable 3000/31787
Wavelength 4/8; Variable 4000/31787
Wavelength 4/8; Variable 5000/31787
Wavelength 4/8; Variable 6000/31787
Wavelength 4/8; Variable 7000/31787
Wavelength 4/8; Variable 8000/31787
Wavelength 4/8; Variable 9000/31787
Wavelength 4/8; Variable 10000/31787
Wavelength 4/8; Variable 11000/31787
Wavelength 4/8; Variable 12000/31787
Wavelength 4/8; Variable 13000/31787
Wavelength 4/8; Variable 14000/31787
Wavelength 4/8; Variable 15000/31787
Wavelength 4/8; Variable 16000/31787
Wavelength 4/8; Variable 17000/31787
Wavelength 4/8; Variable 18000/31787
Wavelength 4/8; Variable 19000/31787
Wavelength 4/8; Variable 20000/31787
Wavelength 4/8; Variable 21000/31787
Wavelength 4/8; Variable 22000/31787
Wavelength 4/8; Variable 23000/31787
Wavelength 4/8; Variable 24000/31787
Wavelength 4/8; Variable 25000/31787
Wavelength 4/8; Variable 26000/31787
Wavelength 4/8; Variable 27000/31787
Wavelength 4/8; Variable 28000/31787
Wavelength 4/8; Variable 29000/31787
Wavelength 4/8; Variable 30000/31787
Wavelength 4/8; Variable 31000/31787
Wavelength 5/8; Variable 1000/31787
Wavelength 5/8; Variable 2000/31787
Wavelength 5/8; Variable 3000/31787
Wavelength 5/8; Variable 4000/31787
Wavelength 5/8; Variable 5000/31787
Wavelength 5/8; Variable 6000/31787
Wavelength 5/8; Variable 7000/31787
Wavelength 5/8; Variable 8000/31787
Wavelength 5/8; Variable 9000/31787
Wavelength 5/8; Variable 10000/31787
Wavelength 5/8; Variable 11000/31787
Wavelength 5/8; Variable 12000/31787
Wavelength 5/8; Variable 13000/31787
Wavelength 5/8; Variable 14000/31787
Wavelength 5/8; Variable 15000/31787
Wavelength 5/8; Variable 16000/31787
Wavelength 5/8; Variable 17000/31787
Wavelength 5/8; Variable 18000/31787
Wavelength 5/8; Variable 19000/31787
Wavelength 5/8; Variable 20000/31787
Wavelength 5/8; Variable 21000/31787
Wavelength 5/8; Variable 22000/31787
Wavelength 5/8; Variable 23000/31787
Wavelength 5/8; Variable 24000/31787
Wavelength 5/8; Variable 25000/31787
Wavelength 5/8; Variable 26000/31787
Wavelength 5/8; Variable 27000/31787
Wavelength 5/8; Variable 28000/31787
Wavelength 5/8; Variable 29000/31787
Wavelength 5/8; Variable 30000/31787
Wavelength 5/8; Variable 31000/31787
Wavelength 6/8; Variable 1000/31787
Wavelength 6/8; Variable 2000/31787
Wavelength 6/8; Variable 3000/31787
Wavelength 6/8; Variable 4000/31787
Wavelength 6/8; Variable 5000/31787
Wavelength 6/8; Variable 6000/31787
Wavelength 6/8; Variable 7000/31787
Wavelength 6/8; Variable 8000/31787
Wavelength 6/8; Variable 9000/31787
Wavelength 6/8; Variable 10000/31787
Wavelength 6/8; Variable 11000/31787
Wavelength 6/8; Variable 12000/31787
Wavelength 6/8; Variable 13000/31787
Wavelength 6/8; Variable 14000/31787
Wavelength 6/8; Variable 15000/31787
Wavelength 6/8; Variable 16000/31787
Wavelength 6/8; Variable 17000/31787
Wavelength 6/8; Variable 18000/31787
Wavelength 6/8; Variable 19000/31787
Wavelength 6/8; Variable 20000/31787
Wavelength 6/8; Variable 21000/31787
Wavelength 6/8; Variable 22000/31787
Wavelength 6/8; Variable 23000/31787
Wavelength 6/8; Variable 24000/31787
Wavelength 6/8; Variable 25000/31787
Wavelength 6/8; Variable 26000/31787
Wavelength 6/8; Variable 27000/31787
Wavelength 6/8; Variable 28000/31787
Wavelength 6/8; Variable 29000/31787
Wavelength 6/8; Variable 30000/31787
Wavelength 6/8; Variable 31000/31787
Wavelength 7/8; Variable 1000/31787
Wavelength 7/8; Variable 2000/31787
Wavelength 7/8; Variable 3000/31787
Wavelength 7/8; Variable 4000/31787
Wavelength 7/8; Variable 5000/31787
Wavelength 7/8; Variable 6000/31787
Wavelength 7/8; Variable 7000/31787
Wavelength 7/8; Variable 8000/31787
Wavelength 7/8; Variable 9000/31787
Wavelength 7/8; Variable 10000/31787
Wavelength 7/8; Variable 11000/31787
Wavelength 7/8; Variable 12000/31787
Wavelength 7/8; Variable 13000/31787
Wavelength 7/8; Variable 14000/31787
Wavelength 7/8; Variable 15000/31787
Wavelength 7/8; Variable 16000/31787
Wavelength 7/8; Variable 17000/31787
Wavelength 7/8; Variable 18000/31787
Wavelength 7/8; Variable 19000/31787
Wavelength 7/8; Variable 20000/31787
Wavelength 7/8; Variable 21000/31787
Wavelength 7/8; Variable 22000/31787
Wavelength 7/8; Variable 23000/31787
Wavelength 7/8; Variable 24000/31787
Wavelength 7/8; Variable 25000/31787
Wavelength 7/8; Variable 26000/31787
Wavelength 7/8; Variable 27000/31787
Wavelength 7/8; Variable 28000/31787
Wavelength 7/8; Variable 29000/31787
Wavelength 7/8; Variable 30000/31787
Wavelength 7/8; Variable 31000/31787
Wavelength 8/8; Variable 1000/31787
Wavelength 8/8; Variable 2000/31787
Wavelength 8/8; Variable 3000/31787
Wavelength 8/8; Variable 4000/31787
Wavelength 8/8; Variable 5000/31787
Wavelength 8/8; Variable 6000/31787
Wavelength 8/8; Variable 7000/31787
Wavelength 8/8; Variable 8000/31787
Wavelength 8/8; Variable 9000/31787
Wavelength 8/8; Variable 10000/31787
Wavelength 8/8; Variable 11000/31787
Wavelength 8/8; Variable 12000/31787
Wavelength 8/8; Variable 13000/31787
Wavelength 8/8; Variable 14000/31787
Wavelength 8/8; Variable 15000/31787
Wavelength 8/8; Variable 16000/31787
Wavelength 8/8; Variable 17000/31787
Wavelength 8/8; Variable 18000/31787
Wavelength 8/8; Variable 19000/31787
Wavelength 8/8; Variable 20000/31787
Wavelength 8/8; Variable 21000/31787
Wavelength 8/8; Variable 22000/31787
Wavelength 8/8; Variable 23000/31787
Wavelength 8/8; Variable 24000/31787
Wavelength 8/8; Variable 25000/31787
Wavelength 8/8; Variable 26000/31787
Wavelength 8/8; Variable 27000/31787
Wavelength 8/8; Variable 28000/31787
Wavelength 8/8; Variable 29000/31787
Wavelength 8/8; Variable 30000/31787
Wavelength 8/8; Variable 31000/31787
Start optimization...
Optimize a model with 13536 rows, 31787 columns and 430268768 nonzeros
Coefficient statistics:
  Matrix range     [1e-13, 6e-06]
  Objective range  [6e-02, 1e+00]
  Bounds range     [1e+00, 1e+00]
  RHS range        [8e-08, 5e-03]
Presolve removed 0 rows and 0 columns (presolve time = 35s) ...
Presolve removed 0 rows and 0 columns (presolve time = 50s) ...
Presolve removed 0 rows and 0 columns (presolve time = 100s) ...
Presolve removed 0 rows and 0 columns (presolve time = 181s) ...
Presolve removed 6768 rows and 0 columns (presolve time = 198s) ...
Presolve removed 6768 rows and 0 columns
Presolve time: 201.58s
Presolved: 6768 rows, 38555 columns, 215141076 nonzeros
Ordering time: 0.00s

Barrier statistics:
 AA' NZ     : 2.290e+07
 Factor NZ  : 2.291e+07 (roughly 200 MBytes of memory)
 Factor Ops : 1.034e+11 (roughly 9 seconds per iteration)
 Threads    : 6

                  Objective                Residual
Iter       Primal          Dual         Primal    Dual     Compl     Time
   0   3.50054668e+08  1.04291540e+05  1.08e+02 0.00e+00  2.95e+04   287s
   1   4.77224016e+04  1.04369102e+05  1.05e-02 3.49e-10  4.05e+00   337s
   2   2.33410006e+04  6.60755945e+04  2.98e-03 5.39e-08  1.19e+00   390s
   3   1.93757971e+04  3.39436945e+04  1.72e-03 8.96e-08  3.95e-01   443s
   4   1.65399627e+04  2.13821675e+04  9.19e-04 1.99e-07  1.37e-01   494s
   5   1.52468838e+04  1.77598638e+04  5.49e-04 2.53e-07  7.03e-02   546s
   6   1.44905409e+04  1.48263085e+04  3.42e-04 2.98e-07  2.46e-02   600s
   7   1.41585248e+04  1.41948747e+04  2.50e-04 3.51e-07  1.49e-02   651s
   8   1.37261339e+04  1.35728151e+04  1.34e-04 5.51e-07  5.62e-03   705s
   9   1.34022626e+04  1.33287906e+04  4.66e-05 1.55e-06  1.71e-03   760s
  10   1.33258299e+04  1.32767438e+04  2.32e-05 5.18e-07  6.92e-04   812s
  11   1.32992875e+04  1.32668148e+04  1.45e-05 4.31e-07  4.13e-04   864s
  12   1.32824240e+04  1.32617943e+04  8.94e-06 7.26e-07  2.49e-04   918s
  13   1.32718391e+04  1.32590787e+04  5.47e-06 5.22e-07  1.50e-04   971s
  14   1.32632107e+04  1.32570695e+04  2.60e-06 4.38e-07  7.07e-05  1023s
  15   1.32579390e+04  1.32561737e+04  8.57e-07 9.24e-07  2.67e-05  1076s
  16   1.32561996e+04  1.32557196e+04  2.64e-07 9.83e-07  9.07e-06  1130s
  17   1.32556204e+04  1.32555166e+04  6.01e-08 2.01e-06  2.13e-06  1183s
  18   1.32554588e+04  1.32554666e+04  4.58e-10 1.41e-06  1.27e-07  1239s
  19   1.32554606e+04  1.32554610e+04  5.80e-12 6.51e-07  5.40e-09  1293s
  20   1.32554607e+04  1.32554607e+04  2.09e-13 5.50e-07  4.65e-10  1353s

Barrier solved model in 20 iterations and 1353.03 seconds
Optimal objective 1.32554607e+04

Optimization finished!
