Optimizer called with the following parameters:
{'focal_plane_mask': {'field_stop_radius': -1.0,
                      'grayscale': True,
                      'num_pix': 250,
                      'radius': 3.82},
 'image': {'bandwidth': 0.18,
           'contrast': 10,
           'iwa': 3.0,
           'num_wavelengths': 8,
           'owa': 12.0,
           'resolution': 2},
 'lyot_stop': {'alignment_tolerance': 0,
               'filename': 'LUVOIR/LS_LUVOIR_ID0195_OD0965_no_struts_gy_ovsamp3_N1000.fits',
               'num_lyot_stops': 1},
 'method': {'edge_width_for_prior': 2,
            'ending_scale': 1,
            'force_no_hermitian_symmetry': False,
            'force_no_x_mirror_symmetry': False,
            'force_no_y_mirror_symmetry': False,
            'initial_throughput_estimate': 1,
            'maximize_planet_throughput': True,
            'num_throughput_iterations': 2,
            'starting_scale': 1},
 'pupil': {'N': 1000,
           'filename': 'LUVOIR/TelAp_LUVOIR_gap_pad01_bw_ovsamp03_N1000.fits'},
 'solver': {'crossover': 0,
            'method': 2,
            'num_threads': 0}}

File organization:
{'analysis_dir': '/user/kstlaurent/git/progressive_refinement_coronagraphy/surveys/luvoir_18_N1000_small_telserv3/analysis',
 'drivers_dir': '/user/kstlaurent/git/progressive_refinement_coronagraphy/surveys/luvoir_18_N1000_small_telserv3/drivers',
 'input_files_dir': '/user/kstlaurent/git/progressive_refinement_coronagraphy/masks',
 'log_dir': '/user/kstlaurent/git/progressive_refinement_coronagraphy/surveys/luvoir_18_N1000_small_telserv3/logs',
 'solution_dir': '/user/kstlaurent/git/progressive_refinement_coronagraphy/surveys/luvoir_18_N1000_small_telserv3/solutions',
 'survey_dir': '/user/kstlaurent/git/progressive_refinement_coronagraphy/surveys/luvoir_18_N1000_small_telserv3'}

Telescope pupil:
   Mirror symmetry in x: yes
   Mirror symmetry in y: no

Lyot stop #0:
   Mirror symmetry in x: yes
Lyot stop #0:
   Mirror symmetry in y: yes

Complete APLC:
   Mirror symmetry in x: yes
   Mirror symmetry in y: no

Starting optimization at scale 1 with 342193 variables and 6768 constraints.
Creating model...
Academic license - for non-commercial use only
Parameter Threads unchanged
   Value: 0  Min: 0  Max: 1024  Default: 0
Changed value of parameter Crossover to 0
   Prev: -1  Min: -1  Max: 5  Default: -1
Changed value of parameter Method to 2
   Prev: -1  Min: -1  Max: 5  Default: -1
Calculating and adding constraints...
Wavelength 1/8; Variable 1000/342193
Wavelength 1/8; Variable 2000/342193
Wavelength 1/8; Variable 3000/342193
Wavelength 1/8; Variable 4000/342193
Wavelength 1/8; Variable 5000/342193
Wavelength 1/8; Variable 6000/342193
Wavelength 1/8; Variable 7000/342193
Wavelength 1/8; Variable 8000/342193
Wavelength 1/8; Variable 9000/342193
Wavelength 1/8; Variable 10000/342193
Wavelength 1/8; Variable 11000/342193
Wavelength 1/8; Variable 12000/342193
Wavelength 1/8; Variable 13000/342193
Wavelength 1/8; Variable 14000/342193
Wavelength 1/8; Variable 15000/342193
Wavelength 1/8; Variable 16000/342193
Wavelength 1/8; Variable 17000/342193
Wavelength 1/8; Variable 18000/342193
Wavelength 1/8; Variable 19000/342193
Wavelength 1/8; Variable 20000/342193
Wavelength 1/8; Variable 21000/342193
Wavelength 1/8; Variable 22000/342193
Wavelength 1/8; Variable 23000/342193
Wavelength 1/8; Variable 24000/342193
Wavelength 1/8; Variable 25000/342193
Wavelength 1/8; Variable 26000/342193
Wavelength 1/8; Variable 27000/342193
Wavelength 1/8; Variable 28000/342193
Wavelength 1/8; Variable 29000/342193
Wavelength 1/8; Variable 30000/342193
Wavelength 1/8; Variable 31000/342193
Wavelength 1/8; Variable 32000/342193
Wavelength 1/8; Variable 33000/342193
Wavelength 1/8; Variable 34000/342193
Wavelength 1/8; Variable 35000/342193
Wavelength 1/8; Variable 36000/342193
Wavelength 1/8; Variable 37000/342193
Wavelength 1/8; Variable 38000/342193
Wavelength 1/8; Variable 39000/342193
Wavelength 1/8; Variable 40000/342193
Wavelength 1/8; Variable 41000/342193
Wavelength 1/8; Variable 42000/342193
Wavelength 1/8; Variable 43000/342193
Wavelength 1/8; Variable 44000/342193
Wavelength 1/8; Variable 45000/342193
Wavelength 1/8; Variable 46000/342193
Wavelength 1/8; Variable 47000/342193
Wavelength 1/8; Variable 48000/342193
Wavelength 1/8; Variable 49000/342193
Wavelength 1/8; Variable 50000/342193
Wavelength 1/8; Variable 51000/342193
Wavelength 1/8; Variable 52000/342193
Wavelength 1/8; Variable 53000/342193
Wavelength 1/8; Variable 54000/342193
Wavelength 1/8; Variable 55000/342193
Wavelength 1/8; Variable 56000/342193
Wavelength 1/8; Variable 57000/342193
Wavelength 1/8; Variable 58000/342193
Wavelength 1/8; Variable 59000/342193
Wavelength 1/8; Variable 60000/342193
Wavelength 1/8; Variable 61000/342193
Wavelength 1/8; Variable 62000/342193
Wavelength 1/8; Variable 63000/342193
Wavelength 1/8; Variable 64000/342193
Wavelength 1/8; Variable 65000/342193
Wavelength 1/8; Variable 66000/342193
Wavelength 1/8; Variable 67000/342193
Wavelength 1/8; Variable 68000/342193
Wavelength 1/8; Variable 69000/342193
Wavelength 1/8; Variable 70000/342193
Wavelength 1/8; Variable 71000/342193
Wavelength 1/8; Variable 72000/342193
Wavelength 1/8; Variable 73000/342193
Wavelength 1/8; Variable 74000/342193
Wavelength 1/8; Variable 75000/342193
Wavelength 1/8; Variable 76000/342193
Wavelength 1/8; Variable 77000/342193
Wavelength 1/8; Variable 78000/342193
Wavelength 1/8; Variable 79000/342193
Wavelength 1/8; Variable 80000/342193
Wavelength 1/8; Variable 81000/342193
Wavelength 1/8; Variable 82000/342193
Wavelength 1/8; Variable 83000/342193
Wavelength 1/8; Variable 84000/342193
Wavelength 1/8; Variable 85000/342193
Wavelength 1/8; Variable 86000/342193
Wavelength 1/8; Variable 87000/342193
Wavelength 1/8; Variable 88000/342193
Wavelength 1/8; Variable 89000/342193
Wavelength 1/8; Variable 90000/342193
Wavelength 1/8; Variable 91000/342193
Wavelength 1/8; Variable 92000/342193
Wavelength 1/8; Variable 93000/342193
Wavelength 1/8; Variable 94000/342193
Wavelength 1/8; Variable 95000/342193
Wavelength 1/8; Variable 96000/342193
Wavelength 1/8; Variable 97000/342193
Wavelength 1/8; Variable 98000/342193
Wavelength 1/8; Variable 99000/342193
Wavelength 1/8; Variable 100000/342193
Wavelength 1/8; Variable 101000/342193
Wavelength 1/8; Variable 102000/342193
Wavelength 1/8; Variable 103000/342193
Wavelength 1/8; Variable 104000/342193
Wavelength 1/8; Variable 105000/342193
Wavelength 1/8; Variable 106000/342193
Wavelength 1/8; Variable 107000/342193
Wavelength 1/8; Variable 108000/342193
Wavelength 1/8; Variable 109000/342193
Wavelength 1/8; Variable 110000/342193
Wavelength 1/8; Variable 111000/342193
Wavelength 1/8; Variable 112000/342193
Wavelength 1/8; Variable 113000/342193
Wavelength 1/8; Variable 114000/342193
Wavelength 1/8; Variable 115000/342193
Wavelength 1/8; Variable 116000/342193
Wavelength 1/8; Variable 117000/342193
Wavelength 1/8; Variable 118000/342193
Wavelength 1/8; Variable 119000/342193
Wavelength 1/8; Variable 120000/342193
Wavelength 1/8; Variable 121000/342193
Wavelength 1/8; Variable 122000/342193
Wavelength 1/8; Variable 123000/342193
Wavelength 1/8; Variable 124000/342193
Wavelength 1/8; Variable 125000/342193
Wavelength 1/8; Variable 126000/342193
Wavelength 1/8; Variable 127000/342193
Wavelength 1/8; Variable 128000/342193
Wavelength 1/8; Variable 129000/342193
Wavelength 1/8; Variable 130000/342193
Wavelength 1/8; Variable 131000/342193
Wavelength 1/8; Variable 132000/342193
Wavelength 1/8; Variable 133000/342193
Wavelength 1/8; Variable 134000/342193
Wavelength 1/8; Variable 135000/342193
Wavelength 1/8; Variable 136000/342193
Wavelength 1/8; Variable 137000/342193
Wavelength 1/8; Variable 138000/342193
Wavelength 1/8; Variable 139000/342193
Wavelength 1/8; Variable 140000/342193
Wavelength 1/8; Variable 141000/342193
Wavelength 1/8; Variable 142000/342193
Wavelength 1/8; Variable 143000/342193
Wavelength 1/8; Variable 144000/342193
Wavelength 1/8; Variable 145000/342193
Wavelength 1/8; Variable 146000/342193
Wavelength 1/8; Variable 147000/342193
Wavelength 1/8; Variable 148000/342193
Wavelength 1/8; Variable 149000/342193
Wavelength 1/8; Variable 150000/342193
Wavelength 1/8; Variable 151000/342193
Wavelength 1/8; Variable 152000/342193
Wavelength 1/8; Variable 153000/342193
Wavelength 1/8; Variable 154000/342193
Wavelength 1/8; Variable 155000/342193
Wavelength 1/8; Variable 156000/342193
Wavelength 1/8; Variable 157000/342193
Wavelength 1/8; Variable 158000/342193
Wavelength 1/8; Variable 159000/342193
Wavelength 1/8; Variable 160000/342193
Wavelength 1/8; Variable 161000/342193
Wavelength 1/8; Variable 162000/342193
Wavelength 1/8; Variable 163000/342193
Wavelength 1/8; Variable 164000/342193
Wavelength 1/8; Variable 165000/342193
Wavelength 1/8; Variable 166000/342193
Wavelength 1/8; Variable 167000/342193
Wavelength 1/8; Variable 168000/342193
Wavelength 1/8; Variable 169000/342193
Wavelength 1/8; Variable 170000/342193
Wavelength 1/8; Variable 171000/342193
Wavelength 1/8; Variable 172000/342193
Wavelength 1/8; Variable 173000/342193
Wavelength 1/8; Variable 174000/342193
Wavelength 1/8; Variable 175000/342193
Wavelength 1/8; Variable 176000/342193
Wavelength 1/8; Variable 177000/342193
Wavelength 1/8; Variable 178000/342193
Wavelength 1/8; Variable 179000/342193
Wavelength 1/8; Variable 180000/342193
Wavelength 1/8; Variable 181000/342193
Wavelength 1/8; Variable 182000/342193
Wavelength 1/8; Variable 183000/342193
Wavelength 1/8; Variable 184000/342193
Wavelength 1/8; Variable 185000/342193
Wavelength 1/8; Variable 186000/342193
Wavelength 1/8; Variable 187000/342193
Wavelength 1/8; Variable 188000/342193
Wavelength 1/8; Variable 189000/342193
Wavelength 1/8; Variable 190000/342193
Wavelength 1/8; Variable 191000/342193
Wavelength 1/8; Variable 192000/342193
Wavelength 1/8; Variable 193000/342193
Wavelength 1/8; Variable 194000/342193
Wavelength 1/8; Variable 195000/342193
Wavelength 1/8; Variable 196000/342193
Wavelength 1/8; Variable 197000/342193
Wavelength 1/8; Variable 198000/342193
Wavelength 1/8; Variable 199000/342193
Wavelength 1/8; Variable 200000/342193
Wavelength 1/8; Variable 201000/342193
Wavelength 1/8; Variable 202000/342193
Wavelength 1/8; Variable 203000/342193
Wavelength 1/8; Variable 204000/342193
Wavelength 1/8; Variable 205000/342193
Wavelength 1/8; Variable 206000/342193
Wavelength 1/8; Variable 207000/342193
Wavelength 1/8; Variable 208000/342193
Wavelength 1/8; Variable 209000/342193
Wavelength 1/8; Variable 210000/342193
Wavelength 1/8; Variable 211000/342193
Wavelength 1/8; Variable 212000/342193
Wavelength 1/8; Variable 213000/342193
Wavelength 1/8; Variable 214000/342193
Wavelength 1/8; Variable 215000/342193
Wavelength 1/8; Variable 216000/342193
Wavelength 1/8; Variable 217000/342193
Wavelength 1/8; Variable 218000/342193
Wavelength 1/8; Variable 219000/342193
Wavelength 1/8; Variable 220000/342193
Wavelength 1/8; Variable 221000/342193
Wavelength 1/8; Variable 222000/342193
Wavelength 1/8; Variable 223000/342193
Wavelength 1/8; Variable 224000/342193
Wavelength 1/8; Variable 225000/342193
Wavelength 1/8; Variable 226000/342193
Wavelength 1/8; Variable 227000/342193
Wavelength 1/8; Variable 228000/342193
Wavelength 1/8; Variable 229000/342193
Wavelength 1/8; Variable 230000/342193
Wavelength 1/8; Variable 231000/342193
Wavelength 1/8; Variable 232000/342193
Wavelength 1/8; Variable 233000/342193
Wavelength 1/8; Variable 234000/342193
Wavelength 1/8; Variable 235000/342193
Wavelength 1/8; Variable 236000/342193
Wavelength 1/8; Variable 237000/342193
Wavelength 1/8; Variable 238000/342193
Wavelength 1/8; Variable 239000/342193
Wavelength 1/8; Variable 240000/342193
Wavelength 1/8; Variable 241000/342193
Wavelength 1/8; Variable 242000/342193
Wavelength 1/8; Variable 243000/342193
Wavelength 1/8; Variable 244000/342193
Wavelength 1/8; Variable 245000/342193
Wavelength 1/8; Variable 246000/342193
Wavelength 1/8; Variable 247000/342193
Wavelength 1/8; Variable 248000/342193
Wavelength 1/8; Variable 249000/342193
Wavelength 1/8; Variable 250000/342193
Wavelength 1/8; Variable 251000/342193
Wavelength 1/8; Variable 252000/342193
Wavelength 1/8; Variable 253000/342193
Wavelength 1/8; Variable 254000/342193
Wavelength 1/8; Variable 255000/342193
Wavelength 1/8; Variable 256000/342193
Wavelength 1/8; Variable 257000/342193
Wavelength 1/8; Variable 258000/342193
Wavelength 1/8; Variable 259000/342193
Wavelength 1/8; Variable 260000/342193
Wavelength 1/8; Variable 261000/342193
Wavelength 1/8; Variable 262000/342193
Wavelength 1/8; Variable 263000/342193
Wavelength 1/8; Variable 264000/342193
Wavelength 1/8; Variable 265000/342193
Wavelength 1/8; Variable 266000/342193
Wavelength 1/8; Variable 267000/342193
Wavelength 1/8; Variable 268000/342193
Wavelength 1/8; Variable 269000/342193
Wavelength 1/8; Variable 270000/342193
Wavelength 1/8; Variable 271000/342193
Wavelength 1/8; Variable 272000/342193
Wavelength 1/8; Variable 273000/342193
Wavelength 1/8; Variable 274000/342193
Wavelength 1/8; Variable 275000/342193
Wavelength 1/8; Variable 276000/342193
Wavelength 1/8; Variable 277000/342193
Wavelength 1/8; Variable 278000/342193
Wavelength 1/8; Variable 279000/342193
Wavelength 1/8; Variable 280000/342193
Wavelength 1/8; Variable 281000/342193
Wavelength 1/8; Variable 282000/342193
Wavelength 1/8; Variable 283000/342193
Wavelength 1/8; Variable 284000/342193
Wavelength 1/8; Variable 285000/342193
Wavelength 1/8; Variable 286000/342193
Wavelength 1/8; Variable 287000/342193
Wavelength 1/8; Variable 288000/342193
Wavelength 1/8; Variable 289000/342193
Wavelength 1/8; Variable 290000/342193
Wavelength 1/8; Variable 291000/342193
Wavelength 1/8; Variable 292000/342193
Wavelength 1/8; Variable 293000/342193
Wavelength 1/8; Variable 294000/342193
Wavelength 1/8; Variable 295000/342193
Wavelength 1/8; Variable 296000/342193
Wavelength 1/8; Variable 297000/342193
Wavelength 1/8; Variable 298000/342193
Wavelength 1/8; Variable 299000/342193
Wavelength 1/8; Variable 300000/342193
Wavelength 1/8; Variable 301000/342193
Wavelength 1/8; Variable 302000/342193
Wavelength 1/8; Variable 303000/342193
Wavelength 1/8; Variable 304000/342193
Wavelength 1/8; Variable 305000/342193
Wavelength 1/8; Variable 306000/342193
Wavelength 1/8; Variable 307000/342193
Wavelength 1/8; Variable 308000/342193
Wavelength 1/8; Variable 309000/342193
Wavelength 1/8; Variable 310000/342193
Wavelength 1/8; Variable 311000/342193
Wavelength 1/8; Variable 312000/342193
Wavelength 1/8; Variable 313000/342193
Wavelength 1/8; Variable 314000/342193
Wavelength 1/8; Variable 315000/342193
Wavelength 1/8; Variable 316000/342193
Wavelength 1/8; Variable 317000/342193
Wavelength 1/8; Variable 318000/342193
Wavelength 1/8; Variable 319000/342193
Wavelength 1/8; Variable 320000/342193
Wavelength 1/8; Variable 321000/342193
Wavelength 1/8; Variable 322000/342193
Wavelength 1/8; Variable 323000/342193
Wavelength 1/8; Variable 324000/342193
Wavelength 1/8; Variable 325000/342193
Wavelength 1/8; Variable 326000/342193
Wavelength 1/8; Variable 327000/342193
Wavelength 1/8; Variable 328000/342193
Wavelength 1/8; Variable 329000/342193
Wavelength 1/8; Variable 330000/342193
Wavelength 1/8; Variable 331000/342193
Wavelength 1/8; Variable 332000/342193
Wavelength 1/8; Variable 333000/342193
Wavelength 1/8; Variable 334000/342193
Wavelength 1/8; Variable 335000/342193
Wavelength 1/8; Variable 336000/342193
Wavelength 1/8; Variable 337000/342193
Wavelength 1/8; Variable 338000/342193
Wavelength 1/8; Variable 339000/342193
Wavelength 1/8; Variable 340000/342193
Wavelength 1/8; Variable 341000/342193
Wavelength 1/8; Variable 342000/342193
Warning for adding constraints: zero or small (< 1e-13) coefficients, ignored
Wavelength 2/8; Variable 1000/342193
Wavelength 2/8; Variable 2000/342193
Wavelength 2/8; Variable 3000/342193
Wavelength 2/8; Variable 4000/342193
Wavelength 2/8; Variable 5000/342193
Wavelength 2/8; Variable 6000/342193
Wavelength 2/8; Variable 7000/342193
Wavelength 2/8; Variable 8000/342193
Wavelength 2/8; Variable 9000/342193
Wavelength 2/8; Variable 10000/342193
Wavelength 2/8; Variable 11000/342193
Wavelength 2/8; Variable 12000/342193
Wavelength 2/8; Variable 13000/342193
Wavelength 2/8; Variable 14000/342193
Wavelength 2/8; Variable 15000/342193
Wavelength 2/8; Variable 16000/342193
Wavelength 2/8; Variable 17000/342193
Wavelength 2/8; Variable 18000/342193
Wavelength 2/8; Variable 19000/342193
Wavelength 2/8; Variable 20000/342193
Wavelength 2/8; Variable 21000/342193
Wavelength 2/8; Variable 22000/342193
Wavelength 2/8; Variable 23000/342193
Wavelength 2/8; Variable 24000/342193
Wavelength 2/8; Variable 25000/342193
Wavelength 2/8; Variable 26000/342193
Wavelength 2/8; Variable 27000/342193
Wavelength 2/8; Variable 28000/342193
Wavelength 2/8; Variable 29000/342193
Wavelength 2/8; Variable 30000/342193
Wavelength 2/8; Variable 31000/342193
Wavelength 2/8; Variable 32000/342193
Wavelength 2/8; Variable 33000/342193
Wavelength 2/8; Variable 34000/342193
Wavelength 2/8; Variable 35000/342193
Wavelength 2/8; Variable 36000/342193
Wavelength 2/8; Variable 37000/342193
Wavelength 2/8; Variable 38000/342193
Wavelength 2/8; Variable 39000/342193
Wavelength 2/8; Variable 40000/342193
Wavelength 2/8; Variable 41000/342193
Wavelength 2/8; Variable 42000/342193
Wavelength 2/8; Variable 43000/342193
Wavelength 2/8; Variable 44000/342193
Wavelength 2/8; Variable 45000/342193
Wavelength 2/8; Variable 46000/342193
Wavelength 2/8; Variable 47000/342193
Wavelength 2/8; Variable 48000/342193
Wavelength 2/8; Variable 49000/342193
Wavelength 2/8; Variable 50000/342193
Wavelength 2/8; Variable 51000/342193
Wavelength 2/8; Variable 52000/342193
Wavelength 2/8; Variable 53000/342193
Wavelength 2/8; Variable 54000/342193
Wavelength 2/8; Variable 55000/342193
Wavelength 2/8; Variable 56000/342193
Wavelength 2/8; Variable 57000/342193
Wavelength 2/8; Variable 58000/342193
Wavelength 2/8; Variable 59000/342193
Wavelength 2/8; Variable 60000/342193
Wavelength 2/8; Variable 61000/342193
Wavelength 2/8; Variable 62000/342193
Wavelength 2/8; Variable 63000/342193
Wavelength 2/8; Variable 64000/342193
Wavelength 2/8; Variable 65000/342193
Wavelength 2/8; Variable 66000/342193
Wavelength 2/8; Variable 67000/342193
Wavelength 2/8; Variable 68000/342193
Wavelength 2/8; Variable 69000/342193
Wavelength 2/8; Variable 70000/342193
Wavelength 2/8; Variable 71000/342193
Wavelength 2/8; Variable 72000/342193
Wavelength 2/8; Variable 73000/342193
Wavelength 2/8; Variable 74000/342193
Wavelength 2/8; Variable 75000/342193
Wavelength 2/8; Variable 76000/342193
Wavelength 2/8; Variable 77000/342193
Wavelength 2/8; Variable 78000/342193
Wavelength 2/8; Variable 79000/342193
Wavelength 2/8; Variable 80000/342193
Wavelength 2/8; Variable 81000/342193
Wavelength 2/8; Variable 82000/342193
Wavelength 2/8; Variable 83000/342193
Wavelength 2/8; Variable 84000/342193
Wavelength 2/8; Variable 85000/342193
Wavelength 2/8; Variable 86000/342193
Wavelength 2/8; Variable 87000/342193
Wavelength 2/8; Variable 88000/342193
Wavelength 2/8; Variable 89000/342193
Wavelength 2/8; Variable 90000/342193
Wavelength 2/8; Variable 91000/342193
Wavelength 2/8; Variable 92000/342193
Wavelength 2/8; Variable 93000/342193
Wavelength 2/8; Variable 94000/342193
Wavelength 2/8; Variable 95000/342193
Wavelength 2/8; Variable 96000/342193
Wavelength 2/8; Variable 97000/342193
Wavelength 2/8; Variable 98000/342193
Wavelength 2/8; Variable 99000/342193
Wavelength 2/8; Variable 100000/342193
Wavelength 2/8; Variable 101000/342193
Wavelength 2/8; Variable 102000/342193
Wavelength 2/8; Variable 103000/342193
Wavelength 2/8; Variable 104000/342193
Wavelength 2/8; Variable 105000/342193
Wavelength 2/8; Variable 106000/342193
Wavelength 2/8; Variable 107000/342193
Wavelength 2/8; Variable 108000/342193
Wavelength 2/8; Variable 109000/342193
Wavelength 2/8; Variable 110000/342193
Wavelength 2/8; Variable 111000/342193
Wavelength 2/8; Variable 112000/342193
Wavelength 2/8; Variable 113000/342193
Wavelength 2/8; Variable 114000/342193
Wavelength 2/8; Variable 115000/342193
Wavelength 2/8; Variable 116000/342193
Wavelength 2/8; Variable 117000/342193
Wavelength 2/8; Variable 118000/342193
Wavelength 2/8; Variable 119000/342193
Wavelength 2/8; Variable 120000/342193
Wavelength 2/8; Variable 121000/342193
Wavelength 2/8; Variable 122000/342193
Wavelength 2/8; Variable 123000/342193
Wavelength 2/8; Variable 124000/342193
Wavelength 2/8; Variable 125000/342193
Wavelength 2/8; Variable 126000/342193
Wavelength 2/8; Variable 127000/342193
Wavelength 2/8; Variable 128000/342193
Wavelength 2/8; Variable 129000/342193
Wavelength 2/8; Variable 130000/342193
Wavelength 2/8; Variable 131000/342193
Wavelength 2/8; Variable 132000/342193
Wavelength 2/8; Variable 133000/342193
Wavelength 2/8; Variable 134000/342193
Wavelength 2/8; Variable 135000/342193
Wavelength 2/8; Variable 136000/342193
Wavelength 2/8; Variable 137000/342193
Wavelength 2/8; Variable 138000/342193
Wavelength 2/8; Variable 139000/342193
Wavelength 2/8; Variable 140000/342193
Wavelength 2/8; Variable 141000/342193
Wavelength 2/8; Variable 142000/342193
Wavelength 2/8; Variable 143000/342193
Wavelength 2/8; Variable 144000/342193
Wavelength 2/8; Variable 145000/342193
Wavelength 2/8; Variable 146000/342193
Wavelength 2/8; Variable 147000/342193
Wavelength 2/8; Variable 148000/342193
Wavelength 2/8; Variable 149000/342193
Wavelength 2/8; Variable 150000/342193
Wavelength 2/8; Variable 151000/342193
Wavelength 2/8; Variable 152000/342193
Wavelength 2/8; Variable 153000/342193
Wavelength 2/8; Variable 154000/342193
Wavelength 2/8; Variable 155000/342193
Wavelength 2/8; Variable 156000/342193
Wavelength 2/8; Variable 157000/342193
Wavelength 2/8; Variable 158000/342193
Wavelength 2/8; Variable 159000/342193
Wavelength 2/8; Variable 160000/342193
Wavelength 2/8; Variable 161000/342193
Wavelength 2/8; Variable 162000/342193
Wavelength 2/8; Variable 163000/342193
Wavelength 2/8; Variable 164000/342193
Wavelength 2/8; Variable 165000/342193
Wavelength 2/8; Variable 166000/342193
Wavelength 2/8; Variable 167000/342193
Wavelength 2/8; Variable 168000/342193
Wavelength 2/8; Variable 169000/342193
Wavelength 2/8; Variable 170000/342193
Wavelength 2/8; Variable 171000/342193
Wavelength 2/8; Variable 172000/342193
Wavelength 2/8; Variable 173000/342193
Wavelength 2/8; Variable 174000/342193
Wavelength 2/8; Variable 175000/342193
Wavelength 2/8; Variable 176000/342193
Wavelength 2/8; Variable 177000/342193
Wavelength 2/8; Variable 178000/342193
Wavelength 2/8; Variable 179000/342193
Wavelength 2/8; Variable 180000/342193
Wavelength 2/8; Variable 181000/342193
Wavelength 2/8; Variable 182000/342193
Wavelength 2/8; Variable 183000/342193
Wavelength 2/8; Variable 184000/342193
Wavelength 2/8; Variable 185000/342193
Wavelength 2/8; Variable 186000/342193
Wavelength 2/8; Variable 187000/342193
Wavelength 2/8; Variable 188000/342193
Wavelength 2/8; Variable 189000/342193
Wavelength 2/8; Variable 190000/342193
Wavelength 2/8; Variable 191000/342193
Wavelength 2/8; Variable 192000/342193
Wavelength 2/8; Variable 193000/342193
Wavelength 2/8; Variable 194000/342193
Wavelength 2/8; Variable 195000/342193
Wavelength 2/8; Variable 196000/342193
Wavelength 2/8; Variable 197000/342193
Wavelength 2/8; Variable 198000/342193
Wavelength 2/8; Variable 199000/342193
Wavelength 2/8; Variable 200000/342193
Wavelength 2/8; Variable 201000/342193
Wavelength 2/8; Variable 202000/342193
Wavelength 2/8; Variable 203000/342193
Wavelength 2/8; Variable 204000/342193
Wavelength 2/8; Variable 205000/342193
Wavelength 2/8; Variable 206000/342193
Wavelength 2/8; Variable 207000/342193
Wavelength 2/8; Variable 208000/342193
Wavelength 2/8; Variable 209000/342193
Wavelength 2/8; Variable 210000/342193
Wavelength 2/8; Variable 211000/342193
Wavelength 2/8; Variable 212000/342193
Wavelength 2/8; Variable 213000/342193
Wavelength 2/8; Variable 214000/342193
Wavelength 2/8; Variable 215000/342193
Wavelength 2/8; Variable 216000/342193
Wavelength 2/8; Variable 217000/342193
Wavelength 2/8; Variable 218000/342193
Wavelength 2/8; Variable 219000/342193
Wavelength 2/8; Variable 220000/342193
Wavelength 2/8; Variable 221000/342193
Wavelength 2/8; Variable 222000/342193
Wavelength 2/8; Variable 223000/342193
Wavelength 2/8; Variable 224000/342193
Wavelength 2/8; Variable 225000/342193
Wavelength 2/8; Variable 226000/342193
Wavelength 2/8; Variable 227000/342193
Wavelength 2/8; Variable 228000/342193
Wavelength 2/8; Variable 229000/342193
Wavelength 2/8; Variable 230000/342193
Wavelength 2/8; Variable 231000/342193
Wavelength 2/8; Variable 232000/342193
Wavelength 2/8; Variable 233000/342193
Wavelength 2/8; Variable 234000/342193
Wavelength 2/8; Variable 235000/342193
Wavelength 2/8; Variable 236000/342193
Wavelength 2/8; Variable 237000/342193
Wavelength 2/8; Variable 238000/342193
Wavelength 2/8; Variable 239000/342193
Wavelength 2/8; Variable 240000/342193
Wavelength 2/8; Variable 241000/342193
Wavelength 2/8; Variable 242000/342193
Wavelength 2/8; Variable 243000/342193
Wavelength 2/8; Variable 244000/342193
Wavelength 2/8; Variable 245000/342193
Wavelength 2/8; Variable 246000/342193
Wavelength 2/8; Variable 247000/342193
Wavelength 2/8; Variable 248000/342193
Wavelength 2/8; Variable 249000/342193
Wavelength 2/8; Variable 250000/342193
Wavelength 2/8; Variable 251000/342193
Wavelength 2/8; Variable 252000/342193
Wavelength 2/8; Variable 253000/342193
Wavelength 2/8; Variable 254000/342193
Wavelength 2/8; Variable 255000/342193
Wavelength 2/8; Variable 256000/342193
Wavelength 2/8; Variable 257000/342193
Wavelength 2/8; Variable 258000/342193
Wavelength 2/8; Variable 259000/342193
Wavelength 2/8; Variable 260000/342193
Wavelength 2/8; Variable 261000/342193
Wavelength 2/8; Variable 262000/342193
Wavelength 2/8; Variable 263000/342193
Wavelength 2/8; Variable 264000/342193
Wavelength 2/8; Variable 265000/342193
Wavelength 2/8; Variable 266000/342193
Wavelength 2/8; Variable 267000/342193
Wavelength 2/8; Variable 268000/342193
Wavelength 2/8; Variable 269000/342193
Wavelength 2/8; Variable 270000/342193
Wavelength 2/8; Variable 271000/342193
Wavelength 2/8; Variable 272000/342193
Wavelength 2/8; Variable 273000/342193
Wavelength 2/8; Variable 274000/342193
Wavelength 2/8; Variable 275000/342193
Wavelength 2/8; Variable 276000/342193
Wavelength 2/8; Variable 277000/342193
Wavelength 2/8; Variable 278000/342193
Wavelength 2/8; Variable 279000/342193
Wavelength 2/8; Variable 280000/342193
Wavelength 2/8; Variable 281000/342193
Wavelength 2/8; Variable 282000/342193
Wavelength 2/8; Variable 283000/342193
Wavelength 2/8; Variable 284000/342193
Wavelength 2/8; Variable 285000/342193
Wavelength 2/8; Variable 286000/342193
Wavelength 2/8; Variable 287000/342193
Wavelength 2/8; Variable 288000/342193
Wavelength 2/8; Variable 289000/342193
Wavelength 2/8; Variable 290000/342193
Wavelength 2/8; Variable 291000/342193
Wavelength 2/8; Variable 292000/342193
Wavelength 2/8; Variable 293000/342193
Wavelength 2/8; Variable 294000/342193
Wavelength 2/8; Variable 295000/342193
Wavelength 2/8; Variable 296000/342193
Wavelength 2/8; Variable 297000/342193
Wavelength 2/8; Variable 298000/342193
Wavelength 2/8; Variable 299000/342193
Wavelength 2/8; Variable 300000/342193
Wavelength 2/8; Variable 301000/342193
Wavelength 2/8; Variable 302000/342193
Wavelength 2/8; Variable 303000/342193
Wavelength 2/8; Variable 304000/342193
Wavelength 2/8; Variable 305000/342193
Wavelength 2/8; Variable 306000/342193
Wavelength 2/8; Variable 307000/342193
Wavelength 2/8; Variable 308000/342193
Wavelength 2/8; Variable 309000/342193
Wavelength 2/8; Variable 310000/342193
Wavelength 2/8; Variable 311000/342193
Wavelength 2/8; Variable 312000/342193
Wavelength 2/8; Variable 313000/342193
Wavelength 2/8; Variable 314000/342193
Wavelength 2/8; Variable 315000/342193
Wavelength 2/8; Variable 316000/342193
Wavelength 2/8; Variable 317000/342193
Wavelength 2/8; Variable 318000/342193
Wavelength 2/8; Variable 319000/342193
Wavelength 2/8; Variable 320000/342193
Wavelength 2/8; Variable 321000/342193
Wavelength 2/8; Variable 322000/342193
Wavelength 2/8; Variable 323000/342193
Wavelength 2/8; Variable 324000/342193
Wavelength 2/8; Variable 325000/342193
Wavelength 2/8; Variable 326000/342193
Wavelength 2/8; Variable 327000/342193
Wavelength 2/8; Variable 328000/342193
Wavelength 2/8; Variable 329000/342193
Wavelength 2/8; Variable 330000/342193
Wavelength 2/8; Variable 331000/342193
Wavelength 2/8; Variable 332000/342193
Wavelength 2/8; Variable 333000/342193
Wavelength 2/8; Variable 334000/342193
Wavelength 2/8; Variable 335000/342193
Wavelength 2/8; Variable 336000/342193
Wavelength 2/8; Variable 337000/342193
Wavelength 2/8; Variable 338000/342193
Wavelength 2/8; Variable 339000/342193
Wavelength 2/8; Variable 340000/342193
Wavelength 2/8; Variable 341000/342193
Wavelength 2/8; Variable 342000/342193
Wavelength 3/8; Variable 1000/342193
Wavelength 3/8; Variable 2000/342193
Wavelength 3/8; Variable 3000/342193
Wavelength 3/8; Variable 4000/342193
Wavelength 3/8; Variable 5000/342193
Wavelength 3/8; Variable 6000/342193
Wavelength 3/8; Variable 7000/342193
Wavelength 3/8; Variable 8000/342193
Wavelength 3/8; Variable 9000/342193
Wavelength 3/8; Variable 10000/342193
Wavelength 3/8; Variable 11000/342193
Wavelength 3/8; Variable 12000/342193
Wavelength 3/8; Variable 13000/342193
Wavelength 3/8; Variable 14000/342193
Wavelength 3/8; Variable 15000/342193
Wavelength 3/8; Variable 16000/342193
Wavelength 3/8; Variable 17000/342193
Wavelength 3/8; Variable 18000/342193
Wavelength 3/8; Variable 19000/342193
Wavelength 3/8; Variable 20000/342193
Wavelength 3/8; Variable 21000/342193
Wavelength 3/8; Variable 22000/342193
Wavelength 3/8; Variable 23000/342193
Wavelength 3/8; Variable 24000/342193
Wavelength 3/8; Variable 25000/342193
Wavelength 3/8; Variable 26000/342193
Wavelength 3/8; Variable 27000/342193
Wavelength 3/8; Variable 28000/342193
Wavelength 3/8; Variable 29000/342193
Wavelength 3/8; Variable 30000/342193
Wavelength 3/8; Variable 31000/342193
Wavelength 3/8; Variable 32000/342193
Wavelength 3/8; Variable 33000/342193
Wavelength 3/8; Variable 34000/342193
Wavelength 3/8; Variable 35000/342193
Wavelength 3/8; Variable 36000/342193
Wavelength 3/8; Variable 37000/342193
Wavelength 3/8; Variable 38000/342193
Wavelength 3/8; Variable 39000/342193
Wavelength 3/8; Variable 40000/342193
Wavelength 3/8; Variable 41000/342193
Wavelength 3/8; Variable 42000/342193
Wavelength 3/8; Variable 43000/342193
Wavelength 3/8; Variable 44000/342193
Wavelength 3/8; Variable 45000/342193
Wavelength 3/8; Variable 46000/342193
Wavelength 3/8; Variable 47000/342193
Wavelength 3/8; Variable 48000/342193
Wavelength 3/8; Variable 49000/342193
Wavelength 3/8; Variable 50000/342193
Wavelength 3/8; Variable 51000/342193
Wavelength 3/8; Variable 52000/342193
Wavelength 3/8; Variable 53000/342193
Wavelength 3/8; Variable 54000/342193
Wavelength 3/8; Variable 55000/342193
Wavelength 3/8; Variable 56000/342193
Wavelength 3/8; Variable 57000/342193
Wavelength 3/8; Variable 58000/342193
Wavelength 3/8; Variable 59000/342193
Wavelength 3/8; Variable 60000/342193
Wavelength 3/8; Variable 61000/342193
Wavelength 3/8; Variable 62000/342193
Wavelength 3/8; Variable 63000/342193
Wavelength 3/8; Variable 64000/342193
Wavelength 3/8; Variable 65000/342193
Wavelength 3/8; Variable 66000/342193
Wavelength 3/8; Variable 67000/342193
Wavelength 3/8; Variable 68000/342193
Wavelength 3/8; Variable 69000/342193
Wavelength 3/8; Variable 70000/342193
Wavelength 3/8; Variable 71000/342193
Wavelength 3/8; Variable 72000/342193
Wavelength 3/8; Variable 73000/342193
Wavelength 3/8; Variable 74000/342193
Wavelength 3/8; Variable 75000/342193
Wavelength 3/8; Variable 76000/342193
Wavelength 3/8; Variable 77000/342193
Wavelength 3/8; Variable 78000/342193
Wavelength 3/8; Variable 79000/342193
Wavelength 3/8; Variable 80000/342193
Wavelength 3/8; Variable 81000/342193
Wavelength 3/8; Variable 82000/342193
Wavelength 3/8; Variable 83000/342193
Wavelength 3/8; Variable 84000/342193
Wavelength 3/8; Variable 85000/342193
Wavelength 3/8; Variable 86000/342193
Wavelength 3/8; Variable 87000/342193
Wavelength 3/8; Variable 88000/342193
Wavelength 3/8; Variable 89000/342193
Wavelength 3/8; Variable 90000/342193
Wavelength 3/8; Variable 91000/342193
Wavelength 3/8; Variable 92000/342193
Wavelength 3/8; Variable 93000/342193
Wavelength 3/8; Variable 94000/342193
Wavelength 3/8; Variable 95000/342193
Wavelength 3/8; Variable 96000/342193
Wavelength 3/8; Variable 97000/342193
Wavelength 3/8; Variable 98000/342193
Wavelength 3/8; Variable 99000/342193
Wavelength 3/8; Variable 100000/342193
Wavelength 3/8; Variable 101000/342193
Wavelength 3/8; Variable 102000/342193
Wavelength 3/8; Variable 103000/342193
Wavelength 3/8; Variable 104000/342193
Wavelength 3/8; Variable 105000/342193
Wavelength 3/8; Variable 106000/342193
Wavelength 3/8; Variable 107000/342193
Wavelength 3/8; Variable 108000/342193
Wavelength 3/8; Variable 109000/342193
Wavelength 3/8; Variable 110000/342193
Wavelength 3/8; Variable 111000/342193
Wavelength 3/8; Variable 112000/342193
Wavelength 3/8; Variable 113000/342193
Wavelength 3/8; Variable 114000/342193
Wavelength 3/8; Variable 115000/342193
Wavelength 3/8; Variable 116000/342193
Wavelength 3/8; Variable 117000/342193
Wavelength 3/8; Variable 118000/342193
Wavelength 3/8; Variable 119000/342193
Wavelength 3/8; Variable 120000/342193
Wavelength 3/8; Variable 121000/342193
Wavelength 3/8; Variable 122000/342193
Wavelength 3/8; Variable 123000/342193
Wavelength 3/8; Variable 124000/342193
Wavelength 3/8; Variable 125000/342193
Wavelength 3/8; Variable 126000/342193
Wavelength 3/8; Variable 127000/342193
Wavelength 3/8; Variable 128000/342193
Wavelength 3/8; Variable 129000/342193
Wavelength 3/8; Variable 130000/342193
Wavelength 3/8; Variable 131000/342193
Wavelength 3/8; Variable 132000/342193
Wavelength 3/8; Variable 133000/342193
Wavelength 3/8; Variable 134000/342193
Wavelength 3/8; Variable 135000/342193
Wavelength 3/8; Variable 136000/342193
Wavelength 3/8; Variable 137000/342193
Wavelength 3/8; Variable 138000/342193
Wavelength 3/8; Variable 139000/342193
Wavelength 3/8; Variable 140000/342193
Wavelength 3/8; Variable 141000/342193
Wavelength 3/8; Variable 142000/342193
Wavelength 3/8; Variable 143000/342193
Wavelength 3/8; Variable 144000/342193
Wavelength 3/8; Variable 145000/342193
Wavelength 3/8; Variable 146000/342193
Wavelength 3/8; Variable 147000/342193
Wavelength 3/8; Variable 148000/342193
Wavelength 3/8; Variable 149000/342193
Wavelength 3/8; Variable 150000/342193
Wavelength 3/8; Variable 151000/342193
Wavelength 3/8; Variable 152000/342193
Wavelength 3/8; Variable 153000/342193
Wavelength 3/8; Variable 154000/342193
Wavelength 3/8; Variable 155000/342193
Wavelength 3/8; Variable 156000/342193
Wavelength 3/8; Variable 157000/342193
Wavelength 3/8; Variable 158000/342193
Wavelength 3/8; Variable 159000/342193
Wavelength 3/8; Variable 160000/342193
Wavelength 3/8; Variable 161000/342193
Wavelength 3/8; Variable 162000/342193
Wavelength 3/8; Variable 163000/342193
Wavelength 3/8; Variable 164000/342193
Wavelength 3/8; Variable 165000/342193
Wavelength 3/8; Variable 166000/342193
Wavelength 3/8; Variable 167000/342193
Wavelength 3/8; Variable 168000/342193
Wavelength 3/8; Variable 169000/342193
Wavelength 3/8; Variable 170000/342193
Wavelength 3/8; Variable 171000/342193
Wavelength 3/8; Variable 172000/342193
Wavelength 3/8; Variable 173000/342193
Wavelength 3/8; Variable 174000/342193
Wavelength 3/8; Variable 175000/342193
Wavelength 3/8; Variable 176000/342193
Wavelength 3/8; Variable 177000/342193
Wavelength 3/8; Variable 178000/342193
Wavelength 3/8; Variable 179000/342193
Wavelength 3/8; Variable 180000/342193
Wavelength 3/8; Variable 181000/342193
Wavelength 3/8; Variable 182000/342193
Wavelength 3/8; Variable 183000/342193
Wavelength 3/8; Variable 184000/342193
Wavelength 3/8; Variable 185000/342193
Wavelength 3/8; Variable 186000/342193
Wavelength 3/8; Variable 187000/342193
Wavelength 3/8; Variable 188000/342193
Wavelength 3/8; Variable 189000/342193
Wavelength 3/8; Variable 190000/342193
Wavelength 3/8; Variable 191000/342193
Wavelength 3/8; Variable 192000/342193
Wavelength 3/8; Variable 193000/342193
Wavelength 3/8; Variable 194000/342193
Wavelength 3/8; Variable 195000/342193
Wavelength 3/8; Variable 196000/342193
Wavelength 3/8; Variable 197000/342193
Wavelength 3/8; Variable 198000/342193
Wavelength 3/8; Variable 199000/342193
Wavelength 3/8; Variable 200000/342193
Wavelength 3/8; Variable 201000/342193
Wavelength 3/8; Variable 202000/342193
Wavelength 3/8; Variable 203000/342193
Wavelength 3/8; Variable 204000/342193
Wavelength 3/8; Variable 205000/342193
Wavelength 3/8; Variable 206000/342193
Wavelength 3/8; Variable 207000/342193
Wavelength 3/8; Variable 208000/342193
Wavelength 3/8; Variable 209000/342193
Wavelength 3/8; Variable 210000/342193
Wavelength 3/8; Variable 211000/342193
Wavelength 3/8; Variable 212000/342193
Wavelength 3/8; Variable 213000/342193
Wavelength 3/8; Variable 214000/342193
Wavelength 3/8; Variable 215000/342193
Wavelength 3/8; Variable 216000/342193
Wavelength 3/8; Variable 217000/342193
Wavelength 3/8; Variable 218000/342193
Wavelength 3/8; Variable 219000/342193
Wavelength 3/8; Variable 220000/342193
Wavelength 3/8; Variable 221000/342193
Wavelength 3/8; Variable 222000/342193
Wavelength 3/8; Variable 223000/342193
Wavelength 3/8; Variable 224000/342193
Wavelength 3/8; Variable 225000/342193
Wavelength 3/8; Variable 226000/342193
Wavelength 3/8; Variable 227000/342193
Wavelength 3/8; Variable 228000/342193
Wavelength 3/8; Variable 229000/342193
Wavelength 3/8; Variable 230000/342193
Wavelength 3/8; Variable 231000/342193
Wavelength 3/8; Variable 232000/342193
Wavelength 3/8; Variable 233000/342193
Wavelength 3/8; Variable 234000/342193
Wavelength 3/8; Variable 235000/342193
Wavelength 3/8; Variable 236000/342193
Wavelength 3/8; Variable 237000/342193
Wavelength 3/8; Variable 238000/342193
Wavelength 3/8; Variable 239000/342193
Wavelength 3/8; Variable 240000/342193
Wavelength 3/8; Variable 241000/342193
Wavelength 3/8; Variable 242000/342193
Wavelength 3/8; Variable 243000/342193
Wavelength 3/8; Variable 244000/342193
Wavelength 3/8; Variable 245000/342193
Wavelength 3/8; Variable 246000/342193
Wavelength 3/8; Variable 247000/342193
Wavelength 3/8; Variable 248000/342193
Wavelength 3/8; Variable 249000/342193
Wavelength 3/8; Variable 250000/342193
Wavelength 3/8; Variable 251000/342193
Wavelength 3/8; Variable 252000/342193
Wavelength 3/8; Variable 253000/342193
Wavelength 3/8; Variable 254000/342193
Wavelength 3/8; Variable 255000/342193
Wavelength 3/8; Variable 256000/342193
Wavelength 3/8; Variable 257000/342193
Wavelength 3/8; Variable 258000/342193
Wavelength 3/8; Variable 259000/342193
Wavelength 3/8; Variable 260000/342193
Wavelength 3/8; Variable 261000/342193
Wavelength 3/8; Variable 262000/342193
Wavelength 3/8; Variable 263000/342193
Wavelength 3/8; Variable 264000/342193
Wavelength 3/8; Variable 265000/342193
Wavelength 3/8; Variable 266000/342193
Wavelength 3/8; Variable 267000/342193
Wavelength 3/8; Variable 268000/342193
Wavelength 3/8; Variable 269000/342193
Wavelength 3/8; Variable 270000/342193
Wavelength 3/8; Variable 271000/342193
Wavelength 3/8; Variable 272000/342193
Wavelength 3/8; Variable 273000/342193
Wavelength 3/8; Variable 274000/342193
Wavelength 3/8; Variable 275000/342193
Wavelength 3/8; Variable 276000/342193
Wavelength 3/8; Variable 277000/342193
Wavelength 3/8; Variable 278000/342193
Wavelength 3/8; Variable 279000/342193
Wavelength 3/8; Variable 280000/342193
Wavelength 3/8; Variable 281000/342193
Wavelength 3/8; Variable 282000/342193
Wavelength 3/8; Variable 283000/342193
Wavelength 3/8; Variable 284000/342193
Wavelength 3/8; Variable 285000/342193
Wavelength 3/8; Variable 286000/342193
Wavelength 3/8; Variable 287000/342193
Wavelength 3/8; Variable 288000/342193
Wavelength 3/8; Variable 289000/342193
Wavelength 3/8; Variable 290000/342193
Wavelength 3/8; Variable 291000/342193
Wavelength 3/8; Variable 292000/342193
Wavelength 3/8; Variable 293000/342193
Wavelength 3/8; Variable 294000/342193
Wavelength 3/8; Variable 295000/342193
Wavelength 3/8; Variable 296000/342193
Wavelength 3/8; Variable 297000/342193
Wavelength 3/8; Variable 298000/342193
Wavelength 3/8; Variable 299000/342193
Wavelength 3/8; Variable 300000/342193
Wavelength 3/8; Variable 301000/342193
Wavelength 3/8; Variable 302000/342193
Wavelength 3/8; Variable 303000/342193
Wavelength 3/8; Variable 304000/342193
Wavelength 3/8; Variable 305000/342193
Wavelength 3/8; Variable 306000/342193
Wavelength 3/8; Variable 307000/342193
Wavelength 3/8; Variable 308000/342193
Wavelength 3/8; Variable 309000/342193
Wavelength 3/8; Variable 310000/342193
Wavelength 3/8; Variable 311000/342193
Wavelength 3/8; Variable 312000/342193
Wavelength 3/8; Variable 313000/342193
Wavelength 3/8; Variable 314000/342193
Wavelength 3/8; Variable 315000/342193
Wavelength 3/8; Variable 316000/342193
Wavelength 3/8; Variable 317000/342193
Wavelength 3/8; Variable 318000/342193
Wavelength 3/8; Variable 319000/342193
Wavelength 3/8; Variable 320000/342193
Wavelength 3/8; Variable 321000/342193
Wavelength 3/8; Variable 322000/342193
Wavelength 3/8; Variable 323000/342193
Wavelength 3/8; Variable 324000/342193
Wavelength 3/8; Variable 325000/342193
Wavelength 3/8; Variable 326000/342193
Wavelength 3/8; Variable 327000/342193
Wavelength 3/8; Variable 328000/342193
Wavelength 3/8; Variable 329000/342193
Wavelength 3/8; Variable 330000/342193
Wavelength 3/8; Variable 331000/342193
Wavelength 3/8; Variable 332000/342193
Wavelength 3/8; Variable 333000/342193
Wavelength 3/8; Variable 334000/342193
Wavelength 3/8; Variable 335000/342193
Wavelength 3/8; Variable 336000/342193
Wavelength 3/8; Variable 337000/342193
Wavelength 3/8; Variable 338000/342193
Wavelength 3/8; Variable 339000/342193
Wavelength 3/8; Variable 340000/342193
Wavelength 3/8; Variable 341000/342193
Wavelength 3/8; Variable 342000/342193
Wavelength 4/8; Variable 1000/342193
Wavelength 4/8; Variable 2000/342193
Wavelength 4/8; Variable 3000/342193
Wavelength 4/8; Variable 4000/342193
Wavelength 4/8; Variable 5000/342193
Wavelength 4/8; Variable 6000/342193
Wavelength 4/8; Variable 7000/342193
Wavelength 4/8; Variable 8000/342193
Wavelength 4/8; Variable 9000/342193
Wavelength 4/8; Variable 10000/342193
Wavelength 4/8; Variable 11000/342193
Wavelength 4/8; Variable 12000/342193
Wavelength 4/8; Variable 13000/342193
Wavelength 4/8; Variable 14000/342193
Wavelength 4/8; Variable 15000/342193
Wavelength 4/8; Variable 16000/342193
Wavelength 4/8; Variable 17000/342193
Wavelength 4/8; Variable 18000/342193
Wavelength 4/8; Variable 19000/342193
Wavelength 4/8; Variable 20000/342193
Wavelength 4/8; Variable 21000/342193
Wavelength 4/8; Variable 22000/342193
Wavelength 4/8; Variable 23000/342193
Wavelength 4/8; Variable 24000/342193
Wavelength 4/8; Variable 25000/342193
Wavelength 4/8; Variable 26000/342193
Wavelength 4/8; Variable 27000/342193
Wavelength 4/8; Variable 28000/342193
Wavelength 4/8; Variable 29000/342193
Wavelength 4/8; Variable 30000/342193
Wavelength 4/8; Variable 31000/342193
Wavelength 4/8; Variable 32000/342193
Wavelength 4/8; Variable 33000/342193
Wavelength 4/8; Variable 34000/342193
Wavelength 4/8; Variable 35000/342193
Wavelength 4/8; Variable 36000/342193
Wavelength 4/8; Variable 37000/342193
Wavelength 4/8; Variable 38000/342193
Wavelength 4/8; Variable 39000/342193
Wavelength 4/8; Variable 40000/342193
Wavelength 4/8; Variable 41000/342193
Wavelength 4/8; Variable 42000/342193
Wavelength 4/8; Variable 43000/342193
Wavelength 4/8; Variable 44000/342193
Wavelength 4/8; Variable 45000/342193
Wavelength 4/8; Variable 46000/342193
Wavelength 4/8; Variable 47000/342193
Wavelength 4/8; Variable 48000/342193
Wavelength 4/8; Variable 49000/342193
Wavelength 4/8; Variable 50000/342193
Wavelength 4/8; Variable 51000/342193
Wavelength 4/8; Variable 52000/342193
Wavelength 4/8; Variable 53000/342193
Wavelength 4/8; Variable 54000/342193
Wavelength 4/8; Variable 55000/342193
Wavelength 4/8; Variable 56000/342193
Wavelength 4/8; Variable 57000/342193
Wavelength 4/8; Variable 58000/342193
Wavelength 4/8; Variable 59000/342193
Wavelength 4/8; Variable 60000/342193
Wavelength 4/8; Variable 61000/342193
Wavelength 4/8; Variable 62000/342193
Wavelength 4/8; Variable 63000/342193
Wavelength 4/8; Variable 64000/342193
Wavelength 4/8; Variable 65000/342193
Wavelength 4/8; Variable 66000/342193
Wavelength 4/8; Variable 67000/342193
Wavelength 4/8; Variable 68000/342193
Wavelength 4/8; Variable 69000/342193
Wavelength 4/8; Variable 70000/342193
Wavelength 4/8; Variable 71000/342193
Wavelength 4/8; Variable 72000/342193
Wavelength 4/8; Variable 73000/342193
Wavelength 4/8; Variable 74000/342193
Wavelength 4/8; Variable 75000/342193
Wavelength 4/8; Variable 76000/342193
Wavelength 4/8; Variable 77000/342193
Wavelength 4/8; Variable 78000/342193
Wavelength 4/8; Variable 79000/342193
Wavelength 4/8; Variable 80000/342193
Wavelength 4/8; Variable 81000/342193
Wavelength 4/8; Variable 82000/342193
Wavelength 4/8; Variable 83000/342193
Wavelength 4/8; Variable 84000/342193
Wavelength 4/8; Variable 85000/342193
Wavelength 4/8; Variable 86000/342193
Wavelength 4/8; Variable 87000/342193
Wavelength 4/8; Variable 88000/342193
Wavelength 4/8; Variable 89000/342193
Wavelength 4/8; Variable 90000/342193
Wavelength 4/8; Variable 91000/342193
Wavelength 4/8; Variable 92000/342193
Wavelength 4/8; Variable 93000/342193
Wavelength 4/8; Variable 94000/342193
Wavelength 4/8; Variable 95000/342193
Wavelength 4/8; Variable 96000/342193
Wavelength 4/8; Variable 97000/342193
Wavelength 4/8; Variable 98000/342193
Wavelength 4/8; Variable 99000/342193
Wavelength 4/8; Variable 100000/342193
Wavelength 4/8; Variable 101000/342193
Wavelength 4/8; Variable 102000/342193
Wavelength 4/8; Variable 103000/342193
Wavelength 4/8; Variable 104000/342193
Wavelength 4/8; Variable 105000/342193
Wavelength 4/8; Variable 106000/342193
Wavelength 4/8; Variable 107000/342193
Wavelength 4/8; Variable 108000/342193
Wavelength 4/8; Variable 109000/342193
Wavelength 4/8; Variable 110000/342193
Wavelength 4/8; Variable 111000/342193
Wavelength 4/8; Variable 112000/342193
Wavelength 4/8; Variable 113000/342193
Wavelength 4/8; Variable 114000/342193
Wavelength 4/8; Variable 115000/342193
Wavelength 4/8; Variable 116000/342193
Wavelength 4/8; Variable 117000/342193
Wavelength 4/8; Variable 118000/342193
Wavelength 4/8; Variable 119000/342193
Wavelength 4/8; Variable 120000/342193
Wavelength 4/8; Variable 121000/342193
Wavelength 4/8; Variable 122000/342193
Wavelength 4/8; Variable 123000/342193
Wavelength 4/8; Variable 124000/342193
Wavelength 4/8; Variable 125000/342193
Wavelength 4/8; Variable 126000/342193
Wavelength 4/8; Variable 127000/342193
Wavelength 4/8; Variable 128000/342193
Wavelength 4/8; Variable 129000/342193
Wavelength 4/8; Variable 130000/342193
Wavelength 4/8; Variable 131000/342193
Wavelength 4/8; Variable 132000/342193
Wavelength 4/8; Variable 133000/342193
Wavelength 4/8; Variable 134000/342193
Wavelength 4/8; Variable 135000/342193
Wavelength 4/8; Variable 136000/342193
Wavelength 4/8; Variable 137000/342193
Wavelength 4/8; Variable 138000/342193
Wavelength 4/8; Variable 139000/342193
Wavelength 4/8; Variable 140000/342193
Wavelength 4/8; Variable 141000/342193
Wavelength 4/8; Variable 142000/342193
Wavelength 4/8; Variable 143000/342193
Wavelength 4/8; Variable 144000/342193
Wavelength 4/8; Variable 145000/342193
Wavelength 4/8; Variable 146000/342193
Wavelength 4/8; Variable 147000/342193
Wavelength 4/8; Variable 148000/342193
Wavelength 4/8; Variable 149000/342193
Wavelength 4/8; Variable 150000/342193
Wavelength 4/8; Variable 151000/342193
Wavelength 4/8; Variable 152000/342193
Wavelength 4/8; Variable 153000/342193
Wavelength 4/8; Variable 154000/342193
Wavelength 4/8; Variable 155000/342193
Wavelength 4/8; Variable 156000/342193
Wavelength 4/8; Variable 157000/342193
Wavelength 4/8; Variable 158000/342193
Wavelength 4/8; Variable 159000/342193
Wavelength 4/8; Variable 160000/342193
Wavelength 4/8; Variable 161000/342193
Wavelength 4/8; Variable 162000/342193
Wavelength 4/8; Variable 163000/342193
Wavelength 4/8; Variable 164000/342193
Wavelength 4/8; Variable 165000/342193
Wavelength 4/8; Variable 166000/342193
Wavelength 4/8; Variable 167000/342193
Wavelength 4/8; Variable 168000/342193
Wavelength 4/8; Variable 169000/342193
Wavelength 4/8; Variable 170000/342193
Wavelength 4/8; Variable 171000/342193
Wavelength 4/8; Variable 172000/342193
Wavelength 4/8; Variable 173000/342193
Wavelength 4/8; Variable 174000/342193
Wavelength 4/8; Variable 175000/342193
Wavelength 4/8; Variable 176000/342193
Wavelength 4/8; Variable 177000/342193
Wavelength 4/8; Variable 178000/342193
Wavelength 4/8; Variable 179000/342193
Wavelength 4/8; Variable 180000/342193
Wavelength 4/8; Variable 181000/342193
Wavelength 4/8; Variable 182000/342193
Wavelength 4/8; Variable 183000/342193
Wavelength 4/8; Variable 184000/342193
Wavelength 4/8; Variable 185000/342193
Wavelength 4/8; Variable 186000/342193
Wavelength 4/8; Variable 187000/342193
Wavelength 4/8; Variable 188000/342193
Wavelength 4/8; Variable 189000/342193
Wavelength 4/8; Variable 190000/342193
Wavelength 4/8; Variable 191000/342193
