Optimizer called with the following parameters:
{'focal_plane_mask': {'field_stop_radius': -1.0,
                      'grayscale': True,
                      'num_pix': 50,
                      'radius': 7.6},
 'image': {'bandwidth': 0.18,
           'contrast': 10,
           'iwa': 6.72,
           'num_wavelengths': 8,
           'owa': 26.88,
           'resolution': 2},
 'lyot_stop': {'alignment_tolerance': 0,
               'filename': 'LUVOIR/LS_LUVOIR_ID0190_OD0937_struts_pad02_gy_ovsamp4_N0200.fits',
               'num_lyot_stops': 1},
 'method': {'edge_width_for_prior': 2,
            'ending_scale': 1,
            'force_no_hermitian_symmetry': False,
            'force_no_x_mirror_symmetry': False,
            'force_no_y_mirror_symmetry': False,
            'initial_throughput_estimate': 1,
            'maximize_planet_throughput': True,
            'num_throughput_iterations': 2,
            'starting_scale': 1},
 'pupil': {'N': 200,
           'filename': 'LUVOIR/TelAp_LUVOIR_gap_pad04_bw_ovsamp04_N0200.fits'},
 'solver': {'crossover': 0,
            'method': 2,
            'num_threads': 0}}

File organization:
{'analysis_dir': '/user/kstlaurent/git/progressive_refinement_coronagraphy/surveys/luvoir_N0200_middle_telserv3/analysis',
 'drivers_dir': '/user/kstlaurent/git/progressive_refinement_coronagraphy/surveys/luvoir_N0200_middle_telserv3/drivers',
 'input_files_dir': '/user/kstlaurent/git/progressive_refinement_coronagraphy/masks',
 'log_dir': '/user/kstlaurent/git/progressive_refinement_coronagraphy/surveys/luvoir_N0200_middle_telserv3/logs',
 'solution_dir': '/user/kstlaurent/git/progressive_refinement_coronagraphy/surveys/luvoir_N0200_middle_telserv3/solutions',
 'survey_dir': '/user/kstlaurent/git/progressive_refinement_coronagraphy/surveys/luvoir_N0200_middle_telserv3'}

Telescope pupil:
   Mirror symmetry in x: yes
   Mirror symmetry in y: no

Lyot stop #0:
   Mirror symmetry in x: yes
Lyot stop #0:
   Mirror symmetry in y: no

Complete APLC:
   Mirror symmetry in x: yes
   Mirror symmetry in y: no

Starting optimization at scale 1 with 13749 variables and 34080 constraints.
Creating model...
Academic license - for non-commercial use only
Parameter Threads unchanged
   Value: 0  Min: 0  Max: 1024  Default: 0
Changed value of parameter Crossover to 0
   Prev: -1  Min: -1  Max: 5  Default: -1
Changed value of parameter Method to 2
   Prev: -1  Min: -1  Max: 5  Default: -1
Calculating and adding constraints...
Wavelength 1/8; Variable 1000/13749
Wavelength 1/8; Variable 2000/13749
Wavelength 1/8; Variable 3000/13749
Wavelength 1/8; Variable 4000/13749
Wavelength 1/8; Variable 5000/13749
Wavelength 1/8; Variable 6000/13749
Wavelength 1/8; Variable 7000/13749
Wavelength 1/8; Variable 8000/13749
Wavelength 1/8; Variable 9000/13749
Wavelength 1/8; Variable 10000/13749
Wavelength 1/8; Variable 11000/13749
Wavelength 1/8; Variable 12000/13749
Wavelength 1/8; Variable 13000/13749
Warning for adding constraints: zero or small (< 1e-13) coefficients, ignored
Wavelength 2/8; Variable 1000/13749
Wavelength 2/8; Variable 2000/13749
Wavelength 2/8; Variable 3000/13749
Wavelength 2/8; Variable 4000/13749
Wavelength 2/8; Variable 5000/13749
Wavelength 2/8; Variable 6000/13749
Wavelength 2/8; Variable 7000/13749
Wavelength 2/8; Variable 8000/13749
Wavelength 2/8; Variable 9000/13749
Wavelength 2/8; Variable 10000/13749
Wavelength 2/8; Variable 11000/13749
Wavelength 2/8; Variable 12000/13749
Wavelength 2/8; Variable 13000/13749
Wavelength 3/8; Variable 1000/13749
Wavelength 3/8; Variable 2000/13749
Wavelength 3/8; Variable 3000/13749
Wavelength 3/8; Variable 4000/13749
Wavelength 3/8; Variable 5000/13749
Wavelength 3/8; Variable 6000/13749
Wavelength 3/8; Variable 7000/13749
Wavelength 3/8; Variable 8000/13749
Wavelength 3/8; Variable 9000/13749
Wavelength 3/8; Variable 10000/13749
Wavelength 3/8; Variable 11000/13749
Wavelength 3/8; Variable 12000/13749
Wavelength 3/8; Variable 13000/13749
Wavelength 4/8; Variable 1000/13749
Wavelength 4/8; Variable 2000/13749
Wavelength 4/8; Variable 3000/13749
Wavelength 4/8; Variable 4000/13749
Wavelength 4/8; Variable 5000/13749
Wavelength 4/8; Variable 6000/13749
Wavelength 4/8; Variable 7000/13749
Wavelength 4/8; Variable 8000/13749
Wavelength 4/8; Variable 9000/13749
Wavelength 4/8; Variable 10000/13749
Wavelength 4/8; Variable 11000/13749
Wavelength 4/8; Variable 12000/13749
Wavelength 4/8; Variable 13000/13749
Wavelength 5/8; Variable 1000/13749
Wavelength 5/8; Variable 2000/13749
Wavelength 5/8; Variable 3000/13749
Wavelength 5/8; Variable 4000/13749
Wavelength 5/8; Variable 5000/13749
Wavelength 5/8; Variable 6000/13749
Wavelength 5/8; Variable 7000/13749
Wavelength 5/8; Variable 8000/13749
Wavelength 5/8; Variable 9000/13749
Wavelength 5/8; Variable 10000/13749
Wavelength 5/8; Variable 11000/13749
Wavelength 5/8; Variable 12000/13749
Wavelength 5/8; Variable 13000/13749
Wavelength 6/8; Variable 1000/13749
Wavelength 6/8; Variable 2000/13749
Wavelength 6/8; Variable 3000/13749
Wavelength 6/8; Variable 4000/13749
Wavelength 6/8; Variable 5000/13749
Wavelength 6/8; Variable 6000/13749
Wavelength 6/8; Variable 7000/13749
Wavelength 6/8; Variable 8000/13749
Wavelength 6/8; Variable 9000/13749
Wavelength 6/8; Variable 10000/13749
Wavelength 6/8; Variable 11000/13749
Wavelength 6/8; Variable 12000/13749
Wavelength 6/8; Variable 13000/13749
Wavelength 7/8; Variable 1000/13749
Wavelength 7/8; Variable 2000/13749
Wavelength 7/8; Variable 3000/13749
Wavelength 7/8; Variable 4000/13749
Wavelength 7/8; Variable 5000/13749
Wavelength 7/8; Variable 6000/13749
Wavelength 7/8; Variable 7000/13749
Wavelength 7/8; Variable 8000/13749
Wavelength 7/8; Variable 9000/13749
Wavelength 7/8; Variable 10000/13749
Wavelength 7/8; Variable 11000/13749
Wavelength 7/8; Variable 12000/13749
Wavelength 7/8; Variable 13000/13749
Wavelength 8/8; Variable 1000/13749
Wavelength 8/8; Variable 2000/13749
Wavelength 8/8; Variable 3000/13749
Wavelength 8/8; Variable 4000/13749
Wavelength 8/8; Variable 5000/13749
Wavelength 8/8; Variable 6000/13749
Wavelength 8/8; Variable 7000/13749
Wavelength 8/8; Variable 8000/13749
Wavelength 8/8; Variable 9000/13749
Wavelength 8/8; Variable 10000/13749
Wavelength 8/8; Variable 11000/13749
Wavelength 8/8; Variable 12000/13749
Wavelength 8/8; Variable 13000/13749
Start optimization...
Optimize a model with 68160 rows, 13749 columns and 937131820 nonzeros
Coefficient statistics:
  Matrix range     [1e-13, 2e-04]
  Objective range  [5e-02, 1e+00]
  Bounds range     [1e+00, 1e+00]
  RHS range        [1e-05, 1e-05]
Presolve removed 0 rows and 0 columns (presolve time = 30s) ...
Presolve removed 0 rows and 0 columns (presolve time = 54s) ...
Presolve removed 0 rows and 0 columns (presolve time = 94s) ...
Presolve removed 0 rows and 0 columns (presolve time = 183s) ...
Presolve removed 0 rows and 0 columns (presolve time = 194s) ...
Presolve time: 214.41s
Presolved: 13749 rows, 81909 columns, 937145569 nonzeros
Ordering time: 0.00s

Barrier statistics:
 AA' NZ     : 9.451e+07
 Factor NZ  : 9.452e+07 (roughly 800 MBytes of memory)
 Factor Ops : 8.664e+11 (roughly 20 seconds per iteration)
 Threads    : 24

                  Objective                Residual
Iter       Primal          Dual         Primal    Dual     Compl     Time
   0   4.32599737e+04  0.00000000e+00  0.00e+00 0.00e+00  1.08e+00   461s
   1   2.03444078e+04  2.86841525e+03  0.00e+00 5.33e-02  2.64e-01   588s
   2   1.47521381e+04  5.34456368e+03  0.00e+00 3.12e-02  1.30e-01   714s
   3   1.16344681e+04  6.67045020e+03  0.00e+00 1.35e-02  6.00e-02   850s
   4   9.81949879e+03  7.13974986e+03  0.00e+00 7.62e-03  3.07e-02   985s
   5   8.71388252e+03  7.40262549e+03  0.00e+00 4.29e-03  1.45e-02  1124s
   6   8.27782661e+03  7.53734441e+03  0.00e+00 2.06e-03  8.01e-03  1268s
   7   7.99825981e+03  7.58869552e+03  0.00e+00 1.42e-03  4.40e-03  1398s
   8   7.85619501e+03  7.62678819e+03  0.00e+00 9.70e-04  2.46e-03  1532s
   9   7.79107387e+03  7.65103156e+03  0.00e+00 6.84e-04  1.50e-03  1662s
  10   7.77068867e+03  7.66505088e+03  0.00e+00 5.19e-04  1.13e-03  1795s
  11   7.74256206e+03  7.67935508e+03  0.00e+00 3.62e-04  6.76e-04  1925s
  12   7.72650509e+03  7.69169766e+03  0.00e+00 2.18e-04  3.72e-04  2060s
  13   7.71642941e+03  7.69712648e+03  0.00e+00 1.61e-04  2.08e-04  2199s
  14   7.71274954e+03  7.70299129e+03  0.00e+00 8.62e-05  1.05e-04  2330s
  15   7.71130542e+03  7.70510267e+03  0.00e+00 5.97e-05  6.69e-05  2460s
  16   7.71037382e+03  7.70634642e+03  0.00e+00 4.27e-05  4.36e-05  2590s
  17   7.71006939e+03  7.70744591e+03  0.00e+00 2.67e-05  2.83e-05  2719s
  18   7.70983619e+03  7.70804190e+03  0.00e+00 1.86e-05  1.94e-05  2854s
  19   7.70955355e+03  7.70863477e+03  0.00e+00 9.51e-06  9.93e-06  2989s
  20   7.70939359e+03  7.70901431e+03  0.00e+00 3.65e-06  4.09e-06  3133s
  21   7.70934785e+03  7.70913882e+03  0.00e+00 1.84e-06  2.25e-06  3272s
  22   7.70932092e+03  7.70920230e+03  3.36e-08 8.50e-07  1.27e-06  3406s
  23   7.70928592e+03  7.70923964e+03  4.66e-07 2.70e-07  4.93e-07  3533s
  24   7.70926861e+03  7.70924869e+03  2.55e-07 1.31e-07  2.13e-07  3673s
  25   7.70926817e+03  7.70925037e+03  5.15e-07 1.07e-07  1.90e-07  3816s
  26   7.70926817e+03  7.70925037e+03  9.31e-07 1.07e-07  1.90e-07  3961s
  27   7.70926615e+03  7.70925400e+03  1.03e-06 3.91e-08  1.28e-07  4155s
  28   7.70926608e+03  7.70925438e+03  1.17e-06 3.48e-08  1.23e-07  4305s
  29   7.70926603e+03  7.70925440e+03  2.22e-06 3.46e-08  1.22e-07  4454s
  30   7.70926600e+03  7.70925444e+03  2.84e-06 3.41e-08  1.22e-07  4594s
  31   7.70926563e+03  7.70925455e+03  6.60e-06 3.27e-08  1.17e-07  4731s
  32   7.70926572e+03  7.70925457e+03  1.37e-05 3.25e-08  1.17e-07  4867s
  33   7.70926571e+03  7.70925472e+03  1.52e-05 3.07e-08  1.14e-07  5005s
  34   7.70926572e+03  7.70925478e+03  1.82e-05 3.00e-08  1.09e-07  5140s
  35   7.70926570e+03  7.70925480e+03  1.72e-05 2.99e-08  1.09e-07  5284s
  36   7.70926519e+03  7.70925483e+03  1.85e-05 2.95e-08  1.04e-07  5421s
  37   7.70926479e+03  7.70925494e+03  2.15e-05 2.81e-08  1.01e-07  5571s
  38   7.70926339e+03  7.70925535e+03  3.81e-05 2.35e-08  8.84e-08  5725s
  39   7.70926222e+03  7.70925566e+03  3.66e-05 1.99e-08  7.54e-08  5875s
  40   7.70926215e+03  7.70925577e+03  3.51e-05 1.86e-08  7.31e-08  6011s
  41   7.70926163e+03  7.70925589e+03  4.15e-05 1.72e-08  6.13e-08  6160s
  42   7.70926146e+03  7.70925598e+03  5.12e-05 1.62e-08  5.84e-08  6320s
  43   7.70926118e+03  7.70925600e+03  5.88e-05 1.59e-08  5.64e-08  6467s
  44   7.70926103e+03  7.70925605e+03  5.90e-05 1.54e-08  5.51e-08  6602s
  45   7.70926105e+03  7.70925616e+03  5.59e-05 1.41e-08  5.32e-08  6750s
  46   7.70926093e+03  7.70925617e+03  5.35e-05 1.39e-08  5.23e-08  6905s
  47   7.70926069e+03  7.70925635e+03  5.01e-05 1.18e-08  4.57e-08  7050s
  48   7.70926068e+03  7.70925640e+03  5.19e-05 1.12e-08  4.36e-08  7189s
  49   7.70926054e+03  7.70925644e+03  6.02e-05 1.07e-08  4.24e-08  7335s
  50   7.70926033e+03  7.70925657e+03  5.56e-05 9.12e-09  3.87e-08  7490s
  51   7.70926023e+03  7.70925657e+03  5.61e-05 9.12e-09  3.87e-08  7637s
  52   7.70926014e+03  7.70925659e+03  5.58e-05 8.90e-09  3.81e-08  7773s
  53   7.70926018e+03  7.70925664e+03  6.19e-05 8.27e-09  3.64e-08  7910s
  54   7.70926021e+03  7.70925666e+03  6.46e-05 8.08e-09  3.49e-08  8054s
  55   7.70926004e+03  7.70925666e+03  6.86e-05 8.08e-09  3.49e-08  8200s
  56   7.70925995e+03  7.70925682e+03  5.99e-05 6.13e-09  3.12e-08  8348s
  57   7.70926005e+03  7.70925682e+03  5.96e-05 6.09e-09  3.09e-08  8496s
  58   7.70925968e+03  7.70925684e+03  5.64e-05 5.81e-09  2.91e-08  8653s
  59   7.70925945e+03  7.70925687e+03  4.67e-05 5.48e-09  2.68e-08  8807s
  60   7.70925916e+03  7.70925695e+03  5.06e-05 4.52e-09  2.36e-08  8965s
  61   7.70925915e+03  7.70925698e+03  4.79e-05 4.12e-09  2.24e-08  9122s
  62   7.70925900e+03  7.70925699e+03  4.40e-05 4.03e-09  2.13e-08  9267s
  63   7.70925896e+03  7.70925699e+03  4.87e-05 4.01e-09  2.10e-08  9404s
  64   7.70925821e+03  7.70925700e+03  5.30e-05 3.83e-09  1.90e-08  9543s
  65   7.70925824e+03  7.70925702e+03  5.50e-05 3.67e-09  1.86e-08  9678s
  66   7.70925826e+03  7.70925702e+03  5.46e-05 3.67e-09  1.86e-08  9815s
  67   7.70925868e+03  7.70925702e+03  6.26e-05 3.56e-09  1.75e-08  9963s
  68   7.70925825e+03  7.70925702e+03  7.14e-05 3.55e-09  1.74e-08  10112s
  69   7.70925822e+03  7.70925705e+03  7.99e-05 3.27e-09  1.66e-08  10283s
  70   7.70925841e+03  7.70925705e+03  9.31e-05 3.27e-09  1.66e-08  10427s
  71   7.70925814e+03  7.70925707e+03  8.81e-05 3.01e-09  1.53e-08  10570s
  72   7.70925852e+03  7.70925708e+03  7.91e-05 2.93e-09  1.46e-08  10709s
  73   7.70925868e+03  7.70925709e+03  7.57e-05 2.81e-09  1.36e-08  10846s
  74   7.70925860e+03  7.70925709e+03  7.50e-05 2.81e-09  1.36e-08  10996s
  75   7.70925851e+03  7.70925709e+03  7.47e-05 2.79e-09  1.33e-08  11141s
  76   7.70925865e+03  7.70925709e+03  7.88e-05 2.73e-09  1.28e-08  11303s
  77   7.70925875e+03  7.70925711e+03  8.67e-05 2.49e-09  1.23e-08  11461s
  78   7.70925883e+03  7.70925711e+03  8.77e-05 2.48e-09  1.23e-08  11609s
  79   7.70925869e+03  7.70925713e+03  7.83e-05 2.21e-09  1.17e-08  11746s
  80   7.70925858e+03  7.70925714e+03  7.54e-05 2.12e-09  1.15e-08  11886s
  81   7.70925870e+03  7.70925714e+03  7.62e-05 2.11e-09  1.15e-08  12027s
  82   7.70925876e+03  7.70925715e+03  7.25e-05 2.06e-09  1.10e-08  12163s
  83   7.70925882e+03  7.70925715e+03  7.59e-05 2.02e-09  1.08e-08  12308s
  84   7.70925859e+03  7.70925715e+03  6.15e-05 2.01e-09  1.07e-08  12454s
  85   7.70925855e+03  7.70925717e+03  5.92e-05 1.80e-09  1.03e-08  12610s
  86   7.70925836e+03  7.70925718e+03  6.51e-05 1.65e-09  9.36e-09  12774s
  87   7.70925858e+03  7.70925719e+03  6.35e-05 1.53e-09  8.60e-09  12923s
  88   7.70925874e+03  7.70925719e+03  5.92e-05 1.53e-09  8.58e-09  13062s
  89   7.70925851e+03  7.70925719e+03  6.23e-05 1.53e-09  8.56e-09  13199s
  90   7.70925811e+03  7.70925720e+03  8.28e-05 1.40e-09  7.46e-09  13362s
  91   7.70925798e+03  7.70925722e+03  7.70e-05 1.18e-09  6.87e-09  13523s
  92   7.70925809e+03  7.70925722e+03  8.48e-05 1.11e-09  6.64e-09  13675s
  93   7.70925777e+03  7.70925724e+03  1.03e-04 9.56e-10  6.14e-09  13824s
  94   7.70925752e+03  7.70925725e+03  8.75e-05 8.03e-10  5.47e-09  13969s
  95   7.70925762e+03  7.70925725e+03  7.78e-05 7.62e-10  5.37e-09  14139s
  96   7.70925735e+03  7.70925725e+03  8.02e-05 7.53e-10  5.20e-09  14297s
  97   7.70925719e+03  7.70925726e+03  8.04e-05 6.92e-10  4.82e-09  14449s
  98   7.70925706e+03  7.70925726e+03  7.92e-05 6.64e-10  4.60e-09  14596s
  99   7.70925703e+03  7.70925726e+03  8.47e-05 6.64e-10  4.60e-09  14732s
 100   7.70925712e+03  7.70925726e+03  8.54e-05 6.12e-10  4.34e-09  14864s
 101   7.70925713e+03  7.70925726e+03  8.46e-05 5.98e-10  4.30e-09  14999s
 102   7.70925715e+03  7.70925726e+03  8.50e-05 5.98e-10  4.30e-09  15142s
 103   7.70925716e+03  7.70925727e+03  8.54e-05 5.59e-10  4.17e-09  15281s
 104   7.70925722e+03  7.70925727e+03  8.35e-05 5.47e-10  4.11e-09  15418s
 105   7.70925715e+03  7.70925727e+03  8.14e-05 5.25e-10  4.03e-09  15557s
 106   7.70925724e+03  7.70925727e+03  8.16e-05 5.14e-10  3.99e-09  15693s
 107   7.70925714e+03  7.70925727e+03  8.26e-05 4.99e-10  3.82e-09  15830s
 108   7.70925671e+03  7.70925727e+03  8.04e-05 4.77e-10  3.51e-09  15972s
 109   7.70925650e+03  7.70925727e+03  7.19e-05 4.74e-10  3.46e-09  16119s
 110   7.70925645e+03  7.70925727e+03  7.70e-05 4.74e-10  3.46e-09  16263s
 111   7.70925660e+03  7.70925727e+03  6.71e-05 4.62e-10  3.39e-09  16418s
 112   7.70925666e+03  7.70925727e+03  6.70e-05 4.58e-10  3.37e-09  16562s
 113   7.70925656e+03  7.70925728e+03  6.43e-05 4.51e-10  3.30e-09  16707s
 114   7.70925659e+03  7.70925728e+03  6.42e-05 4.49e-10  3.28e-09  16843s
 115   7.70925663e+03  7.70925728e+03  6.29e-05 4.28e-10  3.23e-09  16978s
 116   7.70925681e+03  7.70925728e+03  6.25e-05 4.05e-10  3.00e-09  17133s
 117   7.70925682e+03  7.70925728e+03  6.27e-05 4.05e-10  3.00e-09  17279s
 118   7.70925692e+03  7.70925728e+03  5.30e-05 3.55e-10  2.79e-09  17439s
 119   7.70925690e+03  7.70925728e+03  5.35e-05 3.52e-10  2.78e-09  17582s
 120   7.70925709e+03  7.70925728e+03  5.24e-05 3.48e-10  2.72e-09  17727s
 121   7.70925709e+03  7.70925728e+03  5.41e-05 3.36e-10  2.62e-09  17868s
 122   7.70925705e+03  7.70925728e+03  5.45e-05 3.33e-10  2.57e-09  18020s
 123   7.70925708e+03  7.70925729e+03  5.36e-05 3.31e-10  2.53e-09  18164s
 124   7.70925699e+03  7.70925729e+03  5.11e-05 3.16e-10  2.42e-09  18322s
 125   7.70925679e+03  7.70925729e+03  5.41e-05 3.11e-10  2.34e-09  18466s
 126   7.70925673e+03  7.70925729e+03  5.71e-05 2.97e-10  2.30e-09  18612s
 127   7.70925670e+03  7.70925729e+03  5.61e-05 2.89e-10  2.26e-09  18750s
 128   7.70925667e+03  7.70925729e+03  5.59e-05 2.89e-10  2.26e-09  18900s
 129   7.70925661e+03  7.70925729e+03  5.57e-05 2.89e-10  2.26e-09  19044s
 130   7.70925676e+03  7.70925729e+03  5.52e-05 2.88e-10  2.25e-09  19192s
 131   7.70925687e+03  7.70925729e+03  5.40e-05 2.66e-10  2.18e-09  19341s
 132   7.70925702e+03  7.70925729e+03  6.34e-05 2.63e-10  2.09e-09  19497s
 133   7.70925702e+03  7.70925729e+03  6.31e-05 2.62e-10  2.08e-09  19641s
 134   7.70925704e+03  7.70925729e+03  8.80e-05 2.50e-10  1.96e-09  19808s
 135   7.70925683e+03  7.70925729e+03  8.43e-05 2.39e-10  1.92e-09  19949s
 136   7.70925677e+03  7.70925729e+03  8.21e-05 2.20e-10  1.82e-09  20099s
 137   7.70925733e+03  7.70925729e+03  1.01e-04 2.06e-10  1.62e-09  20255s
 138   7.70925794e+03  7.70925730e+03  1.01e-04 1.38e-10  1.02e-09  20416s
 139   7.70925798e+03  7.70925730e+03  1.02e-04 1.38e-10  1.02e-09  20559s
 140   7.70925796e+03  7.70925730e+03  1.02e-04 1.36e-10  1.01e-09  20701s
 141   7.70925745e+03  7.70925730e+03  9.31e-05 1.26e-10  9.36e-10  20853s
 142   7.70925744e+03  7.70925730e+03  9.03e-05 1.25e-10  9.32e-10  20996s
 143   7.70925752e+03  7.70925730e+03  9.07e-05 1.24e-10  9.29e-10  21133s
 144   7.70925727e+03  7.70925730e+03  8.15e-05 1.17e-10  8.29e-10  21287s
 145   7.70925720e+03  7.70925730e+03  7.84e-05 1.17e-10  8.25e-10  21442s
 146   7.70925745e+03  7.70925730e+03  7.24e-05 1.09e-10  7.32e-10  21630s
 147   7.70925741e+03  7.70925730e+03  7.32e-05 1.09e-10  7.31e-10  21777s
 148   7.70925741e+03  7.70925730e+03  7.27e-05 1.09e-10  7.30e-10  21926s
 149   7.70925745e+03  7.70925730e+03  7.30e-05 1.09e-10  7.30e-10  22075s
 150   7.70925741e+03  7.70925730e+03  7.29e-05 1.07e-10  7.06e-10  22229s
 151   7.70925741e+03  7.70925730e+03  7.32e-05 1.07e-10  7.06e-10  22373s
 152   7.70925729e+03  7.70925730e+03  7.03e-05 1.07e-10  7.06e-10  22520s
 153   7.70925736e+03  7.70925730e+03  7.21e-05 1.07e-10  7.05e-10  22669s
 154   7.70925706e+03  7.70925730e+03  8.55e-05 9.17e-11  6.04e-10  22860s
 155   7.70925703e+03  7.70925730e+03  8.47e-05 8.80e-11  5.99e-10  23006s
 156   7.70925708e+03  7.70925730e+03  8.57e-05 8.78e-11  5.92e-10  23156s
 157   7.70925722e+03  7.70925730e+03  8.42e-05 8.71e-11  5.72e-10  23312s
 158   7.70925708e+03  7.70925730e+03  9.07e-05 8.71e-11  5.72e-10  23460s
 159   7.70925712e+03  7.70925730e+03  8.99e-05 8.70e-11  5.72e-10  23608s
 160   7.70925695e+03  7.70925730e+03  9.25e-05 8.50e-11  5.60e-10  23755s
 161   7.70925631e+03  7.70925730e+03  1.11e-04 8.50e-11  5.59e-10  23904s
 162   7.70925644e+03  7.70925731e+03  1.05e-04 7.21e-11  4.91e-10  24078s
 163   7.70925640e+03  7.70925731e+03  1.07e-04 7.17e-11  4.89e-10  24225s
 164   7.70925666e+03  7.70925731e+03  1.01e-04 7.11e-11  4.60e-10  24384s
 165   7.70925661e+03  7.70925731e+03  1.01e-04 7.10e-11  4.58e-10  24525s
 166   7.70925625e+03  7.70925731e+03  1.02e-04 5.85e-11  4.13e-10  24674s
 167   7.70925630e+03  7.70925731e+03  1.02e-04 5.79e-11  4.12e-10  24818s
 168   7.70925600e+03  7.70925731e+03  1.06e-04 5.77e-11  4.08e-10  24968s
 169   7.70925593e+03  7.70925731e+03  1.08e-04 5.56e-11  3.96e-10  25108s
 170   7.70925563e+03  7.70925731e+03  1.03e-04 5.56e-11  3.95e-10  25241s
 171   7.70925568e+03  7.70925731e+03  1.04e-04 5.55e-11  3.94e-10  25374s
 172   7.70925616e+03  7.70925731e+03  9.68e-05 4.75e-11  3.70e-10  25516s
 173   7.70925613e+03  7.70925731e+03  9.63e-05 4.76e-11  3.70e-10  25661s
 174   7.70925613e+03  7.70925731e+03  9.13e-05 4.45e-11  3.55e-10  25866s
 175   7.70925638e+03  7.70925731e+03  9.07e-05 4.44e-11  3.51e-10  26011s
 176   7.70925609e+03  7.70925731e+03  8.73e-05 4.44e-11  3.51e-10  26156s
 177   7.70925595e+03  7.70925731e+03  9.18e-05 4.04e-11  3.42e-10  26300s
 178   7.70925596e+03  7.70925731e+03  8.49e-05 4.00e-11  3.38e-10  26451s
 179   7.70925599e+03  7.70925731e+03  8.68e-05 4.00e-11  3.38e-10  26603s
 180   7.70925591e+03  7.70925731e+03  8.63e-05 4.00e-11  3.38e-10  26751s
 181   7.70925625e+03  7.70925731e+03  6.56e-05 3.67e-11  2.94e-10  26899s
 182   7.70925630e+03  7.70925731e+03  6.42e-05 3.42e-11  2.90e-10  27042s
 183   7.70925616e+03  7.70925731e+03  2.41e-04 3.28e-11  2.83e-10  27188s
 184   7.70925645e+03  7.70925731e+03  2.23e-04 2.99e-11  2.61e-10  27383s
 185   7.70925658e+03  7.70925731e+03  2.13e-04 2.96e-11  2.52e-10  27546s
 186   7.70925651e+03  7.70925731e+03  2.13e-04 2.96e-11  2.52e-10  27692s
 187   7.70925643e+03  7.70925731e+03  2.14e-04 2.96e-11  2.52e-10  27841s
 188   7.70925645e+03  7.70925731e+03  2.14e-04 2.96e-11  2.52e-10  27988s
 189   7.70925641e+03  7.70925731e+03  2.08e-04 2.96e-11  2.52e-10  28134s
 190   7.70925614e+03  7.70925731e+03  2.07e-04 2.94e-11  2.50e-10  28289s
 191   7.70925595e+03  7.70925731e+03  1.99e-04 2.84e-11  2.45e-10  28454s
 192   7.70925592e+03  7.70925731e+03  1.97e-04 2.82e-11  2.43e-10  28605s
 193   7.70925580e+03  7.70925731e+03  1.92e-04 2.81e-11  2.40e-10  28754s
 194   7.70925602e+03  7.70925731e+03  1.91e-04 2.80e-11  2.34e-10  28900s
 195   7.70925596e+03  7.70925731e+03  1.74e-04 2.62e-11  2.13e-10  29046s
 196   7.70925595e+03  7.70925731e+03  1.74e-04 2.63e-11  2.13e-10  29190s
 197   7.70925595e+03  7.70925731e+03  1.74e-04 2.62e-11  2.13e-10  29331s
 198   7.70925597e+03  7.70925731e+03  1.75e-04 2.62e-11  2.13e-10  29480s
 199   7.70925504e+03  7.70925731e+03  1.67e-04 2.45e-11  1.84e-10  29644s
 200   7.70925503e+03  7.70925731e+03  1.68e-04 2.45e-11  1.84e-10  29790s
 201   7.70925540e+03  7.70925731e+03  1.70e-04 2.45e-11  1.84e-10  29945s
 202   7.70925507e+03  7.70925731e+03  1.65e-04 1.84e-11  1.70e-10  30119s
 203   7.70925520e+03  7.70925731e+03  1.44e-04 1.64e-11  1.47e-10  30318s
 204   7.70925530e+03  7.70925731e+03  1.43e-04 1.64e-11  1.47e-10  30464s
 205   7.70925548e+03  7.70925731e+03  1.39e-04 1.53e-11  1.41e-10  30615s
 206   7.70925590e+03  7.70925731e+03  1.32e-04 1.53e-11  1.39e-10  30768s
 207   7.70925613e+03  7.70925731e+03  1.10e-04 1.15e-11  1.23e-10  30995s
 208   7.70925599e+03  7.70925731e+03  1.08e-04 1.11e-11  1.20e-10  31155s
 209   7.70925589e+03  7.70925731e+03  1.06e-04 1.09e-11  1.19e-10  31303s
 210   7.70925592e+03  7.70925731e+03  1.06e-04 1.09e-11  1.19e-10  31450s
 211   7.70925580e+03  7.70925731e+03  1.01e-04 1.08e-11  1.15e-10  31601s
 212   7.70925581e+03  7.70925731e+03  1.01e-04 1.03e-11  1.14e-10  31750s
 213   7.70925588e+03  7.70925731e+03  9.78e-05 1.03e-11  1.12e-10  31885s
 214   7.70925573e+03  7.70925731e+03  9.35e-05 1.02e-11  1.10e-10  32033s
 215   7.70925574e+03  7.70925731e+03  9.29e-05 1.03e-11  1.10e-10  32168s
 216   7.70925581e+03  7.70925731e+03  8.67e-05 9.91e-12  1.06e-10  32302s
 217   7.70925596e+03  7.70925731e+03  8.64e-05 9.65e-12  1.05e-10  32439s
 218   7.70925600e+03  7.70925731e+03  8.67e-05 9.63e-12  1.05e-10  32575s
 219   7.70925593e+03  7.70925731e+03  8.22e-05 9.44e-12  1.03e-10  32712s
 220   7.70925593e+03  7.70925731e+03  8.19e-05 9.31e-12  1.01e-10  32850s
 221   7.70925590e+03  7.70925731e+03  8.76e-05 9.05e-12  9.68e-11  32992s

Barrier performed 221 iterations in 32992.37 seconds
Sub-optimal termination - objective 7.70926615e+03

Optimization finished!
Restarting optimization for throughput iteration 1...
Optimize a model with 68160 rows, 13749 columns and 937131820 nonzeros
Coefficient statistics:
  Matrix range     [1e-13, 2e-04]
  Objective range  [5e-02, 1e+00]
  Bounds range     [1e+00, 1e+00]
  RHS range        [8e-06, 8e-06]
Presolve removed 0 rows and 0 columns (presolve time = 31s) ...
Presolve removed 0 rows and 0 columns (presolve time = 54s) ...
Presolve removed 0 rows and 0 columns (presolve time = 95s) ...
Presolve removed 0 rows and 0 columns (presolve time = 187s) ...
Presolve removed 0 rows and 0 columns (presolve time = 198s) ...
Presolve time: 218.60s
Presolved: 13749 rows, 81909 columns, 937145569 nonzeros
Ordering time: 0.00s

Barrier statistics:
 AA' NZ     : 9.451e+07
 Factor NZ  : 9.452e+07 (roughly 800 MBytes of memory)
 Factor Ops : 8.664e+11 (roughly 20 seconds per iteration)
 Threads    : 24

                  Objective                Residual
Iter       Primal          Dual         Primal    Dual     Compl     Time
   0   4.19442191e+04  0.00000000e+00  0.00e+00 0.00e+00  1.06e+00   466s
   1   1.93515987e+04  2.78695569e+03  0.00e+00 5.70e-02  2.63e-01   589s
   2   1.55440433e+04  4.86359117e+03  0.00e+00 3.51e-02  1.59e-01   715s
   3   1.36742544e+04  6.58122746e+03  0.00e+00 1.53e-02  9.01e-02   842s
   4   1.07190951e+04  7.08444591e+03  0.00e+00 9.20e-03  4.35e-02   972s
   5   9.13809712e+03  7.35048201e+03  0.00e+00 4.58e-03  2.02e-02  1106s
   6   8.16550957e+03  7.52564678e+03  0.00e+00 1.56e-03  6.92e-03  1243s
   7   7.91155282e+03  7.56954152e+03  0.00e+00 1.08e-03  3.67e-03  1376s
   8   7.79340460e+03  7.61092657e+03  0.00e+00 6.56e-04  1.95e-03  1508s
   9   7.73980688e+03  7.63039005e+03  0.00e+00 4.57e-04  1.17e-03  1640s
  10   7.72369543e+03  7.64365844e+03  0.00e+00 3.34e-04  8.53e-04  1766s
  11   7.70765104e+03  7.65038587e+03  0.00e+00 2.64e-04  6.11e-04  1890s
  12   7.69636296e+03  7.65442501e+03  0.00e+00 2.23e-04  4.48e-04  2013s
  13   7.68921247e+03  7.66246392e+03  0.00e+00 1.49e-04  2.86e-04  2142s
  14   7.68380465e+03  7.66766211e+03  0.00e+00 9.90e-05  1.73e-04  2278s
  15   7.68018399e+03  7.67188032e+03  0.00e+00 5.81e-05  8.91e-05  2413s
  16   7.67959638e+03  7.67270366e+03  0.00e+00 4.91e-05  7.39e-05  2545s
  17   7.67802391e+03  7.67427654e+03  0.00e+00 3.27e-05  4.04e-05  2677s
  18   7.67755589e+03  7.67506980e+03  0.00e+00 2.33e-05  2.69e-05  2808s
  19   7.67728803e+03  7.67597431e+03  0.00e+00 1.35e-05  1.42e-05  2936s
  20   7.67710477e+03  7.67663840e+03  0.00e+00 5.06e-06  5.07e-06  3066s
  21   7.67707670e+03  7.67689083e+03  5.11e-08 1.90e-06  2.01e-06  3207s
  22   7.67706840e+03  7.67697556e+03  2.53e-07 8.65e-07  1.00e-06  3350s
  23   7.67705611e+03  7.67700793e+03  2.66e-07 4.76e-07  5.22e-07  3483s
  24   7.67705255e+03  7.67702385e+03  1.13e-07 2.84e-07  3.11e-07  3628s
  25   7.67705058e+03  7.67703541e+03  6.90e-08 1.46e-07  1.64e-07  3764s
  26   7.67704985e+03  7.67704294e+03  8.17e-08 5.56e-08  7.43e-08  3900s
  27   7.67704848e+03  7.67704592e+03  5.93e-08 2.07e-08  2.75e-08  4062s
  28   7.67704847e+03  7.67704636e+03  1.94e-07 1.56e-08  2.27e-08  4198s
  29   7.67704845e+03  7.67704681e+03  3.22e-07 1.08e-08  1.76e-08  4342s
  30   7.67704845e+03  7.67704687e+03  3.53e-07 1.01e-08  1.70e-08  4488s
  31   7.67704842e+03  7.67704757e+03  6.54e-07 1.73e-09  9.04e-09  4653s
  32   7.67704840e+03  7.67704763e+03  9.00e-07 1.13e-09  8.13e-09  4805s
  33   7.67704842e+03  7.67704766e+03  1.41e-06 7.57e-10  7.32e-09  4946s
  34   7.67704838e+03  7.67704769e+03  2.35e-06 3.35e-10  6.54e-09  5082s
  35   7.67704840e+03  7.67704771e+03  2.87e-06 1.99e-10  6.04e-09  5218s
  36   7.67704840e+03  7.67704771e+03  5.55e-06 1.60e-10  5.32e-09  5356s
  37   7.67704848e+03  7.67704771e+03  4.96e-06 1.60e-10  5.32e-09  5502s
  38   7.67704831e+03  7.67704770e+03  8.30e-06 3.33e-16  4.81e-09  5652s
  39   7.67704831e+03  7.67704770e+03  1.31e-05 1.22e-12  4.01e-09  5800s
  40   7.67704819e+03  7.67704771e+03  1.47e-05 1.11e-12  3.78e-09  5938s
  41   7.67704782e+03  7.67704771e+03  2.20e-05 9.59e-13  3.77e-09  6077s
  42   7.67704782e+03  7.67704771e+03  2.25e-05 8.88e-13  3.70e-09  6226s
  43   7.67704786e+03  7.67704771e+03  2.66e-05 1.19e-12  3.44e-09  6368s
  44   7.67704775e+03  7.67704771e+03  2.93e-05 1.02e-12  3.29e-09  6512s
  45   7.67704777e+03  7.67704771e+03  2.98e-05 1.15e-12  3.22e-09  6661s
  46   7.67704761e+03  7.67704772e+03  3.43e-05 9.54e-13  1.68e-09  6823s
  47   7.67704746e+03  7.67704772e+03  2.10e-05 1.22e-12  8.11e-10  6995s
  48   7.67704713e+03  7.67704772e+03  2.75e-05 8.80e-13  3.65e-10  7160s
  49   7.67704712e+03  7.67704772e+03  3.82e-05 1.41e-12  2.41e-10  7313s
  50   7.67704713e+03  7.67704772e+03  3.75e-05 1.09e-12  2.39e-10  7460s
  51   7.67704711e+03  7.67704772e+03  3.85e-05 8.73e-13  2.39e-10  7592s
  52   7.67704714e+03  7.67704772e+03  3.80e-05 1.45e-12  2.34e-10  7728s
  53   7.67704714e+03  7.67704772e+03  3.68e-05 1.13e-12  2.26e-10  7866s
  54   7.67704724e+03  7.67704772e+03  3.64e-05 1.17e-12  2.08e-10  8003s
  55   7.67704737e+03  7.67704772e+03  2.94e-05 1.44e-12  1.69e-10  8140s
  56   7.67704745e+03  7.67704772e+03  2.10e-05 1.18e-12  1.32e-10  8277s
  57   7.67704736e+03  7.67704772e+03  2.14e-05 9.94e-13  1.15e-10  8424s
  58   7.67704734e+03  7.67704772e+03  2.80e-05 8.86e-13  1.14e-10  8560s
  59   7.67704735e+03  7.67704772e+03  2.42e-05 9.76e-13  9.85e-11  8695s
  60   7.67704735e+03  7.67704772e+03  2.34e-05 9.63e-13  9.54e-11  8840s
  61   7.67704745e+03  7.67704772e+03  2.86e-05 1.26e-12  9.05e-11  8985s

Barrier performed 61 iterations in 8984.66 seconds
Sub-optimal termination - objective 7.67704847e+03

Optimization finished!
/user/kstlaurent/anaconda3/envs/coron_gur/lib/python3.6/site-packages/asdf/extension.py:211: AsdfDeprecationWarning: The module asdf.asdftypes has been deprecated and will be removed in 3.0. Use asdf.types instead. (from astropy.io.misc.asdf.extension.AstropyExtension)
  AsdfDeprecationWarning)
