
Gurobi 8.1.1 (linux64, Python) logging started Wed May 15 00:19:37 2019

Parameter Threads unchanged
   Value: 0  Min: 0  Max: 1024  Default: 0
Changed value of parameter Crossover to 0
   Prev: -1  Min: -1  Max: 5  Default: -1
Changed value of parameter Method to 2
   Prev: -1  Min: -1  Max: 5  Default: -1
Optimize a model with 1328 rows, 3501 columns and 4649328 nonzeros
Coefficient statistics:
  Matrix range     [7e-12, 6e-04]
  Objective range  [1e-02, 1e+00]
  Bounds range     [1e+00, 1e+00]
  RHS range        [1e-04, 1e-04]
Presolve removed 664 rows and 0 columns
Presolve time: 1.77s
Presolved: 664 rows, 4165 columns, 2325328 nonzeros
Ordering time: 0.00s

Barrier statistics:
 AA' NZ     : 2.201e+05
 Factor NZ  : 2.208e+05 (roughly 4 MBytes of memory)
 Factor Ops : 9.781e+07 (less than 1 second per iteration)
 Threads    : 1

                  Objective                Residual
Iter       Primal          Dual         Primal    Dual     Compl     Time
   0   3.67461524e+05  7.67679525e+03  7.80e+00 0.00e+00  2.32e+02     2s
   1   3.53309197e+03  7.62408964e+03  4.06e-02 2.50e-12  1.92e+00     3s
   2   2.35538625e+03  4.73262566e+03  1.38e-02 9.03e-11  6.31e-01     3s
   3   2.04907840e+03  2.63590196e+03  2.39e-03 2.03e-10  1.09e-01     3s
   4   1.97271204e+03  2.10172711e+03  4.19e-04 2.69e-10  2.07e-02     3s
   5   1.98093936e+03  2.03908852e+03  1.53e-04 4.71e-10  8.77e-03     3s
   6   1.98637324e+03  2.00893508e+03  6.21e-05 2.22e-10  3.42e-03     3s
   7   1.98939426e+03  1.99947895e+03  3.30e-05 3.67e-10  1.58e-03     4s
   8   1.99146659e+03  1.99731688e+03  1.88e-05 2.04e-10  9.13e-04     4s
   9   1.99226233e+03  1.99586829e+03  1.40e-05 2.48e-10  5.90e-04     4s
  10   1.99326221e+03  1.99536511e+03  7.94e-06 2.79e-10  3.42e-04     4s
  11   1.99366399e+03  1.99508341e+03  5.62e-06 2.81e-10  2.34e-04     4s
  12   1.99405888e+03  1.99494292e+03  3.32e-06 2.98e-10  1.43e-04     4s
  13   1.99431431e+03  1.99478610e+03  1.84e-06 2.08e-10  7.73e-05     5s
  14   1.99446770e+03  1.99470863e+03  1.04e-06 3.36e-10  4.06e-05     5s
  15   1.99462946e+03  1.99468788e+03  2.02e-07 2.66e-10  9.28e-06     5s
  16   1.99466962e+03  1.99467654e+03  1.79e-08 2.41e-10  1.03e-06     5s
  17   1.99467316e+03  1.99467452e+03  3.61e-09 2.06e-10  2.03e-07     5s
  18   1.99467411e+03  1.99467422e+03  1.42e-10 3.05e-10  1.46e-08     6s
  19   1.99467416e+03  1.99467416e+03  2.65e-13 2.36e-10  4.16e-10     6s

Barrier solved model in 19 iterations and 5.69 seconds
Optimal objective 1.99467416e+03

Optimize a model with 1328 rows, 3501 columns and 4649328 nonzeros
Coefficient statistics:
  Matrix range     [7e-12, 6e-04]
  Objective range  [1e-02, 1e+00]
  Bounds range     [1e+00, 1e+00]
  RHS range        [7e-05, 7e-05]
Presolve removed 664 rows and 0 columns
Presolve time: 1.69s
Presolved: 664 rows, 4165 columns, 2325328 nonzeros
Ordering time: 0.00s

Barrier statistics:
 AA' NZ     : 2.201e+05
 Factor NZ  : 2.208e+05 (roughly 4 MBytes of memory)
 Factor Ops : 9.781e+07 (less than 1 second per iteration)
 Threads    : 1

                  Objective                Residual
Iter       Primal          Dual         Primal    Dual     Compl     Time
   0   3.67461524e+05  7.58836271e+03  7.80e+00 0.00e+00  2.32e+02     2s
   1   3.63747972e+03  7.53596218e+03  4.28e-02 2.27e-12  1.97e+00     2s
   2   2.22237610e+03  4.21951001e+03  1.11e-02 1.07e-10  5.05e-01     3s
   3   2.00068645e+03  2.35722999e+03  1.83e-03 4.35e-10  7.02e-02     3s
   4   1.94880338e+03  2.03109924e+03  1.90e-04 3.31e-10  1.22e-02     3s
   5   1.95917569e+03  1.99508760e+03  8.66e-05 2.56e-10  5.31e-03     3s
   6   1.96671688e+03  1.97905277e+03  2.84e-05 2.91e-10  1.80e-03     3s
   7   1.96942098e+03  1.97643707e+03  1.57e-05 2.26e-10  1.02e-03     4s
   8   1.97098362e+03  1.97450258e+03  8.54e-06 2.53e-10  5.19e-04     4s
   9   1.97192795e+03  1.97371860e+03  4.63e-06 2.70e-10  2.67e-04     4s
  10   1.97245015e+03  1.97336345e+03  2.55e-06 3.08e-10  1.38e-04     4s
  11   1.97261405e+03  1.97326653e+03  1.92e-06 2.34e-10  1.00e-04     4s
  12   1.97280552e+03  1.97320559e+03  1.19e-06 2.36e-10  6.14e-05     4s
  13   1.97291965e+03  1.97316503e+03  7.49e-07 2.67e-10  3.79e-05     5s
  14   1.97299749e+03  1.97314763e+03  4.59e-07 3.04e-10  2.32e-05     5s
  15   1.97308099e+03  1.97313668e+03  1.56e-07 2.84e-10  8.44e-06     5s
  16   1.97311843e+03  1.97312851e+03  2.50e-08 3.45e-10  1.49e-06     5s
  17   1.97312579e+03  1.97312677e+03  1.63e-09 3.44e-10  1.37e-07     5s
  18   1.97312638e+03  1.97312644e+03  6.17e-11 3.34e-10  8.88e-09     6s
  19   1.97312641e+03  1.97312641e+03  2.72e-12 3.94e-10  8.64e-11     6s

Barrier solved model in 19 iterations and 5.74 seconds
Optimal objective 1.97312641e+03


Gurobi 8.1.1 (linux64, Python) logging started Wed May 15 00:22:36 2019

Parameter Threads unchanged
   Value: 0  Min: 0  Max: 1024  Default: 0
Changed value of parameter Crossover to 0
   Prev: -1  Min: -1  Max: 5  Default: -1
Changed value of parameter Method to 2
   Prev: -1  Min: -1  Max: 5  Default: -1
Optimize a model with 1328 rows, 3501 columns and 4649328 nonzeros
Coefficient statistics:
  Matrix range     [7e-12, 6e-04]
  Objective range  [1e-02, 1e+00]
  Bounds range     [1e+00, 1e+00]
  RHS range        [1e-04, 1e-04]
Presolve removed 664 rows and 0 columns
Presolve time: 1.74s
Presolved: 664 rows, 4165 columns, 2325328 nonzeros
Ordering time: 0.00s

Barrier statistics:
 AA' NZ     : 2.201e+05
 Factor NZ  : 2.208e+05 (roughly 4 MBytes of memory)
 Factor Ops : 9.781e+07 (less than 1 second per iteration)
 Threads    : 1

                  Objective                Residual
Iter       Primal          Dual         Primal    Dual     Compl     Time
   0   3.67461524e+05  7.67679525e+03  7.80e+00 0.00e+00  2.32e+02     2s
   1   3.53309197e+03  7.62408964e+03  4.06e-02 2.50e-12  1.92e+00     2s
   2   2.35538625e+03  4.73262566e+03  1.38e-02 9.03e-11  6.31e-01     3s
   3   2.04907840e+03  2.63590196e+03  2.39e-03 2.03e-10  1.09e-01     3s
   4   1.97271204e+03  2.10172711e+03  4.19e-04 2.69e-10  2.07e-02     3s
   5   1.98093936e+03  2.03908852e+03  1.53e-04 4.71e-10  8.77e-03     3s
   6   1.98637324e+03  2.00893508e+03  6.21e-05 2.22e-10  3.42e-03     3s
   7   1.98939426e+03  1.99947895e+03  3.30e-05 3.67e-10  1.58e-03     4s
   8   1.99146659e+03  1.99731688e+03  1.88e-05 2.04e-10  9.13e-04     4s
   9   1.99226233e+03  1.99586829e+03  1.40e-05 2.48e-10  5.90e-04     4s
  10   1.99326221e+03  1.99536511e+03  7.94e-06 2.79e-10  3.42e-04     4s
  11   1.99366399e+03  1.99508341e+03  5.62e-06 2.81e-10  2.34e-04     4s
  12   1.99405888e+03  1.99494292e+03  3.32e-06 2.98e-10  1.43e-04     5s
  13   1.99431431e+03  1.99478610e+03  1.84e-06 2.08e-10  7.73e-05     5s
  14   1.99446770e+03  1.99470863e+03  1.04e-06 3.36e-10  4.06e-05     5s
  15   1.99462946e+03  1.99468788e+03  2.02e-07 2.66e-10  9.28e-06     5s
  16   1.99466962e+03  1.99467654e+03  1.79e-08 2.41e-10  1.03e-06     5s
  17   1.99467316e+03  1.99467452e+03  3.61e-09 2.06e-10  2.03e-07     6s
  18   1.99467411e+03  1.99467422e+03  1.42e-10 3.05e-10  1.46e-08     6s
  19   1.99467416e+03  1.99467416e+03  2.65e-13 2.36e-10  4.16e-10     6s

Barrier solved model in 19 iterations and 5.89 seconds
Optimal objective 1.99467416e+03

Optimize a model with 1328 rows, 3501 columns and 4649328 nonzeros
Coefficient statistics:
  Matrix range     [7e-12, 6e-04]
  Objective range  [1e-02, 1e+00]
  Bounds range     [1e+00, 1e+00]
  RHS range        [7e-05, 7e-05]
Presolve removed 664 rows and 0 columns
Presolve time: 1.74s
Presolved: 664 rows, 4165 columns, 2325328 nonzeros
Ordering time: 0.00s

Barrier statistics:
 AA' NZ     : 2.201e+05
 Factor NZ  : 2.208e+05 (roughly 4 MBytes of memory)
 Factor Ops : 9.781e+07 (less than 1 second per iteration)
 Threads    : 1

                  Objective                Residual
Iter       Primal          Dual         Primal    Dual     Compl     Time
   0   3.67461524e+05  7.58836271e+03  7.80e+00 0.00e+00  2.32e+02     2s
   1   3.63747972e+03  7.53596218e+03  4.28e-02 2.27e-12  1.97e+00     2s
   2   2.22237610e+03  4.21951001e+03  1.11e-02 1.07e-10  5.05e-01     3s
   3   2.00068645e+03  2.35722999e+03  1.83e-03 4.35e-10  7.02e-02     3s
   4   1.94880338e+03  2.03109924e+03  1.90e-04 3.31e-10  1.22e-02     3s
   5   1.95917569e+03  1.99508760e+03  8.66e-05 2.56e-10  5.31e-03     3s
   6   1.96671688e+03  1.97905277e+03  2.84e-05 2.91e-10  1.80e-03     3s
   7   1.96942098e+03  1.97643707e+03  1.57e-05 2.26e-10  1.02e-03     4s
   8   1.97098362e+03  1.97450258e+03  8.54e-06 2.53e-10  5.19e-04     4s
   9   1.97192795e+03  1.97371860e+03  4.63e-06 2.70e-10  2.67e-04     4s
  10   1.97245015e+03  1.97336345e+03  2.55e-06 3.08e-10  1.38e-04     4s
  11   1.97261405e+03  1.97326653e+03  1.92e-06 2.34e-10  1.00e-04     4s
  12   1.97280552e+03  1.97320559e+03  1.19e-06 2.36e-10  6.14e-05     4s
  13   1.97291965e+03  1.97316503e+03  7.49e-07 2.67e-10  3.79e-05     5s
  14   1.97299749e+03  1.97314763e+03  4.59e-07 3.04e-10  2.32e-05     5s
  15   1.97308099e+03  1.97313668e+03  1.56e-07 2.84e-10  8.44e-06     5s
  16   1.97311843e+03  1.97312851e+03  2.50e-08 3.45e-10  1.49e-06     5s
  17   1.97312579e+03  1.97312677e+03  1.63e-09 3.44e-10  1.37e-07     5s
  18   1.97312638e+03  1.97312644e+03  6.17e-11 3.34e-10  8.88e-09     5s
  19   1.97312641e+03  1.97312641e+03  2.72e-12 3.94e-10  8.64e-11     6s

Barrier solved model in 19 iterations and 5.64 seconds
Optimal objective 1.97312641e+03


Gurobi 8.1.1 (linux64, Python) logging started Wed May 15 00:41:37 2019

Parameter Threads unchanged
   Value: 0  Min: 0  Max: 1024  Default: 0
Changed value of parameter Crossover to 0
   Prev: -1  Min: -1  Max: 5  Default: -1
Changed value of parameter Method to 2
   Prev: -1  Min: -1  Max: 5  Default: -1
Optimize a model with 1328 rows, 3501 columns and 4649328 nonzeros
Coefficient statistics:
  Matrix range     [7e-12, 6e-04]
  Objective range  [1e-02, 1e+00]
  Bounds range     [1e+00, 1e+00]
  RHS range        [1e-04, 1e-04]
Presolve removed 664 rows and 0 columns
Presolve time: 1.71s
Presolved: 664 rows, 4165 columns, 2325328 nonzeros
Ordering time: 0.00s

Barrier statistics:
 AA' NZ     : 2.201e+05
 Factor NZ  : 2.208e+05 (roughly 4 MBytes of memory)
 Factor Ops : 9.781e+07 (less than 1 second per iteration)
 Threads    : 1

                  Objective                Residual
Iter       Primal          Dual         Primal    Dual     Compl     Time
   0   3.67461524e+05  7.67679525e+03  7.80e+00 0.00e+00  2.32e+02     2s
   1   3.53309197e+03  7.62408964e+03  4.06e-02 2.50e-12  1.92e+00     2s
   2   2.35538625e+03  4.73262566e+03  1.38e-02 9.03e-11  6.31e-01     3s
   3   2.04907840e+03  2.63590196e+03  2.39e-03 2.03e-10  1.09e-01     3s
   4   1.97271204e+03  2.10172711e+03  4.19e-04 2.69e-10  2.07e-02     3s
   5   1.98093936e+03  2.03908852e+03  1.53e-04 4.71e-10  8.77e-03     3s
   6   1.98637324e+03  2.00893508e+03  6.21e-05 2.22e-10  3.42e-03     3s
   7   1.98939426e+03  1.99947895e+03  3.30e-05 3.67e-10  1.58e-03     4s
   8   1.99146659e+03  1.99731688e+03  1.88e-05 2.04e-10  9.13e-04     4s
   9   1.99226233e+03  1.99586829e+03  1.40e-05 2.48e-10  5.90e-04     4s
  10   1.99326221e+03  1.99536511e+03  7.94e-06 2.79e-10  3.42e-04     4s
  11   1.99366399e+03  1.99508341e+03  5.62e-06 2.81e-10  2.34e-04     4s
  12   1.99405888e+03  1.99494292e+03  3.32e-06 2.98e-10  1.43e-04     5s
  13   1.99431431e+03  1.99478610e+03  1.84e-06 2.08e-10  7.73e-05     5s
  14   1.99446770e+03  1.99470863e+03  1.04e-06 3.36e-10  4.06e-05     5s
  15   1.99462946e+03  1.99468788e+03  2.02e-07 2.66e-10  9.28e-06     5s
  16   1.99466962e+03  1.99467654e+03  1.79e-08 2.41e-10  1.03e-06     5s
  17   1.99467316e+03  1.99467452e+03  3.61e-09 2.06e-10  2.03e-07     5s
  18   1.99467411e+03  1.99467422e+03  1.42e-10 3.05e-10  1.46e-08     6s
  19   1.99467416e+03  1.99467416e+03  2.65e-13 2.36e-10  4.16e-10     6s

Barrier solved model in 19 iterations and 5.81 seconds
Optimal objective 1.99467416e+03

Optimize a model with 1328 rows, 3501 columns and 4649328 nonzeros
Coefficient statistics:
  Matrix range     [7e-12, 6e-04]
  Objective range  [1e-02, 1e+00]
  Bounds range     [1e+00, 1e+00]
  RHS range        [7e-05, 7e-05]
Presolve removed 664 rows and 0 columns
Presolve time: 1.70s
Presolved: 664 rows, 4165 columns, 2325328 nonzeros
Ordering time: 0.00s

Barrier statistics:
 AA' NZ     : 2.201e+05
 Factor NZ  : 2.208e+05 (roughly 4 MBytes of memory)
 Factor Ops : 9.781e+07 (less than 1 second per iteration)
 Threads    : 1

                  Objective                Residual
Iter       Primal          Dual         Primal    Dual     Compl     Time
   0   3.67461524e+05  7.58836271e+03  7.80e+00 0.00e+00  2.32e+02     2s
   1   3.63747972e+03  7.53596218e+03  4.28e-02 2.27e-12  1.97e+00     2s
   2   2.22237610e+03  4.21951001e+03  1.11e-02 1.07e-10  5.05e-01     3s
   3   2.00068645e+03  2.35722999e+03  1.83e-03 4.35e-10  7.02e-02     3s
   4   1.94880338e+03  2.03109924e+03  1.90e-04 3.31e-10  1.22e-02     3s
   5   1.95917569e+03  1.99508760e+03  8.66e-05 2.56e-10  5.31e-03     3s
   6   1.96671688e+03  1.97905277e+03  2.84e-05 2.91e-10  1.80e-03     3s
   7   1.96942098e+03  1.97643707e+03  1.57e-05 2.26e-10  1.02e-03     4s
   8   1.97098362e+03  1.97450258e+03  8.54e-06 2.53e-10  5.19e-04     4s
   9   1.97192795e+03  1.97371860e+03  4.63e-06 2.70e-10  2.67e-04     4s
  10   1.97245015e+03  1.97336345e+03  2.55e-06 3.08e-10  1.38e-04     4s
  11   1.97261405e+03  1.97326653e+03  1.92e-06 2.34e-10  1.00e-04     4s
  12   1.97280552e+03  1.97320559e+03  1.19e-06 2.36e-10  6.14e-05     4s
  13   1.97291965e+03  1.97316503e+03  7.49e-07 2.67e-10  3.79e-05     5s
  14   1.97299749e+03  1.97314763e+03  4.59e-07 3.04e-10  2.32e-05     5s
  15   1.97308099e+03  1.97313668e+03  1.56e-07 2.84e-10  8.44e-06     5s
  16   1.97311843e+03  1.97312851e+03  2.50e-08 3.45e-10  1.49e-06     5s
  17   1.97312579e+03  1.97312677e+03  1.63e-09 3.44e-10  1.37e-07     5s
  18   1.97312638e+03  1.97312644e+03  6.17e-11 3.34e-10  8.88e-09     5s
  19   1.97312641e+03  1.97312641e+03  2.72e-12 3.94e-10  8.64e-11     6s

Barrier solved model in 19 iterations and 5.64 seconds
Optimal objective 1.97312641e+03


Gurobi 8.1.1 (linux64, Python) logging started Wed May 15 16:07:41 2019

Parameter Threads unchanged
   Value: 0  Min: 0  Max: 1024  Default: 0
Changed value of parameter Crossover to 0
   Prev: -1  Min: -1  Max: 5  Default: -1
Changed value of parameter Method to 2
   Prev: -1  Min: -1  Max: 5  Default: -1
Optimize a model with 1328 rows, 3501 columns and 4649328 nonzeros
Coefficient statistics:
  Matrix range     [7e-12, 6e-04]
  Objective range  [1e-02, 1e+00]
  Bounds range     [1e+00, 1e+00]
  RHS range        [1e-04, 1e-04]
Presolve removed 664 rows and 0 columns
Presolve time: 1.93s
Presolved: 664 rows, 4165 columns, 2325328 nonzeros
Ordering time: 0.00s

Barrier statistics:
 AA' NZ     : 2.201e+05
 Factor NZ  : 2.208e+05 (roughly 4 MBytes of memory)
 Factor Ops : 9.781e+07 (less than 1 second per iteration)
 Threads    : 1

                  Objective                Residual
Iter       Primal          Dual         Primal    Dual     Compl     Time
   0   3.67461524e+05  7.67679525e+03  7.80e+00 0.00e+00  2.32e+02     3s
   1   3.53309197e+03  7.62408964e+03  4.06e-02 2.50e-12  1.92e+00     3s
   2   2.35538625e+03  4.73262566e+03  1.38e-02 9.03e-11  6.31e-01     3s
   3   2.04907840e+03  2.63590196e+03  2.39e-03 2.03e-10  1.09e-01     3s
   4   1.97271204e+03  2.10172711e+03  4.19e-04 2.69e-10  2.07e-02     4s
   5   1.98093936e+03  2.03908852e+03  1.53e-04 4.71e-10  8.77e-03     4s
   6   1.98637324e+03  2.00893508e+03  6.21e-05 2.22e-10  3.42e-03     4s
   7   1.98939426e+03  1.99947895e+03  3.30e-05 3.67e-10  1.58e-03     4s
   8   1.99146659e+03  1.99731688e+03  1.88e-05 2.04e-10  9.13e-04     4s
   9   1.99226233e+03  1.99586829e+03  1.40e-05 2.48e-10  5.90e-04     5s
  10   1.99326221e+03  1.99536511e+03  7.94e-06 2.79e-10  3.42e-04     5s
  11   1.99366399e+03  1.99508341e+03  5.62e-06 2.81e-10  2.34e-04     5s
  12   1.99405888e+03  1.99494292e+03  3.32e-06 2.98e-10  1.43e-04     5s
  13   1.99431431e+03  1.99478610e+03  1.84e-06 2.08e-10  7.73e-05     5s
  14   1.99446770e+03  1.99470863e+03  1.04e-06 3.36e-10  4.06e-05     5s
  15   1.99462946e+03  1.99468788e+03  2.02e-07 2.66e-10  9.28e-06     6s
  16   1.99466962e+03  1.99467654e+03  1.79e-08 2.41e-10  1.03e-06     6s
  17   1.99467316e+03  1.99467452e+03  3.61e-09 2.06e-10  2.03e-07     6s
  18   1.99467411e+03  1.99467422e+03  1.42e-10 3.05e-10  1.46e-08     6s
  19   1.99467416e+03  1.99467416e+03  2.65e-13 2.36e-10  4.16e-10     6s

Barrier solved model in 19 iterations and 6.35 seconds
Optimal objective 1.99467416e+03

Optimize a model with 1328 rows, 3501 columns and 4649328 nonzeros
Coefficient statistics:
  Matrix range     [7e-12, 6e-04]
  Objective range  [1e-02, 1e+00]
  Bounds range     [1e+00, 1e+00]
  RHS range        [7e-05, 7e-05]
Presolve removed 664 rows and 0 columns
Presolve time: 1.61s
Presolved: 664 rows, 4165 columns, 2325328 nonzeros
Ordering time: 0.00s

Barrier statistics:
 AA' NZ     : 2.201e+05
 Factor NZ  : 2.208e+05 (roughly 4 MBytes of memory)
 Factor Ops : 9.781e+07 (less than 1 second per iteration)
 Threads    : 1

                  Objective                Residual
Iter       Primal          Dual         Primal    Dual     Compl     Time
   0   3.67461524e+05  7.58836271e+03  7.80e+00 0.00e+00  2.32e+02     2s
   1   3.63747972e+03  7.53596218e+03  4.28e-02 2.27e-12  1.97e+00     2s
   2   2.22237610e+03  4.21951001e+03  1.11e-02 1.07e-10  5.05e-01     2s
   3   2.00068645e+03  2.35722999e+03  1.83e-03 4.35e-10  7.02e-02     3s
   4   1.94880338e+03  2.03109924e+03  1.90e-04 3.31e-10  1.22e-02     3s
   5   1.95917569e+03  1.99508760e+03  8.66e-05 2.56e-10  5.31e-03     3s
   6   1.96671688e+03  1.97905277e+03  2.84e-05 2.91e-10  1.80e-03     3s
   7   1.96942098e+03  1.97643707e+03  1.57e-05 2.26e-10  1.02e-03     3s
   8   1.97098362e+03  1.97450258e+03  8.54e-06 2.53e-10  5.19e-04     3s
   9   1.97192795e+03  1.97371860e+03  4.63e-06 2.70e-10  2.67e-04     4s
  10   1.97245015e+03  1.97336345e+03  2.55e-06 3.08e-10  1.38e-04     4s
  11   1.97261405e+03  1.97326653e+03  1.92e-06 2.34e-10  1.00e-04     4s
  12   1.97280552e+03  1.97320559e+03  1.19e-06 2.36e-10  6.14e-05     4s
  13   1.97291965e+03  1.97316503e+03  7.49e-07 2.67e-10  3.79e-05     4s
  14   1.97299749e+03  1.97314763e+03  4.59e-07 3.04e-10  2.32e-05     4s
  15   1.97308099e+03  1.97313668e+03  1.56e-07 2.84e-10  8.44e-06     5s
  16   1.97311843e+03  1.97312851e+03  2.50e-08 3.45e-10  1.49e-06     5s
  17   1.97312579e+03  1.97312677e+03  1.63e-09 3.44e-10  1.37e-07     5s
  18   1.97312638e+03  1.97312644e+03  6.17e-11 3.34e-10  8.88e-09     5s
  19   1.97312641e+03  1.97312641e+03  2.72e-12 3.94e-10  8.64e-11     5s

Barrier solved model in 19 iterations and 5.24 seconds
Optimal objective 1.97312641e+03


Gurobi 8.1.1 (linux64, Python) logging started Wed May 15 18:49:30 2019

Parameter Threads unchanged
   Value: 0  Min: 0  Max: 1024  Default: 0
Changed value of parameter Crossover to 0
   Prev: -1  Min: -1  Max: 5  Default: -1
Changed value of parameter Method to 2
   Prev: -1  Min: -1  Max: 5  Default: -1
Warning for adding constraints: zero or small (< 1e-13) coefficients, ignored
Optimize a model with 127100 rows, 21740 columns and 2763153646 nonzeros
Coefficient statistics:
  Matrix range     [1e-13, 1e-04]
  Objective range  [4e-03, 1e+00]
  Bounds range     [1e+00, 1e+00]
  RHS range        [1e-05, 1e-05]
Presolve removed 0 rows and 0 columns (presolve time = 294s) ...
Presolve removed 0 rows and 0 columns (presolve time = 401s) ...
Presolve removed 0 rows and 0 columns (presolve time = 734s) ...
Presolve removed 0 rows and 0 columns (presolve time = 1252s) ...
Presolve removed 0 rows and 0 columns (presolve time = 1306s) ...
Presolve time: 1608.65s
Presolved: 21740 rows, 148840 columns, 2763175386 nonzeros
Ordering time: 0.00s

Barrier statistics:
 AA' NZ     : 2.363e+08
 Factor NZ  : 2.363e+08 (roughly 2.0 GBytes of memory)
 Factor Ops : 3.425e+12 (roughly 100 seconds per iteration)
 Threads    : 32

                  Objective                Residual
Iter       Primal          Dual         Primal    Dual     Compl     Time
   0   7.00589117e+04  0.00000000e+00  0.00e+00 0.00e+00  9.60e-01  2969s
   1   3.96979622e+04  6.04743536e+03  0.00e+00 9.40e-02  3.09e-01  3414s
   2   2.82299973e+04  1.21701047e+04  0.00e+00 3.90e-02  1.20e-01  3871s
   3   2.31366802e+04  1.47187518e+04  0.00e+00 1.51e-02  5.54e-02  4339s
   4   1.94680166e+04  1.54875404e+04  0.00e+00 8.67e-03  2.50e-02  4818s
   5   1.82579111e+04  1.58997138e+04  0.00e+00 4.34e-03  1.44e-02  5294s
   6   1.75571750e+04  1.61226154e+04  0.00e+00 1.68e-03  8.56e-03  5792s
   7   1.66853860e+04  1.62203139e+04  0.00e+00 7.41e-04  2.75e-03  6307s
   8   1.65056724e+04  1.62653927e+04  0.00e+00 4.18e-04  1.42e-03  6804s
   9   1.64265895e+04  1.62997683e+04  0.00e+00 1.82e-04  7.47e-04  7312s
  10   1.63734890e+04  1.63142107e+04  0.00e+00 1.04e-04  3.49e-04  7808s
  11   1.63552250e+04  1.63246338e+04  0.00e+00 4.83e-05  1.80e-04  8303s
  12   1.63422861e+04  1.63298428e+04  0.00e+00 2.06e-05  7.33e-05  8784s
  13   1.63374307e+04  1.63325199e+04  0.00e+00 7.76e-06  2.89e-05  9253s
  14   1.63359368e+04  1.63332728e+04  0.00e+00 4.42e-06  1.57e-05  9718s
  15   1.63352715e+04  1.63336872e+04  0.00e+00 2.56e-06  9.33e-06  10160s
  16   1.63347765e+04  1.63339205e+04  0.00e+00 1.45e-06  5.04e-06  10603s
  17   1.63344040e+04  1.63341003e+04  2.34e-07 6.24e-07  1.79e-06  11057s
  18   1.63342987e+04  1.63341970e+04  8.81e-07 1.91e-07  5.99e-07  11521s
  19   1.63342534e+04  1.63342329e+04  3.21e-06 3.50e-08  1.21e-07  11999s
  20   1.63342431e+04  1.63342404e+04  2.06e-07 4.09e-09  1.60e-08  12709s
  21   1.63342431e+04  1.63342414e+04  2.89e-07 5.80e-10  9.92e-09  13341s
  22   1.63342431e+04  1.63342414e+04  4.85e-07 5.80e-10  9.92e-09  13879s
  23   1.63342431e+04  1.63342415e+04  6.66e-07 2.14e-10  9.55e-09  14434s
  24   1.63342430e+04  1.63342415e+04  1.68e-06 1.48e-10  9.00e-09  14932s
  25   1.63342430e+04  1.63342415e+04  2.40e-06 1.42e-10  8.90e-09  15432s
  26   1.63342430e+04  1.63342415e+04  4.39e-06 1.42e-10  8.90e-09  15933s
  27   1.63342430e+04  1.63342415e+04  5.58e-06 8.70e-11  8.33e-09  16472s
  28   1.63342429e+04  1.63342416e+04  8.06e-06 3.62e-11  7.08e-09  17046s
  29   1.63342421e+04  1.63342416e+04  8.80e-06 1.73e-11  2.72e-09  17587s
  30   1.63342419e+04  1.63342416e+04  1.27e-05 1.22e-11  1.66e-09  18086s
  31   1.63342422e+04  1.63342416e+04  9.21e-06 4.56e-12  1.07e-09  18620s
  32   1.63342421e+04  1.63342416e+04  1.38e-05 3.50e-12  7.91e-10  19153s
  33   1.63342413e+04  1.63342416e+04  2.15e-05 2.59e-12  4.96e-10  19726s
  34   1.63342414e+04  1.63342416e+04  2.36e-05 1.48e-12  4.80e-10  20257s
  35   1.63342411e+04  1.63342416e+04  2.33e-05 2.09e-12  4.30e-10  20794s
  36   1.63342410e+04  1.63342416e+04  2.08e-05 1.81e-12  4.06e-10  21292s
  37   1.63342410e+04  1.63342416e+04  2.12e-05 1.63e-12  3.07e-10  21826s
  38   1.63342408e+04  1.63342416e+04  2.28e-05 1.56e-12  2.34e-10  22401s
  39   1.63342405e+04  1.63342416e+04  2.27e-05 1.33e-12  2.23e-10  22934s
  40   1.63342403e+04  1.63342416e+04  2.35e-05 2.20e-12  2.23e-10  23468s
  41   1.63342407e+04  1.63342416e+04  2.26e-05 1.58e-12  1.41e-10  24153s
  42   1.63342415e+04  1.63342416e+04  1.89e-05 2.04e-12  9.58e-11  24748s
  43   1.63342415e+04  1.63342416e+04  1.77e-05 1.49e-12  8.50e-11  25339s
  44   1.63342414e+04  1.63342416e+04  1.77e-05 1.75e-12  7.75e-11  25952s
  45   1.63342413e+04  1.63342416e+04  1.49e-05 1.91e-12  6.48e-11  26481s
  46   1.63342413e+04  1.63342416e+04  1.49e-05 1.97e-12  6.48e-11  26983s
  47   1.63342419e+04  1.63342416e+04  2.12e-05 1.86e-12  4.85e-11  27521s
  48   1.63342419e+04  1.63342416e+04  2.12e-05 2.17e-12  4.81e-11  28021s
  49   1.63342419e+04  1.63342416e+04  2.12e-05 1.71e-12  4.81e-11  28515s
  50   1.63342419e+04  1.63342416e+04  2.10e-05 2.29e-12  4.77e-11  29032s
  51   1.63342419e+04  1.63342416e+04  2.12e-05 2.40e-12  4.76e-11  29568s

Barrier solved model in 51 iterations and 29567.83 seconds
Optimal objective 1.63342431e+04

Optimize a model with 127100 rows, 21740 columns and 2763153646 nonzeros
Coefficient statistics:
  Matrix range     [1e-13, 1e-04]
  Objective range  [4e-03, 1e+00]
  Bounds range     [1e+00, 1e+00]
  RHS range        [9e-06, 9e-06]
Presolve removed 0 rows and 0 columns (presolve time = 296s) ...
Presolve removed 0 rows and 0 columns (presolve time = 404s) ...
Presolve removed 0 rows and 0 columns (presolve time = 737s) ...
Presolve removed 0 rows and 0 columns (presolve time = 1255s) ...
Presolve removed 0 rows and 0 columns (presolve time = 1309s) ...
Presolve time: 1617.23s
Presolved: 21740 rows, 148840 columns, 2763175386 nonzeros
Ordering time: 0.00s

Barrier statistics:
 AA' NZ     : 2.363e+08
 Factor NZ  : 2.363e+08 (roughly 2.0 GBytes of memory)
 Factor Ops : 3.425e+12 (roughly 100 seconds per iteration)
 Threads    : 32

                  Objective                Residual
Iter       Primal          Dual         Primal    Dual     Compl     Time
   0   6.80818989e+04  0.00000000e+00  0.00e+00 0.00e+00  9.42e-01  2964s
   1   3.84393571e+04  5.98100367e+03  0.00e+00 9.35e-02  3.04e-01  3414s
   2   2.78665420e+04  1.19150270e+04  0.00e+00 3.92e-02  1.21e-01  3867s
   3   2.11275374e+04  1.45954734e+04  0.00e+00 1.51e-02  4.31e-02  4334s
   4   1.86573037e+04  1.54145813e+04  0.00e+00 7.94e-03  2.03e-02  4815s
   5   1.78654601e+04  1.58283315e+04  0.00e+00 4.33e-03  1.24e-02  5308s
   6   1.73929857e+04  1.60465484e+04  0.00e+00 2.28e-03  8.09e-03  5786s
   7   1.69110311e+04  1.61365267e+04  0.00e+00 1.42e-03  4.62e-03  6260s
   8   1.65407976e+04  1.62237389e+04  0.00e+00 5.81e-04  1.88e-03  6783s
   9   1.64081962e+04  1.62654928e+04  0.00e+00 2.77e-04  8.43e-04  7318s
  10   1.63568439e+04  1.62882740e+04  0.00e+00 1.43e-04  4.05e-04  7838s
  11   1.63287715e+04  1.63041548e+04  0.00e+00 4.85e-05  1.45e-04  8349s
  12   1.63188010e+04  1.63096829e+04  0.00e+00 2.02e-05  5.38e-05  8850s
  13   1.63151452e+04  1.63126615e+04  0.00e+00 5.80e-06  1.47e-05  9340s
  14   1.63142997e+04  1.63135739e+04  0.00e+00 1.69e-06  4.29e-06  9820s
  15   1.63141059e+04  1.63138130e+04  2.31e-06 6.63e-07  1.73e-06  10286s
  16   1.63140339e+04  1.63138900e+04  2.06e-06 3.45e-07  8.50e-07  10740s
  17   1.63140026e+04  1.63139292e+04  2.37e-06 1.86e-07  4.34e-07  11184s
  18   1.63139876e+04  1.63139560e+04  4.41e-06 7.73e-08  1.86e-07  11630s
  19   1.63139805e+04  1.63139671e+04  4.54e-06 3.29e-08  7.88e-08  12076s
  20   1.63139778e+04  1.63139719e+04  4.61e-06 1.34e-08  3.49e-08  12517s
  21   1.63139773e+04  1.63139736e+04  8.52e-06 6.53e-09  2.06e-08  13016s
  22   1.63139769e+04  1.63139738e+04  8.77e-06 5.71e-09  1.80e-08  13554s
  23   1.63139767e+04  1.63139744e+04  1.05e-05 3.56e-09  1.29e-08  14093s
  24   1.63139765e+04  1.63139746e+04  1.14e-05 2.78e-09  1.07e-08  14666s
  25   1.63139764e+04  1.63139747e+04  1.73e-05 2.28e-09  9.00e-09  15203s
  26   1.63139758e+04  1.63139750e+04  1.64e-05 1.03e-09  4.52e-09  15781s
  27   1.63139759e+04  1.63139751e+04  2.65e-05 7.33e-10  3.58e-09  16392s
  28   1.63139759e+04  1.63139751e+04  2.63e-05 7.25e-10  3.56e-09  16931s
  29   1.63139759e+04  1.63139751e+04  2.57e-05 6.52e-10  3.35e-09  17501s
  30   1.63139758e+04  1.63139751e+04  2.34e-05 5.88e-10  3.12e-09  18039s
  31   1.63139757e+04  1.63139752e+04  2.44e-05 5.36e-10  2.96e-09  18536s
  32   1.63139757e+04  1.63139752e+04  2.42e-05 4.84e-10  2.74e-09  19035s
  33   1.63139757e+04  1.63139752e+04  2.36e-05 3.86e-10  2.50e-09  19533s
  34   1.63139755e+04  1.63139752e+04  2.72e-05 3.25e-10  2.12e-09  20034s
  35   1.63139758e+04  1.63139752e+04  3.82e-05 2.63e-10  1.78e-09  20579s
  36   1.63139759e+04  1.63139752e+04  3.52e-05 2.45e-10  1.62e-09  21155s
  37   1.63139759e+04  1.63139752e+04  3.51e-05 2.37e-10  1.60e-09  21690s
  38   1.63139758e+04  1.63139752e+04  3.45e-05 2.29e-10  1.55e-09  22223s
  39   1.63139760e+04  1.63139752e+04  5.46e-05 1.76e-10  1.13e-09  22872s
  40   1.63139759e+04  1.63139752e+04  5.40e-05 1.75e-10  1.12e-09  23400s
  41   1.63139757e+04  1.63139752e+04  3.85e-05 1.30e-10  9.49e-10  23950s
  42   1.63139757e+04  1.63139753e+04  3.44e-05 1.25e-10  9.15e-10  24522s
  43   1.63139757e+04  1.63139753e+04  3.09e-05 1.13e-10  8.57e-10  25060s
  44   1.63139757e+04  1.63139753e+04  2.97e-05 1.11e-10  8.31e-10  25558s
  45   1.63139758e+04  1.63139753e+04  2.98e-05 1.11e-10  8.31e-10  26053s
  46   1.63139757e+04  1.63139753e+04  2.96e-05 1.10e-10  8.24e-10  26548s
  47   1.63139756e+04  1.63139753e+04  2.96e-05 1.08e-10  8.05e-10  27047s
  48   1.63139756e+04  1.63139753e+04  2.74e-05 1.03e-10  7.08e-10  27581s
  49   1.63139754e+04  1.63139753e+04  3.40e-05 1.02e-10  6.93e-10  28113s
  50   1.63139750e+04  1.63139753e+04  4.53e-05 9.66e-11  5.90e-10  28646s
  51   1.63139748e+04  1.63139753e+04  4.05e-05 8.74e-11  5.55e-10  29308s
  52   1.63139749e+04  1.63139753e+04  3.56e-05 8.68e-11  5.29e-10  29840s
  53   1.63139749e+04  1.63139753e+04  3.51e-05 8.62e-11  5.26e-10  30384s
  54   1.63139749e+04  1.63139753e+04  3.48e-05 8.60e-11  5.25e-10  30927s
  55   1.63139749e+04  1.63139753e+04  3.45e-05 8.60e-11  5.25e-10  31424s
  56   1.63139748e+04  1.63139753e+04  3.72e-05 7.06e-11  4.86e-10  32000s
  57   1.63139745e+04  1.63139753e+04  3.28e-05 6.28e-11  4.38e-10  32572s
  58   1.63139746e+04  1.63139753e+04  3.14e-05 6.13e-11  4.31e-10  33105s
  59   1.63139747e+04  1.63139753e+04  3.99e-05 6.10e-11  4.23e-10  33640s
  60   1.63139747e+04  1.63139753e+04  3.94e-05 6.10e-11  4.23e-10  34179s
  61   1.63139745e+04  1.63139753e+04  3.30e-05 5.77e-11  3.84e-10  34810s
  62   1.63139745e+04  1.63139753e+04  3.29e-05 5.65e-11  3.81e-10  35345s
  63   1.63139745e+04  1.63139753e+04  3.28e-05 5.48e-11  3.77e-10  35887s
  64   1.63139744e+04  1.63139753e+04  3.23e-05 5.45e-11  3.74e-10  36427s
  65   1.63139744e+04  1.63139753e+04  3.18e-05 5.37e-11  3.68e-10  36932s
  66   1.63139744e+04  1.63139753e+04  3.22e-05 5.36e-11  3.68e-10  37433s
  67   1.63139744e+04  1.63139753e+04  3.14e-05 4.97e-11  3.59e-10  37932s
  68   1.63139744e+04  1.63139753e+04  3.13e-05 4.96e-11  3.58e-10  38424s
  69   1.63139745e+04  1.63139753e+04  2.95e-05 4.81e-11  3.45e-10  38961s
  70   1.63139744e+04  1.63139753e+04  3.23e-05 4.77e-11  3.38e-10  39498s
  71   1.63139744e+04  1.63139753e+04  3.81e-05 4.59e-11  2.63e-10  40113s
  72   1.63139745e+04  1.63139753e+04  3.92e-05 4.59e-11  2.63e-10  40647s
  73   1.63139742e+04  1.63139753e+04  4.33e-05 4.58e-11  2.63e-10  41182s
  74   1.63139741e+04  1.63139753e+04  4.75e-05 4.21e-11  2.17e-10  41874s
  75   1.63139741e+04  1.63139753e+04  4.75e-05 4.17e-11  2.16e-10  42413s
  76   1.63139742e+04  1.63139753e+04  4.61e-05 3.97e-11  2.10e-10  42949s
  77   1.63139738e+04  1.63139753e+04  5.32e-05 3.91e-11  1.98e-10  43603s
  78   1.63139742e+04  1.63139753e+04  5.90e-05 2.93e-11  1.45e-10  44254s
  79   1.63139741e+04  1.63139753e+04  6.03e-05 2.85e-11  1.40e-10  44830s
  80   1.63139741e+04  1.63139753e+04  5.97e-05 2.76e-11  1.38e-10  45363s
  81   1.63139740e+04  1.63139753e+04  6.27e-05 2.68e-11  1.35e-10  45899s
  82   1.63139740e+04  1.63139753e+04  6.24e-05 2.68e-11  1.34e-10  46435s
  83   1.63139751e+04  1.63139753e+04  6.20e-05 2.58e-11  1.27e-10  46955s
  84   1.63139752e+04  1.63139753e+04  6.25e-05 2.58e-11  1.27e-10  47449s
  85   1.63139752e+04  1.63139753e+04  6.24e-05 2.56e-11  1.27e-10  47942s
  86   1.63139752e+04  1.63139753e+04  4.66e-05 2.08e-11  9.91e-11  48635s
  87   1.63139752e+04  1.63139753e+04  4.69e-05 2.08e-11  9.91e-11  49168s
  88   1.63139751e+04  1.63139753e+04  4.70e-05 2.08e-11  9.91e-11  49707s
  89   1.63139751e+04  1.63139753e+04  4.71e-05 2.08e-11  9.90e-11  50237s
  90   1.63139751e+04  1.63139753e+04  4.57e-05 2.06e-11  9.71e-11  50774s
  91   1.63139751e+04  1.63139753e+04  4.47e-05 1.90e-11  9.40e-11  51385s

Barrier performed 91 iterations in 51384.88 seconds
Sub-optimal termination - objective 1.63139876e+04

Parameter Threads unchanged
   Value: 0  Min: 0  Max: 1024  Default: 0
Changed value of parameter Crossover to 0
   Prev: -1  Min: -1  Max: 5  Default: -1
Changed value of parameter Method to 2
   Prev: -1  Min: -1  Max: 5  Default: -1
Warning for adding constraints: zero or small (< 1e-13) coefficients, ignored
Optimize a model with 127100 rows, 33750 columns and 4289623690 nonzeros
Coefficient statistics:
  Matrix range     [1e-13, 3e-05]
  Objective range  [2e-02, 1e+00]
  Bounds range     [1e+00, 1e+00]
  RHS range        [1e-08, 3e-02]
Presolve removed 0 rows and 0 columns (presolve time = 458s) ...
Presolve removed 0 rows and 0 columns (presolve time = 633s) ...
Presolve removed 0 rows and 0 columns (presolve time = 1169s) ...
Presolve removed 0 rows and 0 columns (presolve time = 1885s) ...
Presolve removed 0 rows and 0 columns (presolve time = 1972s) ...
Presolve time: 2449.84s
Presolved: 33750 rows, 160850 columns, 4289657440 nonzeros
Ordering time: 0.00s

Barrier statistics:
 AA' NZ     : 5.695e+08
 Factor NZ  : 5.695e+08 (roughly 5.0 GBytes of memory)
 Factor Ops : 1.282e+13 (roughly 230 seconds per iteration)
 Threads    : 32

                  Objective                Residual
Iter       Primal          Dual         Primal    Dual     Compl     Time
   0   2.80115287e+05  2.05121190e+04  0.00e+00 6.52e-01  1.36e+02  4612s
   1   2.73613865e+05  2.07304424e+04  0.00e+00 6.13e-01  3.56e+00  5797s
   2   1.66677637e+05  2.07512788e+04  0.00e+00 3.33e-01  1.58e+00  7005s
   3   7.71850158e+04  2.08773149e+04  0.00e+00 9.25e-02  3.85e-01  8227s
   4   3.65439148e+04  2.10721182e+04  0.00e+00 3.33e-02  9.10e-02  9474s
   5   2.78132919e+04  2.13187579e+04  0.00e+00 1.33e-02  3.56e-02  10757s
   6   2.47522887e+04  2.14803811e+04  0.00e+00 5.96e-03  1.74e-02  12002s
   7   2.33643104e+04  2.15942341e+04  0.00e+00 3.00e-03  9.29e-03  13293s
   8   2.26356523e+04  2.16617751e+04  0.00e+00 1.84e-03  5.09e-03  14569s
   9   2.22445495e+04  2.17203761e+04  0.00e+00 1.15e-03  2.74e-03  15872s
  10   2.20364203e+04  2.17580207e+04  0.00e+00 8.10e-04  1.46e-03  17221s
  11   2.19843624e+04  2.17662619e+04  0.00e+00 7.36e-04  1.15e-03  18439s
  12   2.19438186e+04  2.17806921e+04  0.00e+00 6.42e-04  8.59e-04  19717s
  13   2.19154590e+04  2.18020630e+04  0.00e+00 4.64e-04  5.97e-04  20953s
  14   2.18890455e+04  2.18265520e+04  0.00e+00 2.58e-04  3.29e-04  22247s
  15   2.18767015e+04  2.18427971e+04  0.00e+00 1.23e-04  1.78e-04  23530s
  16   2.18662269e+04  2.18483938e+04  0.00e+00 7.01e-05  9.38e-05  24794s
  17   2.18571913e+04  2.18549512e+04  0.00e+00 4.53e-06  1.17e-05  26264s
  18   2.18568906e+04  2.18556392e+04  0.00e+00 3.30e-07  6.44e-06  28013s
  19   2.18559890e+04  2.18556990e+04  0.00e+00 1.04e-07  1.49e-06  29679s
  20   2.18557412e+04  2.18557272e+04  3.70e-07 3.30e-09  7.20e-08  32022s
  21   2.18557411e+04  2.18557272e+04  5.47e-07 3.28e-09  7.20e-08  33362s
  22   2.18557409e+04  2.18557274e+04  7.61e-07 3.03e-09  7.10e-08  34774s
  23   2.18557410e+04  2.18557276e+04  1.67e-06 2.64e-09  6.95e-08  36169s
  24   2.18557402e+04  2.18557277e+04  1.89e-06 2.49e-09  6.88e-08  37515s
  25   2.18557396e+04  2.18557281e+04  3.35e-06 1.92e-09  6.61e-08  38858s
  26   2.18557394e+04  2.18557282e+04  4.55e-06 1.76e-09  6.52e-08  40248s
  27   2.18557389e+04  2.18557283e+04  9.02e-06 1.72e-09  6.47e-08  41589s
  28   2.18557403e+04  2.18557283e+04  1.52e-05 1.68e-09  6.39e-08  42922s
  29   2.18557443e+04  2.18557283e+04  1.16e-05 1.63e-09  6.32e-08  44384s
  30   2.18557381e+04  2.18557284e+04  1.65e-05 1.45e-09  6.17e-08  45829s
  31   2.18557324e+04  2.18557286e+04  2.80e-05 1.29e-09  5.85e-08  47341s
  32   2.18557355e+04  2.18557287e+04  4.38e-05 1.11e-09  5.44e-08  48748s
  33   2.18557444e+04  2.18557287e+04  4.72e-05 1.01e-09  4.90e-08  50145s
  34   2.18557470e+04  2.18557288e+04  5.19e-05 8.95e-10  4.34e-08  51478s
  35   2.18557306e+04  2.18557288e+04  7.72e-05 8.64e-10  3.66e-08  52769s
  36   2.18557304e+04  2.18557288e+04  7.25e-05 8.59e-10  3.66e-08  54040s
  37   2.18557454e+04  2.18557289e+04  7.20e-05 8.39e-10  3.57e-08  55315s
  38   2.18557426e+04  2.18557289e+04  6.81e-05 8.31e-10  3.57e-08  56583s
  39   2.18557395e+04  2.18557289e+04  6.80e-05 8.28e-10  3.56e-08  57863s
  40   2.18557485e+04  2.18557290e+04  6.79e-05 6.57e-10  3.30e-08  59318s
  41   2.18557500e+04  2.18557290e+04  6.99e-05 6.19e-10  3.19e-08  60651s
  42   2.18557503e+04  2.18557290e+04  7.08e-05 6.12e-10  3.19e-08  61982s
  43   2.18557526e+04  2.18557291e+04  9.01e-05 5.64e-10  2.90e-08  63501s
  44   2.18557499e+04  2.18557291e+04  8.98e-05 5.64e-10  2.89e-08  64836s
  45   2.18557442e+04  2.18557291e+04  1.12e-04 5.29e-10  2.69e-08  66220s
  46   2.18557433e+04  2.18557291e+04  1.12e-04 5.36e-10  2.69e-08  67570s
  47   2.18557431e+04  2.18557291e+04  1.12e-04 5.33e-10  2.69e-08  68918s
  48   2.18557436e+04  2.18557291e+04  1.01e-04 5.37e-10  2.68e-08  70258s
  49   2.18557604e+04  2.18557291e+04  1.56e-04 5.28e-10  2.65e-08  71637s
  50   2.18557591e+04  2.18557291e+04  1.59e-04 5.18e-10  2.47e-08  73038s
  51   2.18557462e+04  2.18557291e+04  1.64e-04 4.98e-10  2.39e-08  74432s
  52   2.18557391e+04  2.18557291e+04  1.65e-04 4.87e-10  2.32e-08  75773s
  53   2.18557392e+04  2.18557291e+04  1.57e-04 4.84e-10  2.32e-08  77107s
  54   2.18557499e+04  2.18557291e+04  1.57e-04 4.85e-10  2.29e-08  78438s
  55   2.18557395e+04  2.18557291e+04  1.60e-04 4.76e-10  2.26e-08  79776s
  56   2.18557376e+04  2.18557291e+04  1.61e-04 4.61e-10  2.24e-08  81121s
  57   2.18557526e+04  2.18557291e+04  1.14e-04 4.59e-10  2.15e-08  82444s
  58   2.18557633e+04  2.18557291e+04  1.29e-04 4.61e-10  2.15e-08  83715s
  59   2.18557614e+04  2.18557291e+04  1.25e-04 4.32e-10  2.02e-08  84984s
  60   2.18557615e+04  2.18557291e+04  1.30e-04 4.28e-10  2.01e-08  86274s
  61   2.18557651e+04  2.18557292e+04  1.34e-04 4.11e-10  1.97e-08  87549s
  62   2.18557663e+04  2.18557292e+04  1.37e-04 4.18e-10  1.97e-08  88816s
  63   2.18557626e+04  2.18557292e+04  1.24e-04 3.92e-10  1.85e-08  90102s
  64   2.18557661e+04  2.18557292e+04  1.23e-04 3.96e-10  1.84e-08  91385s
  65   2.18557673e+04  2.18557292e+04  1.30e-04 3.86e-10  1.82e-08  92660s
  66   2.18557666e+04  2.18557292e+04  1.24e-04 3.77e-10  1.81e-08  93943s
  67   2.18557690e+04  2.18557292e+04  1.17e-04 3.70e-10  1.79e-08  95276s
  68   2.18557699e+04  2.18557292e+04  1.17e-04 3.58e-10  1.77e-08  96606s
  69   2.18557717e+04  2.18557292e+04  1.17e-04 3.57e-10  1.77e-08  97938s
  70   2.18557233e+04  2.18557292e+04  1.66e-04 3.43e-10  1.66e-08  99342s
  71   2.18557223e+04  2.18557292e+04  1.63e-04 3.49e-10  1.66e-08  100679s
  72   2.18557215e+04  2.18557292e+04  1.63e-04 3.40e-10  1.65e-08  102008s
  73   2.18557208e+04  2.18557292e+04  1.65e-04 3.36e-10  1.65e-08  103401s
  74   2.18557206e+04  2.18557292e+04  1.65e-04 3.42e-10  1.61e-08  104727s
  75   2.18557188e+04  2.18557292e+04  1.58e-04 3.32e-10  1.60e-08  106055s
  76   2.18557191e+04  2.18557292e+04  1.58e-04 3.35e-10  1.60e-08  107394s
  77   2.18557181e+04  2.18557292e+04  1.71e-04 3.39e-10  1.59e-08  108717s
  78   2.18557255e+04  2.18557292e+04  1.71e-04 3.29e-10  1.57e-08  110109s
  79   2.18557267e+04  2.18557292e+04  1.70e-04 3.23e-10  1.54e-08  111511s
  80   2.18557256e+04  2.18557292e+04  1.70e-04 3.19e-10  1.53e-08  112854s

Barrier performed 80 iterations in 112853.85 seconds
Sub-optimal termination - objective 2.18557409e+04

Parameter Threads unchanged
   Value: 0  Min: 0  Max: 1024  Default: 0
Changed value of parameter Crossover to 0
   Prev: -1  Min: -1  Max: 5  Default: -1
Changed value of parameter Method to 2
   Prev: -1  Min: -1  Max: 5  Default: -1
Warning for adding constraints: zero or small (< 1e-13) coefficients, ignored
Optimize a model with 127100 rows, 59619 columns and 7577570356 nonzeros
Coefficient statistics:
  Matrix range     [1e-13, 6e-06]
  Objective range  [3e-02, 1e+00]
  Bounds range     [1e+00, 1e+00]
  RHS range        [7e-09, 1e-02]
Presolve removed 0 rows and 0 columns (presolve time = 784s) ...
Presolve removed 0 rows and 0 columns (presolve time = 1089s) ...
Presolve removed 0 rows and 0 columns (presolve time = 2242s) ...
Presolve removed 0 rows and 0 columns (presolve time = 3562s) ...
Presolve removed 0 rows and 0 columns (presolve time = 3719s) ...
Presolve time: 4471.00s
Presolved: 59619 rows, 186719 columns, 7577629975 nonzeros
Ordering time: 0.00s

Barrier statistics:
 AA' NZ     : 1.777e+09
 Factor NZ  : 1.777e+09 (roughly 14.0 GBytes of memory)
 Factor Ops : 7.064e+13 (roughly 1000 seconds per iteration)
 Threads    : 32

                  Objective                Residual
Iter       Primal          Dual         Primal    Dual     Compl     Time
   0   8.52036931e+05  3.03093181e+04  0.00e+00 2.09e+00  3.39e+02  10936s
   1   8.32380133e+05  3.04070884e+04  0.00e+00 1.82e+00  1.06e+01  16368s
   2   5.04850092e+05  3.03759826e+04  0.00e+00 5.00e-01  3.18e+00  22054s
   3   2.37764640e+05  3.04001636e+04  0.00e+00 2.02e-01  1.10e+00  27463s
   4   7.47258917e+04  3.04417364e+04  0.00e+00 4.57e-02  1.97e-01  33236s
   5   3.86433657e+04  3.06694662e+04  0.00e+00 1.17e-03  3.25e-02  38844s
   6   3.63493871e+04  3.08313569e+04  0.00e+00 7.11e-04  2.24e-02  44303s
   7   3.33548935e+04  3.11179004e+04  0.00e+00 1.13e-04  9.09e-03  50036s
   8   3.26368432e+04  3.12237238e+04  0.00e+00 6.22e-05  5.74e-03  55562s
   9   3.21466050e+04  3.13312035e+04  0.00e+00 2.94e-05  3.31e-03  61262s
  10   3.19077787e+04  3.13674711e+04  0.00e+00 2.22e-05  2.19e-03  66631s
  11   3.16600863e+04  3.14251772e+04  0.00e+00 1.23e-05  9.54e-04  72249s
  12   3.15786839e+04  3.14733932e+04  0.00e+00 5.51e-06  4.28e-04  77844s
  13   3.15287368e+04  3.15143081e+04  0.00e+00 3.18e-07  5.86e-05  83821s
  14   3.15240314e+04  3.15188613e+04  0.00e+00 9.65e-08  2.10e-05  90051s
  15   3.15217539e+04  3.15211583e+04  0.00e+00 0.00e+00  2.42e-06  96807s
  16   3.15217453e+04  3.15213684e+04  1.70e-07 0.00e+00  1.53e-06  105355s
  17   3.15217450e+04  3.15213686e+04  8.70e-08 0.00e+00  1.53e-06  111160s
  18   3.15217437e+04  3.15213717e+04  1.75e-07 0.00e+00  1.51e-06  116791s
  19   3.15217424e+04  3.15213748e+04  2.10e-07 2.88e-11  1.49e-06  122498s
  20   3.15217405e+04  3.15213819e+04  6.24e-07 1.89e-11  1.45e-06  128617s
  21   3.15217411e+04  3.15213819e+04  1.04e-06 2.26e-11  1.45e-06  134174s
  22   3.15217411e+04  3.15213822e+04  1.85e-06 2.14e-11  1.45e-06  139918s
  23   3.15217363e+04  3.15213833e+04  2.73e-06 2.19e-11  1.42e-06  145394s
  24   3.15217297e+04  3.15213850e+04  3.15e-06 2.64e-11  1.39e-06  151233s
  25   3.15217282e+04  3.15213853e+04  6.39e-06 2.65e-11  1.39e-06  156813s
  26   3.15217216e+04  3.15213863e+04  6.08e-06 2.11e-11  1.36e-06  162412s
  27   3.15217249e+04  3.15213864e+04  8.51e-06 2.18e-11  1.36e-06  168125s
  28   3.15217231e+04  3.15213864e+04  1.41e-05 2.96e-11  1.36e-06  173890s
  29   3.15217226e+04  3.15213864e+04  2.13e-05 2.31e-11  1.36e-06  179535s
  30   3.15217094e+04  3.15213913e+04  3.41e-05 2.49e-11  1.27e-06  185558s
  31   3.15217084e+04  3.15213914e+04  3.61e-05 4.55e-11  1.27e-06  191230s
  32   3.15217041e+04  3.15213914e+04  3.82e-05 2.75e-11  1.27e-06  196886s
  33   3.15216694e+04  3.15213940e+04  3.39e-05 2.10e-11  1.08e-06  203059s
  34   3.15216533e+04  3.15213940e+04  2.83e-05 2.68e-11  1.08e-06  208756s
  35   3.15216442e+04  3.15213941e+04  3.88e-05 3.14e-11  1.04e-06  214410s
  36   3.15216459e+04  3.15213944e+04  4.94e-05 2.90e-11  1.02e-06  220170s
  37   3.15216595e+04  3.15213945e+04  5.44e-05 2.66e-11  9.94e-07  225644s
  38   3.15216399e+04  3.15213952e+04  5.18e-05 2.43e-11  9.18e-07  231186s
  39   3.15216483e+04  3.15213952e+04  6.37e-05 3.50e-11  9.17e-07  236779s
  40   3.15216357e+04  3.15213955e+04  6.49e-05 3.50e-11  8.87e-07  242541s
  41   3.15216300e+04  3.15213957e+04  7.65e-05 2.80e-11  8.71e-07  248134s
  42   3.15216304e+04  3.15213959e+04  7.70e-05 2.24e-11  8.62e-07  253818s
  43   3.15216268e+04  3.15213960e+04  7.28e-05 2.26e-11  8.54e-07  259521s
  44   3.15216269e+04  3.15213970e+04  7.79e-05 2.50e-11  7.98e-07  265366s
  45   3.15216254e+04  3.15213970e+04  7.41e-05 2.99e-11  7.98e-07  270891s
  46   3.15216268e+04  3.15213971e+04  7.33e-05 2.94e-11  7.97e-07  276509s
  47   3.15216109e+04  3.15213972e+04  6.89e-05 2.55e-11  7.90e-07  282162s
  48   3.15216103e+04  3.15213973e+04  7.02e-05 3.23e-11  7.87e-07  287882s
  49   3.15215991e+04  3.15213976e+04  8.33e-05 2.48e-11  7.44e-07  293901s
  50   3.15215772e+04  3.15213977e+04  9.28e-05 2.66e-11  7.12e-07  299526s
  51   3.15215788e+04  3.15213979e+04  9.53e-05 2.76e-11  6.99e-07  305131s
  52   3.15215809e+04  3.15213979e+04  9.92e-05 2.61e-11  6.99e-07  310734s
  53   3.15215621e+04  3.15213983e+04  1.01e-04 2.40e-11  6.62e-07  316613s
  54   3.15215617e+04  3.15213983e+04  1.01e-04 5.12e-11  6.62e-07  322278s
  55   3.15215586e+04  3.15213983e+04  1.01e-04 4.34e-11  6.62e-07  327945s
  56   3.15215662e+04  3.15213987e+04  1.07e-04 4.16e-11  6.49e-07  333833s
  57   3.15215667e+04  3.15213987e+04  1.07e-04 3.25e-11  6.49e-07  339500s
  58   3.15215675e+04  3.15213987e+04  1.08e-04 3.73e-11  6.49e-07  345185s
  59   3.15215678e+04  3.15213987e+04  1.12e-04 3.12e-11  6.49e-07  350845s
  60   3.15215717e+04  3.15213991e+04  1.14e-04 3.21e-11  6.34e-07  356670s
  61   3.15215627e+04  3.15213992e+04  1.23e-04 3.31e-11  6.30e-07  362380s

Barrier performed 61 iterations in 362379.96 seconds
Sub-optimal termination - objective 3.15217249e+04

