Optimizer called with the following parameters:
{'focal_plane_mask': {'field_stop_radius': -1.0,
                      'grayscale': True,
                      'num_pix': 50,
                      'radius': 14.17},
 'image': {'bandwidth': 0.18,
           'contrast': 10,
           'iwa': 15.05,
           'num_wavelengths': 8,
           'owa': 60.2,
           'resolution': 2},
 'lyot_stop': {'alignment_tolerance': 0,
               'filename': 'LUVOIR/LS_LUVOIR_ID0190_OD0937_no_struts_gy_ovsamp4_N0200.fits',
               'num_lyot_stops': 1},
 'method': {'edge_width_for_prior': 2,
            'ending_scale': 1,
            'force_no_hermitian_symmetry': False,
            'force_no_x_mirror_symmetry': False,
            'force_no_y_mirror_symmetry': False,
            'initial_throughput_estimate': 1,
            'maximize_planet_throughput': True,
            'num_throughput_iterations': 2,
            'starting_scale': 1},
 'pupil': {'N': 200,
           'filename': 'LUVOIR/TelAp_LUVOIR_gap_pad04_bw_ovsamp04_N0200.fits'},
 'solver': {'crossover': 0,
            'method': 2,
            'num_threads': 0}}

File organization:
{'analysis_dir': '/user/kstlaurent/git/progressive_refinement_coronagraphy/surveys/luvoir_N0200_large_telserv3/analysis',
 'drivers_dir': '/user/kstlaurent/git/progressive_refinement_coronagraphy/surveys/luvoir_N0200_large_telserv3/drivers',
 'input_files_dir': '/user/kstlaurent/git/progressive_refinement_coronagraphy/masks',
 'log_dir': '/user/kstlaurent/git/progressive_refinement_coronagraphy/surveys/luvoir_N0200_large_telserv3/logs',
 'solution_dir': '/user/kstlaurent/git/progressive_refinement_coronagraphy/surveys/luvoir_N0200_large_telserv3/solutions',
 'survey_dir': '/user/kstlaurent/git/progressive_refinement_coronagraphy/surveys/luvoir_N0200_large_telserv3'}

Telescope pupil:
   Mirror symmetry in x: yes
   Mirror symmetry in y: no

Lyot stop #0:
   Mirror symmetry in x: yes
Lyot stop #0:
   Mirror symmetry in y: yes

Complete APLC:
   Mirror symmetry in x: yes
   Mirror symmetry in y: no

Starting optimization at scale 1 with 13749 variables and 170720 constraints.
Creating model...
Academic license - for non-commercial use only
Parameter Threads unchanged
   Value: 0  Min: 0  Max: 1024  Default: 0
Changed value of parameter Crossover to 0
   Prev: -1  Min: -1  Max: 5  Default: -1
Changed value of parameter Method to 2
   Prev: -1  Min: -1  Max: 5  Default: -1
Calculating and adding constraints...
Wavelength 1/8; Variable 1000/13749
Wavelength 1/8; Variable 2000/13749
Wavelength 1/8; Variable 3000/13749
Wavelength 1/8; Variable 4000/13749
Wavelength 1/8; Variable 5000/13749
Wavelength 1/8; Variable 6000/13749
Wavelength 1/8; Variable 7000/13749
Wavelength 1/8; Variable 8000/13749
Wavelength 1/8; Variable 9000/13749
Wavelength 1/8; Variable 10000/13749
Wavelength 1/8; Variable 11000/13749
Wavelength 1/8; Variable 12000/13749
Wavelength 1/8; Variable 13000/13749
Warning for adding constraints: zero or small (< 1e-13) coefficients, ignored
Wavelength 2/8; Variable 1000/13749
Wavelength 2/8; Variable 2000/13749
Wavelength 2/8; Variable 3000/13749
Wavelength 2/8; Variable 4000/13749
Wavelength 2/8; Variable 5000/13749
Wavelength 2/8; Variable 6000/13749
Wavelength 2/8; Variable 7000/13749
Wavelength 2/8; Variable 8000/13749
Wavelength 2/8; Variable 9000/13749
Wavelength 2/8; Variable 10000/13749
Wavelength 2/8; Variable 11000/13749
Wavelength 2/8; Variable 12000/13749
Wavelength 2/8; Variable 13000/13749
Wavelength 3/8; Variable 1000/13749
Wavelength 3/8; Variable 2000/13749
Wavelength 3/8; Variable 3000/13749
Wavelength 3/8; Variable 4000/13749
Wavelength 3/8; Variable 5000/13749
Wavelength 3/8; Variable 6000/13749
Wavelength 3/8; Variable 7000/13749
Wavelength 3/8; Variable 8000/13749
Wavelength 3/8; Variable 9000/13749
Wavelength 3/8; Variable 10000/13749
Wavelength 3/8; Variable 11000/13749
Wavelength 3/8; Variable 12000/13749
Wavelength 3/8; Variable 13000/13749
Wavelength 4/8; Variable 1000/13749
Wavelength 4/8; Variable 2000/13749
Wavelength 4/8; Variable 3000/13749
Wavelength 4/8; Variable 4000/13749
Wavelength 4/8; Variable 5000/13749
Wavelength 4/8; Variable 6000/13749
Wavelength 4/8; Variable 7000/13749
Wavelength 4/8; Variable 8000/13749
Wavelength 4/8; Variable 9000/13749
Wavelength 4/8; Variable 10000/13749
Wavelength 4/8; Variable 11000/13749
Wavelength 4/8; Variable 12000/13749
Wavelength 4/8; Variable 13000/13749
Wavelength 5/8; Variable 1000/13749
Wavelength 5/8; Variable 2000/13749
Wavelength 5/8; Variable 3000/13749
Wavelength 5/8; Variable 4000/13749
Wavelength 5/8; Variable 5000/13749
Wavelength 5/8; Variable 6000/13749
Wavelength 5/8; Variable 7000/13749
Wavelength 5/8; Variable 8000/13749
Wavelength 5/8; Variable 9000/13749
Wavelength 5/8; Variable 10000/13749
Wavelength 5/8; Variable 11000/13749
Wavelength 5/8; Variable 12000/13749
Wavelength 5/8; Variable 13000/13749
Wavelength 6/8; Variable 1000/13749
Wavelength 6/8; Variable 2000/13749
Wavelength 6/8; Variable 3000/13749
Wavelength 6/8; Variable 4000/13749
Wavelength 6/8; Variable 5000/13749
Wavelength 6/8; Variable 6000/13749
Wavelength 6/8; Variable 7000/13749
Wavelength 6/8; Variable 8000/13749
Wavelength 6/8; Variable 9000/13749
Wavelength 6/8; Variable 10000/13749
Wavelength 6/8; Variable 11000/13749
Wavelength 6/8; Variable 12000/13749
Wavelength 6/8; Variable 13000/13749
Wavelength 7/8; Variable 1000/13749
Wavelength 7/8; Variable 2000/13749
Wavelength 7/8; Variable 3000/13749
Wavelength 7/8; Variable 4000/13749
Wavelength 7/8; Variable 5000/13749
Wavelength 7/8; Variable 6000/13749
Wavelength 7/8; Variable 7000/13749
Wavelength 7/8; Variable 8000/13749
Wavelength 7/8; Variable 9000/13749
Wavelength 7/8; Variable 10000/13749
Wavelength 7/8; Variable 11000/13749
Wavelength 7/8; Variable 12000/13749
Wavelength 7/8; Variable 13000/13749
Wavelength 8/8; Variable 1000/13749
Wavelength 8/8; Variable 2000/13749
Wavelength 8/8; Variable 3000/13749
Wavelength 8/8; Variable 4000/13749
Wavelength 8/8; Variable 5000/13749
Wavelength 8/8; Variable 6000/13749
Wavelength 8/8; Variable 7000/13749
Wavelength 8/8; Variable 8000/13749
Wavelength 8/8; Variable 9000/13749
Wavelength 8/8; Variable 10000/13749
Wavelength 8/8; Variable 11000/13749
Wavelength 8/8; Variable 12000/13749
Wavelength 8/8; Variable 13000/13749
Start optimization...
Optimize a model with 341440 rows, 13749 columns and 4694458152 nonzeros
Coefficient statistics:
  Matrix range     [1e-13, 2e-04]
  Objective range  [5e-02, 1e+00]
  Bounds range     [1e+00, 1e+00]
  RHS range        [1e-05, 1e-05]
Presolve removed 0 rows and 0 columns (presolve time = 175s) ...
Presolve removed 0 rows and 0 columns (presolve time = 303s) ...
Presolve removed 0 rows and 0 columns (presolve time = 574s) ...
Presolve removed 0 rows and 0 columns (presolve time = 1298s) ...
Presolve removed 0 rows and 0 columns (presolve time = 1375s) ...
Presolve time: 1675.17s
Presolved: 13749 rows, 355189 columns, 4694471901 nonzeros
Ordering time: 0.00s

Barrier statistics:
 AA' NZ     : 9.451e+07
 Factor NZ  : 9.452e+07 (roughly 900 MBytes of memory)
 Factor Ops : 8.664e+11 (roughly 100 seconds per iteration)
 Threads    : 24

                  Objective                Residual
Iter       Primal          Dual         Primal    Dual     Compl     Time
   0   5.72723549e+04  0.00000000e+00  0.00e+00 0.00e+00  5.31e-01  3583s
   1   3.65059940e+04  2.78370703e+03  0.00e+00 3.69e-02  1.47e-01  4557s
   2   2.22775298e+04  6.25145818e+03  0.00e+00 1.02e-02  5.14e-02  5492s
   3   1.45743502e+04  7.39228464e+03  0.00e+00 4.07e-03  2.11e-02  6378s
   4   1.04526980e+04  7.87200228e+03  0.00e+00 1.46e-03  7.19e-03  7412s
   5   9.47830655e+03  8.01412869e+03  0.00e+00 7.51e-04  4.03e-03  8254s
   6   8.79422528e+03  8.11628491e+03  0.00e+00 3.04e-04  1.85e-03  9208s
   7   8.38726475e+03  8.16994573e+03  0.00e+00 9.65e-05  5.91e-04  10121s
   8   8.29485652e+03  8.18607834e+03  0.00e+00 3.95e-05  2.95e-04  10913s
   9   8.24084137e+03  8.19602706e+03  0.00e+00 2.04e-05  1.22e-04  11681s
  10   8.22212873e+03  8.20242483e+03  0.00e+00 1.06e-05  5.35e-05  12383s
  11   8.21462308e+03  8.20650654e+03  0.00e+00 3.54e-06  2.20e-05  13087s
  12   8.21086139e+03  8.20765779e+03  0.00e+00 1.84e-06  8.70e-06  13813s
  13   8.20983746e+03  8.20808142e+03  0.00e+00 1.08e-06  4.77e-06  14471s
  14   8.20944056e+03  8.20835554e+03  0.00e+00 5.83e-07  2.95e-06  15189s
  15   8.20892568e+03  8.20850451e+03  0.00e+00 3.15e-07  1.14e-06  15855s
  16   8.20880296e+03  8.20861553e+03  0.00e+00 1.23e-07  5.09e-07  16599s
  17   8.20871796e+03  8.20866758e+03  1.49e-08 3.94e-08  1.37e-07  17304s
  18   8.20869258e+03  8.20868406e+03  2.09e-07 8.01e-09  2.32e-08  18035s
  19   8.20868929e+03  8.20868789e+03  6.03e-07 1.15e-09  3.82e-09  18760s
  20   8.20868879e+03  8.20868843e+03  1.69e-07 2.25e-10  9.92e-10  19776s
  21   8.20868879e+03  8.20868853e+03  2.00e-07 5.43e-11  7.04e-10  20717s
  22   8.20868879e+03  8.20868855e+03  3.50e-07 2.14e-11  6.47e-10  21547s
  23   8.20868877e+03  8.20868856e+03  6.99e-07 8.59e-12  5.71e-10  22365s
  24   8.20868878e+03  8.20868856e+03  1.33e-06 6.30e-12  5.10e-10  23099s
  25   8.20868878e+03  8.20868856e+03  1.62e-06 5.50e-12  4.82e-10  23811s
  26   8.20868876e+03  8.20868856e+03  2.01e-06 3.01e-12  4.14e-10  24522s
  27   8.20868882e+03  8.20868856e+03  4.07e-06 2.27e-12  3.63e-10  25250s
  28   8.20868879e+03  8.20868856e+03  4.59e-06 2.06e-12  3.41e-10  25960s
  29   8.20868873e+03  8.20868856e+03  5.54e-06 2.05e-12  3.41e-10  26660s
  30   8.20868877e+03  8.20868856e+03  5.73e-06 2.04e-12  3.41e-10  27371s
  31   8.20868870e+03  8.20868856e+03  7.25e-06 7.45e-13  2.60e-10  28261s
  32   8.20868865e+03  8.20868856e+03  6.07e-06 6.63e-13  7.73e-11  29130s
  33   8.20868865e+03  8.20868856e+03  6.08e-06 8.14e-13  7.73e-11  29949s
  34   8.20868868e+03  8.20868856e+03  5.36e-06 5.06e-13  7.17e-11  30712s
  35   8.20868844e+03  8.20868856e+03  6.45e-06 6.24e-13  4.38e-11  31690s
  36   8.20868842e+03  8.20868856e+03  7.05e-06 6.48e-13  4.29e-11  32513s
  37   8.20868857e+03  8.20868856e+03  7.06e-06 5.29e-13  2.33e-11  33412s
  38   8.20868857e+03  8.20868856e+03  7.19e-06 6.58e-13  2.30e-11  34231s
  39   8.20868868e+03  8.20868856e+03  7.56e-06 4.68e-13  1.65e-11  35055s
  40   8.20868858e+03  8.20868856e+03  9.50e-06 5.67e-13  1.26e-11  35777s
  41   8.20868854e+03  8.20868856e+03  6.27e-06 5.51e-13  8.78e-12  36512s
  42   8.20868849e+03  8.20868856e+03  6.07e-06 6.81e-13  7.28e-12  37243s
  43   8.20868854e+03  8.20868856e+03  1.07e-05 7.32e-13  6.71e-12  38002s
  44   8.20868853e+03  8.20868856e+03  1.06e-05 5.85e-13  6.50e-12  38723s
  45   8.20868871e+03  8.20868856e+03  1.32e-05 4.25e-13  3.80e-12  39480s
  46   8.20868871e+03  8.20868856e+03  1.06e-05 4.86e-13  3.21e-12  40324s
  47   8.20868863e+03  8.20868856e+03  1.21e-05 4.25e-13  2.84e-12  41057s
  48   8.20868867e+03  8.20868856e+03  1.20e-05 4.38e-13  2.84e-12  41806s
  49   8.20868869e+03  8.20868856e+03  9.45e-06 6.71e-13  2.41e-12  42632s
  50   8.20868868e+03  8.20868856e+03  9.56e-06 9.63e-13  2.35e-12  43486s
  51   8.20868868e+03  8.20868856e+03  9.82e-06 6.55e-13  2.35e-12  44181s

Barrier solved model in 51 iterations and 44181.38 seconds
Optimal objective 8.20868879e+03

Optimization finished!
Restarting optimization for throughput iteration 1...
Optimize a model with 341440 rows, 13749 columns and 4694458152 nonzeros
Coefficient statistics:
  Matrix range     [1e-13, 2e-04]
  Objective range  [5e-02, 1e+00]
  Bounds range     [1e+00, 1e+00]
  RHS range        [8e-06, 8e-06]
Presolve removed 0 rows and 0 columns (presolve time = 201s) ...
Presolve removed 0 rows and 0 columns (presolve time = 331s) ...
Presolve removed 0 rows and 0 columns (presolve time = 654s) ...
Presolve removed 0 rows and 0 columns (presolve time = 1472s) ...
Presolve removed 0 rows and 0 columns (presolve time = 1547s) ...
Presolve time: 1878.06s
Presolved: 13749 rows, 355189 columns, 4694471901 nonzeros
Ordering time: 0.00s

Barrier statistics:
 AA' NZ     : 9.451e+07
 Factor NZ  : 9.452e+07 (roughly 900 MBytes of memory)
 Factor Ops : 8.664e+11 (roughly 90 seconds per iteration)
 Threads    : 24

                  Objective                Residual
Iter       Primal          Dual         Primal    Dual     Compl     Time
   0   5.27451001e+04  0.00000000e+00  0.00e+00 0.00e+00  5.05e-01  3407s
   1   3.31747277e+04  2.70808119e+03  0.00e+00 3.54e-02  1.37e-01  4083s
   2   2.11479075e+04  6.10298718e+03  0.00e+00 1.01e-02  4.94e-02  4838s
   3   1.44951291e+04  7.33667816e+03  0.00e+00 4.03e-03  2.13e-02  5565s
   4   1.04065616e+04  7.82305186e+03  0.00e+00 1.55e-03  7.26e-03  6283s
   5   9.22339711e+03  8.01170293e+03  0.00e+00 7.27e-04  3.34e-03  7049s
   6   8.47699287e+03  8.10333412e+03  0.00e+00 2.98e-04  1.02e-03  7840s
   7   8.33329168e+03  8.13289406e+03  0.00e+00 2.01e-04  5.47e-04  8527s
   8   8.28030744e+03  8.16431927e+03  0.00e+00 9.74e-05  3.16e-04  9295s
   9   8.21918043e+03  8.18168102e+03  0.00e+00 4.52e-05  1.02e-04  10134s
  10   8.20516103e+03  8.19250224e+03  0.00e+00 1.41e-05  3.44e-05  10908s
  11   8.19989659e+03  8.19618029e+03  0.00e+00 4.09e-06  1.01e-05  11700s
  12   8.19819536e+03  8.19712546e+03  0.00e+00 1.59e-06  2.91e-06  12394s
  13   8.19791669e+03  8.19754751e+03  0.00e+00 4.94e-07  1.00e-06  13205s
  14   8.19781929e+03  8.19764293e+03  0.00e+00 2.51e-07  4.80e-07  14029s
  15   8.19777955e+03  8.19769116e+03  0.00e+00 1.25e-07  2.40e-07  14799s
  16   8.19775793e+03  8.19771633e+03  6.72e-08 5.88e-08  1.13e-07  15510s
  17   8.19774693e+03  8.19772922e+03  1.49e-07 2.55e-08  4.82e-08  16154s
  18   8.19774269e+03  8.19773489e+03  3.06e-07 1.10e-08  2.12e-08  16772s
  19   8.19774066e+03  8.19773776e+03  1.14e-07 3.72e-09  7.88e-09  17539s
  20   8.19773946e+03  8.19773895e+03  1.77e-08 7.53e-10  1.40e-09  18544s
  21   8.19773933e+03  8.19773921e+03  9.52e-09 1.22e-10  3.47e-10  19596s
  22   8.19773933e+03  8.19773921e+03  1.03e-07 1.08e-10  3.30e-10  20379s
  23   8.19773933e+03  8.19773922e+03  1.94e-07 9.69e-11  3.17e-10  21224s
  24   8.19773933e+03  8.19773923e+03  2.65e-07 5.42e-11  2.65e-10  21947s
  25   8.19773933e+03  8.19773924e+03  2.99e-07 4.42e-11  2.49e-10  22805s
  26   8.19773933e+03  8.19773925e+03  5.04e-07 1.95e-11  2.08e-10  23626s
  27   8.19773933e+03  8.19773925e+03  7.02e-07 8.44e-12  1.80e-10  24388s
  28   8.19773933e+03  8.19773926e+03  8.03e-07 3.99e-12  1.56e-10  25133s
  29   8.19773932e+03  8.19773926e+03  1.11e-06 3.02e-12  1.17e-10  26025s
  30   8.19773930e+03  8.19773926e+03  1.04e-06 2.13e-12  7.75e-11  26841s
  31   8.19773929e+03  8.19773926e+03  1.33e-06 7.92e-13  7.21e-11  27593s
  32   8.19773929e+03  8.19773926e+03  1.23e-06 4.45e-13  2.75e-11  28356s
  33   8.19773923e+03  8.19773926e+03  1.89e-06 7.76e-13  8.19e-12  29171s
  34   8.19773923e+03  8.19773926e+03  1.90e-06 6.35e-13  8.05e-12  29937s
  35   8.19773924e+03  8.19773926e+03  3.12e-06 8.95e-13  2.01e-12  30729s
  36   8.19773928e+03  8.19773926e+03  2.71e-06 6.93e-13  2.78e-13  31493s
  37   8.19773925e+03  8.19773926e+03  1.99e-06 1.02e-12  6.27e-15  32247s
  38   8.19773918e+03  8.19773926e+03  3.56e-06 8.86e-13  1.28e-15  33030s
  39   8.19773919e+03  8.19773926e+03  3.24e-06 6.59e-13  1.55e-15  33885s
  40   8.19773924e+03  8.19773926e+03  3.11e-06 4.68e-13  6.95e-16  34637s
  41   8.19773925e+03  8.19773926e+03  5.16e-06 5.42e-13  2.65e-16  35415s
  42   8.19773929e+03  8.19773926e+03  5.72e-06 7.23e-13  2.36e-16  36213s
  43   8.19773923e+03  8.19773926e+03  1.01e-05 4.98e-13  2.52e-16  37253s
  44   8.19773924e+03  8.19773926e+03  1.14e-05 4.41e-13  2.63e-16  38131s
  45   8.19773924e+03  8.19773926e+03  8.88e-06 7.89e-13  2.41e-16  38888s
  46   8.19773926e+03  8.19773926e+03  7.71e-06 6.91e-13  2.01e-16  40530s
  47   8.19773928e+03  8.19773926e+03  5.44e-06 4.12e-13  1.20e-16  41249s
  48   8.19773928e+03  8.19773926e+03  5.44e-06 3.84e-13  1.14e-16  42081s
  49   8.19773930e+03  8.19773926e+03  8.06e-06 4.44e-13  3.27e-17  43059s

Barrier solved model in 49 iterations and 43059.14 seconds
Optimal objective 8.19773933e+03

Optimization finished!
/user/kstlaurent/anaconda3/envs/coron_gur/lib/python3.6/site-packages/asdf/extension.py:211: AsdfDeprecationWarning: The module asdf.asdftypes has been deprecated and will be removed in 3.0. Use asdf.types instead. (from astropy.io.misc.asdf.extension.AstropyExtension)
  AsdfDeprecationWarning)
