Optimizer called with the following parameters:
{'focal_plane_mask': {'field_stop_radius': -1.0,
                      'grayscale': True,
                      'num_pix': 50,
                      'radius': 14.17},
 'image': {'bandwidth': 0.18,
           'contrast': 10,
           'iwa': 15.05,
           'num_wavelengths': 8,
           'owa': 60.2,
           'resolution': 2},
 'lyot_stop': {'alignment_tolerance': 0,
               'filename': 'LUVOIR/LS_LUVOIR_ID0000_OD0937_no_struts_gy_ovsamp4_N0200.fits',
               'num_lyot_stops': 1},
 'method': {'edge_width_for_prior': 2,
            'ending_scale': 1,
            'force_no_hermitian_symmetry': False,
            'force_no_x_mirror_symmetry': False,
            'force_no_y_mirror_symmetry': False,
            'initial_throughput_estimate': 1,
            'maximize_planet_throughput': True,
            'num_throughput_iterations': 2,
            'starting_scale': 1},
 'pupil': {'N': 200,
           'filename': 'LUVOIR/TelAp_LUVOIR_gap_pad04_bw_ovsamp04_N0200.fits'},
 'solver': {'crossover': 0,
            'method': 2,
            'num_threads': 0}}

File organization:
{'analysis_dir': '/user/kstlaurent/git/progressive_refinement_coronagraphy/surveys/luvoir_N0200_large_telserv3/analysis',
 'drivers_dir': '/user/kstlaurent/git/progressive_refinement_coronagraphy/surveys/luvoir_N0200_large_telserv3/drivers',
 'input_files_dir': '/user/kstlaurent/git/progressive_refinement_coronagraphy/masks',
 'log_dir': '/user/kstlaurent/git/progressive_refinement_coronagraphy/surveys/luvoir_N0200_large_telserv3/logs',
 'solution_dir': '/user/kstlaurent/git/progressive_refinement_coronagraphy/surveys/luvoir_N0200_large_telserv3/solutions',
 'survey_dir': '/user/kstlaurent/git/progressive_refinement_coronagraphy/surveys/luvoir_N0200_large_telserv3'}

Telescope pupil:
   Mirror symmetry in x: yes
   Mirror symmetry in y: no

Lyot stop #0:
   Mirror symmetry in x: yes
Lyot stop #0:
   Mirror symmetry in y: yes

Complete APLC:
   Mirror symmetry in x: yes
   Mirror symmetry in y: no

Starting optimization at scale 1 with 13749 variables and 170720 constraints.
Creating model...
Academic license - for non-commercial use only
Parameter Threads unchanged
   Value: 0  Min: 0  Max: 1024  Default: 0
Changed value of parameter Crossover to 0
   Prev: -1  Min: -1  Max: 5  Default: -1
Changed value of parameter Method to 2
   Prev: -1  Min: -1  Max: 5  Default: -1
Calculating and adding constraints...
Wavelength 1/8; Variable 1000/13749
Wavelength 1/8; Variable 2000/13749
Wavelength 1/8; Variable 3000/13749
Wavelength 1/8; Variable 4000/13749
Wavelength 1/8; Variable 5000/13749
Wavelength 1/8; Variable 6000/13749
Wavelength 1/8; Variable 7000/13749
Wavelength 1/8; Variable 8000/13749
Wavelength 1/8; Variable 9000/13749
Wavelength 1/8; Variable 10000/13749
Wavelength 1/8; Variable 11000/13749
Wavelength 1/8; Variable 12000/13749
Wavelength 1/8; Variable 13000/13749
Warning for adding constraints: zero or small (< 1e-13) coefficients, ignored
Wavelength 2/8; Variable 1000/13749
Wavelength 2/8; Variable 2000/13749
Wavelength 2/8; Variable 3000/13749
Wavelength 2/8; Variable 4000/13749
Wavelength 2/8; Variable 5000/13749
Wavelength 2/8; Variable 6000/13749
Wavelength 2/8; Variable 7000/13749
Wavelength 2/8; Variable 8000/13749
Wavelength 2/8; Variable 9000/13749
Wavelength 2/8; Variable 10000/13749
Wavelength 2/8; Variable 11000/13749
Wavelength 2/8; Variable 12000/13749
Wavelength 2/8; Variable 13000/13749
Wavelength 3/8; Variable 1000/13749
Wavelength 3/8; Variable 2000/13749
Wavelength 3/8; Variable 3000/13749
Wavelength 3/8; Variable 4000/13749
Wavelength 3/8; Variable 5000/13749
Wavelength 3/8; Variable 6000/13749
Wavelength 3/8; Variable 7000/13749
Wavelength 3/8; Variable 8000/13749
Wavelength 3/8; Variable 9000/13749
Wavelength 3/8; Variable 10000/13749
Wavelength 3/8; Variable 11000/13749
Wavelength 3/8; Variable 12000/13749
Wavelength 3/8; Variable 13000/13749
Wavelength 4/8; Variable 1000/13749
Wavelength 4/8; Variable 2000/13749
Wavelength 4/8; Variable 3000/13749
Wavelength 4/8; Variable 4000/13749
Wavelength 4/8; Variable 5000/13749
Wavelength 4/8; Variable 6000/13749
Wavelength 4/8; Variable 7000/13749
Wavelength 4/8; Variable 8000/13749
Wavelength 4/8; Variable 9000/13749
Wavelength 4/8; Variable 10000/13749
Wavelength 4/8; Variable 11000/13749
Wavelength 4/8; Variable 12000/13749
Wavelength 4/8; Variable 13000/13749
Wavelength 5/8; Variable 1000/13749
Wavelength 5/8; Variable 2000/13749
Wavelength 5/8; Variable 3000/13749
Wavelength 5/8; Variable 4000/13749
Wavelength 5/8; Variable 5000/13749
Wavelength 5/8; Variable 6000/13749
Wavelength 5/8; Variable 7000/13749
Wavelength 5/8; Variable 8000/13749
Wavelength 5/8; Variable 9000/13749
Wavelength 5/8; Variable 10000/13749
Wavelength 5/8; Variable 11000/13749
Wavelength 5/8; Variable 12000/13749
Wavelength 5/8; Variable 13000/13749
Wavelength 6/8; Variable 1000/13749
Wavelength 6/8; Variable 2000/13749
Wavelength 6/8; Variable 3000/13749
Wavelength 6/8; Variable 4000/13749
Wavelength 6/8; Variable 5000/13749
Wavelength 6/8; Variable 6000/13749
Wavelength 6/8; Variable 7000/13749
Wavelength 6/8; Variable 8000/13749
Wavelength 6/8; Variable 9000/13749
Wavelength 6/8; Variable 10000/13749
Wavelength 6/8; Variable 11000/13749
Wavelength 6/8; Variable 12000/13749
Wavelength 6/8; Variable 13000/13749
Wavelength 7/8; Variable 1000/13749
Wavelength 7/8; Variable 2000/13749
Wavelength 7/8; Variable 3000/13749
Wavelength 7/8; Variable 4000/13749
Wavelength 7/8; Variable 5000/13749
Wavelength 7/8; Variable 6000/13749
Wavelength 7/8; Variable 7000/13749
Wavelength 7/8; Variable 8000/13749
Wavelength 7/8; Variable 9000/13749
Wavelength 7/8; Variable 10000/13749
Wavelength 7/8; Variable 11000/13749
Wavelength 7/8; Variable 12000/13749
Wavelength 7/8; Variable 13000/13749
Wavelength 8/8; Variable 1000/13749
Wavelength 8/8; Variable 2000/13749
Wavelength 8/8; Variable 3000/13749
Wavelength 8/8; Variable 4000/13749
Wavelength 8/8; Variable 5000/13749
Wavelength 8/8; Variable 6000/13749
Wavelength 8/8; Variable 7000/13749
Wavelength 8/8; Variable 8000/13749
Wavelength 8/8; Variable 9000/13749
Wavelength 8/8; Variable 10000/13749
Wavelength 8/8; Variable 11000/13749
Wavelength 8/8; Variable 12000/13749
Wavelength 8/8; Variable 13000/13749
Start optimization...
Optimize a model with 341440 rows, 13749 columns and 4694458212 nonzeros
Coefficient statistics:
  Matrix range     [1e-13, 2e-04]
  Objective range  [5e-02, 1e+00]
  Bounds range     [1e+00, 1e+00]
  RHS range        [1e-05, 1e-05]
Presolve removed 0 rows and 0 columns (presolve time = 259s) ...
Presolve removed 0 rows and 0 columns (presolve time = 398s) ...
Presolve removed 0 rows and 0 columns (presolve time = 784s) ...
Presolve removed 0 rows and 0 columns (presolve time = 1676s) ...
Presolve removed 0 rows and 0 columns (presolve time = 1750s) ...
Presolve time: 2039.77s
Presolved: 13749 rows, 355189 columns, 4694471961 nonzeros
Ordering time: 0.00s

Barrier statistics:
 AA' NZ     : 9.451e+07
 Factor NZ  : 9.452e+07 (roughly 900 MBytes of memory)
 Factor Ops : 8.664e+11 (roughly 110 seconds per iteration)
 Threads    : 24

                  Objective                Residual
Iter       Primal          Dual         Primal    Dual     Compl     Time
   0   5.83243124e+04  0.00000000e+00  0.00e+00 0.00e+00  5.41e-01  3569s
   1   3.77372337e+04  2.13589264e+03  0.00e+00 6.10e-02  1.91e-01  4210s
   2   2.60020147e+04  6.00594211e+03  0.00e+00 2.42e-02  7.85e-02  4892s
   3   1.70086861e+04  7.33343991e+03  0.00e+00 9.98e-03  3.13e-02  5664s
   4   1.14658744e+04  7.73221239e+03  0.00e+00 4.75e-03  1.11e-02  6404s
   5   9.32940982e+03  7.97836120e+03  0.00e+00 2.44e-03  3.85e-03  7266s
   6   8.89023108e+03  8.08307337e+03  0.00e+00 1.56e-03  2.26e-03  7976s
   7   8.67380985e+03  8.12749545e+03  0.00e+00 1.19e-03  1.52e-03  8926s
   8   8.63248051e+03  8.14631864e+03  0.00e+00 1.03e-03  1.35e-03  9655s
   9   8.55361672e+03  8.19868298e+03  0.00e+00 6.01e-04  9.79e-04  10496s
  10   8.45967064e+03  8.22004514e+03  0.00e+00 4.41e-04  6.59e-04  11266s
  11   8.39963859e+03  8.23500237e+03  0.00e+00 3.30e-04  4.52e-04  12249s
  12   8.36833874e+03  8.24549439e+03  0.00e+00 2.52e-04  3.37e-04  13088s
  13   8.34921116e+03  8.25250992e+03  0.00e+00 2.04e-04  2.65e-04  13837s
  14   8.32776537e+03  8.26084992e+03  0.00e+00 1.45e-04  1.83e-04  14553s
  15   8.31521982e+03  8.26592163e+03  0.00e+00 1.10e-04  1.35e-04  15290s
  16   8.30608550e+03  8.26766587e+03  0.00e+00 9.73e-05  1.05e-04  16005s
  17   8.30209981e+03  8.27008965e+03  0.00e+00 7.98e-05  8.76e-05  16683s
  18   8.29753871e+03  8.27153553e+03  0.00e+00 6.84e-05  7.12e-05  17414s
  19   8.29703557e+03  8.27253792e+03  0.00e+00 6.08e-05  6.70e-05  18074s
  20   8.29331062e+03  8.27398346e+03  0.00e+00 4.94e-05  5.29e-05  18778s
  21   8.29121556e+03  8.27522815e+03  0.00e+00 3.92e-05  4.37e-05  19429s
  22   8.28648828e+03  8.27670703e+03  0.00e+00 2.68e-05  2.68e-05  20116s
  23   8.28288736e+03  8.27793545e+03  0.00e+00 1.58e-05  1.36e-05  20865s
  24   8.28167012e+03  8.27867452e+03  0.00e+00 8.38e-06  8.20e-06  21630s
  25   8.28056421e+03  8.27902848e+03  0.00e+00 4.09e-06  4.20e-06  22574s
  26   8.27991463e+03  8.27926267e+03  0.00e+00 1.40e-06  1.78e-06  23334s
  27   8.27958626e+03  8.27933535e+03  0.00e+00 6.03e-07  6.86e-07  24207s
  28   8.27945906e+03  8.27936271e+03  0.00e+00 3.02e-07  2.64e-07  25010s
  29   8.27941125e+03  8.27938313e+03  9.70e-08 7.41e-08  7.69e-08  25835s
  30   8.27939390e+03  8.27938834e+03  1.57e-07 1.72e-08  1.52e-08  26800s
  31   8.27939151e+03  8.27938951e+03  5.93e-08 5.06e-09  5.47e-09  27738s
  32   8.27939045e+03  8.27938986e+03  1.69e-08 1.39e-09  1.61e-09  28974s
  33   8.27939044e+03  8.27938993e+03  1.11e-07 6.81e-10  1.39e-09  29727s
  34   8.27939043e+03  8.27938997e+03  1.67e-07 2.96e-10  1.26e-09  30685s
  35   8.27939042e+03  8.27938997e+03  2.09e-07 2.67e-10  1.25e-09  31525s
  36   8.27939041e+03  8.27938998e+03  3.83e-07 2.00e-10  1.20e-09  32357s
  37   8.27939038e+03  8.27938998e+03  8.47e-07 1.23e-10  1.14e-09  33255s
  38   8.27939038e+03  8.27938998e+03  9.80e-07 1.13e-10  1.13e-09  34082s
  39   8.27939037e+03  8.27938999e+03  2.47e-06 1.02e-10  1.06e-09  34859s
  40   8.27939031e+03  8.27938999e+03  4.45e-06 7.48e-11  8.88e-10  35684s
  41   8.27939024e+03  8.27938999e+03  4.15e-06 1.60e-11  6.75e-10  36590s
  42   8.27939015e+03  8.27938999e+03  5.06e-06 1.10e-11  3.74e-10  37457s
  43   8.27939009e+03  8.27938999e+03  4.66e-06 8.95e-12  3.11e-10  38310s
  44   8.27939022e+03  8.27938999e+03  6.88e-06 8.42e-12  2.97e-10  39136s
  45   8.27939005e+03  8.27938999e+03  6.55e-06 5.01e-12  1.42e-10  40080s
  46   8.27939005e+03  8.27938999e+03  6.60e-06 5.01e-12  1.42e-10  40884s
  47   8.27939004e+03  8.27938999e+03  6.33e-06 3.59e-12  1.29e-10  41729s
  48   8.27939005e+03  8.27938999e+03  7.30e-06 3.32e-12  1.25e-10  42561s
  49   8.27939008e+03  8.27938999e+03  6.49e-06 3.17e-12  1.11e-10  43308s
  50   8.27939001e+03  8.27938999e+03  5.57e-06 2.95e-12  8.73e-11  44131s
  51   8.27938982e+03  8.27938999e+03  6.79e-06 2.52e-12  7.18e-11  45060s

Barrier solved model in 51 iterations and 45059.77 seconds
Optimal objective 8.27939045e+03

Optimization finished!
Restarting optimization for throughput iteration 1...
Optimize a model with 341440 rows, 13749 columns and 4694458212 nonzeros
Coefficient statistics:
  Matrix range     [1e-13, 2e-04]
  Objective range  [5e-02, 1e+00]
  Bounds range     [1e+00, 1e+00]
  RHS range        [8e-06, 8e-06]
Presolve removed 0 rows and 0 columns (presolve time = 260s) ...
Presolve removed 0 rows and 0 columns (presolve time = 398s) ...
Presolve removed 0 rows and 0 columns (presolve time = 784s) ...
Presolve removed 0 rows and 0 columns (presolve time = 1702s) ...
Presolve removed 0 rows and 0 columns (presolve time = 1771s) ...
Presolve time: 2053.62s
Presolved: 13749 rows, 355189 columns, 4694471961 nonzeros
Ordering time: 0.00s

Barrier statistics:
 AA' NZ     : 9.451e+07
 Factor NZ  : 9.452e+07 (roughly 900 MBytes of memory)
 Factor Ops : 8.664e+11 (roughly 90 seconds per iteration)
 Threads    : 24

                  Objective                Residual
Iter       Primal          Dual         Primal    Dual     Compl     Time
   0   5.32599074e+04  0.00000000e+00  0.00e+00 0.00e+00  5.12e-01  3570s
   1   3.39955735e+04  2.07294966e+03  0.00e+00 5.79e-02  1.79e-01  4236s
   2   2.41480131e+04  5.87153504e+03  0.00e+00 2.39e-02  7.54e-02  4980s
   3   1.67616002e+04  7.33149653e+03  0.00e+00 9.39e-03  3.12e-02  5753s
   4   1.21964315e+04  7.71586644e+03  0.00e+00 4.14e-03  1.34e-02  6460s
   5   1.04634763e+04  7.84897057e+03  0.00e+00 2.95e-03  7.60e-03  7153s
   6   9.38589772e+03  7.99221693e+03  0.00e+00 1.73e-03  3.95e-03  7961s
   7   8.55838880e+03  8.10344278e+03  0.00e+00 8.43e-04  1.26e-03  8691s
   8   8.47030727e+03  8.17084471e+03  0.00e+00 4.69e-04  8.26e-04  9393s
   9   8.42826127e+03  8.19123516e+03  0.00e+00 3.55e-04  6.52e-04  10119s
  10   8.39465606e+03  8.20920289e+03  0.00e+00 2.59e-04  5.09e-04  10875s
  11   8.36304805e+03  8.22259585e+03  0.00e+00 1.94e-04  3.85e-04  11588s
  12   8.33633700e+03  8.22786834e+03  0.00e+00 1.65e-04  2.97e-04  12299s
  13   8.32366375e+03  8.23310023e+03  0.00e+00 1.37e-04  2.48e-04  13014s
  14   8.31875434e+03  8.23678461e+03  0.00e+00 1.18e-04  2.24e-04  13738s
  15   8.30954227e+03  8.24068647e+03  0.00e+00 9.62e-05  1.88e-04  14392s
  16   8.30043600e+03  8.24279560e+03  0.00e+00 8.49e-05  1.57e-04  15045s
  17   8.29579423e+03  8.24566009e+03  0.00e+00 6.91e-05  1.37e-04  15688s
  18   8.29143077e+03  8.24700182e+03  0.00e+00 6.19e-05  1.21e-04  16341s
  19   8.28409414e+03  8.24790863e+03  0.00e+00 5.69e-05  9.88e-05  16990s
  20   8.28005853e+03  8.25183457e+03  0.00e+00 3.48e-05  7.69e-05  17652s
  21   8.27284594e+03  8.25306686e+03  0.00e+00 2.78e-05  5.39e-05  18328s
  22   8.26858529e+03  8.25475888e+03  0.00e+00 1.69e-05  3.77e-05  19089s
  23   8.26386295e+03  8.25565457e+03  0.00e+00 1.12e-05  2.24e-05  19791s
  24   8.26137672e+03  8.25660406e+03  0.00e+00 4.23e-06  1.30e-05  20541s
  25   8.25863468e+03  8.25686706e+03  0.00e+00 2.15e-06  4.81e-06  21245s
  26   8.25781749e+03  8.25702991e+03  0.00e+00 8.77e-07  2.14e-06  21936s
  27   8.25751482e+03  8.25708472e+03  0.00e+00 4.54e-07  1.17e-06  22649s
  28   8.25731422e+03  8.25710811e+03  0.00e+00 2.67e-07  5.61e-07  23321s
  29   8.25724024e+03  8.25712375e+03  2.46e-08 1.40e-07  3.17e-07  23961s
  30   8.25717945e+03  8.25713174e+03  2.62e-07 7.35e-08  1.30e-07  24646s
  31   8.25714614e+03  8.25713855e+03  1.80e-07 1.77e-08  2.08e-08  25426s
  32   8.25714243e+03  8.25714047e+03  6.10e-08 2.73e-09  5.33e-09  26333s
  33   8.25714111e+03  8.25714075e+03  9.45e-08 6.38e-10  9.77e-10  27628s
  34   8.25714111e+03  8.25714076e+03  1.30e-07 5.95e-10  9.59e-10  28438s
  35   8.25714111e+03  8.25714076e+03  1.61e-07 5.84e-10  9.55e-10  29167s
  36   8.25714111e+03  8.25714078e+03  2.93e-07 4.59e-10  9.11e-10  29890s
  37   8.25714110e+03  8.25714078e+03  4.90e-07 4.32e-10  8.93e-10  30642s
  38   8.25714110e+03  8.25714078e+03  6.80e-07 4.06e-10  8.81e-10  31350s
  39   8.25714110e+03  8.25714079e+03  8.02e-07 3.45e-10  8.55e-10  32073s
  40   8.25714107e+03  8.25714081e+03  1.14e-06 2.38e-10  7.94e-10  32808s
  41   8.25714106e+03  8.25714081e+03  1.62e-06 2.06e-10  7.70e-10  33546s
  42   8.25714105e+03  8.25714082e+03  3.56e-06 1.71e-10  7.10e-10  34319s
  43   8.25714097e+03  8.25714082e+03  4.50e-06 1.70e-10  7.10e-10  35113s
  44   8.25714096e+03  8.25714082e+03  5.57e-06 1.49e-10  6.50e-10  35964s
  45   8.25714103e+03  8.25714082e+03  9.55e-06 1.49e-10  6.50e-10  36732s
  46   8.25714107e+03  8.25714082e+03  1.11e-05 1.48e-10  6.45e-10  37494s
  47   8.25714099e+03  8.25714083e+03  1.23e-05 9.15e-11  5.20e-10  38491s
  48   8.25714100e+03  8.25714083e+03  1.18e-05 8.80e-11  5.13e-10  39253s
  49   8.25714085e+03  8.25714083e+03  1.52e-05 8.34e-11  4.39e-10  40054s
  50   8.25714075e+03  8.25714083e+03  1.50e-05 7.68e-11  4.28e-10  40870s
  51   8.25714074e+03  8.25714083e+03  1.99e-05 7.10e-11  3.97e-10  41655s
  52   8.25714061e+03  8.25714083e+03  2.42e-05 5.88e-11  2.48e-10  42557s
  53   8.25714062e+03  8.25714083e+03  2.42e-05 5.60e-11  2.44e-10  43309s
  54   8.25714062e+03  8.25714083e+03  2.32e-05 5.60e-11  2.42e-10  44064s
  55   8.25714062e+03  8.25714083e+03  2.31e-05 5.53e-11  2.42e-10  44812s
  56   8.25714067e+03  8.25714083e+03  2.58e-05 5.24e-11  1.54e-10  45580s
  57   8.25714050e+03  8.25714083e+03  1.83e-05 4.21e-11  1.25e-10  46447s
  58   8.25714048e+03  8.25714084e+03  1.55e-05 2.92e-11  1.00e-10  47243s
  59   8.25714048e+03  8.25714084e+03  1.72e-05 2.85e-11  9.63e-11  48028s
  60   8.25714048e+03  8.25714084e+03  1.72e-05 2.85e-11  9.63e-11  48781s
  61   8.25714052e+03  8.25714084e+03  1.88e-05 2.81e-11  9.36e-11  49553s
  62   8.25714051e+03  8.25714084e+03  1.76e-05 2.52e-11  7.78e-11  50392s
  63   8.25714064e+03  8.25714084e+03  1.35e-05 2.30e-11  6.60e-11  51199s
  64   8.25714063e+03  8.25714084e+03  1.32e-05 2.17e-11  6.09e-11  51955s
  65   8.25714066e+03  8.25714084e+03  1.22e-05 1.30e-11  5.29e-11  52740s
  66   8.25714068e+03  8.25714084e+03  1.16e-05 1.27e-11  5.06e-11  53476s
  67   8.25714068e+03  8.25714084e+03  1.16e-05 1.26e-11  5.02e-11  54196s
  68   8.25714068e+03  8.25714084e+03  1.16e-05 1.20e-11  4.97e-11  54908s
  69   8.25714069e+03  8.25714084e+03  1.11e-05 1.18e-11  4.72e-11  55639s
  70   8.25714070e+03  8.25714084e+03  1.11e-05 1.18e-11  4.71e-11  56345s
  71   8.25714069e+03  8.25714084e+03  1.04e-05 9.97e-12  4.48e-11  57059s

Barrier solved model in 71 iterations and 57058.66 seconds
Optimal objective 8.25714111e+03

Optimization finished!
/user/kstlaurent/anaconda3/envs/coron_gur/lib/python3.6/site-packages/asdf/extension.py:211: AsdfDeprecationWarning: The module asdf.asdftypes has been deprecated and will be removed in 3.0. Use asdf.types instead. (from astropy.io.misc.asdf.extension.AstropyExtension)
  AsdfDeprecationWarning)
