Optimizer called with the following parameters:
{'focal_plane_mask': {'field_stop_radius': -1.0,
                      'grayscale': True,
                      'num_pix': 50,
                      'radius': 6.82},
 'image': {'bandwidth': 0.1,
           'contrast': 10,
           'iwa': 6.72,
           'num_wavelengths': 4,
           'owa': 21.5,
           'resolution': 2},
 'lyot_stop': {'alignment_tolerance': 0,
               'filename': 'LUVOIR/LS_LUVOIR_ID0190_OD0937_no_struts_gy_ovsamp3_N0500.fits',
               'num_lyot_stops': 1},
 'method': {'edge_width_for_prior': 2,
            'ending_scale': 1,
            'force_no_hermitian_symmetry': False,
            'force_no_x_mirror_symmetry': False,
            'force_no_y_mirror_symmetry': False,
            'initial_throughput_estimate': 1,
            'maximize_planet_throughput': True,
            'num_throughput_iterations': 2,
            'starting_scale': 1},
 'pupil': {'N': 500,
           'filename': 'LUVOIR/TelAp_LUVOIR_gap_pad02_bw_ovsamp03_N0500.fits'},
 'solver': {'crossover': 0,
            'method': 2,
            'num_threads': 0}}

File organization:
{'analysis_dir': '/user/kstlaurent/git/progressive_refinement_coronagraphy/surveys/luvoir_baseline_N0500_middle_telserv3/analysis',
 'drivers_dir': '/user/kstlaurent/git/progressive_refinement_coronagraphy/surveys/luvoir_baseline_N0500_middle_telserv3/drivers',
 'input_files_dir': '/user/kstlaurent/git/progressive_refinement_coronagraphy/masks',
 'log_dir': '/user/kstlaurent/git/progressive_refinement_coronagraphy/surveys/luvoir_baseline_N0500_middle_telserv3/logs',
 'solution_dir': '/user/kstlaurent/git/progressive_refinement_coronagraphy/surveys/luvoir_baseline_N0500_middle_telserv3/solutions',
 'survey_dir': '/user/kstlaurent/git/progressive_refinement_coronagraphy/surveys/luvoir_baseline_N0500_middle_telserv3'}

Telescope pupil:
   Mirror symmetry in x: yes
   Mirror symmetry in y: no

Lyot stop #0:
   Mirror symmetry in x: yes
Lyot stop #0:
   Mirror symmetry in y: yes

Complete APLC:
   Mirror symmetry in x: yes
   Mirror symmetry in y: no

Starting optimization at scale 1 with 85671 variables and 10496 constraints.
Creating model...
Academic license - for non-commercial use only
Parameter Threads unchanged
   Value: 0  Min: 0  Max: 1024  Default: 0
Changed value of parameter Crossover to 0
   Prev: -1  Min: -1  Max: 5  Default: -1
Changed value of parameter Method to 2
   Prev: -1  Min: -1  Max: 5  Default: -1
Calculating and adding constraints...
Wavelength 1/4; Variable 1000/85671
Wavelength 1/4; Variable 2000/85671
Wavelength 1/4; Variable 3000/85671
Wavelength 1/4; Variable 4000/85671
Wavelength 1/4; Variable 5000/85671
Wavelength 1/4; Variable 6000/85671
Wavelength 1/4; Variable 7000/85671
Wavelength 1/4; Variable 8000/85671
Wavelength 1/4; Variable 9000/85671
Wavelength 1/4; Variable 10000/85671
Wavelength 1/4; Variable 11000/85671
Wavelength 1/4; Variable 12000/85671
Wavelength 1/4; Variable 13000/85671
Wavelength 1/4; Variable 14000/85671
Wavelength 1/4; Variable 15000/85671
Wavelength 1/4; Variable 16000/85671
Wavelength 1/4; Variable 17000/85671
Wavelength 1/4; Variable 18000/85671
Wavelength 1/4; Variable 19000/85671
Wavelength 1/4; Variable 20000/85671
Wavelength 1/4; Variable 21000/85671
Wavelength 1/4; Variable 22000/85671
Wavelength 1/4; Variable 23000/85671
Wavelength 1/4; Variable 24000/85671
Wavelength 1/4; Variable 25000/85671
Wavelength 1/4; Variable 26000/85671
Wavelength 1/4; Variable 27000/85671
Wavelength 1/4; Variable 28000/85671
Wavelength 1/4; Variable 29000/85671
Wavelength 1/4; Variable 30000/85671
Wavelength 1/4; Variable 31000/85671
Wavelength 1/4; Variable 32000/85671
Wavelength 1/4; Variable 33000/85671
Wavelength 1/4; Variable 34000/85671
Wavelength 1/4; Variable 35000/85671
Wavelength 1/4; Variable 36000/85671
Wavelength 1/4; Variable 37000/85671
Wavelength 1/4; Variable 38000/85671
Wavelength 1/4; Variable 39000/85671
Wavelength 1/4; Variable 40000/85671
Wavelength 1/4; Variable 41000/85671
Wavelength 1/4; Variable 42000/85671
Wavelength 1/4; Variable 43000/85671
Wavelength 1/4; Variable 44000/85671
Wavelength 1/4; Variable 45000/85671
Wavelength 1/4; Variable 46000/85671
Wavelength 1/4; Variable 47000/85671
Wavelength 1/4; Variable 48000/85671
Wavelength 1/4; Variable 49000/85671
Wavelength 1/4; Variable 50000/85671
Wavelength 1/4; Variable 51000/85671
Wavelength 1/4; Variable 52000/85671
Wavelength 1/4; Variable 53000/85671
Wavelength 1/4; Variable 54000/85671
Wavelength 1/4; Variable 55000/85671
Wavelength 1/4; Variable 56000/85671
Wavelength 1/4; Variable 57000/85671
Wavelength 1/4; Variable 58000/85671
Wavelength 1/4; Variable 59000/85671
Wavelength 1/4; Variable 60000/85671
Wavelength 1/4; Variable 61000/85671
Wavelength 1/4; Variable 62000/85671
Wavelength 1/4; Variable 63000/85671
Wavelength 1/4; Variable 64000/85671
Wavelength 1/4; Variable 65000/85671
Wavelength 1/4; Variable 66000/85671
Wavelength 1/4; Variable 67000/85671
Wavelength 1/4; Variable 68000/85671
Wavelength 1/4; Variable 69000/85671
Wavelength 1/4; Variable 70000/85671
Wavelength 1/4; Variable 71000/85671
Wavelength 1/4; Variable 72000/85671
Wavelength 1/4; Variable 73000/85671
Wavelength 1/4; Variable 74000/85671
Wavelength 1/4; Variable 75000/85671
Wavelength 1/4; Variable 76000/85671
Wavelength 1/4; Variable 77000/85671
Wavelength 1/4; Variable 78000/85671
Wavelength 1/4; Variable 79000/85671
Wavelength 1/4; Variable 80000/85671
Wavelength 1/4; Variable 81000/85671
Wavelength 1/4; Variable 82000/85671
Wavelength 1/4; Variable 83000/85671
Wavelength 1/4; Variable 84000/85671
Wavelength 1/4; Variable 85000/85671
Warning for adding constraints: zero or small (< 1e-13) coefficients, ignored
Wavelength 2/4; Variable 1000/85671
Wavelength 2/4; Variable 2000/85671
Wavelength 2/4; Variable 3000/85671
Wavelength 2/4; Variable 4000/85671
Wavelength 2/4; Variable 5000/85671
Wavelength 2/4; Variable 6000/85671
Wavelength 2/4; Variable 7000/85671
Wavelength 2/4; Variable 8000/85671
Wavelength 2/4; Variable 9000/85671
Wavelength 2/4; Variable 10000/85671
Wavelength 2/4; Variable 11000/85671
Wavelength 2/4; Variable 12000/85671
Wavelength 2/4; Variable 13000/85671
Wavelength 2/4; Variable 14000/85671
Wavelength 2/4; Variable 15000/85671
Wavelength 2/4; Variable 16000/85671
Wavelength 2/4; Variable 17000/85671
Wavelength 2/4; Variable 18000/85671
Wavelength 2/4; Variable 19000/85671
Wavelength 2/4; Variable 20000/85671
Wavelength 2/4; Variable 21000/85671
Wavelength 2/4; Variable 22000/85671
Wavelength 2/4; Variable 23000/85671
Wavelength 2/4; Variable 24000/85671
Wavelength 2/4; Variable 25000/85671
Wavelength 2/4; Variable 26000/85671
Wavelength 2/4; Variable 27000/85671
Wavelength 2/4; Variable 28000/85671
Wavelength 2/4; Variable 29000/85671
Wavelength 2/4; Variable 30000/85671
Wavelength 2/4; Variable 31000/85671
Wavelength 2/4; Variable 32000/85671
Wavelength 2/4; Variable 33000/85671
Wavelength 2/4; Variable 34000/85671
Wavelength 2/4; Variable 35000/85671
Wavelength 2/4; Variable 36000/85671
Wavelength 2/4; Variable 37000/85671
Wavelength 2/4; Variable 38000/85671
Wavelength 2/4; Variable 39000/85671
Wavelength 2/4; Variable 40000/85671
Wavelength 2/4; Variable 41000/85671
Wavelength 2/4; Variable 42000/85671
Wavelength 2/4; Variable 43000/85671
Wavelength 2/4; Variable 44000/85671
Wavelength 2/4; Variable 45000/85671
Wavelength 2/4; Variable 46000/85671
Wavelength 2/4; Variable 47000/85671
Wavelength 2/4; Variable 48000/85671
Wavelength 2/4; Variable 49000/85671
Wavelength 2/4; Variable 50000/85671
Wavelength 2/4; Variable 51000/85671
Wavelength 2/4; Variable 52000/85671
Wavelength 2/4; Variable 53000/85671
Wavelength 2/4; Variable 54000/85671
Wavelength 2/4; Variable 55000/85671
Wavelength 2/4; Variable 56000/85671
Wavelength 2/4; Variable 57000/85671
Wavelength 2/4; Variable 58000/85671
Wavelength 2/4; Variable 59000/85671
Wavelength 2/4; Variable 60000/85671
Wavelength 2/4; Variable 61000/85671
Wavelength 2/4; Variable 62000/85671
Wavelength 2/4; Variable 63000/85671
Wavelength 2/4; Variable 64000/85671
Wavelength 2/4; Variable 65000/85671
Wavelength 2/4; Variable 66000/85671
Wavelength 2/4; Variable 67000/85671
Wavelength 2/4; Variable 68000/85671
Wavelength 2/4; Variable 69000/85671
Wavelength 2/4; Variable 70000/85671
Wavelength 2/4; Variable 71000/85671
Wavelength 2/4; Variable 72000/85671
Wavelength 2/4; Variable 73000/85671
Wavelength 2/4; Variable 74000/85671
Wavelength 2/4; Variable 75000/85671
Wavelength 2/4; Variable 76000/85671
Wavelength 2/4; Variable 77000/85671
Wavelength 2/4; Variable 78000/85671
Wavelength 2/4; Variable 79000/85671
Wavelength 2/4; Variable 80000/85671
Wavelength 2/4; Variable 81000/85671
Wavelength 2/4; Variable 82000/85671
Wavelength 2/4; Variable 83000/85671
Wavelength 2/4; Variable 84000/85671
Wavelength 2/4; Variable 85000/85671
Wavelength 3/4; Variable 1000/85671
Wavelength 3/4; Variable 2000/85671
Wavelength 3/4; Variable 3000/85671
Wavelength 3/4; Variable 4000/85671
Wavelength 3/4; Variable 5000/85671
Wavelength 3/4; Variable 6000/85671
Wavelength 3/4; Variable 7000/85671
Wavelength 3/4; Variable 8000/85671
Wavelength 3/4; Variable 9000/85671
Wavelength 3/4; Variable 10000/85671
Wavelength 3/4; Variable 11000/85671
Wavelength 3/4; Variable 12000/85671
Wavelength 3/4; Variable 13000/85671
Wavelength 3/4; Variable 14000/85671
Wavelength 3/4; Variable 15000/85671
Wavelength 3/4; Variable 16000/85671
Wavelength 3/4; Variable 17000/85671
Wavelength 3/4; Variable 18000/85671
Wavelength 3/4; Variable 19000/85671
Wavelength 3/4; Variable 20000/85671
Wavelength 3/4; Variable 21000/85671
Wavelength 3/4; Variable 22000/85671
Wavelength 3/4; Variable 23000/85671
Wavelength 3/4; Variable 24000/85671
Wavelength 3/4; Variable 25000/85671
Wavelength 3/4; Variable 26000/85671
Wavelength 3/4; Variable 27000/85671
Wavelength 3/4; Variable 28000/85671
Wavelength 3/4; Variable 29000/85671
Wavelength 3/4; Variable 30000/85671
Wavelength 3/4; Variable 31000/85671
Wavelength 3/4; Variable 32000/85671
Wavelength 3/4; Variable 33000/85671
Wavelength 3/4; Variable 34000/85671
Wavelength 3/4; Variable 35000/85671
Wavelength 3/4; Variable 36000/85671
Wavelength 3/4; Variable 37000/85671
Wavelength 3/4; Variable 38000/85671
Wavelength 3/4; Variable 39000/85671
Wavelength 3/4; Variable 40000/85671
Wavelength 3/4; Variable 41000/85671
Wavelength 3/4; Variable 42000/85671
Wavelength 3/4; Variable 43000/85671
Wavelength 3/4; Variable 44000/85671
Wavelength 3/4; Variable 45000/85671
Wavelength 3/4; Variable 46000/85671
Wavelength 3/4; Variable 47000/85671
Wavelength 3/4; Variable 48000/85671
Wavelength 3/4; Variable 49000/85671
Wavelength 3/4; Variable 50000/85671
Wavelength 3/4; Variable 51000/85671
Wavelength 3/4; Variable 52000/85671
Wavelength 3/4; Variable 53000/85671
Wavelength 3/4; Variable 54000/85671
Wavelength 3/4; Variable 55000/85671
Wavelength 3/4; Variable 56000/85671
Wavelength 3/4; Variable 57000/85671
Wavelength 3/4; Variable 58000/85671
Wavelength 3/4; Variable 59000/85671
Wavelength 3/4; Variable 60000/85671
Wavelength 3/4; Variable 61000/85671
Wavelength 3/4; Variable 62000/85671
Wavelength 3/4; Variable 63000/85671
Wavelength 3/4; Variable 64000/85671
Wavelength 3/4; Variable 65000/85671
Wavelength 3/4; Variable 66000/85671
Wavelength 3/4; Variable 67000/85671
Wavelength 3/4; Variable 68000/85671
Wavelength 3/4; Variable 69000/85671
Wavelength 3/4; Variable 70000/85671
Wavelength 3/4; Variable 71000/85671
Wavelength 3/4; Variable 72000/85671
Wavelength 3/4; Variable 73000/85671
Wavelength 3/4; Variable 74000/85671
Wavelength 3/4; Variable 75000/85671
Wavelength 3/4; Variable 76000/85671
Wavelength 3/4; Variable 77000/85671
Wavelength 3/4; Variable 78000/85671
Wavelength 3/4; Variable 79000/85671
Wavelength 3/4; Variable 80000/85671
Wavelength 3/4; Variable 81000/85671
Wavelength 3/4; Variable 82000/85671
Wavelength 3/4; Variable 83000/85671
Wavelength 3/4; Variable 84000/85671
Wavelength 3/4; Variable 85000/85671
Wavelength 4/4; Variable 1000/85671
Wavelength 4/4; Variable 2000/85671
Wavelength 4/4; Variable 3000/85671
Wavelength 4/4; Variable 4000/85671
Wavelength 4/4; Variable 5000/85671
Wavelength 4/4; Variable 6000/85671
Wavelength 4/4; Variable 7000/85671
Wavelength 4/4; Variable 8000/85671
Wavelength 4/4; Variable 9000/85671
Wavelength 4/4; Variable 10000/85671
Wavelength 4/4; Variable 11000/85671
Wavelength 4/4; Variable 12000/85671
Wavelength 4/4; Variable 13000/85671
Wavelength 4/4; Variable 14000/85671
Wavelength 4/4; Variable 15000/85671
Wavelength 4/4; Variable 16000/85671
Wavelength 4/4; Variable 17000/85671
Wavelength 4/4; Variable 18000/85671
Wavelength 4/4; Variable 19000/85671
Wavelength 4/4; Variable 20000/85671
Wavelength 4/4; Variable 21000/85671
Wavelength 4/4; Variable 22000/85671
Wavelength 4/4; Variable 23000/85671
Wavelength 4/4; Variable 24000/85671
Wavelength 4/4; Variable 25000/85671
Wavelength 4/4; Variable 26000/85671
Wavelength 4/4; Variable 27000/85671
Wavelength 4/4; Variable 28000/85671
Wavelength 4/4; Variable 29000/85671
Wavelength 4/4; Variable 30000/85671
Wavelength 4/4; Variable 31000/85671
Wavelength 4/4; Variable 32000/85671
Wavelength 4/4; Variable 33000/85671
Wavelength 4/4; Variable 34000/85671
Wavelength 4/4; Variable 35000/85671
Wavelength 4/4; Variable 36000/85671
Wavelength 4/4; Variable 37000/85671
Wavelength 4/4; Variable 38000/85671
Wavelength 4/4; Variable 39000/85671
Wavelength 4/4; Variable 40000/85671
Wavelength 4/4; Variable 41000/85671
Wavelength 4/4; Variable 42000/85671
Wavelength 4/4; Variable 43000/85671
Wavelength 4/4; Variable 44000/85671
Wavelength 4/4; Variable 45000/85671
Wavelength 4/4; Variable 46000/85671
Wavelength 4/4; Variable 47000/85671
Wavelength 4/4; Variable 48000/85671
Wavelength 4/4; Variable 49000/85671
Wavelength 4/4; Variable 50000/85671
Wavelength 4/4; Variable 51000/85671
Wavelength 4/4; Variable 52000/85671
Wavelength 4/4; Variable 53000/85671
Wavelength 4/4; Variable 54000/85671
Wavelength 4/4; Variable 55000/85671
Wavelength 4/4; Variable 56000/85671
Wavelength 4/4; Variable 57000/85671
Wavelength 4/4; Variable 58000/85671
Wavelength 4/4; Variable 59000/85671
Wavelength 4/4; Variable 60000/85671
Wavelength 4/4; Variable 61000/85671
Wavelength 4/4; Variable 62000/85671
Wavelength 4/4; Variable 63000/85671
Wavelength 4/4; Variable 64000/85671
Wavelength 4/4; Variable 65000/85671
Wavelength 4/4; Variable 66000/85671
Wavelength 4/4; Variable 67000/85671
Wavelength 4/4; Variable 68000/85671
Wavelength 4/4; Variable 69000/85671
Wavelength 4/4; Variable 70000/85671
Wavelength 4/4; Variable 71000/85671
Wavelength 4/4; Variable 72000/85671
Wavelength 4/4; Variable 73000/85671
Wavelength 4/4; Variable 74000/85671
Wavelength 4/4; Variable 75000/85671
Wavelength 4/4; Variable 76000/85671
Wavelength 4/4; Variable 77000/85671
Wavelength 4/4; Variable 78000/85671
Wavelength 4/4; Variable 79000/85671
Wavelength 4/4; Variable 80000/85671
Wavelength 4/4; Variable 81000/85671
Wavelength 4/4; Variable 82000/85671
Wavelength 4/4; Variable 83000/85671
Wavelength 4/4; Variable 84000/85671
Wavelength 4/4; Variable 85000/85671
Start optimization...
Optimize a model with 20992 rows, 85671 columns and 1798405434 nonzeros
Coefficient statistics:
  Matrix range     [1e-13, 3e-05]
  Objective range  [6e-02, 1e+00]
  Bounds range     [1e+00, 1e+00]
  RHS range        [1e-05, 1e-05]
Presolve removed 0 rows and 0 columns (presolve time = 63s) ...
Presolve removed 0 rows and 0 columns (presolve time = 92s) ...
Presolve removed 0 rows and 0 columns (presolve time = 190s) ...
Presolve removed 0 rows and 0 columns (presolve time = 410s) ...
Presolve removed 10496 rows and 0 columns (presolve time = 448s) ...
Presolve removed 10496 rows and 0 columns
Presolve time: 450.41s
Presolved: 10496 rows, 96167 columns, 899213188 nonzeros
Ordering time: 0.00s

Barrier statistics:
 AA' NZ     : 5.508e+07
 Factor NZ  : 5.509e+07 (roughly 500 MBytes of memory)
 Factor Ops : 3.855e+11 (roughly 20 seconds per iteration)
 Threads    : 24

                  Objective                Residual
Iter       Primal          Dual         Primal    Dual     Compl     Time
   0   2.14893909e+08  1.74916454e+05  1.47e+02 3.64e-12  5.74e+03   658s
   1   7.72593201e+04  1.74877702e+05  2.51e-02 5.82e-11  1.68e+00   745s
   2   5.38086125e+04  8.77041134e+04  5.78e-03 1.24e-08  3.18e-01   834s
   3   5.43397687e+04  6.48046495e+04  2.28e-03 1.79e-08  9.45e-02   927s
   4   5.50271243e+04  6.17397099e+04  1.39e-03 1.56e-08  5.81e-02  1018s
   5   5.55235385e+04  5.94441847e+04  1.02e-03 1.45e-08  3.67e-02  1115s
   6   5.55803194e+04  5.82240721e+04  8.04e-04 1.43e-08  2.64e-02  1214s
   7   5.56028586e+04  5.74906817e+04  6.28e-04 1.43e-08  1.95e-02  1307s
   8   5.56594303e+04  5.69599114e+04  5.31e-04 1.36e-08  1.49e-02  1402s
   9   5.56729418e+04  5.65105008e+04  4.09e-04 1.37e-08  1.06e-02  1493s
  10   5.56886877e+04  5.64023464e+04  3.40e-04 1.46e-08  8.88e-03  1581s
  11   5.56857115e+04  5.63243709e+04  3.05e-04 1.38e-08  7.95e-03  1667s
  12   5.56851761e+04  5.62816393e+04  2.93e-04 1.75e-08  7.55e-03  1753s
  13   5.56971207e+04  5.61830247e+04  2.24e-04 1.61e-08  5.92e-03  1840s
  14   5.57036315e+04  5.60546028e+04  1.85e-04 1.67e-08  4.62e-03  1932s
  15   5.57072166e+04  5.59994215e+04  1.55e-04 1.75e-08  3.85e-03  2027s
  16   5.57117973e+04  5.59152796e+04  1.27e-04 2.15e-08  2.97e-03  2125s
  17   5.57136414e+04  5.58675304e+04  1.06e-04 1.83e-08  2.39e-03  2223s
  18   5.57175863e+04  5.58414358e+04  9.18e-05 1.83e-08  2.02e-03  2316s
  19   5.57201305e+04  5.58206124e+04  7.90e-05 1.85e-08  1.71e-03  2406s
  20   5.57200529e+04  5.58077359e+04  7.18e-05 1.80e-08  1.53e-03  2492s
  21   5.57224207e+04  5.57912026e+04  6.08e-05 2.28e-08  1.27e-03  2582s
  22   5.57255944e+04  5.57778176e+04  5.01e-05 2.61e-08  1.02e-03  2673s
  23   5.57276579e+04  5.57660045e+04  4.00e-05 2.43e-08  8.00e-04  2768s
  24   5.57291998e+04  5.57535899e+04  3.23e-05 2.33e-08  6.11e-04  2870s
  25   5.57311404e+04  5.57468118e+04  2.57e-05 2.18e-08  4.67e-04  2965s
  26   5.57325193e+04  5.57418391e+04  2.10e-05 2.40e-08  3.63e-04  3056s
  27   5.57327700e+04  5.57400795e+04  1.54e-05 2.61e-08  2.68e-04  3148s
  28   5.57323246e+04  5.57384181e+04  1.34e-05 1.82e-08  2.32e-04  3236s
  29   5.57320632e+04  5.57376589e+04  1.21e-05 2.15e-08  2.11e-04  3324s
  30   5.57316651e+04  5.57361385e+04  1.03e-05 2.40e-08  1.77e-04  3414s
  31   5.57315960e+04  5.57340820e+04  8.33e-06 2.72e-08  1.38e-04  3506s
  32   5.57320717e+04  5.57327548e+04  6.30e-06 2.39e-08  9.80e-05  3601s
  33   5.57321767e+04  5.57316171e+04  4.25e-06 3.35e-08  6.07e-05  3698s
  34   5.57319001e+04  5.57312191e+04  3.08e-06 2.35e-08  4.27e-05  3794s
  35   5.57314235e+04  5.57309701e+04  2.08e-06 2.77e-08  2.88e-05  3884s
  36   5.57311734e+04  5.57308603e+04  1.57e-06 2.61e-08  2.19e-05  3974s
  37   5.57309784e+04  5.57307739e+04  1.19e-06 3.84e-08  1.68e-05  4059s
  38   5.57307597e+04  5.57306859e+04  7.10e-07 2.21e-08  1.02e-05  4147s
  39   5.57306225e+04  5.57306058e+04  3.65e-07 3.40e-08  5.38e-06  4238s
  40   5.57305496e+04  5.57305444e+04  1.61e-07 2.66e-08  2.38e-06  4332s
  41   5.57305039e+04  5.57305126e+04  4.16e-08 3.47e-08  6.68e-07  4429s
  42   5.57304986e+04  5.57305038e+04  9.87e-09 2.59e-08  1.75e-07  4531s
  43   5.57304977e+04  5.57304991e+04  2.70e-09 3.25e-08  4.76e-08  4627s
  44   5.57304980e+04  5.57304985e+04  9.63e-10 2.78e-08  1.73e-08  4721s
  45   5.57304981e+04  5.57304983e+04  2.11e-10 2.55e-08  4.25e-09  4810s

Barrier solved model in 45 iterations and 4809.90 seconds
Optimal objective 5.57304981e+04

Optimization finished!
Restarting optimization for throughput iteration 1...
Optimize a model with 20992 rows, 85671 columns and 1798405434 nonzeros
Coefficient statistics:
  Matrix range     [1e-13, 3e-05]
  Objective range  [6e-02, 1e+00]
  Bounds range     [1e+00, 1e+00]
  RHS range        [9e-06, 9e-06]
Presolve removed 0 rows and 0 columns (presolve time = 65s) ...
Presolve removed 0 rows and 0 columns (presolve time = 94s) ...
Presolve removed 0 rows and 0 columns (presolve time = 176s) ...
Presolve removed 0 rows and 0 columns (presolve time = 373s) ...
Presolve removed 10496 rows and 0 columns (presolve time = 407s) ...
Presolve removed 10496 rows and 0 columns
Presolve time: 409.58s
Presolved: 10496 rows, 96167 columns, 899213188 nonzeros
Ordering time: 0.00s

Barrier statistics:
 AA' NZ     : 5.508e+07
 Factor NZ  : 5.509e+07 (roughly 500 MBytes of memory)
 Factor Ops : 3.855e+11 (roughly 15 seconds per iteration)
 Threads    : 24

                  Objective                Residual
Iter       Primal          Dual         Primal    Dual     Compl     Time
   0   2.14893909e+08  1.73339535e+05  1.47e+02 3.64e-12  5.74e+03   612s
   1   7.72565497e+04  1.73301373e+05  2.51e-02 5.82e-11  1.67e+00   696s
   2   5.38072289e+04  8.76784163e+04  5.92e-03 1.38e-08  3.22e-01   785s
   3   5.50580685e+04  6.68042609e+04  2.25e-03 1.76e-08  1.02e-01   878s
   4   5.54156212e+04  6.10254618e+04  1.31e-03 1.67e-08  5.09e-02   973s
   5   5.55253016e+04  5.90862803e+04  9.68e-04 1.91e-08  3.40e-02  1067s
   6   5.55572630e+04  5.78665222e+04  6.06e-04 1.59e-08  2.15e-02  1160s
   7   5.55501601e+04  5.74700042e+04  5.18e-04 1.51e-08  1.80e-02  1246s
   8   5.55746098e+04  5.70125875e+04  4.21e-04 1.42e-08  1.40e-02  1337s
   9   5.55870815e+04  5.66573912e+04  3.25e-04 1.41e-08  1.06e-02  1427s
  10   5.55953928e+04  5.65201429e+04  2.46e-04 1.47e-08  8.56e-03  1514s
  11   5.55926805e+04  5.64576166e+04  2.23e-04 1.61e-08  7.89e-03  1600s
  12   5.55959092e+04  5.62901185e+04  1.62e-04 1.49e-08  6.08e-03  1687s
  13   5.55976825e+04  5.60672527e+04  1.35e-04 2.24e-08  4.49e-03  1778s
  14   5.56083008e+04  5.59436752e+04  1.10e-04 2.13e-08  3.41e-03  1869s
  15   5.56182999e+04  5.58690629e+04  8.41e-05 2.09e-08  2.57e-03  1967s
  16   5.56261757e+04  5.58177447e+04  6.67e-05 1.77e-08  2.00e-03  2064s
  17   5.56346134e+04  5.57915698e+04  4.93e-05 2.37e-08  1.56e-03  2152s
  18   5.56389162e+04  5.57733126e+04  4.18e-05 2.23e-08  1.33e-03  2242s
  19   5.56412298e+04  5.57627103e+04  3.75e-05 2.32e-08  1.19e-03  2329s
  20   5.56430449e+04  5.57426491e+04  3.42e-05 2.11e-08  1.03e-03  2414s
  21   5.56448281e+04  5.57276484e+04  3.13e-05 2.02e-08  9.00e-04  2502s
  22   5.56492875e+04  5.57168829e+04  2.55e-05 2.52e-08  7.34e-04  2594s
  23   5.56534260e+04  5.57026635e+04  2.05e-05 2.58e-08  5.64e-04  2687s
  24   5.56571682e+04  5.56933176e+04  1.61e-05 2.57e-08  4.29e-04  2783s
  25   5.56613946e+04  5.56866344e+04  1.18e-05 2.47e-08  3.08e-04  2877s
  26   5.56635220e+04  5.56832845e+04  9.49e-06 2.77e-08  2.45e-04  2965s
  27   5.56653536e+04  5.56809435e+04  7.92e-06 2.55e-08  2.00e-04  3051s
  28   5.56662115e+04  5.56791427e+04  6.80e-06 2.43e-08  1.69e-04  3137s
  29   5.56675870e+04  5.56772238e+04  5.34e-06 2.59e-08  1.30e-04  3223s
  30   5.56689320e+04  5.56756185e+04  3.65e-06 2.65e-08  8.94e-05  3314s
  31   5.56699913e+04  5.56745224e+04  2.43e-06 2.56e-08  5.99e-05  3407s
  32   5.56707650e+04  5.56734977e+04  1.52e-06 2.47e-08  3.69e-05  3503s
  33   5.56713692e+04  5.56731119e+04  8.59e-07 2.37e-08  2.19e-05  3596s
  34   5.56716765e+04  5.56727661e+04  5.23e-07 3.04e-08  1.35e-05  3685s
  35   5.56719407e+04  5.56725055e+04  2.67e-07 2.86e-08  6.94e-06  3772s
  36   5.56720598e+04  5.56724093e+04  1.59e-07 3.06e-08  4.19e-06  3856s
  37   5.56721310e+04  5.56723476e+04  9.76e-08 2.92e-08  2.59e-06  3940s
  38   5.56722064e+04  5.56722948e+04  3.51e-08 3.44e-08  9.86e-07  4028s
  39   5.56722447e+04  5.56722656e+04  6.31e-09 2.94e-08  2.03e-07  4118s
  40   5.56722530e+04  5.56722599e+04  1.83e-09 2.78e-08  6.35e-08  4213s
  41   5.56722563e+04  5.56722568e+04  1.15e-10 3.01e-08  4.48e-09  4318s

Barrier solved model in 41 iterations and 4318.02 seconds
Optimal objective 5.56722563e+04

Optimization finished!
/user/kstlaurent/anaconda3/envs/coron_gur/lib/python3.6/site-packages/asdf/extension.py:211: AsdfDeprecationWarning: The module asdf.asdftypes has been deprecated and will be removed in 3.0. Use asdf.types instead. (from astropy.io.misc.asdf.extension.AstropyExtension)
  AsdfDeprecationWarning)
