Optimizer called with the following parameters:
{'focal_plane_mask': {'field_stop_radius': -1.0,
                      'grayscale': True,
                      'num_pix': 150,
                      'radius': 3.5},
 'image': {'bandwidth': 0.1,
           'contrast': 10,
           'iwa': 3.4,
           'num_wavelengths': 3,
           'owa': 12.0,
           'resolution': 2},
 'instrument': {'inst_name': 'SCDA'},
 'lyot_stop': {'alignment_tolerance': 0,
               'filename': 'SCDA/LS_SCDA_ID0120_OD0982_no_struts_gy_ovsamp3_N0500.fits',
               'num_lyot_stops': 1},
 'method': {'edge_width_for_prior': 2,
            'ending_scale': 1,
            'force_no_hermitian_symmetry': False,
            'force_no_x_mirror_symmetry': False,
            'force_no_y_mirror_symmetry': False,
            'initial_throughput_estimate': 1,
            'maximize_planet_throughput': True,
            'num_throughput_iterations': 2,
            'starting_scale': 1},
 'pupil': {'N': 500,
           'filename': 'SCDA/TelAp_SCDA_03-Hex_clipped_gy_gap_pad02_ovsamp03_N0500.fits'},
 'solver': {'crossover': 0,
            'method': 2,
            'num_threads': 0}}

File organization:
{'analysis_dir': '/user/bnickson/git_hub/aplc_optimization/surveys/scda_scda_segment_size_clipped_N0500_telserv3/analysis',
 'drivers_dir': '/user/bnickson/git_hub/aplc_optimization/surveys/scda_scda_segment_size_clipped_N0500_telserv3/drivers',
 'input_files_dir': '/user/bnickson/git_hub/aplc_optimization/masks',
 'log_dir': '/user/bnickson/git_hub/aplc_optimization/surveys/scda_scda_segment_size_clipped_N0500_telserv3/logs',
 'solution_dir': '/user/bnickson/git_hub/aplc_optimization/surveys/scda_scda_segment_size_clipped_N0500_telserv3/solutions',
 'survey_dir': '/user/bnickson/git_hub/aplc_optimization/surveys/scda_scda_segment_size_clipped_N0500_telserv3'}

Telescope pupil:
   Mirror symmetry in x: yes
   Mirror symmetry in y: yes

Lyot stop #0:
   Mirror symmetry in x: yes
Lyot stop #0:
   Mirror symmetry in y: yes

Complete APLC:
   Mirror symmetry in x: yes
   Mirror symmetry in y: yes

Starting optimization at scale 1 with 40733 variables and 1242 constraints.
Creating model...
Using license file /home/bnickson/gurobi.lic
Academic license - for non-commercial use only
Parameter Threads unchanged
   Value: 0  Min: 0  Max: 1024  Default: 0
Changed value of parameter Crossover to 0
   Prev: -1  Min: -1  Max: 5  Default: -1
Changed value of parameter Method to 2
   Prev: -1  Min: -1  Max: 5  Default: -1
Calculating and adding constraints...
Wavelength 1/3; Variable 1000/40733
Wavelength 1/3; Variable 2000/40733
Wavelength 1/3; Variable 3000/40733
Wavelength 1/3; Variable 4000/40733
Wavelength 1/3; Variable 5000/40733
Wavelength 1/3; Variable 6000/40733
Wavelength 1/3; Variable 7000/40733
Wavelength 1/3; Variable 8000/40733
Wavelength 1/3; Variable 9000/40733
Wavelength 1/3; Variable 10000/40733
Wavelength 1/3; Variable 11000/40733
Wavelength 1/3; Variable 12000/40733
Wavelength 1/3; Variable 13000/40733
Wavelength 1/3; Variable 14000/40733
Wavelength 1/3; Variable 15000/40733
Wavelength 1/3; Variable 16000/40733
Wavelength 1/3; Variable 17000/40733
Wavelength 1/3; Variable 18000/40733
Wavelength 1/3; Variable 19000/40733
Wavelength 1/3; Variable 20000/40733
Wavelength 1/3; Variable 21000/40733
Wavelength 1/3; Variable 22000/40733
Wavelength 1/3; Variable 23000/40733
Wavelength 1/3; Variable 24000/40733
Wavelength 1/3; Variable 25000/40733
Wavelength 1/3; Variable 26000/40733
Wavelength 1/3; Variable 27000/40733
Wavelength 1/3; Variable 28000/40733
Wavelength 1/3; Variable 29000/40733
Wavelength 1/3; Variable 30000/40733
Wavelength 1/3; Variable 31000/40733
Wavelength 1/3; Variable 32000/40733
Wavelength 1/3; Variable 33000/40733
Wavelength 1/3; Variable 34000/40733
Wavelength 1/3; Variable 35000/40733
Wavelength 1/3; Variable 36000/40733
Wavelength 1/3; Variable 37000/40733
Wavelength 1/3; Variable 38000/40733
Wavelength 1/3; Variable 39000/40733
Wavelength 1/3; Variable 40000/40733
Wavelength 2/3; Variable 1000/40733
Wavelength 2/3; Variable 2000/40733
Wavelength 2/3; Variable 3000/40733
Wavelength 2/3; Variable 4000/40733
Wavelength 2/3; Variable 5000/40733
Wavelength 2/3; Variable 6000/40733
Wavelength 2/3; Variable 7000/40733
Wavelength 2/3; Variable 8000/40733
Wavelength 2/3; Variable 9000/40733
Wavelength 2/3; Variable 10000/40733
Wavelength 2/3; Variable 11000/40733
Wavelength 2/3; Variable 12000/40733
Wavelength 2/3; Variable 13000/40733
Wavelength 2/3; Variable 14000/40733
Wavelength 2/3; Variable 15000/40733
Wavelength 2/3; Variable 16000/40733
Wavelength 2/3; Variable 17000/40733
Wavelength 2/3; Variable 18000/40733
Wavelength 2/3; Variable 19000/40733
Wavelength 2/3; Variable 20000/40733
Wavelength 2/3; Variable 21000/40733
Wavelength 2/3; Variable 22000/40733
Wavelength 2/3; Variable 23000/40733
Wavelength 2/3; Variable 24000/40733
Wavelength 2/3; Variable 25000/40733
Wavelength 2/3; Variable 26000/40733
Wavelength 2/3; Variable 27000/40733
Wavelength 2/3; Variable 28000/40733
Wavelength 2/3; Variable 29000/40733
Wavelength 2/3; Variable 30000/40733
Wavelength 2/3; Variable 31000/40733
Wavelength 2/3; Variable 32000/40733
Wavelength 2/3; Variable 33000/40733
Wavelength 2/3; Variable 34000/40733
Wavelength 2/3; Variable 35000/40733
Wavelength 2/3; Variable 36000/40733
Wavelength 2/3; Variable 37000/40733
Wavelength 2/3; Variable 38000/40733
Wavelength 2/3; Variable 39000/40733
Wavelength 2/3; Variable 40000/40733
Wavelength 3/3; Variable 1000/40733
Wavelength 3/3; Variable 2000/40733
Wavelength 3/3; Variable 3000/40733
Wavelength 3/3; Variable 4000/40733
Wavelength 3/3; Variable 5000/40733
Wavelength 3/3; Variable 6000/40733
Wavelength 3/3; Variable 7000/40733
Wavelength 3/3; Variable 8000/40733
Wavelength 3/3; Variable 9000/40733
Wavelength 3/3; Variable 10000/40733
Wavelength 3/3; Variable 11000/40733
Wavelength 3/3; Variable 12000/40733
Wavelength 3/3; Variable 13000/40733
Wavelength 3/3; Variable 14000/40733
Wavelength 3/3; Variable 15000/40733
Wavelength 3/3; Variable 16000/40733
Wavelength 3/3; Variable 17000/40733
Wavelength 3/3; Variable 18000/40733
Wavelength 3/3; Variable 19000/40733
Wavelength 3/3; Variable 20000/40733
Wavelength 3/3; Variable 21000/40733
Wavelength 3/3; Variable 22000/40733
Wavelength 3/3; Variable 23000/40733
Wavelength 3/3; Variable 24000/40733
Wavelength 3/3; Variable 25000/40733
Wavelength 3/3; Variable 26000/40733
Wavelength 3/3; Variable 27000/40733
Wavelength 3/3; Variable 28000/40733
Wavelength 3/3; Variable 29000/40733
Wavelength 3/3; Variable 30000/40733
Wavelength 3/3; Variable 31000/40733
Wavelength 3/3; Variable 32000/40733
Wavelength 3/3; Variable 33000/40733
Wavelength 3/3; Variable 34000/40733
Wavelength 3/3; Variable 35000/40733
Wavelength 3/3; Variable 36000/40733
Wavelength 3/3; Variable 37000/40733
Wavelength 3/3; Variable 38000/40733
Wavelength 3/3; Variable 39000/40733
Wavelength 3/3; Variable 40000/40733
Warning for adding constraints: zero or small (< 1e-13) coefficients, ignored
Start optimization...
Gurobi Optimizer version 9.0.2 build v9.0.2rc0 (linux64)
Optimize a model with 2484 rows, 40733 columns and 101180768 nonzeros
Model fingerprint: 0x3e989939
Coefficient statistics:
  Matrix range     [1e-13, 3e-05]
  Objective range  [4e-02, 1e+00]
  Bounds range     [1e+00, 1e+00]
  RHS range        [1e-05, 1e-05]
Presolve removed 0 rows and 0 columns (presolve time = 9s) ...
Presolve removed 0 rows and 0 columns (presolve time = 20s) ...
Presolve removed 1242 rows and 0 columns
Presolve time: 22.48s
Presolved: 1242 rows, 41975 columns, 50591624 nonzeros
Ordering time: 0.02s

Barrier statistics:
 AA' NZ     : 7.707e+05
 Factor NZ  : 7.719e+05 (roughly 23 MBytes of memory)
 Factor Ops : 6.394e+08 (less than 1 second per iteration)
 Threads    : 24

                  Objective                Residual
Iter       Primal          Dual         Primal    Dual     Compl     Time
   0   1.29213625e+08  7.10432715e+04  1.46e+02 0.00e+00  4.12e+03    28s
   1   3.12112290e+05  7.10175418e+04  3.34e-01 4.37e-11  1.01e+01    29s
   2   1.87840499e+05  6.39599181e+04  1.95e-01 2.28e-09  5.75e+00    30s
   3   3.13230302e+04  5.06755784e+04  2.21e-02 6.94e-09  9.62e-01    31s
   4   1.80983024e+04  3.74270379e+04  7.74e-03 6.89e-08  4.54e-01    32s
   5   1.55768261e+04  2.21330869e+04  5.23e-03 1.64e-08  2.02e-01    32s
   6   1.42461002e+04  1.82011416e+04  4.05e-03 2.84e-08  1.38e-01    33s
   7   1.26310873e+04  1.67453758e+04  2.64e-03 1.77e-08  1.07e-01    34s
   8   1.20046779e+04  1.43860364e+04  2.11e-03 2.58e-08  7.46e-02    35s
   9   1.13604294e+04  1.31446638e+04  1.60e-03 2.59e-08  5.65e-02    35s
  10   1.11159661e+04  1.24379502e+04  1.42e-03 2.44e-08  4.68e-02    36s
  11   1.04398222e+04  1.16820056e+04  9.29e-04 5.26e-08  3.50e-02    37s
  12   1.00746633e+04  1.07749134e+04  6.65e-04 6.98e-08  2.28e-02    38s
  13   9.82866433e+03  1.00271211e+04  4.88e-04 2.14e-08  1.30e-02    39s
  14   9.60952998e+03  9.78734300e+03  3.30e-04 2.37e-08  9.30e-03    40s
  15   9.54487583e+03  9.72589702e+03  2.83e-04 2.53e-08  8.33e-03    40s
  16   9.46640105e+03  9.60779011e+03  2.26e-04 2.36e-08  6.62e-03    41s
  17   9.38280667e+03  9.42465629e+03  1.65e-04 2.85e-08  4.11e-03    42s
  18   9.35258210e+03  9.39542474e+03  1.43e-04 2.47e-08  3.64e-03    43s
  19   9.32082164e+03  9.32488050e+03  1.19e-04 2.47e-08  2.67e-03    43s
  20   9.29603792e+03  9.30443092e+03  1.00e-04 2.81e-08  2.31e-03    44s
  21   9.27501750e+03  9.27618128e+03  8.44e-05 2.96e-08  1.89e-03    45s
  22   9.25788863e+03  9.25587175e+03  7.13e-05 2.55e-08  1.57e-03    46s
  23   9.24904510e+03  9.24862241e+03  6.44e-05 2.31e-08  1.44e-03    47s
  24   9.24067743e+03  9.23919851e+03  5.78e-05 2.64e-08  1.28e-03    47s
  25   9.22865234e+03  9.22391207e+03  4.84e-05 2.53e-08  1.03e-03    48s
  26   9.21930541e+03  9.21291535e+03  4.08e-05 2.43e-08  8.47e-04    49s
  27   9.20667934e+03  9.20350007e+03  3.06e-05 2.91e-08  6.57e-04    50s
  28   9.20043585e+03  9.19334501e+03  2.56e-05 2.96e-08  4.99e-04    51s
  29   9.19582994e+03  9.19128691e+03  2.17e-05 2.48e-08  4.43e-04    52s
  30   9.18980187e+03  9.18708733e+03  1.67e-05 2.78e-08  3.51e-04    52s
  31   9.18722708e+03  9.18137093e+03  1.46e-05 2.23e-08  2.66e-04    53s
  32   9.18384168e+03  9.17930908e+03  1.17e-05 2.58e-08  2.16e-04    54s
  33   9.18077163e+03  9.17604797e+03  9.02e-06 2.68e-08  1.52e-04    55s
  34   9.17839914e+03  9.17490003e+03  6.96e-06 3.12e-08  1.20e-04    56s
  35   9.17612537e+03  9.17417659e+03  4.97e-06 2.27e-08  9.20e-05    56s
  36   9.17438275e+03  9.17348005e+03  3.43e-06 2.60e-08  6.88e-05    57s
  37   9.17298230e+03  9.17255501e+03  2.18e-06 2.57e-08  4.56e-05    58s
  38   9.17215134e+03  9.17146958e+03  1.42e-06 2.90e-08  2.50e-05    59s
  39   9.17146045e+03  9.17105228e+03  7.77e-07 3.21e-08  1.32e-05    60s
  40   9.17116509e+03  9.17089079e+03  4.97e-07 2.57e-08  8.32e-06    60s
  41   9.17094734e+03  9.17079151e+03  2.86e-07 3.68e-08  4.81e-06    61s
  42   9.17077899e+03  9.17073756e+03  1.20e-07 3.24e-08  2.29e-06    62s
  43   9.17070239e+03  9.17068912e+03  4.23e-08 4.58e-08  8.27e-07    62s
  44   9.17067884e+03  9.17067005e+03  1.74e-08 3.54e-08  3.01e-07    63s
  45   9.17066820e+03  9.17066524e+03  6.22e-09 3.29e-08  1.10e-07    64s
  46   9.17066359e+03  9.17066364e+03  1.23e-09 3.45e-08  2.94e-08    64s
  47   9.17066279e+03  9.17066290e+03  3.13e-10 3.72e-08  8.64e-09    65s
  48   9.17066259e+03  9.17066260e+03  6.59e-11 3.12e-08  1.60e-09    66s

Barrier solved model in 48 iterations and 65.85 seconds
Optimal objective 9.17066259e+03

Optimization finished!
Restarting optimization for throughput iteration 1...
Gurobi Optimizer version 9.0.2 build v9.0.2rc0 (linux64)
Optimize a model with 2484 rows, 40733 columns and 101180768 nonzeros
Model fingerprint: 0x6cbdc834
Coefficient statistics:
  Matrix range     [1e-13, 3e-05]
  Objective range  [4e-02, 1e+00]
  Bounds range     [1e+00, 1e+00]
  RHS range        [2e-06, 2e-06]
Presolve removed 0 rows and 0 columns (presolve time = 9s) ...
Presolve removed 0 rows and 0 columns (presolve time = 20s) ...
Presolve removed 1242 rows and 0 columns
Presolve time: 22.51s
Presolved: 1242 rows, 41975 columns, 50591624 nonzeros
Ordering time: 0.01s

Barrier statistics:
 AA' NZ     : 7.707e+05
 Factor NZ  : 7.719e+05 (roughly 23 MBytes of memory)
 Factor Ops : 6.394e+08 (less than 1 second per iteration)
 Threads    : 24

                  Objective                Residual
Iter       Primal          Dual         Primal    Dual     Compl     Time
   0   1.29213625e+08  7.02495827e+04  1.46e+02 3.64e-12  4.12e+03    29s
   1   3.22061326e+05  7.02240507e+04  3.46e-01 3.64e-11  1.04e+01    29s
   2   1.92089275e+05  6.32512966e+04  2.00e-01 2.74e-09  5.90e+00    30s
   3   2.58232063e+04  4.97608374e+04  1.66e-02 8.48e-09  8.37e-01    31s
   4   1.66363255e+04  3.54061191e+04  7.02e-03 3.96e-08  4.23e-01    32s
   5   1.45515412e+04  2.15748391e+04  5.06e-03 5.89e-08  2.04e-01    33s
   6   1.34412321e+04  1.84664166e+04  4.06e-03 2.36e-08  1.52e-01    33s
   7   1.28111413e+04  1.63879731e+04  3.50e-03 1.80e-08  1.20e-01    34s
   8   1.26828378e+04  1.57205118e+04  3.39e-03 1.98e-08  1.11e-01    35s
   9   1.20305622e+04  1.45108842e+04  2.82e-03 1.92e-08  9.10e-02    36s
  10   1.17527688e+04  1.33590202e+04  2.61e-03 1.85e-08  7.57e-02    36s
  11   1.08558472e+04  1.29109409e+04  1.86e-03 7.68e-08  6.49e-02    37s
  12   1.07070404e+04  1.25619086e+04  1.75e-03 6.19e-08  6.01e-02    38s
  13   1.03659694e+04  1.24027550e+04  1.49e-03 5.91e-08  5.66e-02    39s
  14   1.01933747e+04  1.18458423e+04  1.36e-03 4.98e-08  4.94e-02    40s
  15   1.00402257e+04  1.17428491e+04  1.25e-03 4.82e-08  4.75e-02    40s
  16   9.92375618e+03  1.12830435e+04  1.17e-03 4.17e-08  4.17e-02    41s
  17   9.56449356e+03  1.04614712e+04  9.19e-04 2.99e-08  3.08e-02    42s
  18   9.24782672e+03  9.92626796e+03  6.94e-04 2.75e-08  2.32e-02    43s
  19   9.08241013e+03  9.62645880e+03  5.79e-04 3.14e-08  1.92e-02    44s
  20   9.01268335e+03  9.49339367e+03  5.31e-04 3.37e-08  1.74e-02    45s
  21   8.90954415e+03  9.38907034e+03  4.61e-04 3.78e-08  1.58e-02    45s
  22   8.81310713e+03  9.02538787e+03  3.95e-04 3.77e-08  1.12e-02    46s
  23   8.76064655e+03  8.97101075e+03  3.59e-04 3.34e-08  1.04e-02    47s
  24   8.70646410e+03  8.88016318e+03  3.22e-04 3.30e-08  9.15e-03    48s
  25   8.57986283e+03  8.59258577e+03  2.36e-04 5.09e-08  5.38e-03    49s
  26   8.54139420e+03  8.56636431e+03  2.09e-04 3.74e-08  4.94e-03    50s
  27   8.48584160e+03  8.51255639e+03  1.71e-04 4.37e-08  4.14e-03    50s
  28   8.45637852e+03  8.49849726e+03  1.51e-04 4.80e-08  3.88e-03    51s
  29   8.43188036e+03  8.43543503e+03  1.34e-04 5.69e-08  3.07e-03    52s
  30   8.38773914e+03  8.39230573e+03  1.03e-04 1.10e-07  2.41e-03    53s
  31   8.37071682e+03  8.36710264e+03  9.13e-05 1.48e-07  2.06e-03    54s
  32   8.36127230e+03  8.33620910e+03  8.47e-05 1.04e-07  1.68e-03    54s
  33   8.34480959e+03  8.32558930e+03  7.32e-05 9.69e-08  1.50e-03    55s
  34   8.32975207e+03  8.31971551e+03  6.27e-05 9.69e-08  1.38e-03    56s
  35   8.32270347e+03  8.30962840e+03  5.78e-05 5.13e-08  1.24e-03    57s
  36   8.31426547e+03  8.29913484e+03  5.20e-05 6.02e-08  1.09e-03    58s
  37   8.30373029e+03  8.29090356e+03  4.47e-05 1.84e-07  9.50e-04    58s
  38   8.30138765e+03  8.27580974e+03  4.32e-05 6.89e-08  7.80e-04    59s
  39   8.29434123e+03  8.27289834e+03  3.83e-05 5.39e-08  7.13e-04    60s
  40   8.29074781e+03  8.27082482e+03  3.59e-05 4.87e-08  6.76e-04    61s
  41   8.28437873e+03  8.26574501e+03  3.16e-05 5.07e-08  5.94e-04    62s
  42   8.28117860e+03  8.26146677e+03  2.94e-05 5.02e-08  5.39e-04    63s
  43   8.27730398e+03  8.25819524e+03  2.69e-05 6.75e-08  4.91e-04    63s
  44   8.27492225e+03  8.25641780e+03  2.54e-05 5.77e-08  4.64e-04    64s
  45   8.27213043e+03  8.25403742e+03  2.36e-05 1.40e-07  4.29e-04    65s
  46   8.27046991e+03  8.25219717e+03  2.26e-05 1.56e-07  4.04e-04    66s
  47   8.26990749e+03  8.25129848e+03  2.23e-05 3.07e-07  3.94e-04    67s
  48   8.26749587e+03  8.24970377e+03  2.08e-05 1.12e-07  3.67e-04    67s
  49   8.26557311e+03  8.24741444e+03  1.97e-05 9.13e-08  3.37e-04    68s
  50   8.26324385e+03  8.24634132e+03  1.82e-05 1.01e-07  3.16e-04    69s
  51   8.25990307e+03  8.24504362e+03  1.62e-05 2.35e-07  2.87e-04    70s
  52   8.25800367e+03  8.24358954e+03  1.51e-05 3.30e-07  2.63e-04    71s
  53   8.25684534e+03  8.24218767e+03  1.44e-05 3.02e-07  2.44e-04    71s
  54   8.25569668e+03  8.24129341e+03  1.38e-05 3.48e-07  2.30e-04    72s
  55   8.25442070e+03  8.24078402e+03  1.30e-05 1.25e-07  2.19e-04    73s
  56   8.25366169e+03  8.24045222e+03  1.26e-05 6.53e-08  2.12e-04    74s
  57   8.25297203e+03  8.24017187e+03  1.22e-05 6.51e-08  2.06e-04    75s
  58   8.25199858e+03  8.23956161e+03  1.17e-05 2.68e-07  1.96e-04    76s
  59   8.25130606e+03  8.23851527e+03  1.13e-05 1.17e-07  1.82e-04    76s
  60   8.25011974e+03  8.23748395e+03  1.06e-05 1.07e-06  1.65e-04    77s
  61   8.24754922e+03  8.23699719e+03  9.16e-06 1.18e-06  1.47e-04    78s
  62   8.24697733e+03  8.23625046e+03  8.83e-06 5.51e-07  1.37e-04    79s
  63   8.24544831e+03  8.23571147e+03  7.98e-06 3.76e-07  1.25e-04    80s
  64   8.24478741e+03  8.23540299e+03  7.61e-06 5.98e-07  1.19e-04    80s
  65   8.24409370e+03  8.23522582e+03  7.22e-06 6.35e-07  1.14e-04    81s
  66   8.24336037e+03  8.23496110e+03  6.80e-06 5.40e-07  1.08e-04    82s
  67   8.24245829e+03  8.23453123e+03  6.31e-06 5.14e-07  9.95e-05    83s
  68   8.24189943e+03  8.23428926e+03  6.03e-06 3.20e-07  9.50e-05    84s
  69   8.24134680e+03  8.23417920e+03  5.73e-06 2.25e-07  9.11e-05    85s
  70   8.24044229e+03  8.23397653e+03  5.23e-06 1.25e-07  8.46e-05    85s
  71   8.23972004e+03  8.23349083e+03  4.84e-06 3.89e-07  7.62e-05    86s
  72   8.23924759e+03  8.23320102e+03  4.58e-06 6.93e-07  7.11e-05    87s
  73   8.23846556e+03  8.23293668e+03  4.17e-06 7.02e-08  6.48e-05    88s
  74   8.23813803e+03  8.23269564e+03  4.00e-06 5.03e-07  6.07e-05    89s
  75   8.23760469e+03  8.23255180e+03  3.71e-06 2.89e-07  5.67e-05    89s
  76   8.23752776e+03  8.23250734e+03  3.68e-06 2.51e-07  5.60e-05    90s
  77   8.23656379e+03  8.23222382e+03  3.17e-06 2.42e-07  4.85e-05    91s
  78   8.23636755e+03  8.23208164e+03  3.07e-06 1.77e-07  4.61e-05    92s
  79   8.23606463e+03  8.23199425e+03  2.91e-06 3.50e-07  4.38e-05    93s
  80   8.23576943e+03  8.23175110e+03  2.76e-06 5.61e-07  3.98e-05    94s
  81   8.23540254e+03  8.23151954e+03  2.57e-06 1.30e-06  3.55e-05    94s
  82   8.23513605e+03  8.23142836e+03  2.43e-06 1.48e-06  3.33e-05    95s
  83   8.23440506e+03  8.23132752e+03  2.05e-06 1.07e-06  2.87e-05    96s
  84   8.23402389e+03  8.23122769e+03  1.85e-06 6.58e-07  2.59e-05    97s
  85   8.23370788e+03  8.23113154e+03  1.69e-06 2.22e-07  2.34e-05    98s
  86   8.23363319e+03  8.23111077e+03  1.65e-06 4.14e-07  2.29e-05    98s
  87   8.23355354e+03  8.23108480e+03  1.61e-06 4.21e-07  2.22e-05    99s
  88   8.23309862e+03  8.23097903e+03  1.38e-06 6.35e-08  1.91e-05   100s
  89   8.23268071e+03  8.23094671e+03  1.17e-06 6.27e-08  1.69e-05   101s
  90   8.23246022e+03  8.23087880e+03  1.06e-06 7.48e-08  1.52e-05   102s
  91   8.23207621e+03  8.23079908e+03  8.62e-07 7.45e-08  1.26e-05   103s
  92   8.23199528e+03  8.23071962e+03  8.22e-07 5.65e-08  1.14e-05   103s
  93   8.23172437e+03  8.23070025e+03  6.85e-07 6.75e-08  9.98e-06   104s
  94   8.23153414e+03  8.23062660e+03  5.90e-07 5.88e-08  8.36e-06   105s
  95   8.23144463e+03  8.23056356e+03  5.46e-07 7.05e-08  7.27e-06   106s
  96   8.23119314e+03  8.23054198e+03  4.18e-07 3.78e-07  5.87e-06   107s
  97   8.23107891e+03  8.23051184e+03  3.60e-07 1.34e-06  5.01e-06   107s
  98   8.23102776e+03  8.23049980e+03  3.35e-07 7.49e-07  4.67e-06   108s
  99   8.23095540e+03  8.23045741e+03  2.99e-07 7.90e-08  3.88e-06   109s
 100   8.23085976e+03  8.23043792e+03  2.51e-07 6.01e-08  3.22e-06   110s
 101   8.23078753e+03  8.23041281e+03  2.16e-07 2.02e-06  2.63e-06   111s
 102   8.23068982e+03  8.23039463e+03  1.68e-07 1.02e-07  2.00e-06   112s
 103   8.23064208e+03  8.23038633e+03  1.44e-07 4.45e-07  1.70e-06   112s
 104   8.23059087e+03  8.23038477e+03  1.18e-07 4.73e-07  1.45e-06   113s
 105   8.23057453e+03  8.23038377e+03  1.10e-07 2.29e-07  1.36e-06   114s
 106   8.23051181e+03  8.23037534e+03  7.95e-08 1.38e-06  9.97e-07   115s
 107   8.23048969e+03  8.23036771e+03  6.86e-08 1.45e-06  8.11e-07   116s
 108   8.23047691e+03  8.23036529e+03  6.23e-08 1.41e-06  7.26e-07   117s
 109   8.23044049e+03  8.23036156e+03  4.40e-08 1.90e-06  5.13e-07   118s
 110   8.23042226e+03  8.23035872e+03  3.50e-08 1.43e-06  4.01e-07   120s
 111   8.23038924e+03  8.23035552e+03  1.86e-08 7.95e-08  2.13e-07   121s
 112   8.23037697e+03  8.23035374e+03  1.25e-08 2.06e-06  1.36e-07   122s
 113   8.23037025e+03  8.23035325e+03  9.18e-09 4.90e-07  1.01e-07   123s
 114   8.23036196e+03  8.23035245e+03  5.06e-09 7.51e-07  5.40e-08   124s
 115   8.23035588e+03  8.23035206e+03  2.01e-09 1.72e-07  2.10e-08   125s
 116   8.23035269e+03  8.23035190e+03  4.12e-10 8.14e-08  4.20e-09   126s
 117   8.23035218e+03  8.23035188e+03  1.54e-10 7.48e-08  1.55e-09   127s
 118   8.23035187e+03  8.23035188e+03  2.54e-12 8.00e-08  3.95e-11   128s

Barrier solved model in 118 iterations and 128.16 seconds
Optimal objective 8.23035187e+03

WARNING: VerifyWarning: Keyword name 'LS_ALIGN_TOl' is greater than 8 characters or contains characters not allowed by the FITS standard; a HIERARCH card will be created. [astropy.io.fits.card]
WARNING: VerifyWarning: Keyword name 'LS_NUM_STOPS' is greater than 8 characters or contains characters not allowed by the FITS standard; a HIERARCH card will be created. [astropy.io.fits.card]
WARNING: VerifyWarning: Keyword name 'PROG_START' is greater than 8 characters or contains characters not allowed by the FITS standard; a HIERARCH card will be created. [astropy.io.fits.card]
WARNING: VerifyWarning: Keyword name 'PROG_EDGE' is greater than 8 characters or contains characters not allowed by the FITS standard; a HIERARCH card will be created. [astropy.io.fits.card]
WARNING: VerifyWarning: Keyword name 'THRPT_ITER' is greater than 8 characters or contains characters not allowed by the FITS standard; a HIERARCH card will be created. [astropy.io.fits.card]
WARNING: VerifyWarning: Keyword name 'THRPT_ESTIM' is greater than 8 characters or contains characters not allowed by the FITS standard; a HIERARCH card will be created. [astropy.io.fits.card]
WARNING: VerifyWarning: Keyword name 'MAX_THRPT' is greater than 8 characters or contains characters not allowed by the FITS standard; a HIERARCH card will be created. [astropy.io.fits.card]
WARNING: VerifyWarning: Keyword name 'SLV_THRDS' is greater than 8 characters or contains characters not allowed by the FITS standard; a HIERARCH card will be created. [astropy.io.fits.card]
WARNING: VerifyWarning: Keyword name 'SLV_XOVER' is greater than 8 characters or contains characters not allowed by the FITS standard; a HIERARCH card will be created. [astropy.io.fits.card]
WARNING: VerifyWarning: Card is too long, comment will be truncated. [astropy.io.fits.card]
Optimization finished!
