Optimizer called with the following parameters:
{'focal_plane_mask': {'field_stop_radius': -1.0,
                      'grayscale': True,
                      'num_pix': 150,
                      'radius': 3.5},
 'image': {'bandwidth': 0.1,
           'contrast': 10,
           'iwa': 3.4,
           'num_wavelengths': 3,
           'owa': 12.0,
           'resolution': 2},
 'instrument': {'inst_name': 'SCDA'},
 'lyot_stop': {'alignment_tolerance': 0,
               'filename': 'SCDA/LS_SCDA_ID0120_OD0982_no_struts_gy_ovsamp3_N0500.fits',
               'num_lyot_stops': 1},
 'method': {'edge_width_for_prior': 2,
            'ending_scale': 1,
            'force_no_hermitian_symmetry': False,
            'force_no_x_mirror_symmetry': False,
            'force_no_y_mirror_symmetry': False,
            'initial_throughput_estimate': 1,
            'maximize_planet_throughput': True,
            'num_throughput_iterations': 2,
            'starting_scale': 1},
 'pupil': {'N': 500,
           'filename': 'SCDA/TelAp_SCDA_05-Hex_clipped_gy_gap_pad02_ovsamp03_N0500.fits'},
 'solver': {'crossover': 0,
            'method': 2,
            'num_threads': 0}}

File organization:
{'analysis_dir': '/user/bnickson/git_hub/aplc_optimization/surveys/scda_scda_segment_size_clipped_N0500_telserv3/analysis',
 'drivers_dir': '/user/bnickson/git_hub/aplc_optimization/surveys/scda_scda_segment_size_clipped_N0500_telserv3/drivers',
 'input_files_dir': '/user/bnickson/git_hub/aplc_optimization/masks',
 'log_dir': '/user/bnickson/git_hub/aplc_optimization/surveys/scda_scda_segment_size_clipped_N0500_telserv3/logs',
 'solution_dir': '/user/bnickson/git_hub/aplc_optimization/surveys/scda_scda_segment_size_clipped_N0500_telserv3/solutions',
 'survey_dir': '/user/bnickson/git_hub/aplc_optimization/surveys/scda_scda_segment_size_clipped_N0500_telserv3'}

Telescope pupil:
   Mirror symmetry in x: yes
   Mirror symmetry in y: yes

Lyot stop #0:
   Mirror symmetry in x: yes
Lyot stop #0:
   Mirror symmetry in y: yes

Complete APLC:
   Mirror symmetry in x: yes
   Mirror symmetry in y: yes

Starting optimization at scale 1 with 44478 variables and 1242 constraints.
Creating model...
Using license file /home/bnickson/gurobi.lic
Academic license - for non-commercial use only
Parameter Threads unchanged
   Value: 0  Min: 0  Max: 1024  Default: 0
Changed value of parameter Crossover to 0
   Prev: -1  Min: -1  Max: 5  Default: -1
Changed value of parameter Method to 2
   Prev: -1  Min: -1  Max: 5  Default: -1
Calculating and adding constraints...
Wavelength 1/3; Variable 1000/44478
Wavelength 1/3; Variable 2000/44478
Wavelength 1/3; Variable 3000/44478
Wavelength 1/3; Variable 4000/44478
Wavelength 1/3; Variable 5000/44478
Wavelength 1/3; Variable 6000/44478
Wavelength 1/3; Variable 7000/44478
Wavelength 1/3; Variable 8000/44478
Wavelength 1/3; Variable 9000/44478
Wavelength 1/3; Variable 10000/44478
Wavelength 1/3; Variable 11000/44478
Wavelength 1/3; Variable 12000/44478
Wavelength 1/3; Variable 13000/44478
Wavelength 1/3; Variable 14000/44478
Wavelength 1/3; Variable 15000/44478
Wavelength 1/3; Variable 16000/44478
Wavelength 1/3; Variable 17000/44478
Wavelength 1/3; Variable 18000/44478
Wavelength 1/3; Variable 19000/44478
Wavelength 1/3; Variable 20000/44478
Wavelength 1/3; Variable 21000/44478
Wavelength 1/3; Variable 22000/44478
Wavelength 1/3; Variable 23000/44478
Wavelength 1/3; Variable 24000/44478
Wavelength 1/3; Variable 25000/44478
Wavelength 1/3; Variable 26000/44478
Wavelength 1/3; Variable 27000/44478
Wavelength 1/3; Variable 28000/44478
Wavelength 1/3; Variable 29000/44478
Wavelength 1/3; Variable 30000/44478
Wavelength 1/3; Variable 31000/44478
Wavelength 1/3; Variable 32000/44478
Wavelength 1/3; Variable 33000/44478
Wavelength 1/3; Variable 34000/44478
Wavelength 1/3; Variable 35000/44478
Wavelength 1/3; Variable 36000/44478
Wavelength 1/3; Variable 37000/44478
Wavelength 1/3; Variable 38000/44478
Wavelength 1/3; Variable 39000/44478
Wavelength 1/3; Variable 40000/44478
Wavelength 1/3; Variable 41000/44478
Wavelength 1/3; Variable 42000/44478
Wavelength 1/3; Variable 43000/44478
Wavelength 1/3; Variable 44000/44478
Wavelength 2/3; Variable 1000/44478
Wavelength 2/3; Variable 2000/44478
Wavelength 2/3; Variable 3000/44478
Wavelength 2/3; Variable 4000/44478
Wavelength 2/3; Variable 5000/44478
Wavelength 2/3; Variable 6000/44478
Wavelength 2/3; Variable 7000/44478
Wavelength 2/3; Variable 8000/44478
Wavelength 2/3; Variable 9000/44478
Wavelength 2/3; Variable 10000/44478
Wavelength 2/3; Variable 11000/44478
Wavelength 2/3; Variable 12000/44478
Wavelength 2/3; Variable 13000/44478
Wavelength 2/3; Variable 14000/44478
Wavelength 2/3; Variable 15000/44478
Wavelength 2/3; Variable 16000/44478
Wavelength 2/3; Variable 17000/44478
Wavelength 2/3; Variable 18000/44478
Wavelength 2/3; Variable 19000/44478
Wavelength 2/3; Variable 20000/44478
Wavelength 2/3; Variable 21000/44478
Wavelength 2/3; Variable 22000/44478
Wavelength 2/3; Variable 23000/44478
Wavelength 2/3; Variable 24000/44478
Wavelength 2/3; Variable 25000/44478
Wavelength 2/3; Variable 26000/44478
Wavelength 2/3; Variable 27000/44478
Wavelength 2/3; Variable 28000/44478
Wavelength 2/3; Variable 29000/44478
Wavelength 2/3; Variable 30000/44478
Wavelength 2/3; Variable 31000/44478
Wavelength 2/3; Variable 32000/44478
Wavelength 2/3; Variable 33000/44478
Wavelength 2/3; Variable 34000/44478
Wavelength 2/3; Variable 35000/44478
Wavelength 2/3; Variable 36000/44478
Wavelength 2/3; Variable 37000/44478
Wavelength 2/3; Variable 38000/44478
Wavelength 2/3; Variable 39000/44478
Wavelength 2/3; Variable 40000/44478
Wavelength 2/3; Variable 41000/44478
Wavelength 2/3; Variable 42000/44478
Wavelength 2/3; Variable 43000/44478
Wavelength 2/3; Variable 44000/44478
Wavelength 3/3; Variable 1000/44478
Wavelength 3/3; Variable 2000/44478
Wavelength 3/3; Variable 3000/44478
Wavelength 3/3; Variable 4000/44478
Wavelength 3/3; Variable 5000/44478
Wavelength 3/3; Variable 6000/44478
Wavelength 3/3; Variable 7000/44478
Wavelength 3/3; Variable 8000/44478
Wavelength 3/3; Variable 9000/44478
Wavelength 3/3; Variable 10000/44478
Wavelength 3/3; Variable 11000/44478
Wavelength 3/3; Variable 12000/44478
Wavelength 3/3; Variable 13000/44478
Wavelength 3/3; Variable 14000/44478
Wavelength 3/3; Variable 15000/44478
Wavelength 3/3; Variable 16000/44478
Wavelength 3/3; Variable 17000/44478
Wavelength 3/3; Variable 18000/44478
Wavelength 3/3; Variable 19000/44478
Wavelength 3/3; Variable 20000/44478
Wavelength 3/3; Variable 21000/44478
Wavelength 3/3; Variable 22000/44478
Wavelength 3/3; Variable 23000/44478
Wavelength 3/3; Variable 24000/44478
Wavelength 3/3; Variable 25000/44478
Wavelength 3/3; Variable 26000/44478
Wavelength 3/3; Variable 27000/44478
Wavelength 3/3; Variable 28000/44478
Wavelength 3/3; Variable 29000/44478
Wavelength 3/3; Variable 30000/44478
Wavelength 3/3; Variable 31000/44478
Wavelength 3/3; Variable 32000/44478
Wavelength 3/3; Variable 33000/44478
Wavelength 3/3; Variable 34000/44478
Wavelength 3/3; Variable 35000/44478
Wavelength 3/3; Variable 36000/44478
Wavelength 3/3; Variable 37000/44478
Wavelength 3/3; Variable 38000/44478
Wavelength 3/3; Variable 39000/44478
Wavelength 3/3; Variable 40000/44478
Wavelength 3/3; Variable 41000/44478
Wavelength 3/3; Variable 42000/44478
Wavelength 3/3; Variable 43000/44478
Wavelength 3/3; Variable 44000/44478
Warning for adding constraints: zero or small (< 1e-13) coefficients, ignored
Start optimization...
Gurobi Optimizer version 9.0.2 build v9.0.2rc0 (linux64)
Optimize a model with 2484 rows, 44478 columns and 110483348 nonzeros
Model fingerprint: 0xdb75bb2f
Coefficient statistics:
  Matrix range     [1e-13, 3e-05]
  Objective range  [7e-02, 1e+00]
  Bounds range     [1e+00, 1e+00]
  RHS range        [1e-05, 1e-05]
Presolve removed 0 rows and 0 columns (presolve time = 9s) ...
Presolve removed 0 rows and 0 columns (presolve time = 21s) ...
Presolve removed 1242 rows and 0 columns
Presolve time: 23.40s
Presolved: 1242 rows, 45720 columns, 55242914 nonzeros
Ordering time: 0.02s

Barrier statistics:
 AA' NZ     : 7.707e+05
 Factor NZ  : 7.719e+05 (roughly 25 MBytes of memory)
 Factor Ops : 6.394e+08 (less than 1 second per iteration)
 Threads    : 24

                  Objective                Residual
Iter       Primal          Dual         Primal    Dual     Compl     Time
   0   1.40988509e+08  8.79937936e+04  1.26e+02 0.00e+00  4.94e+03    30s
   1   1.91835959e+05  8.79650430e+04  1.54e-01 5.82e-11  6.79e+00    30s
   2   1.28130702e+05  7.50736295e+04  9.75e-02 3.59e-09  3.96e+00    31s
   3   4.40219375e+04  5.40632277e+04  2.37e-02 1.48e-08  1.04e+00    32s
   4   3.11042605e+04  3.36270309e+04  1.25e-02 2.40e-08  4.22e-01    33s
   5   2.77994522e+04  2.84805782e+04  9.65e-03 2.61e-08  2.99e-01    34s
   6   2.62106023e+04  2.58841918e+04  8.38e-03 3.24e-08  2.45e-01    35s
   7   2.44906170e+04  2.38792896e+04  7.04e-03 4.06e-08  2.01e-01    35s
   8   2.34965581e+04  2.21719365e+04  6.32e-03 3.84e-08  1.71e-01    36s
   9   2.18117409e+04  2.08418171e+04  5.14e-03 4.69e-08  1.40e-01    37s
  10   2.09120052e+04  1.95330193e+04  4.54e-03 6.21e-08  1.18e-01    38s
  11   2.04130465e+04  1.86425318e+04  4.22e-03 4.20e-08  1.05e-01    39s
  12   2.00369471e+04  1.83813070e+04  3.98e-03 4.51e-08  9.90e-02    39s
  13   1.94935542e+04  1.78262203e+04  3.65e-03 4.32e-08  8.94e-02    40s
  14   1.87403560e+04  1.70983430e+04  3.19e-03 5.41e-08  7.68e-02    41s
  15   1.83545417e+04  1.65428495e+04  2.97e-03 4.68e-08  6.88e-02    42s
  16   1.77899929e+04  1.60743543e+04  2.65e-03 4.68e-08  6.07e-02    43s
  17   1.73907205e+04  1.57183609e+04  2.43e-03 4.84e-08  5.49e-02    43s
  18   1.70943865e+04  1.53736139e+04  2.26e-03 7.82e-08  5.01e-02    44s
  19   1.67859519e+04  1.49567619e+04  2.10e-03 7.82e-08  4.45e-02    45s
  20   1.65878306e+04  1.46732295e+04  2.01e-03 7.08e-08  4.12e-02    46s
  21   1.64097804e+04  1.44840662e+04  1.92e-03 5.93e-08  3.86e-02    47s
  22   1.59350775e+04  1.42381667e+04  1.68e-03 4.85e-08  3.42e-02    47s
  23   1.55477037e+04  1.40811783e+04  1.48e-03 5.09e-08  3.11e-02    48s
  24   1.53086859e+04  1.37839549e+04  1.37e-03 6.45e-08  2.74e-02    49s
  25   1.49256799e+04  1.35560457e+04  1.19e-03 5.30e-08  2.39e-02    50s
  26   1.48643811e+04  1.33925165e+04  1.16e-03 7.08e-08  2.25e-02    51s
  27   1.45850210e+04  1.33017368e+04  1.04e-03 1.08e-07  2.07e-02    51s
  28   1.44630827e+04  1.31342356e+04  9.84e-04 1.99e-07  1.89e-02    52s
  29   1.43110682e+04  1.29648832e+04  9.23e-04 2.29e-07  1.71e-02    53s
  30   1.40717755e+04  1.27970390e+04  8.25e-04 9.87e-08  1.50e-02    54s
  31   1.39212408e+04  1.27327847e+04  7.63e-04 1.51e-07  1.40e-02    55s
  32   1.38110981e+04  1.25909967e+04  7.21e-04 8.20e-08  1.24e-02    55s
  33   1.35982764e+04  1.24995893e+04  6.36e-04 7.58e-08  1.09e-02    56s
  34   1.35720859e+04  1.24543855e+04  6.26e-04 5.78e-08  1.05e-02    57s
  35   1.35344323e+04  1.24517487e+04  6.12e-04 5.15e-08  1.03e-02    58s
  36   1.34275339e+04  1.23941192e+04  5.70e-04 6.46e-08  9.54e-03    59s
  37   1.33341227e+04  1.23432952e+04  5.34e-04 6.26e-08  8.89e-03    59s
  38   1.32140207e+04  1.23056865e+04  4.88e-04 5.58e-08  8.20e-03    60s
  39   1.31234239e+04  1.22647695e+04  4.54e-04 5.56e-08  7.61e-03    61s
  40   1.30244580e+04  1.22053273e+04  4.17e-04 6.56e-08  6.77e-03    62s
  41   1.29258546e+04  1.21768171e+04  3.80e-04 6.30e-08  6.21e-03    63s
  42   1.28840140e+04  1.21532082e+04  3.64e-04 5.14e-08  5.90e-03    64s
  43   1.28420724e+04  1.21039083e+04  3.49e-04 6.61e-08  5.33e-03    64s
  44   1.27903717e+04  1.20653874e+04  3.30e-04 7.08e-08  4.84e-03    65s
  45   1.27122536e+04  1.20492698e+04  3.01e-04 7.82e-08  4.44e-03    66s
  46   1.26908037e+04  1.20289587e+04  2.93e-04 5.61e-08  4.21e-03    67s
  47   1.26628372e+04  1.20076015e+04  2.83e-04 6.71e-08  3.97e-03    68s
  48   1.26052081e+04  1.19843365e+04  2.62e-04 7.08e-08  3.62e-03    68s
  49   1.25549984e+04  1.19709102e+04  2.44e-04 5.59e-08  3.35e-03    69s
  50   1.24757261e+04  1.19649053e+04  2.16e-04 1.04e-07  3.04e-03    70s
  51   1.24458986e+04  1.19450020e+04  2.06e-04 1.53e-07  2.80e-03    71s
  52   1.24210907e+04  1.19290098e+04  1.98e-04 1.12e-07  2.58e-03    72s
  53   1.23734666e+04  1.19209602e+04  1.81e-04 8.57e-08  2.36e-03    72s
  54   1.23376830e+04  1.19157522e+04  1.69e-04 8.94e-08  2.21e-03    73s
  55   1.23166470e+04  1.19065826e+04  1.61e-04 8.94e-08  2.07e-03    74s
  56   1.22792787e+04  1.18977003e+04  1.49e-04 1.77e-07  1.88e-03    75s
  57   1.22601553e+04  1.18932179e+04  1.42e-04 9.69e-08  1.79e-03    76s
  58   1.22263149e+04  1.18900507e+04  1.31e-04 1.23e-07  1.66e-03    77s
  59   1.22062444e+04  1.18843664e+04  1.24e-04 1.62e-07  1.56e-03    78s
  60   1.21869563e+04  1.18801091e+04  1.17e-04 2.12e-07  1.47e-03    78s
  61   1.21709611e+04  1.18752172e+04  1.12e-04 8.01e-08  1.38e-03    79s
  62   1.21587951e+04  1.18734339e+04  1.08e-04 1.40e-07  1.33e-03    80s
  63   1.21439094e+04  1.18694366e+04  1.03e-04 1.68e-07  1.26e-03    81s
  64   1.21286253e+04  1.18659782e+04  9.76e-05 6.67e-08  1.18e-03    82s
  65   1.21219744e+04  1.18625432e+04  9.54e-05 5.42e-08  1.15e-03    83s
  66   1.21043602e+04  1.18597331e+04  8.96e-05 6.45e-08  1.08e-03    83s
  67   1.20834005e+04  1.18566698e+04  8.27e-05 4.79e-08  9.88e-04    84s
  68   1.20662721e+04  1.18530340e+04  7.70e-05 5.41e-08  9.06e-04    85s
  69   1.20536842e+04  1.18511568e+04  7.29e-05 5.77e-08  8.54e-04    86s
  70   1.20424419e+04  1.18482746e+04  6.92e-05 5.46e-08  7.96e-04    87s
  71   1.20327315e+04  1.18466859e+04  6.61e-05 5.45e-08  7.57e-04    87s
  72   1.20179321e+04  1.18449294e+04  6.13e-05 6.75e-08  6.99e-04    88s
  73   1.20111701e+04  1.18433250e+04  5.91e-05 5.06e-08  6.68e-04    89s
  74   1.20018793e+04  1.18418563e+04  5.61e-05 6.62e-08  6.33e-04    90s
  75   1.19904141e+04  1.18403083e+04  5.24e-05 6.20e-08  5.86e-04    91s
  76   1.19839770e+04  1.18397088e+04  5.03e-05 7.59e-08  5.62e-04    91s
  77   1.19689431e+04  1.18384635e+04  4.55e-05 5.40e-08  5.12e-04    92s
  78   1.19604983e+04  1.18374488e+04  4.27e-05 6.06e-08  4.79e-04    93s
  79   1.19549604e+04  1.18368499e+04  4.10e-05 5.64e-08  4.58e-04    94s
  80   1.19478529e+04  1.18356031e+04  3.87e-05 5.24e-08  4.27e-04    95s
  81   1.19415759e+04  1.18347569e+04  3.67e-05 6.26e-08  4.02e-04    96s
  82   1.19328211e+04  1.18337801e+04  3.38e-05 4.50e-08  3.67e-04    96s
  83   1.19296298e+04  1.18334850e+04  3.28e-05 6.39e-08  3.56e-04    97s
  84   1.19224942e+04  1.18327692e+04  3.05e-05 7.35e-08  3.30e-04    98s
  85   1.19183099e+04  1.18319909e+04  2.92e-05 6.84e-08  3.13e-04    99s
  86   1.19108951e+04  1.18311791e+04  2.69e-05 1.27e-07  2.85e-04   100s
  87   1.19065457e+04  1.18305351e+04  2.55e-05 7.82e-08  2.68e-04   100s
  88   1.18993082e+04  1.18301899e+04  2.32e-05 2.27e-07  2.46e-04   101s
  89   1.18956176e+04  1.18295186e+04  2.20e-05 3.11e-07  2.30e-04   102s
  90   1.18944719e+04  1.18293354e+04  2.17e-05 2.25e-07  2.26e-04   103s
  91   1.18928343e+04  1.18288204e+04  2.12e-05 7.77e-08  2.17e-04   104s
  92   1.18852175e+04  1.18283639e+04  1.88e-05 2.38e-07  1.92e-04   105s
  93   1.18807461e+04  1.18279559e+04  1.74e-05 1.12e-07  1.77e-04   105s
  94   1.18771120e+04  1.18274299e+04  1.63e-05 8.75e-08  1.63e-04   106s
  95   1.18736545e+04  1.18271996e+04  1.52e-05 7.88e-08  1.52e-04   107s
  96   1.18699140e+04  1.18268805e+04  1.41e-05 6.86e-08  1.39e-04   108s
  97   1.18648910e+04  1.18266458e+04  1.25e-05 1.40e-07  1.25e-04   109s
  98   1.18629594e+04  1.18263590e+04  1.19e-05 1.90e-07  1.18e-04   109s
  99   1.18613861e+04  1.18260118e+04  1.15e-05 3.46e-07  1.11e-04   110s
 100   1.18577246e+04  1.18257615e+04  1.03e-05 1.25e-07  1.00e-04   111s
 101   1.18522981e+04  1.18254592e+04  8.68e-06 2.83e-07  8.39e-05   112s
 102   1.18479541e+04  1.18253256e+04  7.34e-06 3.19e-07  7.17e-05   113s
 103   1.18451387e+04  1.18249394e+04  6.47e-06 5.12e-08  6.08e-05   113s
 104   1.18425503e+04  1.18247630e+04  5.69e-06 1.75e-07  5.33e-05   114s
 105   1.18416968e+04  1.18244868e+04  5.43e-06 4.47e-07  4.86e-05   115s
 106   1.18406392e+04  1.18244522e+04  5.11e-06 4.64e-07  4.57e-05   116s
 107   1.18396596e+04  1.18243569e+04  4.81e-06 1.21e-07  4.24e-05   117s
 108   1.18384326e+04  1.18242878e+04  4.44e-06 5.69e-08  3.88e-05   118s
 109   1.18359907e+04  1.18242175e+04  3.69e-06 7.08e-08  3.22e-05   118s
 110   1.18337789e+04  1.18241531e+04  3.01e-06 6.44e-08  2.62e-05   119s
 111   1.18310750e+04  1.18240758e+04  2.19e-06 5.91e-08  1.93e-05   120s
 112   1.18295540e+04  1.18240055e+04  1.73e-06 5.79e-08  1.48e-05   121s
 113   1.18284355e+04  1.18239756e+04  1.39e-06 7.22e-08  1.21e-05   122s
 114   1.18274686e+04  1.18239268e+04  1.10e-06 5.50e-08  9.41e-06   122s
 115   1.18263296e+04  1.18238834e+04  7.63e-07 7.76e-08  6.57e-06   123s
 116   1.18253790e+04  1.18238616e+04  4.76e-07 6.44e-08  4.19e-06   124s
 117   1.18248592e+04  1.18238254e+04  3.21e-07 6.71e-08  2.74e-06   125s
 118   1.18247428e+04  1.18238144e+04  2.87e-07 7.08e-08  2.39e-06   126s
 119   1.18244649e+04  1.18238065e+04  2.04e-07 2.51e-07  1.71e-06   126s
 120   1.18241001e+04  1.18237954e+04  9.53e-08 2.53e-07  8.31e-07   127s
 121   1.18238721e+04  1.18237894e+04  2.70e-08 6.62e-08  2.74e-07   128s
 122   1.18238101e+04  1.18237851e+04  8.27e-09 6.12e-08  8.86e-08   129s
 123   1.18237959e+04  1.18237839e+04  4.00e-09 8.72e-07  4.29e-08   129s
 124   1.18237886e+04  1.18237833e+04  1.77e-09 8.18e-07  1.90e-08   130s
 125   1.18237846e+04  1.18237829e+04  5.44e-10 1.62e-07  5.54e-09   131s
 126   1.18237832e+04  1.18237828e+04  1.14e-10 3.73e-07  1.16e-09   132s

Barrier solved model in 126 iterations and 132.23 seconds
Optimal objective 1.18237832e+04

Optimization finished!
Restarting optimization for throughput iteration 1...
Gurobi Optimizer version 9.0.2 build v9.0.2rc0 (linux64)
Optimize a model with 2484 rows, 44478 columns and 110483348 nonzeros
Model fingerprint: 0xf26e1102
Coefficient statistics:
  Matrix range     [1e-13, 3e-05]
  Objective range  [7e-02, 1e+00]
  Bounds range     [1e+00, 1e+00]
  RHS range        [3e-06, 3e-06]
Presolve removed 0 rows and 0 columns (presolve time = 9s) ...
Presolve removed 0 rows and 0 columns (presolve time = 21s) ...
Presolve removed 1242 rows and 0 columns
Presolve time: 23.39s
Presolved: 1242 rows, 45720 columns, 55242914 nonzeros
Ordering time: 0.01s

Barrier statistics:
 AA' NZ     : 7.707e+05
 Factor NZ  : 7.719e+05 (roughly 25 MBytes of memory)
 Factor Ops : 6.394e+08 (less than 1 second per iteration)
 Threads    : 24

                  Objective                Residual
Iter       Primal          Dual         Primal    Dual     Compl     Time
   0   1.40988509e+08  8.70849428e+04  1.26e+02 3.64e-12  4.94e+03    30s
   1   2.02112399e+05  8.70564278e+04  1.64e-01 5.09e-11  7.13e+00    30s
   2   1.35544259e+05  7.48359195e+04  1.04e-01 4.32e-09  4.22e+00    31s
   3   4.16944614e+04  5.42319865e+04  2.21e-02 1.30e-08  1.02e+00    32s
   4   3.09319422e+04  3.47567955e+04  1.28e-02 3.29e-08  4.70e-01    33s
   5   2.76473253e+04  3.02200206e+04  1.02e-02 2.52e-08  3.56e-01    34s
   6   2.56337653e+04  2.65717981e+04  8.64e-03 3.07e-08  2.85e-01    34s
   7   2.28878673e+04  2.44614922e+04  6.69e-03 4.23e-08  2.28e-01    35s
   8   2.22402677e+04  2.30739149e+04  6.26e-03 4.78e-08  2.06e-01    36s
   9   2.18449990e+04  2.18236314e+04  6.02e-03 3.96e-08  1.88e-01    36s
  10   2.00345171e+04  2.02659415e+04  4.87e-03 5.45e-08  1.54e-01    37s
  11   1.93953890e+04  1.89447347e+04  4.47e-03 4.23e-08  1.35e-01    38s
  12   1.85470213e+04  1.82110833e+04  3.98e-03 4.23e-08  1.20e-01    39s
  13   1.81762324e+04  1.75691689e+04  3.76e-03 5.49e-08  1.11e-01    40s
  14   1.76131661e+04  1.65840835e+04  3.45e-03 7.04e-08  9.68e-02    41s
  15   1.71775827e+04  1.61421794e+04  3.21e-03 4.35e-08  8.96e-02    41s
  16   1.63462221e+04  1.54812453e+04  2.77e-03 4.71e-08  7.79e-02    42s
  17   1.61061317e+04  1.48952892e+04  2.66e-03 7.25e-08  7.10e-02    43s
  18   1.54803295e+04  1.42398798e+04  2.34e-03 8.94e-08  6.10e-02    44s
  19   1.50092066e+04  1.36922949e+04  2.11e-03 1.77e-07  5.33e-02    45s
  20   1.45899378e+04  1.32541801e+04  1.90e-03 1.70e-07  4.70e-02    45s
  21   1.43970858e+04  1.30572247e+04  1.81e-03 1.36e-07  4.44e-02    46s
  22   1.41262794e+04  1.28593180e+04  1.69e-03 2.14e-07  4.17e-02    47s
  23   1.40064293e+04  1.25043554e+04  1.64e-03 2.85e-07  3.81e-02    48s
  24   1.34598433e+04  1.22109764e+04  1.39e-03 2.81e-07  3.34e-02    49s
  25   1.31458822e+04  1.16671581e+04  1.26e-03 9.69e-08  2.76e-02    50s
  26   1.29233610e+04  1.14538176e+04  1.17e-03 1.27e-07  2.51e-02    50s
  27   1.25740473e+04  1.12968956e+04  1.03e-03 1.43e-07  2.24e-02    51s
  28   1.23599185e+04  1.11551091e+04  9.42e-04 1.56e-07  2.03e-02    52s
  29   1.21560026e+04  1.09267589e+04  8.61e-04 9.87e-08  1.74e-02    53s
  30   1.20334896e+04  1.08845024e+04  8.13e-04 7.82e-08  1.66e-02    54s
  31   1.19089699e+04  1.08230299e+04  7.64e-04 7.08e-08  1.56e-02    54s
  32   1.18042812e+04  1.06693967e+04  7.26e-04 2.61e-07  1.38e-02    55s
  33   1.17129022e+04  1.04848854e+04  6.90e-04 4.27e-07  1.16e-02    56s
  34   1.15298535e+04  1.03650203e+04  6.18e-04 4.10e-07  9.88e-03    57s
  35   1.14635699e+04  1.03163629e+04  5.93e-04 3.00e-07  9.19e-03    58s
  36   1.12471619e+04  1.02872285e+04  5.09e-04 2.42e-07  8.25e-03    58s
  37   1.10786849e+04  1.02149732e+04  4.45e-04 1.94e-07  7.04e-03    59s
  38   1.10256837e+04  1.01536246e+04  4.26e-04 1.54e-07  6.32e-03    60s
  39   1.08769669e+04  1.01081508e+04  3.70e-04 1.29e-07  5.48e-03    61s
  40   1.08089655e+04  1.00915864e+04  3.46e-04 1.23e-07  5.14e-03    62s
  41   1.07724093e+04  1.00542725e+04  3.33e-04 1.08e-07  4.71e-03    63s
  42   1.06796237e+04  1.00383734e+04  2.99e-04 1.00e-07  4.30e-03    63s
  43   1.06359065e+04  9.99587720e+03  2.83e-04 9.50e-08  3.81e-03    64s
  44   1.05799558e+04  9.97244986e+03  2.63e-04 2.14e-07  3.45e-03    65s
  45   1.05438916e+04  9.96515180e+03  2.50e-04 1.92e-07  3.29e-03    66s
  46   1.04699542e+04  9.94758848e+03  2.23e-04 1.79e-07  2.93e-03    67s
  47   1.04439357e+04  9.93543788e+03  2.14e-04 1.12e-07  2.75e-03    67s
  48   1.04010028e+04  9.92374748e+03  1.98e-04 9.31e-08  2.53e-03    68s
  49   1.03692829e+04  9.91114641e+03  1.87e-04 6.02e-08  2.34e-03    69s
  50   1.03469674e+04  9.90672904e+03  1.80e-04 7.09e-08  2.25e-03    70s
  51   1.02985489e+04  9.90535813e+03  1.63e-04 5.37e-08  2.10e-03    71s
  52   1.02690228e+04  9.90089709e+03  1.52e-04 1.10e-07  1.98e-03    71s
  53   1.02219592e+04  9.89446704e+03  1.36e-04 6.33e-08  1.80e-03    72s
  54   1.02107074e+04  9.88785268e+03  1.32e-04 6.75e-08  1.73e-03    73s
  55   1.02010597e+04  9.88141658e+03  1.29e-04 6.90e-08  1.66e-03    74s
  56   1.01781996e+04  9.87539961e+03  1.21e-04 7.04e-08  1.56e-03    75s
  57   1.01665638e+04  9.86889123e+03  1.17e-04 6.71e-08  1.49e-03    75s
  58   1.01328971e+04  9.86302734e+03  1.06e-04 6.75e-08  1.35e-03    76s
  59   1.01273738e+04  9.85749401e+03  1.04e-04 6.54e-08  1.30e-03    77s
  60   1.01149270e+04  9.85204546e+03  9.97e-05 6.44e-08  1.23e-03    78s
  61   1.00914142e+04  9.84828608e+03  9.20e-05 9.00e-08  1.14e-03    79s
  62   1.00753459e+04  9.84483013e+03  8.67e-05 5.22e-08  1.06e-03    80s
  63   1.00561303e+04  9.84086457e+03  8.04e-05 7.22e-08  9.77e-04    80s
  64   1.00511616e+04  9.83828253e+03  7.88e-05 6.29e-08  9.45e-04    81s
  65   1.00290620e+04  9.83424224e+03  7.16e-05 5.76e-08  8.52e-04    82s
  66   1.00135419e+04  9.83252689e+03  6.66e-05 4.73e-08  8.00e-04    83s
  67   9.99365511e+03  9.82960731e+03  6.02e-05 4.86e-08  7.25e-04    84s
  68   9.98323028e+03  9.82723419e+03  5.68e-05 5.06e-08  6.77e-04    84s
  69   9.96906689e+03  9.82460078e+03  5.22e-05 5.13e-08  6.17e-04    85s
  70   9.95641428e+03  9.82240084e+03  4.82e-05 5.02e-08  5.65e-04    86s
  71   9.94882482e+03  9.82101433e+03  4.57e-05 6.28e-08  5.33e-04    87s
  72   9.94015948e+03  9.82041403e+03  4.30e-05 5.26e-08  5.07e-04    88s
  73   9.93271051e+03  9.81881513e+03  4.06e-05 5.59e-08  4.75e-04    88s
  74   9.92455212e+03  9.81702385e+03  3.80e-05 8.08e-08  4.40e-04    89s
  75   9.91751961e+03  9.81528198e+03  3.58e-05 5.26e-08  4.09e-04    90s
  76   9.90929568e+03  9.81432333e+03  3.32e-05 5.81e-08  3.81e-04    91s
  77   9.90594438e+03  9.81304006e+03  3.22e-05 5.66e-08  3.62e-04    92s
  78   9.90356963e+03  9.81174856e+03  3.15e-05 5.15e-08  3.44e-04    92s
  79   9.89911233e+03  9.81055325e+03  3.01e-05 6.71e-08  3.22e-04    93s
  80   9.89362754e+03  9.80938353e+03  2.84e-05 1.62e-07  2.98e-04    94s
  81   9.88702764e+03  9.80869378e+03  2.63e-05 1.64e-07  2.76e-04    95s
  82   9.88592827e+03  9.80845915e+03  2.60e-05 1.43e-07  2.72e-04    96s
  83   9.88187803e+03  9.80781303e+03  2.47e-05 2.03e-07  2.58e-04    96s
  84   9.87703851e+03  9.80737708e+03  2.32e-05 2.12e-07  2.43e-04    97s
  85   9.87341740e+03  9.80691321e+03  2.21e-05 1.55e-07  2.31e-04    98s
  86   9.87191413e+03  9.80649421e+03  2.16e-05 2.20e-07  2.24e-04    99s
  87   9.86797958e+03  9.80577624e+03  2.04e-05 1.88e-07  2.09e-04   100s
  88   9.86569422e+03  9.80534589e+03  1.97e-05 1.14e-07  2.02e-04   100s
  89   9.86310674e+03  9.80486778e+03  1.89e-05 6.20e-08  1.92e-04   101s
  90   9.86069882e+03  9.80455528e+03  1.82e-05 5.18e-08  1.84e-04   102s
  91   9.85696851e+03  9.80444662e+03  1.71e-05 6.98e-08  1.75e-04   103s
  92   9.85355539e+03  9.80387949e+03  1.60e-05 1.10e-07  1.63e-04   104s
  93   9.84874651e+03  9.80331427e+03  1.46e-05 8.57e-08  1.46e-04   104s
  94   9.84737370e+03  9.80302156e+03  1.42e-05 6.99e-08  1.41e-04   105s
  95   9.84439882e+03  9.80280552e+03  1.33e-05 5.38e-08  1.32e-04   106s
  96   9.84136533e+03  9.80251056e+03  1.24e-05 5.56e-08  1.22e-04   107s
  97   9.83823831e+03  9.80240616e+03  1.14e-05 4.97e-08  1.14e-04   108s
  98   9.83552418e+03  9.80206764e+03  1.06e-05 6.35e-08  1.05e-04   108s
  99   9.83334429e+03  9.80182483e+03  9.97e-06 6.07e-08  9.75e-05   109s
 100   9.83175857e+03  9.80175146e+03  9.50e-06 5.85e-08  9.33e-05   110s
 101   9.83045990e+03  9.80164275e+03  9.12e-06 6.09e-08  8.94e-05   111s
 102   9.82802740e+03  9.80144908e+03  8.39e-06 6.40e-08  8.21e-05   112s
 103   9.82561288e+03  9.80118629e+03  7.67e-06 1.64e-07  7.38e-05   112s
 104   9.82317846e+03  9.80101753e+03  6.95e-06 1.45e-07  6.68e-05   113s
 105   9.82130563e+03  9.80091633e+03  6.40e-06 2.09e-07  6.17e-05   114s
 106   9.81901615e+03  9.80081950e+03  5.73e-06 3.11e-07  5.58e-05   115s
 107   9.81842924e+03  9.80080094e+03  5.56e-06 2.96e-07  5.44e-05   116s
 108   9.81740805e+03  9.80068979e+03  5.25e-06 2.38e-07  5.11e-05   116s
 109   9.81685124e+03  9.80060649e+03  5.09e-06 1.99e-07  4.91e-05   117s
 110   9.81514039e+03  9.80050011e+03  4.59e-06 1.30e-07  4.44e-05   118s
 111   9.81310242e+03  9.80039224e+03  3.99e-06 8.38e-08  3.91e-05   119s
 112   9.81241504e+03  9.80023621e+03  3.79e-06 1.73e-07  3.60e-05   120s
 113   9.81107920e+03  9.80013442e+03  3.40e-06 2.66e-07  3.21e-05   121s
 114   9.81041120e+03  9.80008591e+03  3.21e-06 2.14e-07  3.01e-05   121s
 115   9.80927870e+03  9.80001854e+03  2.88e-06 2.27e-07  2.71e-05   122s
 116   9.80793927e+03  9.79991359e+03  2.49e-06 7.31e-08  2.32e-05   123s
 117   9.80639042e+03  9.79982836e+03  2.04e-06 1.36e-07  1.93e-05   124s
 118   9.80558385e+03  9.79962597e+03  1.80e-06 5.63e-08  1.55e-05   125s
 119   9.80412336e+03  9.79961066e+03  1.38e-06 5.40e-08  1.23e-05   126s
 120   9.80306491e+03  9.79956381e+03  1.08e-06 7.40e-08  9.81e-06   126s
 121   9.80214375e+03  9.79947591e+03  8.11e-07 1.12e-07  7.10e-06   127s
 122   9.80169404e+03  9.79943210e+03  6.82e-07 9.31e-08  5.74e-06   128s
 123   9.80078995e+03  9.79940470e+03  4.21e-07 9.13e-08  3.68e-06   129s
 124   9.80016378e+03  9.79937984e+03  2.40e-07 7.17e-08  2.18e-06   130s
 125   9.79984053e+03  9.79936118e+03  1.47e-07 1.02e-07  1.33e-06   130s
 126   9.79965735e+03  9.79935381e+03  9.38e-08 6.65e-08  8.77e-07   131s
 127   9.79944625e+03  9.79934665e+03  3.24e-08 5.40e-08  3.62e-07   132s
 128   9.79936475e+03  9.79934045e+03  8.60e-09 6.57e-08  1.19e-07   132s
 129   9.79934626e+03  9.79933718e+03  3.10e-09 7.40e-08  3.93e-08   133s
 130   9.79933703e+03  9.79933621e+03  3.61e-10 9.69e-08  7.16e-09   134s
 131   9.79933600e+03  9.79933596e+03  3.90e-11 8.57e-08  1.31e-09   134s

Barrier solved model in 131 iterations and 134.44 seconds
Optimal objective 9.79933600e+03

WARNING: VerifyWarning: Keyword name 'LS_ALIGN_TOl' is greater than 8 characters or contains characters not allowed by the FITS standard; a HIERARCH card will be created. [astropy.io.fits.card]
WARNING: VerifyWarning: Keyword name 'LS_NUM_STOPS' is greater than 8 characters or contains characters not allowed by the FITS standard; a HIERARCH card will be created. [astropy.io.fits.card]
WARNING: VerifyWarning: Keyword name 'PROG_START' is greater than 8 characters or contains characters not allowed by the FITS standard; a HIERARCH card will be created. [astropy.io.fits.card]
WARNING: VerifyWarning: Keyword name 'PROG_EDGE' is greater than 8 characters or contains characters not allowed by the FITS standard; a HIERARCH card will be created. [astropy.io.fits.card]
WARNING: VerifyWarning: Keyword name 'THRPT_ITER' is greater than 8 characters or contains characters not allowed by the FITS standard; a HIERARCH card will be created. [astropy.io.fits.card]
WARNING: VerifyWarning: Keyword name 'THRPT_ESTIM' is greater than 8 characters or contains characters not allowed by the FITS standard; a HIERARCH card will be created. [astropy.io.fits.card]
WARNING: VerifyWarning: Keyword name 'MAX_THRPT' is greater than 8 characters or contains characters not allowed by the FITS standard; a HIERARCH card will be created. [astropy.io.fits.card]
WARNING: VerifyWarning: Keyword name 'SLV_THRDS' is greater than 8 characters or contains characters not allowed by the FITS standard; a HIERARCH card will be created. [astropy.io.fits.card]
WARNING: VerifyWarning: Keyword name 'SLV_XOVER' is greater than 8 characters or contains characters not allowed by the FITS standard; a HIERARCH card will be created. [astropy.io.fits.card]
WARNING: VerifyWarning: Card is too long, comment will be truncated. [astropy.io.fits.card]
Optimization finished!
