Optimizer called with the following parameters:
{'focal_plane_mask': {'field_stop_radius': -1.0,
                      'grayscale': True,
                      'num_pix': 150,
                      'radius': 3.5},
 'image': {'bandwidth': 0.1,
           'contrast': 10,
           'iwa': 3.4,
           'num_wavelengths': 3,
           'owa': 12.0,
           'resolution': 2},
 'instrument': {'inst_name': 'SCDA'},
 'lyot_stop': {'alignment_tolerance': 0,
               'filename': 'SCDA/LS_SCDA_ID0120_OD0982_no_struts_gy_ovsamp3_N0500.fits',
               'num_lyot_stops': 1},
 'method': {'edge_width_for_prior': 2,
            'ending_scale': 1,
            'force_no_hermitian_symmetry': False,
            'force_no_x_mirror_symmetry': False,
            'force_no_y_mirror_symmetry': False,
            'initial_throughput_estimate': 1,
            'maximize_planet_throughput': True,
            'num_throughput_iterations': 2,
            'starting_scale': 1},
 'pupil': {'N': 500,
           'filename': 'SCDA/TelAp_SCDA_06-Hex_clipped_gy_gap_pad02_ovsamp03_N0500.fits'},
 'solver': {'crossover': 0,
            'method': 2,
            'num_threads': 0}}

File organization:
{'analysis_dir': '/user/bnickson/git_hub/aplc_optimization/surveys/scda_scda_segment_size_clipped_N0500_telserv3/analysis',
 'drivers_dir': '/user/bnickson/git_hub/aplc_optimization/surveys/scda_scda_segment_size_clipped_N0500_telserv3/drivers',
 'input_files_dir': '/user/bnickson/git_hub/aplc_optimization/masks',
 'log_dir': '/user/bnickson/git_hub/aplc_optimization/surveys/scda_scda_segment_size_clipped_N0500_telserv3/logs',
 'solution_dir': '/user/bnickson/git_hub/aplc_optimization/surveys/scda_scda_segment_size_clipped_N0500_telserv3/solutions',
 'survey_dir': '/user/bnickson/git_hub/aplc_optimization/surveys/scda_scda_segment_size_clipped_N0500_telserv3'}

Telescope pupil:
   Mirror symmetry in x: yes
   Mirror symmetry in y: yes

Lyot stop #0:
   Mirror symmetry in x: yes
Lyot stop #0:
   Mirror symmetry in y: yes

Complete APLC:
   Mirror symmetry in x: yes
   Mirror symmetry in y: yes

Starting optimization at scale 1 with 44026 variables and 1242 constraints.
Creating model...
Using license file /home/bnickson/gurobi.lic
Academic license - for non-commercial use only
Parameter Threads unchanged
   Value: 0  Min: 0  Max: 1024  Default: 0
Changed value of parameter Crossover to 0
   Prev: -1  Min: -1  Max: 5  Default: -1
Changed value of parameter Method to 2
   Prev: -1  Min: -1  Max: 5  Default: -1
Calculating and adding constraints...
Wavelength 1/3; Variable 1000/44026
Wavelength 1/3; Variable 2000/44026
Wavelength 1/3; Variable 3000/44026
Wavelength 1/3; Variable 4000/44026
Wavelength 1/3; Variable 5000/44026
Wavelength 1/3; Variable 6000/44026
Wavelength 1/3; Variable 7000/44026
Wavelength 1/3; Variable 8000/44026
Wavelength 1/3; Variable 9000/44026
Wavelength 1/3; Variable 10000/44026
Wavelength 1/3; Variable 11000/44026
Wavelength 1/3; Variable 12000/44026
Wavelength 1/3; Variable 13000/44026
Wavelength 1/3; Variable 14000/44026
Wavelength 1/3; Variable 15000/44026
Wavelength 1/3; Variable 16000/44026
Wavelength 1/3; Variable 17000/44026
Wavelength 1/3; Variable 18000/44026
Wavelength 1/3; Variable 19000/44026
Wavelength 1/3; Variable 20000/44026
Wavelength 1/3; Variable 21000/44026
Wavelength 1/3; Variable 22000/44026
Wavelength 1/3; Variable 23000/44026
Wavelength 1/3; Variable 24000/44026
Wavelength 1/3; Variable 25000/44026
Wavelength 1/3; Variable 26000/44026
Wavelength 1/3; Variable 27000/44026
Wavelength 1/3; Variable 28000/44026
Wavelength 1/3; Variable 29000/44026
Wavelength 1/3; Variable 30000/44026
Wavelength 1/3; Variable 31000/44026
Wavelength 1/3; Variable 32000/44026
Wavelength 1/3; Variable 33000/44026
Wavelength 1/3; Variable 34000/44026
Wavelength 1/3; Variable 35000/44026
Wavelength 1/3; Variable 36000/44026
Wavelength 1/3; Variable 37000/44026
Wavelength 1/3; Variable 38000/44026
Wavelength 1/3; Variable 39000/44026
Wavelength 1/3; Variable 40000/44026
Wavelength 1/3; Variable 41000/44026
Wavelength 1/3; Variable 42000/44026
Wavelength 1/3; Variable 43000/44026
Wavelength 1/3; Variable 44000/44026
Wavelength 2/3; Variable 1000/44026
Wavelength 2/3; Variable 2000/44026
Wavelength 2/3; Variable 3000/44026
Wavelength 2/3; Variable 4000/44026
Wavelength 2/3; Variable 5000/44026
Wavelength 2/3; Variable 6000/44026
Wavelength 2/3; Variable 7000/44026
Wavelength 2/3; Variable 8000/44026
Wavelength 2/3; Variable 9000/44026
Wavelength 2/3; Variable 10000/44026
Wavelength 2/3; Variable 11000/44026
Wavelength 2/3; Variable 12000/44026
Wavelength 2/3; Variable 13000/44026
Wavelength 2/3; Variable 14000/44026
Wavelength 2/3; Variable 15000/44026
Wavelength 2/3; Variable 16000/44026
Wavelength 2/3; Variable 17000/44026
Wavelength 2/3; Variable 18000/44026
Wavelength 2/3; Variable 19000/44026
Wavelength 2/3; Variable 20000/44026
Wavelength 2/3; Variable 21000/44026
Wavelength 2/3; Variable 22000/44026
Wavelength 2/3; Variable 23000/44026
Wavelength 2/3; Variable 24000/44026
Wavelength 2/3; Variable 25000/44026
Wavelength 2/3; Variable 26000/44026
Wavelength 2/3; Variable 27000/44026
Wavelength 2/3; Variable 28000/44026
Wavelength 2/3; Variable 29000/44026
Wavelength 2/3; Variable 30000/44026
Wavelength 2/3; Variable 31000/44026
Wavelength 2/3; Variable 32000/44026
Wavelength 2/3; Variable 33000/44026
Wavelength 2/3; Variable 34000/44026
Wavelength 2/3; Variable 35000/44026
Wavelength 2/3; Variable 36000/44026
Wavelength 2/3; Variable 37000/44026
Wavelength 2/3; Variable 38000/44026
Wavelength 2/3; Variable 39000/44026
Wavelength 2/3; Variable 40000/44026
Wavelength 2/3; Variable 41000/44026
Wavelength 2/3; Variable 42000/44026
Wavelength 2/3; Variable 43000/44026
Wavelength 2/3; Variable 44000/44026
Warning for adding constraints: zero or small (< 1e-13) coefficients, ignored
Wavelength 3/3; Variable 1000/44026
Wavelength 3/3; Variable 2000/44026
Wavelength 3/3; Variable 3000/44026
Wavelength 3/3; Variable 4000/44026
Wavelength 3/3; Variable 5000/44026
Wavelength 3/3; Variable 6000/44026
Wavelength 3/3; Variable 7000/44026
Wavelength 3/3; Variable 8000/44026
Wavelength 3/3; Variable 9000/44026
Wavelength 3/3; Variable 10000/44026
Wavelength 3/3; Variable 11000/44026
Wavelength 3/3; Variable 12000/44026
Wavelength 3/3; Variable 13000/44026
Wavelength 3/3; Variable 14000/44026
Wavelength 3/3; Variable 15000/44026
Wavelength 3/3; Variable 16000/44026
Wavelength 3/3; Variable 17000/44026
Wavelength 3/3; Variable 18000/44026
Wavelength 3/3; Variable 19000/44026
Wavelength 3/3; Variable 20000/44026
Wavelength 3/3; Variable 21000/44026
Wavelength 3/3; Variable 22000/44026
Wavelength 3/3; Variable 23000/44026
Wavelength 3/3; Variable 24000/44026
Wavelength 3/3; Variable 25000/44026
Wavelength 3/3; Variable 26000/44026
Wavelength 3/3; Variable 27000/44026
Wavelength 3/3; Variable 28000/44026
Wavelength 3/3; Variable 29000/44026
Wavelength 3/3; Variable 30000/44026
Wavelength 3/3; Variable 31000/44026
Wavelength 3/3; Variable 32000/44026
Wavelength 3/3; Variable 33000/44026
Wavelength 3/3; Variable 34000/44026
Wavelength 3/3; Variable 35000/44026
Wavelength 3/3; Variable 36000/44026
Wavelength 3/3; Variable 37000/44026
Wavelength 3/3; Variable 38000/44026
Wavelength 3/3; Variable 39000/44026
Wavelength 3/3; Variable 40000/44026
Wavelength 3/3; Variable 41000/44026
Wavelength 3/3; Variable 42000/44026
Wavelength 3/3; Variable 43000/44026
Wavelength 3/3; Variable 44000/44026
Start optimization...
Gurobi Optimizer version 9.0.2 build v9.0.2rc0 (linux64)
Optimize a model with 2484 rows, 44026 columns and 109360578 nonzeros
Model fingerprint: 0x7fdfea38
Coefficient statistics:
  Matrix range     [1e-13, 3e-05]
  Objective range  [4e-02, 1e+00]
  Bounds range     [1e+00, 1e+00]
  RHS range        [1e-05, 1e-05]
Presolve removed 0 rows and 0 columns (presolve time = 9s) ...
Presolve removed 0 rows and 0 columns (presolve time = 22s) ...
Presolve removed 1242 rows and 0 columns
Presolve time: 24.55s
Presolved: 1242 rows, 45268 columns, 54681529 nonzeros
Ordering time: 0.02s

Barrier statistics:
 AA' NZ     : 7.707e+05
 Factor NZ  : 7.719e+05 (roughly 25 MBytes of memory)
 Factor Ops : 6.394e+08 (less than 1 second per iteration)
 Threads    : 24

                  Objective                Residual
Iter       Primal          Dual         Primal    Dual     Compl     Time
   0   1.39845391e+08  8.71586603e+04  1.15e+02 3.64e-12  4.94e+03    31s
   1   1.68356439e+05  8.71311715e+04  1.22e-01 5.09e-11  5.98e+00    32s
   2   9.64501784e+04  7.53916674e+04  6.28e-02 2.37e-09  2.98e+00    32s
   3   4.70347580e+04  5.50418806e+04  2.29e-02 1.19e-08  1.08e+00    33s
   4   3.20497308e+04  3.41729518e+04  1.14e-02 5.77e-08  4.24e-01    34s
   5   2.71991079e+04  2.72610943e+04  7.83e-03 4.20e-08  2.58e-01    35s
   6   2.48939546e+04  2.47545728e+04  6.41e-03 3.72e-08  2.07e-01    35s
   7   2.37661482e+04  2.17607528e+04  5.80e-03 5.85e-07  1.63e-01    36s
   8   2.21051124e+04  2.10037307e+04  4.80e-03 6.67e-07  1.41e-01    37s
   9   2.05131736e+04  2.06207042e+04  3.87e-03 5.03e-07  1.24e-01    38s
  10   1.96282409e+04  1.91268233e+04  3.37e-03 4.21e-07  1.02e-01    38s
  11   1.91507091e+04  1.83036475e+04  3.13e-03 3.13e-07  9.07e-02    39s
  12   1.80341263e+04  1.76624523e+04  2.55e-03 3.20e-07  7.74e-02    40s
  13   1.74740216e+04  1.66732528e+04  2.28e-03 7.79e-07  6.41e-02    41s
  14   1.66716077e+04  1.60978602e+04  1.89e-03 5.14e-07  5.42e-02    42s
  15   1.64350929e+04  1.57552247e+04  1.78e-03 7.45e-08  4.96e-02    42s
  16   1.60702149e+04  1.51537960e+04  1.62e-03 4.43e-07  4.20e-02    43s
  17   1.54330197e+04  1.46807464e+04  1.32e-03 1.45e-07  3.44e-02    44s
  18   1.49481783e+04  1.43291469e+04  1.10e-03 1.15e-07  2.88e-02    45s
  19   1.45581687e+04  1.41524196e+04  9.29e-04 3.05e-07  2.56e-02    46s
  20   1.42982107e+04  1.39215856e+04  8.16e-04 1.97e-07  2.24e-02    46s
  21   1.41689227e+04  1.36812270e+04  7.60e-04 7.96e-08  1.94e-02    47s
  22   1.39967184e+04  1.35605577e+04  6.88e-04 7.05e-08  1.77e-02    48s
  23   1.37233328e+04  1.32826712e+04  5.73e-04 8.34e-08  1.41e-02    49s
  24   1.35364749e+04  1.30499201e+04  4.96e-04 8.81e-08  1.11e-02    49s
  25   1.33761974e+04  1.29745545e+04  4.29e-04 7.90e-08  9.88e-03    50s
  26   1.32534555e+04  1.29233661e+04  3.79e-04 7.11e-08  9.03e-03    51s
  27   1.30744363e+04  1.27260210e+04  3.04e-04 1.08e-07  6.36e-03    52s
  28   1.29678448e+04  1.26155979e+04  2.59e-04 1.45e-07  4.83e-03    53s
  29   1.29185970e+04  1.25784539e+04  2.39e-04 1.23e-07  4.27e-03    53s
  30   1.27889406e+04  1.25405370e+04  1.83e-04 1.12e-07  3.42e-03    54s
  31   1.27562013e+04  1.25055656e+04  1.69e-04 5.63e-07  2.93e-03    55s
  32   1.27337984e+04  1.24955058e+04  1.60e-04 3.32e-07  2.75e-03    56s
  33   1.26739185e+04  1.24796159e+04  1.34e-04 2.05e-07  2.37e-03    57s
  34   1.26138031e+04  1.24592172e+04  1.09e-04 7.41e-07  1.94e-03    57s
  35   1.25553932e+04  1.24416411e+04  8.31e-05 8.53e-08  1.54e-03    58s
  36   1.25123129e+04  1.24265568e+04  6.43e-05 8.85e-08  1.21e-03    59s
  37   1.24955920e+04  1.24218936e+04  5.69e-05 7.54e-08  1.10e-03    60s
  38   1.24689341e+04  1.24074998e+04  4.51e-05 1.13e-06  8.39e-04    60s
  39   1.24663241e+04  1.24013408e+04  4.40e-05 8.77e-08  7.62e-04    61s
  40   1.24449265e+04  1.23966074e+04  3.42e-05 9.24e-07  6.18e-04    62s
  41   1.24379711e+04  1.23912913e+04  3.11e-05 1.24e-06  5.27e-04    63s
  42   1.24316538e+04  1.23892530e+04  2.80e-05 1.15e-06  4.72e-04    64s
  43   1.24230710e+04  1.23849106e+04  2.41e-05 1.90e-06  3.86e-04    64s
  44   1.24180183e+04  1.23839154e+04  2.17e-05 1.32e-06  3.52e-04    65s
  45   1.24135071e+04  1.23824320e+04  1.96e-05 1.42e-06  3.14e-04    66s
  46   1.24075494e+04  1.23804252e+04  1.68e-05 9.16e-08  2.64e-04    67s
  47   1.24010984e+04  1.23791571e+04  1.38e-05 1.06e-07  2.20e-04    67s
  48   1.23968401e+04  1.23778823e+04  1.18e-05 4.69e-07  1.86e-04    68s
  49   1.23926886e+04  1.23763598e+04  9.79e-06 2.15e-06  1.48e-04    69s
  50   1.23870599e+04  1.23752482e+04  7.13e-06 9.04e-08  1.08e-04    70s
  51   1.23841871e+04  1.23746865e+04  5.77e-06 4.99e-07  8.84e-05    71s
  52   1.23825761e+04  1.23739825e+04  5.03e-06 9.93e-08  7.36e-05    72s
  53   1.23806926e+04  1.23734104e+04  4.14e-06 1.01e-07  5.82e-05    72s
  54   1.23785926e+04  1.23730454e+04  3.14e-06 9.31e-08  4.41e-05    73s
  55   1.23769219e+04  1.23728933e+04  2.34e-06 8.34e-08  3.39e-05    74s
  56   1.23754503e+04  1.23725711e+04  1.64e-06 2.44e-06  2.32e-05    75s
  57   1.23746277e+04  1.23723747e+04  1.25e-06 1.60e-06  1.70e-05    75s
  58   1.23739240e+04  1.23722413e+04  9.15e-07 1.53e-07  1.21e-05    76s
  59   1.23732711e+04  1.23721621e+04  6.00e-07 2.38e-07  7.85e-06    77s
  60   1.23729106e+04  1.23721192e+04  4.25e-07 8.49e-07  5.51e-06    78s
  61   1.23726446e+04  1.23720951e+04  2.98e-07 2.05e-07  3.90e-06    78s
  62   1.23722895e+04  1.23720727e+04  1.27e-07 2.46e-07  1.84e-06    79s
  63   1.23722116e+04  1.23720594e+04  8.85e-08 2.12e-07  1.29e-06    80s
  64   1.23721365e+04  1.23720439e+04  5.19e-08 2.67e-06  7.17e-07    80s
  65   1.23720710e+04  1.23720382e+04  1.93e-08 1.74e-07  2.84e-07    81s
  66   1.23720496e+04  1.23720351e+04  8.47e-09 1.14e-07  1.23e-07    82s
  67   1.23720375e+04  1.23720337e+04  2.34e-09 9.87e-08  3.63e-08    82s
  68   1.23720346e+04  1.23720332e+04  8.15e-10 1.70e-07  1.17e-08    83s
  69   1.23720334e+04  1.23720331e+04  1.75e-10 2.05e-06  2.77e-09    84s
  70   1.23720331e+04  1.23720331e+04  7.84e-13 3.64e-06  9.00e-11    85s

Barrier solved model in 70 iterations and 85.00 seconds
Optimal objective 1.23720331e+04

Optimization finished!
Restarting optimization for throughput iteration 1...
Gurobi Optimizer version 9.0.2 build v9.0.2rc0 (linux64)
Optimize a model with 2484 rows, 44026 columns and 109360578 nonzeros
Model fingerprint: 0x5dc0d2d6
Coefficient statistics:
  Matrix range     [1e-13, 3e-05]
  Objective range  [4e-02, 1e+00]
  Bounds range     [1e+00, 1e+00]
  RHS range        [3e-06, 3e-06]
Presolve removed 0 rows and 0 columns (presolve time = 9s) ...
Presolve removed 0 rows and 0 columns (presolve time = 22s) ...
Presolve removed 1242 rows and 0 columns
Presolve time: 24.52s
Presolved: 1242 rows, 45268 columns, 54681529 nonzeros
Ordering time: 0.01s

Barrier statistics:
 AA' NZ     : 7.707e+05
 Factor NZ  : 7.719e+05 (roughly 25 MBytes of memory)
 Factor Ops : 6.394e+08 (less than 1 second per iteration)
 Threads    : 24

                  Objective                Residual
Iter       Primal          Dual         Primal    Dual     Compl     Time
   0   1.39845391e+08  8.62669969e+04  1.15e+02 3.64e-12  4.94e+03    31s
   1   1.78328946e+05  8.62397422e+04  1.30e-01 5.09e-11  6.32e+00    31s
   2   1.01560611e+05  7.51466119e+04  6.70e-02 1.82e-09  3.16e+00    32s
   3   4.81381576e+04  5.55750023e+04  2.43e-02 1.08e-07  1.15e+00    33s
   4   3.47142857e+04  3.40981277e+04  1.40e-02 2.10e-07  5.02e-01    34s
   5   2.77427051e+04  2.79553322e+04  8.99e-03 3.73e-07  3.14e-01    34s
   6   2.51543814e+04  2.47187080e+04  7.34e-03 4.91e-08  2.45e-01    35s
   7   2.24248738e+04  2.27243279e+04  5.73e-03 7.17e-08  1.97e-01    36s
   8   2.12414890e+04  2.11160401e+04  5.11e-03 5.41e-08  1.70e-01    37s
   9   1.99402035e+04  2.00184170e+04  4.44e-03 1.08e-07  1.50e-01    37s
  10   1.88140496e+04  1.82664351e+04  3.84e-03 9.41e-08  1.23e-01    38s
  11   1.74013091e+04  1.75108963e+04  3.13e-03 8.85e-08  1.06e-01    39s
  12   1.65643923e+04  1.64063298e+04  2.72e-03 5.40e-07  8.92e-02    40s
  13   1.58410757e+04  1.58136305e+04  2.38e-03 1.90e-07  7.93e-02    41s
  14   1.52472692e+04  1.54837752e+04  2.11e-03 8.52e-08  7.31e-02    41s
  15   1.50901740e+04  1.44539900e+04  2.04e-03 1.02e-07  6.10e-02    42s
  16   1.47475436e+04  1.38665828e+04  1.89e-03 7.73e-08  5.31e-02    43s
  17   1.39770711e+04  1.34138621e+04  1.55e-03 6.18e-07  4.52e-02    44s
  18   1.38006256e+04  1.32166983e+04  1.47e-03 2.20e-07  4.24e-02    45s
  19   1.33676802e+04  1.28273312e+04  1.28e-03 3.84e-07  3.66e-02    45s
  20   1.31211139e+04  1.25556876e+04  1.17e-03 3.95e-07  3.29e-02    46s
  21   1.27307342e+04  1.24057181e+04  1.01e-03 4.36e-07  3.02e-02    47s
  22   1.25667517e+04  1.20271986e+04  9.43e-04 3.20e-07  2.57e-02    48s
  23   1.22714909e+04  1.18076827e+04  8.27e-04 1.04e-07  2.29e-02    49s
  24   1.21538239e+04  1.15387622e+04  7.81e-04 9.28e-08  1.96e-02    49s
  25   1.17822583e+04  1.11940787e+04  6.31e-04 1.08e-07  1.49e-02    50s
  26   1.15450153e+04  1.09046693e+04  5.36e-04 1.38e-07  1.12e-02    51s
  27   1.14902858e+04  1.07333451e+04  5.14e-04 1.16e-07  9.20e-03    52s
  28   1.12661706e+04  1.06598205e+04  4.25e-04 9.34e-08  7.77e-03    52s
  29   1.10787745e+04  1.05717539e+04  3.51e-04 9.93e-08  6.38e-03    53s
  30   1.09826007e+04  1.05401160e+04  3.14e-04 9.27e-08  5.82e-03    54s
  31   1.09487449e+04  1.04446562e+04  3.01e-04 1.30e-07  4.68e-03    55s
  32   1.08637098e+04  1.03941116e+04  2.67e-04 1.48e-07  3.92e-03    56s
  33   1.07766801e+04  1.03639080e+04  2.33e-04 1.45e-07  3.39e-03    56s
  34   1.06420370e+04  1.03276702e+04  1.79e-04 9.38e-08  2.65e-03    57s
  35   1.05986800e+04  1.03157978e+04  1.62e-04 1.04e-07  2.41e-03    58s
  36   1.05639265e+04  1.02947269e+04  1.49e-04 9.18e-08  2.10e-03    59s
  37   1.04946250e+04  1.02744046e+04  1.22e-04 7.32e-08  1.71e-03    60s
  38   1.04540860e+04  1.02598655e+04  1.06e-04 1.10e-07  1.46e-03    60s
  39   1.04079481e+04  1.02504336e+04  8.74e-05 9.71e-08  1.24e-03    61s
  40   1.03620522e+04  1.02419478e+04  6.92e-05 6.48e-07  1.03e-03    62s
  41   1.03244255e+04  1.02345495e+04  5.43e-05 6.89e-07  8.58e-04    63s
  42   1.03036229e+04  1.02274817e+04  4.60e-05 5.96e-07  7.26e-04    64s
  43   1.02852892e+04  1.02248299e+04  3.86e-05 7.30e-07  6.46e-04    64s
  44   1.02738938e+04  1.02171839e+04  3.39e-05 4.36e-07  5.29e-04    65s
  45   1.02701962e+04  1.02108745e+04  3.23e-05 6.41e-07  4.49e-04    66s
  46   1.02646074e+04  1.02101771e+04  3.00e-05 5.92e-07  4.23e-04    67s
  47   1.02587101e+04  1.02060852e+04  2.74e-05 3.32e-07  3.57e-04    68s
  48   1.02547101e+04  1.02053969e+04  2.58e-05 3.39e-07  3.37e-04    68s
  49   1.02411689e+04  1.02033893e+04  2.01e-05 4.28e-07  2.71e-04    69s
  50   1.02351685e+04  1.02016418e+04  1.76e-05 4.02e-07  2.31e-04    70s
  51   1.02261743e+04  1.01996335e+04  1.39e-05 3.03e-07  1.81e-04    71s
  52   1.02202060e+04  1.01980668e+04  1.14e-05 2.22e-07  1.45e-04    72s
  53   1.02157452e+04  1.01970006e+04  9.53e-06 2.52e-07  1.19e-04    72s
  54   1.02116896e+04  1.01960899e+04  7.81e-06 2.80e-07  9.48e-05    73s
  55   1.02065759e+04  1.01955478e+04  5.64e-06 1.29e-07  7.12e-05    74s
  56   1.02043142e+04  1.01948902e+04  4.69e-06 2.05e-07  5.63e-05    75s
  57   1.02003224e+04  1.01945247e+04  2.99e-06 8.38e-07  3.82e-05    76s
  58   1.01995222e+04  1.01941152e+04  2.65e-06 3.05e-07  3.08e-05    76s
  59   1.01978523e+04  1.01939459e+04  1.92e-06 6.78e-07  2.27e-05    77s
  60   1.01967096e+04  1.01937799e+04  1.44e-06 1.57e-06  1.67e-05    78s
  61   1.01957883e+04  1.01936184e+04  1.04e-06 2.35e-06  1.17e-05    79s
  62   1.01949540e+04  1.01935250e+04  6.87e-07 1.65e-06  7.72e-06    79s
  63   1.01945693e+04  1.01934972e+04  5.24e-07 1.46e-06  6.07e-06    80s
  64   1.01941625e+04  1.01934362e+04  3.51e-07 1.46e-07  3.99e-06    81s
  65   1.01937772e+04  1.01933959e+04  1.87e-07 2.23e-07  2.18e-06    82s
  66   1.01935602e+04  1.01933756e+04  9.34e-08 1.59e-07  1.16e-06    82s
  67   1.01934532e+04  1.01933622e+04  4.71e-08 1.19e-07  6.06e-07    83s
  68   1.01933863e+04  1.01933535e+04  1.79e-08 2.72e-07  2.52e-07    84s
  69   1.01933576e+04  1.01933494e+04  5.32e-09 2.47e-06  9.10e-08    84s
  70   1.01933499e+04  1.01933474e+04  1.82e-09 2.23e-06  3.45e-08    85s
  71   1.01933466e+04  1.01933467e+04  3.45e-10 7.15e-07  1.31e-08    86s
  72   1.01933460e+04  1.01933460e+04  4.24e-11 4.40e-07  2.39e-09    86s

Barrier solved model in 72 iterations and 86.27 seconds
Optimal objective 1.01933460e+04

WARNING: VerifyWarning: Keyword name 'LS_ALIGN_TOl' is greater than 8 characters or contains characters not allowed by the FITS standard; a HIERARCH card will be created. [astropy.io.fits.card]
WARNING: VerifyWarning: Keyword name 'LS_NUM_STOPS' is greater than 8 characters or contains characters not allowed by the FITS standard; a HIERARCH card will be created. [astropy.io.fits.card]
WARNING: VerifyWarning: Keyword name 'PROG_START' is greater than 8 characters or contains characters not allowed by the FITS standard; a HIERARCH card will be created. [astropy.io.fits.card]
WARNING: VerifyWarning: Keyword name 'PROG_EDGE' is greater than 8 characters or contains characters not allowed by the FITS standard; a HIERARCH card will be created. [astropy.io.fits.card]
WARNING: VerifyWarning: Keyword name 'THRPT_ITER' is greater than 8 characters or contains characters not allowed by the FITS standard; a HIERARCH card will be created. [astropy.io.fits.card]
WARNING: VerifyWarning: Keyword name 'THRPT_ESTIM' is greater than 8 characters or contains characters not allowed by the FITS standard; a HIERARCH card will be created. [astropy.io.fits.card]
WARNING: VerifyWarning: Keyword name 'MAX_THRPT' is greater than 8 characters or contains characters not allowed by the FITS standard; a HIERARCH card will be created. [astropy.io.fits.card]
WARNING: VerifyWarning: Keyword name 'SLV_THRDS' is greater than 8 characters or contains characters not allowed by the FITS standard; a HIERARCH card will be created. [astropy.io.fits.card]
WARNING: VerifyWarning: Keyword name 'SLV_XOVER' is greater than 8 characters or contains characters not allowed by the FITS standard; a HIERARCH card will be created. [astropy.io.fits.card]
WARNING: VerifyWarning: Card is too long, comment will be truncated. [astropy.io.fits.card]
Optimization finished!
