Optimizer called with the following parameters:
{'focal_plane_mask': {'field_stop_radius': -1.0,
                      'grayscale': True,
                      'num_pix': 150,
                      'radius': 3.5},
 'image': {'bandwidth': 0.1,
           'contrast': 10,
           'iwa': 3.4,
           'num_wavelengths': 3,
           'owa': 12.0,
           'resolution': 2},
 'instrument': {'inst_name': 'SCDA'},
 'lyot_stop': {'alignment_tolerance': 0,
               'filename': 'SCDA/LS_SCDA_ID0120_OD0982_no_struts_gy_ovsamp3_N0500.fits',
               'num_lyot_stops': 1},
 'method': {'edge_width_for_prior': 2,
            'ending_scale': 1,
            'force_no_hermitian_symmetry': False,
            'force_no_x_mirror_symmetry': False,
            'force_no_y_mirror_symmetry': False,
            'initial_throughput_estimate': 1,
            'maximize_planet_throughput': True,
            'num_throughput_iterations': 2,
            'starting_scale': 1},
 'pupil': {'N': 500,
           'filename': 'SCDA/TelAp_SCDA_07-Hex_clipped_gy_gap_pad02_ovsamp03_N0500.fits'},
 'solver': {'crossover': 0,
            'method': 2,
            'num_threads': 0}}

File organization:
{'analysis_dir': '/user/bnickson/git_hub/aplc_optimization/surveys/scda_scda_segment_size_clipped_N0500_telserv3/analysis',
 'drivers_dir': '/user/bnickson/git_hub/aplc_optimization/surveys/scda_scda_segment_size_clipped_N0500_telserv3/drivers',
 'input_files_dir': '/user/bnickson/git_hub/aplc_optimization/masks',
 'log_dir': '/user/bnickson/git_hub/aplc_optimization/surveys/scda_scda_segment_size_clipped_N0500_telserv3/logs',
 'solution_dir': '/user/bnickson/git_hub/aplc_optimization/surveys/scda_scda_segment_size_clipped_N0500_telserv3/solutions',
 'survey_dir': '/user/bnickson/git_hub/aplc_optimization/surveys/scda_scda_segment_size_clipped_N0500_telserv3'}

Telescope pupil:
   Mirror symmetry in x: yes
   Mirror symmetry in y: yes

Lyot stop #0:
   Mirror symmetry in x: yes
Lyot stop #0:
   Mirror symmetry in y: yes

Complete APLC:
   Mirror symmetry in x: yes
   Mirror symmetry in y: yes

Starting optimization at scale 1 with 43634 variables and 1242 constraints.
Creating model...
Using license file /home/bnickson/gurobi.lic
Academic license - for non-commercial use only
Parameter Threads unchanged
   Value: 0  Min: 0  Max: 1024  Default: 0
Changed value of parameter Crossover to 0
   Prev: -1  Min: -1  Max: 5  Default: -1
Changed value of parameter Method to 2
   Prev: -1  Min: -1  Max: 5  Default: -1
Calculating and adding constraints...
Wavelength 1/3; Variable 1000/43634
Wavelength 1/3; Variable 2000/43634
Wavelength 1/3; Variable 3000/43634
Wavelength 1/3; Variable 4000/43634
Wavelength 1/3; Variable 5000/43634
Wavelength 1/3; Variable 6000/43634
Wavelength 1/3; Variable 7000/43634
Wavelength 1/3; Variable 8000/43634
Wavelength 1/3; Variable 9000/43634
Wavelength 1/3; Variable 10000/43634
Wavelength 1/3; Variable 11000/43634
Wavelength 1/3; Variable 12000/43634
Wavelength 1/3; Variable 13000/43634
Wavelength 1/3; Variable 14000/43634
Wavelength 1/3; Variable 15000/43634
Wavelength 1/3; Variable 16000/43634
Wavelength 1/3; Variable 17000/43634
Wavelength 1/3; Variable 18000/43634
Wavelength 1/3; Variable 19000/43634
Wavelength 1/3; Variable 20000/43634
Wavelength 1/3; Variable 21000/43634
Wavelength 1/3; Variable 22000/43634
Wavelength 1/3; Variable 23000/43634
Wavelength 1/3; Variable 24000/43634
Wavelength 1/3; Variable 25000/43634
Wavelength 1/3; Variable 26000/43634
Wavelength 1/3; Variable 27000/43634
Wavelength 1/3; Variable 28000/43634
Wavelength 1/3; Variable 29000/43634
Wavelength 1/3; Variable 30000/43634
Wavelength 1/3; Variable 31000/43634
Wavelength 1/3; Variable 32000/43634
Wavelength 1/3; Variable 33000/43634
Wavelength 1/3; Variable 34000/43634
Wavelength 1/3; Variable 35000/43634
Wavelength 1/3; Variable 36000/43634
Wavelength 1/3; Variable 37000/43634
Wavelength 1/3; Variable 38000/43634
Wavelength 1/3; Variable 39000/43634
Wavelength 1/3; Variable 40000/43634
Wavelength 1/3; Variable 41000/43634
Wavelength 1/3; Variable 42000/43634
Wavelength 1/3; Variable 43000/43634
Wavelength 2/3; Variable 1000/43634
Wavelength 2/3; Variable 2000/43634
Wavelength 2/3; Variable 3000/43634
Wavelength 2/3; Variable 4000/43634
Wavelength 2/3; Variable 5000/43634
Wavelength 2/3; Variable 6000/43634
Wavelength 2/3; Variable 7000/43634
Wavelength 2/3; Variable 8000/43634
Wavelength 2/3; Variable 9000/43634
Wavelength 2/3; Variable 10000/43634
Wavelength 2/3; Variable 11000/43634
Wavelength 2/3; Variable 12000/43634
Wavelength 2/3; Variable 13000/43634
Wavelength 2/3; Variable 14000/43634
Wavelength 2/3; Variable 15000/43634
Wavelength 2/3; Variable 16000/43634
Wavelength 2/3; Variable 17000/43634
Wavelength 2/3; Variable 18000/43634
Wavelength 2/3; Variable 19000/43634
Wavelength 2/3; Variable 20000/43634
Wavelength 2/3; Variable 21000/43634
Wavelength 2/3; Variable 22000/43634
Wavelength 2/3; Variable 23000/43634
Wavelength 2/3; Variable 24000/43634
Wavelength 2/3; Variable 25000/43634
Wavelength 2/3; Variable 26000/43634
Wavelength 2/3; Variable 27000/43634
Wavelength 2/3; Variable 28000/43634
Wavelength 2/3; Variable 29000/43634
Wavelength 2/3; Variable 30000/43634
Wavelength 2/3; Variable 31000/43634
Wavelength 2/3; Variable 32000/43634
Wavelength 2/3; Variable 33000/43634
Wavelength 2/3; Variable 34000/43634
Wavelength 2/3; Variable 35000/43634
Wavelength 2/3; Variable 36000/43634
Wavelength 2/3; Variable 37000/43634
Wavelength 2/3; Variable 38000/43634
Wavelength 2/3; Variable 39000/43634
Wavelength 2/3; Variable 40000/43634
Wavelength 2/3; Variable 41000/43634
Wavelength 2/3; Variable 42000/43634
Wavelength 2/3; Variable 43000/43634
Wavelength 3/3; Variable 1000/43634
Wavelength 3/3; Variable 2000/43634
Wavelength 3/3; Variable 3000/43634
Wavelength 3/3; Variable 4000/43634
Wavelength 3/3; Variable 5000/43634
Wavelength 3/3; Variable 6000/43634
Wavelength 3/3; Variable 7000/43634
Wavelength 3/3; Variable 8000/43634
Wavelength 3/3; Variable 9000/43634
Wavelength 3/3; Variable 10000/43634
Wavelength 3/3; Variable 11000/43634
Wavelength 3/3; Variable 12000/43634
Wavelength 3/3; Variable 13000/43634
Wavelength 3/3; Variable 14000/43634
Wavelength 3/3; Variable 15000/43634
Wavelength 3/3; Variable 16000/43634
Wavelength 3/3; Variable 17000/43634
Wavelength 3/3; Variable 18000/43634
Wavelength 3/3; Variable 19000/43634
Wavelength 3/3; Variable 20000/43634
Wavelength 3/3; Variable 21000/43634
Wavelength 3/3; Variable 22000/43634
Wavelength 3/3; Variable 23000/43634
Wavelength 3/3; Variable 24000/43634
Wavelength 3/3; Variable 25000/43634
Wavelength 3/3; Variable 26000/43634
Wavelength 3/3; Variable 27000/43634
Wavelength 3/3; Variable 28000/43634
Wavelength 3/3; Variable 29000/43634
Wavelength 3/3; Variable 30000/43634
Wavelength 3/3; Variable 31000/43634
Wavelength 3/3; Variable 32000/43634
Wavelength 3/3; Variable 33000/43634
Wavelength 3/3; Variable 34000/43634
Wavelength 3/3; Variable 35000/43634
Wavelength 3/3; Variable 36000/43634
Wavelength 3/3; Variable 37000/43634
Wavelength 3/3; Variable 38000/43634
Wavelength 3/3; Variable 39000/43634
Wavelength 3/3; Variable 40000/43634
Wavelength 3/3; Variable 41000/43634
Wavelength 3/3; Variable 42000/43634
Wavelength 3/3; Variable 43000/43634
Warning for adding constraints: zero or small (< 1e-13) coefficients, ignored
Start optimization...
Gurobi Optimizer version 9.0.2 build v9.0.2rc0 (linux64)
Optimize a model with 2484 rows, 43634 columns and 108386852 nonzeros
Model fingerprint: 0x1fa719a1
Coefficient statistics:
  Matrix range     [1e-13, 3e-05]
  Objective range  [1e-02, 1e+00]
  Bounds range     [1e+00, 1e+00]
  RHS range        [1e-05, 1e-05]
Presolve removed 0 rows and 0 columns (presolve time = 9s) ...
Presolve removed 0 rows and 0 columns (presolve time = 21s) ...
Presolve removed 1242 rows and 0 columns
Presolve time: 23.48s
Presolved: 1242 rows, 44876 columns, 54194667 nonzeros
Ordering time: 0.02s

Barrier statistics:
 AA' NZ     : 7.707e+05
 Factor NZ  : 7.719e+05 (roughly 25 MBytes of memory)
 Factor Ops : 6.394e+08 (less than 1 second per iteration)
 Threads    : 24

                  Objective                Residual
Iter       Primal          Dual         Primal    Dual     Compl     Time
   0   1.38574667e+08  8.61832088e+04  1.26e+02 0.00e+00  4.93e+03    30s
   1   2.36422492e+05  8.61560598e+04  1.97e-01 5.09e-11  8.45e+00    31s
   2   1.35845050e+05  7.64004537e+04  1.06e-01 2.43e-09  4.39e+00    31s
   3   4.56956857e+04  6.20417238e+04  2.54e-02 9.80e-09  1.26e+00    32s
   4   3.27565914e+04  3.69511717e+04  1.43e-02 2.75e-08  5.13e-01    33s
   5   2.76779564e+04  3.02366480e+04  1.02e-02 5.02e-08  3.36e-01    34s
   6   2.58763972e+04  2.85079548e+04  8.81e-03 4.35e-08  2.92e-01    35s
   7   2.30424746e+04  2.44080838e+04  6.64e-03 1.16e-07  2.05e-01    35s
   8   2.21432093e+04  2.24180117e+04  5.99e-03 4.38e-08  1.72e-01    36s
   9   2.09540061e+04  2.08423729e+04  5.18e-03 9.78e-08  1.43e-01    37s
  10   1.99635809e+04  2.00944958e+04  4.51e-03 2.15e-07  1.27e-01    38s
  11   1.86470168e+04  1.93487099e+04  3.67e-03 2.10e-07  1.09e-01    39s
  12   1.81619883e+04  1.80931116e+04  3.38e-03 2.29e-07  9.18e-02    40s
  13   1.70454454e+04  1.73387612e+04  2.71e-03 2.64e-07  7.72e-02    41s
  14   1.64604592e+04  1.70060214e+04  2.37e-03 2.85e-07  7.06e-02    42s
  15   1.57548196e+04  1.65583777e+04  1.97e-03 2.37e-07  6.24e-02    43s
  16   1.55026987e+04  1.59253018e+04  1.83e-03 2.03e-07  5.43e-02    44s
  17   1.50469206e+04  1.52998005e+04  1.57e-03 1.65e-07  4.53e-02    45s
  18   1.46942450e+04  1.50698271e+04  1.38e-03 1.49e-07  4.14e-02    46s
  19   1.45960018e+04  1.48957741e+04  1.32e-03 1.40e-07  3.91e-02    46s
  20   1.43139148e+04  1.48189925e+04  1.17e-03 1.37e-07  3.73e-02    47s
  21   1.41696758e+04  1.43492014e+04  1.10e-03 1.12e-07  3.15e-02    48s
  22   1.40444885e+04  1.41701029e+04  1.03e-03 1.03e-07  2.92e-02    49s
  23   1.36934787e+04  1.40362937e+04  8.53e-04 9.69e-08  2.69e-02    50s
  24   1.35201300e+04  1.39125932e+04  7.70e-04 9.11e-08  2.52e-02    51s
  25   1.32798724e+04  1.38852039e+04  6.50e-04 8.98e-08  2.44e-02    52s
  26   1.30889711e+04  1.31695406e+04  5.59e-04 8.85e-08  1.61e-02    53s
  27   1.28255586e+04  1.30654389e+04  4.31e-04 6.80e-08  1.44e-02    53s
  28   1.28042047e+04  1.30215134e+04  4.21e-04 7.24e-08  1.39e-02    54s
  29   1.27750965e+04  1.29503742e+04  4.07e-04 7.03e-08  1.30e-02    55s
  30   1.25691807e+04  1.28006002e+04  3.06e-04 6.72e-08  1.09e-02    56s
  31   1.24458741e+04  1.25773724e+04  2.46e-04 1.10e-07  8.17e-03    57s
  32   1.22744359e+04  1.24193822e+04  1.62e-04 2.50e-07  6.01e-03    58s
  33   1.22332827e+04  1.22901392e+04  1.41e-04 6.22e-07  4.46e-03    59s
  34   1.21545986e+04  1.21954939e+04  1.01e-04 5.38e-07  3.19e-03    59s
  35   1.21085231e+04  1.21256415e+04  7.64e-05 5.44e-07  2.26e-03    60s
  36   1.20910570e+04  1.21183512e+04  6.72e-05 5.72e-07  2.12e-03    61s
  37   1.20545618e+04  1.20702882e+04  4.72e-05 6.89e-07  1.45e-03    62s
  38   1.20394535e+04  1.20445830e+04  3.84e-05 8.33e-07  1.09e-03    63s
  39   1.20213995e+04  1.20268899e+04  2.77e-05 4.86e-07  8.09e-04    64s
  40   1.20111319e+04  1.20073634e+04  2.12e-05 1.62e-07  5.29e-04    65s
  41   1.20043696e+04  1.20010628e+04  1.67e-05 1.53e-07  4.14e-04    65s
  42   1.19951262e+04  1.19948251e+04  1.05e-05 1.30e-07  2.81e-04    66s
  43   1.19910325e+04  1.19912034e+04  7.60e-06 3.74e-07  2.07e-04    67s
  44   1.19875879e+04  1.19885423e+04  5.04e-06 4.68e-07  1.46e-04    68s
  45   1.19858137e+04  1.19855179e+04  3.65e-06 8.72e-07  9.51e-05    69s
  46   1.19840198e+04  1.19843471e+04  2.19e-06 6.11e-07  6.26e-05    70s
  47   1.19830494e+04  1.19832903e+04  1.36e-06 7.90e-07  3.94e-05    71s
  48   1.19827804e+04  1.19828396e+04  1.13e-06 8.79e-07  3.12e-05    71s
  49   1.19824803e+04  1.19823541e+04  8.63e-07 7.30e-07  2.19e-05    72s
  50   1.19822853e+04  1.19821134e+04  6.85e-07 1.22e-07  1.65e-05    73s
  51   1.19819035e+04  1.19818966e+04  3.35e-07 2.18e-07  8.96e-06    74s
  52   1.19818352e+04  1.19817506e+04  2.72e-07 1.56e-07  6.38e-06    74s
  53   1.19817784e+04  1.19817044e+04  2.17e-07 2.57e-07  5.03e-06    75s
  54   1.19817286e+04  1.19816702e+04  1.70e-07 1.75e-07  3.94e-06    76s
  55   1.19816870e+04  1.19816266e+04  1.31e-07 3.09e-07  2.86e-06    77s
  56   1.19816411e+04  1.19815958e+04  8.72e-08 3.65e-07  1.85e-06    77s
  57   1.19815969e+04  1.19815773e+04  4.38e-08 9.42e-07  9.61e-07    78s
  58   1.19815776e+04  1.19815666e+04  2.42e-08 5.14e-07  5.30e-07    79s
  59   1.19815667e+04  1.19815606e+04  1.28e-08 1.71e-07  2.77e-07    80s
  60   1.19815616e+04  1.19815579e+04  7.21e-09 1.47e-07  1.53e-07    80s
  61   1.19815588e+04  1.19815566e+04  4.21e-09 4.77e-07  8.82e-08    81s
  62   1.19815571e+04  1.19815556e+04  2.34e-09 1.40e-06  4.58e-08    82s
  63   1.19815555e+04  1.19815553e+04  5.02e-10 2.12e-07  1.06e-08    82s
  64   1.19815553e+04  1.19815552e+04  1.87e-10 3.39e-07  3.69e-09    83s
  65   1.19815552e+04  1.19815551e+04  8.23e-11 3.02e-07  1.69e-09    84s

Barrier solved model in 65 iterations and 83.87 seconds
Optimal objective 1.19815552e+04

Optimization finished!
Restarting optimization for throughput iteration 1...
Gurobi Optimizer version 9.0.2 build v9.0.2rc0 (linux64)
Optimize a model with 2484 rows, 43634 columns and 108386852 nonzeros
Model fingerprint: 0x5325331b
Coefficient statistics:
  Matrix range     [1e-13, 3e-05]
  Objective range  [1e-02, 1e+00]
  Bounds range     [1e+00, 1e+00]
  RHS range        [3e-06, 3e-06]
Presolve removed 0 rows and 0 columns (presolve time = 9s) ...
Presolve removed 0 rows and 0 columns (presolve time = 21s) ...
Presolve removed 1242 rows and 0 columns
Presolve time: 23.67s
Presolved: 1242 rows, 44876 columns, 54194667 nonzeros
Ordering time: 0.02s

Barrier statistics:
 AA' NZ     : 7.707e+05
 Factor NZ  : 7.719e+05 (roughly 25 MBytes of memory)
 Factor Ops : 6.394e+08 (less than 1 second per iteration)
 Threads    : 24

                  Objective                Residual
Iter       Primal          Dual         Primal    Dual     Compl     Time
   0   1.38574667e+08  8.52976416e+04  1.26e+02 0.00e+00  4.93e+03    30s
   1   2.46372817e+05  8.52707222e+04  2.07e-01 5.82e-11  8.79e+00    31s
   2   1.44163744e+05  7.59301594e+04  1.14e-01 2.38e-09  4.68e+00    32s
   3   5.40257752e+04  6.00477030e+04  3.31e-02 1.12e-08  1.47e+00    33s
   4   3.68166389e+04  3.66167634e+04  1.84e-02 3.11e-07  6.36e-01    34s
   5   2.65880118e+04  2.80073556e+04  1.01e-02 1.57e-07  3.38e-01    35s
   6   2.43259217e+04  2.44890954e+04  8.47e-03 1.15e-07  2.65e-01    36s
   7   2.14957783e+04  2.24822476e+04  6.53e-03 1.01e-07  2.11e-01    36s
   8   2.07705931e+04  2.17068011e+04  6.06e-03 9.31e-08  1.95e-01    37s
   9   1.85127129e+04  1.96116688e+04  4.63e-03 9.69e-06  1.51e-01    38s
  10   1.76509826e+04  1.80411413e+04  4.10e-03 1.67e-05  1.26e-01    39s
  11   1.68275879e+04  1.71945127e+04  3.60e-03 1.02e-05  1.10e-01    40s
  12   1.60922168e+04  1.65302825e+04  3.16e-03 6.47e-06  9.74e-02    41s
  13   1.54019428e+04  1.57324428e+04  2.76e-03 3.84e-06  8.41e-02    41s
  14   1.47781676e+04  1.51732390e+04  2.41e-03 4.53e-06  7.42e-02    42s
  15   1.45455591e+04  1.51019318e+04  2.29e-03 4.29e-06  7.24e-02    43s
  16   1.42195014e+04  1.46084860e+04  2.11e-03 3.74e-06  6.53e-02    44s
  17   1.38898927e+04  1.45016012e+04  1.93e-03 3.64e-06  6.26e-02    45s
  18   1.35990435e+04  1.44241351e+04  1.77e-03 3.57e-06  6.03e-02    46s
  19   1.34699408e+04  1.34709044e+04  1.70e-03 2.71e-06  4.87e-02    47s
  20   1.29743453e+04  1.29386094e+04  1.44e-03 2.24e-06  4.05e-02    48s
  21   1.27807053e+04  1.25047306e+04  1.34e-03 1.88e-06  3.49e-02    48s
  22   1.24723779e+04  1.22427818e+04  1.19e-03 1.67e-06  3.12e-02    49s
  23   1.20793478e+04  1.18741920e+04  9.96e-04 1.37e-06  2.60e-02    50s
  24   1.18846385e+04  1.14029338e+04  9.02e-04 1.01e-06  2.01e-02    51s
  25   1.13574504e+04  1.07457765e+04  6.43e-04 4.82e-07  1.11e-02    52s
  26   1.11174980e+04  1.05241621e+04  5.27e-04 3.28e-07  8.02e-03    53s
  27   1.08953847e+04  1.04456404e+04  4.18e-04 2.74e-07  6.58e-03    54s
  28   1.06914718e+04  1.04084580e+04  3.20e-04 2.49e-07  5.72e-03    54s
  29   1.05206672e+04  1.03363340e+04  2.37e-04 2.00e-07  4.49e-03    55s
  30   1.04656799e+04  1.02458517e+04  2.10e-04 3.61e-07  3.34e-03    56s
  31   1.03886016e+04  1.01974945e+04  1.71e-04 4.02e-07  2.59e-03    57s
  32   1.03609905e+04  1.01732319e+04  1.57e-04 2.68e-07  2.25e-03    58s
  33   1.03096753e+04  1.01576366e+04  1.32e-04 3.76e-07  1.93e-03    59s
  34   1.02820779e+04  1.01406668e+04  1.17e-04 2.57e-07  1.66e-03    60s
  35   1.02615532e+04  1.01293820e+04  1.07e-04 2.16e-07  1.48e-03    60s
  36   1.02216582e+04  1.01160541e+04  8.66e-05 1.45e-07  1.21e-03    61s
  37   1.01653896e+04  1.01045094e+04  5.79e-05 8.35e-08  9.22e-04    62s
  38   1.01472292e+04  1.00949926e+04  4.85e-05 1.43e-07  7.57e-04    63s
  39   1.01266898e+04  1.00900939e+04  3.76e-05 9.87e-08  6.32e-04    64s
  40   1.01158010e+04  1.00840424e+04  3.19e-05 1.34e-07  5.27e-04    65s
  41   1.00978081e+04  1.00795608e+04  2.23e-05 1.92e-07  4.13e-04    66s
  42   1.00924106e+04  1.00771311e+04  1.94e-05 3.07e-07  3.66e-04    67s
  43   1.00867041e+04  1.00733442e+04  1.64e-05 2.91e-07  3.04e-04    67s
  44   1.00832960e+04  1.00697077e+04  1.45e-05 4.88e-07  2.50e-04    68s
  45   1.00804986e+04  1.00680769e+04  1.31e-05 5.77e-07  2.22e-04    69s
  46   1.00779502e+04  1.00671935e+04  1.16e-05 4.45e-07  2.01e-04    70s
  47   1.00735121e+04  1.00667866e+04  9.23e-06 4.17e-07  1.79e-04    71s
  48   1.00707560e+04  1.00649635e+04  7.68e-06 2.37e-07  1.47e-04    72s
  49   1.00678226e+04  1.00624805e+04  6.02e-06 1.27e-07  1.06e-04    73s
  50   1.00673690e+04  1.00618802e+04  5.77e-06 1.08e-07  9.69e-05    73s
  51   1.00654924e+04  1.00605813e+04  4.68e-06 1.34e-07  7.33e-05    74s
  52   1.00636826e+04  1.00601150e+04  3.61e-06 7.16e-08  5.90e-05    75s
  53   1.00620059e+04  1.00594477e+04  2.61e-06 5.22e-07  4.29e-05    76s
  54   1.00609402e+04  1.00588991e+04  1.96e-06 7.71e-07  3.10e-05    77s
  55   1.00596718e+04  1.00584221e+04  1.19e-06 5.66e-07  1.86e-05    78s
  56   1.00591594e+04  1.00581050e+04  8.74e-07 6.76e-07  1.22e-05    79s
  57   1.00586676e+04  1.00580303e+04  5.68e-07 4.23e-07  8.43e-06    79s
  58   1.00583698e+04  1.00579652e+04  3.81e-07 3.24e-07  5.90e-06    80s
  59   1.00581505e+04  1.00578985e+04  2.42e-07 5.29e-07  3.81e-06    81s
  60   1.00580097e+04  1.00578562e+04  1.52e-07 4.14e-07  2.45e-06    81s
  61   1.00579291e+04  1.00578133e+04  1.00e-07 2.09e-07  1.44e-06    82s
  62   1.00578537e+04  1.00578009e+04  5.09e-08 1.29e-07  8.02e-07    83s
  63   1.00578313e+04  1.00577940e+04  3.62e-08 1.23e-07  5.72e-07    84s
  64   1.00578177e+04  1.00577888e+04  2.72e-08 9.13e-08  4.21e-07    84s
  65   1.00577998e+04  1.00577840e+04  1.52e-08 1.12e-07  2.39e-07    85s
  66   1.00577904e+04  1.00577813e+04  8.85e-09 1.47e-07  1.41e-07    86s
  67   1.00577831e+04  1.00577799e+04  3.87e-09 2.37e-07  6.96e-08    86s
  68   1.00577795e+04  1.00577787e+04  1.33e-09 5.36e-07  2.82e-08    87s
  69   1.00577780e+04  1.00577780e+04  2.82e-10 1.01e-07  7.27e-09    88s

Barrier solved model in 69 iterations and 87.78 seconds
Optimal objective 1.00577780e+04

WARNING: VerifyWarning: Keyword name 'LS_ALIGN_TOl' is greater than 8 characters or contains characters not allowed by the FITS standard; a HIERARCH card will be created. [astropy.io.fits.card]
WARNING: VerifyWarning: Keyword name 'LS_NUM_STOPS' is greater than 8 characters or contains characters not allowed by the FITS standard; a HIERARCH card will be created. [astropy.io.fits.card]
WARNING: VerifyWarning: Keyword name 'PROG_START' is greater than 8 characters or contains characters not allowed by the FITS standard; a HIERARCH card will be created. [astropy.io.fits.card]
WARNING: VerifyWarning: Keyword name 'PROG_EDGE' is greater than 8 characters or contains characters not allowed by the FITS standard; a HIERARCH card will be created. [astropy.io.fits.card]
WARNING: VerifyWarning: Keyword name 'THRPT_ITER' is greater than 8 characters or contains characters not allowed by the FITS standard; a HIERARCH card will be created. [astropy.io.fits.card]
WARNING: VerifyWarning: Keyword name 'THRPT_ESTIM' is greater than 8 characters or contains characters not allowed by the FITS standard; a HIERARCH card will be created. [astropy.io.fits.card]
WARNING: VerifyWarning: Keyword name 'MAX_THRPT' is greater than 8 characters or contains characters not allowed by the FITS standard; a HIERARCH card will be created. [astropy.io.fits.card]
WARNING: VerifyWarning: Keyword name 'SLV_THRDS' is greater than 8 characters or contains characters not allowed by the FITS standard; a HIERARCH card will be created. [astropy.io.fits.card]
WARNING: VerifyWarning: Keyword name 'SLV_XOVER' is greater than 8 characters or contains characters not allowed by the FITS standard; a HIERARCH card will be created. [astropy.io.fits.card]
WARNING: VerifyWarning: Card is too long, comment will be truncated. [astropy.io.fits.card]
Optimization finished!
