Optimizer called with the following parameters:
{'focal_plane_mask': {'field_stop_radius': -1.0,
                      'grayscale': True,
                      'num_pix': 150,
                      'radius': 3.5},
 'image': {'bandwidth': 0.1,
           'contrast': 10,
           'iwa': 3.4,
           'num_wavelengths': 3,
           'owa': 12.0,
           'resolution': 2},
 'instrument': {'inst_name': 'SCDA'},
 'lyot_stop': {'alignment_tolerance': 0,
               'filename': 'SCDA/LS_SCDA_ID0120_OD0982_no_struts_gy_ovsamp3_N0500.fits',
               'num_lyot_stops': 1},
 'method': {'edge_width_for_prior': 2,
            'ending_scale': 1,
            'force_no_hermitian_symmetry': False,
            'force_no_x_mirror_symmetry': False,
            'force_no_y_mirror_symmetry': False,
            'initial_throughput_estimate': 1,
            'maximize_planet_throughput': True,
            'num_throughput_iterations': 2,
            'starting_scale': 1},
 'pupil': {'N': 500,
           'filename': 'SCDA/TelAp_SCDA_10-Hex_clipped_gy_gap_pad02_ovsamp03_N0500.fits'},
 'solver': {'crossover': 0,
            'method': 2,
            'num_threads': 0}}

File organization:
{'analysis_dir': '/user/bnickson/git_hub/aplc_optimization/surveys/scda_scda_segment_size_clipped_N0500_telserv3/analysis',
 'drivers_dir': '/user/bnickson/git_hub/aplc_optimization/surveys/scda_scda_segment_size_clipped_N0500_telserv3/drivers',
 'input_files_dir': '/user/bnickson/git_hub/aplc_optimization/masks',
 'log_dir': '/user/bnickson/git_hub/aplc_optimization/surveys/scda_scda_segment_size_clipped_N0500_telserv3/logs',
 'solution_dir': '/user/bnickson/git_hub/aplc_optimization/surveys/scda_scda_segment_size_clipped_N0500_telserv3/solutions',
 'survey_dir': '/user/bnickson/git_hub/aplc_optimization/surveys/scda_scda_segment_size_clipped_N0500_telserv3'}

Telescope pupil:
   Mirror symmetry in x: yes
   Mirror symmetry in y: yes

Lyot stop #0:
   Mirror symmetry in x: yes
Lyot stop #0:
   Mirror symmetry in y: yes

Complete APLC:
   Mirror symmetry in x: yes
   Mirror symmetry in y: yes

Starting optimization at scale 1 with 41253 variables and 1242 constraints.
Creating model...
Using license file /home/bnickson/gurobi.lic
Academic license - for non-commercial use only
Parameter Threads unchanged
   Value: 0  Min: 0  Max: 1024  Default: 0
Changed value of parameter Crossover to 0
   Prev: -1  Min: -1  Max: 5  Default: -1
Changed value of parameter Method to 2
   Prev: -1  Min: -1  Max: 5  Default: -1
Calculating and adding constraints...
Wavelength 1/3; Variable 1000/41253
Wavelength 1/3; Variable 2000/41253
Wavelength 1/3; Variable 3000/41253
Wavelength 1/3; Variable 4000/41253
Wavelength 1/3; Variable 5000/41253
Wavelength 1/3; Variable 6000/41253
Wavelength 1/3; Variable 7000/41253
Wavelength 1/3; Variable 8000/41253
Wavelength 1/3; Variable 9000/41253
Wavelength 1/3; Variable 10000/41253
Wavelength 1/3; Variable 11000/41253
Wavelength 1/3; Variable 12000/41253
Wavelength 1/3; Variable 13000/41253
Wavelength 1/3; Variable 14000/41253
Wavelength 1/3; Variable 15000/41253
Wavelength 1/3; Variable 16000/41253
Wavelength 1/3; Variable 17000/41253
Wavelength 1/3; Variable 18000/41253
Wavelength 1/3; Variable 19000/41253
Wavelength 1/3; Variable 20000/41253
Wavelength 1/3; Variable 21000/41253
Wavelength 1/3; Variable 22000/41253
Wavelength 1/3; Variable 23000/41253
Wavelength 1/3; Variable 24000/41253
Wavelength 1/3; Variable 25000/41253
Wavelength 1/3; Variable 26000/41253
Wavelength 1/3; Variable 27000/41253
Wavelength 1/3; Variable 28000/41253
Wavelength 1/3; Variable 29000/41253
Wavelength 1/3; Variable 30000/41253
Wavelength 1/3; Variable 31000/41253
Wavelength 1/3; Variable 32000/41253
Wavelength 1/3; Variable 33000/41253
Wavelength 1/3; Variable 34000/41253
Wavelength 1/3; Variable 35000/41253
Wavelength 1/3; Variable 36000/41253
Wavelength 1/3; Variable 37000/41253
Wavelength 1/3; Variable 38000/41253
Wavelength 1/3; Variable 39000/41253
Wavelength 1/3; Variable 40000/41253
Wavelength 1/3; Variable 41000/41253
Wavelength 2/3; Variable 1000/41253
Wavelength 2/3; Variable 2000/41253
Wavelength 2/3; Variable 3000/41253
Wavelength 2/3; Variable 4000/41253
Wavelength 2/3; Variable 5000/41253
Wavelength 2/3; Variable 6000/41253
Wavelength 2/3; Variable 7000/41253
Wavelength 2/3; Variable 8000/41253
Wavelength 2/3; Variable 9000/41253
Wavelength 2/3; Variable 10000/41253
Wavelength 2/3; Variable 11000/41253
Wavelength 2/3; Variable 12000/41253
Wavelength 2/3; Variable 13000/41253
Wavelength 2/3; Variable 14000/41253
Wavelength 2/3; Variable 15000/41253
Wavelength 2/3; Variable 16000/41253
Wavelength 2/3; Variable 17000/41253
Wavelength 2/3; Variable 18000/41253
Wavelength 2/3; Variable 19000/41253
Wavelength 2/3; Variable 20000/41253
Wavelength 2/3; Variable 21000/41253
Wavelength 2/3; Variable 22000/41253
Wavelength 2/3; Variable 23000/41253
Wavelength 2/3; Variable 24000/41253
Wavelength 2/3; Variable 25000/41253
Wavelength 2/3; Variable 26000/41253
Wavelength 2/3; Variable 27000/41253
Wavelength 2/3; Variable 28000/41253
Wavelength 2/3; Variable 29000/41253
Wavelength 2/3; Variable 30000/41253
Wavelength 2/3; Variable 31000/41253
Wavelength 2/3; Variable 32000/41253
Wavelength 2/3; Variable 33000/41253
Wavelength 2/3; Variable 34000/41253
Wavelength 2/3; Variable 35000/41253
Wavelength 2/3; Variable 36000/41253
Wavelength 2/3; Variable 37000/41253
Wavelength 2/3; Variable 38000/41253
Wavelength 2/3; Variable 39000/41253
Wavelength 2/3; Variable 40000/41253
Wavelength 2/3; Variable 41000/41253
Wavelength 3/3; Variable 1000/41253
Wavelength 3/3; Variable 2000/41253
Wavelength 3/3; Variable 3000/41253
Wavelength 3/3; Variable 4000/41253
Wavelength 3/3; Variable 5000/41253
Wavelength 3/3; Variable 6000/41253
Wavelength 3/3; Variable 7000/41253
Wavelength 3/3; Variable 8000/41253
Wavelength 3/3; Variable 9000/41253
Wavelength 3/3; Variable 10000/41253
Wavelength 3/3; Variable 11000/41253
Wavelength 3/3; Variable 12000/41253
Wavelength 3/3; Variable 13000/41253
Wavelength 3/3; Variable 14000/41253
Wavelength 3/3; Variable 15000/41253
Wavelength 3/3; Variable 16000/41253
Wavelength 3/3; Variable 17000/41253
Wavelength 3/3; Variable 18000/41253
Wavelength 3/3; Variable 19000/41253
Wavelength 3/3; Variable 20000/41253
Wavelength 3/3; Variable 21000/41253
Wavelength 3/3; Variable 22000/41253
Wavelength 3/3; Variable 23000/41253
Wavelength 3/3; Variable 24000/41253
Wavelength 3/3; Variable 25000/41253
Wavelength 3/3; Variable 26000/41253
Wavelength 3/3; Variable 27000/41253
Wavelength 3/3; Variable 28000/41253
Wavelength 3/3; Variable 29000/41253
Wavelength 3/3; Variable 30000/41253
Wavelength 3/3; Variable 31000/41253
Wavelength 3/3; Variable 32000/41253
Wavelength 3/3; Variable 33000/41253
Wavelength 3/3; Variable 34000/41253
Wavelength 3/3; Variable 35000/41253
Wavelength 3/3; Variable 36000/41253
Wavelength 3/3; Variable 37000/41253
Wavelength 3/3; Variable 38000/41253
Wavelength 3/3; Variable 39000/41253
Wavelength 3/3; Variable 40000/41253
Wavelength 3/3; Variable 41000/41253
Warning for adding constraints: zero or small (< 1e-13) coefficients, ignored
Start optimization...
Gurobi Optimizer version 9.0.2 build v9.0.2rc0 (linux64)
Optimize a model with 2484 rows, 41253 columns and 102472448 nonzeros
Model fingerprint: 0xec02d4ad
Coefficient statistics:
  Matrix range     [8e-13, 3e-05]
  Objective range  [4e-02, 1e+00]
  Bounds range     [1e+00, 1e+00]
  RHS range        [1e-05, 1e-05]
Presolve removed 0 rows and 0 columns (presolve time = 9s) ...
Presolve removed 0 rows and 0 columns (presolve time = 20s) ...
Presolve removed 1242 rows and 0 columns
Presolve time: 22.68s
Presolved: 1242 rows, 42495 columns, 51237466 nonzeros
Ordering time: 0.02s

Barrier statistics:
 AA' NZ     : 7.707e+05
 Factor NZ  : 7.719e+05 (roughly 24 MBytes of memory)
 Factor Ops : 6.394e+08 (less than 1 second per iteration)
 Threads    : 24

                  Objective                Residual
Iter       Primal          Dual         Primal    Dual     Compl     Time
   0   1.30422656e+08  8.14915187e+04  1.12e+02 3.64e-12  4.93e+03    29s
   1   2.51527255e+05  8.14643826e+04  2.02e-01 5.09e-11  9.61e+00    30s
   2   1.45922756e+05  7.14940033e+04  1.11e-01 5.42e-09  5.12e+00    30s
   3   3.07166399e+04  5.91196189e+04  1.49e-02 9.97e-09  1.06e+00    31s
   4   2.04546515e+04  3.48248896e+04  6.51e-03 3.39e-08  4.17e-01    32s
   5   1.78247477e+04  2.69107944e+04  4.51e-03 3.83e-08  2.61e-01    33s
   6   1.63046070e+04  2.25656093e+04  3.38e-03 4.21e-08  1.83e-01    34s
   7   1.47130092e+04  1.98111407e+04  2.29e-03 5.63e-08  1.31e-01    34s
   8   1.41163800e+04  1.79771411e+04  1.92e-03 4.32e-08  1.04e-01    35s
   9   1.34295515e+04  1.71671678e+04  1.49e-03 4.18e-08  8.88e-02    36s
  10   1.26695465e+04  1.56937610e+04  1.03e-03 4.35e-08  6.65e-02    37s
  11   1.21942359e+04  1.31711325e+04  7.87e-04 5.78e-08  3.50e-02    37s
  12   1.18108382e+04  1.23142381e+04  5.82e-04 6.35e-08  2.33e-02    38s
  13   1.14693188e+04  1.18171143e+04  3.96e-04 5.98e-08  1.59e-02    39s
  14   1.13279214e+04  1.15574736e+04  3.17e-04 4.97e-08  1.21e-02    40s
  15   1.12449765e+04  1.13784697e+04  2.70e-04 4.95e-08  9.63e-03    40s
  16   1.11401359e+04  1.11487476e+04  2.12e-04 4.92e-08  6.40e-03    41s
  17   1.10724887e+04  1.10592719e+04  1.71e-04 5.01e-08  4.94e-03    42s
  18   1.09867757e+04  1.10079856e+04  1.20e-04 5.13e-08  3.82e-03    43s
  19   1.09494224e+04  1.09713012e+04  9.73e-05 4.50e-08  3.14e-03    44s
  20   1.09299731e+04  1.09548220e+04  8.52e-05 5.05e-08  2.82e-03    44s
  21   1.08953577e+04  1.09288250e+04  6.34e-05 4.53e-08  2.27e-03    45s
  22   1.08860778e+04  1.08983480e+04  5.76e-05 5.28e-08  1.85e-03    46s
  23   1.08706880e+04  1.08936704e+04  4.77e-05 4.66e-08  1.68e-03    47s
  24   1.08588586e+04  1.08699385e+04  3.97e-05 5.16e-08  1.31e-03    48s
  25   1.08530118e+04  1.08630980e+04  3.55e-05 4.66e-08  1.17e-03    49s
  26   1.08498710e+04  1.08505324e+04  3.33e-05 5.16e-08  9.92e-04    49s
  27   1.08399009e+04  1.08366639e+04  2.61e-05 4.55e-08  7.33e-04    50s
  28   1.08354228e+04  1.08302554e+04  2.29e-05 5.53e-08  6.14e-04    51s
  29   1.08294399e+04  1.08282606e+04  1.87e-05 5.97e-08  5.35e-04    52s
  30   1.08247388e+04  1.08263029e+04  1.52e-05 6.20e-08  4.67e-04    53s
  31   1.08192758e+04  1.08171825e+04  1.11e-05 5.92e-08  3.01e-04    53s
  32   1.08160577e+04  1.08144005e+04  8.56e-06 6.15e-08  2.31e-04    54s
  33   1.08132616e+04  1.08122532e+04  6.37e-06 5.35e-08  1.75e-04    55s
  34   1.08112664e+04  1.08105753e+04  4.76e-06 5.92e-08  1.31e-04    56s
  35   1.08104501e+04  1.08094741e+04  4.06e-06 6.29e-08  1.07e-04    57s
  36   1.08093529e+04  1.08085924e+04  3.10e-06 6.80e-08  8.15e-05    57s
  37   1.08083996e+04  1.08079212e+04  2.29e-06 9.87e-08  6.10e-05    58s
  38   1.08077468e+04  1.08072367e+04  1.72e-06 1.90e-07  4.41e-05    59s
  39   1.08070570e+04  1.08067341e+04  1.11e-06 5.27e-08  2.86e-05    60s
  40   1.08067100e+04  1.08064907e+04  7.99e-07 6.98e-08  2.06e-05    61s
  41   1.08063515e+04  1.08062765e+04  4.72e-07 5.01e-08  1.28e-05    61s
  42   1.08061541e+04  1.08061226e+04  2.82e-07 6.36e-08  7.83e-06    62s
  43   1.08060421e+04  1.08060115e+04  1.74e-07 1.01e-07  4.68e-06    63s
  44   1.08059919e+04  1.08059641e+04  1.23e-07 6.02e-08  3.26e-06    63s
  45   1.08059601e+04  1.08059401e+04  9.12e-08 5.35e-08  2.41e-06    64s
  46   1.08059237e+04  1.08059117e+04  5.20e-08 1.97e-07  1.37e-06    65s
  47   1.08059020e+04  1.08058892e+04  2.87e-08 1.75e-07  6.83e-07    65s
  48   1.08058875e+04  1.08058792e+04  1.33e-08 1.56e-07  2.90e-07    66s
  49   1.08058791e+04  1.08058770e+04  4.03e-09 9.87e-08  9.27e-08    67s
  50   1.08058760e+04  1.08058768e+04  5.70e-10 6.72e-08  2.59e-08    68s
  51   1.08058757e+04  1.08058760e+04  1.56e-10 5.58e-08  7.81e-09    69s
  52   1.08058756e+04  1.08058756e+04  3.09e-12 2.78e-07  2.11e-10    70s

Barrier solved model in 52 iterations and 70.23 seconds
Optimal objective 1.08058756e+04

Optimization finished!
Restarting optimization for throughput iteration 1...
Gurobi Optimizer version 9.0.2 build v9.0.2rc0 (linux64)
Optimize a model with 2484 rows, 41253 columns and 102472448 nonzeros
Model fingerprint: 0x43f587d9
Coefficient statistics:
  Matrix range     [8e-13, 3e-05]
  Objective range  [4e-02, 1e+00]
  Bounds range     [1e+00, 1e+00]
  RHS range        [3e-06, 3e-06]
Presolve removed 0 rows and 0 columns (presolve time = 9s) ...
Presolve removed 0 rows and 0 columns (presolve time = 20s) ...
Presolve removed 1242 rows and 0 columns
Presolve time: 22.67s
Presolved: 1242 rows, 42495 columns, 51237466 nonzeros
Ordering time: 0.01s

Barrier statistics:
 AA' NZ     : 7.707e+05
 Factor NZ  : 7.719e+05 (roughly 24 MBytes of memory)
 Factor Ops : 6.394e+08 (less than 1 second per iteration)
 Threads    : 24

                  Objective                Residual
Iter       Primal          Dual         Primal    Dual     Compl     Time
   0   1.30422656e+08  8.05936216e+04  1.12e+02 3.64e-12  4.93e+03    29s
   1   2.61044378e+05  8.05667160e+04  2.10e-01 5.82e-11  9.95e+00    29s
   2   1.52194576e+05  7.09011911e+04  1.17e-01 4.25e-09  5.37e+00    30s
   3   3.21240639e+04  5.86291486e+04  1.67e-02 9.40e-09  1.14e+00    31s
   4   2.13325642e+04  2.84336989e+04  7.83e-03 5.03e-08  3.66e-01    32s
   5   1.82342796e+04  2.23592587e+04  5.43e-03 3.68e-08  2.29e-01    33s
   6   1.65702400e+04  1.97395764e+04  4.25e-03 1.59e-07  1.74e-01    33s
   7   1.50492660e+04  1.72361221e+04  3.24e-03 1.27e-07  1.26e-01    34s
   8   1.44359562e+04  1.58818850e+04  2.86e-03 8.71e-08  1.04e-01    35s
   9   1.35660313e+04  1.49738270e+04  2.32e-03 7.89e-08  8.58e-02    36s
  10   1.33482477e+04  1.43373868e+04  2.18e-03 5.86e-08  7.62e-02    36s
  11   1.27434534e+04  1.31396216e+04  1.82e-03 1.86e-07  5.71e-02    37s
  12   1.25155056e+04  1.27945694e+04  1.68e-03 2.37e-07  5.17e-02    38s
  13   1.17458042e+04  1.17266716e+04  1.22e-03 6.72e-07  3.53e-02    39s
  14   1.16184778e+04  1.13982522e+04  1.16e-03 3.65e-07  3.12e-02    40s
  15   1.12422828e+04  1.09306067e+04  9.53e-04 3.96e-07  2.45e-02    40s
  16   1.08995352e+04  1.07435131e+04  7.73e-04 4.26e-07  2.10e-02    41s
  17   1.08178830e+04  1.03548936e+04  7.32e-04 4.20e-07  1.62e-02    42s
  18   1.05917385e+04  1.02232509e+04  6.17e-04 3.23e-07  1.40e-02    43s
  19   1.03131317e+04  1.00686765e+04  4.74e-04 3.46e-07  1.12e-02    44s
  20   1.02638677e+04  9.92046957e+03  4.49e-04 2.76e-07  9.31e-03    44s
  21   1.01074408e+04  9.73553704e+03  3.71e-04 5.65e-07  6.65e-03    45s
  22   9.89853841e+03  9.66208883e+03  2.67e-04 8.09e-07  5.15e-03    46s
  23   9.86769672e+03  9.61307550e+03  2.52e-04 2.49e-07  4.49e-03    47s
  24   9.78390710e+03  9.59888509e+03  2.10e-04 1.87e-07  4.07e-03    48s
  25   9.73624020e+03  9.57343597e+03  1.87e-04 2.93e-07  3.64e-03    48s
  26   9.63004726e+03  9.53411296e+03  1.34e-04 3.48e-07  2.87e-03    49s
  27   9.57829196e+03  9.52243594e+03  1.09e-04 3.47e-07  2.58e-03    50s
  28   9.54237267e+03  9.50771266e+03  9.10e-05 5.15e-07  2.31e-03    51s
  29   9.51734377e+03  9.49063143e+03  7.86e-05 6.70e-07  2.03e-03    52s
  30   9.49642412e+03  9.46895844e+03  6.80e-05 7.24e-07  1.71e-03    52s
  31   9.46838223e+03  9.45109156e+03  5.40e-05 3.20e-07  1.41e-03    53s
  32   9.45865996e+03  9.44272990e+03  4.91e-05 2.34e-07  1.28e-03    54s
  33   9.44306973e+03  9.42287358e+03  4.12e-05 5.87e-07  9.96e-04    55s
  34   9.43511884e+03  9.41421326e+03  3.71e-05 5.03e-07  8.64e-04    56s
  35   9.42073475e+03  9.40708191e+03  2.96e-05 3.64e-07  7.26e-04    56s
  36   9.41074697e+03  9.40555099e+03  2.43e-05 3.38e-07  6.67e-04    57s
  37   9.40324092e+03  9.39356092e+03  2.02e-05 2.09e-07  4.91e-04    58s
  38   9.39549322e+03  9.38656937e+03  1.59e-05 6.19e-08  3.69e-04    59s
  39   9.38980613e+03  9.38187046e+03  1.26e-05 1.18e-07  2.82e-04    60s
  40   9.38443192e+03  9.37762097e+03  9.38e-06 9.97e-08  2.00e-04    60s
  41   9.38022759e+03  9.37590365e+03  6.85e-06 8.78e-08  1.54e-04    61s
  42   9.37815516e+03  9.37484368e+03  5.59e-06 8.20e-08  1.28e-04    62s
  43   9.37672916e+03  9.37420862e+03  4.70e-06 1.87e-07  1.11e-04    63s
  44   9.37520068e+03  9.37254157e+03  3.74e-06 3.48e-07  8.02e-05    64s
  45   9.37320373e+03  9.37158626e+03  2.46e-06 2.74e-07  5.43e-05    65s
  46   9.37228435e+03  9.37104515e+03  1.85e-06 2.14e-07  4.08e-05    65s
  47   9.37112759e+03  9.37057227e+03  1.08e-06 2.50e-07  2.58e-05    66s
  48   9.37066379e+03  9.37026041e+03  7.70e-07 3.17e-07  1.83e-05    67s
  49   9.37025364e+03  9.37000534e+03  4.90e-07 2.87e-07  1.17e-05    68s
  50   9.37000491e+03  9.36986833e+03  3.14e-07 2.45e-07  7.77e-06    68s
  51   9.36983370e+03  9.36977109e+03  1.95e-07 8.75e-08  5.08e-06    69s
  52   9.36971520e+03  9.36968108e+03  1.10e-07 8.71e-08  2.90e-06    70s
  53   9.36965511e+03  9.36961466e+03  6.76e-08 6.10e-07  1.54e-06    70s
  54   9.36960724e+03  9.36958357e+03  3.14e-08 1.98e-07  6.61e-07    71s
  55   9.36958318e+03  9.36957270e+03  1.30e-08 1.76e-07  2.65e-07    72s
  56   9.36957330e+03  9.36956920e+03  5.17e-09 8.95e-08  1.06e-07    73s
  57   9.36956903e+03  9.36956787e+03  1.65e-09 1.69e-07  3.57e-08    75s
  58   9.36956773e+03  9.36956733e+03  5.94e-10 1.17e-07  1.30e-08    76s
  59   9.36956713e+03  9.36956707e+03  8.36e-11 1.15e-07  1.87e-09    77s

Barrier solved model in 59 iterations and 76.61 seconds
Optimal objective 9.36956713e+03

WARNING: VerifyWarning: Keyword name 'LS_ALIGN_TOl' is greater than 8 characters or contains characters not allowed by the FITS standard; a HIERARCH card will be created. [astropy.io.fits.card]
WARNING: VerifyWarning: Keyword name 'LS_NUM_STOPS' is greater than 8 characters or contains characters not allowed by the FITS standard; a HIERARCH card will be created. [astropy.io.fits.card]
WARNING: VerifyWarning: Keyword name 'PROG_START' is greater than 8 characters or contains characters not allowed by the FITS standard; a HIERARCH card will be created. [astropy.io.fits.card]
WARNING: VerifyWarning: Keyword name 'PROG_EDGE' is greater than 8 characters or contains characters not allowed by the FITS standard; a HIERARCH card will be created. [astropy.io.fits.card]
WARNING: VerifyWarning: Keyword name 'THRPT_ITER' is greater than 8 characters or contains characters not allowed by the FITS standard; a HIERARCH card will be created. [astropy.io.fits.card]
WARNING: VerifyWarning: Keyword name 'THRPT_ESTIM' is greater than 8 characters or contains characters not allowed by the FITS standard; a HIERARCH card will be created. [astropy.io.fits.card]
WARNING: VerifyWarning: Keyword name 'MAX_THRPT' is greater than 8 characters or contains characters not allowed by the FITS standard; a HIERARCH card will be created. [astropy.io.fits.card]
WARNING: VerifyWarning: Keyword name 'SLV_THRDS' is greater than 8 characters or contains characters not allowed by the FITS standard; a HIERARCH card will be created. [astropy.io.fits.card]
WARNING: VerifyWarning: Keyword name 'SLV_XOVER' is greater than 8 characters or contains characters not allowed by the FITS standard; a HIERARCH card will be created. [astropy.io.fits.card]
WARNING: VerifyWarning: Card is too long, comment will be truncated. [astropy.io.fits.card]
Optimization finished!
