Optimizer called with the following parameters:
{'focal_plane_mask': {'field_stop_radius': -1.0,
                      'grayscale': True,
                      'num_pix': 150,
                      'radius': 3.5},
 'image': {'bandwidth': 0.1,
           'contrast': 10,
           'iwa': 3.4,
           'num_wavelengths': 3,
           'owa': 12.0,
           'resolution': 2},
 'instrument': {'inst_name': 'SCDA'},
 'lyot_stop': {'alignment_tolerance': 0,
               'filename': 'SCDA/LS_SCDA_ID0120_OD0982_no_struts_gy_ovsamp3_N0500.fits',
               'num_lyot_stops': 1},
 'method': {'edge_width_for_prior': 2,
            'ending_scale': 1,
            'force_no_hermitian_symmetry': False,
            'force_no_x_mirror_symmetry': False,
            'force_no_y_mirror_symmetry': False,
            'initial_throughput_estimate': 1,
            'maximize_planet_throughput': True,
            'num_throughput_iterations': 2,
            'starting_scale': 1},
 'pupil': {'N': 500,
           'filename': 'SCDA/TelAp_SCDA_12-Hex_clipped_gy_gap_pad02_ovsamp03_N0500.fits'},
 'solver': {'crossover': 0,
            'method': 2,
            'num_threads': 0}}

File organization:
{'analysis_dir': '/user/bnickson/git_hub/aplc_optimization/surveys/scda_scda_segment_size_clipped_N0500_telserv3/analysis',
 'drivers_dir': '/user/bnickson/git_hub/aplc_optimization/surveys/scda_scda_segment_size_clipped_N0500_telserv3/drivers',
 'input_files_dir': '/user/bnickson/git_hub/aplc_optimization/masks',
 'log_dir': '/user/bnickson/git_hub/aplc_optimization/surveys/scda_scda_segment_size_clipped_N0500_telserv3/logs',
 'solution_dir': '/user/bnickson/git_hub/aplc_optimization/surveys/scda_scda_segment_size_clipped_N0500_telserv3/solutions',
 'survey_dir': '/user/bnickson/git_hub/aplc_optimization/surveys/scda_scda_segment_size_clipped_N0500_telserv3'}

Telescope pupil:
   Mirror symmetry in x: yes
   Mirror symmetry in y: yes

Lyot stop #0:
   Mirror symmetry in x: yes
Lyot stop #0:
   Mirror symmetry in y: yes

Complete APLC:
   Mirror symmetry in x: yes
   Mirror symmetry in y: yes

Starting optimization at scale 1 with 41431 variables and 1242 constraints.
Creating model...
Using license file /home/bnickson/gurobi.lic
Academic license - for non-commercial use only
Parameter Threads unchanged
   Value: 0  Min: 0  Max: 1024  Default: 0
Changed value of parameter Crossover to 0
   Prev: -1  Min: -1  Max: 5  Default: -1
Changed value of parameter Method to 2
   Prev: -1  Min: -1  Max: 5  Default: -1
Calculating and adding constraints...
Wavelength 1/3; Variable 1000/41431
Wavelength 1/3; Variable 2000/41431
Wavelength 1/3; Variable 3000/41431
Wavelength 1/3; Variable 4000/41431
Wavelength 1/3; Variable 5000/41431
Wavelength 1/3; Variable 6000/41431
Wavelength 1/3; Variable 7000/41431
Wavelength 1/3; Variable 8000/41431
Wavelength 1/3; Variable 9000/41431
Wavelength 1/3; Variable 10000/41431
Wavelength 1/3; Variable 11000/41431
Wavelength 1/3; Variable 12000/41431
Wavelength 1/3; Variable 13000/41431
Wavelength 1/3; Variable 14000/41431
Wavelength 1/3; Variable 15000/41431
Wavelength 1/3; Variable 16000/41431
Wavelength 1/3; Variable 17000/41431
Wavelength 1/3; Variable 18000/41431
Wavelength 1/3; Variable 19000/41431
Wavelength 1/3; Variable 20000/41431
Wavelength 1/3; Variable 21000/41431
Wavelength 1/3; Variable 22000/41431
Wavelength 1/3; Variable 23000/41431
Wavelength 1/3; Variable 24000/41431
Wavelength 1/3; Variable 25000/41431
Wavelength 1/3; Variable 26000/41431
Wavelength 1/3; Variable 27000/41431
Wavelength 1/3; Variable 28000/41431
Wavelength 1/3; Variable 29000/41431
Wavelength 1/3; Variable 30000/41431
Wavelength 1/3; Variable 31000/41431
Wavelength 1/3; Variable 32000/41431
Wavelength 1/3; Variable 33000/41431
Wavelength 1/3; Variable 34000/41431
Wavelength 1/3; Variable 35000/41431
Wavelength 1/3; Variable 36000/41431
Wavelength 1/3; Variable 37000/41431
Wavelength 1/3; Variable 38000/41431
Wavelength 1/3; Variable 39000/41431
Wavelength 1/3; Variable 40000/41431
Wavelength 1/3; Variable 41000/41431
Wavelength 2/3; Variable 1000/41431
Wavelength 2/3; Variable 2000/41431
Wavelength 2/3; Variable 3000/41431
Wavelength 2/3; Variable 4000/41431
Wavelength 2/3; Variable 5000/41431
Wavelength 2/3; Variable 6000/41431
Wavelength 2/3; Variable 7000/41431
Wavelength 2/3; Variable 8000/41431
Wavelength 2/3; Variable 9000/41431
Wavelength 2/3; Variable 10000/41431
Wavelength 2/3; Variable 11000/41431
Wavelength 2/3; Variable 12000/41431
Wavelength 2/3; Variable 13000/41431
Wavelength 2/3; Variable 14000/41431
Wavelength 2/3; Variable 15000/41431
Wavelength 2/3; Variable 16000/41431
Wavelength 2/3; Variable 17000/41431
Wavelength 2/3; Variable 18000/41431
Wavelength 2/3; Variable 19000/41431
Wavelength 2/3; Variable 20000/41431
Wavelength 2/3; Variable 21000/41431
Wavelength 2/3; Variable 22000/41431
Wavelength 2/3; Variable 23000/41431
Wavelength 2/3; Variable 24000/41431
Wavelength 2/3; Variable 25000/41431
Wavelength 2/3; Variable 26000/41431
Wavelength 2/3; Variable 27000/41431
Wavelength 2/3; Variable 28000/41431
Wavelength 2/3; Variable 29000/41431
Wavelength 2/3; Variable 30000/41431
Wavelength 2/3; Variable 31000/41431
Wavelength 2/3; Variable 32000/41431
Wavelength 2/3; Variable 33000/41431
Wavelength 2/3; Variable 34000/41431
Wavelength 2/3; Variable 35000/41431
Wavelength 2/3; Variable 36000/41431
Wavelength 2/3; Variable 37000/41431
Wavelength 2/3; Variable 38000/41431
Wavelength 2/3; Variable 39000/41431
Wavelength 2/3; Variable 40000/41431
Wavelength 2/3; Variable 41000/41431
Wavelength 3/3; Variable 1000/41431
Wavelength 3/3; Variable 2000/41431
Wavelength 3/3; Variable 3000/41431
Wavelength 3/3; Variable 4000/41431
Wavelength 3/3; Variable 5000/41431
Wavelength 3/3; Variable 6000/41431
Wavelength 3/3; Variable 7000/41431
Wavelength 3/3; Variable 8000/41431
Wavelength 3/3; Variable 9000/41431
Wavelength 3/3; Variable 10000/41431
Wavelength 3/3; Variable 11000/41431
Wavelength 3/3; Variable 12000/41431
Wavelength 3/3; Variable 13000/41431
Wavelength 3/3; Variable 14000/41431
Wavelength 3/3; Variable 15000/41431
Wavelength 3/3; Variable 16000/41431
Wavelength 3/3; Variable 17000/41431
Wavelength 3/3; Variable 18000/41431
Wavelength 3/3; Variable 19000/41431
Wavelength 3/3; Variable 20000/41431
Wavelength 3/3; Variable 21000/41431
Wavelength 3/3; Variable 22000/41431
Wavelength 3/3; Variable 23000/41431
Wavelength 3/3; Variable 24000/41431
Wavelength 3/3; Variable 25000/41431
Wavelength 3/3; Variable 26000/41431
Wavelength 3/3; Variable 27000/41431
Wavelength 3/3; Variable 28000/41431
Wavelength 3/3; Variable 29000/41431
Wavelength 3/3; Variable 30000/41431
Wavelength 3/3; Variable 31000/41431
Wavelength 3/3; Variable 32000/41431
Wavelength 3/3; Variable 33000/41431
Wavelength 3/3; Variable 34000/41431
Wavelength 3/3; Variable 35000/41431
Wavelength 3/3; Variable 36000/41431
Wavelength 3/3; Variable 37000/41431
Wavelength 3/3; Variable 38000/41431
Wavelength 3/3; Variable 39000/41431
Wavelength 3/3; Variable 40000/41431
Wavelength 3/3; Variable 41000/41431
Warning for adding constraints: zero or small (< 1e-13) coefficients, ignored
Start optimization...
Gurobi Optimizer version 9.0.2 build v9.0.2rc0 (linux64)
Optimize a model with 2484 rows, 41431 columns and 102914600 nonzeros
Model fingerprint: 0xa1dfaa3a
Coefficient statistics:
  Matrix range     [1e-13, 3e-05]
  Objective range  [7e-02, 1e+00]
  Bounds range     [1e+00, 1e+00]
  RHS range        [1e-05, 1e-05]
Presolve removed 0 rows and 0 columns (presolve time = 9s) ...
Presolve removed 0 rows and 0 columns (presolve time = 21s) ...
Presolve removed 1242 rows and 0 columns
Presolve time: 23.02s
Presolved: 1242 rows, 42673 columns, 51458541 nonzeros
Ordering time: 0.02s

Barrier statistics:
 AA' NZ     : 7.707e+05
 Factor NZ  : 7.719e+05 (roughly 24 MBytes of memory)
 Factor Ops : 6.394e+08 (less than 1 second per iteration)
 Threads    : 24

                  Objective                Residual
Iter       Primal          Dual         Primal    Dual     Compl     Time
   0   1.30507018e+08  7.12696489e+04  1.25e+02 0.00e+00  4.11e+03    29s
   1   3.00164183e+05  7.12463406e+04  2.72e-01 4.37e-11  9.53e+00    30s
   2   1.82348895e+05  6.43748732e+04  1.59e-01 2.71e-09  5.44e+00    31s
   3   3.84706531e+04  5.12515400e+04  2.39e-02 1.23e-08  1.07e+00    32s
   4   2.13690579e+04  2.92825783e+04  8.28e-03 4.98e-07  3.41e-01    32s
   5   1.80187088e+04  2.24267706e+04  5.43e-03 1.55e-07  1.98e-01    33s
   6   1.63160231e+04  1.93503233e+04  4.02e-03 9.87e-08  1.39e-01    34s
   7   1.52338236e+04  1.76130861e+04  3.18e-03 1.10e-07  1.08e-01    35s
   8   1.45167161e+04  1.65010186e+04  2.66e-03 6.89e-08  8.92e-02    35s
   9   1.39386070e+04  1.45382131e+04  2.25e-03 2.05e-07  6.15e-02    36s
  10   1.33267922e+04  1.26860738e+04  1.83e-03 4.26e-08  3.71e-02    37s
  11   1.29184657e+04  1.16895676e+04  1.57e-03 5.59e-08  2.48e-02    38s
  12   1.23005970e+04  1.13524819e+04  1.19e-03 4.32e-08  1.86e-02    39s
  13   1.20184997e+04  1.10195758e+04  1.01e-03 4.41e-08  1.37e-02    40s
  14   1.18499602e+04  1.08424267e+04  9.06e-04 4.05e-08  1.11e-02    40s
  15   1.16352504e+04  1.07385014e+04  7.72e-04 4.44e-08  9.08e-03    41s
  16   1.15314423e+04  1.06767469e+04  7.07e-04 4.55e-08  8.02e-03    42s
  17   1.13125736e+04  1.06235925e+04  5.72e-04 4.21e-08  6.58e-03    43s
  18   1.12136464e+04  1.05830944e+04  5.11e-04 4.51e-08  5.77e-03    44s
  19   1.11037523e+04  1.05646131e+04  4.44e-04 4.66e-08  5.15e-03    45s
  20   1.10107680e+04  1.05260167e+04  3.88e-04 8.57e-08  4.37e-03    45s
  21   1.09861709e+04  1.05060098e+04  3.73e-04 4.10e-08  4.06e-03    46s
  22   1.08820506e+04  1.04809680e+04  3.12e-04 4.46e-08  3.42e-03    47s
  23   1.08466156e+04  1.04575602e+04  2.91e-04 3.71e-08  3.04e-03    48s
  24   1.07653678e+04  1.04472549e+04  2.43e-04 3.93e-08  2.64e-03    49s
  25   1.07536737e+04  1.04427163e+04  2.36e-04 4.82e-08  2.54e-03    50s
  26   1.07181561e+04  1.04316822e+04  2.15e-04 1.38e-07  2.30e-03    50s
  27   1.06347162e+04  1.04221200e+04  1.67e-04 6.52e-08  1.90e-03    51s
  28   1.05826896e+04  1.04104957e+04  1.37e-04 4.23e-08  1.59e-03    52s
  29   1.05239117e+04  1.04001274e+04  1.03e-04 4.15e-08  1.28e-03    53s
  30   1.05100435e+04  1.03845459e+04  9.53e-05 5.12e-08  1.06e-03    54s
  31   1.04773041e+04  1.03800178e+04  7.64e-05 4.04e-08  8.89e-04    55s
  32   1.04645576e+04  1.03743475e+04  6.91e-05 4.11e-08  7.80e-04    56s
  33   1.04546737e+04  1.03705307e+04  6.34e-05 4.59e-08  7.02e-04    56s
  34   1.04252773e+04  1.03686421e+04  4.63e-05 4.16e-08  5.70e-04    57s
  35   1.04163732e+04  1.03629159e+04  4.11e-05 3.97e-08  4.71e-04    58s
  36   1.04075693e+04  1.03606915e+04  3.59e-05 5.08e-08  4.10e-04    59s
  37   1.03928752e+04  1.03593206e+04  2.73e-05 4.08e-08  3.36e-04    60s
  38   1.03859968e+04  1.03573575e+04  2.33e-05 4.08e-08  2.86e-04    61s
  39   1.03797882e+04  1.03552945e+04  1.96e-05 4.01e-08  2.38e-04    61s
  40   1.03760805e+04  1.03536771e+04  1.74e-05 3.71e-08  2.03e-04    62s
  41   1.03701072e+04  1.03520037e+04  1.38e-05 4.17e-08  1.58e-04    63s
  42   1.03662218e+04  1.03505729e+04  1.15e-05 3.99e-07  1.25e-04    64s
  43   1.03613533e+04  1.03500260e+04  8.56e-06 4.75e-07  9.66e-05    65s
  44   1.03581428e+04  1.03493414e+04  6.64e-06 4.51e-07  7.47e-05    66s
  45   1.03562383e+04  1.03488522e+04  5.49e-06 4.14e-08  6.05e-05    66s
  46   1.03537680e+04  1.03483327e+04  3.98e-06 3.90e-08  4.30e-05    67s
  47   1.03518594e+04  1.03480341e+04  2.82e-06 4.56e-08  3.08e-05    68s
  48   1.03503635e+04  1.03477598e+04  1.91e-06 4.47e-08  2.07e-05    69s
  49   1.03496950e+04  1.03475644e+04  1.50e-06 1.15e-07  1.52e-05    70s
  50   1.03488599e+04  1.03475283e+04  9.86e-07 3.13e-07  1.09e-05    70s
  51   1.03484826e+04  1.03474795e+04  7.55e-07 3.45e-07  8.50e-06    71s
  52   1.03482674e+04  1.03473867e+04  6.21e-07 5.33e-07  6.35e-06    72s
  53   1.03477994e+04  1.03473258e+04  3.31e-07 2.86e-07  3.32e-06    73s
  54   1.03475327e+04  1.03472991e+04  1.65e-07 3.35e-07  1.69e-06    74s
  55   1.03474601e+04  1.03472894e+04  1.19e-07 3.82e-07  1.19e-06    74s
  56   1.03473856e+04  1.03472846e+04  7.22e-08 4.35e-08  7.53e-07    75s
  57   1.03473176e+04  1.03472762e+04  2.89e-08 5.22e-08  2.90e-07    76s
  58   1.03472768e+04  1.03472746e+04  2.84e-09 4.68e-07  4.93e-08    76s
  59   1.03472741e+04  1.03472732e+04  8.00e-10 1.71e-07  1.05e-08    77s
  60   1.03472732e+04  1.03472731e+04  9.63e-11 5.03e-08  1.18e-09    78s

Barrier solved model in 60 iterations and 77.90 seconds
Optimal objective 1.03472732e+04

Optimization finished!
Restarting optimization for throughput iteration 1...
Gurobi Optimizer version 9.0.2 build v9.0.2rc0 (linux64)
Optimize a model with 2484 rows, 41431 columns and 102914600 nonzeros
Model fingerprint: 0x8a13021c
Coefficient statistics:
  Matrix range     [1e-13, 3e-05]
  Objective range  [7e-02, 1e+00]
  Bounds range     [1e+00, 1e+00]
  RHS range        [3e-06, 3e-06]
Presolve removed 0 rows and 0 columns (presolve time = 9s) ...
Presolve removed 0 rows and 0 columns (presolve time = 21s) ...
Presolve removed 1242 rows and 0 columns
Presolve time: 23.12s
Presolved: 1242 rows, 42673 columns, 51458541 nonzeros
Ordering time: 0.01s

Barrier statistics:
 AA' NZ     : 7.707e+05
 Factor NZ  : 7.719e+05 (roughly 24 MBytes of memory)
 Factor Ops : 6.394e+08 (less than 1 second per iteration)
 Threads    : 24

                  Objective                Residual
Iter       Primal          Dual         Primal    Dual     Compl     Time
   0   1.30507018e+08  7.05097311e+04  1.25e+02 0.00e+00  4.11e+03    29s
   1   3.09829251e+05  7.04866162e+04  2.81e-01 4.37e-11  9.82e+00    30s
   2   1.86524797e+05  6.37731666e+04  1.63e-01 2.91e-09  5.59e+00    31s
   3   3.53695859e+04  5.05182836e+04  2.16e-02 9.43e-09  1.01e+00    32s
   4   2.07696783e+04  2.54323226e+04  8.52e-03 2.58e-08  3.08e-01    33s
   5   1.74402574e+04  2.07375226e+04  5.71e-03 2.65e-08  1.98e-01    33s
   6   1.59079166e+04  1.81384106e+04  4.52e-03 3.80e-08  1.47e-01    34s
   7   1.43600378e+04  1.67496939e+04  3.37e-03 4.46e-08  1.17e-01    35s
   8   1.38815207e+04  1.54892065e+04  3.02e-03 8.20e-08  9.69e-02    36s
   9   1.33029364e+04  1.44240689e+04  2.61e-03 9.50e-08  7.99e-02    36s
  10   1.20465116e+04  1.24127184e+04  1.73e-03 5.02e-08  4.85e-02    37s
  11   1.18971051e+04  1.21162081e+04  1.65e-03 4.31e-08  4.48e-02    38s
  12   1.14327097e+04  1.13279111e+04  1.36e-03 4.16e-08  3.43e-02    39s
  13   1.11236167e+04  1.08204162e+04  1.18e-03 1.29e-07  2.73e-02    40s
  14   1.08389227e+04  1.03416916e+04  1.02e-03 1.06e-07  2.08e-02    41s
  15   1.06796819e+04  1.00511135e+04  9.26e-04 4.58e-08  1.69e-02    41s
  16   1.02808585e+04  9.93444229e+03  6.97e-04 6.42e-08  1.42e-02    42s
  17   1.01039429e+04  9.68735162e+03  5.96e-04 6.39e-08  1.07e-02    43s
  18   9.85837560e+03  9.57451594e+03  4.58e-04 5.77e-08  8.67e-03    44s
  19   9.71883088e+03  9.44752891e+03  3.80e-04 5.84e-08  6.81e-03    45s
  20   9.60798205e+03  9.37857831e+03  3.18e-04 6.40e-08  5.71e-03    46s
  21   9.49271229e+03  9.26950218e+03  2.55e-04 6.87e-08  4.14e-03    46s
  22   9.39059720e+03  9.20669876e+03  1.98e-04 6.26e-08  3.10e-03    47s
  23   9.31513946e+03  9.15132440e+03  1.55e-04 6.98e-08  2.22e-03    48s
  24   9.22270142e+03  9.12184858e+03  1.03e-04 7.72e-08  1.57e-03    49s
  25   9.19496416e+03  9.10877562e+03  8.70e-05 7.22e-08  1.33e-03    50s
  26   9.17806469e+03  9.08768029e+03  7.77e-05 6.40e-08  1.04e-03    51s
  27   9.15869259e+03  9.08202121e+03  6.66e-05 7.09e-08  9.05e-04    52s
  28   9.11844542e+03  9.07216447e+03  4.37e-05 6.54e-08  6.42e-04    52s
  29   9.10460835e+03  9.06800715e+03  3.55e-05 6.89e-08  5.38e-04    53s
  30   9.09844111e+03  9.06112523e+03  3.21e-05 1.71e-07  4.35e-04    54s
  31   9.08968411e+03  9.05577949e+03  2.71e-05 7.43e-08  3.39e-04    55s
  32   9.07848730e+03  9.05437878e+03  2.05e-05 5.40e-08  2.75e-04    56s
  33   9.07390728e+03  9.05275116e+03  1.78e-05 7.05e-08  2.35e-04    57s
  34   9.06929504e+03  9.05081929e+03  1.51e-05 7.27e-08  1.94e-04    57s
  35   9.06561725e+03  9.04914206e+03  1.29e-05 6.21e-08  1.59e-04    58s
  36   9.05802826e+03  9.04815364e+03  8.45e-06 6.92e-08  1.14e-04    59s
  37   9.05694652e+03  9.04698251e+03  7.84e-06 6.20e-08  9.61e-05    60s
  38   9.05529192e+03  9.04686352e+03  6.84e-06 6.30e-08  8.70e-05    61s
  39   9.05336522e+03  9.04614769e+03  5.70e-06 8.29e-08  6.99e-05    62s
  40   9.05017068e+03  9.04571741e+03  3.75e-06 6.41e-07  4.95e-05    62s
  41   9.04878878e+03  9.04527178e+03  2.92e-06 6.72e-07  3.80e-05    63s
  42   9.04754325e+03  9.04493289e+03  2.17e-06 2.66e-07  2.82e-05    64s
  43   9.04665050e+03  9.04459882e+03  1.63e-06 1.03e-06  2.00e-05    65s
  44   9.04586717e+03  9.04437002e+03  1.15e-06 7.53e-07  1.35e-05    66s
  45   9.04506515e+03  9.04427320e+03  6.53e-07 8.10e-07  8.39e-06    67s
  46   9.04484101e+03  9.04419060e+03  5.14e-07 3.84e-07  6.29e-06    68s
  47   9.04466226e+03  9.04415461e+03  4.03e-07 6.46e-07  4.96e-06    70s
  48   9.04444248e+03  9.04412392e+03  2.66e-07 4.21e-07  3.47e-06    70s
  49   9.04429530e+03  9.04408609e+03  1.74e-07 5.50e-08  2.25e-06    72s
  50   9.04420301e+03  9.04405917e+03  1.15e-07 1.01e-06  1.44e-06    73s
  51   9.04410792e+03  9.04403771e+03  5.54e-08 2.16e-07  6.77e-07    74s
  52   9.04405995e+03  9.04403129e+03  2.41e-08 7.67e-08  3.17e-07    75s
  53   9.04404121e+03  9.04402719e+03  1.16e-08 8.42e-07  1.49e-07    76s
  54   9.04403130e+03  9.04402538e+03  5.01e-09 1.11e-07  6.61e-08    77s
  55   9.04402580e+03  9.04402446e+03  1.23e-09 9.31e-08  1.75e-08    78s
  56   9.04402424e+03  9.04402420e+03  1.37e-10 1.28e-07  3.23e-09    79s

Barrier solved model in 56 iterations and 78.90 seconds
Optimal objective 9.04402424e+03

WARNING: VerifyWarning: Keyword name 'LS_ALIGN_TOl' is greater than 8 characters or contains characters not allowed by the FITS standard; a HIERARCH card will be created. [astropy.io.fits.card]
WARNING: VerifyWarning: Keyword name 'LS_NUM_STOPS' is greater than 8 characters or contains characters not allowed by the FITS standard; a HIERARCH card will be created. [astropy.io.fits.card]
WARNING: VerifyWarning: Keyword name 'PROG_START' is greater than 8 characters or contains characters not allowed by the FITS standard; a HIERARCH card will be created. [astropy.io.fits.card]
WARNING: VerifyWarning: Keyword name 'PROG_EDGE' is greater than 8 characters or contains characters not allowed by the FITS standard; a HIERARCH card will be created. [astropy.io.fits.card]
WARNING: VerifyWarning: Keyword name 'THRPT_ITER' is greater than 8 characters or contains characters not allowed by the FITS standard; a HIERARCH card will be created. [astropy.io.fits.card]
WARNING: VerifyWarning: Keyword name 'THRPT_ESTIM' is greater than 8 characters or contains characters not allowed by the FITS standard; a HIERARCH card will be created. [astropy.io.fits.card]
WARNING: VerifyWarning: Keyword name 'MAX_THRPT' is greater than 8 characters or contains characters not allowed by the FITS standard; a HIERARCH card will be created. [astropy.io.fits.card]
WARNING: VerifyWarning: Keyword name 'SLV_THRDS' is greater than 8 characters or contains characters not allowed by the FITS standard; a HIERARCH card will be created. [astropy.io.fits.card]
WARNING: VerifyWarning: Keyword name 'SLV_XOVER' is greater than 8 characters or contains characters not allowed by the FITS standard; a HIERARCH card will be created. [astropy.io.fits.card]
WARNING: VerifyWarning: Card is too long, comment will be truncated. [astropy.io.fits.card]
Optimization finished!
