Optimizer called with the following parameters:
{'focal_plane_mask': {'field_stop_radius': -1.0,
                      'grayscale': True,
                      'num_pix': 150,
                      'radius': 3.5},
 'image': {'bandwidth': 0.1,
           'contrast': 10,
           'iwa': 3.4,
           'num_wavelengths': 3,
           'owa': 12.0,
           'resolution': 2},
 'instrument': {'inst_name': 'SCDA'},
 'lyot_stop': {'alignment_tolerance': 0,
               'filename': 'SCDA/LS_SCDA_ID0120_OD0982_no_struts_gy_ovsamp3_N0500.fits',
               'num_lyot_stops': 1},
 'method': {'edge_width_for_prior': 2,
            'ending_scale': 1,
            'force_no_hermitian_symmetry': False,
            'force_no_x_mirror_symmetry': False,
            'force_no_y_mirror_symmetry': False,
            'initial_throughput_estimate': 1,
            'maximize_planet_throughput': True,
            'num_throughput_iterations': 2,
            'starting_scale': 1},
 'pupil': {'N': 500,
           'filename': 'SCDA/TelAp_SCDA_13-Hex_clipped_gy_gap_pad02_ovsamp03_N0500.fits'},
 'solver': {'crossover': 0,
            'method': 2,
            'num_threads': 0}}

File organization:
{'analysis_dir': '/user/bnickson/git_hub/aplc_optimization/surveys/scda_scda_segment_size_clipped_N0500_telserv3/analysis',
 'drivers_dir': '/user/bnickson/git_hub/aplc_optimization/surveys/scda_scda_segment_size_clipped_N0500_telserv3/drivers',
 'input_files_dir': '/user/bnickson/git_hub/aplc_optimization/masks',
 'log_dir': '/user/bnickson/git_hub/aplc_optimization/surveys/scda_scda_segment_size_clipped_N0500_telserv3/logs',
 'solution_dir': '/user/bnickson/git_hub/aplc_optimization/surveys/scda_scda_segment_size_clipped_N0500_telserv3/solutions',
 'survey_dir': '/user/bnickson/git_hub/aplc_optimization/surveys/scda_scda_segment_size_clipped_N0500_telserv3'}

Telescope pupil:
   Mirror symmetry in x: yes
   Mirror symmetry in y: yes

Lyot stop #0:
   Mirror symmetry in x: yes
Lyot stop #0:
   Mirror symmetry in y: yes

Complete APLC:
   Mirror symmetry in x: yes
   Mirror symmetry in y: yes

Starting optimization at scale 1 with 41482 variables and 1242 constraints.
Creating model...
Using license file /home/bnickson/gurobi.lic
Academic license - for non-commercial use only
Parameter Threads unchanged
   Value: 0  Min: 0  Max: 1024  Default: 0
Changed value of parameter Crossover to 0
   Prev: -1  Min: -1  Max: 5  Default: -1
Changed value of parameter Method to 2
   Prev: -1  Min: -1  Max: 5  Default: -1
Calculating and adding constraints...
Wavelength 1/3; Variable 1000/41482
Wavelength 1/3; Variable 2000/41482
Wavelength 1/3; Variable 3000/41482
Wavelength 1/3; Variable 4000/41482
Wavelength 1/3; Variable 5000/41482
Wavelength 1/3; Variable 6000/41482
Wavelength 1/3; Variable 7000/41482
Wavelength 1/3; Variable 8000/41482
Wavelength 1/3; Variable 9000/41482
Wavelength 1/3; Variable 10000/41482
Wavelength 1/3; Variable 11000/41482
Wavelength 1/3; Variable 12000/41482
Wavelength 1/3; Variable 13000/41482
Wavelength 1/3; Variable 14000/41482
Wavelength 1/3; Variable 15000/41482
Wavelength 1/3; Variable 16000/41482
Wavelength 1/3; Variable 17000/41482
Wavelength 1/3; Variable 18000/41482
Wavelength 1/3; Variable 19000/41482
Wavelength 1/3; Variable 20000/41482
Wavelength 1/3; Variable 21000/41482
Wavelength 1/3; Variable 22000/41482
Wavelength 1/3; Variable 23000/41482
Wavelength 1/3; Variable 24000/41482
Wavelength 1/3; Variable 25000/41482
Wavelength 1/3; Variable 26000/41482
Wavelength 1/3; Variable 27000/41482
Wavelength 1/3; Variable 28000/41482
Wavelength 1/3; Variable 29000/41482
Wavelength 1/3; Variable 30000/41482
Wavelength 1/3; Variable 31000/41482
Wavelength 1/3; Variable 32000/41482
Wavelength 1/3; Variable 33000/41482
Wavelength 1/3; Variable 34000/41482
Wavelength 1/3; Variable 35000/41482
Wavelength 1/3; Variable 36000/41482
Wavelength 1/3; Variable 37000/41482
Wavelength 1/3; Variable 38000/41482
Wavelength 1/3; Variable 39000/41482
Wavelength 1/3; Variable 40000/41482
Wavelength 1/3; Variable 41000/41482
Wavelength 2/3; Variable 1000/41482
Wavelength 2/3; Variable 2000/41482
Wavelength 2/3; Variable 3000/41482
Wavelength 2/3; Variable 4000/41482
Wavelength 2/3; Variable 5000/41482
Wavelength 2/3; Variable 6000/41482
Wavelength 2/3; Variable 7000/41482
Wavelength 2/3; Variable 8000/41482
Wavelength 2/3; Variable 9000/41482
Wavelength 2/3; Variable 10000/41482
Wavelength 2/3; Variable 11000/41482
Wavelength 2/3; Variable 12000/41482
Wavelength 2/3; Variable 13000/41482
Wavelength 2/3; Variable 14000/41482
Wavelength 2/3; Variable 15000/41482
Wavelength 2/3; Variable 16000/41482
Wavelength 2/3; Variable 17000/41482
Wavelength 2/3; Variable 18000/41482
Wavelength 2/3; Variable 19000/41482
Wavelength 2/3; Variable 20000/41482
Wavelength 2/3; Variable 21000/41482
Wavelength 2/3; Variable 22000/41482
Wavelength 2/3; Variable 23000/41482
Wavelength 2/3; Variable 24000/41482
Wavelength 2/3; Variable 25000/41482
Wavelength 2/3; Variable 26000/41482
Wavelength 2/3; Variable 27000/41482
Wavelength 2/3; Variable 28000/41482
Wavelength 2/3; Variable 29000/41482
Wavelength 2/3; Variable 30000/41482
Wavelength 2/3; Variable 31000/41482
Wavelength 2/3; Variable 32000/41482
Wavelength 2/3; Variable 33000/41482
Wavelength 2/3; Variable 34000/41482
Wavelength 2/3; Variable 35000/41482
Wavelength 2/3; Variable 36000/41482
Wavelength 2/3; Variable 37000/41482
Wavelength 2/3; Variable 38000/41482
Wavelength 2/3; Variable 39000/41482
Wavelength 2/3; Variable 40000/41482
Wavelength 2/3; Variable 41000/41482
Wavelength 3/3; Variable 1000/41482
Wavelength 3/3; Variable 2000/41482
Wavelength 3/3; Variable 3000/41482
Wavelength 3/3; Variable 4000/41482
Wavelength 3/3; Variable 5000/41482
Wavelength 3/3; Variable 6000/41482
Wavelength 3/3; Variable 7000/41482
Wavelength 3/3; Variable 8000/41482
Wavelength 3/3; Variable 9000/41482
Wavelength 3/3; Variable 10000/41482
Wavelength 3/3; Variable 11000/41482
Wavelength 3/3; Variable 12000/41482
Wavelength 3/3; Variable 13000/41482
Wavelength 3/3; Variable 14000/41482
Wavelength 3/3; Variable 15000/41482
Wavelength 3/3; Variable 16000/41482
Wavelength 3/3; Variable 17000/41482
Wavelength 3/3; Variable 18000/41482
Wavelength 3/3; Variable 19000/41482
Wavelength 3/3; Variable 20000/41482
Wavelength 3/3; Variable 21000/41482
Wavelength 3/3; Variable 22000/41482
Wavelength 3/3; Variable 23000/41482
Wavelength 3/3; Variable 24000/41482
Wavelength 3/3; Variable 25000/41482
Wavelength 3/3; Variable 26000/41482
Wavelength 3/3; Variable 27000/41482
Wavelength 3/3; Variable 28000/41482
Wavelength 3/3; Variable 29000/41482
Wavelength 3/3; Variable 30000/41482
Wavelength 3/3; Variable 31000/41482
Wavelength 3/3; Variable 32000/41482
Wavelength 3/3; Variable 33000/41482
Wavelength 3/3; Variable 34000/41482
Wavelength 3/3; Variable 35000/41482
Wavelength 3/3; Variable 36000/41482
Wavelength 3/3; Variable 37000/41482
Wavelength 3/3; Variable 38000/41482
Wavelength 3/3; Variable 39000/41482
Wavelength 3/3; Variable 40000/41482
Wavelength 3/3; Variable 41000/41482
Warning for adding constraints: zero or small (< 1e-13) coefficients, ignored
Start optimization...
Gurobi Optimizer version 9.0.2 build v9.0.2rc0 (linux64)
Optimize a model with 2484 rows, 41482 columns and 103041284 nonzeros
Model fingerprint: 0x3fd5bf35
Coefficient statistics:
  Matrix range     [1e-13, 3e-05]
  Objective range  [1e-01, 1e+00]
  Bounds range     [1e+00, 1e+00]
  RHS range        [1e-05, 1e-05]
Presolve removed 0 rows and 0 columns (presolve time = 8s) ...
Presolve removed 0 rows and 0 columns (presolve time = 20s) ...
Presolve removed 1242 rows and 0 columns (presolve time = 22s) ...
Presolve removed 1242 rows and 0 columns
Presolve time: 22.20s
Presolved: 1242 rows, 42724 columns, 51521883 nonzeros
Ordering time: 0.02s

Barrier statistics:
 AA' NZ     : 7.707e+05
 Factor NZ  : 7.719e+05 (roughly 24 MBytes of memory)
 Factor Ops : 6.394e+08 (less than 1 second per iteration)
 Threads    : 24

                  Objective                Residual
Iter       Primal          Dual         Primal    Dual     Compl     Time
   0   1.30300113e+08  7.12486416e+04  1.30e+02 3.64e-12  4.11e+03    28s
   1   3.05291654e+05  7.12250904e+04  2.87e-01 4.37e-11  9.71e+00    29s
   2   1.85574709e+05  6.44330911e+04  1.68e-01 2.74e-09  5.56e+00    30s
   3   3.98800487e+04  5.13823918e+04  2.64e-02 1.07e-08  1.12e+00    31s
   4   2.48237576e+04  2.98417667e+04  1.18e-02 2.52e-08  4.03e-01    32s
   5   1.86977210e+04  2.24493587e+04  6.31e-03 2.53e-08  2.09e-01    32s
   6   1.65379856e+04  1.89779946e+04  4.46e-03 3.61e-08  1.39e-01    33s
   7   1.51111343e+04  1.70978151e+04  3.29e-03 3.13e-08  1.03e-01    34s
   8   1.44765940e+04  1.59798600e+04  2.80e-03 3.84e-08  8.42e-02    35s
   9   1.37042067e+04  1.48057058e+04  2.25e-03 3.33e-08  6.80e-02    35s
  10   1.33765603e+04  1.44917072e+04  2.05e-03 3.67e-08  6.34e-02    36s
  11   1.29260510e+04  1.36937035e+04  1.76e-03 3.70e-08  5.23e-02    37s
  12   1.25590212e+04  1.24776164e+04  1.53e-03 6.33e-08  3.70e-02    38s
  13   1.23016330e+04  1.20111379e+04  1.37e-03 4.28e-08  3.05e-02    39s
  14   1.20511603e+04  1.16815798e+04  1.22e-03 5.22e-08  2.57e-02    40s
  15   1.16362073e+04  1.12636380e+04  9.65e-04 5.22e-08  1.94e-02    41s
  16   1.13749970e+04  1.10932050e+04  8.06e-04 3.61e-08  1.66e-02    41s
  17   1.11898873e+04  1.08931404e+04  6.92e-04 3.59e-08  1.36e-02    42s
  18   1.09480991e+04  1.06319109e+04  5.47e-04 8.85e-08  9.87e-03    43s
  19   1.08050454e+04  1.05272286e+04  4.59e-04 9.87e-08  8.16e-03    44s
  20   1.06237505e+04  1.04246058e+04  3.49e-04 2.10e-07  6.37e-03    45s
  21   1.04689154e+04  1.03085227e+04  2.55e-04 3.62e-08  4.52e-03    46s
  22   1.03778221e+04  1.02274799e+04  1.99e-04 2.79e-07  3.26e-03    46s
  23   1.02842873e+04  1.01857379e+04  1.41e-04 1.71e-07  2.40e-03    47s
  24   1.02576484e+04  1.01526937e+04  1.24e-04 1.10e-07  1.91e-03    48s
  25   1.02287324e+04  1.01326608e+04  1.06e-04 1.23e-07  1.56e-03    49s
  26   1.01747504e+04  1.01150535e+04  7.15e-05 8.38e-08  1.11e-03    50s
  27   1.01587014e+04  1.01037562e+04  6.13e-05 1.02e-07  9.08e-04    50s
  28   1.01421771e+04  1.00947911e+04  5.03e-05 5.22e-08  7.22e-04    51s
  29   1.01213717e+04  1.00884118e+04  3.66e-05 3.93e-08  5.44e-04    52s
  30   1.01174670e+04  1.00827096e+04  3.41e-05 1.45e-07  4.58e-04    53s
  31   1.01032658e+04  1.00808743e+04  2.45e-05 1.62e-07  3.60e-04    54s
  32   1.00905345e+04  1.00787644e+04  1.59e-05 2.55e-07  2.65e-04    55s
  33   1.00866995e+04  1.00761771e+04  1.33e-05 3.05e-07  2.14e-04    55s
  34   1.00825788e+04  1.00749688e+04  1.05e-05 2.46e-07  1.76e-04    56s
  35   1.00787023e+04  1.00729763e+04  7.77e-06 2.14e-07  1.30e-04    57s
  36   1.00739521e+04  1.00720407e+04  4.44e-06 2.53e-07  9.02e-05    58s
  37   1.00719906e+04  1.00704910e+04  3.06e-06 4.65e-08  6.00e-05    59s
  38   1.00708751e+04  1.00700486e+04  2.25e-06 5.59e-08  4.74e-05    60s
  39   1.00700362e+04  1.00690101e+04  1.64e-06 2.27e-07  2.96e-05    61s
  40   1.00692743e+04  1.00685348e+04  1.08e-06 2.09e-07  1.87e-05    62s
  41   1.00685895e+04  1.00683616e+04  5.69e-07 3.96e-08  1.18e-05    63s
  42   1.00683513e+04  1.00681783e+04  3.87e-07 1.79e-07  7.78e-06    64s
  43   1.00680696e+04  1.00680667e+04  1.70e-07 2.55e-07  4.27e-06    64s
  44   1.00679640e+04  1.00679462e+04  8.44e-08 4.01e-08  1.93e-06    65s
  45   1.00679070e+04  1.00678993e+04  3.90e-08 1.55e-07  8.97e-07    66s
  46   1.00678840e+04  1.00678729e+04  2.02e-08 2.18e-07  3.82e-07    66s
  47   1.00678673e+04  1.00678641e+04  5.71e-09 9.69e-08  1.08e-07    67s
  48   1.00678624e+04  1.00678618e+04  1.48e-09 7.64e-08  2.99e-08    68s
  49   1.00678612e+04  1.00678612e+04  3.82e-10 8.01e-08  9.52e-09    68s

Barrier solved model in 49 iterations and 68.39 seconds
Optimal objective 1.00678612e+04

Optimization finished!
Restarting optimization for throughput iteration 1...
Gurobi Optimizer version 9.0.2 build v9.0.2rc0 (linux64)
Optimize a model with 2484 rows, 41482 columns and 103041284 nonzeros
Model fingerprint: 0x80baf35b
Coefficient statistics:
  Matrix range     [1e-13, 3e-05]
  Objective range  [1e-01, 1e+00]
  Bounds range     [1e+00, 1e+00]
  RHS range        [3e-06, 3e-06]
Presolve removed 0 rows and 0 columns (presolve time = 8s) ...
Presolve removed 0 rows and 0 columns (presolve time = 20s) ...
Presolve removed 1242 rows and 0 columns (presolve time = 22s) ...
Presolve removed 1242 rows and 0 columns
Presolve time: 22.22s
Presolved: 1242 rows, 42724 columns, 51521883 nonzeros
Ordering time: 0.01s

Barrier statistics:
 AA' NZ     : 7.707e+05
 Factor NZ  : 7.719e+05 (roughly 24 MBytes of memory)
 Factor Ops : 6.394e+08 (less than 1 second per iteration)
 Threads    : 24

                  Objective                Residual
Iter       Primal          Dual         Primal    Dual     Compl     Time
   0   1.30300113e+08  7.04821787e+04  1.30e+02 0.00e+00  4.11e+03    28s
   1   3.15024438e+05  7.04588216e+04  2.97e-01 4.37e-11  1.00e+01    29s
   2   1.89929776e+05  6.38265546e+04  1.73e-01 2.42e-09  5.72e+00    30s
   3   3.36428633e+04  5.06593923e+04  2.10e-02 1.08e-08  9.86e-01    31s
   4   1.96604107e+04  2.63740397e+04  8.20e-03 2.91e-08  3.18e-01    32s
   5   1.61828977e+04  2.06789480e+04  5.09e-03 3.63e-08  1.90e-01    32s
   6   1.46597219e+04  1.77240083e+04  3.83e-03 6.05e-08  1.35e-01    33s
   7   1.32528031e+04  1.58087446e+04  2.74e-03 7.26e-08  9.94e-02    34s
   8   1.27366374e+04  1.44553950e+04  2.37e-03 3.45e-08  8.03e-02    34s
   9   1.20001738e+04  1.34019578e+04  1.89e-03 3.58e-08  6.50e-02    35s
  10   1.18295074e+04  1.27359929e+04  1.79e-03 3.17e-08  5.65e-02    36s
  11   1.12249518e+04  1.19943934e+04  1.42e-03 4.00e-08  4.51e-02    37s
  12   1.09535274e+04  1.17094232e+04  1.25e-03 4.75e-08  4.07e-02    38s
  13   1.07349827e+04  1.13195177e+04  1.12e-03 5.08e-08  3.53e-02    39s
  14   1.04145175e+04  1.07133675e+04  9.28e-04 4.16e-08  2.70e-02    40s
  15   1.03007351e+04  1.05363197e+04  8.62e-04 6.15e-08  2.45e-02    40s
  16   1.00252577e+04  1.01702772e+04  6.98e-04 1.36e-07  1.93e-02    41s
  17   9.84323346e+03  9.78990141e+03  5.91e-04 4.13e-08  1.42e-02    42s
  18   9.71104518e+03  9.63952363e+03  5.13e-04 4.68e-08  1.20e-02    43s
  19   9.59339671e+03  9.47614667e+03  4.44e-04 4.82e-08  9.78e-03    44s
  20   9.46428550e+03  9.18632659e+03  3.69e-04 1.29e-07  5.99e-03    45s
  21   9.38489319e+03  9.08978144e+03  3.21e-04 1.42e-07  4.61e-03    45s
  22   9.31714411e+03  9.00993992e+03  2.80e-04 2.92e-07  3.47e-03    46s
  23   9.20396974e+03  8.97319700e+03  2.14e-04 4.32e-07  2.70e-03    47s
  24   9.16605841e+03  8.94637611e+03  1.92e-04 2.27e-07  2.27e-03    48s
  25   9.10269366e+03  8.93076986e+03  1.55e-04 6.34e-08  1.91e-03    49s
  26   9.05995016e+03  8.91695343e+03  1.30e-04 7.18e-08  1.63e-03    50s
  27   8.99115506e+03  8.89848957e+03  9.04e-05 6.35e-08  1.23e-03    50s
  28   8.96431986e+03  8.88899425e+03  7.48e-05 7.31e-08  1.04e-03    51s
  29   8.94747639e+03  8.88355454e+03  6.50e-05 6.05e-08  9.23e-04    52s
  30   8.93788397e+03  8.87337635e+03  5.94e-05 9.83e-08  7.80e-04    53s
  31   8.91939490e+03  8.86851660e+03  4.86e-05 1.03e-07  6.64e-04    54s
  32   8.90679331e+03  8.86275607e+03  4.13e-05 6.97e-08  5.53e-04    55s
  33   8.89333760e+03  8.85448789e+03  3.33e-05 5.42e-08  4.09e-04    55s
  34   8.88097769e+03  8.85127700e+03  2.60e-05 4.91e-08  3.26e-04    56s
  35   8.87677982e+03  8.84975257e+03  2.35e-05 6.12e-08  2.94e-04    57s
  36   8.87052775e+03  8.84691043e+03  1.98e-05 1.66e-07  2.36e-04    58s
  37   8.86403092e+03  8.84494600e+03  1.58e-05 3.91e-07  1.88e-04    59s
  38   8.85954669e+03  8.84354624e+03  1.31e-05 1.64e-07  1.53e-04    60s
  39   8.85507967e+03  8.84258757e+03  1.03e-05 7.08e-08  1.23e-04    60s
  40   8.85361707e+03  8.84168939e+03  9.46e-06 1.53e-07  1.06e-04    61s
  41   8.84999906e+03  8.84110140e+03  7.24e-06 8.75e-08  8.40e-05    62s
  42   8.84695774e+03  8.84015125e+03  5.35e-06 4.56e-07  5.95e-05    63s
  43   8.84484878e+03  8.83957307e+03  4.04e-06 6.48e-07  4.34e-05    64s
  44   8.84279159e+03  8.83933310e+03  2.77e-06 4.36e-07  3.16e-05    64s
  45   8.84161976e+03  8.83889601e+03  2.04e-06 1.14e-07  2.12e-05    65s
  46   8.84104388e+03  8.83873910e+03  1.68e-06 6.94e-08  1.67e-05    66s
  47   8.84015230e+03  8.83861539e+03  1.11e-06 7.84e-07  1.08e-05    67s
  48   8.83958712e+03  8.83853100e+03  7.52e-07 7.65e-08  7.20e-06    68s
  49   8.83924621e+03  8.83850702e+03  5.36e-07 1.92e-07  5.29e-06    68s
  50   8.83913475e+03  8.83849318e+03  4.65e-07 7.13e-08  4.60e-06    69s
  51   8.83891486e+03  8.83846840e+03  3.25e-07 7.50e-08  3.24e-06    70s
  52   8.83874886e+03  8.83844801e+03  2.17e-07 9.36e-08  2.13e-06    71s
  53   8.83861548e+03  8.83843203e+03  1.32e-07 7.70e-08  1.30e-06    72s
  54   8.83850993e+03  8.83841837e+03  6.55e-08 1.27e-07  6.32e-07    72s
  55   8.83846004e+03  8.83841542e+03  3.30e-08 1.10e-07  3.36e-07    73s
  56   8.83844023e+03  8.83841416e+03  2.00e-08 1.36e-07  2.16e-07    74s
  57   8.83842473e+03  8.83841271e+03  9.81e-09 1.27e-07  1.15e-07    75s
  58   8.83841764e+03  8.83841091e+03  5.04e-09 3.78e-07  5.23e-08    76s
  59   8.83841390e+03  8.83841056e+03  2.53e-09 1.45e-06  2.70e-08    77s
  60   8.83841178e+03  8.83841031e+03  1.10e-09 8.45e-08  1.15e-08    78s
  61   8.83841110e+03  8.83841024e+03  6.36e-10 1.03e-07  6.51e-09    79s
  62   8.83841061e+03  8.83841021e+03  2.87e-10 6.52e-07  2.78e-09    80s
  63   8.83841020e+03  8.83841020e+03  2.32e-12 1.15e-07  1.70e-11    81s

Barrier solved model in 63 iterations and 81.09 seconds
Optimal objective 8.83841020e+03

WARNING: VerifyWarning: Keyword name 'LS_ALIGN_TOl' is greater than 8 characters or contains characters not allowed by the FITS standard; a HIERARCH card will be created. [astropy.io.fits.card]
WARNING: VerifyWarning: Keyword name 'LS_NUM_STOPS' is greater than 8 characters or contains characters not allowed by the FITS standard; a HIERARCH card will be created. [astropy.io.fits.card]
WARNING: VerifyWarning: Keyword name 'PROG_START' is greater than 8 characters or contains characters not allowed by the FITS standard; a HIERARCH card will be created. [astropy.io.fits.card]
WARNING: VerifyWarning: Keyword name 'PROG_EDGE' is greater than 8 characters or contains characters not allowed by the FITS standard; a HIERARCH card will be created. [astropy.io.fits.card]
WARNING: VerifyWarning: Keyword name 'THRPT_ITER' is greater than 8 characters or contains characters not allowed by the FITS standard; a HIERARCH card will be created. [astropy.io.fits.card]
WARNING: VerifyWarning: Keyword name 'THRPT_ESTIM' is greater than 8 characters or contains characters not allowed by the FITS standard; a HIERARCH card will be created. [astropy.io.fits.card]
WARNING: VerifyWarning: Keyword name 'MAX_THRPT' is greater than 8 characters or contains characters not allowed by the FITS standard; a HIERARCH card will be created. [astropy.io.fits.card]
WARNING: VerifyWarning: Keyword name 'SLV_THRDS' is greater than 8 characters or contains characters not allowed by the FITS standard; a HIERARCH card will be created. [astropy.io.fits.card]
WARNING: VerifyWarning: Keyword name 'SLV_XOVER' is greater than 8 characters or contains characters not allowed by the FITS standard; a HIERARCH card will be created. [astropy.io.fits.card]
WARNING: VerifyWarning: Card is too long, comment will be truncated. [astropy.io.fits.card]
Optimization finished!
