Optimizer called with the following parameters:
{'focal_plane_mask': {'field_stop_radius': -1.0,
                      'grayscale': True,
                      'num_pix': 150,
                      'radius': 3.5},
 'image': {'bandwidth': 0.1,
           'contrast': 10,
           'iwa': 3.4,
           'num_wavelengths': 5,
           'owa': 12.0,
           'resolution': 2},
 'lyot_stop': {'alignment_tolerance': 0,
               'filename': 'LUVOIR/LS_LUVOIR_ID0120_OD0982_no_struts_gy_ovsamp3_N0500.fits',
               'num_lyot_stops': 1},
 'method': {'edge_width_for_prior': 2,
            'ending_scale': 1,
            'force_no_hermitian_symmetry': False,
            'force_no_x_mirror_symmetry': False,
            'force_no_y_mirror_symmetry': False,
            'initial_throughput_estimate': 1,
            'maximize_planet_throughput': True,
            'num_throughput_iterations': 2,
            'starting_scale': 1},
 'pupil': {'N': 500,
           'filename': 'LUVOIR/TelAp_LUVOIR_gap_pad02_bw_ovsamp03_N0500.fits'},
 'solver': {'crossover': 0,
            'method': 2,
            'num_threads': 0}}

File organization:
{'analysis_dir': '/user/kstlaurent/git/progressive_refinement_coronagraphy/surveys/luvoir_BW10_small_N0500_telserv3/analysis',
 'drivers_dir': '/user/kstlaurent/git/progressive_refinement_coronagraphy/surveys/luvoir_BW10_small_N0500_telserv3/drivers',
 'input_files_dir': '/user/kstlaurent/git/progressive_refinement_coronagraphy/masks',
 'log_dir': '/user/kstlaurent/git/progressive_refinement_coronagraphy/surveys/luvoir_BW10_small_N0500_telserv3/logs',
 'solution_dir': '/user/kstlaurent/git/progressive_refinement_coronagraphy/surveys/luvoir_BW10_small_N0500_telserv3/solutions',
 'survey_dir': '/user/kstlaurent/git/progressive_refinement_coronagraphy/surveys/luvoir_BW10_small_N0500_telserv3'}

Telescope pupil:
   Mirror symmetry in x: yes
   Mirror symmetry in y: no

Lyot stop #0:
   Mirror symmetry in x: yes
Lyot stop #0:
   Mirror symmetry in y: yes

Complete APLC:
   Mirror symmetry in x: yes
   Mirror symmetry in y: no

Starting optimization at scale 1 with 85671 variables and 4140 constraints.
Creating model...
Academic license - for non-commercial use only
Parameter Threads unchanged
   Value: 0  Min: 0  Max: 1024  Default: 0
Changed value of parameter Crossover to 0
   Prev: -1  Min: -1  Max: 5  Default: -1
Changed value of parameter Method to 2
   Prev: -1  Min: -1  Max: 5  Default: -1
Calculating and adding constraints...
Wavelength 1/5; Variable 1000/85671
Wavelength 1/5; Variable 2000/85671
Wavelength 1/5; Variable 3000/85671
Wavelength 1/5; Variable 4000/85671
Wavelength 1/5; Variable 5000/85671
Wavelength 1/5; Variable 6000/85671
Wavelength 1/5; Variable 7000/85671
Wavelength 1/5; Variable 8000/85671
Wavelength 1/5; Variable 9000/85671
Wavelength 1/5; Variable 10000/85671
Wavelength 1/5; Variable 11000/85671
Wavelength 1/5; Variable 12000/85671
Wavelength 1/5; Variable 13000/85671
Wavelength 1/5; Variable 14000/85671
Wavelength 1/5; Variable 15000/85671
Wavelength 1/5; Variable 16000/85671
Wavelength 1/5; Variable 17000/85671
Wavelength 1/5; Variable 18000/85671
Wavelength 1/5; Variable 19000/85671
Wavelength 1/5; Variable 20000/85671
Wavelength 1/5; Variable 21000/85671
Wavelength 1/5; Variable 22000/85671
Wavelength 1/5; Variable 23000/85671
Wavelength 1/5; Variable 24000/85671
Wavelength 1/5; Variable 25000/85671
Wavelength 1/5; Variable 26000/85671
Wavelength 1/5; Variable 27000/85671
Wavelength 1/5; Variable 28000/85671
Wavelength 1/5; Variable 29000/85671
Wavelength 1/5; Variable 30000/85671
Wavelength 1/5; Variable 31000/85671
Wavelength 1/5; Variable 32000/85671
Wavelength 1/5; Variable 33000/85671
Wavelength 1/5; Variable 34000/85671
Wavelength 1/5; Variable 35000/85671
Wavelength 1/5; Variable 36000/85671
Wavelength 1/5; Variable 37000/85671
Wavelength 1/5; Variable 38000/85671
Wavelength 1/5; Variable 39000/85671
Wavelength 1/5; Variable 40000/85671
Wavelength 1/5; Variable 41000/85671
Wavelength 1/5; Variable 42000/85671
Wavelength 1/5; Variable 43000/85671
Wavelength 1/5; Variable 44000/85671
Wavelength 1/5; Variable 45000/85671
Wavelength 1/5; Variable 46000/85671
Wavelength 1/5; Variable 47000/85671
Wavelength 1/5; Variable 48000/85671
Wavelength 1/5; Variable 49000/85671
Wavelength 1/5; Variable 50000/85671
Wavelength 1/5; Variable 51000/85671
Wavelength 1/5; Variable 52000/85671
Wavelength 1/5; Variable 53000/85671
Wavelength 1/5; Variable 54000/85671
Wavelength 1/5; Variable 55000/85671
Wavelength 1/5; Variable 56000/85671
Wavelength 1/5; Variable 57000/85671
Wavelength 1/5; Variable 58000/85671
Wavelength 1/5; Variable 59000/85671
Wavelength 1/5; Variable 60000/85671
Wavelength 1/5; Variable 61000/85671
Wavelength 1/5; Variable 62000/85671
Wavelength 1/5; Variable 63000/85671
Wavelength 1/5; Variable 64000/85671
Wavelength 1/5; Variable 65000/85671
Wavelength 1/5; Variable 66000/85671
Wavelength 1/5; Variable 67000/85671
Wavelength 1/5; Variable 68000/85671
Wavelength 1/5; Variable 69000/85671
Wavelength 1/5; Variable 70000/85671
Wavelength 1/5; Variable 71000/85671
Wavelength 1/5; Variable 72000/85671
Wavelength 1/5; Variable 73000/85671
Wavelength 1/5; Variable 74000/85671
Wavelength 1/5; Variable 75000/85671
Wavelength 1/5; Variable 76000/85671
Wavelength 1/5; Variable 77000/85671
Wavelength 1/5; Variable 78000/85671
Wavelength 1/5; Variable 79000/85671
Wavelength 1/5; Variable 80000/85671
Wavelength 1/5; Variable 81000/85671
Wavelength 1/5; Variable 82000/85671
Wavelength 1/5; Variable 83000/85671
Wavelength 1/5; Variable 84000/85671
Wavelength 1/5; Variable 85000/85671
Warning for adding constraints: zero or small (< 1e-13) coefficients, ignored
Wavelength 2/5; Variable 1000/85671
Wavelength 2/5; Variable 2000/85671
Wavelength 2/5; Variable 3000/85671
Wavelength 2/5; Variable 4000/85671
Wavelength 2/5; Variable 5000/85671
Wavelength 2/5; Variable 6000/85671
Wavelength 2/5; Variable 7000/85671
Wavelength 2/5; Variable 8000/85671
Wavelength 2/5; Variable 9000/85671
Wavelength 2/5; Variable 10000/85671
Wavelength 2/5; Variable 11000/85671
Wavelength 2/5; Variable 12000/85671
Wavelength 2/5; Variable 13000/85671
Wavelength 2/5; Variable 14000/85671
Wavelength 2/5; Variable 15000/85671
Wavelength 2/5; Variable 16000/85671
Wavelength 2/5; Variable 17000/85671
Wavelength 2/5; Variable 18000/85671
Wavelength 2/5; Variable 19000/85671
Wavelength 2/5; Variable 20000/85671
Wavelength 2/5; Variable 21000/85671
Wavelength 2/5; Variable 22000/85671
Wavelength 2/5; Variable 23000/85671
Wavelength 2/5; Variable 24000/85671
Wavelength 2/5; Variable 25000/85671
Wavelength 2/5; Variable 26000/85671
Wavelength 2/5; Variable 27000/85671
Wavelength 2/5; Variable 28000/85671
Wavelength 2/5; Variable 29000/85671
Wavelength 2/5; Variable 30000/85671
Wavelength 2/5; Variable 31000/85671
Wavelength 2/5; Variable 32000/85671
Wavelength 2/5; Variable 33000/85671
Wavelength 2/5; Variable 34000/85671
Wavelength 2/5; Variable 35000/85671
Wavelength 2/5; Variable 36000/85671
Wavelength 2/5; Variable 37000/85671
Wavelength 2/5; Variable 38000/85671
Wavelength 2/5; Variable 39000/85671
Wavelength 2/5; Variable 40000/85671
Wavelength 2/5; Variable 41000/85671
Wavelength 2/5; Variable 42000/85671
Wavelength 2/5; Variable 43000/85671
Wavelength 2/5; Variable 44000/85671
Wavelength 2/5; Variable 45000/85671
Wavelength 2/5; Variable 46000/85671
Wavelength 2/5; Variable 47000/85671
Wavelength 2/5; Variable 48000/85671
Wavelength 2/5; Variable 49000/85671
Wavelength 2/5; Variable 50000/85671
Wavelength 2/5; Variable 51000/85671
Wavelength 2/5; Variable 52000/85671
Wavelength 2/5; Variable 53000/85671
Wavelength 2/5; Variable 54000/85671
Wavelength 2/5; Variable 55000/85671
Wavelength 2/5; Variable 56000/85671
Wavelength 2/5; Variable 57000/85671
Wavelength 2/5; Variable 58000/85671
Wavelength 2/5; Variable 59000/85671
Wavelength 2/5; Variable 60000/85671
Wavelength 2/5; Variable 61000/85671
Wavelength 2/5; Variable 62000/85671
Wavelength 2/5; Variable 63000/85671
Wavelength 2/5; Variable 64000/85671
Wavelength 2/5; Variable 65000/85671
Wavelength 2/5; Variable 66000/85671
Wavelength 2/5; Variable 67000/85671
Wavelength 2/5; Variable 68000/85671
Wavelength 2/5; Variable 69000/85671
Wavelength 2/5; Variable 70000/85671
Wavelength 2/5; Variable 71000/85671
Wavelength 2/5; Variable 72000/85671
Wavelength 2/5; Variable 73000/85671
Wavelength 2/5; Variable 74000/85671
Wavelength 2/5; Variable 75000/85671
Wavelength 2/5; Variable 76000/85671
Wavelength 2/5; Variable 77000/85671
Wavelength 2/5; Variable 78000/85671
Wavelength 2/5; Variable 79000/85671
Wavelength 2/5; Variable 80000/85671
Wavelength 2/5; Variable 81000/85671
Wavelength 2/5; Variable 82000/85671
Wavelength 2/5; Variable 83000/85671
Wavelength 2/5; Variable 84000/85671
Wavelength 2/5; Variable 85000/85671
Wavelength 3/5; Variable 1000/85671
Wavelength 3/5; Variable 2000/85671
Wavelength 3/5; Variable 3000/85671
Wavelength 3/5; Variable 4000/85671
Wavelength 3/5; Variable 5000/85671
Wavelength 3/5; Variable 6000/85671
Wavelength 3/5; Variable 7000/85671
Wavelength 3/5; Variable 8000/85671
Wavelength 3/5; Variable 9000/85671
Wavelength 3/5; Variable 10000/85671
Wavelength 3/5; Variable 11000/85671
Wavelength 3/5; Variable 12000/85671
Wavelength 3/5; Variable 13000/85671
Wavelength 3/5; Variable 14000/85671
Wavelength 3/5; Variable 15000/85671
Wavelength 3/5; Variable 16000/85671
Wavelength 3/5; Variable 17000/85671
Wavelength 3/5; Variable 18000/85671
Wavelength 3/5; Variable 19000/85671
Wavelength 3/5; Variable 20000/85671
Wavelength 3/5; Variable 21000/85671
Wavelength 3/5; Variable 22000/85671
Wavelength 3/5; Variable 23000/85671
Wavelength 3/5; Variable 24000/85671
Wavelength 3/5; Variable 25000/85671
Wavelength 3/5; Variable 26000/85671
Wavelength 3/5; Variable 27000/85671
Wavelength 3/5; Variable 28000/85671
Wavelength 3/5; Variable 29000/85671
Wavelength 3/5; Variable 30000/85671
Wavelength 3/5; Variable 31000/85671
Wavelength 3/5; Variable 32000/85671
Wavelength 3/5; Variable 33000/85671
Wavelength 3/5; Variable 34000/85671
Wavelength 3/5; Variable 35000/85671
Wavelength 3/5; Variable 36000/85671
Wavelength 3/5; Variable 37000/85671
Wavelength 3/5; Variable 38000/85671
Wavelength 3/5; Variable 39000/85671
Wavelength 3/5; Variable 40000/85671
Wavelength 3/5; Variable 41000/85671
Wavelength 3/5; Variable 42000/85671
Wavelength 3/5; Variable 43000/85671
Wavelength 3/5; Variable 44000/85671
Wavelength 3/5; Variable 45000/85671
Wavelength 3/5; Variable 46000/85671
Wavelength 3/5; Variable 47000/85671
Wavelength 3/5; Variable 48000/85671
Wavelength 3/5; Variable 49000/85671
Wavelength 3/5; Variable 50000/85671
Wavelength 3/5; Variable 51000/85671
Wavelength 3/5; Variable 52000/85671
Wavelength 3/5; Variable 53000/85671
Wavelength 3/5; Variable 54000/85671
Wavelength 3/5; Variable 55000/85671
Wavelength 3/5; Variable 56000/85671
Wavelength 3/5; Variable 57000/85671
Wavelength 3/5; Variable 58000/85671
Wavelength 3/5; Variable 59000/85671
Wavelength 3/5; Variable 60000/85671
Wavelength 3/5; Variable 61000/85671
Wavelength 3/5; Variable 62000/85671
Wavelength 3/5; Variable 63000/85671
Wavelength 3/5; Variable 64000/85671
Wavelength 3/5; Variable 65000/85671
Wavelength 3/5; Variable 66000/85671
Wavelength 3/5; Variable 67000/85671
Wavelength 3/5; Variable 68000/85671
Wavelength 3/5; Variable 69000/85671
Wavelength 3/5; Variable 70000/85671
Wavelength 3/5; Variable 71000/85671
Wavelength 3/5; Variable 72000/85671
Wavelength 3/5; Variable 73000/85671
Wavelength 3/5; Variable 74000/85671
Wavelength 3/5; Variable 75000/85671
Wavelength 3/5; Variable 76000/85671
Wavelength 3/5; Variable 77000/85671
Wavelength 3/5; Variable 78000/85671
Wavelength 3/5; Variable 79000/85671
Wavelength 3/5; Variable 80000/85671
Wavelength 3/5; Variable 81000/85671
Wavelength 3/5; Variable 82000/85671
Wavelength 3/5; Variable 83000/85671
Wavelength 3/5; Variable 84000/85671
Wavelength 3/5; Variable 85000/85671
Wavelength 4/5; Variable 1000/85671
Wavelength 4/5; Variable 2000/85671
Wavelength 4/5; Variable 3000/85671
Wavelength 4/5; Variable 4000/85671
Wavelength 4/5; Variable 5000/85671
Wavelength 4/5; Variable 6000/85671
Wavelength 4/5; Variable 7000/85671
Wavelength 4/5; Variable 8000/85671
Wavelength 4/5; Variable 9000/85671
Wavelength 4/5; Variable 10000/85671
Wavelength 4/5; Variable 11000/85671
Wavelength 4/5; Variable 12000/85671
Wavelength 4/5; Variable 13000/85671
Wavelength 4/5; Variable 14000/85671
Wavelength 4/5; Variable 15000/85671
Wavelength 4/5; Variable 16000/85671
Wavelength 4/5; Variable 17000/85671
Wavelength 4/5; Variable 18000/85671
Wavelength 4/5; Variable 19000/85671
Wavelength 4/5; Variable 20000/85671
Wavelength 4/5; Variable 21000/85671
Wavelength 4/5; Variable 22000/85671
Wavelength 4/5; Variable 23000/85671
Wavelength 4/5; Variable 24000/85671
Wavelength 4/5; Variable 25000/85671
Wavelength 4/5; Variable 26000/85671
Wavelength 4/5; Variable 27000/85671
Wavelength 4/5; Variable 28000/85671
Wavelength 4/5; Variable 29000/85671
Wavelength 4/5; Variable 30000/85671
Wavelength 4/5; Variable 31000/85671
Wavelength 4/5; Variable 32000/85671
Wavelength 4/5; Variable 33000/85671
Wavelength 4/5; Variable 34000/85671
Wavelength 4/5; Variable 35000/85671
Wavelength 4/5; Variable 36000/85671
Wavelength 4/5; Variable 37000/85671
Wavelength 4/5; Variable 38000/85671
Wavelength 4/5; Variable 39000/85671
Wavelength 4/5; Variable 40000/85671
Wavelength 4/5; Variable 41000/85671
Wavelength 4/5; Variable 42000/85671
Wavelength 4/5; Variable 43000/85671
Wavelength 4/5; Variable 44000/85671
Wavelength 4/5; Variable 45000/85671
Wavelength 4/5; Variable 46000/85671
Wavelength 4/5; Variable 47000/85671
Wavelength 4/5; Variable 48000/85671
Wavelength 4/5; Variable 49000/85671
Wavelength 4/5; Variable 50000/85671
Wavelength 4/5; Variable 51000/85671
Wavelength 4/5; Variable 52000/85671
Wavelength 4/5; Variable 53000/85671
Wavelength 4/5; Variable 54000/85671
Wavelength 4/5; Variable 55000/85671
Wavelength 4/5; Variable 56000/85671
Wavelength 4/5; Variable 57000/85671
Wavelength 4/5; Variable 58000/85671
Wavelength 4/5; Variable 59000/85671
Wavelength 4/5; Variable 60000/85671
Wavelength 4/5; Variable 61000/85671
Wavelength 4/5; Variable 62000/85671
Wavelength 4/5; Variable 63000/85671
Wavelength 4/5; Variable 64000/85671
Wavelength 4/5; Variable 65000/85671
Wavelength 4/5; Variable 66000/85671
Wavelength 4/5; Variable 67000/85671
Wavelength 4/5; Variable 68000/85671
Wavelength 4/5; Variable 69000/85671
Wavelength 4/5; Variable 70000/85671
Wavelength 4/5; Variable 71000/85671
Wavelength 4/5; Variable 72000/85671
Wavelength 4/5; Variable 73000/85671
Wavelength 4/5; Variable 74000/85671
Wavelength 4/5; Variable 75000/85671
Wavelength 4/5; Variable 76000/85671
Wavelength 4/5; Variable 77000/85671
Wavelength 4/5; Variable 78000/85671
Wavelength 4/5; Variable 79000/85671
Wavelength 4/5; Variable 80000/85671
Wavelength 4/5; Variable 81000/85671
Wavelength 4/5; Variable 82000/85671
Wavelength 4/5; Variable 83000/85671
Wavelength 4/5; Variable 84000/85671
Wavelength 4/5; Variable 85000/85671
Wavelength 5/5; Variable 1000/85671
Wavelength 5/5; Variable 2000/85671
Wavelength 5/5; Variable 3000/85671
Wavelength 5/5; Variable 4000/85671
Wavelength 5/5; Variable 5000/85671
Wavelength 5/5; Variable 6000/85671
Wavelength 5/5; Variable 7000/85671
Wavelength 5/5; Variable 8000/85671
Wavelength 5/5; Variable 9000/85671
Wavelength 5/5; Variable 10000/85671
Wavelength 5/5; Variable 11000/85671
Wavelength 5/5; Variable 12000/85671
Wavelength 5/5; Variable 13000/85671
Wavelength 5/5; Variable 14000/85671
Wavelength 5/5; Variable 15000/85671
Wavelength 5/5; Variable 16000/85671
Wavelength 5/5; Variable 17000/85671
Wavelength 5/5; Variable 18000/85671
Wavelength 5/5; Variable 19000/85671
Wavelength 5/5; Variable 20000/85671
Wavelength 5/5; Variable 21000/85671
Wavelength 5/5; Variable 22000/85671
Wavelength 5/5; Variable 23000/85671
Wavelength 5/5; Variable 24000/85671
Wavelength 5/5; Variable 25000/85671
Wavelength 5/5; Variable 26000/85671
Wavelength 5/5; Variable 27000/85671
Wavelength 5/5; Variable 28000/85671
Wavelength 5/5; Variable 29000/85671
Wavelength 5/5; Variable 30000/85671
Wavelength 5/5; Variable 31000/85671
Wavelength 5/5; Variable 32000/85671
Wavelength 5/5; Variable 33000/85671
Wavelength 5/5; Variable 34000/85671
Wavelength 5/5; Variable 35000/85671
Wavelength 5/5; Variable 36000/85671
Wavelength 5/5; Variable 37000/85671
Wavelength 5/5; Variable 38000/85671
Wavelength 5/5; Variable 39000/85671
Wavelength 5/5; Variable 40000/85671
Wavelength 5/5; Variable 41000/85671
Wavelength 5/5; Variable 42000/85671
Wavelength 5/5; Variable 43000/85671
Wavelength 5/5; Variable 44000/85671
Wavelength 5/5; Variable 45000/85671
Wavelength 5/5; Variable 46000/85671
Wavelength 5/5; Variable 47000/85671
Wavelength 5/5; Variable 48000/85671
Wavelength 5/5; Variable 49000/85671
Wavelength 5/5; Variable 50000/85671
Wavelength 5/5; Variable 51000/85671
Wavelength 5/5; Variable 52000/85671
Wavelength 5/5; Variable 53000/85671
Wavelength 5/5; Variable 54000/85671
Wavelength 5/5; Variable 55000/85671
Wavelength 5/5; Variable 56000/85671
Wavelength 5/5; Variable 57000/85671
Wavelength 5/5; Variable 58000/85671
Wavelength 5/5; Variable 59000/85671
Wavelength 5/5; Variable 60000/85671
Wavelength 5/5; Variable 61000/85671
Wavelength 5/5; Variable 62000/85671
Wavelength 5/5; Variable 63000/85671
Wavelength 5/5; Variable 64000/85671
Wavelength 5/5; Variable 65000/85671
Wavelength 5/5; Variable 66000/85671
Wavelength 5/5; Variable 67000/85671
Wavelength 5/5; Variable 68000/85671
Wavelength 5/5; Variable 69000/85671
Wavelength 5/5; Variable 70000/85671
Wavelength 5/5; Variable 71000/85671
Wavelength 5/5; Variable 72000/85671
Wavelength 5/5; Variable 73000/85671
Wavelength 5/5; Variable 74000/85671
Wavelength 5/5; Variable 75000/85671
Wavelength 5/5; Variable 76000/85671
Wavelength 5/5; Variable 77000/85671
Wavelength 5/5; Variable 78000/85671
Wavelength 5/5; Variable 79000/85671
Wavelength 5/5; Variable 80000/85671
Wavelength 5/5; Variable 81000/85671
Wavelength 5/5; Variable 82000/85671
Wavelength 5/5; Variable 83000/85671
Wavelength 5/5; Variable 84000/85671
Wavelength 5/5; Variable 85000/85671
Start optimization...
Optimize a model with 8280 rows, 85671 columns and 709355826 nonzeros
Coefficient statistics:
  Matrix range     [1e-13, 2e-05]
  Objective range  [1e-01, 1e+00]
  Bounds range     [1e+00, 1e+00]
  RHS range        [1e-05, 1e-05]
Presolve removed 0 rows and 0 columns (presolve time = 22s) ...
Presolve removed 0 rows and 0 columns (presolve time = 33s) ...
Presolve removed 0 rows and 0 columns (presolve time = 64s) ...
Presolve removed 0 rows and 0 columns (presolve time = 144s) ...
Presolve removed 4140 rows and 0 columns (presolve time = 157s) ...
Presolve removed 4140 rows and 0 columns
Presolve time: 158.05s
Presolved: 4140 rows, 89811 columns, 354682052 nonzeros
Ordering time: 0.00s

Barrier statistics:
 AA' NZ     : 8.568e+06
 Factor NZ  : 8.572e+06 (roughly 100 MBytes of memory)
 Factor Ops : 2.366e+10 (roughly 4 seconds per iteration)
 Threads    : 24

                  Objective                Residual
Iter       Primal          Dual         Primal    Dual     Compl     Time
   0   2.45799064e+08  2.16788373e+05  1.21e+02 3.64e-12  7.38e+03   205s
   1   2.37909550e+05  2.16730416e+05  9.79e-02 8.00e-11  6.95e+00   215s
   2   8.01631062e+04  1.85519943e+05  1.98e-02 8.11e-09  1.85e+00   226s
   3   5.77438202e+04  1.12693274e+05  7.61e-03 2.90e-08  6.27e-01   238s
   4   5.30109446e+04  7.20818047e+04  4.17e-03 3.71e-08  2.27e-01   251s
   5   5.19637240e+04  6.69579339e+04  3.17e-03 3.77e-08  1.70e-01   263s
   6   5.12229905e+04  6.61992097e+04  2.54e-03 3.69e-08  1.52e-01   274s
   7   5.07139762e+04  5.88932680e+04  2.13e-03 4.53e-08  9.76e-02   284s
   8   4.97667267e+04  5.41564784e+04  1.41e-03 8.71e-08  5.66e-02   294s
   9   4.90427268e+04  5.16648736e+04  8.94e-04 1.04e-07  3.43e-02   303s
  10   4.86145591e+04  5.06320586e+04  5.80e-04 1.20e-07  2.38e-02   314s
  11   4.85602947e+04  4.96210619e+04  5.23e-04 1.08e-07  1.70e-02   326s
  12   4.83439774e+04  4.93473448e+04  3.48e-04 8.55e-08  1.29e-02   337s
  13   4.83008019e+04  4.91802278e+04  3.14e-04 7.47e-08  1.15e-02   347s
  14   4.82513599e+04  4.88837052e+04  2.75e-04 5.84e-08  9.28e-03   358s
  15   4.81955514e+04  4.86850442e+04  2.21e-04 4.43e-08  7.34e-03   370s
  16   4.81374192e+04  4.85880812e+04  1.63e-04 4.11e-08  5.92e-03   382s
  17   4.81336293e+04  4.85502984e+04  1.60e-04 4.81e-08  5.66e-03   392s
  18   4.80852240e+04  4.85038112e+04  1.14e-04 5.55e-08  4.71e-03   404s
  19   4.80564021e+04  4.83568913e+04  8.67e-05 4.87e-08  3.48e-03   416s
  20   4.80448083e+04  4.83390287e+04  7.45e-05 4.76e-08  3.19e-03   427s
  21   4.80370928e+04  4.82917758e+04  6.66e-05 5.49e-08  2.80e-03   437s
  22   4.80288688e+04  4.82176481e+04  5.77e-05 7.59e-08  2.25e-03   448s
  23   4.80199196e+04  4.81791399e+04  4.51e-05 1.58e-07  1.82e-03   460s
  24   4.80171863e+04  4.81491179e+04  4.11e-05 1.96e-07  1.59e-03   471s
  25   4.80151381e+04  4.81350908e+04  3.74e-05 7.89e-08  1.45e-03   481s
  26   4.80129614e+04  4.81148812e+04  3.13e-05 6.38e-08  1.22e-03   492s
  27   4.80111693e+04  4.81011479e+04  2.61e-05 4.66e-08  1.04e-03   504s
  28   4.80100303e+04  4.80933686e+04  2.22e-05 7.26e-08  9.24e-04   515s
  29   4.80092806e+04  4.80834590e+04  1.97e-05 7.68e-08  8.22e-04   525s
  30   4.80084388e+04  4.80740256e+04  1.44e-05 6.10e-08  6.64e-04   536s
  31   4.80083472e+04  4.80546188e+04  1.24e-05 2.26e-07  5.15e-04   547s
  32   4.80085952e+04  4.80486884e+04  1.04e-05 8.38e-08  4.38e-04   559s
  33   4.80087194e+04  4.80437185e+04  9.00e-06 7.96e-08  3.82e-04   568s
  34   4.80092026e+04  4.80373108e+04  6.50e-06 5.94e-08  2.92e-04   579s
  35   4.80095063e+04  4.80311181e+04  5.50e-06 2.67e-07  2.34e-04   591s
  36   4.80098004e+04  4.80273072e+04  4.75e-06 1.15e-07  1.96e-04   602s
  37   4.80101443e+04  4.80244692e+04  3.90e-06 1.39e-07  1.61e-04   612s
  38   4.80104414e+04  4.80219459e+04  3.35e-06 1.37e-07  1.34e-04   623s
  39   4.80111092e+04  4.80189741e+04  2.28e-06 2.31e-07  9.11e-05   636s
  40   4.80115483e+04  4.80168500e+04  1.69e-06 5.78e-08  6.47e-05   647s
  41   4.80116662e+04  4.80157342e+04  1.49e-06 7.22e-08  5.36e-05   657s
  42   4.80119842e+04  4.80151093e+04  1.10e-06 1.20e-07  4.03e-05   668s
  43   4.80121784e+04  4.80141912e+04  8.02e-07 5.90e-08  2.78e-05   681s
  44   4.80123478e+04  4.80137803e+04  5.65e-07 1.52e-07  1.97e-05   692s
  45   4.80124346e+04  4.80135798e+04  4.37e-07 1.10e-07  1.55e-05   702s
  46   4.80125457e+04  4.80133585e+04  2.86e-07 1.45e-07  1.05e-05   713s
  47   4.80126648e+04  4.80130179e+04  1.37e-07 7.36e-08  4.82e-06   725s
  48   4.80127295e+04  4.80129323e+04  7.18e-08 6.68e-08  2.62e-06   736s
  49   4.80127557e+04  4.80128773e+04  4.72e-08 1.02e-07  1.66e-06   746s
  50   4.80127838e+04  4.80128358e+04  1.97e-08 9.83e-08  6.98e-07   757s
  51   4.80128063e+04  4.80128185e+04  4.59e-09 6.52e-08  1.63e-07   770s
  52   4.80128129e+04  4.80128157e+04  5.82e-10 1.06e-07  2.75e-08   781s
  53   4.80128138e+04  4.80128147e+04  1.07e-10 9.13e-08  7.31e-09   793s
  54   4.80128140e+04  4.80128141e+04  1.99e-11 1.08e-07  7.94e-10   806s

Barrier solved model in 54 iterations and 806.08 seconds
Optimal objective 4.80128140e+04

Optimization finished!
Restarting optimization for throughput iteration 1...
Optimize a model with 8280 rows, 85671 columns and 709355826 nonzeros
Coefficient statistics:
  Matrix range     [1e-13, 2e-05]
  Objective range  [1e-01, 1e+00]
  Bounds range     [1e+00, 1e+00]
  RHS range        [7e-06, 7e-06]
Presolve removed 0 rows and 0 columns (presolve time = 23s) ...
Presolve removed 0 rows and 0 columns (presolve time = 34s) ...
Presolve removed 0 rows and 0 columns (presolve time = 64s) ...
Presolve removed 0 rows and 0 columns (presolve time = 145s) ...
Presolve removed 4140 rows and 0 columns (presolve time = 158s) ...
Presolve removed 4140 rows and 0 columns
Presolve time: 159.08s
Presolved: 4140 rows, 89811 columns, 354682052 nonzeros
Ordering time: 0.00s

Barrier statistics:
 AA' NZ     : 8.568e+06
 Factor NZ  : 8.572e+06 (roughly 100 MBytes of memory)
 Factor Ops : 2.366e+10 (roughly 3 seconds per iteration)
 Threads    : 24

                  Objective                Residual
Iter       Primal          Dual         Primal    Dual     Compl     Time
   0   2.45799064e+08  2.14720638e+05  1.21e+02 7.28e-12  7.38e+03   206s
   1   2.46248188e+05  2.14663368e+05  1.02e-01 8.73e-11  7.19e+00   217s
   2   7.30277691e+04  1.78939680e+05  1.64e-02 9.28e-09  1.61e+00   228s
   3   5.92051916e+04  9.62228232e+04  8.40e-03 3.44e-08  5.23e-01   240s
   4   5.51709136e+04  7.52445356e+04  5.44e-03 6.74e-08  2.79e-01   253s
   5   5.32811301e+04  7.07116373e+04  3.96e-03 5.09e-08  2.13e-01   266s
   6   5.29001124e+04  6.99044738e+04  3.68e-03 4.99e-08  2.02e-01   277s
   7   5.19748338e+04  6.80969920e+04  3.03e-03 5.68e-08  1.76e-01   287s
   8   5.19205315e+04  6.60320301e+04  2.98e-03 6.98e-08  1.62e-01   297s
   9   5.13492150e+04  6.31981163e+04  2.62e-03 1.02e-07  1.38e-01   306s
  10   5.11957072e+04  5.75000203e+04  2.49e-03 1.38e-07  1.01e-01   317s
  11   5.05590433e+04  5.47729078e+04  2.09e-03 2.40e-07  7.97e-02   329s
  12   4.99544447e+04  5.27917135e+04  1.80e-03 5.37e-07  6.69e-02   340s
  13   4.95808674e+04  5.19021367e+04  1.64e-03 4.92e-07  6.05e-02   350s
  14   4.90356338e+04  5.05725748e+04  1.50e-03 4.55e-07  5.50e-02   361s
  15   4.83342661e+04  4.78366924e+04  1.29e-03 5.66e-06  4.17e-02   373s
  16   4.75752281e+04  4.65617408e+04  1.14e-03 5.45e-06  3.54e-02   384s
  17   4.70227458e+04  4.60676117e+04  1.02e-03 8.67e-06  3.20e-02   394s
  18   4.64094373e+04  4.54755770e+04  8.90e-04 1.40e-05  2.81e-02   405s
  19   4.59019721e+04  4.48446175e+04  7.89e-04 1.39e-05  2.44e-02   417s
  20   4.57188332e+04  4.46540551e+04  7.55e-04 1.21e-05  2.33e-02   428s
  21   4.55063196e+04  4.44999183e+04  7.17e-04 1.66e-05  2.23e-02   438s
  22   4.47048681e+04  4.40583493e+04  5.75e-04 9.12e-06  1.93e-02   449s
  23   4.44465539e+04  4.39694174e+04  5.32e-04 7.93e-06  1.86e-02   461s
  24   4.40651499e+04  4.34036450e+04  4.70e-04 2.53e-06  1.56e-02   472s
  25   4.37920410e+04  4.30602776e+04  4.27e-04 5.60e-06  1.38e-02   482s
  26   4.33638706e+04  4.28791194e+04  3.61e-04 2.68e-06  1.25e-02   492s
  27   4.27557074e+04  4.25195302e+04  2.68e-04 1.05e-05  1.02e-02   504s
  28   4.26405817e+04  4.23774448e+04  2.51e-04 5.29e-05  9.36e-03   515s
  29   4.25858738e+04  4.22707399e+04  2.43e-04 6.82e-05  8.77e-03   525s
  30   4.23668847e+04  4.20313000e+04  2.11e-04 2.83e-04  7.36e-03   536s
  31   4.20261328e+04  4.18497812e+04  1.61e-04 1.65e-04  6.13e-03   548s
  32   4.19127621e+04  4.17302586e+04  1.45e-04 1.04e-04  5.44e-03   559s
  33   4.18035675e+04  4.15695118e+04  1.30e-04 4.98e-06  4.52e-03   568s
  34   4.16567369e+04  4.14668456e+04  1.09e-04 3.70e-06  3.86e-03   580s
  35   4.15197661e+04  4.12964176e+04  9.00e-05 4.11e-06  2.85e-03   592s
  36   4.14029743e+04  4.12166118e+04  7.36e-05 5.90e-06  2.32e-03   603s
  37   4.13682402e+04  4.11355755e+04  6.87e-05 6.97e-06  1.85e-03   613s
  38   4.12937343e+04  4.11075197e+04  5.83e-05 5.33e-06  1.64e-03   624s
  39   4.12428886e+04  4.10605778e+04  5.11e-05 1.06e-05  1.33e-03   640s
  40   4.11840277e+04  4.10242445e+04  4.28e-05 1.12e-05  1.08e-03   653s
  41   4.11438600e+04  4.10074134e+04  3.72e-05 9.42e-06  9.56e-04   664s
  42   4.11115650e+04  4.10040515e+04  3.27e-05 9.66e-06  9.09e-04   677s
  43   4.10943887e+04  4.09894563e+04  3.03e-05 1.19e-05  8.14e-04   692s
  44   4.10567221e+04  4.09668647e+04  2.50e-05 1.46e-05  6.55e-04   707s
  45   4.10457705e+04  4.09542343e+04  2.35e-05 6.35e-06  5.75e-04   720s
  46   4.10271490e+04  4.09501975e+04  2.09e-05 1.08e-05  5.36e-04   733s
  47   4.10207940e+04  4.09475852e+04  2.00e-05 1.62e-05  5.16e-04   748s
  48   4.10183018e+04  4.09459899e+04  1.96e-05 1.70e-05  5.05e-04   762s
  49   4.09992562e+04  4.09313380e+04  1.70e-05 1.31e-05  4.06e-04   780s
  50   4.09824592e+04  4.09238814e+04  1.46e-05 7.45e-06  3.48e-04   797s
  51   4.09744754e+04  4.09146655e+04  1.34e-05 5.96e-06  2.89e-04   810s
  52   4.09671284e+04  4.09105596e+04  1.24e-05 7.87e-06  2.60e-04   822s
  53   4.09493218e+04  4.09059288e+04  9.93e-06 1.04e-05  2.18e-04   835s
  54   4.09378489e+04  4.09024963e+04  8.32e-06 2.26e-06  1.88e-04   847s
  55   4.09321300e+04  4.09003455e+04  7.50e-06 2.21e-06  1.71e-04   861s
  56   4.09197606e+04  4.08973295e+04  5.72e-06 3.13e-06  1.40e-04   874s
  57   4.09143161e+04  4.08949425e+04  4.93e-06 3.04e-06  1.21e-04   892s
  58   4.09102767e+04  4.08920798e+04  4.35e-06 2.83e-06  1.00e-04   910s
  59   4.09033927e+04  4.08910689e+04  3.35e-06 2.26e-06  8.67e-05   923s
  60   4.09011768e+04  4.08885978e+04  3.03e-06 5.28e-06  7.03e-05   937s
  61   4.08989636e+04  4.08881345e+04  2.71e-06 3.86e-06  6.52e-05   950s
  62   4.08984283e+04  4.08876638e+04  2.63e-06 4.95e-06  6.19e-05   963s
  63   4.08960348e+04  4.08869127e+04  2.28e-06 1.04e-05  5.48e-05   976s
  64   4.08946970e+04  4.08861097e+04  2.07e-06 1.33e-04  4.82e-05   991s
  65   4.08915683e+04  4.08843113e+04  1.60e-06 1.88e-05  3.36e-05  1011s
  66   4.08896035e+04  4.08834749e+04  1.29e-06 4.65e-06  2.59e-05  1029s
  67   4.08876745e+04  4.08830599e+04  9.96e-07 5.93e-06  2.05e-05  1046s
  68   4.08866002e+04  4.08828947e+04  8.31e-07 5.22e-06  1.79e-05  1061s
  69   4.08857071e+04  4.08826529e+04  6.94e-07 4.46e-06  1.52e-05  1074s
  70   4.08851826e+04  4.08823890e+04  6.14e-07 9.46e-05  1.29e-05  1087s
  71   4.08847809e+04  4.08821563e+04  5.52e-07 1.53e-04  1.10e-05  1099s
  72   4.08843538e+04  4.08820137e+04  4.85e-07 1.58e-04  9.46e-06  1112s
  73   4.08840780e+04  4.08819613e+04  4.41e-07 1.87e-04  8.68e-06  1126s
  74   4.08836362e+04  4.08817939e+04  3.71e-07 2.83e-04  6.96e-06  1141s
  75   4.08833510e+04  4.08816984e+04  3.25e-07 4.75e-04  5.88e-06  1156s
  76   4.08831818e+04  4.08816565e+04  2.98e-07 3.77e-04  5.34e-06  1171s
  77   4.08828205e+04  4.08816182e+04  2.40e-07 1.25e-04  4.46e-06  1182s
  78   4.08824880e+04  4.08815839e+04  1.86e-07 8.18e-05  3.63e-06  1196s
  79   4.08822751e+04  4.08815302e+04  1.52e-07 1.52e-05  2.93e-06  1211s
  80   4.08819733e+04  4.08814826e+04  1.03e-07 5.52e-05  2.06e-06  1226s
  81   4.08819050e+04  4.08814501e+04  9.22e-08 4.18e-05  1.75e-06  1237s
  82   4.08817897e+04  4.08814272e+04  7.37e-08 5.33e-05  1.40e-06  1249s
  83   4.08817034e+04  4.08814065e+04  5.96e-08 3.80e-05  1.11e-06  1263s
  84   4.08815973e+04  4.08813820e+04  4.22e-08 5.45e-05  7.56e-07  1278s
  85   4.08815213e+04  4.08813718e+04  2.95e-08 4.82e-05  5.37e-07  1294s
  86   4.08814980e+04  4.08813654e+04  2.57e-08 7.84e-05  4.55e-07  1311s
  87   4.08814621e+04  4.08813572e+04  1.98e-08 9.36e-06  3.36e-07  1327s
  88   4.08814122e+04  4.08813514e+04  1.16e-08 1.74e-04  2.01e-07  1342s
  89   4.08813820e+04  4.08813467e+04  6.65e-09 2.61e-05  1.12e-07  1363s
  90   4.08813650e+04  4.08813443e+04  3.83e-09 1.79e-04  6.20e-08  1377s
  91   4.08813538e+04  4.08813433e+04  1.96e-09 5.47e-04  3.25e-08  1396s
  92   4.08813482e+04  4.08813429e+04  1.01e-09 5.84e-04  1.73e-08  1407s
  93   4.08813452e+04  4.08813425e+04  4.82e-10 8.83e-05  8.33e-09  1418s
  94   4.08813427e+04  4.08813424e+04  1.57e-10 8.42e-05  3.06e-09  1431s

Barrier solved model in 94 iterations and 1431.25 seconds
Optimal objective 4.08813427e+04

Optimization finished!
/user/kstlaurent/anaconda3/envs/coron_gur/lib/python3.6/site-packages/asdf/extension.py:211: AsdfDeprecationWarning: The module asdf.asdftypes has been deprecated and will be removed in 3.0. Use asdf.types instead. (from astropy.io.misc.asdf.extension.AstropyExtension)
  AsdfDeprecationWarning)
