Optimizer called with the following parameters:
{'focal_plane_mask': {'field_stop_radius': -1.0,
                      'grayscale': True,
                      'num_pix': 50,
                      'radius': 3.88},
 'image': {'bandwidth': 0.18,
           'contrast': 10,
           'iwa': 3.0,
           'num_wavelengths': 8,
           'owa': 12.0,
           'resolution': 2},
 'lyot_stop': {'alignment_tolerance': 0,
               'filename': 'LUVOIR/LS_LUVOIR_ID0190_OD0937_no_struts_gy_ovsamp3_N0500.fits',
               'num_lyot_stops': 1},
 'method': {'edge_width_for_prior': 2,
            'ending_scale': 1,
            'force_no_hermitian_symmetry': False,
            'force_no_x_mirror_symmetry': False,
            'force_no_y_mirror_symmetry': False,
            'initial_throughput_estimate': 1,
            'maximize_planet_throughput': True,
            'num_throughput_iterations': 2,
            'starting_scale': 1},
 'pupil': {'N': 500,
           'filename': 'LUVOIR/TelAp_LUVOIR_gap_pad02_bw_ovsamp03_N0500.fits'},
 'solver': {'crossover': 0,
            'method': 2,
            'num_threads': 0}}

File organization:
{'analysis_dir': '/user/kstlaurent/git/progressive_refinement_coronagraphy/surveys/luvoir_N0500_small_telserv3/analysis',
 'drivers_dir': '/user/kstlaurent/git/progressive_refinement_coronagraphy/surveys/luvoir_N0500_small_telserv3/drivers',
 'input_files_dir': '/user/kstlaurent/git/progressive_refinement_coronagraphy/masks',
 'log_dir': '/user/kstlaurent/git/progressive_refinement_coronagraphy/surveys/luvoir_N0500_small_telserv3/logs',
 'solution_dir': '/user/kstlaurent/git/progressive_refinement_coronagraphy/surveys/luvoir_N0500_small_telserv3/solutions',
 'survey_dir': '/user/kstlaurent/git/progressive_refinement_coronagraphy/surveys/luvoir_N0500_small_telserv3'}

Telescope pupil:
   Mirror symmetry in x: yes
   Mirror symmetry in y: no

Lyot stop #0:
   Mirror symmetry in x: yes
Lyot stop #0:
   Mirror symmetry in y: yes

Complete APLC:
   Mirror symmetry in x: yes
   Mirror symmetry in y: no

Starting optimization at scale 1 with 85671 variables and 6768 constraints.
Creating model...
Academic license - for non-commercial use only
Parameter Threads unchanged
   Value: 0  Min: 0  Max: 1024  Default: 0
Changed value of parameter Crossover to 0
   Prev: -1  Min: -1  Max: 5  Default: -1
Changed value of parameter Method to 2
   Prev: -1  Min: -1  Max: 5  Default: -1
Calculating and adding constraints...
Wavelength 1/8; Variable 1000/85671
Wavelength 1/8; Variable 2000/85671
Wavelength 1/8; Variable 3000/85671
Wavelength 1/8; Variable 4000/85671
Wavelength 1/8; Variable 5000/85671
Wavelength 1/8; Variable 6000/85671
Wavelength 1/8; Variable 7000/85671
Wavelength 1/8; Variable 8000/85671
Wavelength 1/8; Variable 9000/85671
Wavelength 1/8; Variable 10000/85671
Wavelength 1/8; Variable 11000/85671
Wavelength 1/8; Variable 12000/85671
Wavelength 1/8; Variable 13000/85671
Wavelength 1/8; Variable 14000/85671
Wavelength 1/8; Variable 15000/85671
Wavelength 1/8; Variable 16000/85671
Wavelength 1/8; Variable 17000/85671
Wavelength 1/8; Variable 18000/85671
Wavelength 1/8; Variable 19000/85671
Wavelength 1/8; Variable 20000/85671
Wavelength 1/8; Variable 21000/85671
Wavelength 1/8; Variable 22000/85671
Wavelength 1/8; Variable 23000/85671
Wavelength 1/8; Variable 24000/85671
Wavelength 1/8; Variable 25000/85671
Wavelength 1/8; Variable 26000/85671
Wavelength 1/8; Variable 27000/85671
Wavelength 1/8; Variable 28000/85671
Wavelength 1/8; Variable 29000/85671
Wavelength 1/8; Variable 30000/85671
Wavelength 1/8; Variable 31000/85671
Wavelength 1/8; Variable 32000/85671
Wavelength 1/8; Variable 33000/85671
Wavelength 1/8; Variable 34000/85671
Wavelength 1/8; Variable 35000/85671
Wavelength 1/8; Variable 36000/85671
Wavelength 1/8; Variable 37000/85671
Wavelength 1/8; Variable 38000/85671
Wavelength 1/8; Variable 39000/85671
Wavelength 1/8; Variable 40000/85671
Wavelength 1/8; Variable 41000/85671
Wavelength 1/8; Variable 42000/85671
Wavelength 1/8; Variable 43000/85671
Wavelength 1/8; Variable 44000/85671
Wavelength 1/8; Variable 45000/85671
Wavelength 1/8; Variable 46000/85671
Wavelength 1/8; Variable 47000/85671
Wavelength 1/8; Variable 48000/85671
Wavelength 1/8; Variable 49000/85671
Wavelength 1/8; Variable 50000/85671
Wavelength 1/8; Variable 51000/85671
Wavelength 1/8; Variable 52000/85671
Wavelength 1/8; Variable 53000/85671
Wavelength 1/8; Variable 54000/85671
Wavelength 1/8; Variable 55000/85671
Wavelength 1/8; Variable 56000/85671
Wavelength 1/8; Variable 57000/85671
Wavelength 1/8; Variable 58000/85671
Wavelength 1/8; Variable 59000/85671
Wavelength 1/8; Variable 60000/85671
Wavelength 1/8; Variable 61000/85671
Wavelength 1/8; Variable 62000/85671
Wavelength 1/8; Variable 63000/85671
Wavelength 1/8; Variable 64000/85671
Wavelength 1/8; Variable 65000/85671
Wavelength 1/8; Variable 66000/85671
Wavelength 1/8; Variable 67000/85671
Wavelength 1/8; Variable 68000/85671
Wavelength 1/8; Variable 69000/85671
Wavelength 1/8; Variable 70000/85671
Wavelength 1/8; Variable 71000/85671
Wavelength 1/8; Variable 72000/85671
Wavelength 1/8; Variable 73000/85671
Wavelength 1/8; Variable 74000/85671
Wavelength 1/8; Variable 75000/85671
Wavelength 1/8; Variable 76000/85671
Wavelength 1/8; Variable 77000/85671
Wavelength 1/8; Variable 78000/85671
Wavelength 1/8; Variable 79000/85671
Wavelength 1/8; Variable 80000/85671
Wavelength 1/8; Variable 81000/85671
Wavelength 1/8; Variable 82000/85671
Wavelength 1/8; Variable 83000/85671
Wavelength 1/8; Variable 84000/85671
Wavelength 1/8; Variable 85000/85671
Warning for adding constraints: zero or small (< 1e-13) coefficients, ignored
Wavelength 2/8; Variable 1000/85671
Wavelength 2/8; Variable 2000/85671
Wavelength 2/8; Variable 3000/85671
Wavelength 2/8; Variable 4000/85671
Wavelength 2/8; Variable 5000/85671
Wavelength 2/8; Variable 6000/85671
Wavelength 2/8; Variable 7000/85671
Wavelength 2/8; Variable 8000/85671
Wavelength 2/8; Variable 9000/85671
Wavelength 2/8; Variable 10000/85671
Wavelength 2/8; Variable 11000/85671
Wavelength 2/8; Variable 12000/85671
Wavelength 2/8; Variable 13000/85671
Wavelength 2/8; Variable 14000/85671
Wavelength 2/8; Variable 15000/85671
Wavelength 2/8; Variable 16000/85671
Wavelength 2/8; Variable 17000/85671
Wavelength 2/8; Variable 18000/85671
Wavelength 2/8; Variable 19000/85671
Wavelength 2/8; Variable 20000/85671
Wavelength 2/8; Variable 21000/85671
Wavelength 2/8; Variable 22000/85671
Wavelength 2/8; Variable 23000/85671
Wavelength 2/8; Variable 24000/85671
Wavelength 2/8; Variable 25000/85671
Wavelength 2/8; Variable 26000/85671
Wavelength 2/8; Variable 27000/85671
Wavelength 2/8; Variable 28000/85671
Wavelength 2/8; Variable 29000/85671
Wavelength 2/8; Variable 30000/85671
Wavelength 2/8; Variable 31000/85671
Wavelength 2/8; Variable 32000/85671
Wavelength 2/8; Variable 33000/85671
Wavelength 2/8; Variable 34000/85671
Wavelength 2/8; Variable 35000/85671
Wavelength 2/8; Variable 36000/85671
Wavelength 2/8; Variable 37000/85671
Wavelength 2/8; Variable 38000/85671
Wavelength 2/8; Variable 39000/85671
Wavelength 2/8; Variable 40000/85671
Wavelength 2/8; Variable 41000/85671
Wavelength 2/8; Variable 42000/85671
Wavelength 2/8; Variable 43000/85671
Wavelength 2/8; Variable 44000/85671
Wavelength 2/8; Variable 45000/85671
Wavelength 2/8; Variable 46000/85671
Wavelength 2/8; Variable 47000/85671
Wavelength 2/8; Variable 48000/85671
Wavelength 2/8; Variable 49000/85671
Wavelength 2/8; Variable 50000/85671
Wavelength 2/8; Variable 51000/85671
Wavelength 2/8; Variable 52000/85671
Wavelength 2/8; Variable 53000/85671
Wavelength 2/8; Variable 54000/85671
Wavelength 2/8; Variable 55000/85671
Wavelength 2/8; Variable 56000/85671
Wavelength 2/8; Variable 57000/85671
Wavelength 2/8; Variable 58000/85671
Wavelength 2/8; Variable 59000/85671
Wavelength 2/8; Variable 60000/85671
Wavelength 2/8; Variable 61000/85671
Wavelength 2/8; Variable 62000/85671
Wavelength 2/8; Variable 63000/85671
Wavelength 2/8; Variable 64000/85671
Wavelength 2/8; Variable 65000/85671
Wavelength 2/8; Variable 66000/85671
Wavelength 2/8; Variable 67000/85671
Wavelength 2/8; Variable 68000/85671
Wavelength 2/8; Variable 69000/85671
Wavelength 2/8; Variable 70000/85671
Wavelength 2/8; Variable 71000/85671
Wavelength 2/8; Variable 72000/85671
Wavelength 2/8; Variable 73000/85671
Wavelength 2/8; Variable 74000/85671
Wavelength 2/8; Variable 75000/85671
Wavelength 2/8; Variable 76000/85671
Wavelength 2/8; Variable 77000/85671
Wavelength 2/8; Variable 78000/85671
Wavelength 2/8; Variable 79000/85671
Wavelength 2/8; Variable 80000/85671
Wavelength 2/8; Variable 81000/85671
Wavelength 2/8; Variable 82000/85671
Wavelength 2/8; Variable 83000/85671
Wavelength 2/8; Variable 84000/85671
Wavelength 2/8; Variable 85000/85671
Wavelength 3/8; Variable 1000/85671
Wavelength 3/8; Variable 2000/85671
Wavelength 3/8; Variable 3000/85671
Wavelength 3/8; Variable 4000/85671
Wavelength 3/8; Variable 5000/85671
Wavelength 3/8; Variable 6000/85671
Wavelength 3/8; Variable 7000/85671
Wavelength 3/8; Variable 8000/85671
Wavelength 3/8; Variable 9000/85671
Wavelength 3/8; Variable 10000/85671
Wavelength 3/8; Variable 11000/85671
Wavelength 3/8; Variable 12000/85671
Wavelength 3/8; Variable 13000/85671
Wavelength 3/8; Variable 14000/85671
Wavelength 3/8; Variable 15000/85671
Wavelength 3/8; Variable 16000/85671
Wavelength 3/8; Variable 17000/85671
Wavelength 3/8; Variable 18000/85671
Wavelength 3/8; Variable 19000/85671
Wavelength 3/8; Variable 20000/85671
Wavelength 3/8; Variable 21000/85671
Wavelength 3/8; Variable 22000/85671
Wavelength 3/8; Variable 23000/85671
Wavelength 3/8; Variable 24000/85671
Wavelength 3/8; Variable 25000/85671
Wavelength 3/8; Variable 26000/85671
Wavelength 3/8; Variable 27000/85671
Wavelength 3/8; Variable 28000/85671
Wavelength 3/8; Variable 29000/85671
Wavelength 3/8; Variable 30000/85671
Wavelength 3/8; Variable 31000/85671
Wavelength 3/8; Variable 32000/85671
Wavelength 3/8; Variable 33000/85671
Wavelength 3/8; Variable 34000/85671
Wavelength 3/8; Variable 35000/85671
Wavelength 3/8; Variable 36000/85671
Wavelength 3/8; Variable 37000/85671
Wavelength 3/8; Variable 38000/85671
Wavelength 3/8; Variable 39000/85671
Wavelength 3/8; Variable 40000/85671
Wavelength 3/8; Variable 41000/85671
Wavelength 3/8; Variable 42000/85671
Wavelength 3/8; Variable 43000/85671
Wavelength 3/8; Variable 44000/85671
Wavelength 3/8; Variable 45000/85671
Wavelength 3/8; Variable 46000/85671
Wavelength 3/8; Variable 47000/85671
Wavelength 3/8; Variable 48000/85671
Wavelength 3/8; Variable 49000/85671
Wavelength 3/8; Variable 50000/85671
Wavelength 3/8; Variable 51000/85671
Wavelength 3/8; Variable 52000/85671
Wavelength 3/8; Variable 53000/85671
Wavelength 3/8; Variable 54000/85671
Wavelength 3/8; Variable 55000/85671
Wavelength 3/8; Variable 56000/85671
Wavelength 3/8; Variable 57000/85671
Wavelength 3/8; Variable 58000/85671
Wavelength 3/8; Variable 59000/85671
Wavelength 3/8; Variable 60000/85671
Wavelength 3/8; Variable 61000/85671
Wavelength 3/8; Variable 62000/85671
Wavelength 3/8; Variable 63000/85671
Wavelength 3/8; Variable 64000/85671
Wavelength 3/8; Variable 65000/85671
Wavelength 3/8; Variable 66000/85671
Wavelength 3/8; Variable 67000/85671
Wavelength 3/8; Variable 68000/85671
Wavelength 3/8; Variable 69000/85671
Wavelength 3/8; Variable 70000/85671
Wavelength 3/8; Variable 71000/85671
Wavelength 3/8; Variable 72000/85671
Wavelength 3/8; Variable 73000/85671
Wavelength 3/8; Variable 74000/85671
Wavelength 3/8; Variable 75000/85671
Wavelength 3/8; Variable 76000/85671
Wavelength 3/8; Variable 77000/85671
Wavelength 3/8; Variable 78000/85671
Wavelength 3/8; Variable 79000/85671
Wavelength 3/8; Variable 80000/85671
Wavelength 3/8; Variable 81000/85671
Wavelength 3/8; Variable 82000/85671
Wavelength 3/8; Variable 83000/85671
Wavelength 3/8; Variable 84000/85671
Wavelength 3/8; Variable 85000/85671
Wavelength 4/8; Variable 1000/85671
Wavelength 4/8; Variable 2000/85671
Wavelength 4/8; Variable 3000/85671
Wavelength 4/8; Variable 4000/85671
Wavelength 4/8; Variable 5000/85671
Wavelength 4/8; Variable 6000/85671
Wavelength 4/8; Variable 7000/85671
Wavelength 4/8; Variable 8000/85671
Wavelength 4/8; Variable 9000/85671
Wavelength 4/8; Variable 10000/85671
Wavelength 4/8; Variable 11000/85671
Wavelength 4/8; Variable 12000/85671
Wavelength 4/8; Variable 13000/85671
Wavelength 4/8; Variable 14000/85671
Wavelength 4/8; Variable 15000/85671
Wavelength 4/8; Variable 16000/85671
Wavelength 4/8; Variable 17000/85671
Wavelength 4/8; Variable 18000/85671
Wavelength 4/8; Variable 19000/85671
Wavelength 4/8; Variable 20000/85671
Wavelength 4/8; Variable 21000/85671
Wavelength 4/8; Variable 22000/85671
Wavelength 4/8; Variable 23000/85671
Wavelength 4/8; Variable 24000/85671
Wavelength 4/8; Variable 25000/85671
Wavelength 4/8; Variable 26000/85671
Wavelength 4/8; Variable 27000/85671
Wavelength 4/8; Variable 28000/85671
Wavelength 4/8; Variable 29000/85671
Wavelength 4/8; Variable 30000/85671
Wavelength 4/8; Variable 31000/85671
Wavelength 4/8; Variable 32000/85671
Wavelength 4/8; Variable 33000/85671
Wavelength 4/8; Variable 34000/85671
Wavelength 4/8; Variable 35000/85671
Wavelength 4/8; Variable 36000/85671
Wavelength 4/8; Variable 37000/85671
Wavelength 4/8; Variable 38000/85671
Wavelength 4/8; Variable 39000/85671
Wavelength 4/8; Variable 40000/85671
Wavelength 4/8; Variable 41000/85671
Wavelength 4/8; Variable 42000/85671
Wavelength 4/8; Variable 43000/85671
Wavelength 4/8; Variable 44000/85671
Wavelength 4/8; Variable 45000/85671
Wavelength 4/8; Variable 46000/85671
Wavelength 4/8; Variable 47000/85671
Wavelength 4/8; Variable 48000/85671
Wavelength 4/8; Variable 49000/85671
Wavelength 4/8; Variable 50000/85671
Wavelength 4/8; Variable 51000/85671
Wavelength 4/8; Variable 52000/85671
Wavelength 4/8; Variable 53000/85671
Wavelength 4/8; Variable 54000/85671
Wavelength 4/8; Variable 55000/85671
Wavelength 4/8; Variable 56000/85671
Wavelength 4/8; Variable 57000/85671
Wavelength 4/8; Variable 58000/85671
Wavelength 4/8; Variable 59000/85671
Wavelength 4/8; Variable 60000/85671
Wavelength 4/8; Variable 61000/85671
Wavelength 4/8; Variable 62000/85671
Wavelength 4/8; Variable 63000/85671
Wavelength 4/8; Variable 64000/85671
Wavelength 4/8; Variable 65000/85671
Wavelength 4/8; Variable 66000/85671
Wavelength 4/8; Variable 67000/85671
Wavelength 4/8; Variable 68000/85671
Wavelength 4/8; Variable 69000/85671
Wavelength 4/8; Variable 70000/85671
Wavelength 4/8; Variable 71000/85671
Wavelength 4/8; Variable 72000/85671
Wavelength 4/8; Variable 73000/85671
Wavelength 4/8; Variable 74000/85671
Wavelength 4/8; Variable 75000/85671
Wavelength 4/8; Variable 76000/85671
Wavelength 4/8; Variable 77000/85671
Wavelength 4/8; Variable 78000/85671
Wavelength 4/8; Variable 79000/85671
Wavelength 4/8; Variable 80000/85671
Wavelength 4/8; Variable 81000/85671
Wavelength 4/8; Variable 82000/85671
Wavelength 4/8; Variable 83000/85671
Wavelength 4/8; Variable 84000/85671
Wavelength 4/8; Variable 85000/85671
Wavelength 5/8; Variable 1000/85671
Wavelength 5/8; Variable 2000/85671
Wavelength 5/8; Variable 3000/85671
Wavelength 5/8; Variable 4000/85671
Wavelength 5/8; Variable 5000/85671
Wavelength 5/8; Variable 6000/85671
Wavelength 5/8; Variable 7000/85671
Wavelength 5/8; Variable 8000/85671
Wavelength 5/8; Variable 9000/85671
Wavelength 5/8; Variable 10000/85671
Wavelength 5/8; Variable 11000/85671
Wavelength 5/8; Variable 12000/85671
Wavelength 5/8; Variable 13000/85671
Wavelength 5/8; Variable 14000/85671
Wavelength 5/8; Variable 15000/85671
Wavelength 5/8; Variable 16000/85671
Wavelength 5/8; Variable 17000/85671
Wavelength 5/8; Variable 18000/85671
Wavelength 5/8; Variable 19000/85671
Wavelength 5/8; Variable 20000/85671
Wavelength 5/8; Variable 21000/85671
Wavelength 5/8; Variable 22000/85671
Wavelength 5/8; Variable 23000/85671
Wavelength 5/8; Variable 24000/85671
Wavelength 5/8; Variable 25000/85671
Wavelength 5/8; Variable 26000/85671
Wavelength 5/8; Variable 27000/85671
Wavelength 5/8; Variable 28000/85671
Wavelength 5/8; Variable 29000/85671
Wavelength 5/8; Variable 30000/85671
Wavelength 5/8; Variable 31000/85671
Wavelength 5/8; Variable 32000/85671
Wavelength 5/8; Variable 33000/85671
Wavelength 5/8; Variable 34000/85671
Wavelength 5/8; Variable 35000/85671
Wavelength 5/8; Variable 36000/85671
Wavelength 5/8; Variable 37000/85671
Wavelength 5/8; Variable 38000/85671
Wavelength 5/8; Variable 39000/85671
Wavelength 5/8; Variable 40000/85671
Wavelength 5/8; Variable 41000/85671
Wavelength 5/8; Variable 42000/85671
Wavelength 5/8; Variable 43000/85671
Wavelength 5/8; Variable 44000/85671
Wavelength 5/8; Variable 45000/85671
Wavelength 5/8; Variable 46000/85671
Wavelength 5/8; Variable 47000/85671
Wavelength 5/8; Variable 48000/85671
Wavelength 5/8; Variable 49000/85671
Wavelength 5/8; Variable 50000/85671
Wavelength 5/8; Variable 51000/85671
Wavelength 5/8; Variable 52000/85671
Wavelength 5/8; Variable 53000/85671
Wavelength 5/8; Variable 54000/85671
Wavelength 5/8; Variable 55000/85671
Wavelength 5/8; Variable 56000/85671
Wavelength 5/8; Variable 57000/85671
Wavelength 5/8; Variable 58000/85671
Wavelength 5/8; Variable 59000/85671
Wavelength 5/8; Variable 60000/85671
Wavelength 5/8; Variable 61000/85671
Wavelength 5/8; Variable 62000/85671
Wavelength 5/8; Variable 63000/85671
Wavelength 5/8; Variable 64000/85671
Wavelength 5/8; Variable 65000/85671
Wavelength 5/8; Variable 66000/85671
Wavelength 5/8; Variable 67000/85671
Wavelength 5/8; Variable 68000/85671
Wavelength 5/8; Variable 69000/85671
Wavelength 5/8; Variable 70000/85671
Wavelength 5/8; Variable 71000/85671
Wavelength 5/8; Variable 72000/85671
Wavelength 5/8; Variable 73000/85671
Wavelength 5/8; Variable 74000/85671
Wavelength 5/8; Variable 75000/85671
Wavelength 5/8; Variable 76000/85671
Wavelength 5/8; Variable 77000/85671
Wavelength 5/8; Variable 78000/85671
Wavelength 5/8; Variable 79000/85671
Wavelength 5/8; Variable 80000/85671
Wavelength 5/8; Variable 81000/85671
Wavelength 5/8; Variable 82000/85671
Wavelength 5/8; Variable 83000/85671
Wavelength 5/8; Variable 84000/85671
Wavelength 5/8; Variable 85000/85671
Wavelength 6/8; Variable 1000/85671
Wavelength 6/8; Variable 2000/85671
Wavelength 6/8; Variable 3000/85671
Wavelength 6/8; Variable 4000/85671
Wavelength 6/8; Variable 5000/85671
Wavelength 6/8; Variable 6000/85671
Wavelength 6/8; Variable 7000/85671
Wavelength 6/8; Variable 8000/85671
Wavelength 6/8; Variable 9000/85671
Wavelength 6/8; Variable 10000/85671
Wavelength 6/8; Variable 11000/85671
Wavelength 6/8; Variable 12000/85671
Wavelength 6/8; Variable 13000/85671
Wavelength 6/8; Variable 14000/85671
Wavelength 6/8; Variable 15000/85671
Wavelength 6/8; Variable 16000/85671
Wavelength 6/8; Variable 17000/85671
Wavelength 6/8; Variable 18000/85671
Wavelength 6/8; Variable 19000/85671
Wavelength 6/8; Variable 20000/85671
Wavelength 6/8; Variable 21000/85671
Wavelength 6/8; Variable 22000/85671
Wavelength 6/8; Variable 23000/85671
Wavelength 6/8; Variable 24000/85671
Wavelength 6/8; Variable 25000/85671
Wavelength 6/8; Variable 26000/85671
Wavelength 6/8; Variable 27000/85671
Wavelength 6/8; Variable 28000/85671
Wavelength 6/8; Variable 29000/85671
Wavelength 6/8; Variable 30000/85671
Wavelength 6/8; Variable 31000/85671
Wavelength 6/8; Variable 32000/85671
Wavelength 6/8; Variable 33000/85671
Wavelength 6/8; Variable 34000/85671
Wavelength 6/8; Variable 35000/85671
Wavelength 6/8; Variable 36000/85671
Wavelength 6/8; Variable 37000/85671
Wavelength 6/8; Variable 38000/85671
Wavelength 6/8; Variable 39000/85671
Wavelength 6/8; Variable 40000/85671
Wavelength 6/8; Variable 41000/85671
Wavelength 6/8; Variable 42000/85671
Wavelength 6/8; Variable 43000/85671
Wavelength 6/8; Variable 44000/85671
Wavelength 6/8; Variable 45000/85671
Wavelength 6/8; Variable 46000/85671
Wavelength 6/8; Variable 47000/85671
Wavelength 6/8; Variable 48000/85671
Wavelength 6/8; Variable 49000/85671
Wavelength 6/8; Variable 50000/85671
Wavelength 6/8; Variable 51000/85671
Wavelength 6/8; Variable 52000/85671
Wavelength 6/8; Variable 53000/85671
Wavelength 6/8; Variable 54000/85671
Wavelength 6/8; Variable 55000/85671
Wavelength 6/8; Variable 56000/85671
Wavelength 6/8; Variable 57000/85671
Wavelength 6/8; Variable 58000/85671
Wavelength 6/8; Variable 59000/85671
Wavelength 6/8; Variable 60000/85671
Wavelength 6/8; Variable 61000/85671
Wavelength 6/8; Variable 62000/85671
Wavelength 6/8; Variable 63000/85671
Wavelength 6/8; Variable 64000/85671
Wavelength 6/8; Variable 65000/85671
Wavelength 6/8; Variable 66000/85671
Wavelength 6/8; Variable 67000/85671
Wavelength 6/8; Variable 68000/85671
Wavelength 6/8; Variable 69000/85671
Wavelength 6/8; Variable 70000/85671
Wavelength 6/8; Variable 71000/85671
Wavelength 6/8; Variable 72000/85671
Wavelength 6/8; Variable 73000/85671
Wavelength 6/8; Variable 74000/85671
Wavelength 6/8; Variable 75000/85671
Wavelength 6/8; Variable 76000/85671
Wavelength 6/8; Variable 77000/85671
Wavelength 6/8; Variable 78000/85671
Wavelength 6/8; Variable 79000/85671
Wavelength 6/8; Variable 80000/85671
Wavelength 6/8; Variable 81000/85671
Wavelength 6/8; Variable 82000/85671
Wavelength 6/8; Variable 83000/85671
Wavelength 6/8; Variable 84000/85671
Wavelength 6/8; Variable 85000/85671
Wavelength 7/8; Variable 1000/85671
Wavelength 7/8; Variable 2000/85671
Wavelength 7/8; Variable 3000/85671
Wavelength 7/8; Variable 4000/85671
Wavelength 7/8; Variable 5000/85671
Wavelength 7/8; Variable 6000/85671
Wavelength 7/8; Variable 7000/85671
Wavelength 7/8; Variable 8000/85671
Wavelength 7/8; Variable 9000/85671
Wavelength 7/8; Variable 10000/85671
Wavelength 7/8; Variable 11000/85671
Wavelength 7/8; Variable 12000/85671
Wavelength 7/8; Variable 13000/85671
Wavelength 7/8; Variable 14000/85671
Wavelength 7/8; Variable 15000/85671
Wavelength 7/8; Variable 16000/85671
Wavelength 7/8; Variable 17000/85671
Wavelength 7/8; Variable 18000/85671
Wavelength 7/8; Variable 19000/85671
Wavelength 7/8; Variable 20000/85671
Wavelength 7/8; Variable 21000/85671
Wavelength 7/8; Variable 22000/85671
Wavelength 7/8; Variable 23000/85671
Wavelength 7/8; Variable 24000/85671
Wavelength 7/8; Variable 25000/85671
Wavelength 7/8; Variable 26000/85671
Wavelength 7/8; Variable 27000/85671
Wavelength 7/8; Variable 28000/85671
Wavelength 7/8; Variable 29000/85671
Wavelength 7/8; Variable 30000/85671
Wavelength 7/8; Variable 31000/85671
Wavelength 7/8; Variable 32000/85671
Wavelength 7/8; Variable 33000/85671
Wavelength 7/8; Variable 34000/85671
Wavelength 7/8; Variable 35000/85671
Wavelength 7/8; Variable 36000/85671
Wavelength 7/8; Variable 37000/85671
Wavelength 7/8; Variable 38000/85671
Wavelength 7/8; Variable 39000/85671
Wavelength 7/8; Variable 40000/85671
Wavelength 7/8; Variable 41000/85671
Wavelength 7/8; Variable 42000/85671
Wavelength 7/8; Variable 43000/85671
Wavelength 7/8; Variable 44000/85671
Wavelength 7/8; Variable 45000/85671
Wavelength 7/8; Variable 46000/85671
Wavelength 7/8; Variable 47000/85671
Wavelength 7/8; Variable 48000/85671
Wavelength 7/8; Variable 49000/85671
Wavelength 7/8; Variable 50000/85671
Wavelength 7/8; Variable 51000/85671
Wavelength 7/8; Variable 52000/85671
Wavelength 7/8; Variable 53000/85671
Wavelength 7/8; Variable 54000/85671
Wavelength 7/8; Variable 55000/85671
Wavelength 7/8; Variable 56000/85671
Wavelength 7/8; Variable 57000/85671
Wavelength 7/8; Variable 58000/85671
Wavelength 7/8; Variable 59000/85671
Wavelength 7/8; Variable 60000/85671
Wavelength 7/8; Variable 61000/85671
Wavelength 7/8; Variable 62000/85671
Wavelength 7/8; Variable 63000/85671
Wavelength 7/8; Variable 64000/85671
Wavelength 7/8; Variable 65000/85671
Wavelength 7/8; Variable 66000/85671
Wavelength 7/8; Variable 67000/85671
Wavelength 7/8; Variable 68000/85671
Wavelength 7/8; Variable 69000/85671
Wavelength 7/8; Variable 70000/85671
Wavelength 7/8; Variable 71000/85671
Wavelength 7/8; Variable 72000/85671
Wavelength 7/8; Variable 73000/85671
Wavelength 7/8; Variable 74000/85671
Wavelength 7/8; Variable 75000/85671
Wavelength 7/8; Variable 76000/85671
Wavelength 7/8; Variable 77000/85671
Wavelength 7/8; Variable 78000/85671
Wavelength 7/8; Variable 79000/85671
Wavelength 7/8; Variable 80000/85671
Wavelength 7/8; Variable 81000/85671
Wavelength 7/8; Variable 82000/85671
Wavelength 7/8; Variable 83000/85671
Wavelength 7/8; Variable 84000/85671
Wavelength 7/8; Variable 85000/85671
Wavelength 8/8; Variable 1000/85671
Wavelength 8/8; Variable 2000/85671
Wavelength 8/8; Variable 3000/85671
Wavelength 8/8; Variable 4000/85671
Wavelength 8/8; Variable 5000/85671
Wavelength 8/8; Variable 6000/85671
Wavelength 8/8; Variable 7000/85671
Wavelength 8/8; Variable 8000/85671
Wavelength 8/8; Variable 9000/85671
Wavelength 8/8; Variable 10000/85671
Wavelength 8/8; Variable 11000/85671
Wavelength 8/8; Variable 12000/85671
Wavelength 8/8; Variable 13000/85671
Wavelength 8/8; Variable 14000/85671
Wavelength 8/8; Variable 15000/85671
Wavelength 8/8; Variable 16000/85671
Wavelength 8/8; Variable 17000/85671
Wavelength 8/8; Variable 18000/85671
Wavelength 8/8; Variable 19000/85671
Wavelength 8/8; Variable 20000/85671
Wavelength 8/8; Variable 21000/85671
Wavelength 8/8; Variable 22000/85671
Wavelength 8/8; Variable 23000/85671
Wavelength 8/8; Variable 24000/85671
Wavelength 8/8; Variable 25000/85671
Wavelength 8/8; Variable 26000/85671
Wavelength 8/8; Variable 27000/85671
Wavelength 8/8; Variable 28000/85671
Wavelength 8/8; Variable 29000/85671
Wavelength 8/8; Variable 30000/85671
Wavelength 8/8; Variable 31000/85671
Wavelength 8/8; Variable 32000/85671
Wavelength 8/8; Variable 33000/85671
Wavelength 8/8; Variable 34000/85671
Wavelength 8/8; Variable 35000/85671
Wavelength 8/8; Variable 36000/85671
Wavelength 8/8; Variable 37000/85671
Wavelength 8/8; Variable 38000/85671
Wavelength 8/8; Variable 39000/85671
Wavelength 8/8; Variable 40000/85671
Wavelength 8/8; Variable 41000/85671
Wavelength 8/8; Variable 42000/85671
Wavelength 8/8; Variable 43000/85671
Wavelength 8/8; Variable 44000/85671
Wavelength 8/8; Variable 45000/85671
Wavelength 8/8; Variable 46000/85671
Wavelength 8/8; Variable 47000/85671
Wavelength 8/8; Variable 48000/85671
Wavelength 8/8; Variable 49000/85671
Wavelength 8/8; Variable 50000/85671
Wavelength 8/8; Variable 51000/85671
Wavelength 8/8; Variable 52000/85671
Wavelength 8/8; Variable 53000/85671
Wavelength 8/8; Variable 54000/85671
Wavelength 8/8; Variable 55000/85671
Wavelength 8/8; Variable 56000/85671
Wavelength 8/8; Variable 57000/85671
Wavelength 8/8; Variable 58000/85671
Wavelength 8/8; Variable 59000/85671
Wavelength 8/8; Variable 60000/85671
Wavelength 8/8; Variable 61000/85671
Wavelength 8/8; Variable 62000/85671
Wavelength 8/8; Variable 63000/85671
Wavelength 8/8; Variable 64000/85671
Wavelength 8/8; Variable 65000/85671
Wavelength 8/8; Variable 66000/85671
Wavelength 8/8; Variable 67000/85671
Wavelength 8/8; Variable 68000/85671
Wavelength 8/8; Variable 69000/85671
Wavelength 8/8; Variable 70000/85671
Wavelength 8/8; Variable 71000/85671
Wavelength 8/8; Variable 72000/85671
Wavelength 8/8; Variable 73000/85671
Wavelength 8/8; Variable 74000/85671
Wavelength 8/8; Variable 75000/85671
Wavelength 8/8; Variable 76000/85671
Wavelength 8/8; Variable 77000/85671
Wavelength 8/8; Variable 78000/85671
Wavelength 8/8; Variable 79000/85671
Wavelength 8/8; Variable 80000/85671
Wavelength 8/8; Variable 81000/85671
Wavelength 8/8; Variable 82000/85671
Wavelength 8/8; Variable 83000/85671
Wavelength 8/8; Variable 84000/85671
Wavelength 8/8; Variable 85000/85671
Start optimization...
Optimize a model with 13536 rows, 85671 columns and 1159642576 nonzeros
Coefficient statistics:
  Matrix range     [1e-13, 3e-05]
  Objective range  [6e-02, 1e+00]
  Bounds range     [1e+00, 1e+00]
  RHS range        [1e-05, 1e-05]
Presolve removed 0 rows and 0 columns (presolve time = 41s) ...
Presolve removed 0 rows and 0 columns (presolve time = 59s) ...
Presolve removed 0 rows and 0 columns (presolve time = 125s) ...
Presolve removed 0 rows and 0 columns (presolve time = 276s) ...
Presolve removed 6768 rows and 0 columns (presolve time = 298s) ...
Presolve removed 6768 rows and 0 columns
Presolve time: 299.42s
Presolved: 6768 rows, 92439 columns, 579828050 nonzeros
Ordering time: 0.00s

Barrier statistics:
 AA' NZ     : 2.290e+07
 Factor NZ  : 2.291e+07 (roughly 220 MBytes of memory)
 Factor Ops : 1.034e+11 (roughly 7 seconds per iteration)
 Threads    : 24

                  Objective                Residual
Iter       Primal          Dual         Primal    Dual     Compl     Time
   0   2.15268929e+08  1.89604825e+05  1.81e+02 3.64e-12  6.56e+03   395s
   1   1.27657689e+05  1.89556820e+05  7.65e-02 7.28e-11  3.60e+00   423s
   2   6.32204533e+04  1.47086819e+05  2.12e-02 8.54e-09  1.18e+00   454s
   3   5.10636175e+04  8.68516921e+04  8.73e-03 2.65e-08  3.88e-01   486s
   4   4.67414982e+04  5.77518397e+04  3.69e-03 5.49e-08  1.17e-01   521s
   5   4.49784570e+04  4.95237402e+04  1.39e-03 9.83e-08  4.30e-02   558s
   6   4.48220699e+04  4.80259961e+04  8.15e-04 6.61e-08  2.78e-02   592s
   7   4.47287366e+04  4.65386096e+04  5.14e-04 6.36e-08  1.61e-02   626s
   8   4.47269380e+04  4.58811489e+04  3.75e-04 5.74e-08  1.08e-02   658s
   9   4.47270371e+04  4.55955773e+04  2.81e-04 5.62e-08  8.08e-03   688s
  10   4.47342633e+04  4.53946920e+04  2.19e-04 5.18e-08  6.20e-03   720s
  11   4.47476985e+04  4.52484683e+04  1.63e-04 5.74e-08  4.65e-03   750s
  12   4.47556105e+04  4.51503696e+04  1.46e-04 5.61e-08  3.86e-03   779s
  13   4.47761405e+04  4.50726935e+04  1.11e-04 5.26e-08  2.92e-03   810s
  14   4.47955304e+04  4.50199483e+04  8.48e-05 4.87e-08  2.22e-03   843s
  15   4.48113827e+04  4.49891760e+04  5.91e-05 5.03e-08  1.66e-03   879s
  16   4.48199818e+04  4.49508436e+04  4.70e-05 5.16e-08  1.26e-03   913s
  17   4.48230983e+04  4.49339805e+04  4.26e-05 5.28e-08  1.10e-03   945s
  18   4.48291370e+04  4.49235723e+04  3.43e-05 5.59e-08  9.15e-04   975s
  19   4.48321993e+04  4.49116646e+04  3.03e-05 6.10e-08  7.87e-04  1004s
  20   4.48410540e+04  4.48984103e+04  2.08e-05 6.97e-08  5.55e-04  1036s
  21   4.48443556e+04  4.48882247e+04  1.79e-05 5.27e-08  4.48e-04  1069s
  22   4.48475322e+04  4.48798922e+04  1.49e-05 5.67e-08  3.51e-04  1105s
  23   4.48511147e+04  4.48752467e+04  1.14e-05 6.10e-08  2.64e-04  1138s
  24   4.48543370e+04  4.48719918e+04  8.30e-06 4.74e-08  1.93e-04  1169s
  25   4.48553230e+04  4.48696014e+04  7.11e-06 5.53e-08  1.61e-04  1199s
  26   4.48566067e+04  4.48672332e+04  5.80e-06 8.59e-08  1.26e-04  1231s
  27   4.48581782e+04  4.48650815e+04  4.32e-06 7.06e-08  8.82e-05  1267s
  28   4.48592757e+04  4.48639806e+04  3.04e-06 6.07e-08  6.12e-05  1299s
  29   4.48601755e+04  4.48632354e+04  2.06e-06 5.71e-08  4.08e-05  1332s
  30   4.48606668e+04  4.48628202e+04  1.49e-06 7.51e-08  2.92e-05  1363s
  31   4.48611442e+04  4.48626413e+04  9.54e-07 5.77e-08  1.93e-05  1393s
  32   4.48613887e+04  4.48623442e+04  6.87e-07 5.86e-08  1.33e-05  1425s
  33   4.48617229e+04  4.48622308e+04  3.43e-07 6.29e-08  6.79e-06  1458s
  34   4.48619050e+04  4.48621720e+04  1.65e-07 5.58e-08  3.38e-06  1493s
  35   4.48619635e+04  4.48621304e+04  1.09e-07 6.18e-08  2.19e-06  1526s
  36   4.48620438e+04  4.48621062e+04  3.39e-08 6.34e-08  7.36e-07  1558s
  37   4.48620666e+04  4.48620954e+04  1.36e-08 5.85e-08  3.16e-07  1588s
  38   4.48620772e+04  4.48620891e+04  5.66e-09 6.77e-08  1.31e-07  1620s
  39   4.48620844e+04  4.48620864e+04  5.78e-10 6.68e-08  1.80e-08  1657s
  40   4.48620852e+04  4.48620855e+04  9.17e-11 6.65e-08  2.96e-09  1691s

Barrier solved model in 40 iterations and 1691.33 seconds
Optimal objective 4.48620852e+04

Optimization finished!
Restarting optimization for throughput iteration 1...
Optimize a model with 13536 rows, 85671 columns and 1159642576 nonzeros
Coefficient statistics:
  Matrix range     [1e-13, 3e-05]
  Objective range  [6e-02, 1e+00]
  Bounds range     [1e+00, 1e+00]
  RHS range        [7e-06, 7e-06]
Presolve removed 0 rows and 0 columns (presolve time = 47s) ...
Presolve removed 0 rows and 0 columns (presolve time = 67s) ...
Presolve removed 0 rows and 0 columns (presolve time = 119s) ...
Presolve removed 0 rows and 0 columns (presolve time = 254s) ...
Presolve removed 6768 rows and 0 columns (presolve time = 275s) ...
Presolve removed 6768 rows and 0 columns
Presolve time: 276.15s
Presolved: 6768 rows, 92439 columns, 579828050 nonzeros
Ordering time: 0.00s

Barrier statistics:
 AA' NZ     : 2.290e+07
 Factor NZ  : 2.291e+07 (roughly 220 MBytes of memory)
 Factor Ops : 1.034e+11 (roughly 7 seconds per iteration)
 Threads    : 24

                  Objective                Residual
Iter       Primal          Dual         Primal    Dual     Compl     Time
   0   2.15268929e+08  1.86937260e+05  1.81e+02 3.64e-12  6.56e+03   367s
   1   1.34175556e+05  1.86890161e+05  8.20e-02 8.73e-11  3.78e+00   397s
   2   6.49132789e+04  1.47222885e+05  2.27e-02 1.19e-08  1.24e+00   428s
   3   5.30471782e+04  8.79644675e+04  1.08e-02 2.42e-08  4.37e-01   462s
   4   4.87139252e+04  6.20441179e+04  5.66e-03 1.10e-07  1.68e-01   498s
   5   4.52030586e+04  5.02127221e+04  2.10e-03 5.80e-08  5.63e-02   535s
   6   4.49403111e+04  4.73554857e+04  1.34e-03 6.51e-08  3.04e-02   569s
   7   4.48799087e+04  4.64231151e+04  1.06e-03 9.22e-08  2.19e-02   603s
   8   4.47190345e+04  4.60906383e+04  7.87e-04 8.63e-08  1.73e-02   633s
   9   4.46283161e+04  4.57615329e+04  6.46e-04 6.90e-08  1.42e-02   662s
  10   4.45554509e+04  4.54000280e+04  5.26e-04 6.29e-08  1.11e-02   691s
  11   4.45245194e+04  4.52415900e+04  4.67e-04 7.31e-08  9.63e-03   719s
  12   4.44709438e+04  4.50229419e+04  3.66e-04 1.13e-07  7.47e-03   749s
  13   4.44307702e+04  4.48964121e+04  2.61e-04 9.31e-08  5.71e-03   779s
  14   4.44066961e+04  4.47846839e+04  1.96e-04 6.91e-08  4.43e-03   811s
  15   4.43911467e+04  4.47112757e+04  1.47e-04 7.02e-08  3.52e-03   846s
  16   4.43877445e+04  4.46219455e+04  1.23e-04 1.66e-07  2.76e-03   880s
  17   4.43828740e+04  4.45608742e+04  1.05e-04 1.40e-07  2.23e-03   912s
  18   4.43794343e+04  4.45234983e+04  8.77e-05 2.03e-07  1.84e-03   942s
  19   4.43777320e+04  4.44960642e+04  7.60e-05 1.86e-07  1.56e-03   972s
  20   4.43769135e+04  4.44720069e+04  6.69e-05 1.29e-07  1.32e-03  1005s
  21   4.43771396e+04  4.44542368e+04  4.98e-05 1.32e-07  1.02e-03  1037s
  22   4.43786718e+04  4.44363746e+04  3.82e-05 1.61e-07  7.74e-04  1073s
  23   4.43798015e+04  4.44222106e+04  3.23e-05 7.64e-08  6.19e-04  1107s
  24   4.43807631e+04  4.44167871e+04  2.77e-05 7.27e-08  5.29e-04  1137s
  25   4.43808001e+04  4.44130133e+04  2.62e-05 8.40e-08  4.91e-04  1167s
  26   4.43809087e+04  4.44076949e+04  2.37e-05 6.61e-08  4.31e-04  1198s
  27   4.43819862e+04  4.44027932e+04  2.02e-05 1.41e-07  3.57e-04  1230s
  28   4.43831631e+04  4.43986933e+04  1.65e-05 7.42e-08  2.83e-04  1261s
  29   4.43836490e+04  4.43951524e+04  1.28e-05 7.05e-08  2.17e-04  1294s
  30   4.43838476e+04  4.43927066e+04  1.09e-05 8.45e-08  1.79e-04  1326s
  31   4.43838875e+04  4.43915466e+04  9.02e-06 7.10e-08  1.50e-04  1355s
  32   4.43840418e+04  4.43907738e+04  8.57e-06 9.47e-08  1.40e-04  1386s
  33   4.43841791e+04  4.43890908e+04  6.29e-06 6.57e-08  1.02e-04  1419s
  34   4.43844178e+04  4.43875032e+04  4.62e-06 1.94e-07  7.24e-05  1453s
  35   4.43845326e+04  4.43867697e+04  2.93e-06 2.83e-07  4.75e-05  1487s
  36   4.43846311e+04  4.43862970e+04  2.19e-06 2.57e-07  3.54e-05  1519s
  37   4.43846409e+04  4.43859567e+04  1.84e-06 3.07e-07  2.94e-05  1549s
  38   4.43847192e+04  4.43856043e+04  1.15e-06 1.73e-07  1.87e-05  1580s
  39   4.43847523e+04  4.43852469e+04  6.08e-07 1.97e-07  1.00e-05  1613s
  40   4.43847697e+04  4.43850494e+04  3.98e-07 2.49e-07  6.32e-06  1643s
  41   4.43847844e+04  4.43849193e+04  1.95e-07 8.94e-08  3.08e-06  1676s
  42   4.43848038e+04  4.43848803e+04  1.10e-07 9.31e-08  1.74e-06  1706s
  43   4.43848132e+04  4.43848638e+04  7.69e-08 4.36e-07  1.20e-06  1735s
  44   4.43848227e+04  4.43848515e+04  3.44e-08 1.87e-07  5.71e-07  1766s
  45   4.43848293e+04  4.43848430e+04  1.68e-08 1.15e-07  2.77e-07  1798s
  46   4.43848334e+04  4.43848367e+04  4.31e-09 1.60e-07  7.01e-08  1833s
  47   4.43848351e+04  4.43848363e+04  1.01e-09 9.41e-08  1.87e-08  1867s
  48   4.43848358e+04  4.43848360e+04  6.13e-11 4.00e-07  1.76e-09  1898s

Barrier solved model in 48 iterations and 1898.30 seconds
Optimal objective 4.43848358e+04

Optimization finished!
/user/kstlaurent/anaconda3/envs/coron_gur/lib/python3.6/site-packages/asdf/extension.py:211: AsdfDeprecationWarning: The module asdf.asdftypes has been deprecated and will be removed in 3.0. Use asdf.types instead. (from astropy.io.misc.asdf.extension.AstropyExtension)
  AsdfDeprecationWarning)
