Optimizer called with the following parameters:
{'focal_plane_mask': {'field_stop_radius': None,
                      'grayscale': True,
                      'num_pix': 150,
                      'radius': 3.9000000000000004},
 'image': {'bandwidth': 0.15,
           'contrast': 10,
           'iwa': 3.8000000000000003,
           'num_wavelengths': 5,
           'owa': 14.0,
           'resolution': 2},
 'instrument': {'inst_name': 'USORT'},
 'lyot_stop': {'alignment_tolerance': 0,
               'filename': 'USORT/LS_USORT_circ_ID0000_OD0990_ovsamp16_N0128.fits',
               'num_lyot_stops': 1},
 'method': {'edge_width_for_prior': 2,
            'ending_scale': 1,
            'force_no_hermitian_symmetry': False,
            'force_no_x_mirror_symmetry': False,
            'force_no_y_mirror_symmetry': False,
            'initial_throughput_estimate': 1,
            'maximize_planet_throughput': True,
            'num_throughput_iterations': 2,
            'starting_scale': 1},
 'pupil': {'N': 128,
           'filename': 'USORT/TelAp_USORT_offaxis_ovsamp16_N0128.fits'},
 'solver': {'crossover': 0,
            'method': 2,
            'num_threads': 0}}

File organization:
{'analysis_dir': '/user/bnickson/GitHub/LUVex_TelAps/aplc_optimization/surveys/usort_offaxis_survey_N0128_telserv3/FPM39_IWA38/analysis',
 'drivers_dir': '/user/bnickson/GitHub/LUVex_TelAps/aplc_optimization/surveys/usort_offaxis_survey_N0128_telserv3/FPM39_IWA38/drivers',
 'input_files_dir': '/user/bnickson/GitHub/LUVex_TelAps/aplc_optimization/masks',
 'log_dir': '/user/bnickson/GitHub/LUVex_TelAps/aplc_optimization/surveys/usort_offaxis_survey_N0128_telserv3/FPM39_IWA38/logs',
 'solution_dir': '/user/bnickson/GitHub/LUVex_TelAps/aplc_optimization/surveys/usort_offaxis_survey_N0128_telserv3/FPM39_IWA38/solutions',
 'survey_dir': '/user/bnickson/GitHub/LUVex_TelAps/aplc_optimization/surveys/usort_offaxis_survey_N0128_telserv3/FPM39_IWA38'}

Telescope pupil:
   Mirror symmetry in x: yes
   Mirror symmetry in y: yes

Lyot stop #0:
   Mirror symmetry in x: yes
Lyot stop #0:
   Mirror symmetry in y: yes

Complete APLC:
   Mirror symmetry in x: yes
   Mirror symmetry in y: yes

Starting optimization at scale 1 with 2726 variables and 2865 constraints.
Creating model...
Set parameter Username
Academic license - for non-commercial use only - expires 2024-10-25
Set parameter Crossover to value 0
Set parameter Method to value 2
Calculating and adding constraints...
Wavelength 1/5; Variable 1000/2726
Wavelength 1/5; Variable 2000/2726
Wavelength 2/5; Variable 1000/2726
Wavelength 2/5; Variable 2000/2726
Wavelength 3/5; Variable 1000/2726
Wavelength 3/5; Variable 2000/2726
Wavelength 4/5; Variable 1000/2726
Wavelength 4/5; Variable 2000/2726
Wavelength 5/5; Variable 1000/2726
Wavelength 5/5; Variable 2000/2726
Start optimization...
Gurobi Optimizer version 10.0.3 build v10.0.3rc0 (linux64)

CPU model: Intel(R) Xeon(R) Gold 6146 CPU @ 3.20GHz, instruction set [SSE2|AVX|AVX2|AVX512]
Thread count: 24 physical cores, 48 logical processors, using up to 24 threads

Optimize a model with 5730 rows, 2726 columns and 15619980 nonzeros
Model fingerprint: 0xfb95fde7
Coefficient statistics:
  Matrix range     [4e-12, 5e-04]
  Objective range  [2e-03, 1e+00]
  Bounds range     [1e+00, 1e+00]
  RHS range        [1e-05, 1e-05]
Presolve removed 0 rows and 0 columns (presolve time = 6s) ...
Presolve time: 6.60s
Presolved: 2726 rows, 8456 columns, 15622706 nonzeros
Error: invalid user locale; possible fix is to set the system environment
       variable 'LC_ALL' to a valid locale (e.g., to 'C')
Ordering time: 0.05s

Barrier statistics:
 AA' NZ     : 3.714e+06
 Factor NZ  : 3.717e+06 (roughly 34 MB of memory)
 Factor Ops : 6.756e+09 (less than 1 second per iteration)
 Threads    : 24

                  Objective                Residual
Iter       Primal          Dual         Primal    Dual     Compl     Time
   0   5.55535546e+03  0.00000000e+00  0.00e+00 0.00e+00  9.65e-01     9s
   1   2.95288030e+03  6.60038231e+02  0.00e+00 1.66e-01  3.56e-01    10s
   2   2.03345664e+03  1.38326417e+03  0.00e+00 4.68e-02  9.38e-02    10s
   3   1.69971391e+03  1.43339735e+03  0.00e+00 2.25e-02  3.68e-02    11s
   4   1.58851023e+03  1.44919776e+03  0.00e+00 1.64e-02  2.01e-02    11s
   5   1.56795915e+03  1.45302185e+03  0.00e+00 1.48e-02  1.69e-02    12s
   6   1.55073934e+03  1.45441396e+03  0.00e+00 1.38e-02  1.49e-02    12s
   7   1.52040379e+03  1.45847523e+03  0.00e+00 1.13e-02  1.12e-02    13s
   8   1.50742703e+03  1.45988931e+03  0.00e+00 9.85e-03  9.57e-03    13s
   9   1.49810499e+03  1.45933452e+03  0.00e+00 9.20e-03  8.83e-03    14s
  10   1.48683322e+03  1.45893846e+03  0.00e+00 8.23e-03  7.68e-03    14s
  11   1.47799756e+03  1.45731647e+03  0.00e+00 6.46e-03  6.26e-03    15s
  12   1.47156941e+03  1.45504698e+03  0.00e+00 5.48e-03  5.46e-03    16s
  13   1.46485511e+03  1.45355100e+03  0.00e+00 4.99e-03  4.87e-03    16s
  14   1.46090805e+03  1.45296450e+03  0.00e+00 4.85e-03  4.64e-03    17s
  15   1.45573075e+03  1.45085954e+03  0.00e+00 4.35e-03  4.15e-03    17s
  16   1.45297976e+03  1.44957535e+03  0.00e+00 4.09e-03  3.92e-03    18s
  17   1.44577024e+03  1.44721777e+03  0.00e+00 3.63e-03  3.39e-03    18s
  18   1.44382821e+03  1.44506205e+03  0.00e+00 3.35e-03  3.21e-03    19s
  19   1.43627075e+03  1.44373544e+03  0.00e+00 3.16e-03  2.76e-03    20s
  20   1.43230390e+03  1.44198054e+03  0.00e+00 2.93e-03  2.48e-03    20s
  21   1.43138755e+03  1.44119520e+03  0.00e+00 2.85e-03  2.41e-03    21s
  22   1.42896003e+03  1.43956795e+03  0.00e+00 2.66e-03  2.21e-03    21s
  23   1.42728933e+03  1.43383112e+03  0.00e+00 2.03e-03  1.84e-03    22s
  24   1.42277935e+03  1.43171635e+03  0.00e+00 1.82e-03  1.50e-03    23s
  25   1.42113473e+03  1.42913670e+03  0.00e+00 1.56e-03  1.30e-03    23s
  26   1.42037149e+03  1.42791722e+03  0.00e+00 1.44e-03  1.21e-03    24s
  27   1.41903368e+03  1.42611761e+03  0.00e+00 1.27e-03  1.06e-03    25s
  28   1.41781843e+03  1.42489312e+03  0.00e+00 1.16e-03  9.43e-04    25s
  29   1.41736159e+03  1.42200085e+03  0.00e+00 9.05e-04  8.19e-04    26s
  30   1.41649352e+03  1.42024190e+03  0.00e+00 7.62e-04  7.22e-04    27s
  31   1.41510406e+03  1.41957069e+03  0.00e+00 7.09e-04  6.11e-04    28s
  32   1.41504250e+03  1.41950749e+03  0.00e+00 7.04e-04  6.05e-04    28s
  33   1.41500200e+03  1.41940988e+03  0.00e+00 6.96e-04  5.99e-04    29s
  34   1.41494486e+03  1.41926895e+03  0.00e+00 6.84e-04  5.42e-04    30s
  35   1.41396757e+03  1.41820938e+03  0.00e+00 6.00e-04  4.44e-04    30s
  36   1.41291508e+03  1.41682395e+03  0.00e+00 4.89e-04  3.37e-04    31s
  37   1.41209645e+03  1.41538027e+03  0.00e+00 3.77e-04  2.45e-04    32s
  38   1.41195176e+03  1.41494755e+03  0.00e+00 3.43e-04  2.25e-04    33s
  39   1.41151471e+03  1.41415446e+03  0.00e+00 2.82e-04  1.74e-04    33s
  40   1.41112517e+03  1.41326123e+03  1.05e-05 2.14e-04  1.22e-04    34s
  41   1.41100054e+03  1.41315453e+03  1.04e-05 2.05e-04  1.10e-04    35s
  42   1.41092369e+03  1.41288591e+03  2.31e-05 1.85e-04  9.88e-05    36s
  43   1.41080978e+03  1.41271276e+03  1.58e-05 1.72e-04  8.61e-05    37s
  44   1.41069888e+03  1.41212805e+03  1.69e-05 1.28e-04  6.50e-05    37s
  45   1.41061503e+03  1.41149538e+03  1.60e-05 8.22e-05  4.56e-05    38s
  46   1.41051629e+03  1.41100622e+03  9.14e-06 4.66e-05  2.68e-05    39s
  47   1.41048026e+03  1.41085322e+03  4.40e-05 3.55e-05  2.05e-05    40s
  48   1.41045379e+03  1.41067490e+03  5.17e-05 2.26e-05  1.45e-05    41s
  49   1.41043212e+03  1.41056601e+03  6.13e-05 1.46e-05  1.01e-05    43s
  50   1.41043082e+03  1.41055375e+03  7.98e-05 1.37e-05  9.77e-06    44s
  51   1.41042865e+03  1.41054953e+03  8.71e-05 1.34e-05  9.50e-06    45s
  52   1.41042677e+03  1.41054484e+03  8.98e-05 1.31e-05  9.30e-06    45s
  53   1.41042476e+03  1.41053798e+03  8.11e-05 1.26e-05  8.99e-06    46s
  54   1.41041283e+03  1.41050670e+03  9.35e-05 1.03e-05  7.36e-06    48s
  55   1.41041186e+03  1.41050629e+03  1.03e-04 1.02e-05  7.30e-06    48s
  56   1.41040738e+03  1.41049691e+03  1.31e-04 9.56e-06  6.72e-06    50s
  57   1.41040335e+03  1.41048549e+03  1.77e-04 8.73e-06  5.99e-06    50s
  58   1.41040182e+03  1.41047612e+03  1.75e-04 8.05e-06  5.61e-06    52s
  59   1.41040168e+03  1.41047360e+03  2.11e-04 7.86e-06  5.50e-06    53s
  60   1.41040171e+03  1.41047360e+03  2.09e-04 7.86e-06  5.50e-06    54s
  61   1.41039638e+03  1.41046685e+03  2.45e-04 7.38e-06  5.05e-06    56s
  62   1.41039513e+03  1.41046590e+03  2.25e-04 7.31e-06  4.93e-06    57s
  63   1.41039465e+03  1.41046123e+03  2.49e-04 6.98e-06  4.78e-06    58s
  64   1.41039331e+03  1.41045164e+03  2.24e-04 6.28e-06  4.45e-06    59s
  65   1.41039280e+03  1.41045027e+03  2.25e-04 6.19e-06  4.38e-06    59s
  66   1.41038989e+03  1.41044529e+03  2.23e-04 5.83e-06  4.03e-06    60s
  67   1.41038953e+03  1.41044521e+03  2.40e-04 5.82e-06  4.03e-06    61s
  68   1.41039012e+03  1.41044429e+03  2.63e-04 5.75e-06  3.97e-06    62s
  69   1.41038918e+03  1.41044086e+03  2.65e-04 5.51e-06  3.79e-06    63s
  70   1.41038872e+03  1.41043903e+03  2.72e-04 5.37e-06  3.72e-06    64s
  71   1.41038848e+03  1.41043898e+03  2.63e-04 5.37e-06  3.71e-06    65s
  72   1.41038794e+03  1.41043736e+03  2.51e-04 5.25e-06  3.62e-06    66s
  73   1.41038797e+03  1.41043735e+03  2.46e-04 5.25e-06  3.62e-06    67s
  74   1.41038737e+03  1.41043558e+03  2.18e-04 5.13e-06  3.52e-06    68s
  75   1.41038690e+03  1.41043514e+03  2.11e-04 5.09e-06  3.49e-06    69s
  76   1.41038524e+03  1.41042815e+03  2.15e-04 4.58e-06  3.19e-06    70s
  77   1.41038570e+03  1.41042782e+03  1.95e-04 4.56e-06  3.18e-06    70s
  78   1.41038551e+03  1.41042596e+03  1.82e-04 4.42e-06  3.11e-06    71s
  79   1.41038530e+03  1.41042591e+03  1.81e-04 4.42e-06  3.10e-06    72s
  80   1.41038468e+03  1.41042099e+03  1.72e-04 4.07e-06  2.93e-06    72s
  81   1.41038448e+03  1.41041893e+03  1.76e-04 3.92e-06  2.87e-06    73s
  82   1.41038436e+03  1.41041868e+03  1.63e-04 3.90e-06  2.86e-06    74s
  83   1.41038444e+03  1.41041815e+03  1.62e-04 3.86e-06  2.81e-06    75s
  84   1.41038383e+03  1.41041571e+03  1.43e-04 3.69e-06  2.69e-06    76s
  85   1.41038273e+03  1.41041123e+03  1.43e-04 3.37e-06  2.50e-06    76s
  86   1.41038269e+03  1.41041068e+03  1.49e-04 3.33e-06  2.47e-06    77s
  87   1.41038273e+03  1.41041033e+03  1.52e-04 3.30e-06  2.46e-06    78s
  88   1.41038236e+03  1.41040682e+03  2.16e-04 3.04e-06  2.30e-06    79s
  89   1.41037975e+03  1.41039400e+03  1.94e-04 2.12e-06  1.85e-06    80s
  90   1.41037917e+03  1.41039381e+03  2.34e-04 2.11e-06  1.83e-06    80s
  91   1.41037915e+03  1.41039376e+03  2.33e-04 2.10e-06  1.82e-06    81s
  92   1.41037907e+03  1.41039367e+03  2.39e-04 2.10e-06  1.82e-06    82s
  93   1.41037886e+03  1.41039309e+03  2.33e-04 2.06e-06  1.80e-06    83s
  94   1.41037527e+03  1.41038358e+03  3.48e-04 1.38e-06  1.29e-06    85s
  95   1.41037514e+03  1.41038268e+03  3.57e-04 1.31e-06  1.23e-06    86s
  96   1.41037275e+03  1.41038174e+03  3.44e-04 1.24e-06  1.07e-06    88s
  97   1.41036855e+03  1.41037611e+03  3.09e-04 8.42e-07  7.99e-07    90s
  98   1.41036849e+03  1.41037610e+03  2.94e-04 8.42e-07  7.99e-07    91s
  99   1.41036761e+03  1.41037582e+03  2.92e-04 8.22e-07  7.79e-07    92s
 100   1.41036645e+03  1.41037530e+03  2.72e-04 7.85e-07  7.41e-07    93s
 101   1.41036641e+03  1.41037520e+03  2.66e-04 7.78e-07  7.37e-07    94s
 102   1.41036637e+03  1.41037509e+03  2.75e-04 7.70e-07  7.34e-07    95s
 103   1.41036673e+03  1.41037503e+03  2.81e-04 7.66e-07  7.27e-07    96s
 104   1.41036683e+03  1.41037504e+03  2.64e-04 7.66e-07  7.27e-07    97s
 105   1.41036626e+03  1.41037462e+03  2.62e-04 7.37e-07  7.07e-07    97s
 106   1.41036486e+03  1.41037450e+03  2.57e-04 7.28e-07  6.57e-07    98s
 107   1.41036516e+03  1.41037391e+03  2.33e-04 6.85e-07  6.10e-07    99s
 108   1.41036513e+03  1.41037365e+03  2.08e-04 6.67e-07  5.93e-07   100s
 109   1.41036456e+03  1.41037333e+03  1.98e-04 6.44e-07  5.78e-07   101s
 110   1.41036399e+03  1.41037333e+03  1.86e-04 6.44e-07  5.77e-07   102s
 111   1.41036492e+03  1.41037274e+03  2.60e-04 6.02e-07  5.27e-07   103s
 112   1.41036339e+03  1.41037243e+03  2.69e-04 5.80e-07  4.96e-07   103s
 113   1.41036344e+03  1.41037207e+03  2.67e-04 5.53e-07  4.84e-07   104s
 114   1.41036328e+03  1.41037137e+03  2.68e-04 5.05e-07  4.67e-07   105s
 115   1.41036403e+03  1.41037119e+03  2.27e-04 4.91e-07  4.58e-07   106s
 116   1.41036393e+03  1.41037108e+03  2.44e-04 4.83e-07  4.50e-07   106s
 117   1.41036381e+03  1.41037108e+03  2.45e-04 4.83e-07  4.50e-07   107s
 118   1.41036361e+03  1.41037089e+03  2.50e-04 4.69e-07  4.42e-07   108s
 119   1.41036361e+03  1.41037087e+03  2.55e-04 4.68e-07  4.37e-07   109s
 120   1.41036327e+03  1.41037069e+03  3.23e-04 4.55e-07  4.12e-07   109s
 121   1.41036339e+03  1.41037068e+03  3.02e-04 4.54e-07  4.11e-07   110s
 122   1.41036370e+03  1.41037055e+03  2.98e-04 4.44e-07  3.98e-07   111s
 123   1.41036380e+03  1.41037042e+03  2.83e-04 4.36e-07  3.94e-07   112s
 124   1.41036432e+03  1.41037015e+03  2.40e-04 4.16e-07  3.75e-07   112s
 125   1.41036359e+03  1.41036993e+03  2.07e-04 4.00e-07  3.64e-07   113s
 126   1.41036348e+03  1.41036982e+03  2.00e-04 3.93e-07  3.56e-07   114s
 127   1.41036298e+03  1.41036973e+03  1.87e-04 3.86e-07  3.51e-07   115s
 128   1.41036269e+03  1.41036958e+03  2.04e-04 3.76e-07  3.40e-07   116s
 129   1.41036291e+03  1.41036946e+03  1.93e-04 3.67e-07  3.29e-07   117s
 130   1.41036369e+03  1.41036946e+03  1.87e-04 3.66e-07  3.28e-07   118s
 131   1.41036330e+03  1.41036935e+03  1.86e-04 3.59e-07  3.24e-07   118s
 132   1.41036323e+03  1.41036923e+03  1.87e-04 3.50e-07  3.19e-07   119s
 133   1.41036321e+03  1.41036881e+03  2.19e-04 3.19e-07  3.03e-07   120s
 134   1.41036232e+03  1.41036874e+03  2.52e-04 3.15e-07  2.95e-07   121s
 135   1.41036227e+03  1.41036866e+03  2.76e-04 3.08e-07  2.90e-07   122s
 136   1.41036270e+03  1.41036858e+03  2.78e-04 3.03e-07  2.83e-07   122s
 137   1.41036239e+03  1.41036858e+03  2.81e-04 3.03e-07  2.83e-07   123s
 138   1.41036206e+03  1.41036852e+03  2.72e-04 2.98e-07  2.79e-07   124s
 139   1.41036180e+03  1.41036848e+03  2.58e-04 2.95e-07  2.70e-07   125s
 140   1.41036171e+03  1.41036838e+03  2.64e-04 2.88e-07  2.67e-07   126s
 141   1.41036163e+03  1.41036822e+03  2.56e-04 2.77e-07  2.53e-07   126s
 142   1.41036214e+03  1.41036815e+03  2.52e-04 2.72e-07  2.44e-07   127s
 143   1.41036267e+03  1.41036809e+03  2.70e-04 2.68e-07  2.40e-07   128s
 144   1.41036241e+03  1.41036794e+03  2.87e-04 2.57e-07  2.32e-07   129s
 145   1.41036242e+03  1.41036784e+03  2.82e-04 2.50e-07  2.29e-07   130s
 146   1.41036220e+03  1.41036784e+03  2.97e-04 2.50e-07  2.27e-07   131s
 147   1.41036283e+03  1.41036780e+03  2.64e-04 2.48e-07  2.17e-07   132s
 148   1.41036287e+03  1.41036768e+03  2.60e-04 2.39e-07  2.08e-07   133s
 149   1.41036249e+03  1.41036750e+03  2.48e-04 2.26e-07  1.96e-07   134s
 150   1.41036275e+03  1.41036742e+03  2.31e-04 2.21e-07  1.89e-07   135s
 151   1.41036287e+03  1.41036689e+03  2.51e-04 1.83e-07  1.68e-07   135s
 152   1.41036338e+03  1.41036679e+03  2.68e-04 1.76e-07  1.61e-07   136s
 153   1.41036342e+03  1.41036679e+03  2.63e-04 1.76e-07  1.61e-07   137s
 154   1.41036332e+03  1.41036671e+03  2.55e-04 1.70e-07  1.58e-07   139s
 155   1.41036339e+03  1.41036666e+03  2.63e-04 1.66e-07  1.55e-07   139s
 156   1.41036423e+03  1.41036663e+03  2.66e-04 1.64e-07  1.49e-07   140s
 157   1.41036431e+03  1.41036651e+03  2.92e-04 1.56e-07  1.40e-07   141s
 158   1.41036444e+03  1.41036646e+03  2.77e-04 1.53e-07  1.38e-07   141s
 159   1.41036452e+03  1.41036643e+03  2.93e-04 1.51e-07  1.37e-07   142s
 160   1.41036374e+03  1.41036641e+03  2.95e-04 1.49e-07  1.34e-07   143s
 161   1.41036400e+03  1.41036619e+03  2.78e-04 1.33e-07  1.27e-07   144s
 162   1.41036446e+03  1.41036579e+03  2.30e-04 1.04e-07  1.08e-07   145s
 163   1.41036468e+03  1.41036577e+03  2.54e-04 1.03e-07  1.04e-07   146s
 164   1.41036439e+03  1.41036574e+03  2.48e-04 1.00e-07  9.97e-08   147s
 165   1.41036434e+03  1.41036572e+03  2.62e-04 9.93e-08  9.79e-08   148s
 166   1.41036400e+03  1.41036567e+03  2.33e-04 9.56e-08  9.37e-08   149s
 167   1.41036383e+03  1.41036567e+03  2.19e-04 9.53e-08  9.31e-08   149s
 168   1.41036416e+03  1.41036563e+03  2.26e-04 9.27e-08  9.14e-08   150s
 169   1.41036412e+03  1.41036563e+03  2.36e-04 9.26e-08  9.14e-08   151s
 170   1.41036441e+03  1.41036556e+03  2.47e-04 8.85e-08  8.90e-08   152s
 171   1.41036389e+03  1.41036556e+03  2.42e-04 8.83e-08  8.89e-08   152s
 172   1.41036348e+03  1.41036551e+03  2.36e-04 8.47e-08  8.61e-08   153s
 173   1.41036340e+03  1.41036550e+03  2.57e-04 8.41e-08  8.53e-08   154s
 174   1.41036347e+03  1.41036549e+03  2.50e-04 8.34e-08  8.36e-08   154s
 175   1.41036369e+03  1.41036545e+03  2.59e-04 8.01e-08  8.15e-08   155s
 176   1.41036400e+03  1.41036537e+03  2.62e-04 7.49e-08  7.82e-08   157s
 177   1.41036407e+03  1.41036531e+03  2.63e-04 7.22e-08  7.59e-08   157s
 178   1.41036327e+03  1.41036531e+03  2.98e-04 7.17e-08  7.46e-08   158s
 179   1.41036290e+03  1.41036528e+03  2.79e-04 6.95e-08  7.16e-08   159s
 180   1.41036318e+03  1.41036523e+03  2.56e-04 6.64e-08  6.47e-08   160s
 181   1.41036312e+03  1.41036520e+03  2.39e-04 6.46e-08  6.31e-08   160s
 182   1.41036346e+03  1.41036506e+03  2.83e-04 5.45e-08  5.70e-08   162s
 183   1.41036151e+03  1.41036499e+03  4.09e-04 4.96e-08  5.16e-08   162s
 184   1.41036157e+03  1.41036499e+03  4.29e-04 4.96e-08  5.16e-08   163s
 185   1.41036076e+03  1.41036498e+03  3.90e-04 4.91e-08  4.76e-08   164s
 186   1.41036060e+03  1.41036493e+03  3.78e-04 4.54e-08  4.56e-08   166s
 187   1.41036063e+03  1.41036492e+03  4.23e-04 4.49e-08  4.38e-08   166s
 188   1.41035990e+03  1.41036491e+03  4.55e-04 4.47e-08  4.37e-08   167s
 189   1.41035996e+03  1.41036491e+03  4.54e-04 4.46e-08  4.36e-08   168s
 190   1.41035968e+03  1.41036491e+03  4.63e-04 4.45e-08  4.34e-08   169s
 191   1.41036011e+03  1.41036478e+03  3.43e-04 3.44e-08  3.81e-08   171s
 192   1.41035981e+03  1.41036475e+03  3.18e-04 3.24e-08  3.68e-08   172s
 193   1.41035985e+03  1.41036471e+03  2.95e-04 2.99e-08  3.36e-08   173s
 194   1.41036117e+03  1.41036469e+03  2.39e-04 2.85e-08  3.13e-08   174s
 195   1.41036109e+03  1.41036468e+03  2.36e-04 2.85e-08  3.13e-08   174s
 196   1.41036094e+03  1.41036468e+03  2.39e-04 2.83e-08  3.11e-08   175s
 197   1.41036129e+03  1.41036468e+03  2.41e-04 2.82e-08  3.09e-08   176s
 198   1.41036249e+03  1.41036445e+03  3.19e-04 1.44e-08  2.27e-08   178s
 199   1.41035991e+03  1.41036444e+03  2.87e-04 1.26e-08  1.92e-08   179s
 200   1.41035993e+03  1.41036443e+03  3.19e-04 1.21e-08  1.89e-08   180s
 201   1.41035999e+03  1.41036443e+03  3.13e-04 1.20e-08  1.87e-08   180s
 202   1.41036130e+03  1.41036442e+03  2.89e-04 1.14e-08  1.77e-08   181s
 203   1.41036134e+03  1.41036440e+03  2.58e-04 1.05e-08  1.57e-08   182s
 204   1.41036070e+03  1.41036440e+03  2.38e-04 1.02e-08  1.49e-08   182s
 205   1.41036080e+03  1.41036439e+03  2.50e-04 9.97e-09  1.47e-08   183s
 206   1.41036083e+03  1.41036439e+03  2.53e-04 9.86e-09  1.45e-08   184s
 207   1.41036080e+03  1.41036439e+03  2.47e-04 9.75e-09  1.44e-08   185s
 208   1.41036083e+03  1.41036439e+03  2.45e-04 9.75e-09  1.44e-08   186s
 209   1.41036084e+03  1.41036439e+03  2.44e-04 9.75e-09  1.44e-08   187s
 210   1.41036091e+03  1.41036439e+03  2.46e-04 9.45e-09  1.43e-08   188s
 211   1.41036187e+03  1.41036438e+03  2.29e-04 8.95e-09  1.26e-08   189s
 212   1.41036102e+03  1.41036437e+03  2.38e-04 8.51e-09  1.15e-08   190s
 213   1.41036163e+03  1.41036437e+03  2.78e-04 8.46e-09  1.12e-08   191s
 214   1.41036353e+03  1.41036436e+03  2.87e-04 7.73e-09  9.97e-09   192s
 215   1.41036332e+03  1.41036436e+03  2.70e-04 7.67e-09  9.91e-09   193s
 216   1.41036315e+03  1.41036436e+03  2.27e-04 7.55e-09  9.41e-09   194s
 217   1.41036310e+03  1.41036435e+03  2.55e-04 7.30e-09  9.13e-09   195s
 218   1.41036412e+03  1.41036434e+03  2.27e-04 6.54e-09  8.29e-09   195s
 219   1.41036484e+03  1.41036434e+03  2.35e-04 6.54e-09  8.28e-09   196s
 220   1.41036399e+03  1.41036434e+03  2.46e-04 6.36e-09  8.02e-09   196s
 221   1.41036403e+03  1.41036434e+03  2.83e-04 6.35e-09  7.85e-09   197s
 222   1.41036357e+03  1.41036434e+03  3.01e-04 6.11e-09  7.32e-09   197s
 223   1.41036340e+03  1.41036434e+03  3.06e-04 6.11e-09  7.32e-09   198s
 224   1.41036352e+03  1.41036433e+03  2.82e-04 5.86e-09  7.22e-09   199s
 225   1.41036345e+03  1.41036434e+03  2.75e-04 5.57e-09  7.10e-09   200s
 226   1.41036260e+03  1.41036433e+03  3.01e-04 5.55e-09  7.05e-09   201s
 227   1.41036340e+03  1.41036432e+03  2.68e-04 4.88e-09  6.41e-09   202s
 228   1.41036351e+03  1.41036432e+03  2.58e-04 4.82e-09  6.30e-09   203s
 229   1.41036347e+03  1.41036432e+03  2.52e-04 4.76e-09  6.24e-09   205s
 230   1.41036362e+03  1.41036432e+03  2.90e-04 4.59e-09  6.02e-09   206s
 231   1.41036383e+03  1.41036432e+03  3.92e-04 4.53e-09  6.03e-09   207s
 232   1.41036442e+03  1.41036432e+03  7.91e-04 4.51e-09  5.72e-09   207s
 233   1.41036429e+03  1.41036432e+03  7.48e-04 4.35e-09  5.47e-09   208s
 234   1.41036433e+03  1.41036432e+03  7.50e-04 4.35e-09  5.46e-09   209s
 235   1.41036420e+03  1.41036432e+03  7.18e-04 4.20e-09  4.93e-09   210s
 236   1.41036342e+03  1.41036432e+03  6.65e-04 4.05e-09  4.72e-09   211s
 237   1.41036378e+03  1.41036432e+03  6.48e-04 4.05e-09  4.72e-09   212s
 238   1.41036389e+03  1.41036432e+03  6.51e-04 3.93e-09  4.62e-09   213s
 239   1.41036389e+03  1.41036432e+03  6.51e-04 3.93e-09  4.62e-09   214s
 240   1.41036475e+03  1.41036432e+03  6.74e-04 3.93e-09  4.61e-09   215s
 241   1.41036439e+03  1.41036432e+03  6.58e-04 3.86e-09  4.36e-09   216s
 242   1.41036504e+03  1.41036431e+03  7.06e-04 3.56e-09  4.09e-09   218s
 243   1.41036504e+03  1.41036431e+03  7.21e-04 3.47e-09  4.08e-09   219s
 244   1.41036742e+03  1.41036431e+03  8.41e-04 3.32e-09  4.06e-09   221s
 245   1.41036779e+03  1.41036431e+03  8.20e-04 3.29e-09  4.01e-09   223s
 246   1.41036806e+03  1.41036431e+03  6.64e-04 3.14e-09  3.94e-09   224s
 247   1.41036868e+03  1.41036430e+03  6.99e-04 3.12e-09  3.92e-09   225s
 248   1.41036866e+03  1.41036430e+03  6.99e-04 3.12e-09  3.93e-09   227s
 249   1.41036850e+03  1.41036430e+03  6.26e-04 3.00e-09  3.80e-09   228s
 250   1.41036645e+03  1.41036429e+03  5.49e-04 2.61e-09  3.42e-09   230s

Barrier performed 250 iterations in 229.91 seconds (162.00 work units)
Sub-optimal termination - objective 1.41043212e+03

Optimization finished!
Restarting optimization for throughput iteration 1...
Gurobi Optimizer version 10.0.3 build v10.0.3rc0 (linux64)

CPU model: Intel(R) Xeon(R) Gold 6146 CPU @ 3.20GHz, instruction set [SSE2|AVX|AVX2|AVX512]
Thread count: 24 physical cores, 48 logical processors, using up to 24 threads

Optimize a model with 5730 rows, 2726 columns and 15619980 nonzeros
Model fingerprint: 0x15835996
Coefficient statistics:
  Matrix range     [4e-12, 5e-04]
  Objective range  [2e-03, 1e+00]
  Bounds range     [1e+00, 1e+00]
  RHS range        [7e-06, 7e-06]
Presolve removed 0 rows and 0 columns (presolve time = 6s) ...
Presolve time: 7.05s
Presolved: 2726 rows, 8456 columns, 15622706 nonzeros
Ordering time: 0.04s

Barrier statistics:
 AA' NZ     : 3.714e+06
 Factor NZ  : 3.717e+06 (roughly 34 MB of memory)
 Factor Ops : 6.756e+09 (less than 1 second per iteration)
 Threads    : 24

                  Objective                Residual
Iter       Primal          Dual         Primal    Dual     Compl     Time
   0   5.50138654e+03  0.00000000e+00  0.00e+00 0.00e+00  9.58e-01    10s
   1   2.90257614e+03  6.59319556e+02  0.00e+00 1.65e-01  3.52e-01    10s
   2   1.98904744e+03  1.37461472e+03  0.00e+00 4.75e-02  9.33e-02    11s
   3   1.72842959e+03  1.42889022e+03  0.00e+00 2.65e-02  4.52e-02    11s
   4   1.62327901e+03  1.43558691e+03  0.00e+00 2.31e-02  3.21e-02    12s
   5   1.58896785e+03  1.43908157e+03  0.00e+00 2.13e-02  2.78e-02    12s
   6   1.54467255e+03  1.43964614e+03  0.00e+00 2.04e-02  2.41e-02    13s
   7   1.52057446e+03  1.44161742e+03  0.00e+00 1.75e-02  2.08e-02    14s
   8   1.49411056e+03  1.43943174e+03  0.00e+00 1.59e-02  1.89e-02    14s
   9   1.47120885e+03  1.43774292e+03  0.00e+00 1.39e-02  1.66e-02    15s
  10   1.46274585e+03  1.43660793e+03  0.00e+00 1.34e-02  1.58e-02    15s
  11   1.43117540e+03  1.43333166e+03  0.00e+00 1.20e-02  1.37e-02    16s
  12   1.41314516e+03  1.43022086e+03  0.00e+00 1.16e-02  1.29e-02    17s
  13   1.39272976e+03  1.42418714e+03  0.00e+00 1.05e-02  1.14e-02    17s
  14   1.38411474e+03  1.42121627e+03  0.00e+00 1.02e-02  1.10e-02    18s
  15   1.37210893e+03  1.41264848e+03  0.00e+00 9.07e-03  9.77e-03    18s
  16   1.35698457e+03  1.40185956e+03  0.00e+00 7.88e-03  8.34e-03    19s
  17   1.34006667e+03  1.39736977e+03  0.00e+00 7.44e-03  7.39e-03    19s
  18   1.33606038e+03  1.39246966e+03  0.00e+00 7.00e-03  6.98e-03    20s
  19   1.32390516e+03  1.38416180e+03  0.00e+00 6.31e-03  6.13e-03    20s
  20   1.32067832e+03  1.38293750e+03  0.00e+00 6.22e-03  5.97e-03    21s
  21   1.31359412e+03  1.37089566e+03  0.00e+00 5.37e-03  5.15e-03    22s
  22   1.31067607e+03  1.36929167e+03  0.00e+00 5.26e-03  4.98e-03    22s
  23   1.30267732e+03  1.36432694e+03  0.00e+00 4.95e-03  4.46e-03    23s
  24   1.29788797e+03  1.35442695e+03  0.00e+00 4.40e-03  4.02e-03    24s
  25   1.28885272e+03  1.34172369e+03  0.00e+00 3.76e-03  3.43e-03    25s
  26   1.28188431e+03  1.33169131e+03  0.00e+00 3.22e-03  2.81e-03    25s
  27   1.28077465e+03  1.32894451e+03  0.00e+00 3.08e-03  2.70e-03    26s
  28   1.27617172e+03  1.32212729e+03  0.00e+00 2.73e-03  2.31e-03    27s
  29   1.27458408e+03  1.31609792e+03  0.00e+00 2.43e-03  2.07e-03    27s
  30   1.27289971e+03  1.30719102e+03  0.00e+00 2.02e-03  1.80e-03    28s
  31   1.27036770e+03  1.30644195e+03  0.00e+00 1.98e-03  1.64e-03    29s
  32   1.26878414e+03  1.30078511e+03  0.00e+00 1.73e-03  1.43e-03    29s
  33   1.26699869e+03  1.29653128e+03  0.00e+00 1.53e-03  1.22e-03    30s
  34   1.26546683e+03  1.29016771e+03  0.00e+00 1.25e-03  9.96e-04    31s
  35   1.26464142e+03  1.28514056e+03  0.00e+00 1.04e-03  8.43e-04    31s
  36   1.26325720e+03  1.28147395e+03  0.00e+00 8.81e-04  6.75e-04    32s
  37   1.26210927e+03  1.27589902e+03  0.00e+00 6.43e-04  4.65e-04    32s
  38   1.26172974e+03  1.27393929e+03  0.00e+00 5.60e-04  3.95e-04    33s
  39   1.26132831e+03  1.27067335e+03  0.00e+00 4.26e-04  3.01e-04    34s
  40   1.26101311e+03  1.26827245e+03  0.00e+00 3.28e-04  2.28e-04    34s
  41   1.26085774e+03  1.26785303e+03  0.00e+00 3.11e-04  2.08e-04    35s
  42   1.26059875e+03  1.26687329e+03  1.07e-06 2.70e-04  1.68e-04    36s
  43   1.26042181e+03  1.26648373e+03  3.14e-06 2.54e-04  1.54e-04    37s
  44   1.26034426e+03  1.26541336e+03  1.35e-05 2.10e-04  1.27e-04    37s
  45   1.26027079e+03  1.26489630e+03  1.25e-05 1.91e-04  1.17e-04    38s
  46   1.26018395e+03  1.26452334e+03  1.97e-05 1.76e-04  1.05e-04    39s
  47   1.26010340e+03  1.26306827e+03  1.83e-05 1.20e-04  7.21e-05    40s
  48   1.26006500e+03  1.26243368e+03  1.59e-05 9.54e-05  5.82e-05    40s
  49   1.26002016e+03  1.26205040e+03  1.04e-05 8.10e-05  4.88e-05    41s
  50   1.25999237e+03  1.26187365e+03  8.72e-06 7.45e-05  4.39e-05    42s
  51   1.25996745e+03  1.26158087e+03  7.82e-06 6.34e-05  3.68e-05    43s
  52   1.25992660e+03  1.26121661e+03  5.22e-06 4.97e-05  2.72e-05    45s
  53   1.25991294e+03  1.26106239e+03  5.99e-06 4.40e-05  2.34e-05    46s
  54   1.25990700e+03  1.26085167e+03  5.79e-06 3.62e-05  1.96e-05    47s
  55   1.25990135e+03  1.26069698e+03  9.16e-06 3.05e-05  1.67e-05    49s
  56   1.25988400e+03  1.26039822e+03  1.20e-05 1.95e-05  1.03e-05    51s
  57   1.25987178e+03  1.26011524e+03  1.54e-05 9.21e-06  4.76e-06    53s
  58   1.25987174e+03  1.26011213e+03  1.33e-05 9.09e-06  4.71e-06    54s
  59   1.25987162e+03  1.26010850e+03  1.39e-05 8.96e-06  4.64e-06    55s
  60   1.25987135e+03  1.26002839e+03  1.39e-05 5.98e-06  3.20e-06    56s
  61   1.25987124e+03  1.26002437e+03  2.66e-05 5.84e-06  3.13e-06    57s
  62   1.25986989e+03  1.25994551e+03  3.98e-05 2.96e-06  1.79e-06    58s
  63   1.25986969e+03  1.25993942e+03  4.38e-05 2.74e-06  1.67e-06    59s
  64   1.25986967e+03  1.25993943e+03  8.97e-05 2.74e-06  1.67e-06    60s
  65   1.25987045e+03  1.25990874e+03  1.27e-04 1.65e-06  1.30e-06    61s
  66   1.25987058e+03  1.25990348e+03  1.27e-04 1.45e-06  9.76e-07    62s
  67   1.25987220e+03  1.25989976e+03  2.09e-04 1.31e-06  8.58e-07    63s
  68   1.25987126e+03  1.25989507e+03  2.57e-04 1.14e-06  7.34e-07    64s
  69   1.25987019e+03  1.25988888e+03  2.45e-04 9.10e-07  5.71e-07    64s
  70   1.25987019e+03  1.25988502e+03  2.42e-04 7.68e-07  5.06e-07    65s
  71   1.25986998e+03  1.25988407e+03  2.04e-04 7.33e-07  4.84e-07    66s
  72   1.25986928e+03  1.25988376e+03  2.13e-04 7.21e-07  4.66e-07    67s
  73   1.25986848e+03  1.25988232e+03  2.27e-04 6.67e-07  4.37e-07    68s
  74   1.25986778e+03  1.25987996e+03  3.88e-04 5.79e-07  3.78e-07    69s
  75   1.25986795e+03  1.25987969e+03  3.38e-04 5.70e-07  3.69e-07    70s
  76   1.25986772e+03  1.25987969e+03  3.55e-04 5.70e-07  3.69e-07    71s
  77   1.25986761e+03  1.25987918e+03  3.46e-04 5.50e-07  3.61e-07    72s
  78   1.25986781e+03  1.25987849e+03  3.16e-04 5.24e-07  3.41e-07    73s
  79   1.25986789e+03  1.25987841e+03  3.11e-04 5.22e-07  3.33e-07    74s
  80   1.25986780e+03  1.25987769e+03  3.07e-04 4.95e-07  3.21e-07    75s
  81   1.25986761e+03  1.25987576e+03  2.91e-04 4.23e-07  2.88e-07    76s
  82   1.25986733e+03  1.25987330e+03  3.36e-04 3.32e-07  2.45e-07    77s
  83   1.25986756e+03  1.25987328e+03  2.69e-04 3.31e-07  2.44e-07    78s
  84   1.25986752e+03  1.25987286e+03  2.52e-04 3.16e-07  2.30e-07    79s
  85   1.25986726e+03  1.25987264e+03  2.00e-04 3.08e-07  2.20e-07    80s
  86   1.25986716e+03  1.25987254e+03  2.14e-04 3.04e-07  2.19e-07    81s
  87   1.25986695e+03  1.25987227e+03  2.08e-04 2.94e-07  2.13e-07    82s
  88   1.25986642e+03  1.25987206e+03  2.32e-04 2.86e-07  2.09e-07    83s
  89   1.25986486e+03  1.25987146e+03  2.34e-04 2.64e-07  1.89e-07    85s
  90   1.25986497e+03  1.25987140e+03  2.31e-04 2.62e-07  1.88e-07    86s
  91   1.25986415e+03  1.25987107e+03  2.14e-04 2.49e-07  1.76e-07    86s
  92   1.25986421e+03  1.25987092e+03  2.62e-04 2.44e-07  1.69e-07    87s
  93   1.25986469e+03  1.25987084e+03  2.19e-04 2.41e-07  1.66e-07    88s
  94   1.25986509e+03  1.25987054e+03  1.95e-04 2.30e-07  1.56e-07    89s
  95   1.25986399e+03  1.25986996e+03  2.37e-04 2.09e-07  1.37e-07    89s
  96   1.25986414e+03  1.25986970e+03  2.29e-04 1.99e-07  1.34e-07    90s
  97   1.25986425e+03  1.25986960e+03  2.26e-04 1.95e-07  1.31e-07    91s
  98   1.25986383e+03  1.25986957e+03  2.23e-04 1.95e-07  1.30e-07    92s
  99   1.25986349e+03  1.25986931e+03  2.07e-04 1.85e-07  1.23e-07    93s
 100   1.25986346e+03  1.25986921e+03  2.09e-04 1.81e-07  1.20e-07    94s
 101   1.25986354e+03  1.25986915e+03  2.07e-04 1.79e-07  1.18e-07    95s
 102   1.25986309e+03  1.25986914e+03  2.13e-04 1.79e-07  1.17e-07    95s
 103   1.25986305e+03  1.25986911e+03  2.09e-04 1.77e-07  1.15e-07    96s
 104   1.25986283e+03  1.25986880e+03  2.65e-04 1.66e-07  1.04e-07    97s
 105   1.25986287e+03  1.25986879e+03  2.64e-04 1.66e-07  1.04e-07    98s
 106   1.25986071e+03  1.25986862e+03  3.47e-04 1.59e-07  9.07e-08   101s
 107   1.25986098e+03  1.25986816e+03  3.03e-04 1.42e-07  7.94e-08   103s
 108   1.25986133e+03  1.25986747e+03  2.91e-04 1.17e-07  6.87e-08   107s
 109   1.25986152e+03  1.25986730e+03  2.61e-04 1.11e-07  6.49e-08   110s
 110   1.25986158e+03  1.25986725e+03  2.67e-04 1.09e-07  6.38e-08   115s
 111   1.25986235e+03  1.25986706e+03  2.47e-04 1.02e-07  5.99e-08   120s
 112   1.25986228e+03  1.25986682e+03  2.40e-04 9.31e-08  5.63e-08   125s
 113   1.25986224e+03  1.25986680e+03  2.45e-04 9.22e-08  5.57e-08   128s
 114   1.25986239e+03  1.25986654e+03  2.44e-04 8.25e-08  5.06e-08   133s
 115   1.25986222e+03  1.25986647e+03  2.40e-04 8.01e-08  4.96e-08   138s
 116   1.25986172e+03  1.25986638e+03  2.35e-04 7.65e-08  4.76e-08   140s
 117   1.25986162e+03  1.25986632e+03  2.12e-04 7.41e-08  4.57e-08   143s
 118   1.25986169e+03  1.25986631e+03  2.07e-04 7.40e-08  4.56e-08   146s
 119   1.25986195e+03  1.25986616e+03  2.12e-04 6.89e-08  4.37e-08   149s
 120   1.25986196e+03  1.25986581e+03  1.97e-04 5.59e-08  3.73e-08   151s
 121   1.25986175e+03  1.25986581e+03  1.87e-04 5.58e-08  3.70e-08   155s
 122   1.25986247e+03  1.25986580e+03  2.36e-04 5.57e-08  3.69e-08   157s
 123   1.25986306e+03  1.25986573e+03  2.63e-04 5.30e-08  3.35e-08   160s
 124   1.25986323e+03  1.25986571e+03  2.45e-04 5.23e-08  3.29e-08   168s
 125   1.25986447e+03  1.25986550e+03  2.31e-04 4.50e-08  2.89e-08   172s
 126   1.25986441e+03  1.25986543e+03  2.31e-04 4.22e-08  2.72e-08   180s
 127   1.25986433e+03  1.25986543e+03  2.28e-04 4.22e-08  2.72e-08   185s
 128   1.25986502e+03  1.25986542e+03  3.59e-04 4.19e-08  2.72e-08   194s
 129   1.25986265e+03  1.25986533e+03  3.67e-04 3.86e-08  2.36e-08   199s
 130   1.25986283e+03  1.25986516e+03  3.81e-04 3.25e-08  2.02e-08   206s
 131   1.25986396e+03  1.25986508e+03  3.39e-04 2.98e-08  1.86e-08   211s
 132   1.25986363e+03  1.25986502e+03  2.98e-04 2.76e-08  1.69e-08   214s
 133   1.25986368e+03  1.25986502e+03  2.96e-04 2.74e-08  1.68e-08   215s
 134   1.25986369e+03  1.25986494e+03  2.84e-04 2.45e-08  1.54e-08   216s
 135   1.25986354e+03  1.25986488e+03  2.65e-04 2.23e-08  1.42e-08   217s
 136   1.25986356e+03  1.25986486e+03  2.55e-04 2.19e-08  1.40e-08   218s
 137   1.25986400e+03  1.25986482e+03  2.61e-04 2.03e-08  1.31e-08   219s
 138   1.25986446e+03  1.25986482e+03  2.70e-04 2.03e-08  1.31e-08   220s
 139   1.25986453e+03  1.25986482e+03  2.68e-04 2.03e-08  1.31e-08   221s
 140   1.25986443e+03  1.25986482e+03  2.65e-04 2.03e-08  1.31e-08   222s
 141   1.25986556e+03  1.25986481e+03  2.54e-04 2.01e-08  1.28e-08   223s
 142   1.25986555e+03  1.25986481e+03  2.55e-04 2.00e-08  1.28e-08   224s
 143   1.25986567e+03  1.25986478e+03  2.38e-04 1.90e-08  1.23e-08   225s
 144   1.25986575e+03  1.25986478e+03  2.27e-04 1.90e-08  1.23e-08   226s
 145   1.25986563e+03  1.25986476e+03  2.45e-04 1.83e-08  1.19e-08   227s
 146   1.25986586e+03  1.25986471e+03  2.48e-04 1.66e-08  9.73e-09   229s
 147   1.25986597e+03  1.25986471e+03  2.45e-04 1.66e-08  9.72e-09   230s
 148   1.25986610e+03  1.25986471e+03  2.68e-04 1.65e-08  9.60e-09   231s
 149   1.25986608e+03  1.25986471e+03  2.68e-04 1.65e-08  9.55e-09   232s
 150   1.25986626e+03  1.25986471e+03  2.76e-04 1.65e-08  9.55e-09   233s
 151   1.25986666e+03  1.25986465e+03  2.50e-04 1.42e-08  8.60e-09   234s
 152   1.25986658e+03  1.25986465e+03  2.48e-04 1.41e-08  8.54e-09   235s
 153   1.25987121e+03  1.25986458e+03  3.18e-04 1.17e-08  6.11e-09   237s
 154   1.25987065e+03  1.25986456e+03  3.01e-04 1.09e-08  5.76e-09   238s
 155   1.25987046e+03  1.25986455e+03  3.15e-04 1.03e-08  5.48e-09   239s
 156   1.25987052e+03  1.25986453e+03  2.67e-04 9.49e-09  4.91e-09   241s
 157   1.25987037e+03  1.25986453e+03  2.44e-04 9.46e-09  4.88e-09   242s
 158   1.25987056e+03  1.25986453e+03  2.44e-04 9.46e-09  4.87e-09   243s
 159   1.25987056e+03  1.25986453e+03  2.39e-04 9.43e-09  4.85e-09   244s
 160   1.25987047e+03  1.25986453e+03  2.33e-04 9.40e-09  4.84e-09   245s
 161   1.25986761e+03  1.25986452e+03  3.31e-04 9.27e-09  4.74e-09   246s
 162   1.25986762e+03  1.25986452e+03  3.31e-04 9.21e-09  4.72e-09   247s
 163   1.25986748e+03  1.25986449e+03  5.84e-04 8.49e-09  4.29e-09   248s
 164   1.25986688e+03  1.25986449e+03  5.81e-04 8.47e-09  4.30e-09   249s
 165   1.25986708e+03  1.25986448e+03  6.09e-04 8.26e-09  4.21e-09   250s
 166   1.25986661e+03  1.25986448e+03  5.75e-04 8.11e-09  4.02e-09   252s
 167   1.25986649e+03  1.25986446e+03  4.60e-04 7.23e-09  3.48e-09   257s
 168   1.25986700e+03  1.25986445e+03  4.96e-04 6.89e-09  3.25e-09   261s
 169   1.25986757e+03  1.25986443e+03  4.72e-04 6.57e-09  3.12e-09   264s
 170   1.25986751e+03  1.25986441e+03  4.69e-04 5.83e-09  2.89e-09   266s
 171   1.25986778e+03  1.25986441e+03  4.45e-04 5.67e-09  2.81e-09   268s
 172   1.25986797e+03  1.25986440e+03  4.57e-04 5.49e-09  2.73e-09   270s
 173   1.25986740e+03  1.25986440e+03  4.14e-04 5.49e-09  2.71e-09   273s
 174   1.25986752e+03  1.25986440e+03  4.09e-04 5.44e-09  2.68e-09   277s
 175   1.25986724e+03  1.25986442e+03  4.08e-04 5.43e-09  2.72e-09   279s
 176   1.25986735e+03  1.25986441e+03  4.01e-04 5.25e-09  2.64e-09   282s
 177   1.25986738e+03  1.25986441e+03  3.99e-04 5.25e-09  2.64e-09   283s
 178   1.25986715e+03  1.25986441e+03  3.26e-04 5.24e-09  2.56e-09   285s
 179   1.25986721e+03  1.25986441e+03  3.25e-04 5.23e-09  2.55e-09   287s
 180   1.25986716e+03  1.25986441e+03  3.17e-04 5.22e-09  2.53e-09   289s
 181   1.25986716e+03  1.25986440e+03  3.10e-04 4.66e-09  2.33e-09   290s
 182   1.25986718e+03  1.25986440e+03  3.11e-04 4.66e-09  2.33e-09   293s
 183   1.25986725e+03  1.25986440e+03  3.28e-04 4.66e-09  2.34e-09   295s
 184   1.25986727e+03  1.25986439e+03  3.25e-04 4.64e-09  2.33e-09   299s
 185   1.25986693e+03  1.25986439e+03  4.47e-04 4.55e-09  2.27e-09   303s
 186   1.25986705e+03  1.25986438e+03  4.49e-04 4.50e-09  2.25e-09   307s
 187   1.25986682e+03  1.25986438e+03  4.07e-04 4.32e-09  2.20e-09   310s
 188   1.25986695e+03  1.25986438e+03  4.08e-04 4.31e-09  2.20e-09   313s
 189   1.25986687e+03  1.25986438e+03  4.07e-04 4.26e-09  2.18e-09   315s
 190   1.25986685e+03  1.25986437e+03  4.05e-04 4.19e-09  2.15e-09   319s
 191   1.25986777e+03  1.25986437e+03  4.05e-04 4.19e-09  2.15e-09   322s

Barrier performed 191 iterations in 322.27 seconds (126.10 work units)
Sub-optimal termination - objective 1.25986989e+03

/user/bnickson/GitHub/LUVex_TelAps/aplc_optimization/surveys/usort_offaxis_survey_N0128_telserv3/FPM39_IWA38/drivers/01_USORT_N128_FPM390M0150_IWA0380_OWA01400_C10_BW15_Nlam5_LS_IDc_ID0_OD_OD0_ls_90_ovsamp16_.py:102: DeprecationWarning: circular_aperture is deprecated. Its new name is make_circular_aperture.
  dark_zone_mask = circular_aperture(img_owa * 2)(focal_grid) - circular_aperture(img_iwa * 2)(focal_grid)
/user/bnickson/GitHub/LUVex_TelAps/aplc_optimization/surveys/usort_offaxis_survey_N0128_telserv3/FPM39_IWA38/drivers/01_USORT_N128_FPM390M0150_IWA0380_OWA01400_C10_BW15_Nlam5_LS_IDc_ID0_OD_OD0_ls_90_ovsamp16_.py:110: DeprecationWarning: circular_aperture is deprecated. Its new name is make_circular_aperture.
  focal_plane_mask = 1 - evaluate_supersampled(circular_aperture(2 * fpm_radius), focal_mask_grid, 8)
WARNING: VerifyWarning: Keyword name 'LS_ALIGN_TOl' is greater than 8 characters or contains characters not allowed by the FITS standard; a HIERARCH card will be created. [astropy.io.fits.card]
WARNING: VerifyWarning: Keyword name 'LS_NUM_STOPS' is greater than 8 characters or contains characters not allowed by the FITS standard; a HIERARCH card will be created. [astropy.io.fits.card]
WARNING: VerifyWarning: Keyword name 'PROG_START' is greater than 8 characters or contains characters not allowed by the FITS standard; a HIERARCH card will be created. [astropy.io.fits.card]
WARNING: VerifyWarning: Keyword name 'PROG_EDGE' is greater than 8 characters or contains characters not allowed by the FITS standard; a HIERARCH card will be created. [astropy.io.fits.card]
WARNING: VerifyWarning: Keyword name 'THRPT_ITER' is greater than 8 characters or contains characters not allowed by the FITS standard; a HIERARCH card will be created. [astropy.io.fits.card]
WARNING: VerifyWarning: Keyword name 'THRPT_ESTIM' is greater than 8 characters or contains characters not allowed by the FITS standard; a HIERARCH card will be created. [astropy.io.fits.card]
WARNING: VerifyWarning: Keyword name 'MAX_THRPT' is greater than 8 characters or contains characters not allowed by the FITS standard; a HIERARCH card will be created. [astropy.io.fits.card]
WARNING: VerifyWarning: Keyword name 'SLV_THRDS' is greater than 8 characters or contains characters not allowed by the FITS standard; a HIERARCH card will be created. [astropy.io.fits.card]
WARNING: VerifyWarning: Keyword name 'SLV_XOVER' is greater than 8 characters or contains characters not allowed by the FITS standard; a HIERARCH card will be created. [astropy.io.fits.card]
Optimization finished!
