Optimizer called with the following parameters:
{'focal_plane_mask': {'field_stop_radius': None,
                      'grayscale': True,
                      'num_pix': 150,
                      'radius': 3.5},
 'image': {'bandwidth': 0.15,
           'contrast': 10,
           'iwa': 3.4,
           'num_wavelengths': 5,
           'owa': 14.0,
           'resolution': 2},
 'instrument': {'inst_name': 'USORT'},
 'lyot_stop': {'alignment_tolerance': 1,
               'filename': 'USORT/LS_USORT_circ_ID0000_OD0990_ovsamp16_N0512.fits',
               'num_lyot_stops': 9},
 'method': {'edge_width_for_prior': 2,
            'ending_scale': 1,
            'force_no_hermitian_symmetry': False,
            'force_no_x_mirror_symmetry': False,
            'force_no_y_mirror_symmetry': False,
            'initial_throughput_estimate': 1,
            'maximize_planet_throughput': True,
            'num_throughput_iterations': 2,
            'starting_scale': 1},
 'pupil': {'N': 512,
           'filename': 'USORT/TelAp_USORT_offaxis_ovsamp16_N0512.fits'},
 'solver': {'crossover': 0,
            'method': 2,
            'num_threads': 0}}

File organization:
{'analysis_dir': '/user/bnickson/GitHub/LUVex_TelAps/aplc_optimization/surveys/usort_offaxis_survey_N0512_telserv3/FPM35_IWA34/analysis',
 'drivers_dir': '/user/bnickson/GitHub/LUVex_TelAps/aplc_optimization/surveys/usort_offaxis_survey_N0512_telserv3/FPM35_IWA34/drivers',
 'input_files_dir': '/user/bnickson/GitHub/LUVex_TelAps/aplc_optimization/masks',
 'log_dir': '/user/bnickson/GitHub/LUVex_TelAps/aplc_optimization/surveys/usort_offaxis_survey_N0512_telserv3/FPM35_IWA34/logs',
 'solution_dir': '/user/bnickson/GitHub/LUVex_TelAps/aplc_optimization/surveys/usort_offaxis_survey_N0512_telserv3/FPM35_IWA34/solutions',
 'survey_dir': '/user/bnickson/GitHub/LUVex_TelAps/aplc_optimization/surveys/usort_offaxis_survey_N0512_telserv3/FPM35_IWA34'}

Telescope pupil:
   Mirror symmetry in x: yes
   Mirror symmetry in y: yes

Lyot stop #0:
   Mirror symmetry in x: yes
Lyot stop #1:
   Mirror symmetry in x: no
   Searching for mirror symmetric Lyot stops in x...
      Found Lyot stop #2 to fit.
Lyot stop #2:
   Will be ignored due to symmetries with Lyot stops #[1]
Lyot stop #3:
   Mirror symmetry in x: yes
Lyot stop #4:
   Mirror symmetry in x: yes
Lyot stop #5:
   Mirror symmetry in x: no
   Searching for mirror symmetric Lyot stops in x...
      Found Lyot stop #7 to fit.
Lyot stop #6:
   Mirror symmetry in x: no
   Searching for mirror symmetric Lyot stops in x...
      Found Lyot stop #8 to fit.
Lyot stop #7:
   Will be ignored due to symmetries with Lyot stops #[5]
Lyot stop #8:
   Will be ignored due to symmetries with Lyot stops #[6]
Lyot stop #0:
   Mirror symmetry in y: yes
Lyot stop #1:
   Mirror symmetry in y: yes
Lyot stop #2:
   Will be ignored due to symmetries with Lyot stops #[1]
Lyot stop #3:
   Mirror symmetry in y: no
   Searching for mirror symmetric Lyot stops in y...
      Found Lyot stop #4 to fit.
Lyot stop #4:
   Will be ignored due to symmetries with Lyot stops #[3]
Lyot stop #5:
   Mirror symmetry in y: no
   Searching for mirror symmetric Lyot stops in y...
      Found Lyot stop #6 to fit.
Lyot stop #6:
   Will be ignored due to symmetries with Lyot stops #[5]
Lyot stop #7:
   Will be ignored due to symmetries with Lyot stops #[5]
Lyot stop #8:
   Will be ignored due to symmetries with Lyot stops #[6]

Complete APLC:
   Mirror symmetry in x: yes
   Mirror symmetry in y: yes

Starting optimization at scale 1 with 42875 variables and 26145 constraints.
Creating model...
Set parameter Username
Academic license - for non-commercial use only - expires 2024-10-25
Set parameter Crossover to value 0
Set parameter Method to value 2
Calculating and adding constraints...
Wavelength 1/5; Variable 1000/42875
Wavelength 1/5; Variable 2000/42875
Wavelength 1/5; Variable 3000/42875
Wavelength 1/5; Variable 4000/42875
Wavelength 1/5; Variable 5000/42875
Wavelength 1/5; Variable 6000/42875
Wavelength 1/5; Variable 7000/42875
Wavelength 1/5; Variable 8000/42875
Wavelength 1/5; Variable 9000/42875
Wavelength 1/5; Variable 10000/42875
Wavelength 1/5; Variable 11000/42875
Wavelength 1/5; Variable 12000/42875
Wavelength 1/5; Variable 13000/42875
Wavelength 1/5; Variable 14000/42875
Wavelength 1/5; Variable 15000/42875
Wavelength 1/5; Variable 16000/42875
Wavelength 1/5; Variable 17000/42875
Wavelength 1/5; Variable 18000/42875
Wavelength 1/5; Variable 19000/42875
Wavelength 1/5; Variable 20000/42875
Wavelength 1/5; Variable 21000/42875
Wavelength 1/5; Variable 22000/42875
Wavelength 1/5; Variable 23000/42875
Wavelength 1/5; Variable 24000/42875
Wavelength 1/5; Variable 25000/42875
Wavelength 1/5; Variable 26000/42875
Wavelength 1/5; Variable 27000/42875
Wavelength 1/5; Variable 28000/42875
Wavelength 1/5; Variable 29000/42875
Wavelength 1/5; Variable 30000/42875
Wavelength 1/5; Variable 31000/42875
Wavelength 1/5; Variable 32000/42875
Wavelength 1/5; Variable 33000/42875
Wavelength 1/5; Variable 34000/42875
Wavelength 1/5; Variable 35000/42875
Wavelength 1/5; Variable 36000/42875
Wavelength 1/5; Variable 37000/42875
Wavelength 1/5; Variable 38000/42875
Wavelength 1/5; Variable 39000/42875
Wavelength 1/5; Variable 40000/42875
Wavelength 1/5; Variable 41000/42875
Wavelength 1/5; Variable 42000/42875
Warning for adding constraints: zero or small (< 1e-13) coefficients, ignored
Wavelength 2/5; Variable 1000/42875
Wavelength 2/5; Variable 2000/42875
Wavelength 2/5; Variable 3000/42875
Wavelength 2/5; Variable 4000/42875
Wavelength 2/5; Variable 5000/42875
Wavelength 2/5; Variable 6000/42875
Wavelength 2/5; Variable 7000/42875
Wavelength 2/5; Variable 8000/42875
Wavelength 2/5; Variable 9000/42875
Wavelength 2/5; Variable 10000/42875
Wavelength 2/5; Variable 11000/42875
Wavelength 2/5; Variable 12000/42875
Wavelength 2/5; Variable 13000/42875
Wavelength 2/5; Variable 14000/42875
Wavelength 2/5; Variable 15000/42875
Wavelength 2/5; Variable 16000/42875
Wavelength 2/5; Variable 17000/42875
Wavelength 2/5; Variable 18000/42875
Wavelength 2/5; Variable 19000/42875
Wavelength 2/5; Variable 20000/42875
Wavelength 2/5; Variable 21000/42875
Wavelength 2/5; Variable 22000/42875
Wavelength 2/5; Variable 23000/42875
Wavelength 2/5; Variable 24000/42875
Wavelength 2/5; Variable 25000/42875
Wavelength 2/5; Variable 26000/42875
Wavelength 2/5; Variable 27000/42875
Wavelength 2/5; Variable 28000/42875
Wavelength 2/5; Variable 29000/42875
Wavelength 2/5; Variable 30000/42875
Wavelength 2/5; Variable 31000/42875
Wavelength 2/5; Variable 32000/42875
Wavelength 2/5; Variable 33000/42875
Wavelength 2/5; Variable 34000/42875
Wavelength 2/5; Variable 35000/42875
Wavelength 2/5; Variable 36000/42875
Wavelength 2/5; Variable 37000/42875
Wavelength 2/5; Variable 38000/42875
Wavelength 2/5; Variable 39000/42875
Wavelength 2/5; Variable 40000/42875
Wavelength 2/5; Variable 41000/42875
Wavelength 2/5; Variable 42000/42875
Wavelength 3/5; Variable 1000/42875
Wavelength 3/5; Variable 2000/42875
Wavelength 3/5; Variable 3000/42875
Wavelength 3/5; Variable 4000/42875
Wavelength 3/5; Variable 5000/42875
Wavelength 3/5; Variable 6000/42875
Wavelength 3/5; Variable 7000/42875
Wavelength 3/5; Variable 8000/42875
Wavelength 3/5; Variable 9000/42875
Wavelength 3/5; Variable 10000/42875
Wavelength 3/5; Variable 11000/42875
Wavelength 3/5; Variable 12000/42875
Wavelength 3/5; Variable 13000/42875
Wavelength 3/5; Variable 14000/42875
Wavelength 3/5; Variable 15000/42875
Wavelength 3/5; Variable 16000/42875
Wavelength 3/5; Variable 17000/42875
Wavelength 3/5; Variable 18000/42875
Wavelength 3/5; Variable 19000/42875
Wavelength 3/5; Variable 20000/42875
Wavelength 3/5; Variable 21000/42875
Wavelength 3/5; Variable 22000/42875
Wavelength 3/5; Variable 23000/42875
Wavelength 3/5; Variable 24000/42875
Wavelength 3/5; Variable 25000/42875
Wavelength 3/5; Variable 26000/42875
Wavelength 3/5; Variable 27000/42875
Wavelength 3/5; Variable 28000/42875
Wavelength 3/5; Variable 29000/42875
Wavelength 3/5; Variable 30000/42875
Wavelength 3/5; Variable 31000/42875
Wavelength 3/5; Variable 32000/42875
Wavelength 3/5; Variable 33000/42875
Wavelength 3/5; Variable 34000/42875
Wavelength 3/5; Variable 35000/42875
Wavelength 3/5; Variable 36000/42875
Wavelength 3/5; Variable 37000/42875
Wavelength 3/5; Variable 38000/42875
Wavelength 3/5; Variable 39000/42875
Wavelength 3/5; Variable 40000/42875
Wavelength 3/5; Variable 41000/42875
Wavelength 3/5; Variable 42000/42875
Wavelength 4/5; Variable 1000/42875
Wavelength 4/5; Variable 2000/42875
Wavelength 4/5; Variable 3000/42875
Wavelength 4/5; Variable 4000/42875
Wavelength 4/5; Variable 5000/42875
Wavelength 4/5; Variable 6000/42875
Wavelength 4/5; Variable 7000/42875
Wavelength 4/5; Variable 8000/42875
Wavelength 4/5; Variable 9000/42875
Wavelength 4/5; Variable 10000/42875
Wavelength 4/5; Variable 11000/42875
Wavelength 4/5; Variable 12000/42875
Wavelength 4/5; Variable 13000/42875
Wavelength 4/5; Variable 14000/42875
Wavelength 4/5; Variable 15000/42875
Wavelength 4/5; Variable 16000/42875
Wavelength 4/5; Variable 17000/42875
Wavelength 4/5; Variable 18000/42875
Wavelength 4/5; Variable 19000/42875
Wavelength 4/5; Variable 20000/42875
Wavelength 4/5; Variable 21000/42875
Wavelength 4/5; Variable 22000/42875
Wavelength 4/5; Variable 23000/42875
Wavelength 4/5; Variable 24000/42875
Wavelength 4/5; Variable 25000/42875
Wavelength 4/5; Variable 26000/42875
Wavelength 4/5; Variable 27000/42875
Wavelength 4/5; Variable 28000/42875
Wavelength 4/5; Variable 29000/42875
Wavelength 4/5; Variable 30000/42875
Wavelength 4/5; Variable 31000/42875
Wavelength 4/5; Variable 32000/42875
Wavelength 4/5; Variable 33000/42875
Wavelength 4/5; Variable 34000/42875
Wavelength 4/5; Variable 35000/42875
Wavelength 4/5; Variable 36000/42875
Wavelength 4/5; Variable 37000/42875
Wavelength 4/5; Variable 38000/42875
Wavelength 4/5; Variable 39000/42875
Wavelength 4/5; Variable 40000/42875
Wavelength 4/5; Variable 41000/42875
Wavelength 4/5; Variable 42000/42875
Wavelength 5/5; Variable 1000/42875
Wavelength 5/5; Variable 2000/42875
Wavelength 5/5; Variable 3000/42875
Wavelength 5/5; Variable 4000/42875
Wavelength 5/5; Variable 5000/42875
Wavelength 5/5; Variable 6000/42875
Wavelength 5/5; Variable 7000/42875
Wavelength 5/5; Variable 8000/42875
Wavelength 5/5; Variable 9000/42875
Wavelength 5/5; Variable 10000/42875
Wavelength 5/5; Variable 11000/42875
Wavelength 5/5; Variable 12000/42875
Wavelength 5/5; Variable 13000/42875
Wavelength 5/5; Variable 14000/42875
Wavelength 5/5; Variable 15000/42875
Wavelength 5/5; Variable 16000/42875
Wavelength 5/5; Variable 17000/42875
Wavelength 5/5; Variable 18000/42875
Wavelength 5/5; Variable 19000/42875
Wavelength 5/5; Variable 20000/42875
Wavelength 5/5; Variable 21000/42875
Wavelength 5/5; Variable 22000/42875
Wavelength 5/5; Variable 23000/42875
Wavelength 5/5; Variable 24000/42875
Wavelength 5/5; Variable 25000/42875
Wavelength 5/5; Variable 26000/42875
Wavelength 5/5; Variable 27000/42875
Wavelength 5/5; Variable 28000/42875
Wavelength 5/5; Variable 29000/42875
Wavelength 5/5; Variable 30000/42875
Wavelength 5/5; Variable 31000/42875
Wavelength 5/5; Variable 32000/42875
Wavelength 5/5; Variable 33000/42875
Wavelength 5/5; Variable 34000/42875
Wavelength 5/5; Variable 35000/42875
Wavelength 5/5; Variable 36000/42875
Wavelength 5/5; Variable 37000/42875
Wavelength 5/5; Variable 38000/42875
Wavelength 5/5; Variable 39000/42875
Wavelength 5/5; Variable 40000/42875
Wavelength 5/5; Variable 41000/42875
Wavelength 5/5; Variable 42000/42875
Start optimization...
Gurobi Optimizer version 10.0.3 build v10.0.3rc0 (linux64)

CPU model: Intel(R) Xeon(R) Gold 6146 CPU @ 3.20GHz, instruction set [SSE2|AVX|AVX2|AVX512]
Thread count: 24 physical cores, 48 logical processors, using up to 24 threads

Optimize a model with 52290 rows, 42875 columns and 2241933460 nonzeros
Model fingerprint: 0xe1898a5f
Coefficient statistics:
  Matrix range     [1e-13, 3e-05]
  Objective range  [4e-03, 1e+00]
  Bounds range     [1e+00, 1e+00]
  RHS range        [1e-05, 1e-05]
Presolve removed 0 rows and 0 columns (presolve time = 179s) ...
Presolve removed 0 rows and 0 columns (presolve time = 226s) ...
Presolve removed 0 rows and 0 columns (presolve time = 230s) ...
Presolve removed 0 rows and 0 columns (presolve time = 236s) ...
Presolve removed 0 rows and 0 columns (presolve time = 241s) ...
Presolve removed 0 rows and 0 columns (presolve time = 246s) ...
Presolve removed 0 rows and 0 columns (presolve time = 251s) ...
Presolve removed 0 rows and 0 columns (presolve time = 375s) ...
Presolve removed 0 rows and 0 columns (presolve time = 1378s) ...
Presolve removed 0 rows and 0 columns (presolve time = 1704s) ...
Presolve removed 0 rows and 0 columns (presolve time = 1717s) ...
Presolve removed 0 rows and 0 columns (presolve time = 1732s) ...
Presolve removed 0 rows and 0 columns (presolve time = 1750s) ...
Presolve removed 0 rows and 0 columns (presolve time = 1758s) ...
Presolve removed 0 rows and 0 columns (presolve time = 1762s) ...
Presolve removed 10000 rows and 0 columns (presolve time = 1768s) ...
Presolve removed 20000 rows and 0 columns (presolve time = 1773s) ...
Presolve removed 26145 rows and 0 columns (presolve time = 1777s) ...
Presolve removed 26145 rows and 0 columns
Presolve time: 1809.55s
Presolved: 26145 rows, 69020 columns, 1120992680 nonzeros
Error: invalid user locale; possible fix is to set the system environment
       variable 'LC_ALL' to a valid locale (e.g., to 'C')
Ordering time: 3.47s

Barrier statistics:
 AA' NZ     : 3.418e+08
 Factor NZ  : 3.418e+08 (roughly 3.0 GB of memory)
 Factor Ops : 5.958e+12 (roughly 35 seconds per iteration)
 Threads    : 24

                  Objective                Residual
Iter       Primal          Dual         Primal    Dual     Compl     Time
   0   1.01806253e+08  8.97791530e+04  2.44e+02 0.00e+00  3.78e+03  2353s
   1   7.81285577e+04  8.97532570e+04  1.37e-01 5.82e-11  2.61e+00  2577s
   2   4.36543797e+04  6.29077204e+04  5.35e-02 8.51e-08  9.04e-01  2791s
   3   3.18683463e+04  4.22015151e+04  2.61e-02 1.82e-07  3.61e-01  3018s
   4   2.32670766e+04  2.79526697e+04  9.17e-03 4.52e-07  1.13e-01  3240s
   5   2.05655469e+04  2.23314320e+04  4.65e-03 5.68e-07  4.86e-02  3467s
   6   1.91467050e+04  2.01248182e+04  2.44e-03 6.91e-07  2.51e-02  3681s
   7   1.83925502e+04  1.89221324e+04  1.35e-03 7.75e-07  1.36e-02  3887s
   8   1.79685825e+04  1.84242856e+04  7.66e-04 8.60e-07  8.85e-03  4118s
   9   1.77641547e+04  1.79874889e+04  4.93e-04 9.46e-07  5.18e-03  4349s
  10   1.76693519e+04  1.78332957e+04  3.68e-04 8.60e-07  3.85e-03  4566s
  11   1.75663926e+04  1.76269462e+04  2.28e-04 1.18e-06  2.09e-03  4814s
  12   1.74862869e+04  1.75085820e+04  1.18e-04 1.06e-06  1.02e-03  5060s
  13   1.74525957e+04  1.74500594e+04  7.20e-05 1.15e-06  5.04e-04  5294s
  14   1.74349489e+04  1.74293340e+04  4.66e-05 1.08e-06  2.98e-04  5510s
  15   1.74249560e+04  1.74187481e+04  3.14e-05 9.40e-07  1.83e-04  5745s
  16   1.74159142e+04  1.74137427e+04  1.79e-05 1.00e-06  1.14e-04  5973s
  17   1.74132558e+04  1.74095233e+04  1.32e-05 1.17e-06  6.90e-05  6224s
  18   1.74112588e+04  1.74078479e+04  1.01e-05 1.04e-06  4.87e-05  6448s
  19   1.74100248e+04  1.74064896e+04  8.01e-06 1.12e-06  3.27e-05  6704s
  20   1.74089743e+04  1.74059359e+04  6.36e-06 1.05e-06  2.43e-05  6894s
  21   1.74081792e+04  1.74056271e+04  5.12e-06 9.81e-07  1.88e-05  7144s
  22   1.74075431e+04  1.74052089e+04  4.09e-06 3.40e-06  1.28e-05  7379s
  23   1.74070700e+04  1.74050249e+04  3.34e-06 1.03e-06  9.48e-06  7613s
  24   1.74065755e+04  1.74049206e+04  2.57e-06 1.20e-06  6.73e-06  7855s
  25   1.74061813e+04  1.74048570e+04  1.99e-06 1.07e-06  4.89e-06  8085s
  26   1.74057340e+04  1.74048090e+04  1.37e-06 1.03e-06  3.24e-06  8309s
  27   1.74054441e+04  1.74047739e+04  9.59e-07 9.50e-07  2.13e-06  8526s
  28   1.74052363e+04  1.74047504e+04  6.74e-07 1.07e-06  1.38e-06  8760s
  29   1.74050665e+04  1.74047450e+04  4.45e-07 1.08e-06  9.10e-07  8994s
  30   1.74049852e+04  1.74047392e+04  3.39e-07 2.96e-06  6.88e-07  9215s
  31   1.74049452e+04  1.74047345e+04  2.85e-07 1.00e-06  5.51e-07  9441s
  32   1.74048796e+04  1.74047319e+04  1.99e-07 1.02e-06  3.75e-07  9655s
  33   1.74048302e+04  1.74047293e+04  1.35e-07 1.21e-06  2.51e-07  9833s
  34   1.74048060e+04  1.74047279e+04  1.03e-07 9.86e-07  1.82e-07  10009s
  35   1.74047838e+04  1.74047274e+04  7.44e-08 1.04e-06  1.33e-07  10177s
  36   1.74047698e+04  1.74047271e+04  5.63e-08 9.21e-07  1.01e-07  10346s
  37   1.74047556e+04  1.74047268e+04  3.83e-08 5.88e-06  6.93e-08  10516s
  38   1.74047522e+04  1.74047266e+04  3.38e-08 8.86e-06  6.04e-08  10689s
  39   1.74047505e+04  1.74047265e+04  3.15e-08 4.34e-06  5.60e-08  10854s
  40   1.74047417e+04  1.74047262e+04  2.02e-08 1.64e-06  3.55e-08  11024s
  41   1.74047372e+04  1.74047262e+04  1.44e-08 8.94e-06  2.51e-08  11210s
  42   1.74047332e+04  1.74047261e+04  9.79e-09 6.08e-06  1.62e-08  11389s
  43   1.74047312e+04  1.74047261e+04  7.47e-09 1.04e-06  1.24e-08  11558s
  44   1.74047301e+04  1.74047261e+04  4.82e-09 1.07e-06  8.12e-09  11725s
  45   1.74047286e+04  1.74047261e+04  3.24e-09 1.00e-06  5.46e-09  11894s
  46   1.74047286e+04  1.74047261e+04  3.22e-09 1.01e-06  5.43e-09  12082s
  47   1.74047264e+04  1.74047261e+04  1.09e-09 1.66e-06  1.98e-09  12345s
  48   1.74047263e+04  1.74047260e+04  3.52e-10 1.22e-06  7.02e-10  12604s

Barrier solved model in 48 iterations and 12603.59 seconds (5715.02 work units)
Optimal objective 1.74047263e+04

Optimization finished!
Restarting optimization for throughput iteration 1...
Gurobi Optimizer version 10.0.3 build v10.0.3rc0 (linux64)

CPU model: Intel(R) Xeon(R) Gold 6146 CPU @ 3.20GHz, instruction set [SSE2|AVX|AVX2|AVX512]
Thread count: 24 physical cores, 48 logical processors, using up to 24 threads

Optimize a model with 52290 rows, 42875 columns and 2241933460 nonzeros
Model fingerprint: 0xdc5378d4
Coefficient statistics:
  Matrix range     [1e-13, 3e-05]
  Objective range  [4e-03, 1e+00]
  Bounds range     [1e+00, 1e+00]
  RHS range        [5e-06, 5e-06]
Presolve removed 0 rows and 0 columns (presolve time = 131s) ...
Presolve removed 0 rows and 0 columns (presolve time = 178s) ...
Presolve removed 0 rows and 0 columns (presolve time = 181s) ...
Presolve removed 0 rows and 0 columns (presolve time = 186s) ...
Presolve removed 0 rows and 0 columns (presolve time = 191s) ...
Presolve removed 0 rows and 0 columns (presolve time = 195s) ...
Presolve removed 0 rows and 0 columns (presolve time = 201s) ...
Presolve removed 0 rows and 0 columns (presolve time = 312s) ...
Presolve removed 0 rows and 0 columns (presolve time = 924s) ...
Presolve removed 0 rows and 0 columns (presolve time = 1196s) ...
Presolve removed 0 rows and 0 columns (presolve time = 1202s) ...
Presolve removed 0 rows and 0 columns (presolve time = 1210s) ...
Presolve removed 0 rows and 0 columns (presolve time = 1228s) ...
Presolve removed 0 rows and 0 columns (presolve time = 1231s) ...
Presolve removed 0 rows and 0 columns (presolve time = 1236s) ...
Presolve removed 0 rows and 0 columns (presolve time = 1240s) ...
Presolve removed 10000 rows and 0 columns (presolve time = 1246s) ...
Presolve removed 26145 rows and 0 columns (presolve time = 1251s) ...
Presolve removed 26145 rows and 0 columns
Presolve time: 1281.04s
Presolved: 26145 rows, 69020 columns, 1120992680 nonzeros
Elapsed ordering time = 5s
Ordering time: 5.08s

Barrier statistics:
 AA' NZ     : 3.418e+08
 Factor NZ  : 3.418e+08 (roughly 3.0 GB of memory)
 Factor Ops : 5.958e+12 (roughly 35 seconds per iteration)
 Threads    : 24

                  Objective                Residual
Iter       Primal          Dual         Primal    Dual     Compl     Time
   0   1.01806253e+08  8.00708841e+04  2.44e+02 0.00e+00  3.78e+03  1706s
   1   7.81102793e+04  8.00479162e+04  1.36e-01 5.82e-11  2.54e+00  1966s
   2   4.62753825e+04  5.62018834e+04  6.05e-02 9.86e-08  9.83e-01  2231s
   3   2.96141733e+04  3.91732378e+04  2.45e-02 2.62e-07  3.78e-01  2499s
   4   2.09116061e+04  2.65265671e+04  9.13e-03 6.13e-07  1.36e-01  2758s
   5   1.82024468e+04  2.06089197e+04  4.75e-03 2.07e-06  6.01e-02  3043s
   6   1.67277422e+04  1.82388269e+04  2.64e-03 9.28e-07  3.30e-02  3307s
   7   1.58472281e+04  1.67385411e+04  1.46e-03 1.14e-05  1.80e-02  3549s
   8   1.53693828e+04  1.59969439e+04  8.32e-04 3.08e-06  1.09e-02  3813s
   9   1.50598509e+04  1.55208909e+04  4.29e-04 6.39e-06  6.57e-03  4109s
  10   1.49354782e+04  1.52532558e+04  2.66e-04 1.33e-06  4.28e-03  4372s
  11   1.48383112e+04  1.49675273e+04  1.33e-04 1.29e-06  1.91e-03  4654s
  12   1.47999122e+04  1.48398730e+04  7.31e-05 1.16e-06  8.21e-04  4969s
  13   1.47803195e+04  1.48067334e+04  4.16e-05 7.12e-05  4.94e-04  5268s
  14   1.47704770e+04  1.47772712e+04  2.28e-05 1.97e-06  2.15e-04  5595s
  15   1.47684394e+04  1.47718513e+04  1.82e-05 1.75e-05  1.57e-04  5858s
  16   1.47673290e+04  1.47700467e+04  1.54e-05 2.71e-05  1.31e-04  6114s
  17   1.47666354e+04  1.47684885e+04  1.34e-05 3.87e-05  1.11e-04  6411s
  18   1.47658123e+04  1.47668565e+04  1.14e-05 3.98e-05  9.05e-05  6678s
  19   1.47652631e+04  1.47648265e+04  9.76e-06 1.14e-06  6.75e-05  6971s
  20   1.47648374e+04  1.47640113e+04  8.48e-06 1.04e-06  5.55e-05  7274s
  21   1.47644004e+04  1.47632642e+04  7.29e-06 2.45e-06  4.46e-05  7551s
  22   1.47639150e+04  1.47627076e+04  6.01e-06 1.21e-06  3.48e-05  7848s
  23   1.47636169e+04  1.47624169e+04  5.39e-06 5.01e-06  3.03e-05  8029s
  24   1.47631444e+04  1.47621111e+04  4.26e-06 1.21e-06  2.34e-05  8218s
  25   1.47630691e+04  1.47619963e+04  4.08e-06 1.35e-06  2.18e-05  8398s
  26   1.47629582e+04  1.47618859e+04  3.87e-06 1.15e-06  2.02e-05  8569s
  27   1.47626157e+04  1.47617467e+04  3.14e-06 1.03e-06  1.65e-05  8740s
  28   1.47624428e+04  1.47616633e+04  2.78e-06 1.09e-06  1.45e-05  8916s
  29   1.47623245e+04  1.47615367e+04  2.52e-06 1.10e-06  1.25e-05  9087s
  30   1.47619752e+04  1.47614188e+04  1.82e-06 2.69e-05  9.16e-06  9257s
  31   1.47618921e+04  1.47613625e+04  1.65e-06 3.54e-05  8.15e-06  9433s
  32   1.47617597e+04  1.47612695e+04  1.41e-06 1.52e-06  6.66e-06  9610s
  33   1.47615636e+04  1.47611742e+04  1.01e-06 1.18e-06  4.52e-06  9892s
  34   1.47614392e+04  1.47611068e+04  7.72e-07 9.96e-07  3.18e-06  10191s
  35   1.47612659e+04  1.47610606e+04  4.60e-07 1.50e-05  1.84e-06  10513s
  36   1.47611483e+04  1.47610407e+04  2.51e-07 4.07e-05  1.04e-06  10812s
  37   1.47610819e+04  1.47610204e+04  1.32e-07 5.19e-05  5.09e-07  11098s
  38   1.47610431e+04  1.47610144e+04  6.46e-08 8.59e-05  2.60e-07  11401s
  39   1.47610229e+04  1.47610093e+04  2.96e-08 5.44e-05  1.15e-07  11683s
  40   1.47610110e+04  1.47610078e+04  8.53e-09 1.20e-04  3.85e-08  11962s
  41   1.47610094e+04  1.47610071e+04  5.62e-09 7.21e-05  2.41e-08  12238s
  42   1.47610083e+04  1.47610065e+04  3.70e-09 3.05e-05  1.41e-08  12502s
  43   1.47610066e+04  1.47610064e+04  1.17e-09 1.37e-06  4.84e-09  12777s
  44   1.47610061e+04  1.47610063e+04  9.40e-11 4.06e-06  4.66e-10  13089s

Barrier solved model in 44 iterations and 13088.59 seconds (5355.04 work units)
Optimal objective 1.47610061e+04

/user/bnickson/GitHub/LUVex_TelAps/aplc_optimization/surveys/usort_offaxis_survey_N0512_telserv3/FPM35_IWA34/drivers/01_USORT_N512_FPM350M0150_IWA0340_OWA01400_C10_BW15_Nlam5_LS_IDc_ID0_OD_OD0_ls_90_ovsamp16_.py:102: DeprecationWarning: circular_aperture is deprecated. Its new name is make_circular_aperture.
  dark_zone_mask = circular_aperture(img_owa * 2)(focal_grid) - circular_aperture(img_iwa * 2)(focal_grid)
/user/bnickson/GitHub/LUVex_TelAps/aplc_optimization/surveys/usort_offaxis_survey_N0512_telserv3/FPM35_IWA34/drivers/01_USORT_N512_FPM350M0150_IWA0340_OWA01400_C10_BW15_Nlam5_LS_IDc_ID0_OD_OD0_ls_90_ovsamp16_.py:110: DeprecationWarning: circular_aperture is deprecated. Its new name is make_circular_aperture.
  focal_plane_mask = 1 - evaluate_supersampled(circular_aperture(2 * fpm_radius), focal_mask_grid, 8)
WARNING: VerifyWarning: Keyword name 'LS_ALIGN_TOl' is greater than 8 characters or contains characters not allowed by the FITS standard; a HIERARCH card will be created. [astropy.io.fits.card]
WARNING: VerifyWarning: Keyword name 'LS_NUM_STOPS' is greater than 8 characters or contains characters not allowed by the FITS standard; a HIERARCH card will be created. [astropy.io.fits.card]
WARNING: VerifyWarning: Keyword name 'PROG_START' is greater than 8 characters or contains characters not allowed by the FITS standard; a HIERARCH card will be created. [astropy.io.fits.card]
WARNING: VerifyWarning: Keyword name 'PROG_EDGE' is greater than 8 characters or contains characters not allowed by the FITS standard; a HIERARCH card will be created. [astropy.io.fits.card]
WARNING: VerifyWarning: Keyword name 'THRPT_ITER' is greater than 8 characters or contains characters not allowed by the FITS standard; a HIERARCH card will be created. [astropy.io.fits.card]
WARNING: VerifyWarning: Keyword name 'THRPT_ESTIM' is greater than 8 characters or contains characters not allowed by the FITS standard; a HIERARCH card will be created. [astropy.io.fits.card]
WARNING: VerifyWarning: Keyword name 'MAX_THRPT' is greater than 8 characters or contains characters not allowed by the FITS standard; a HIERARCH card will be created. [astropy.io.fits.card]
WARNING: VerifyWarning: Keyword name 'SLV_THRDS' is greater than 8 characters or contains characters not allowed by the FITS standard; a HIERARCH card will be created. [astropy.io.fits.card]
WARNING: VerifyWarning: Keyword name 'SLV_XOVER' is greater than 8 characters or contains characters not allowed by the FITS standard; a HIERARCH card will be created. [astropy.io.fits.card]
Optimization finished!
