Optimizer called with the following parameters:
{'focal_plane_mask': {'field_stop_radius': 14.5,
                      'grayscale': True,
                      'num_pix': 150,
                      'radius': 3.5},
 'image': {'bandwidth': 0.2,
           'contrast': 10,
           'iwa': 3.4,
           'num_wavelengths': 5,
           'owa': 14.0,
           'resolution': 2},
 'instrument': {'inst_name': 'USORT'},
 'lyot_stop': {'alignment_tolerance': 1,
               'filename': 'USORT/LS_USORT_circ_ID0000_OD0990_ovsamp16_N0512.fits',
               'num_lyot_stops': 9},
 'method': {'edge_width_for_prior': 2,
            'ending_scale': 1,
            'force_no_hermitian_symmetry': False,
            'force_no_x_mirror_symmetry': False,
            'force_no_y_mirror_symmetry': False,
            'initial_throughput_estimate': 1,
            'maximize_planet_throughput': True,
            'num_throughput_iterations': 2,
            'starting_scale': 1},
 'pupil': {'N': 512,
           'filename': 'USORT/TelAp_USORT_offaxis_ovsamp16_N0512.fits'},
 'solver': {'crossover': 0,
            'method': 2,
            'num_threads': 0}}

File organization:
{'analysis_dir': '/user/bnickson/GitHub/LUVex_TelAps/aplc_optimization/surveys/usort_offaxis_survey_N0512_telserv3/FPM35_IWA34/analysis',
 'drivers_dir': '/user/bnickson/GitHub/LUVex_TelAps/aplc_optimization/surveys/usort_offaxis_survey_N0512_telserv3/FPM35_IWA34/drivers',
 'input_files_dir': '/user/bnickson/GitHub/LUVex_TelAps/aplc_optimization/masks',
 'log_dir': '/user/bnickson/GitHub/LUVex_TelAps/aplc_optimization/surveys/usort_offaxis_survey_N0512_telserv3/FPM35_IWA34/logs',
 'solution_dir': '/user/bnickson/GitHub/LUVex_TelAps/aplc_optimization/surveys/usort_offaxis_survey_N0512_telserv3/FPM35_IWA34/solutions',
 'survey_dir': '/user/bnickson/GitHub/LUVex_TelAps/aplc_optimization/surveys/usort_offaxis_survey_N0512_telserv3/FPM35_IWA34'}

Telescope pupil:
   Mirror symmetry in x: yes
   Mirror symmetry in y: yes

Lyot stop #0:
   Mirror symmetry in x: yes
Lyot stop #1:
   Mirror symmetry in x: no
   Searching for mirror symmetric Lyot stops in x...
      Found Lyot stop #2 to fit.
Lyot stop #2:
   Will be ignored due to symmetries with Lyot stops #[1]
Lyot stop #3:
   Mirror symmetry in x: yes
Lyot stop #4:
   Mirror symmetry in x: yes
Lyot stop #5:
   Mirror symmetry in x: no
   Searching for mirror symmetric Lyot stops in x...
      Found Lyot stop #7 to fit.
Lyot stop #6:
   Mirror symmetry in x: no
   Searching for mirror symmetric Lyot stops in x...
      Found Lyot stop #8 to fit.
Lyot stop #7:
   Will be ignored due to symmetries with Lyot stops #[5]
Lyot stop #8:
   Will be ignored due to symmetries with Lyot stops #[6]
Lyot stop #0:
   Mirror symmetry in y: yes
Lyot stop #1:
   Mirror symmetry in y: yes
Lyot stop #2:
   Will be ignored due to symmetries with Lyot stops #[1]
Lyot stop #3:
   Mirror symmetry in y: no
   Searching for mirror symmetric Lyot stops in y...
      Found Lyot stop #4 to fit.
Lyot stop #4:
   Will be ignored due to symmetries with Lyot stops #[3]
Lyot stop #5:
   Mirror symmetry in y: no
   Searching for mirror symmetric Lyot stops in y...
      Found Lyot stop #6 to fit.
Lyot stop #6:
   Will be ignored due to symmetries with Lyot stops #[5]
Lyot stop #7:
   Will be ignored due to symmetries with Lyot stops #[5]
Lyot stop #8:
   Will be ignored due to symmetries with Lyot stops #[6]

Complete APLC:
   Mirror symmetry in x: yes
   Mirror symmetry in y: yes

Starting optimization at scale 1 with 42875 variables and 26145 constraints.
Creating model...
Set parameter Username
Academic license - for non-commercial use only - expires 2024-10-25
Set parameter Crossover to value 0
Set parameter Method to value 2
Calculating and adding constraints...
Wavelength 1/5; Variable 1000/42875
Wavelength 1/5; Variable 2000/42875
Wavelength 1/5; Variable 3000/42875
Wavelength 1/5; Variable 4000/42875
Wavelength 1/5; Variable 5000/42875
Wavelength 1/5; Variable 6000/42875
Wavelength 1/5; Variable 7000/42875
Wavelength 1/5; Variable 8000/42875
Wavelength 1/5; Variable 9000/42875
Wavelength 1/5; Variable 10000/42875
Wavelength 1/5; Variable 11000/42875
Wavelength 1/5; Variable 12000/42875
Wavelength 1/5; Variable 13000/42875
Wavelength 1/5; Variable 14000/42875
Wavelength 1/5; Variable 15000/42875
Wavelength 1/5; Variable 16000/42875
Wavelength 1/5; Variable 17000/42875
Wavelength 1/5; Variable 18000/42875
Wavelength 1/5; Variable 19000/42875
Wavelength 1/5; Variable 20000/42875
Wavelength 1/5; Variable 21000/42875
Wavelength 1/5; Variable 22000/42875
Wavelength 1/5; Variable 23000/42875
Wavelength 1/5; Variable 24000/42875
Wavelength 1/5; Variable 25000/42875
Wavelength 1/5; Variable 26000/42875
Wavelength 1/5; Variable 27000/42875
Wavelength 1/5; Variable 28000/42875
Wavelength 1/5; Variable 29000/42875
Wavelength 1/5; Variable 30000/42875
Wavelength 1/5; Variable 31000/42875
Wavelength 1/5; Variable 32000/42875
Wavelength 1/5; Variable 33000/42875
Wavelength 1/5; Variable 34000/42875
Wavelength 1/5; Variable 35000/42875
Wavelength 1/5; Variable 36000/42875
Wavelength 1/5; Variable 37000/42875
Wavelength 1/5; Variable 38000/42875
Wavelength 1/5; Variable 39000/42875
Wavelength 1/5; Variable 40000/42875
Wavelength 1/5; Variable 41000/42875
Wavelength 1/5; Variable 42000/42875
Warning for adding constraints: zero or small (< 1e-13) coefficients, ignored
Wavelength 2/5; Variable 1000/42875
Wavelength 2/5; Variable 2000/42875
Wavelength 2/5; Variable 3000/42875
Wavelength 2/5; Variable 4000/42875
Wavelength 2/5; Variable 5000/42875
Wavelength 2/5; Variable 6000/42875
Wavelength 2/5; Variable 7000/42875
Wavelength 2/5; Variable 8000/42875
Wavelength 2/5; Variable 9000/42875
Wavelength 2/5; Variable 10000/42875
Wavelength 2/5; Variable 11000/42875
Wavelength 2/5; Variable 12000/42875
Wavelength 2/5; Variable 13000/42875
Wavelength 2/5; Variable 14000/42875
Wavelength 2/5; Variable 15000/42875
Wavelength 2/5; Variable 16000/42875
Wavelength 2/5; Variable 17000/42875
Wavelength 2/5; Variable 18000/42875
Wavelength 2/5; Variable 19000/42875
Wavelength 2/5; Variable 20000/42875
Wavelength 2/5; Variable 21000/42875
Wavelength 2/5; Variable 22000/42875
Wavelength 2/5; Variable 23000/42875
Wavelength 2/5; Variable 24000/42875
Wavelength 2/5; Variable 25000/42875
Wavelength 2/5; Variable 26000/42875
Wavelength 2/5; Variable 27000/42875
Wavelength 2/5; Variable 28000/42875
Wavelength 2/5; Variable 29000/42875
Wavelength 2/5; Variable 30000/42875
Wavelength 2/5; Variable 31000/42875
Wavelength 2/5; Variable 32000/42875
Wavelength 2/5; Variable 33000/42875
Wavelength 2/5; Variable 34000/42875
Wavelength 2/5; Variable 35000/42875
Wavelength 2/5; Variable 36000/42875
Wavelength 2/5; Variable 37000/42875
Wavelength 2/5; Variable 38000/42875
Wavelength 2/5; Variable 39000/42875
Wavelength 2/5; Variable 40000/42875
Wavelength 2/5; Variable 41000/42875
Wavelength 2/5; Variable 42000/42875
Wavelength 3/5; Variable 1000/42875
Wavelength 3/5; Variable 2000/42875
Wavelength 3/5; Variable 3000/42875
Wavelength 3/5; Variable 4000/42875
Wavelength 3/5; Variable 5000/42875
Wavelength 3/5; Variable 6000/42875
Wavelength 3/5; Variable 7000/42875
Wavelength 3/5; Variable 8000/42875
Wavelength 3/5; Variable 9000/42875
Wavelength 3/5; Variable 10000/42875
Wavelength 3/5; Variable 11000/42875
Wavelength 3/5; Variable 12000/42875
Wavelength 3/5; Variable 13000/42875
Wavelength 3/5; Variable 14000/42875
Wavelength 3/5; Variable 15000/42875
Wavelength 3/5; Variable 16000/42875
Wavelength 3/5; Variable 17000/42875
Wavelength 3/5; Variable 18000/42875
Wavelength 3/5; Variable 19000/42875
Wavelength 3/5; Variable 20000/42875
Wavelength 3/5; Variable 21000/42875
Wavelength 3/5; Variable 22000/42875
Wavelength 3/5; Variable 23000/42875
Wavelength 3/5; Variable 24000/42875
Wavelength 3/5; Variable 25000/42875
Wavelength 3/5; Variable 26000/42875
Wavelength 3/5; Variable 27000/42875
Wavelength 3/5; Variable 28000/42875
Wavelength 3/5; Variable 29000/42875
Wavelength 3/5; Variable 30000/42875
Wavelength 3/5; Variable 31000/42875
Wavelength 3/5; Variable 32000/42875
Wavelength 3/5; Variable 33000/42875
Wavelength 3/5; Variable 34000/42875
Wavelength 3/5; Variable 35000/42875
Wavelength 3/5; Variable 36000/42875
Wavelength 3/5; Variable 37000/42875
Wavelength 3/5; Variable 38000/42875
Wavelength 3/5; Variable 39000/42875
Wavelength 3/5; Variable 40000/42875
Wavelength 3/5; Variable 41000/42875
Wavelength 3/5; Variable 42000/42875
Wavelength 4/5; Variable 1000/42875
Wavelength 4/5; Variable 2000/42875
Wavelength 4/5; Variable 3000/42875
Wavelength 4/5; Variable 4000/42875
Wavelength 4/5; Variable 5000/42875
Wavelength 4/5; Variable 6000/42875
Wavelength 4/5; Variable 7000/42875
Wavelength 4/5; Variable 8000/42875
Wavelength 4/5; Variable 9000/42875
Wavelength 4/5; Variable 10000/42875
Wavelength 4/5; Variable 11000/42875
Wavelength 4/5; Variable 12000/42875
Wavelength 4/5; Variable 13000/42875
Wavelength 4/5; Variable 14000/42875
Wavelength 4/5; Variable 15000/42875
Wavelength 4/5; Variable 16000/42875
Wavelength 4/5; Variable 17000/42875
Wavelength 4/5; Variable 18000/42875
Wavelength 4/5; Variable 19000/42875
Wavelength 4/5; Variable 20000/42875
Wavelength 4/5; Variable 21000/42875
Wavelength 4/5; Variable 22000/42875
Wavelength 4/5; Variable 23000/42875
Wavelength 4/5; Variable 24000/42875
Wavelength 4/5; Variable 25000/42875
Wavelength 4/5; Variable 26000/42875
Wavelength 4/5; Variable 27000/42875
Wavelength 4/5; Variable 28000/42875
Wavelength 4/5; Variable 29000/42875
Wavelength 4/5; Variable 30000/42875
Wavelength 4/5; Variable 31000/42875
Wavelength 4/5; Variable 32000/42875
Wavelength 4/5; Variable 33000/42875
Wavelength 4/5; Variable 34000/42875
Wavelength 4/5; Variable 35000/42875
Wavelength 4/5; Variable 36000/42875
Wavelength 4/5; Variable 37000/42875
Wavelength 4/5; Variable 38000/42875
Wavelength 4/5; Variable 39000/42875
Wavelength 4/5; Variable 40000/42875
Wavelength 4/5; Variable 41000/42875
Wavelength 4/5; Variable 42000/42875
Wavelength 5/5; Variable 1000/42875
Wavelength 5/5; Variable 2000/42875
Wavelength 5/5; Variable 3000/42875
Wavelength 5/5; Variable 4000/42875
Wavelength 5/5; Variable 5000/42875
Wavelength 5/5; Variable 6000/42875
Wavelength 5/5; Variable 7000/42875
Wavelength 5/5; Variable 8000/42875
Wavelength 5/5; Variable 9000/42875
Wavelength 5/5; Variable 10000/42875
Wavelength 5/5; Variable 11000/42875
Wavelength 5/5; Variable 12000/42875
Wavelength 5/5; Variable 13000/42875
Wavelength 5/5; Variable 14000/42875
Wavelength 5/5; Variable 15000/42875
Wavelength 5/5; Variable 16000/42875
Wavelength 5/5; Variable 17000/42875
Wavelength 5/5; Variable 18000/42875
Wavelength 5/5; Variable 19000/42875
Wavelength 5/5; Variable 20000/42875
Wavelength 5/5; Variable 21000/42875
Wavelength 5/5; Variable 22000/42875
Wavelength 5/5; Variable 23000/42875
Wavelength 5/5; Variable 24000/42875
Wavelength 5/5; Variable 25000/42875
Wavelength 5/5; Variable 26000/42875
Wavelength 5/5; Variable 27000/42875
Wavelength 5/5; Variable 28000/42875
Wavelength 5/5; Variable 29000/42875
Wavelength 5/5; Variable 30000/42875
Wavelength 5/5; Variable 31000/42875
Wavelength 5/5; Variable 32000/42875
Wavelength 5/5; Variable 33000/42875
Wavelength 5/5; Variable 34000/42875
Wavelength 5/5; Variable 35000/42875
Wavelength 5/5; Variable 36000/42875
Wavelength 5/5; Variable 37000/42875
Wavelength 5/5; Variable 38000/42875
Wavelength 5/5; Variable 39000/42875
Wavelength 5/5; Variable 40000/42875
Wavelength 5/5; Variable 41000/42875
Wavelength 5/5; Variable 42000/42875
Start optimization...
Gurobi Optimizer version 10.0.3 build v10.0.3rc0 (linux64)

CPU model: Intel(R) Xeon(R) Gold 6146 CPU @ 3.20GHz, instruction set [SSE2|AVX|AVX2|AVX512]
Thread count: 24 physical cores, 48 logical processors, using up to 24 threads

Optimize a model with 52290 rows, 42875 columns and 2241933672 nonzeros
Model fingerprint: 0x6b720e91
Coefficient statistics:
  Matrix range     [1e-13, 3e-05]
  Objective range  [4e-03, 1e+00]
  Bounds range     [1e+00, 1e+00]
  RHS range        [1e-05, 1e-05]
Presolve removed 0 rows and 0 columns (presolve time = 164s) ...
Presolve removed 0 rows and 0 columns (presolve time = 211s) ...
Presolve removed 0 rows and 0 columns (presolve time = 220s) ...
Presolve removed 0 rows and 0 columns (presolve time = 229s) ...
Presolve removed 0 rows and 0 columns (presolve time = 231s) ...
Presolve removed 0 rows and 0 columns (presolve time = 403s) ...
Presolve removed 0 rows and 0 columns (presolve time = 1138s) ...
Presolve removed 0 rows and 0 columns (presolve time = 1430s) ...
Presolve removed 0 rows and 0 columns (presolve time = 1449s) ...
Presolve removed 0 rows and 0 columns (presolve time = 1458s) ...
Presolve removed 0 rows and 0 columns (presolve time = 1477s) ...
Presolve removed 0 rows and 0 columns (presolve time = 1480s) ...
Presolve removed 0 rows and 0 columns (presolve time = 1487s) ...
Presolve removed 10000 rows and 0 columns (presolve time = 1493s) ...
Presolve removed 20000 rows and 0 columns (presolve time = 1496s) ...
Presolve removed 26145 rows and 0 columns
Presolve time: 1522.01s
Presolved: 26145 rows, 69020 columns, 1120992934 nonzeros
Error: invalid user locale; possible fix is to set the system environment
       variable 'LC_ALL' to a valid locale (e.g., to 'C')
Ordering time: 4.94s

Barrier statistics:
 AA' NZ     : 3.418e+08
 Factor NZ  : 3.418e+08 (roughly 3.0 GB of memory)
 Factor Ops : 5.958e+12 (roughly 40 seconds per iteration)
 Threads    : 24

                  Objective                Residual
Iter       Primal          Dual         Primal    Dual     Compl     Time
   0   7.73270492e+07  1.25344286e+05  2.49e+02 0.00e+00  4.51e+03  1990s
   1   1.11925016e+05  1.25279423e+05  3.18e-01 1.46e-10  6.59e+00  2252s
   2   2.90847258e+04  9.23316827e+04  5.42e-02 9.96e-08  1.40e+00  2512s
   3   1.58134198e+04  4.92007667e+04  1.22e-02 1.91e-07  3.90e-01  2754s
   4   1.29413655e+04  2.32323906e+04  4.62e-03 2.37e-07  1.10e-01  3002s
   5   1.20948150e+04  1.63228135e+04  2.35e-03 1.65e-07  4.55e-02  3239s
   6   1.18419096e+04  1.43452742e+04  1.64e-03 1.61e-07  2.79e-02  3484s
   7   1.16619345e+04  1.30947587e+04  1.13e-03 1.38e-07  1.69e-02  3773s
   8   1.15584169e+04  1.27158757e+04  8.26e-04 1.85e-07  1.31e-02  4039s
   9   1.15176696e+04  1.24083832e+04  7.06e-04 1.39e-07  1.05e-02  4281s
  10   1.14781641e+04  1.21172608e+04  5.88e-04 2.29e-07  8.00e-03  4504s
  11   1.14262078e+04  1.19283896e+04  4.28e-04 1.36e-07  6.11e-03  4746s
  12   1.13927088e+04  1.17386446e+04  3.26e-04 1.80e-07  4.41e-03  5010s
  13   1.13621294e+04  1.16014996e+04  2.30e-04 1.61e-07  3.10e-03  5294s
  14   1.13410108e+04  1.15519722e+04  1.63e-04 1.68e-07  2.51e-03  5528s
  15   1.13293590e+04  1.14525940e+04  1.25e-04 1.66e-07  1.67e-03  5764s
  16   1.13191522e+04  1.14099232e+04  9.01e-05 1.83e-07  1.23e-03  6012s
  17   1.13116479e+04  1.13676442e+04  6.61e-05 1.84e-07  8.39e-04  6275s
  18   1.13085532e+04  1.13520143e+04  5.62e-05 1.87e-07  6.89e-04  6522s
  19   1.13054783e+04  1.13410948e+04  4.64e-05 1.78e-07  5.70e-04  6802s
  20   1.13013982e+04  1.13282228e+04  3.34e-05 1.43e-07  4.20e-04  7043s
  21   1.12990576e+04  1.13163238e+04  2.57e-05 1.79e-07  3.02e-04  7313s
  22   1.12966925e+04  1.13099945e+04  1.78e-05 1.65e-07  2.20e-04  7552s
  23   1.12954696e+04  1.13062816e+04  1.35e-05 1.89e-07  1.73e-04  7819s
  24   1.12944791e+04  1.13033235e+04  1.04e-05 1.72e-07  1.37e-04  8077s
  25   1.12931957e+04  1.12991011e+04  6.15e-06 1.65e-07  8.62e-05  8351s
  26   1.12920492e+04  1.12939389e+04  2.28e-06 2.73e-07  2.99e-05  8678s
  27   1.12918296e+04  1.12925876e+04  1.12e-06 2.10e-07  1.35e-05  8899s
  28   1.12917127e+04  1.12920510e+04  3.97e-07 1.93e-07  5.27e-06  9069s
  29   1.12916815e+04  1.12917984e+04  1.54e-07 1.90e-07  1.94e-06  9243s
  30   1.12916752e+04  1.12917301e+04  6.21e-08 2.10e-07  8.39e-07  9406s
  31   1.12916717e+04  1.12916790e+04  1.35e-08 2.28e-07  1.49e-07  9595s
  32   1.12916713e+04  1.12916724e+04  7.80e-10 2.51e-07  1.30e-08  9812s
  33   1.12916714e+04  1.12916715e+04  6.81e-11 2.52e-07  1.45e-09  9971s
  34   1.12916714e+04  1.12916714e+04  8.01e-12 2.17e-07  4.73e-11  10156s

Barrier solved model in 34 iterations and 10156.36 seconds (3957.42 work units)
Optimal objective 1.12916714e+04

Optimization finished!
Restarting optimization for throughput iteration 1...
Gurobi Optimizer version 10.0.3 build v10.0.3rc0 (linux64)

CPU model: Intel(R) Xeon(R) Gold 6146 CPU @ 3.20GHz, instruction set [SSE2|AVX|AVX2|AVX512]
Thread count: 24 physical cores, 48 logical processors, using up to 24 threads

Optimize a model with 52290 rows, 42875 columns and 2241933672 nonzeros
Model fingerprint: 0x87eba944
Coefficient statistics:
  Matrix range     [1e-13, 3e-05]
  Objective range  [4e-03, 1e+00]
  Bounds range     [1e+00, 1e+00]
  RHS range        [3e-06, 3e-06]
Presolve removed 0 rows and 0 columns (presolve time = 77s) ...
Presolve removed 0 rows and 0 columns (presolve time = 116s) ...
Presolve removed 0 rows and 0 columns (presolve time = 123s) ...
Presolve removed 0 rows and 0 columns (presolve time = 126s) ...
Presolve removed 0 rows and 0 columns (presolve time = 130s) ...
Presolve removed 0 rows and 0 columns (presolve time = 279s) ...
Presolve removed 0 rows and 0 columns (presolve time = 1124s) ...
Presolve removed 0 rows and 0 columns (presolve time = 1408s) ...
Presolve removed 0 rows and 0 columns (presolve time = 1428s) ...
Presolve removed 0 rows and 0 columns (presolve time = 1437s) ...
Presolve removed 0 rows and 0 columns (presolve time = 1457s) ...
Presolve removed 0 rows and 0 columns (presolve time = 1461s) ...
Presolve removed 0 rows and 0 columns (presolve time = 1467s) ...
Presolve removed 10000 rows and 0 columns (presolve time = 1473s) ...
Presolve removed 20000 rows and 0 columns (presolve time = 1476s) ...
Presolve removed 26145 rows and 0 columns
Presolve time: 1500.71s
Presolved: 26145 rows, 69020 columns, 1120992934 nonzeros
Ordering time: 4.95s

Barrier statistics:
 AA' NZ     : 3.418e+08
 Factor NZ  : 3.418e+08 (roughly 3.0 GB of memory)
 Factor Ops : 5.958e+12 (roughly 34 seconds per iteration)
 Threads    : 24

                  Objective                Residual
Iter       Primal          Dual         Primal    Dual     Compl     Time
   0   7.73270492e+07  1.09543284e+05  2.49e+02 0.00e+00  4.51e+03  1952s
   1   1.11901605e+05  1.09482619e+05  3.18e-01 1.60e-10  6.47e+00  2212s
   2   2.40176844e+04  7.83475068e+04  3.92e-02 7.71e-08  1.10e+00  2459s
   3   1.45172368e+04  3.52412093e+04  9.80e-03 2.27e-07  2.80e-01  2712s
   4   1.23881441e+04  2.04469860e+04  4.75e-03 2.68e-07  1.04e-01  2954s
   5   1.14793692e+04  1.50659896e+04  2.50e-03 2.10e-07  4.53e-02  3225s
   6   1.10205144e+04  1.22200810e+04  1.35e-03 2.34e-07  1.76e-02  3484s
   7   1.08297091e+04  1.16257093e+04  8.62e-04 2.02e-07  1.13e-02  3746s
   8   1.07147457e+04  1.11902151e+04  5.63e-04 3.48e-07  7.25e-03  4009s
   9   1.06655227e+04  1.09631751e+04  4.42e-04 3.76e-07  5.33e-03  4269s
  10   1.06260228e+04  1.07960559e+04  3.45e-04 5.33e-07  4.02e-03  4551s
  11   1.05938365e+04  1.06796022e+04  2.70e-04 7.39e-07  3.08e-03  4819s
  12   1.05765237e+04  1.05972752e+04  2.33e-04 8.75e-07  2.61e-03  5087s
  13   1.05615405e+04  1.05593183e+04  2.06e-04 1.16e-06  2.34e-03  5351s
  14   1.05500953e+04  1.05013298e+04  1.90e-04 1.08e-06  2.12e-03  5629s
  15   1.05391925e+04  1.04647639e+04  1.74e-04 1.40e-06  1.96e-03  5892s
  16   1.05269557e+04  1.04113227e+04  1.62e-04 1.37e-06  1.79e-03  6172s
  17   1.05136077e+04  1.03736607e+04  1.49e-04 1.71e-06  1.65e-03  6443s
  18   1.05011154e+04  1.03131694e+04  1.41e-04 1.89e-06  1.59e-03  6719s
  19   1.04858018e+04  1.02765068e+04  1.33e-04 2.14e-06  1.50e-03  6979s
  20   1.04746042e+04  1.02332538e+04  1.29e-04 2.13e-06  1.44e-03  7226s
  21   1.04435203e+04  1.02070016e+04  1.16e-04 2.28e-06  1.32e-03  7503s
  22   1.04422792e+04  1.01958801e+04  1.15e-04 2.38e-06  1.30e-03  7776s
  23   1.04272859e+04  1.01701754e+04  1.10e-04 2.36e-06  1.23e-03  8039s
  24   1.04138623e+04  1.01515117e+04  1.06e-04 2.62e-06  1.18e-03  8308s
  25   1.03917695e+04  1.01454351e+04  9.93e-05 2.75e-06  1.12e-03  8575s
  26   1.03755250e+04  1.01369596e+04  9.46e-05 2.05e-06  1.08e-03  8849s
  27   1.03645666e+04  1.01190750e+04  9.14e-05 2.66e-06  1.02e-03  9114s
  28   1.03543302e+04  1.01069200e+04  8.86e-05 2.71e-06  9.84e-04  9364s
  29   1.03391312e+04  1.01005380e+04  8.44e-05 2.37e-06  9.47e-04  9630s
  30   1.03284538e+04  1.00936860e+04  8.16e-05 2.58e-06  9.13e-04  9882s
  31   1.03164070e+04  1.00870272e+04  7.84e-05 2.75e-06  8.84e-04  10128s
  32   1.03031456e+04  1.00778650e+04  7.49e-05 2.59e-06  8.43e-04  10391s
  33   1.02951274e+04  1.00741492e+04  7.29e-05 2.25e-06  8.23e-04  10656s
  34   1.02886608e+04  1.00701235e+04  7.12e-05 2.83e-06  8.04e-04  10907s
  35   1.02850688e+04  1.00652939e+04  7.03e-05 2.61e-06  7.88e-04  11169s
  36   1.02742174e+04  1.00604639e+04  6.76e-05 2.46e-06  7.60e-04  11465s
  37   1.02701866e+04  1.00565563e+04  6.66e-05 2.54e-06  7.48e-04  11723s
  38   1.02580379e+04  1.00488508e+04  6.36e-05 2.61e-06  7.12e-04  11999s
  39   1.02519412e+04  1.00394616e+04  6.21e-05 2.73e-06  6.77e-04  12283s
  40   1.02452216e+04  1.00305040e+04  6.06e-05 2.85e-06  6.46e-04  12553s
  41   1.02307256e+04  1.00251559e+04  5.72e-05 3.02e-06  6.14e-04  12832s
  42   1.02157967e+04  1.00168215e+04  5.37e-05 3.40e-06  5.79e-04  13111s
  43   1.02044626e+04  1.00126225e+04  5.12e-05 2.53e-06  5.56e-04  13397s
  44   1.01945026e+04  1.00084461e+04  4.90e-05 2.85e-06  5.34e-04  13704s
  45   1.01854438e+04  1.00020042e+04  4.70e-05 2.91e-06  5.10e-04  13988s
  46   1.01785402e+04  9.99514059e+03  4.55e-05 2.66e-06  4.88e-04  14292s
  47   1.01713332e+04  9.99044736e+03  4.40e-05 2.73e-06  4.68e-04  14569s
  48   1.01611875e+04  9.98606462e+03  4.19e-05 2.89e-06  4.49e-04  14846s
  49   1.01533517e+04  9.98440020e+03  4.03e-05 2.66e-06  4.38e-04  15144s
  50   1.01482199e+04  9.98173976e+03  3.93e-05 2.94e-06  4.27e-04  15448s
  51   1.01381927e+04  9.97597970e+03  3.73e-05 2.66e-06  4.07e-04  15745s
  52   1.01310519e+04  9.97116829e+03  3.59e-05 2.56e-06  3.90e-04  16021s
  53   1.01244305e+04  9.96681428e+03  3.47e-05 2.87e-06  3.74e-04  16305s
  54   1.01152787e+04  9.96410295e+03  3.29e-05 2.46e-06  3.62e-04  16498s
  55   1.01110829e+04  9.95908538e+03  3.22e-05 3.11e-06  3.51e-04  16703s
  56   1.01078064e+04  9.95797226e+03  3.16e-05 3.37e-06  3.46e-04  16896s
  57   1.01028881e+04  9.95155982e+03  3.07e-05 3.69e-06  3.24e-04  17094s
  58   1.00908660e+04  9.94772287e+03  2.86e-05 2.75e-06  3.06e-04  17311s
  59   1.00834160e+04  9.94324818e+03  2.73e-05 3.55e-06  2.90e-04  17506s
  60   1.00753599e+04  9.93872791e+03  2.60e-05 3.97e-06  2.72e-04  17684s
  61   1.00628032e+04  9.93408189e+03  2.40e-05 2.64e-06  2.55e-04  17894s
  62   1.00484246e+04  9.93060485e+03  2.16e-05 2.91e-06  2.32e-04  18081s
  63   1.00407308e+04  9.93035693e+03  2.04e-05 3.28e-06  2.20e-04  18279s
  64   1.00300849e+04  9.92655006e+03  1.86e-05 4.32e-06  1.96e-04  18460s
  65   1.00196015e+04  9.92440867e+03  1.70e-05 3.51e-06  1.77e-04  18642s
  66   1.00108615e+04  9.92309538e+03  1.56e-05 3.28e-06  1.64e-04  18799s
  67   1.00089206e+04  9.92190747e+03  1.53e-05 3.59e-06  1.59e-04  18983s
