Optimizer called with the following parameters:
{'focal_plane_mask': {'field_stop_radius': 14.5,
                      'grayscale': True,
                      'num_pix': 150,
                      'radius': 3.5},
 'image': {'bandwidth': 0.1,
           'contrast': 10,
           'iwa': 3.4,
           'num_wavelengths': 5,
           'owa': 14.0,
           'resolution': 2},
 'instrument': {'inst_name': 'USORT'},
 'lyot_stop': {'alignment_tolerance': 1,
               'filename': 'USORT/LS_USORT_hex_ID0000_OD0990_ovsamp16_N0512.fits',
               'num_lyot_stops': 9},
 'method': {'edge_width_for_prior': 2,
            'ending_scale': 1,
            'force_no_hermitian_symmetry': False,
            'force_no_x_mirror_symmetry': False,
            'force_no_y_mirror_symmetry': False,
            'initial_throughput_estimate': 1,
            'maximize_planet_throughput': True,
            'num_throughput_iterations': 2,
            'starting_scale': 1},
 'pupil': {'N': 512,
           'filename': 'USORT/TelAp_USORT_offaxis_ovsamp16_N0512.fits'},
 'solver': {'crossover': 0,
            'method': 2,
            'num_threads': 0}}

File organization:
{'analysis_dir': '/user/bnickson/GitHub/LUVex_TelAps/aplc_optimization/surveys/usort_offaxis_survey_N0512_telserv3/FPM35_IWA34/analysis',
 'drivers_dir': '/user/bnickson/GitHub/LUVex_TelAps/aplc_optimization/surveys/usort_offaxis_survey_N0512_telserv3/FPM35_IWA34/drivers',
 'input_files_dir': '/user/bnickson/GitHub/LUVex_TelAps/aplc_optimization/masks',
 'log_dir': '/user/bnickson/GitHub/LUVex_TelAps/aplc_optimization/surveys/usort_offaxis_survey_N0512_telserv3/FPM35_IWA34/logs',
 'solution_dir': '/user/bnickson/GitHub/LUVex_TelAps/aplc_optimization/surveys/usort_offaxis_survey_N0512_telserv3/FPM35_IWA34/solutions',
 'survey_dir': '/user/bnickson/GitHub/LUVex_TelAps/aplc_optimization/surveys/usort_offaxis_survey_N0512_telserv3/FPM35_IWA34'}

Telescope pupil:
   Mirror symmetry in x: yes
   Mirror symmetry in y: yes

Lyot stop #0:
   Mirror symmetry in x: yes
Lyot stop #1:
   Mirror symmetry in x: no
   Searching for mirror symmetric Lyot stops in x...
      Found Lyot stop #2 to fit.
Lyot stop #2:
   Will be ignored due to symmetries with Lyot stops #[1]
Lyot stop #3:
   Mirror symmetry in x: yes
Lyot stop #4:
   Mirror symmetry in x: yes
Lyot stop #5:
   Mirror symmetry in x: no
   Searching for mirror symmetric Lyot stops in x...
      Found Lyot stop #7 to fit.
Lyot stop #6:
   Mirror symmetry in x: no
   Searching for mirror symmetric Lyot stops in x...
      Found Lyot stop #8 to fit.
Lyot stop #7:
   Will be ignored due to symmetries with Lyot stops #[5]
Lyot stop #8:
   Will be ignored due to symmetries with Lyot stops #[6]
Lyot stop #0:
   Mirror symmetry in y: yes
Lyot stop #1:
   Mirror symmetry in y: yes
Lyot stop #2:
   Will be ignored due to symmetries with Lyot stops #[1]
Lyot stop #3:
   Mirror symmetry in y: no
   Searching for mirror symmetric Lyot stops in y...
      Found Lyot stop #4 to fit.
Lyot stop #4:
   Will be ignored due to symmetries with Lyot stops #[3]
Lyot stop #5:
   Mirror symmetry in y: no
   Searching for mirror symmetric Lyot stops in y...
      Found Lyot stop #6 to fit.
Lyot stop #6:
   Will be ignored due to symmetries with Lyot stops #[5]
Lyot stop #7:
   Will be ignored due to symmetries with Lyot stops #[5]
Lyot stop #8:
   Will be ignored due to symmetries with Lyot stops #[6]

Complete APLC:
   Mirror symmetry in x: yes
   Mirror symmetry in y: yes

Starting optimization at scale 1 with 42875 variables and 26145 constraints.
Creating model...
Set parameter Username
Academic license - for non-commercial use only - expires 2024-10-25
Set parameter Crossover to value 0
Set parameter Method to value 2
Calculating and adding constraints...
Wavelength 1/5; Variable 1000/42875
Wavelength 1/5; Variable 2000/42875
Wavelength 1/5; Variable 3000/42875
Wavelength 1/5; Variable 4000/42875
Wavelength 1/5; Variable 5000/42875
Wavelength 1/5; Variable 6000/42875
Wavelength 1/5; Variable 7000/42875
Wavelength 1/5; Variable 8000/42875
Wavelength 1/5; Variable 9000/42875
Wavelength 1/5; Variable 10000/42875
Wavelength 1/5; Variable 11000/42875
Wavelength 1/5; Variable 12000/42875
Wavelength 1/5; Variable 13000/42875
Wavelength 1/5; Variable 14000/42875
Wavelength 1/5; Variable 15000/42875
Wavelength 1/5; Variable 16000/42875
Wavelength 1/5; Variable 17000/42875
Wavelength 1/5; Variable 18000/42875
Wavelength 1/5; Variable 19000/42875
Wavelength 1/5; Variable 20000/42875
Wavelength 1/5; Variable 21000/42875
Wavelength 1/5; Variable 22000/42875
Wavelength 1/5; Variable 23000/42875
Wavelength 1/5; Variable 24000/42875
Wavelength 1/5; Variable 25000/42875
Wavelength 1/5; Variable 26000/42875
Wavelength 1/5; Variable 27000/42875
Wavelength 1/5; Variable 28000/42875
Wavelength 1/5; Variable 29000/42875
Wavelength 1/5; Variable 30000/42875
Wavelength 1/5; Variable 31000/42875
Wavelength 1/5; Variable 32000/42875
Wavelength 1/5; Variable 33000/42875
Wavelength 1/5; Variable 34000/42875
Wavelength 1/5; Variable 35000/42875
Wavelength 1/5; Variable 36000/42875
Wavelength 1/5; Variable 37000/42875
Wavelength 1/5; Variable 38000/42875
Wavelength 1/5; Variable 39000/42875
Wavelength 1/5; Variable 40000/42875
Wavelength 1/5; Variable 41000/42875
Wavelength 1/5; Variable 42000/42875
Warning for adding constraints: zero or small (< 1e-13) coefficients, ignored
Wavelength 2/5; Variable 1000/42875
Wavelength 2/5; Variable 2000/42875
Wavelength 2/5; Variable 3000/42875
Wavelength 2/5; Variable 4000/42875
Wavelength 2/5; Variable 5000/42875
Wavelength 2/5; Variable 6000/42875
Wavelength 2/5; Variable 7000/42875
Wavelength 2/5; Variable 8000/42875
Wavelength 2/5; Variable 9000/42875
Wavelength 2/5; Variable 10000/42875
Wavelength 2/5; Variable 11000/42875
Wavelength 2/5; Variable 12000/42875
Wavelength 2/5; Variable 13000/42875
Wavelength 2/5; Variable 14000/42875
Wavelength 2/5; Variable 15000/42875
Wavelength 2/5; Variable 16000/42875
Wavelength 2/5; Variable 17000/42875
Wavelength 2/5; Variable 18000/42875
Wavelength 2/5; Variable 19000/42875
Wavelength 2/5; Variable 20000/42875
Wavelength 2/5; Variable 21000/42875
Wavelength 2/5; Variable 22000/42875
Wavelength 2/5; Variable 23000/42875
Wavelength 2/5; Variable 24000/42875
Wavelength 2/5; Variable 25000/42875
Wavelength 2/5; Variable 26000/42875
Wavelength 2/5; Variable 27000/42875
Wavelength 2/5; Variable 28000/42875
Wavelength 2/5; Variable 29000/42875
Wavelength 2/5; Variable 30000/42875
Wavelength 2/5; Variable 31000/42875
Wavelength 2/5; Variable 32000/42875
Wavelength 2/5; Variable 33000/42875
Wavelength 2/5; Variable 34000/42875
Wavelength 2/5; Variable 35000/42875
Wavelength 2/5; Variable 36000/42875
Wavelength 2/5; Variable 37000/42875
Wavelength 2/5; Variable 38000/42875
Wavelength 2/5; Variable 39000/42875
Wavelength 2/5; Variable 40000/42875
Wavelength 2/5; Variable 41000/42875
Wavelength 2/5; Variable 42000/42875
Wavelength 3/5; Variable 1000/42875
Wavelength 3/5; Variable 2000/42875
Wavelength 3/5; Variable 3000/42875
Wavelength 3/5; Variable 4000/42875
Wavelength 3/5; Variable 5000/42875
Wavelength 3/5; Variable 6000/42875
Wavelength 3/5; Variable 7000/42875
Wavelength 3/5; Variable 8000/42875
Wavelength 3/5; Variable 9000/42875
Wavelength 3/5; Variable 10000/42875
Wavelength 3/5; Variable 11000/42875
Wavelength 3/5; Variable 12000/42875
Wavelength 3/5; Variable 13000/42875
Wavelength 3/5; Variable 14000/42875
Wavelength 3/5; Variable 15000/42875
Wavelength 3/5; Variable 16000/42875
Wavelength 3/5; Variable 17000/42875
Wavelength 3/5; Variable 18000/42875
Wavelength 3/5; Variable 19000/42875
Wavelength 3/5; Variable 20000/42875
Wavelength 3/5; Variable 21000/42875
Wavelength 3/5; Variable 22000/42875
Wavelength 3/5; Variable 23000/42875
Wavelength 3/5; Variable 24000/42875
Wavelength 3/5; Variable 25000/42875
Wavelength 3/5; Variable 26000/42875
Wavelength 3/5; Variable 27000/42875
Wavelength 3/5; Variable 28000/42875
Wavelength 3/5; Variable 29000/42875
Wavelength 3/5; Variable 30000/42875
Wavelength 3/5; Variable 31000/42875
Wavelength 3/5; Variable 32000/42875
Wavelength 3/5; Variable 33000/42875
Wavelength 3/5; Variable 34000/42875
Wavelength 3/5; Variable 35000/42875
Wavelength 3/5; Variable 36000/42875
Wavelength 3/5; Variable 37000/42875
Wavelength 3/5; Variable 38000/42875
Wavelength 3/5; Variable 39000/42875
Wavelength 3/5; Variable 40000/42875
Wavelength 3/5; Variable 41000/42875
Wavelength 3/5; Variable 42000/42875
Wavelength 4/5; Variable 1000/42875
Wavelength 4/5; Variable 2000/42875
Wavelength 4/5; Variable 3000/42875
Wavelength 4/5; Variable 4000/42875
Wavelength 4/5; Variable 5000/42875
Wavelength 4/5; Variable 6000/42875
Wavelength 4/5; Variable 7000/42875
Wavelength 4/5; Variable 8000/42875
Wavelength 4/5; Variable 9000/42875
Wavelength 4/5; Variable 10000/42875
Wavelength 4/5; Variable 11000/42875
Wavelength 4/5; Variable 12000/42875
Wavelength 4/5; Variable 13000/42875
Wavelength 4/5; Variable 14000/42875
Wavelength 4/5; Variable 15000/42875
Wavelength 4/5; Variable 16000/42875
Wavelength 4/5; Variable 17000/42875
Wavelength 4/5; Variable 18000/42875
Wavelength 4/5; Variable 19000/42875
Wavelength 4/5; Variable 20000/42875
Wavelength 4/5; Variable 21000/42875
Wavelength 4/5; Variable 22000/42875
Wavelength 4/5; Variable 23000/42875
Wavelength 4/5; Variable 24000/42875
Wavelength 4/5; Variable 25000/42875
Wavelength 4/5; Variable 26000/42875
Wavelength 4/5; Variable 27000/42875
Wavelength 4/5; Variable 28000/42875
Wavelength 4/5; Variable 29000/42875
Wavelength 4/5; Variable 30000/42875
Wavelength 4/5; Variable 31000/42875
Wavelength 4/5; Variable 32000/42875
Wavelength 4/5; Variable 33000/42875
Wavelength 4/5; Variable 34000/42875
Wavelength 4/5; Variable 35000/42875
Wavelength 4/5; Variable 36000/42875
Wavelength 4/5; Variable 37000/42875
Wavelength 4/5; Variable 38000/42875
Wavelength 4/5; Variable 39000/42875
Wavelength 4/5; Variable 40000/42875
Wavelength 4/5; Variable 41000/42875
Wavelength 4/5; Variable 42000/42875
Wavelength 5/5; Variable 1000/42875
Wavelength 5/5; Variable 2000/42875
Wavelength 5/5; Variable 3000/42875
Wavelength 5/5; Variable 4000/42875
Wavelength 5/5; Variable 5000/42875
Wavelength 5/5; Variable 6000/42875
Wavelength 5/5; Variable 7000/42875
Wavelength 5/5; Variable 8000/42875
Wavelength 5/5; Variable 9000/42875
Wavelength 5/5; Variable 10000/42875
Wavelength 5/5; Variable 11000/42875
Wavelength 5/5; Variable 12000/42875
Wavelength 5/5; Variable 13000/42875
Wavelength 5/5; Variable 14000/42875
Wavelength 5/5; Variable 15000/42875
Wavelength 5/5; Variable 16000/42875
Wavelength 5/5; Variable 17000/42875
Wavelength 5/5; Variable 18000/42875
Wavelength 5/5; Variable 19000/42875
Wavelength 5/5; Variable 20000/42875
Wavelength 5/5; Variable 21000/42875
Wavelength 5/5; Variable 22000/42875
Wavelength 5/5; Variable 23000/42875
Wavelength 5/5; Variable 24000/42875
Wavelength 5/5; Variable 25000/42875
Wavelength 5/5; Variable 26000/42875
Wavelength 5/5; Variable 27000/42875
Wavelength 5/5; Variable 28000/42875
Wavelength 5/5; Variable 29000/42875
Wavelength 5/5; Variable 30000/42875
Wavelength 5/5; Variable 31000/42875
Wavelength 5/5; Variable 32000/42875
Wavelength 5/5; Variable 33000/42875
Wavelength 5/5; Variable 34000/42875
Wavelength 5/5; Variable 35000/42875
Wavelength 5/5; Variable 36000/42875
Wavelength 5/5; Variable 37000/42875
Wavelength 5/5; Variable 38000/42875
Wavelength 5/5; Variable 39000/42875
Wavelength 5/5; Variable 40000/42875
Wavelength 5/5; Variable 41000/42875
Wavelength 5/5; Variable 42000/42875
Start optimization...
Gurobi Optimizer version 10.0.3 build v10.0.3rc0 (linux64)

CPU model: Intel(R) Xeon(R) Gold 6146 CPU @ 3.20GHz, instruction set [SSE2|AVX|AVX2|AVX512]
Thread count: 24 physical cores, 48 logical processors, using up to 24 threads

Optimize a model with 52290 rows, 42875 columns and 2241933688 nonzeros
Model fingerprint: 0x81648994
Coefficient statistics:
  Matrix range     [1e-13, 3e-05]
  Objective range  [4e-03, 1e+00]
  Bounds range     [1e+00, 1e+00]
  RHS range        [1e-05, 1e-05]
Presolve removed 0 rows and 0 columns (presolve time = 82s) ...
Presolve removed 0 rows and 0 columns (presolve time = 122s) ...
Presolve removed 0 rows and 0 columns (presolve time = 126s) ...
Presolve removed 0 rows and 0 columns (presolve time = 133s) ...
Presolve removed 0 rows and 0 columns (presolve time = 138s) ...
Presolve removed 0 rows and 0 columns (presolve time = 141s) ...
Presolve removed 0 rows and 0 columns (presolve time = 224s) ...
Presolve removed 0 rows and 0 columns (presolve time = 606s) ...
Presolve removed 0 rows and 0 columns (presolve time = 857s) ...
Presolve removed 0 rows and 0 columns (presolve time = 868s) ...
Presolve removed 0 rows and 0 columns (presolve time = 875s) ...
Presolve removed 0 rows and 0 columns (presolve time = 893s) ...
Presolve removed 0 rows and 0 columns (presolve time = 896s) ...
Presolve removed 0 rows and 0 columns (presolve time = 900s) ...
Presolve removed 0 rows and 0 columns (presolve time = 905s) ...
Presolve removed 20000 rows and 0 columns (presolve time = 912s) ...
Presolve removed 26145 rows and 0 columns
Presolve time: 936.95s
Presolved: 26145 rows, 69020 columns, 1120992956 nonzeros
Error: invalid user locale; possible fix is to set the system environment
       variable 'LC_ALL' to a valid locale (e.g., to 'C')
Ordering time: 3.85s

Barrier statistics:
 AA' NZ     : 3.418e+08
 Factor NZ  : 3.418e+08 (roughly 3.0 GB of memory)
 Factor Ops : 5.958e+12 (roughly 40 seconds per iteration)
 Threads    : 24

                  Objective                Residual
Iter       Primal          Dual         Primal    Dual     Compl     Time
   0   7.89185254e+07  1.17186839e+05  2.24e+02 0.00e+00  4.22e+03  1232s
   1   7.47682674e+04  1.17135357e+05  1.65e-01 1.02e-10  3.82e+00  1399s
   2   5.61584775e+04  7.47908213e+04  1.13e-01 1.64e-07  2.01e+00  1576s
   3   2.23046711e+04  5.37911325e+04  2.17e-02 4.06e-07  5.30e-01  1746s
   4   1.57266240e+04  2.75575646e+04  6.22e-03 4.54e-07  1.44e-01  1928s
   5   1.42887409e+04  1.92918489e+04  3.31e-03 6.62e-07  6.12e-02  2106s
   6   1.35130560e+04  1.60429018e+04  1.71e-03 5.69e-07  2.99e-02  2288s
   7   1.30755320e+04  1.45555229e+04  7.84e-04 4.92e-07  1.58e-02  2459s
   8   1.29343790e+04  1.36068554e+04  4.61e-04 6.17e-07  7.72e-03  2632s
   9   1.28175280e+04  1.32018480e+04  1.60e-04 5.63e-07  3.75e-03  2825s
  10   1.27964632e+04  1.29715443e+04  6.63e-05 7.31e-07  1.66e-03  3046s
  11   1.27977012e+04  1.28989359e+04  3.84e-05 5.56e-07  9.59e-04  3235s
  12   1.27999410e+04  1.28658448e+04  2.77e-05 5.40e-07  6.40e-04  3418s
  13   1.28024244e+04  1.28434425e+04  1.89e-05 5.44e-07  4.07e-04  3635s
  14   1.28045361e+04  1.28309449e+04  1.26e-05 6.28e-07  2.65e-04  3840s
  15   1.28060459e+04  1.28237474e+04  8.77e-06 6.27e-07  1.79e-04  4012s
  16   1.28072275e+04  1.28173250e+04  6.13e-06 6.11e-07  1.09e-04  4181s
  17   1.28077585e+04  1.28147128e+04  5.00e-06 6.78e-07  7.95e-05  4361s
  18   1.28084712e+04  1.28130009e+04  3.52e-06 8.75e-07  5.33e-05  4555s
  19   1.28088042e+04  1.28121580e+04  2.77e-06 5.70e-07  4.04e-05  4726s
  20   1.28090514e+04  1.28115726e+04  2.22e-06 5.04e-07  3.12e-05  4896s
  21   1.28094102e+04  1.28110573e+04  1.51e-06 4.62e-07  2.07e-05  5067s
  22   1.28096594e+04  1.28107458e+04  1.00e-06 5.53e-07  1.37e-05  5245s
  23   1.28098149e+04  1.28104756e+04  6.53e-07 5.87e-07  8.59e-06  5424s
  24   1.28099382e+04  1.28103679e+04  3.82e-07 9.02e-07  5.33e-06  5604s
  25   1.28100307e+04  1.28102480e+04  1.86e-07 5.59e-07  2.65e-06  5767s
  26   1.28100843e+04  1.28101551e+04  7.41e-08 5.15e-07  9.45e-07  5935s
  27   1.28101151e+04  1.28101272e+04  1.26e-08 5.69e-07  1.61e-07  6098s
  28   1.28101211e+04  1.28101241e+04  3.25e-09 6.36e-07  4.05e-08  6254s
  29   1.28101229e+04  1.28101236e+04  6.84e-10 6.52e-07  8.86e-09  6407s
  30   1.28101231e+04  1.28101235e+04  4.10e-10 6.02e-07  5.27e-09  6546s
  31   1.28101231e+04  1.28101235e+04  2.44e-10 7.76e-07  2.99e-09  6693s
  32   1.28101232e+04  1.28101235e+04  2.46e-10 6.03e-07  2.99e-09  6850s
  33   1.28101231e+04  1.28101235e+04  2.24e-10 5.08e-07  2.90e-09  6999s
  34   1.28101239e+04  1.28101235e+04  4.28e-11 7.18e-07  8.66e-11  7160s

Barrier solved model in 34 iterations and 7160.03 seconds (3820.99 work units)
Optimal objective 1.28101239e+04

Optimization finished!
Restarting optimization for throughput iteration 1...
Gurobi Optimizer version 10.0.3 build v10.0.3rc0 (linux64)

CPU model: Intel(R) Xeon(R) Gold 6146 CPU @ 3.20GHz, instruction set [SSE2|AVX|AVX2|AVX512]
Thread count: 24 physical cores, 48 logical processors, using up to 24 threads

Optimize a model with 52290 rows, 42875 columns and 2241933688 nonzeros
Model fingerprint: 0x301d049b
Coefficient statistics:
  Matrix range     [1e-13, 3e-05]
  Objective range  [4e-03, 1e+00]
  Bounds range     [1e+00, 1e+00]
  RHS range        [4e-06, 4e-06]
Presolve removed 0 rows and 0 columns (presolve time = 80s) ...
Presolve removed 0 rows and 0 columns (presolve time = 118s) ...
Presolve removed 0 rows and 0 columns (presolve time = 121s) ...
Presolve removed 0 rows and 0 columns (presolve time = 125s) ...
Presolve removed 0 rows and 0 columns (presolve time = 133s) ...
Presolve removed 0 rows and 0 columns (presolve time = 137s) ...
Presolve removed 0 rows and 0 columns (presolve time = 218s) ...
Presolve removed 0 rows and 0 columns (presolve time = 704s) ...
Presolve removed 0 rows and 0 columns (presolve time = 991s) ...
Presolve removed 0 rows and 0 columns (presolve time = 1003s) ...
Presolve removed 0 rows and 0 columns (presolve time = 1010s) ...
Presolve removed 0 rows and 0 columns (presolve time = 1033s) ...
Presolve removed 0 rows and 0 columns (presolve time = 1037s) ...
Presolve removed 0 rows and 0 columns (presolve time = 1042s) ...
Presolve removed 0 rows and 0 columns (presolve time = 1046s) ...
Presolve removed 10000 rows and 0 columns (presolve time = 1051s) ...
Presolve removed 26145 rows and 0 columns (presolve time = 1056s) ...
Presolve removed 26145 rows and 0 columns
Presolve time: 1083.12s
Presolved: 26145 rows, 69020 columns, 1120992956 nonzeros
Ordering time: 3.64s

Barrier statistics:
 AA' NZ     : 3.418e+08
 Factor NZ  : 3.418e+08 (roughly 3.0 GB of memory)
 Factor Ops : 5.958e+12 (roughly 34 seconds per iteration)
 Threads    : 24

                  Objective                Residual
Iter       Primal          Dual         Primal    Dual     Compl     Time
   0   7.89185254e+07  1.03366506e+05  2.24e+02 0.00e+00  4.22e+03  1577s
   1   7.47502734e+04  1.03318815e+05  1.65e-01 1.02e-10  3.72e+00  1803s
   2   4.40908919e+04  7.81086252e+04  8.18e-02 8.22e-08  1.76e+00  2034s
   3   1.82733315e+04  4.93003180e+04  1.55e-02 3.64e-07  4.67e-01  2280s
   4   1.38284978e+04  2.36466528e+04  5.46e-03 5.46e-07  1.32e-01  2518s
   5   1.24505241e+04  1.71202406e+04  2.57e-03 5.15e-07  5.66e-02  2758s
   6   1.18071967e+04  1.35069624e+04  1.31e-03 7.07e-07  2.17e-02  3019s
   7   1.15072548e+04  1.24529728e+04  6.82e-04 5.77e-07  1.13e-02  3268s
   8   1.12873174e+04  1.18661441e+04  2.00e-04 6.42e-07  5.45e-03  3543s
   9   1.12687428e+04  1.15995552e+04  1.24e-04 6.08e-07  3.16e-03  3786s
  10   1.12601378e+04  1.13839336e+04  6.60e-05 1.25e-06  1.29e-03  4092s
  11   1.12599752e+04  1.13221738e+04  3.64e-05 9.69e-07  6.66e-04  4388s
  12   1.12615907e+04  1.13008691e+04  2.64e-05 6.57e-07  4.41e-04  4657s
  13   1.12628960e+04  1.12872970e+04  2.10e-05 8.81e-07  3.00e-04  4935s
  14   1.12640379e+04  1.12772369e+04  1.72e-05 6.51e-07  1.97e-04  5209s
  15   1.12655004e+04  1.12747923e+04  1.09e-05 6.19e-07  1.31e-04  5457s
  16   1.12660881e+04  1.12729101e+04  8.77e-06 5.45e-07  1.01e-04  5693s
  17   1.12664084e+04  1.12714429e+04  7.42e-06 5.50e-07  8.00e-05  5940s
  18   1.12667707e+04  1.12705695e+04  5.63e-06 5.97e-07  6.05e-05  6165s
  19   1.12669535e+04  1.12697469e+04  4.60e-06 5.59e-07  4.72e-05  6397s
  20   1.12671679e+04  1.12692462e+04  3.58e-06 4.98e-07  3.61e-05  6589s
  21   1.12673366e+04  1.12688215e+04  2.88e-06 4.91e-07  2.77e-05  6737s
  22   1.12674081e+04  1.12685010e+04  2.27e-06 5.71e-07  2.13e-05  6886s
  23   1.12675141e+04  1.12682441e+04  1.53e-06 4.86e-07  1.42e-05  7034s
  24   1.12675293e+04  1.12679462e+04  1.27e-06 5.93e-07  1.05e-05  7185s
  25   1.12675595e+04  1.12678223e+04  8.85e-07 5.09e-07  7.10e-06  7336s
  26   1.12675979e+04  1.12677640e+04  5.87e-07 4.83e-07  4.65e-06  7489s
  27   1.12675989e+04  1.12677358e+04  5.20e-07 5.15e-07  4.05e-06  7651s
  28   1.12676004e+04  1.12677114e+04  4.49e-07 5.39e-07  3.44e-06  7804s
  29   1.12676148e+04  1.12676942e+04  3.32e-07 4.32e-07  2.52e-06  7960s
  30   1.12676161e+04  1.12676789e+04  2.56e-07 5.34e-07  1.96e-06  8113s
  31   1.12676202e+04  1.12676597e+04  1.96e-07 4.67e-07  1.44e-06  8303s
  32   1.12676225e+04  1.12676436e+04  1.46e-07 5.06e-07  1.01e-06  8575s
  33   1.12676244e+04  1.12676326e+04  8.12e-08 5.55e-07  5.39e-07  8859s
  34   1.12676231e+04  1.12676271e+04  6.05e-08 5.26e-07  3.87e-07  9130s
  35   1.12676227e+04  1.12676241e+04  4.60e-08 5.00e-07  2.83e-07  9381s
  36   1.12676219e+04  1.12676232e+04  3.69e-08 4.60e-07  2.28e-07  9637s
  37   1.12676219e+04  1.12676228e+04  3.63e-08 4.66e-07  2.22e-07  9872s
  38   1.12676211e+04  1.12676217e+04  3.00e-08 5.01e-07  1.82e-07  10110s
  39   1.12676209e+04  1.12676213e+04  2.83e-08 5.91e-07  1.71e-07  10363s
  40   1.12676204e+04  1.12676209e+04  2.08e-08 5.12e-07  1.27e-07  10612s
  41   1.12676206e+04  1.12676198e+04  1.41e-08 6.59e-07  7.85e-08  10876s
  42   1.12676178e+04  1.12676187e+04  3.72e-09 5.51e-07  2.47e-08  11127s
  43   1.12676175e+04  1.12676185e+04  2.56e-09 5.37e-07  1.78e-08  11384s
  44   1.12676168e+04  1.12676183e+04  2.03e-09 5.05e-07  1.38e-08  11634s
  45   1.12676167e+04  1.12676182e+04  1.47e-09 4.96e-07  1.11e-08  11888s
  46   1.12676168e+04  1.12676180e+04  1.15e-09 4.76e-07  7.75e-09  12154s
  47   1.12676171e+04  1.12676179e+04  1.00e-09 4.93e-07  6.84e-09  12406s
  48   1.12676172e+04  1.12676178e+04  9.19e-10 5.11e-07  5.47e-09  12649s
  49   1.12676173e+04  1.12676177e+04  5.10e-10 5.04e-07  3.03e-09  12934s
  50   1.12676176e+04  1.12676177e+04  5.02e-10 4.62e-07  2.94e-09  13186s

Barrier solved model in 50 iterations and 13186.16 seconds (5346.56 work units)
Optimal objective 1.12676176e+04

/user/bnickson/GitHub/LUVex_TelAps/aplc_optimization/surveys/usort_offaxis_survey_N0512_telserv3/FPM35_IWA34/drivers/09_USORT_N512_FPM350M0150_IWA0340_OWA01400_C10_BW10_Nlam5_LS_ID_ID00_ODOD09_ls_0_ovsamp16_N.py:102: DeprecationWarning: circular_aperture is deprecated. Its new name is make_circular_aperture.
  dark_zone_mask = circular_aperture(img_owa * 2)(focal_grid) - circular_aperture(img_iwa * 2)(focal_grid)
/user/bnickson/GitHub/LUVex_TelAps/aplc_optimization/surveys/usort_offaxis_survey_N0512_telserv3/FPM35_IWA34/drivers/09_USORT_N512_FPM350M0150_IWA0340_OWA01400_C10_BW10_Nlam5_LS_ID_ID00_ODOD09_ls_0_ovsamp16_N.py:110: DeprecationWarning: circular_aperture is deprecated. Its new name is make_circular_aperture.
  focal_plane_mask = 1 - evaluate_supersampled(circular_aperture(2 * fpm_radius), focal_mask_grid, 8)
/user/bnickson/GitHub/LUVex_TelAps/aplc_optimization/surveys/usort_offaxis_survey_N0512_telserv3/FPM35_IWA34/drivers/09_USORT_N512_FPM350M0150_IWA0340_OWA01400_C10_BW10_Nlam5_LS_ID_ID00_ODOD09_ls_0_ovsamp16_N.py:118: DeprecationWarning: circular_aperture is deprecated. Its new name is make_circular_aperture.
  field_stop = circular_aperture(2 * field_stop_radius)(field_stop_grid)
WARNING: VerifyWarning: Keyword name 'LS_ALIGN_TOl' is greater than 8 characters or contains characters not allowed by the FITS standard; a HIERARCH card will be created. [astropy.io.fits.card]
WARNING: VerifyWarning: Keyword name 'LS_NUM_STOPS' is greater than 8 characters or contains characters not allowed by the FITS standard; a HIERARCH card will be created. [astropy.io.fits.card]
WARNING: VerifyWarning: Keyword name 'PROG_START' is greater than 8 characters or contains characters not allowed by the FITS standard; a HIERARCH card will be created. [astropy.io.fits.card]
WARNING: VerifyWarning: Keyword name 'PROG_EDGE' is greater than 8 characters or contains characters not allowed by the FITS standard; a HIERARCH card will be created. [astropy.io.fits.card]
WARNING: VerifyWarning: Keyword name 'THRPT_ITER' is greater than 8 characters or contains characters not allowed by the FITS standard; a HIERARCH card will be created. [astropy.io.fits.card]
WARNING: VerifyWarning: Keyword name 'THRPT_ESTIM' is greater than 8 characters or contains characters not allowed by the FITS standard; a HIERARCH card will be created. [astropy.io.fits.card]
WARNING: VerifyWarning: Keyword name 'MAX_THRPT' is greater than 8 characters or contains characters not allowed by the FITS standard; a HIERARCH card will be created. [astropy.io.fits.card]
WARNING: VerifyWarning: Keyword name 'SLV_THRDS' is greater than 8 characters or contains characters not allowed by the FITS standard; a HIERARCH card will be created. [astropy.io.fits.card]
WARNING: VerifyWarning: Keyword name 'SLV_XOVER' is greater than 8 characters or contains characters not allowed by the FITS standard; a HIERARCH card will be created. [astropy.io.fits.card]
Optimization finished!
