Optimizer called with the following parameters:
{'focal_plane_mask': {'field_stop_radius': -1.0,
                      'grayscale': True,
                      'num_pix': 1168,
                      'radius': 3.476449131},
 'image': {'bandwidth': 0.2,
           'contrast': 8,
           'iwa': 3,
           'num_wavelengths': 3,
           'owa': 22,
           'resolution': 2},
 'instrument': {'inst_name': 'GPI'},
 'lyot_stop': {'alignment_tolerance': 0,
               'filename': 'GPI/LS_GPI_080m12_03_grey_oversamp04_notabs_N1168.fits',
               'num_lyot_stops': 1},
 'method': {'edge_width_for_prior': 2,
            'ending_scale': 1,
            'force_no_hermitian_symmetry': False,
            'force_no_x_mirror_symmetry': False,
            'force_no_y_mirror_symmetry': False,
            'initial_throughput_estimate': 1,
            'maximize_planet_throughput': True,
            'num_throughput_iterations': 2,
            'starting_scale': 4},
 'pupil': {'N': 1168,
           'filename': 'GPI/Primary_GPI_grey_oversamp04_symmetric_N1168.fits'},
 'solver': {'crossover': 0,
            'method': 2,
            'num_threads': 0}}

File organization:
{'analysis_dir': '/user/bnickson/aplc-optimization/surveys/gpi_pathfinder_new_nonrobust_01-31-21_N1168_telserv3/analysis',
 'drivers_dir': '/user/bnickson/aplc-optimization/surveys/gpi_pathfinder_new_nonrobust_01-31-21_N1168_telserv3/drivers',
 'input_files_dir': '/user/bnickson/aplc-optimization/masks',
 'log_dir': '/user/bnickson/aplc-optimization/surveys/gpi_pathfinder_new_nonrobust_01-31-21_N1168_telserv3/logs',
 'solution_dir': '/user/bnickson/aplc-optimization/surveys/gpi_pathfinder_new_nonrobust_01-31-21_N1168_telserv3/solutions',
 'survey_dir': '/user/bnickson/aplc-optimization/surveys/gpi_pathfinder_new_nonrobust_01-31-21_N1168_telserv3'}

Telescope pupil:
   Mirror symmetry in x: yes
   Mirror symmetry in y: yes

Lyot stop #0:
   Mirror symmetry in x: yes
Lyot stop #0:
   Mirror symmetry in y: yes

Complete APLC:
   Mirror symmetry in x: yes
   Mirror symmetry in y: yes

Starting optimization at scale 4 with 15237 variables and 4485 constraints.
Creating model...
Using license file /home/bnickson/gurobi.lic
Academic license - for non-commercial use only
Parameter Threads unchanged
   Value: 0  Min: 0  Max: 1024  Default: 0
Changed value of parameter Crossover to 0
   Prev: -1  Min: -1  Max: 5  Default: -1
Changed value of parameter Method to 2
   Prev: -1  Min: -1  Max: 5  Default: -1
Calculating and adding constraints...
Wavelength 1/3; Variable 1000/15237
Wavelength 1/3; Variable 2000/15237
Wavelength 1/3; Variable 3000/15237
Wavelength 1/3; Variable 4000/15237
Wavelength 1/3; Variable 5000/15237
Wavelength 1/3; Variable 6000/15237
Wavelength 1/3; Variable 7000/15237
Wavelength 1/3; Variable 8000/15237
Wavelength 1/3; Variable 9000/15237
Wavelength 1/3; Variable 10000/15237
Wavelength 1/3; Variable 11000/15237
Wavelength 1/3; Variable 12000/15237
Wavelength 1/3; Variable 13000/15237
Wavelength 1/3; Variable 14000/15237
Wavelength 1/3; Variable 15000/15237
Warning for adding constraints: zero or small (< 1e-13) coefficients, ignored
Wavelength 2/3; Variable 1000/15237
Wavelength 2/3; Variable 2000/15237
Wavelength 2/3; Variable 3000/15237
Wavelength 2/3; Variable 4000/15237
Wavelength 2/3; Variable 5000/15237
Wavelength 2/3; Variable 6000/15237
Wavelength 2/3; Variable 7000/15237
Wavelength 2/3; Variable 8000/15237
Wavelength 2/3; Variable 9000/15237
Wavelength 2/3; Variable 10000/15237
Wavelength 2/3; Variable 11000/15237
Wavelength 2/3; Variable 12000/15237
Wavelength 2/3; Variable 13000/15237
Wavelength 2/3; Variable 14000/15237
Wavelength 2/3; Variable 15000/15237
Wavelength 3/3; Variable 1000/15237
Wavelength 3/3; Variable 2000/15237
Wavelength 3/3; Variable 3000/15237
Wavelength 3/3; Variable 4000/15237
Wavelength 3/3; Variable 5000/15237
Wavelength 3/3; Variable 6000/15237
Wavelength 3/3; Variable 7000/15237
Wavelength 3/3; Variable 8000/15237
Wavelength 3/3; Variable 9000/15237
Wavelength 3/3; Variable 10000/15237
Wavelength 3/3; Variable 11000/15237
Wavelength 3/3; Variable 12000/15237
Wavelength 3/3; Variable 13000/15237
Wavelength 3/3; Variable 14000/15237
Wavelength 3/3; Variable 15000/15237
Start optimization...
Gurobi Optimizer version 9.0.2 build v9.0.2rc0 (linux64)
Optimize a model with 8970 rows, 15237 columns and 136675868 nonzeros
Model fingerprint: 0x99bd0808
Coefficient statistics:
  Matrix range     [1e-13, 9e-05]
  Objective range  [4e-03, 1e+00]
  Bounds range     [1e+00, 1e+00]
  RHS range        [1e-04, 1e-04]
Presolve removed 0 rows and 0 columns (presolve time = 8s) ...
Presolve removed 0 rows and 0 columns (presolve time = 12s) ...
Presolve removed 0 rows and 0 columns (presolve time = 22s) ...
Presolve removed 0 rows and 0 columns (presolve time = 44s) ...
Presolve removed 4485 rows and 0 columns (presolve time = 49s) ...
Presolve removed 4485 rows and 0 columns
Presolve time: 50.93s
Presolved: 4485 rows, 19722 columns, 68342351 nonzeros
Ordering time: 0.25s

Barrier statistics:
 AA' NZ     : 1.006e+07
 Factor NZ  : 1.006e+07 (roughly 90 MBytes of memory)
 Factor Ops : 3.008e+10 (roughly 1 second per iteration)
 Threads    : 24

                  Objective                Residual
Iter       Primal          Dual         Primal    Dual     Compl     Time
   0   1.06449147e+07  4.19512320e+04  2.20e+01 0.00e+00  1.38e+03    69s
   1   1.95516832e+04  4.18948320e+04  2.60e-02 1.27e-11  2.50e+00    72s
   2   1.01322098e+04  2.66463378e+04  5.66e-03 5.07e-10  7.15e-01    77s
   3   8.75174341e+03  1.24740156e+04  1.35e-03 1.64e-09  1.34e-01    82s
   4   8.62383355e+03  1.06300198e+04  7.29e-04 1.03e-09  6.98e-02    87s
   5   8.39942023e+03  8.75341863e+03  2.06e-04 1.35e-09  1.36e-02    92s
   6   8.37781228e+03  8.48050959e+03  4.21e-05 1.93e-09  3.52e-03    96s
   7   8.38277944e+03  8.41511583e+03  1.75e-05 1.61e-09  1.20e-03   101s
   8   8.38641506e+03  8.40310361e+03  8.81e-06 1.37e-09  6.14e-04   105s
   9   8.38870648e+03  8.39885478e+03  5.37e-06 1.66e-09  3.73e-04   109s
  10   8.38987350e+03  8.39698878e+03  3.81e-06 1.31e-09  2.63e-04   113s
  11   8.39082098e+03  8.39555272e+03  2.62e-06 1.51e-09  1.77e-04   117s
  12   8.39132174e+03  8.39455337e+03  2.02e-06 1.53e-09  1.26e-04   121s
  13   8.39182928e+03  8.39414158e+03  1.44e-06 1.25e-09  8.98e-05   124s
  14   8.39227648e+03  8.39369391e+03  9.35e-07 1.28e-09  5.61e-05   129s
  15   8.39267300e+03  8.39341544e+03  5.12e-07 2.04e-09  2.99e-05   133s
  16   8.39287044e+03  8.39334292e+03  3.08e-07 1.54e-09  1.86e-05   137s
  17   8.39300259e+03  8.39326250e+03  1.67e-07 1.24e-09  1.02e-05   141s
  18   8.39311209e+03  8.39318972e+03  4.92e-08 1.41e-09  3.03e-06   146s
  19   8.39314977e+03  8.39317476e+03  1.37e-08 1.45e-09  9.29e-07   150s
  20   8.39315939e+03  8.39316846e+03  5.00e-09 1.40e-09  3.38e-07   155s
  21   8.39316308e+03  8.39316710e+03  1.95e-09 1.87e-09  1.44e-07   159s
  22   8.39316487e+03  8.39316629e+03  5.11e-10 1.61e-09  4.70e-08   163s
  23   8.39316540e+03  8.39316584e+03  1.28e-10 1.46e-09  1.40e-08   167s
  24   8.39316551e+03  8.39316566e+03  4.79e-11 1.62e-09  4.73e-09   172s
  25   8.39316558e+03  8.39316559e+03  4.96e-12 1.70e-09  4.45e-10   181s

Barrier solved model in 25 iterations and 180.83 seconds
Optimal objective 8.39316558e+03

Optimization finished!
Restarting optimization for throughput iteration 1...
Gurobi Optimizer version 9.0.2 build v9.0.2rc0 (linux64)
Optimize a model with 8970 rows, 15237 columns and 136675868 nonzeros
Model fingerprint: 0x1339a232
Coefficient statistics:
  Matrix range     [1e-13, 9e-05]
  Objective range  [4e-03, 1e+00]
  Bounds range     [1e+00, 1e+00]
  RHS range        [7e-05, 7e-05]
Presolve removed 0 rows and 0 columns (presolve time = 9s) ...
Presolve removed 0 rows and 0 columns (presolve time = 13s) ...
Presolve removed 0 rows and 0 columns (presolve time = 23s) ...
Presolve removed 0 rows and 0 columns (presolve time = 45s) ...
Presolve removed 4485 rows and 0 columns (presolve time = 51s) ...
Presolve removed 4485 rows and 0 columns
Presolve time: 52.21s
Presolved: 4485 rows, 19722 columns, 68342351 nonzeros
Ordering time: 0.31s

Barrier statistics:
 AA' NZ     : 1.006e+07
 Factor NZ  : 1.006e+07 (roughly 90 MBytes of memory)
 Factor Ops : 3.008e+10 (roughly 1 second per iteration)
 Threads    : 24

                  Objective                Residual
Iter       Primal          Dual         Primal    Dual     Compl     Time
   0   1.06449147e+07  3.76282776e+04  2.20e+01 0.00e+00  1.37e+03    73s
   1   2.32608493e+04  3.75860716e+04  3.36e-02 1.27e-11  2.87e+00    78s
   2   1.17914942e+04  2.31600046e+04  9.18e-03 7.09e-10  7.50e-01    82s
   3   9.41297242e+03  1.29476709e+04  2.65e-03 9.66e-10  1.73e-01    87s
   4   8.84869094e+03  9.20455716e+03  1.17e-03 1.52e-09  3.69e-02    91s
   5   8.43916468e+03  8.79989035e+03  3.28e-04 1.42e-09  1.66e-02    96s
   6   8.34060564e+03  8.51170926e+03  9.70e-05 1.30e-09  6.49e-03   101s
   7   8.32528154e+03  8.42590774e+03  4.58e-05 1.25e-09  3.56e-03   105s
   8   8.31768028e+03  8.36792766e+03  1.35e-05 1.58e-09  1.57e-03   109s
   9   8.31844095e+03  8.33785367e+03  6.22e-06 1.48e-09  6.27e-04   114s
  10   8.31951988e+03  8.32852981e+03  3.64e-06 1.28e-09  3.07e-04   118s
  11   8.32039487e+03  8.32616276e+03  2.32e-06 1.39e-09  1.96e-04   122s
  12   8.32100660e+03  8.32427510e+03  1.54e-06 1.31e-09  1.16e-04   126s
  13   8.32154468e+03  8.32335603e+03  8.98e-07 1.60e-09  6.53e-05   131s
  14   8.32190504e+03  8.32284451e+03  5.04e-07 1.69e-09  3.47e-05   135s
  15   8.32210289e+03  8.32267046e+03  2.96e-07 1.36e-09  2.08e-05   138s
  16   8.32223182e+03  8.32251128e+03  1.66e-07 1.66e-09  1.07e-05   142s
  17   8.32233689e+03  8.32243858e+03  6.38e-08 1.80e-09  3.96e-06   146s
  18   8.32238352e+03  8.32241686e+03  2.07e-08 1.81e-09  1.29e-06   151s
  19   8.32239766e+03  8.32241250e+03  8.62e-09 1.62e-09  5.63e-07   155s
  20   8.32240389e+03  8.32241065e+03  3.55e-09 1.66e-09  2.48e-07   160s
  21   8.32240680e+03  8.32240954e+03  1.16e-09 2.94e-09  9.45e-08   163s
  22   8.32240741e+03  8.32240876e+03  6.99e-10 1.79e-09  4.95e-08   167s
  23   8.32240795e+03  8.32240857e+03  2.76e-10 1.27e-09  2.16e-08   171s
  24   8.32240821e+03  8.32240844e+03  7.57e-11 1.35e-09  7.33e-09   175s
  25   8.32240832e+03  8.32240835e+03  2.58e-12 2.24e-09  7.96e-10   179s

Barrier solved model in 25 iterations and 179.36 seconds
Optimal objective 8.32240832e+03

Optimization finished!
Starting optimization at scale 2 with 14684 variables and 4485 constraints.
Creating model...
Parameter Threads unchanged
   Value: 0  Min: 0  Max: 1024  Default: 0
Changed value of parameter Crossover to 0
   Prev: -1  Min: -1  Max: 5  Default: -1
Changed value of parameter Method to 2
   Prev: -1  Min: -1  Max: 5  Default: -1
Calculating and adding constraints...
Wavelength 1/3; Variable 1000/14684
Wavelength 1/3; Variable 2000/14684
Wavelength 1/3; Variable 3000/14684
Wavelength 1/3; Variable 4000/14684
Wavelength 1/3; Variable 5000/14684
Wavelength 1/3; Variable 6000/14684
Wavelength 1/3; Variable 7000/14684
Wavelength 1/3; Variable 8000/14684
Wavelength 1/3; Variable 9000/14684
Wavelength 1/3; Variable 10000/14684
Wavelength 1/3; Variable 11000/14684
Wavelength 1/3; Variable 12000/14684
Wavelength 1/3; Variable 13000/14684
Wavelength 1/3; Variable 14000/14684
Warning for adding constraints: zero or small (< 1e-13) coefficients, ignored
Wavelength 2/3; Variable 1000/14684
Wavelength 2/3; Variable 2000/14684
Wavelength 2/3; Variable 3000/14684
Wavelength 2/3; Variable 4000/14684
Wavelength 2/3; Variable 5000/14684
Wavelength 2/3; Variable 6000/14684
Wavelength 2/3; Variable 7000/14684
Wavelength 2/3; Variable 8000/14684
Wavelength 2/3; Variable 9000/14684
Wavelength 2/3; Variable 10000/14684
Wavelength 2/3; Variable 11000/14684
Wavelength 2/3; Variable 12000/14684
Wavelength 2/3; Variable 13000/14684
Wavelength 2/3; Variable 14000/14684
Wavelength 3/3; Variable 1000/14684
Wavelength 3/3; Variable 2000/14684
Wavelength 3/3; Variable 3000/14684
Wavelength 3/3; Variable 4000/14684
Wavelength 3/3; Variable 5000/14684
Wavelength 3/3; Variable 6000/14684
Wavelength 3/3; Variable 7000/14684
Wavelength 3/3; Variable 8000/14684
Wavelength 3/3; Variable 9000/14684
Wavelength 3/3; Variable 10000/14684
Wavelength 3/3; Variable 11000/14684
Wavelength 3/3; Variable 12000/14684
Wavelength 3/3; Variable 13000/14684
Wavelength 3/3; Variable 14000/14684
Start optimization...
Gurobi Optimizer version 9.0.2 build v9.0.2rc0 (linux64)
Optimize a model with 8970 rows, 14684 columns and 131571826 nonzeros
Model fingerprint: 0xd8e08d84
Coefficient statistics:
  Matrix range     [1e-13, 2e-05]
  Objective range  [2e-02, 1e+00]
  Bounds range     [1e+00, 1e+00]
  RHS range        [2e-07, 1e-02]
Presolve removed 0 rows and 0 columns (presolve time = 13s) ...
Presolve removed 0 rows and 16 columns (presolve time = 17s) ...
Presolve removed 0 rows and 16 columns (presolve time = 34s) ...
Presolve removed 0 rows and 16 columns (presolve time = 80s) ...
Presolve removed 4485 rows and 16 columns (presolve time = 85s) ...
Presolve removed 4485 rows and 16 columns
Presolve time: 88.19s
Presolved: 4485 rows, 19153 columns, 65789972 nonzeros
Ordering time: 0.20s

Barrier statistics:
 AA' NZ     : 1.006e+07
 Factor NZ  : 1.006e+07 (roughly 90 MBytes of memory)
 Factor Ops : 3.008e+10 (roughly 1 second per iteration)
 Threads    : 24

                  Objective                Residual
Iter       Primal          Dual         Primal    Dual     Compl     Time
   0   4.31804868e+07  6.07524968e+04  7.18e+01 0.00e+00  5.42e+03   104s
   1   3.92419701e+04  6.07035568e+04  5.43e-02 5.82e-11  5.51e+00   107s
   2   1.69633473e+04  4.08200569e+04  1.72e-02 2.23e-09  1.88e+00   110s
   3   9.88255117e+03  2.03296207e+04  5.46e-03 6.52e-09  5.21e-01   117s
   4   7.12868503e+03  1.13241034e+04  8.86e-04 5.09e-09  1.34e-01   125s
   5   6.90009926e+03  9.25238707e+03  4.96e-04 5.88e-09  7.28e-02   134s
   6   6.71527953e+03  7.58828724e+03  1.57e-04 6.52e-09  2.57e-02   141s
   7   6.67726724e+03  7.06857124e+03  6.42e-05 5.75e-09  1.13e-02   148s
   8   6.67132728e+03  6.84707283e+03  3.19e-05 5.66e-09  5.13e-03   155s
   9   6.66960008e+03  6.74278455e+03  9.00e-06 5.53e-09  2.06e-03   163s
  10   6.67072241e+03  6.69487356e+03  3.39e-06 4.98e-09  6.86e-04   169s
  11   6.67169849e+03  6.68278930e+03  1.86e-06 6.34e-09  3.20e-04   175s
  12   6.67284949e+03  6.67672762e+03  7.14e-07 6.07e-09  1.13e-04   181s
  13   6.67360333e+03  6.67492674e+03  2.67e-07 5.36e-09  3.89e-05   188s
  14   6.67403000e+03  6.67440394e+03  7.33e-08 5.88e-09  1.10e-05   192s
  15   6.67417273e+03  6.67431131e+03  2.19e-08 5.80e-09  3.98e-06   195s
  16   6.67420073e+03  6.67427399e+03  1.31e-08 5.20e-09  2.13e-06   198s
  17   6.67422037e+03  6.67425769e+03  7.12e-09 5.46e-09  1.09e-06   200s
  18   6.67423189e+03  6.67425053e+03  3.68e-09 5.37e-09  5.47e-07   203s
  19   6.67423998e+03  6.67424698e+03  1.26e-09 6.64e-09  2.03e-07   205s
  20   6.67424322e+03  6.67424522e+03  3.34e-10 5.34e-09  5.77e-08   208s
  21   6.67424420e+03  6.67424454e+03  6.27e-11 5.71e-09  1.00e-08   211s
  22   6.67424440e+03  6.67424448e+03  1.43e-11 5.46e-09  2.24e-09   214s
  23   6.67424446e+03  6.67424446e+03  7.39e-13 6.48e-09  1.98e-10   216s

Barrier solved model in 23 iterations and 216.42 seconds
Optimal objective 6.67424446e+03

Optimization finished!
Starting optimization at scale 1 with 28791 variables and 4485 constraints.
Creating model...
Parameter Threads unchanged
   Value: 0  Min: 0  Max: 1024  Default: 0
Changed value of parameter Crossover to 0
   Prev: -1  Min: -1  Max: 5  Default: -1
Changed value of parameter Method to 2
   Prev: -1  Min: -1  Max: 5  Default: -1
Calculating and adding constraints...
Wavelength 1/3; Variable 1000/28791
Wavelength 1/3; Variable 2000/28791
Wavelength 1/3; Variable 3000/28791
Wavelength 1/3; Variable 4000/28791
Wavelength 1/3; Variable 5000/28791
Wavelength 1/3; Variable 6000/28791
Wavelength 1/3; Variable 7000/28791
Wavelength 1/3; Variable 8000/28791
Wavelength 1/3; Variable 9000/28791
Wavelength 1/3; Variable 10000/28791
Wavelength 1/3; Variable 11000/28791
Wavelength 1/3; Variable 12000/28791
Wavelength 1/3; Variable 13000/28791
Wavelength 1/3; Variable 14000/28791
Wavelength 1/3; Variable 15000/28791
Wavelength 1/3; Variable 16000/28791
Wavelength 1/3; Variable 17000/28791
Wavelength 1/3; Variable 18000/28791
Wavelength 1/3; Variable 19000/28791
Wavelength 1/3; Variable 20000/28791
Wavelength 1/3; Variable 21000/28791
Wavelength 1/3; Variable 22000/28791
Wavelength 1/3; Variable 23000/28791
Wavelength 1/3; Variable 24000/28791
Wavelength 1/3; Variable 25000/28791
Wavelength 1/3; Variable 26000/28791
Wavelength 1/3; Variable 27000/28791
Wavelength 1/3; Variable 28000/28791
Warning for adding constraints: zero or small (< 1e-13) coefficients, ignored
Wavelength 2/3; Variable 1000/28791
Wavelength 2/3; Variable 2000/28791
Wavelength 2/3; Variable 3000/28791
Wavelength 2/3; Variable 4000/28791
Wavelength 2/3; Variable 5000/28791
Wavelength 2/3; Variable 6000/28791
Wavelength 2/3; Variable 7000/28791
Wavelength 2/3; Variable 8000/28791
Wavelength 2/3; Variable 9000/28791
Wavelength 2/3; Variable 10000/28791
Wavelength 2/3; Variable 11000/28791
Wavelength 2/3; Variable 12000/28791
Wavelength 2/3; Variable 13000/28791
Wavelength 2/3; Variable 14000/28791
Wavelength 2/3; Variable 15000/28791
Wavelength 2/3; Variable 16000/28791
Wavelength 2/3; Variable 17000/28791
Wavelength 2/3; Variable 18000/28791
Wavelength 2/3; Variable 19000/28791
Wavelength 2/3; Variable 20000/28791
Wavelength 2/3; Variable 21000/28791
Wavelength 2/3; Variable 22000/28791
Wavelength 2/3; Variable 23000/28791
Wavelength 2/3; Variable 24000/28791
Wavelength 2/3; Variable 25000/28791
Wavelength 2/3; Variable 26000/28791
Wavelength 2/3; Variable 27000/28791
Wavelength 2/3; Variable 28000/28791
Wavelength 3/3; Variable 1000/28791
Wavelength 3/3; Variable 2000/28791
Wavelength 3/3; Variable 3000/28791
Wavelength 3/3; Variable 4000/28791
Wavelength 3/3; Variable 5000/28791
Wavelength 3/3; Variable 6000/28791
Wavelength 3/3; Variable 7000/28791
Wavelength 3/3; Variable 8000/28791
Wavelength 3/3; Variable 9000/28791
Wavelength 3/3; Variable 10000/28791
Wavelength 3/3; Variable 11000/28791
Wavelength 3/3; Variable 12000/28791
Wavelength 3/3; Variable 13000/28791
Wavelength 3/3; Variable 14000/28791
Wavelength 3/3; Variable 15000/28791
Wavelength 3/3; Variable 16000/28791
Wavelength 3/3; Variable 17000/28791
Wavelength 3/3; Variable 18000/28791
Wavelength 3/3; Variable 19000/28791
Wavelength 3/3; Variable 20000/28791
Wavelength 3/3; Variable 21000/28791
Wavelength 3/3; Variable 22000/28791
Wavelength 3/3; Variable 23000/28791
Wavelength 3/3; Variable 24000/28791
Wavelength 3/3; Variable 25000/28791
Wavelength 3/3; Variable 26000/28791
Wavelength 3/3; Variable 27000/28791
Wavelength 3/3; Variable 28000/28791
Start optimization...
Gurobi Optimizer version 9.0.2 build v9.0.2rc0 (linux64)
Optimize a model with 8970 rows, 28791 columns and 257967450 nonzeros
Model fingerprint: 0x7cf3b42f
Coefficient statistics:
  Matrix range     [1e-13, 6e-06]
  Objective range  [6e-02, 1e+00]
  Bounds range     [1e+00, 1e+00]
  RHS range        [1e-09, 6e-03]
Presolve removed 0 rows and 0 columns (presolve time = 25s) ...
Presolve removed 0 rows and 32 columns (presolve time = 31s) ...
Presolve removed 0 rows and 32 columns (presolve time = 46s) ...
Presolve removed 0 rows and 32 columns (presolve time = 113s) ...
Presolve removed 4485 rows and 32 columns (presolve time = 123s) ...
Presolve removed 4485 rows and 32 columns
Presolve time: 127.58s
Presolved: 4485 rows, 33244 columns, 128987198 nonzeros
Ordering time: 0.28s

Barrier statistics:
 AA' NZ     : 1.006e+07
 Factor NZ  : 1.006e+07 (roughly 100 MBytes of memory)
 Factor Ops : 3.008e+10 (roughly 1 second per iteration)
 Threads    : 24

                  Objective                Residual
Iter       Primal          Dual         Primal    Dual     Compl     Time
   0   3.40990416e+08  1.72837102e+05  1.29e+02 0.00e+00  2.03e+04   163s
   1   1.70214639e+05  1.72676866e+05  5.99e-02 2.04e-10  1.18e+01   177s
   2   5.96489490e+04  9.52656193e+04  1.78e-02 8.44e-09  3.63e+00   187s
   3   2.48283354e+04  5.03277026e+04  4.58e-03 1.65e-08  1.02e+00   200s
   4   1.86682275e+04  4.13557462e+04  2.23e-03 1.58e-08  6.08e-01   214s
   5   1.35577865e+04  3.03009010e+04  2.76e-04 1.84e-08  2.77e-01   227s
   6   1.31446114e+04  1.89898607e+04  1.02e-04 2.34e-08  9.38e-02   239s
   7   1.30371619e+04  1.58039213e+04  4.82e-05 2.06e-08  4.40e-02   251s
   8   1.29953673e+04  1.42010393e+04  1.62e-05 2.31e-08  1.88e-02   262s
   9   1.29935272e+04  1.32268451e+04  5.13e-06 2.66e-08  3.72e-03   275s
  10   1.29969924e+04  1.30521496e+04  2.53e-06 2.24e-08  9.32e-04   287s
  11   1.29998889e+04  1.30201697e+04  7.77e-07 2.03e-08  3.37e-04   299s
  12   1.30017360e+04  1.30099289e+04  2.24e-07 2.58e-08  1.32e-04   309s
  13   1.30025863e+04  1.30069693e+04  1.17e-07 2.16e-08  7.06e-05   320s
  14   1.30032447e+04  1.30048380e+04  5.81e-08 2.29e-08  2.63e-05   326s
  15   1.30037225e+04  1.30043049e+04  1.96e-08 2.67e-08  9.55e-06   331s
  16   1.30039245e+04  1.30041060e+04  5.96e-09 2.29e-08  2.97e-06   338s
  17   1.30039878e+04  1.30040567e+04  2.12e-09 2.22e-08  1.12e-06   343s
  18   1.30040108e+04  1.30040395e+04  8.34e-10 2.07e-08  4.64e-07   348s
  19   1.30040197e+04  1.30040328e+04  3.59e-10 2.11e-08  2.12e-07   353s
  20   1.30040234e+04  1.30040298e+04  1.72e-10 2.17e-08  1.03e-07   358s
  21   1.30040258e+04  1.30040277e+04  4.93e-11 2.28e-08  3.08e-08   363s
  22   1.30040266e+04  1.30040270e+04  1.23e-11 2.19e-08  6.61e-09   369s
  23   1.30040269e+04  1.30040269e+04  6.46e-13 2.63e-08  6.52e-10   375s

Barrier solved model in 23 iterations and 374.85 seconds
Optimal objective 1.30040269e+04

WARNING: VerifyWarning: Keyword name 'LS_ALIGN_TOl' is greater than 8 characters or contains characters not allowed by the FITS standard; a HIERARCH card will be created. [astropy.io.fits.card]
WARNING: VerifyWarning: Keyword name 'LS_NUM_STOPS' is greater than 8 characters or contains characters not allowed by the FITS standard; a HIERARCH card will be created. [astropy.io.fits.card]
WARNING: VerifyWarning: Keyword name 'PROG_START' is greater than 8 characters or contains characters not allowed by the FITS standard; a HIERARCH card will be created. [astropy.io.fits.card]
WARNING: VerifyWarning: Keyword name 'PROG_EDGE' is greater than 8 characters or contains characters not allowed by the FITS standard; a HIERARCH card will be created. [astropy.io.fits.card]
WARNING: VerifyWarning: Keyword name 'THRPT_ITER' is greater than 8 characters or contains characters not allowed by the FITS standard; a HIERARCH card will be created. [astropy.io.fits.card]
WARNING: VerifyWarning: Keyword name 'THRPT_ESTIM' is greater than 8 characters or contains characters not allowed by the FITS standard; a HIERARCH card will be created. [astropy.io.fits.card]
WARNING: VerifyWarning: Keyword name 'MAX_THRPT' is greater than 8 characters or contains characters not allowed by the FITS standard; a HIERARCH card will be created. [astropy.io.fits.card]
WARNING: VerifyWarning: Keyword name 'SLV_THRDS' is greater than 8 characters or contains characters not allowed by the FITS standard; a HIERARCH card will be created. [astropy.io.fits.card]
WARNING: VerifyWarning: Keyword name 'SLV_XOVER' is greater than 8 characters or contains characters not allowed by the FITS standard; a HIERARCH card will be created. [astropy.io.fits.card]
WARNING: VerifyWarning: Card is too long, comment will be truncated. [astropy.io.fits.card]
Optimization finished!
