Optimizer called with the following parameters:
{'focal_plane_mask': {'field_stop_radius': -1.0,
                      'grayscale': True,
                      'num_pix': 50,
                      'radius': 3.82},
 'image': {'bandwidth': 0.18,
           'contrast': 10,
           'iwa': 3,
           'num_wavelengths': 8,
           'owa': 12.0,
           'resolution': 2},
 'lyot_stop': {'alignment_tolerance': 0,
               'filename': 'LUVOIR/LS_LUVOIR_ID0199_OD0983_no_struts_gy_ovsamp4_N0200.fits',
               'num_lyot_stops': 1},
 'method': {'edge_width_for_prior': 2,
            'ending_scale': 1,
            'force_no_hermitian_symmetry': False,
            'force_no_x_mirror_symmetry': False,
            'force_no_y_mirror_symmetry': False,
            'initial_throughput_estimate': 1,
            'maximize_planet_throughput': True,
            'num_throughput_iterations': 2,
            'starting_scale': 1},
 'pupil': {'N': 200,
           'filename': 'LUVOIR/TelAp_LUVOIR_gap_pad04_bw_ovsamp04_N0200.fits'},
 'solver': {'crossover': 0,
            'method': 2,
            'num_threads': 0}}

File organization:
{'analysis_dir': '/user/kstlaurent/git/progressive_refinement_coronagraphy/surveys/luvoir_N0200_small_local/analysis',
 'drivers_dir': '/user/kstlaurent/git/progressive_refinement_coronagraphy/surveys/luvoir_N0200_small_local/drivers',
 'input_files_dir': '/user/kstlaurent/git/progressive_refinement_coronagraphy/masks',
 'log_dir': '/user/kstlaurent/git/progressive_refinement_coronagraphy/surveys/luvoir_N0200_small_local/logs',
 'solution_dir': '/user/kstlaurent/git/progressive_refinement_coronagraphy/surveys/luvoir_N0200_small_local/solutions',
 'survey_dir': '/user/kstlaurent/git/progressive_refinement_coronagraphy/surveys/luvoir_N0200_small_local'}

Telescope pupil:
   Mirror symmetry in x: yes
   Mirror symmetry in y: no

Lyot stop #0:
   Mirror symmetry in x: yes
Lyot stop #0:
   Mirror symmetry in y: yes

Complete APLC:
   Mirror symmetry in x: yes
   Mirror symmetry in y: no

Starting optimization at scale 1 with 13749 variables and 6768 constraints.
Creating model...
Academic license - for non-commercial use only
Parameter Threads unchanged
   Value: 0  Min: 0  Max: 1024  Default: 0
Changed value of parameter Crossover to 0
   Prev: -1  Min: -1  Max: 5  Default: -1
Changed value of parameter Method to 2
   Prev: -1  Min: -1  Max: 5  Default: -1
Calculating and adding constraints...
Wavelength 1/8; Variable 1000/13749
Wavelength 1/8; Variable 2000/13749
Wavelength 1/8; Variable 3000/13749
Wavelength 1/8; Variable 4000/13749
Wavelength 1/8; Variable 5000/13749
Wavelength 1/8; Variable 6000/13749
Wavelength 1/8; Variable 7000/13749
Wavelength 1/8; Variable 8000/13749
Wavelength 1/8; Variable 9000/13749
Wavelength 1/8; Variable 10000/13749
Wavelength 1/8; Variable 11000/13749
Wavelength 1/8; Variable 12000/13749
Wavelength 1/8; Variable 13000/13749
Wavelength 2/8; Variable 1000/13749
Wavelength 2/8; Variable 2000/13749
Wavelength 2/8; Variable 3000/13749
Wavelength 2/8; Variable 4000/13749
Wavelength 2/8; Variable 5000/13749
Wavelength 2/8; Variable 6000/13749
Wavelength 2/8; Variable 7000/13749
Wavelength 2/8; Variable 8000/13749
Wavelength 2/8; Variable 9000/13749
Wavelength 2/8; Variable 10000/13749
Wavelength 2/8; Variable 11000/13749
Wavelength 2/8; Variable 12000/13749
Wavelength 2/8; Variable 13000/13749
Wavelength 3/8; Variable 1000/13749
Wavelength 3/8; Variable 2000/13749
Wavelength 3/8; Variable 3000/13749
Wavelength 3/8; Variable 4000/13749
Wavelength 3/8; Variable 5000/13749
Wavelength 3/8; Variable 6000/13749
Wavelength 3/8; Variable 7000/13749
Wavelength 3/8; Variable 8000/13749
Wavelength 3/8; Variable 9000/13749
Wavelength 3/8; Variable 10000/13749
Wavelength 3/8; Variable 11000/13749
Wavelength 3/8; Variable 12000/13749
Wavelength 3/8; Variable 13000/13749
Wavelength 4/8; Variable 1000/13749
Wavelength 4/8; Variable 2000/13749
Wavelength 4/8; Variable 3000/13749
Wavelength 4/8; Variable 4000/13749
Wavelength 4/8; Variable 5000/13749
Wavelength 4/8; Variable 6000/13749
Wavelength 4/8; Variable 7000/13749
Wavelength 4/8; Variable 8000/13749
Wavelength 4/8; Variable 9000/13749
Wavelength 4/8; Variable 10000/13749
Wavelength 4/8; Variable 11000/13749
Wavelength 4/8; Variable 12000/13749
Wavelength 4/8; Variable 13000/13749
Wavelength 5/8; Variable 1000/13749
Wavelength 5/8; Variable 2000/13749
Wavelength 5/8; Variable 3000/13749
Wavelength 5/8; Variable 4000/13749
Wavelength 5/8; Variable 5000/13749
Wavelength 5/8; Variable 6000/13749
Wavelength 5/8; Variable 7000/13749
Wavelength 5/8; Variable 8000/13749
Wavelength 5/8; Variable 9000/13749
Wavelength 5/8; Variable 10000/13749
Wavelength 5/8; Variable 11000/13749
Wavelength 5/8; Variable 12000/13749
Wavelength 5/8; Variable 13000/13749
Wavelength 6/8; Variable 1000/13749
Wavelength 6/8; Variable 2000/13749
Wavelength 6/8; Variable 3000/13749
Wavelength 6/8; Variable 4000/13749
Wavelength 6/8; Variable 5000/13749
Wavelength 6/8; Variable 6000/13749
Wavelength 6/8; Variable 7000/13749
Wavelength 6/8; Variable 8000/13749
Wavelength 6/8; Variable 9000/13749
Wavelength 6/8; Variable 10000/13749
Wavelength 6/8; Variable 11000/13749
Wavelength 6/8; Variable 12000/13749
Wavelength 6/8; Variable 13000/13749
Wavelength 7/8; Variable 1000/13749
Wavelength 7/8; Variable 2000/13749
Wavelength 7/8; Variable 3000/13749
Wavelength 7/8; Variable 4000/13749
Wavelength 7/8; Variable 5000/13749
Wavelength 7/8; Variable 6000/13749
Wavelength 7/8; Variable 7000/13749
Wavelength 7/8; Variable 8000/13749
Wavelength 7/8; Variable 9000/13749
Wavelength 7/8; Variable 10000/13749
Wavelength 7/8; Variable 11000/13749
Wavelength 7/8; Variable 12000/13749
Wavelength 7/8; Variable 13000/13749
Wavelength 8/8; Variable 1000/13749
Wavelength 8/8; Variable 2000/13749
Wavelength 8/8; Variable 3000/13749
Wavelength 8/8; Variable 4000/13749
Wavelength 8/8; Variable 5000/13749
Wavelength 8/8; Variable 6000/13749
Wavelength 8/8; Variable 7000/13749
Wavelength 8/8; Variable 8000/13749
Wavelength 8/8; Variable 9000/13749
Wavelength 8/8; Variable 10000/13749
Wavelength 8/8; Variable 11000/13749
Wavelength 8/8; Variable 12000/13749
Wavelength 8/8; Variable 13000/13749
Start optimization...
Optimize a model with 13536 rows, 13749 columns and 186106464 nonzeros
Coefficient statistics:
  Matrix range     [3e-13, 2e-04]
  Objective range  [5e-02, 1e+00]
  Bounds range     [1e+00, 1e+00]
  RHS range        [1e-05, 1e-05]
Presolve removed 0 rows and 0 columns (presolve time = 12s) ...
Presolve removed 0 rows and 0 columns (presolve time = 17s) ...
Presolve removed 0 rows and 0 columns (presolve time = 29s) ...
Presolve removed 0 rows and 0 columns (presolve time = 55s) ...
Presolve removed 6768 rows and 0 columns (presolve time = 62s) ...
Presolve removed 6768 rows and 0 columns
Presolve time: 63.41s
Presolved: 6768 rows, 20517 columns, 93059992 nonzeros
Ordering time: 0.00s

Barrier statistics:
 AA' NZ     : 2.290e+07
 Factor NZ  : 2.291e+07 (roughly 200 MBytes of memory)
 Factor Ops : 1.034e+11 (roughly 3 seconds per iteration)
 Threads    : 6

                  Objective                Residual
Iter       Primal          Dual         Primal    Dual     Compl     Time
   0   5.11353413e+06  3.61192013e+04  1.90e+01 0.00e+00  1.04e+03   107s
   1   1.72793432e+04  3.60485564e+04  4.43e-02 1.27e-11  3.16e+00   131s
   2   7.03221698e+03  2.01271477e+04  3.91e-03 2.60e-09  4.95e-01   155s
   3   7.04656801e+03  1.04067592e+04  1.98e-03 4.72e-09  1.39e-01   179s
   4   7.04095570e+03  8.35972301e+03  1.27e-03 8.55e-09  6.44e-02   203s
   5   6.98750580e+03  7.86602538e+03  8.64e-04 1.12e-08  4.46e-02   228s
   6   6.94776679e+03  7.54456669e+03  6.88e-04 2.93e-08  3.50e-02   252s
   7   6.89549688e+03  7.32994722e+03  5.59e-04 2.91e-08  3.02e-02   276s
   8   6.82646442e+03  7.11055268e+03  4.52e-04 4.96e-08  2.51e-02   300s
   9   6.75538734e+03  6.86790760e+03  3.92e-04 1.62e-07  2.09e-02   325s
  10   6.66517376e+03  6.69286839e+03  3.33e-04 5.43e-08  1.75e-02   349s
  11   6.56949927e+03  6.55173988e+03  2.81e-04 6.57e-08  1.49e-02   374s
  12   6.48701033e+03  6.42367210e+03  2.38e-04 5.29e-07  1.22e-02   398s
  13   6.42828420e+03  6.33358737e+03  2.10e-04 2.61e-07  1.02e-02   421s
  14   6.36100479e+03  6.28818960e+03  1.78e-04 2.42e-07  9.04e-03   446s
  15   6.30904316e+03  6.21261011e+03  1.54e-04 3.40e-07  7.22e-03   471s
  16   6.24797861e+03  6.14539891e+03  1.25e-04 5.08e-07  5.49e-03   496s
  17   6.18586066e+03  6.10547592e+03  9.71e-05 2.20e-07  4.33e-03   520s
  18   6.15387154e+03  6.07854569e+03  8.26e-05 6.70e-08  3.57e-03   544s
  19   6.10496886e+03  6.05737094e+03  6.07e-05 2.10e-07  2.85e-03   570s
  20   6.08870652e+03  6.04550795e+03  5.34e-05 2.59e-07  2.50e-03   593s
  21   6.05665206e+03  6.01446151e+03  3.91e-05 2.27e-07  1.60e-03   619s
  22   6.03556104e+03  5.99758465e+03  2.95e-05 5.27e-07  1.07e-03   643s
  23   6.02295489e+03  5.98833057e+03  2.37e-05 7.23e-07  7.64e-04   667s
  24   6.01281247e+03  5.98310264e+03  1.89e-05 1.24e-06  5.68e-04   692s
  25   6.00147973e+03  5.98049415e+03  1.38e-05 1.72e-06  4.33e-04   715s
  26   5.99265266e+03  5.97726635e+03  9.79e-06 7.99e-07  2.98e-04   739s
  27   5.98945535e+03  5.97581664e+03  8.37e-06 1.40e-06  2.45e-04   763s
  28   5.98261526e+03  5.97413264e+03  5.34e-06 3.05e-07  1.63e-04   788s
  29   5.97793872e+03  5.97198861e+03  3.28e-06 4.79e-07  8.30e-05   812s
  30   5.97494099e+03  5.97109975e+03  1.94e-06 1.62e-06  4.13e-05   838s
  31   5.97241495e+03  5.97082863e+03  8.22e-07 1.31e-07  1.86e-05   863s
  32   5.97091591e+03  5.97062359e+03  1.58e-07 4.46e-06  3.86e-06   889s
  33   5.97067300e+03  5.97059235e+03  4.45e-08 2.98e-06  1.14e-06   913s
  34   5.97061127e+03  5.97058444e+03  1.54e-08 3.61e-06  4.24e-07   938s
  35   5.97057933e+03  5.97057944e+03  4.10e-10 7.44e-06  3.15e-08   967s
  36   5.97057846e+03  5.97057891e+03  8.53e-11 2.29e-06  2.89e-09   992s
  37   5.97057863e+03  5.97057883e+03  1.27e-11 1.74e-06  1.80e-10  1019s

Barrier solved model in 37 iterations and 1019.46 seconds
Optimal objective 5.97057863e+03

Optimization finished!
Restarting optimization for throughput iteration 1...
Optimize a model with 13536 rows, 13749 columns and 186106464 nonzeros
Coefficient statistics:
  Matrix range     [3e-13, 2e-04]
  Objective range  [5e-02, 1e+00]
  Bounds range     [1e+00, 1e+00]
  RHS range        [5e-06, 5e-06]
Presolve removed 0 rows and 0 columns (presolve time = 11s) ...
Presolve removed 0 rows and 0 columns (presolve time = 17s) ...
Presolve removed 0 rows and 0 columns (presolve time = 29s) ...
Presolve removed 0 rows and 0 columns (presolve time = 53s) ...
Presolve removed 6768 rows and 0 columns (presolve time = 60s) ...
Presolve removed 6768 rows and 0 columns
Presolve time: 61.33s
Presolved: 6768 rows, 20517 columns, 93059992 nonzeros
Ordering time: 0.00s

Barrier statistics:
 AA' NZ     : 2.290e+07
 Factor NZ  : 2.291e+07 (roughly 200 MBytes of memory)
 Factor Ops : 1.034e+11 (roughly 3 seconds per iteration)
 Threads    : 6

                  Objective                Residual
Iter       Primal          Dual         Primal    Dual     Compl     Time
   0   5.11353413e+06  3.54732816e+04  1.90e+01 0.00e+00  1.04e+03   104s
   1   1.72906681e+04  3.54022851e+04  4.43e-02 1.27e-11  3.15e+00   128s
   2   7.18362837e+03  1.95063177e+04  4.52e-03 3.97e-09  5.07e-01   151s
   3   7.09204044e+03  1.01271958e+04  2.32e-03 5.88e-09  1.48e-01   175s
   4   7.07569619e+03  8.53987561e+03  1.62e-03 2.13e-08  8.54e-02   198s
   5   7.00458394e+03  7.88125366e+03  1.26e-03 2.29e-08  6.40e-02   222s
   6   6.91367941e+03  7.39149892e+03  1.07e-03 3.62e-08  5.35e-02   246s
   7   6.75923842e+03  6.78824783e+03  9.09e-04 5.31e-08  4.41e-02   271s
   8   6.58268253e+03  6.41833507e+03  7.93e-04 6.28e-08  3.81e-02   294s
   9   6.43643488e+03  6.09355249e+03  7.15e-04 7.80e-08  3.29e-02   318s
  10   6.25364600e+03  5.83677943e+03  6.24e-04 7.84e-08  2.83e-02   342s
  11   6.11234717e+03  5.66006558e+03  5.57e-04 2.33e-07  2.47e-02   367s
  12   5.95516379e+03  5.48412275e+03  4.86e-04 8.54e-08  2.10e-02   392s
  13   5.87363148e+03  5.36975538e+03  4.52e-04 9.21e-08  1.85e-02   418s
  14   5.80707594e+03  5.24499290e+03  4.23e-04 1.19e-07  1.61e-02   442s
  15   5.70151672e+03  5.19881379e+03  3.80e-04 1.08e-07  1.47e-02   466s
  16   5.63731678e+03  5.12278713e+03  3.55e-04 1.90e-07  1.30e-02   490s
  17   5.56428706e+03  5.05406521e+03  3.27e-04 8.20e-08  1.16e-02   514s
  18   5.48363479e+03  4.99066168e+03  2.96e-04 1.13e-07  1.04e-02   539s
  19   5.47632432e+03  4.97933453e+03  2.93e-04 8.96e-08  1.02e-02   562s
  20   5.41404182e+03  4.95050784e+03  2.70e-04 1.14e-07  9.60e-03   587s
  21   5.38906152e+03  4.90087738e+03  2.61e-04 2.64e-07  8.88e-03   610s
  22   5.33296038e+03  4.83893373e+03  2.42e-04 1.16e-07  7.73e-03   634s
  23   5.27845023e+03  4.78967342e+03  2.24e-04 4.54e-07  6.81e-03   659s
  24   5.25762532e+03  4.77673005e+03  2.17e-04 5.22e-07  6.55e-03   682s
  25   5.19019782e+03  4.75040706e+03  1.94e-04 1.32e-07  5.82e-03   707s
  26   5.15637666e+03  4.74395310e+03  1.83e-04 1.20e-07  5.61e-03   731s
  27   5.13943377e+03  4.74152259e+03  1.78e-04 1.39e-07  5.52e-03   755s
  28   5.09754555e+03  4.72929062e+03  1.64e-04 1.97e-07  5.25e-03   779s
  29   5.05758729e+03  4.71520199e+03  1.52e-04 2.68e-07  4.87e-03   803s
  30   5.01693191e+03  4.68551519e+03  1.39e-04 1.43e-07  4.14e-03   827s
  31   4.96816490e+03  4.66105820e+03  1.24e-04 1.71e-07  3.46e-03   852s
  32   4.92328952e+03  4.64268298e+03  1.10e-04 1.94e-07  3.03e-03   876s
  33   4.89830730e+03  4.63162752e+03  1.02e-04 1.94e-07  2.79e-03   899s
  34   4.85864708e+03  4.62077548e+03  9.04e-05 4.54e-07  2.46e-03   923s
  35   4.82326788e+03  4.61272846e+03  7.98e-05 2.53e-07  2.16e-03   947s
  36   4.79331299e+03  4.59626835e+03  7.09e-05 3.73e-07  1.72e-03   971s
  37   4.77236166e+03  4.58945488e+03  6.45e-05 2.91e-07  1.56e-03   995s
  38   4.76227578e+03  4.58019590e+03  6.20e-05 6.85e-07  1.32e-03  1020s
  39   4.72007942e+03  4.57301857e+03  4.96e-05 6.74e-07  1.04e-03  1044s
  40   4.69867519e+03  4.56748968e+03  4.33e-05 2.50e-07  8.61e-04  1068s
  41   4.65874066e+03  4.56364491e+03  3.17e-05 3.80e-07  6.73e-04  1093s
  42   4.64476233e+03  4.55837696e+03  2.76e-05 3.28e-07  5.13e-04  1118s
  43   4.62409067e+03  4.55251944e+03  2.17e-05 4.92e-07  3.36e-04  1142s
  44   4.62333003e+03  4.55203209e+03  2.15e-05 4.99e-07  3.29e-04  1165s
  45   4.61361700e+03  4.55188703e+03  1.88e-05 4.81e-07  3.01e-04  1189s
  46   4.60974936e+03  4.55119825e+03  1.77e-05 4.62e-07  2.80e-04  1215s
  47   4.59962759e+03  4.54989339e+03  1.48e-05 4.10e-07  2.30e-04  1241s
  48   4.58496328e+03  4.54879647e+03  1.08e-05 1.61e-07  1.74e-04  1266s
  49   4.57597952e+03  4.54799695e+03  8.34e-06 3.46e-07  1.35e-04  1291s
  50   4.56778655e+03  4.54676855e+03  6.10e-06 1.57e-06  8.58e-05  1316s
  51   4.55668141e+03  4.54579130e+03  3.09e-06 4.25e-06  3.75e-05  1341s
  52   4.54998066e+03  4.54549010e+03  1.26e-06 1.38e-06  1.48e-05  1367s
  53   4.54843407e+03  4.54543496e+03  8.41e-07 1.20e-06  9.58e-06  1391s
  54   4.54606805e+03  4.54536497e+03  1.97e-07 1.88e-06  2.25e-06  1418s
  55   4.54535837e+03  4.54535695e+03  1.24e-09 9.82e-07  9.14e-08  1448s
  56   4.54535682e+03  4.54535631e+03  6.59e-10 8.50e-07  5.41e-08  1472s
  57   4.54535612e+03  4.54535564e+03  3.20e-10 6.41e-07  2.44e-08  1498s
  58   4.54535419e+03  4.54535525e+03  5.37e-11 2.31e-06  2.47e-09  1525s
  59   4.54535496e+03  4.54535521e+03  4.98e-11 4.38e-06  2.85e-10  1551s

Barrier solved model in 59 iterations and 1551.17 seconds
Optimal objective 4.54535496e+03

Optimization finished!
