Optimizer called with the following parameters:
{'focal_plane_mask': {'field_stop_radius': -1.0,
                      'grayscale': True,
                      'num_pix': 50,
                      'radius': 3.72},
 'image': {'bandwidth': 0.16,
           'contrast': 10,
           'iwa': 3,
           'num_wavelengths': 8,
           'owa': 12.0,
           'resolution': 2},
 'lyot_stop': {'alignment_tolerance': 0,
               'filename': 'LUVOIR/LS_LUVOIR_ID0195_OD0965_no_struts_gy_ovsamp4_N0200.fits',
               'num_lyot_stops': 1},
 'method': {'edge_width_for_prior': 2,
            'ending_scale': 1,
            'force_no_hermitian_symmetry': False,
            'force_no_x_mirror_symmetry': False,
            'force_no_y_mirror_symmetry': False,
            'initial_throughput_estimate': 1,
            'maximize_planet_throughput': True,
            'num_throughput_iterations': 2,
            'starting_scale': 1},
 'pupil': {'N': 200,
           'filename': 'LUVOIR/TelAp_LUVOIR_gap_pad04_bw_ovsamp04_N0200.fits'},
 'solver': {'crossover': 0,
            'method': 2,
            'num_threads': 0}}

File organization:
{'analysis_dir': '/user/kstlaurent/git/progressive_refinement_coronagraphy/surveys/luvoir_N0200_small_local/analysis',
 'drivers_dir': '/user/kstlaurent/git/progressive_refinement_coronagraphy/surveys/luvoir_N0200_small_local/drivers',
 'input_files_dir': '/user/kstlaurent/git/progressive_refinement_coronagraphy/masks',
 'log_dir': '/user/kstlaurent/git/progressive_refinement_coronagraphy/surveys/luvoir_N0200_small_local/logs',
 'solution_dir': '/user/kstlaurent/git/progressive_refinement_coronagraphy/surveys/luvoir_N0200_small_local/solutions',
 'survey_dir': '/user/kstlaurent/git/progressive_refinement_coronagraphy/surveys/luvoir_N0200_small_local'}

Telescope pupil:
   Mirror symmetry in x: yes
   Mirror symmetry in y: no

Lyot stop #0:
   Mirror symmetry in x: yes
Lyot stop #0:
   Mirror symmetry in y: yes

Complete APLC:
   Mirror symmetry in x: yes
   Mirror symmetry in y: no

Starting optimization at scale 1 with 13749 variables and 6768 constraints.
Creating model...
Academic license - for non-commercial use only
Parameter Threads unchanged
   Value: 0  Min: 0  Max: 1024  Default: 0
Changed value of parameter Crossover to 0
   Prev: -1  Min: -1  Max: 5  Default: -1
Changed value of parameter Method to 2
   Prev: -1  Min: -1  Max: 5  Default: -1
Calculating and adding constraints...
Wavelength 1/8; Variable 1000/13749
Wavelength 1/8; Variable 2000/13749
Wavelength 1/8; Variable 3000/13749
Wavelength 1/8; Variable 4000/13749
Wavelength 1/8; Variable 5000/13749
Wavelength 1/8; Variable 6000/13749
Wavelength 1/8; Variable 7000/13749
Wavelength 1/8; Variable 8000/13749
Wavelength 1/8; Variable 9000/13749
Wavelength 1/8; Variable 10000/13749
Wavelength 1/8; Variable 11000/13749
Wavelength 1/8; Variable 12000/13749
Wavelength 1/8; Variable 13000/13749
Wavelength 2/8; Variable 1000/13749
Wavelength 2/8; Variable 2000/13749
Wavelength 2/8; Variable 3000/13749
Wavelength 2/8; Variable 4000/13749
Wavelength 2/8; Variable 5000/13749
Wavelength 2/8; Variable 6000/13749
Wavelength 2/8; Variable 7000/13749
Wavelength 2/8; Variable 8000/13749
Wavelength 2/8; Variable 9000/13749
Wavelength 2/8; Variable 10000/13749
Wavelength 2/8; Variable 11000/13749
Wavelength 2/8; Variable 12000/13749
Wavelength 2/8; Variable 13000/13749
Wavelength 3/8; Variable 1000/13749
Wavelength 3/8; Variable 2000/13749
Wavelength 3/8; Variable 3000/13749
Wavelength 3/8; Variable 4000/13749
Wavelength 3/8; Variable 5000/13749
Wavelength 3/8; Variable 6000/13749
Wavelength 3/8; Variable 7000/13749
Wavelength 3/8; Variable 8000/13749
Wavelength 3/8; Variable 9000/13749
Wavelength 3/8; Variable 10000/13749
Wavelength 3/8; Variable 11000/13749
Wavelength 3/8; Variable 12000/13749
Wavelength 3/8; Variable 13000/13749
Wavelength 4/8; Variable 1000/13749
Wavelength 4/8; Variable 2000/13749
Wavelength 4/8; Variable 3000/13749
Wavelength 4/8; Variable 4000/13749
Wavelength 4/8; Variable 5000/13749
Wavelength 4/8; Variable 6000/13749
Wavelength 4/8; Variable 7000/13749
Wavelength 4/8; Variable 8000/13749
Wavelength 4/8; Variable 9000/13749
Wavelength 4/8; Variable 10000/13749
Wavelength 4/8; Variable 11000/13749
Wavelength 4/8; Variable 12000/13749
Wavelength 4/8; Variable 13000/13749
Wavelength 5/8; Variable 1000/13749
Wavelength 5/8; Variable 2000/13749
Wavelength 5/8; Variable 3000/13749
Wavelength 5/8; Variable 4000/13749
Wavelength 5/8; Variable 5000/13749
Wavelength 5/8; Variable 6000/13749
Wavelength 5/8; Variable 7000/13749
Wavelength 5/8; Variable 8000/13749
Wavelength 5/8; Variable 9000/13749
Wavelength 5/8; Variable 10000/13749
Wavelength 5/8; Variable 11000/13749
Wavelength 5/8; Variable 12000/13749
Wavelength 5/8; Variable 13000/13749
Wavelength 6/8; Variable 1000/13749
Wavelength 6/8; Variable 2000/13749
Wavelength 6/8; Variable 3000/13749
Wavelength 6/8; Variable 4000/13749
Wavelength 6/8; Variable 5000/13749
Wavelength 6/8; Variable 6000/13749
Wavelength 6/8; Variable 7000/13749
Wavelength 6/8; Variable 8000/13749
Wavelength 6/8; Variable 9000/13749
Wavelength 6/8; Variable 10000/13749
Wavelength 6/8; Variable 11000/13749
Wavelength 6/8; Variable 12000/13749
Wavelength 6/8; Variable 13000/13749
Wavelength 7/8; Variable 1000/13749
Wavelength 7/8; Variable 2000/13749
Wavelength 7/8; Variable 3000/13749
Wavelength 7/8; Variable 4000/13749
Wavelength 7/8; Variable 5000/13749
Wavelength 7/8; Variable 6000/13749
Wavelength 7/8; Variable 7000/13749
Wavelength 7/8; Variable 8000/13749
Wavelength 7/8; Variable 9000/13749
Wavelength 7/8; Variable 10000/13749
Wavelength 7/8; Variable 11000/13749
Wavelength 7/8; Variable 12000/13749
Wavelength 7/8; Variable 13000/13749
Warning for adding constraints: zero or small (< 1e-13) coefficients, ignored
Wavelength 8/8; Variable 1000/13749
Wavelength 8/8; Variable 2000/13749
Wavelength 8/8; Variable 3000/13749
Wavelength 8/8; Variable 4000/13749
Wavelength 8/8; Variable 5000/13749
Wavelength 8/8; Variable 6000/13749
Wavelength 8/8; Variable 7000/13749
Wavelength 8/8; Variable 8000/13749
Wavelength 8/8; Variable 9000/13749
Wavelength 8/8; Variable 10000/13749
Wavelength 8/8; Variable 11000/13749
Wavelength 8/8; Variable 12000/13749
Wavelength 8/8; Variable 13000/13749
Start optimization...
Optimize a model with 13536 rows, 13749 columns and 186106460 nonzeros
Coefficient statistics:
  Matrix range     [2e-13, 2e-04]
  Objective range  [1e-02, 1e+00]
  Bounds range     [1e+00, 1e+00]
  RHS range        [1e-05, 1e-05]
Presolve removed 0 rows and 0 columns (presolve time = 11s) ...
Presolve removed 0 rows and 0 columns (presolve time = 17s) ...
Presolve removed 0 rows and 0 columns (presolve time = 29s) ...
Presolve removed 0 rows and 0 columns (presolve time = 50s) ...
Presolve removed 6768 rows and 0 columns (presolve time = 58s) ...
Presolve removed 6768 rows and 0 columns
Presolve time: 58.86s
Presolved: 6768 rows, 20517 columns, 93059994 nonzeros
Ordering time: 0.00s

Barrier statistics:
 AA' NZ     : 2.290e+07
 Factor NZ  : 2.291e+07 (roughly 200 MBytes of memory)
 Factor Ops : 1.034e+11 (roughly 3 seconds per iteration)
 Threads    : 6

                  Objective                Residual
Iter       Primal          Dual         Primal    Dual     Compl     Time
   0   4.87625410e+06  3.21127955e+04  2.47e+01 0.00e+00  9.24e+02   102s
   1   1.42016207e+04  3.20531802e+04  4.48e-02 1.27e-11  2.32e+00   126s
   2   7.21804694e+03  1.66717644e+04  5.45e-03 3.06e-09  3.90e-01   149s
   3   7.17531322e+03  9.94171800e+03  2.35e-03 4.14e-09  1.15e-01   173s
   4   7.08407466e+03  8.06905347e+03  8.89e-04 7.88e-09  3.83e-02   197s
   5   7.10002440e+03  7.63901404e+03  5.92e-04 1.79e-08  2.18e-02   220s
   6   7.11584750e+03  7.43236365e+03  3.79e-04 2.35e-08  1.30e-02   244s
   7   7.12186070e+03  7.33923334e+03  2.63e-04 2.16e-08  8.95e-03   268s
   8   7.12507286e+03  7.27616972e+03  1.88e-04 1.59e-08  6.29e-03   292s
   9   7.12773909e+03  7.24442911e+03  1.22e-04 1.26e-08  4.56e-03   316s
  10   7.12917899e+03  7.20084316e+03  8.95e-05 1.25e-08  3.01e-03   340s
  11   7.12845371e+03  7.16998003e+03  5.54e-05 1.42e-08  1.81e-03   365s
  12   7.12901178e+03  7.15227662e+03  3.90e-05 1.65e-08  1.13e-03   389s
  13   7.12937679e+03  7.14036551e+03  2.33e-05 1.83e-08  6.09e-04   415s
  14   7.12951504e+03  7.13776213e+03  1.73e-05 1.36e-08  4.55e-04   439s
  15   7.12964813e+03  7.13472161e+03  1.33e-05 1.41e-08  3.21e-04   462s
  16   7.12967640e+03  7.13320414e+03  8.84e-06 2.47e-08  2.17e-04   486s
  17   7.12963764e+03  7.13154910e+03  5.56e-06 5.36e-08  1.29e-04   510s
  18   7.12957515e+03  7.13023485e+03  2.12e-06 1.65e-08  4.77e-05   535s
  19   7.12959038e+03  7.12998786e+03  1.23e-06 1.62e-08  2.80e-05   559s
  20   7.12960445e+03  7.12971781e+03  5.17e-07 1.81e-08  1.05e-05   582s
  21   7.12961650e+03  7.12963722e+03  3.00e-08 1.62e-08  9.53e-07   608s
  22   7.12962508e+03  7.12962783e+03  2.08e-09 2.40e-08  9.79e-08   636s
  23   7.12962676e+03  7.12962707e+03  9.50e-12 2.16e-08  7.54e-09   662s
  24   7.12962681e+03  7.12962683e+03  6.02e-12 1.99e-08  5.74e-10   687s

Barrier solved model in 24 iterations and 687.33 seconds
Optimal objective 7.12962681e+03

Optimization finished!
Restarting optimization for throughput iteration 1...
Optimize a model with 13536 rows, 13749 columns and 186106460 nonzeros
Coefficient statistics:
  Matrix range     [2e-13, 2e-04]
  Objective range  [1e-02, 1e+00]
  Bounds range     [1e+00, 1e+00]
  RHS range        [7e-06, 7e-06]
Presolve removed 0 rows and 0 columns (presolve time = 11s) ...
Presolve removed 0 rows and 0 columns (presolve time = 17s) ...
Presolve removed 0 rows and 0 columns (presolve time = 29s) ...
Presolve removed 0 rows and 0 columns (presolve time = 50s) ...
Presolve removed 6768 rows and 0 columns (presolve time = 57s) ...
Presolve removed 6768 rows and 0 columns
Presolve time: 58.62s
Presolved: 6768 rows, 20517 columns, 93059994 nonzeros
Ordering time: 0.00s

Barrier statistics:
 AA' NZ     : 2.290e+07
 Factor NZ  : 2.291e+07 (roughly 200 MBytes of memory)
 Factor Ops : 1.034e+11 (roughly 3 seconds per iteration)
 Threads    : 6

                  Objective                Residual
Iter       Primal          Dual         Primal    Dual     Compl     Time
   0   4.87625410e+06  3.17020961e+04  2.47e+01 0.00e+00  9.24e+02   102s
   1   1.42070103e+04  3.16422735e+04  4.49e-02 1.18e-11  2.31e+00   125s
   2   7.34231482e+03  1.63036507e+04  6.18e-03 2.71e-09  4.03e-01   149s
   3   7.26617902e+03  1.00187795e+04  2.83e-03 3.87e-09  1.29e-01   172s
   4   7.20744896e+03  8.17936168e+03  1.57e-03 1.64e-08  5.29e-02   196s
   5   7.16014928e+03  7.59492722e+03  9.31e-04 1.49e-08  2.74e-02   220s
   6   7.14306943e+03  7.44820981e+03  7.20e-04 1.50e-08  2.10e-02   244s
   7   7.12629729e+03  7.34120315e+03  5.96e-04 2.50e-08  1.73e-02   268s
   8   7.11142697e+03  7.25487958e+03  5.32e-04 2.81e-08  1.50e-02   291s
   9   7.09307137e+03  7.19355870e+03  4.71e-04 3.37e-08  1.33e-02   314s
  10   7.07513604e+03  7.13639153e+03  4.23e-04 3.64e-08  1.20e-02   338s
  11   7.06512739e+03  7.07095298e+03  4.00e-04 4.47e-08  1.10e-02   362s
  12   7.04529951e+03  7.03153225e+03  3.67e-04 5.19e-08  1.02e-02   385s
  13   7.03293966e+03  6.98474236e+03  3.51e-04 8.75e-08  9.63e-03   408s
  14   7.00493624e+03  6.93626966e+03  3.15e-04 6.23e-08  8.72e-03   432s
  15   6.99359314e+03  6.89703574e+03  3.03e-04 7.09e-08  8.19e-03   455s
  16   6.96579258e+03  6.85501360e+03  2.78e-04 1.14e-07  7.62e-03   478s
  17   6.94009605e+03  6.81611033e+03  2.58e-04 8.85e-08  7.05e-03   502s
  18   6.91344147e+03  6.77954403e+03  2.39e-04 3.09e-07  6.53e-03   525s
  19   6.87092953e+03  6.70243520e+03  2.10e-04 5.59e-07  5.15e-03   550s
  20   6.83413598e+03  6.66826421e+03  1.85e-04 3.13e-07  4.41e-03   573s
  21   6.79353583e+03  6.63994036e+03  1.58e-04 2.16e-07  3.67e-03   597s
  22   6.76138735e+03  6.62060928e+03  1.37e-04 1.53e-07  3.09e-03   620s
  23   6.72396320e+03  6.59789308e+03  1.13e-04 1.33e-06  2.38e-03   644s
  24   6.70464523e+03  6.58466733e+03  1.00e-04 1.20e-06  2.00e-03   668s
  25   6.68562775e+03  6.57444325e+03  8.81e-05 3.24e-07  1.65e-03   691s
  26   6.66461261e+03  6.56767395e+03  7.50e-05 1.60e-07  1.38e-03   714s
  27   6.64914996e+03  6.56007975e+03  6.54e-05 1.30e-07  1.11e-03   739s
  28   6.63104569e+03  6.55529645e+03  5.42e-05 1.30e-07  8.91e-04   762s
  29   6.61520177e+03  6.54973105e+03  4.44e-05 7.67e-07  6.66e-04   787s
  30   6.60716649e+03  6.54772297e+03  3.98e-05 6.22e-07  5.86e-04   810s
  31   6.59950164e+03  6.54592513e+03  3.53e-05 6.41e-07  5.06e-04   833s
  32   6.58425791e+03  6.54410243e+03  2.64e-05 1.71e-06  3.80e-04   857s
  33   6.57390077e+03  6.54191051e+03  2.03e-05 3.65e-07  2.70e-04   882s
  34   6.56716139e+03  6.54064750e+03  1.65e-05 9.54e-07  2.08e-04   905s
  35   6.56132159e+03  6.53929974e+03  1.32e-05 4.37e-06  1.48e-04   930s
  36   6.55548466e+03  6.53872246e+03  9.93e-06 2.93e-06  1.08e-04   953s
  37   6.55064689e+03  6.53834608e+03  7.19e-06 4.40e-06  7.52e-05   977s
  38   6.54684307e+03  6.53816507e+03  5.09e-06 2.87e-06  5.40e-05  1000s
  39   6.54375111e+03  6.53786624e+03  3.39e-06 3.85e-06  3.37e-05  1024s
  40   6.54221481e+03  6.53776037e+03  2.55e-06 2.18e-06  2.48e-05  1047s
  41   6.54101443e+03  6.53767231e+03  1.90e-06 3.04e-06  1.79e-05  1070s
  42   6.53991681e+03  6.53760925e+03  1.30e-06 2.77e-06  1.17e-05  1093s
  43   6.53903864e+03  6.53757957e+03  8.23e-07 1.42e-06  7.49e-06  1116s
  44   6.53818786e+03  6.53754702e+03  3.60e-07 1.99e-06  3.22e-06  1140s
  45   6.53752875e+03  6.53753248e+03  1.16e-09 6.60e-06  1.51e-07  1168s
  46   6.53752921e+03  6.53752966e+03  3.49e-11 2.68e-07  1.22e-08  1193s
  47   6.53752945e+03  6.53752935e+03  7.56e-12 1.59e-06  1.19e-09  1218s

Barrier solved model in 47 iterations and 1218.31 seconds
Optimal objective 6.53752945e+03

Optimization finished!
