Optimizer called with the following parameters:
{'focal_plane_mask': {'field_stop_radius': -1.0,
                      'grayscale': True,
                      'num_pix': 50,
                      'radius': 3.82},
 'image': {'bandwidth': 0.18,
           'contrast': 10,
           'iwa': 3.5,
           'num_wavelengths': 8,
           'owa': 12.0,
           'resolution': 2},
 'lyot_stop': {'alignment_tolerance': 0,
               'filename': 'LUVOIR/LS_LUVOIR_ID0199_OD0983_no_struts_gy_ovsamp4_N0200.fits',
               'num_lyot_stops': 1},
 'method': {'edge_width_for_prior': 2,
            'ending_scale': 1,
            'force_no_hermitian_symmetry': False,
            'force_no_x_mirror_symmetry': False,
            'force_no_y_mirror_symmetry': False,
            'initial_throughput_estimate': 1,
            'maximize_planet_throughput': True,
            'num_throughput_iterations': 2,
            'starting_scale': 1},
 'pupil': {'N': 200,
           'filename': 'LUVOIR/TelAp_LUVOIR_gap_pad04_bw_ovsamp04_N0200.fits'},
 'solver': {'crossover': 0,
            'method': 2,
            'num_threads': 0}}

File organization:
{'analysis_dir': '/user/kstlaurent/git/progressive_refinement_coronagraphy/surveys/luvoir_N0200_small_local/analysis',
 'drivers_dir': '/user/kstlaurent/git/progressive_refinement_coronagraphy/surveys/luvoir_N0200_small_local/drivers',
 'input_files_dir': '/user/kstlaurent/git/progressive_refinement_coronagraphy/masks',
 'log_dir': '/user/kstlaurent/git/progressive_refinement_coronagraphy/surveys/luvoir_N0200_small_local/logs',
 'solution_dir': '/user/kstlaurent/git/progressive_refinement_coronagraphy/surveys/luvoir_N0200_small_local/solutions',
 'survey_dir': '/user/kstlaurent/git/progressive_refinement_coronagraphy/surveys/luvoir_N0200_small_local'}

Telescope pupil:
   Mirror symmetry in x: yes
   Mirror symmetry in y: no

Lyot stop #0:
   Mirror symmetry in x: yes
Lyot stop #0:
   Mirror symmetry in y: yes

Complete APLC:
   Mirror symmetry in x: yes
   Mirror symmetry in y: no

Starting optimization at scale 1 with 13749 variables and 6592 constraints.
Creating model...
Academic license - for non-commercial use only
Parameter Threads unchanged
   Value: 0  Min: 0  Max: 1024  Default: 0
Changed value of parameter Crossover to 0
   Prev: -1  Min: -1  Max: 5  Default: -1
Changed value of parameter Method to 2
   Prev: -1  Min: -1  Max: 5  Default: -1
Calculating and adding constraints...
Wavelength 1/8; Variable 1000/13749
Wavelength 1/8; Variable 2000/13749
Wavelength 1/8; Variable 3000/13749
Wavelength 1/8; Variable 4000/13749
Wavelength 1/8; Variable 5000/13749
Wavelength 1/8; Variable 6000/13749
Wavelength 1/8; Variable 7000/13749
Wavelength 1/8; Variable 8000/13749
Wavelength 1/8; Variable 9000/13749
Wavelength 1/8; Variable 10000/13749
Wavelength 1/8; Variable 11000/13749
Wavelength 1/8; Variable 12000/13749
Wavelength 1/8; Variable 13000/13749
Wavelength 2/8; Variable 1000/13749
Wavelength 2/8; Variable 2000/13749
Wavelength 2/8; Variable 3000/13749
Wavelength 2/8; Variable 4000/13749
Wavelength 2/8; Variable 5000/13749
Wavelength 2/8; Variable 6000/13749
Wavelength 2/8; Variable 7000/13749
Wavelength 2/8; Variable 8000/13749
Wavelength 2/8; Variable 9000/13749
Wavelength 2/8; Variable 10000/13749
Wavelength 2/8; Variable 11000/13749
Wavelength 2/8; Variable 12000/13749
Wavelength 2/8; Variable 13000/13749
Wavelength 3/8; Variable 1000/13749
Wavelength 3/8; Variable 2000/13749
Wavelength 3/8; Variable 3000/13749
Wavelength 3/8; Variable 4000/13749
Wavelength 3/8; Variable 5000/13749
Wavelength 3/8; Variable 6000/13749
Wavelength 3/8; Variable 7000/13749
Wavelength 3/8; Variable 8000/13749
Wavelength 3/8; Variable 9000/13749
Wavelength 3/8; Variable 10000/13749
Wavelength 3/8; Variable 11000/13749
Wavelength 3/8; Variable 12000/13749
Wavelength 3/8; Variable 13000/13749
Wavelength 4/8; Variable 1000/13749
Wavelength 4/8; Variable 2000/13749
Wavelength 4/8; Variable 3000/13749
Wavelength 4/8; Variable 4000/13749
Wavelength 4/8; Variable 5000/13749
Wavelength 4/8; Variable 6000/13749
Wavelength 4/8; Variable 7000/13749
Wavelength 4/8; Variable 8000/13749
Wavelength 4/8; Variable 9000/13749
Wavelength 4/8; Variable 10000/13749
Wavelength 4/8; Variable 11000/13749
Wavelength 4/8; Variable 12000/13749
Wavelength 4/8; Variable 13000/13749
Wavelength 5/8; Variable 1000/13749
Wavelength 5/8; Variable 2000/13749
Wavelength 5/8; Variable 3000/13749
Wavelength 5/8; Variable 4000/13749
Wavelength 5/8; Variable 5000/13749
Wavelength 5/8; Variable 6000/13749
Wavelength 5/8; Variable 7000/13749
Wavelength 5/8; Variable 8000/13749
Wavelength 5/8; Variable 9000/13749
Wavelength 5/8; Variable 10000/13749
Wavelength 5/8; Variable 11000/13749
Wavelength 5/8; Variable 12000/13749
Wavelength 5/8; Variable 13000/13749
Wavelength 6/8; Variable 1000/13749
Wavelength 6/8; Variable 2000/13749
Wavelength 6/8; Variable 3000/13749
Wavelength 6/8; Variable 4000/13749
Wavelength 6/8; Variable 5000/13749
Wavelength 6/8; Variable 6000/13749
Wavelength 6/8; Variable 7000/13749
Wavelength 6/8; Variable 8000/13749
Wavelength 6/8; Variable 9000/13749
Wavelength 6/8; Variable 10000/13749
Wavelength 6/8; Variable 11000/13749
Wavelength 6/8; Variable 12000/13749
Wavelength 6/8; Variable 13000/13749
Wavelength 7/8; Variable 1000/13749
Wavelength 7/8; Variable 2000/13749
Wavelength 7/8; Variable 3000/13749
Wavelength 7/8; Variable 4000/13749
Wavelength 7/8; Variable 5000/13749
Wavelength 7/8; Variable 6000/13749
Wavelength 7/8; Variable 7000/13749
Wavelength 7/8; Variable 8000/13749
Wavelength 7/8; Variable 9000/13749
Wavelength 7/8; Variable 10000/13749
Wavelength 7/8; Variable 11000/13749
Wavelength 7/8; Variable 12000/13749
Wavelength 7/8; Variable 13000/13749
Wavelength 8/8; Variable 1000/13749
Wavelength 8/8; Variable 2000/13749
Wavelength 8/8; Variable 3000/13749
Wavelength 8/8; Variable 4000/13749
Wavelength 8/8; Variable 5000/13749
Wavelength 8/8; Variable 6000/13749
Wavelength 8/8; Variable 7000/13749
Wavelength 8/8; Variable 8000/13749
Wavelength 8/8; Variable 9000/13749
Wavelength 8/8; Variable 10000/13749
Wavelength 8/8; Variable 11000/13749
Wavelength 8/8; Variable 12000/13749
Wavelength 8/8; Variable 13000/13749
Start optimization...
Optimize a model with 13184 rows, 13749 columns and 181266816 nonzeros
Coefficient statistics:
  Matrix range     [3e-13, 2e-04]
  Objective range  [5e-02, 1e+00]
  Bounds range     [1e+00, 1e+00]
  RHS range        [1e-05, 1e-05]
Presolve removed 0 rows and 0 columns (presolve time = 11s) ...
Presolve removed 0 rows and 0 columns (presolve time = 17s) ...
Presolve removed 0 rows and 0 columns (presolve time = 29s) ...
Presolve removed 0 rows and 0 columns (presolve time = 50s) ...
Presolve removed 6592 rows and 0 columns (presolve time = 57s) ...
Presolve removed 6592 rows and 0 columns
Presolve time: 58.43s
Presolved: 6592 rows, 20341 columns, 90639992 nonzeros
Ordering time: 0.00s

Barrier statistics:
 AA' NZ     : 2.172e+07
 Factor NZ  : 2.173e+07 (roughly 200 MBytes of memory)
 Factor Ops : 9.551e+10 (roughly 3 seconds per iteration)
 Threads    : 6

                  Objective                Residual
Iter       Primal          Dual         Primal    Dual     Compl     Time
   0   5.11406457e+06  3.59002982e+04  2.28e+01 0.00e+00  1.04e+03   100s
   1   1.72893987e+04  3.58304206e+04  5.31e-02 1.46e-11  3.16e+00   122s
   2   7.18147415e+03  2.00095823e+04  5.36e-03 3.62e-09  5.16e-01   145s
   3   7.06618751e+03  1.00889063e+04  2.24e-03 6.44e-09  1.29e-01   168s
   4   7.05884083e+03  8.20104628e+03  1.46e-03 7.32e-09  5.79e-02   191s
   5   7.02343583e+03  7.72590754e+03  1.09e-03 1.33e-08  4.06e-02   213s
   6   6.98373062e+03  7.44100434e+03  8.50e-04 1.54e-08  3.08e-02   236s
   7   6.94334589e+03  7.22694798e+03  6.97e-04 2.40e-08  2.49e-02   260s
   8   6.89760653e+03  7.04047406e+03  5.87e-04 2.87e-08  2.08e-02   283s
   9   6.86043949e+03  6.87315228e+03  5.34e-04 4.07e-08  1.84e-02   306s
  10   6.80802427e+03  6.75605331e+03  4.72e-04 5.42e-08  1.62e-02   328s
  11   6.74759694e+03  6.63512854e+03  4.17e-04 1.52e-07  1.40e-02   351s
  12   6.68332182e+03  6.53135997e+03  3.69e-04 2.14e-07  1.21e-02   374s
  13   6.62854307e+03  6.44660055e+03  3.30e-04 3.73e-07  1.03e-02   397s
  14   6.58940862e+03  6.38218847e+03  3.02e-04 2.14e-07  8.81e-03   420s
  15   6.55532717e+03  6.33953636e+03  2.78e-04 2.24e-07  7.72e-03   443s
  16   6.51380031e+03  6.29166582e+03  2.49e-04 3.43e-07  6.39e-03   467s
  17   6.47581202e+03  6.25475232e+03  2.21e-04 3.02e-07  5.26e-03   491s
  18   6.45248463e+03  6.23738062e+03  2.06e-04 1.73e-07  4.72e-03   513s
  19   6.40756427e+03  6.21040255e+03  1.75e-04 4.60e-07  3.75e-03   537s
  20   6.38002025e+03  6.19633729e+03  1.57e-04 5.15e-07  3.22e-03   560s
  21   6.37117449e+03  6.19361105e+03  1.51e-04 4.78e-07  3.09e-03   582s
  22   6.35647308e+03  6.18191161e+03  1.41e-04 5.03e-07  2.74e-03   605s
  23   6.32610379e+03  6.16547518e+03  1.21e-04 1.79e-06  2.13e-03   628s
  24   6.29346175e+03  6.15801337e+03  1.01e-04 3.22e-06  1.76e-03   651s
  25   6.28210760e+03  6.15368997e+03  9.36e-05 2.13e-06  1.60e-03   673s
  26   6.26053427e+03  6.14305394e+03  8.02e-05 2.19e-06  1.22e-03   696s
  27   6.22937276e+03  6.13778006e+03  6.16e-05 1.00e-06  9.22e-04   719s
  28   6.20598856e+03  6.13274503e+03  4.76e-05 1.24e-06  6.66e-04   743s
  29   6.19442208e+03  6.12972926e+03  4.09e-05 3.64e-07  5.37e-04   765s
  30   6.17587428e+03  6.12676124e+03  3.00e-05 6.56e-07  3.56e-04   788s
  31   6.16462432e+03  6.12535644e+03  2.35e-05 8.07e-08  2.59e-04   810s
  32   6.14883131e+03  6.12382796e+03  1.44e-05 2.31e-07  1.41e-04   834s
  33   6.14006741e+03  6.12342164e+03  9.46e-06 1.11e-06  8.68e-05   857s
  34   6.13388117e+03  6.12303940e+03  6.06e-06 1.63e-06  5.19e-05   880s
  35   6.12896514e+03  6.12289555e+03  3.40e-06 2.09e-06  2.95e-05   904s
  36   6.12653989e+03  6.12280164e+03  2.08e-06 2.94e-06  1.74e-05   929s
  37   6.12299367e+03  6.12270648e+03  1.72e-07 5.94e-07  2.02e-06   957s
  38   6.12275987e+03  6.12269038e+03  4.11e-08 4.24e-06  4.59e-07   984s
  39   6.12269988e+03  6.12268866e+03  7.21e-09 1.99e-06  1.05e-07  1008s
  40   6.12269286e+03  6.12268774e+03  3.22e-09 1.13e-06  4.38e-08  1032s
  41   6.12268831e+03  6.12268731e+03  6.22e-10 1.01e-06  7.99e-09  1056s
  42   6.12268739e+03  6.12268725e+03  9.42e-11 7.95e-07  1.80e-10  1082s

Barrier solved model in 42 iterations and 1081.85 seconds
Optimal objective 6.12268739e+03

Optimization finished!
Restarting optimization for throughput iteration 1...
Optimize a model with 13184 rows, 13749 columns and 181266816 nonzeros
Coefficient statistics:
  Matrix range     [3e-13, 2e-04]
  Objective range  [5e-02, 1e+00]
  Bounds range     [1e+00, 1e+00]
  RHS range        [6e-06, 6e-06]
Presolve removed 0 rows and 0 columns (presolve time = 11s) ...
Presolve removed 0 rows and 0 columns (presolve time = 17s) ...
Presolve removed 0 rows and 0 columns (presolve time = 28s) ...
Presolve removed 0 rows and 0 columns (presolve time = 50s) ...
Presolve removed 6592 rows and 0 columns (presolve time = 56s) ...
Presolve removed 6592 rows and 0 columns
Presolve time: 57.60s
Presolved: 6592 rows, 20341 columns, 90639992 nonzeros
Ordering time: 0.00s

Barrier statistics:
 AA' NZ     : 2.172e+07
 Factor NZ  : 2.173e+07 (roughly 200 MBytes of memory)
 Factor Ops : 9.551e+10 (roughly 3 seconds per iteration)
 Threads    : 6

                  Objective                Residual
Iter       Primal          Dual         Primal    Dual     Compl     Time
   0   5.11406457e+06  3.52900315e+04  2.28e+01 0.00e+00  1.04e+03    99s
   1   1.73046265e+04  3.52198227e+04  5.32e-02 1.55e-11  3.15e+00   121s
   2   7.20721809e+03  1.94265633e+04  5.51e-03 3.18e-09  5.10e-01   144s
   3   7.07127382e+03  9.64761536e+03  2.67e-03 4.50e-09  1.34e-01   166s
   4   7.05643179e+03  8.24731903e+03  1.81e-03 8.63e-09  7.59e-02   189s
   5   6.99537569e+03  7.63165068e+03  1.46e-03 2.56e-08  5.80e-02   212s
   6   6.92126904e+03  7.21749365e+03  1.27e-03 5.73e-08  4.93e-02   234s
   7   6.77199599e+03  6.71580525e+03  1.06e-03 1.36e-07  4.04e-02   257s
   8   6.62954560e+03  6.36277530e+03  9.42e-04 6.06e-07  3.52e-02   280s
   9   6.48106326e+03  6.08786770e+03  8.39e-04 7.79e-07  3.05e-02   302s
  10   6.30586195e+03  5.84213911e+03  7.28e-04 1.44e-06  2.56e-02   325s
  11   6.09007206e+03  5.64957177e+03  5.98e-04 1.25e-06  2.12e-02   348s
  12   5.98636584e+03  5.49166162e+03  5.40e-04 8.93e-08  1.78e-02   371s
  13   5.80745606e+03  5.35889706e+03  4.41e-04 2.06e-06  1.41e-02   394s
  14   5.71073299e+03  5.27090314e+03  3.88e-04 5.85e-07  1.19e-02   417s
  15   5.55431992e+03  5.15220992e+03  3.06e-04 1.38e-06  8.50e-03   441s
  16   5.48295335e+03  5.10411773e+03  2.69e-04 2.03e-06  7.14e-03   464s
  17   5.39860212e+03  5.05170606e+03  2.26e-04 1.85e-06  5.56e-03   487s
  18   5.33055813e+03  5.02329717e+03  1.92e-04 1.60e-06  4.58e-03   510s
  19   5.26631646e+03  4.99631581e+03  1.61e-04 1.16e-06  3.69e-03   533s
  20   5.23710026e+03  4.98704392e+03  1.47e-04 9.37e-07  3.34e-03   555s
  21   5.20614789e+03  4.97768078e+03  1.32e-04 1.13e-06  3.00e-03   577s
  22   5.17473848e+03  4.95579687e+03  1.18e-04 2.22e-06  2.42e-03   600s
  23   5.12538827e+03  4.94102470e+03  9.47e-05 3.15e-06  1.82e-03   625s
  24   5.10715110e+03  4.93326705e+03  8.65e-05 3.98e-06  1.61e-03   647s
  25   5.07163825e+03  4.92385488e+03  7.09e-05 3.33e-06  1.24e-03   671s
  26   5.04649594e+03  4.91589223e+03  5.99e-05 3.20e-06  9.48e-04   693s
  27   5.02245388e+03  4.91101195e+03  4.97e-05 3.00e-06  7.55e-04   716s
  28   4.99697768e+03  4.90806993e+03  3.92e-05 4.69e-07  5.91e-04   740s
  29   4.96829700e+03  4.90206970e+03  2.78e-05 2.96e-06  3.67e-04   764s
  30   4.94362806e+03  4.89993440e+03  1.82e-05 5.90e-06  2.36e-04   787s
  31   4.91859362e+03  4.89770929e+03  8.49e-06 6.88e-06  1.00e-04   810s
  32   4.91412331e+03  4.89739325e+03  6.73e-06 5.02e-06  7.65e-05   832s
  33   4.90770576e+03  4.89711734e+03  4.22e-06 1.05e-06  4.63e-05   855s
  34   4.90343797e+03  4.89694329e+03  2.57e-06 1.61e-07  2.70e-05   879s
  35   4.90132656e+03  4.89686585e+03  1.75e-06 4.79e-06  1.81e-05   901s
  36   4.89960935e+03  4.89680825e+03  1.09e-06 1.54e-05  1.08e-05   924s
  37   4.89847335e+03  4.89678192e+03  6.56e-07 1.09e-06  6.32e-06   948s
  38   4.89750571e+03  4.89677125e+03  2.87e-07 9.48e-06  2.95e-06   972s
  39   4.89706100e+03  4.89676350e+03  1.17e-07 1.65e-05  1.27e-06   995s
  40   4.89684126e+03  4.89675804e+03  3.33e-08 5.93e-06  3.91e-07  1019s
  41   4.89677809e+03  4.89675542e+03  9.14e-09 2.74e-06  1.11e-07  1043s
  42   4.89676355e+03  4.89675482e+03  3.53e-09 4.53e-06  4.36e-08  1066s
  43   4.89675444e+03  4.89675449e+03  1.82e-12 1.68e-05  1.75e-09  1090s

Barrier solved model in 43 iterations and 1090.35 seconds
Optimal objective 4.89675444e+03

Optimization finished!
