Optimizer called with the following parameters:
{'focal_plane_mask': {'field_stop_radius': -1.0,
                      'grayscale': True,
                      'num_pix': 50,
                      'radius': 3.72},
 'image': {'bandwidth': 0.16,
           'contrast': 10,
           'iwa': 3.25,
           'num_wavelengths': 8,
           'owa': 12.0,
           'resolution': 2},
 'lyot_stop': {'alignment_tolerance': 0,
               'filename': 'LUVOIR/LS_LUVOIR_ID0195_OD0965_no_struts_gy_ovsamp4_N0200.fits',
               'num_lyot_stops': 1},
 'method': {'edge_width_for_prior': 2,
            'ending_scale': 1,
            'force_no_hermitian_symmetry': False,
            'force_no_x_mirror_symmetry': False,
            'force_no_y_mirror_symmetry': False,
            'initial_throughput_estimate': 1,
            'maximize_planet_throughput': True,
            'num_throughput_iterations': 2,
            'starting_scale': 1},
 'pupil': {'N': 200,
           'filename': 'LUVOIR/TelAp_LUVOIR_gap_pad04_bw_ovsamp04_N0200.fits'},
 'solver': {'crossover': 0,
            'method': 2,
            'num_threads': 0}}

File organization:
{'analysis_dir': '/user/kstlaurent/git/progressive_refinement_coronagraphy/surveys/luvoir_N0200_small_local/analysis',
 'drivers_dir': '/user/kstlaurent/git/progressive_refinement_coronagraphy/surveys/luvoir_N0200_small_local/drivers',
 'input_files_dir': '/user/kstlaurent/git/progressive_refinement_coronagraphy/masks',
 'log_dir': '/user/kstlaurent/git/progressive_refinement_coronagraphy/surveys/luvoir_N0200_small_local/logs',
 'solution_dir': '/user/kstlaurent/git/progressive_refinement_coronagraphy/surveys/luvoir_N0200_small_local/solutions',
 'survey_dir': '/user/kstlaurent/git/progressive_refinement_coronagraphy/surveys/luvoir_N0200_small_local'}

Telescope pupil:
   Mirror symmetry in x: yes
   Mirror symmetry in y: no

Lyot stop #0:
   Mirror symmetry in x: yes
Lyot stop #0:
   Mirror symmetry in y: yes

Complete APLC:
   Mirror symmetry in x: yes
   Mirror symmetry in y: no

Starting optimization at scale 1 with 13749 variables and 6720 constraints.
Creating model...
Academic license - for non-commercial use only
Parameter Threads unchanged
   Value: 0  Min: 0  Max: 1024  Default: 0
Changed value of parameter Crossover to 0
   Prev: -1  Min: -1  Max: 5  Default: -1
Changed value of parameter Method to 2
   Prev: -1  Min: -1  Max: 5  Default: -1
Calculating and adding constraints...
Wavelength 1/8; Variable 1000/13749
Wavelength 1/8; Variable 2000/13749
Wavelength 1/8; Variable 3000/13749
Wavelength 1/8; Variable 4000/13749
Wavelength 1/8; Variable 5000/13749
Wavelength 1/8; Variable 6000/13749
Wavelength 1/8; Variable 7000/13749
Wavelength 1/8; Variable 8000/13749
Wavelength 1/8; Variable 9000/13749
Wavelength 1/8; Variable 10000/13749
Wavelength 1/8; Variable 11000/13749
Wavelength 1/8; Variable 12000/13749
Wavelength 1/8; Variable 13000/13749
Wavelength 2/8; Variable 1000/13749
Wavelength 2/8; Variable 2000/13749
Wavelength 2/8; Variable 3000/13749
Wavelength 2/8; Variable 4000/13749
Wavelength 2/8; Variable 5000/13749
Wavelength 2/8; Variable 6000/13749
Wavelength 2/8; Variable 7000/13749
Wavelength 2/8; Variable 8000/13749
Wavelength 2/8; Variable 9000/13749
Wavelength 2/8; Variable 10000/13749
Wavelength 2/8; Variable 11000/13749
Wavelength 2/8; Variable 12000/13749
Wavelength 2/8; Variable 13000/13749
Wavelength 3/8; Variable 1000/13749
Wavelength 3/8; Variable 2000/13749
Wavelength 3/8; Variable 3000/13749
Wavelength 3/8; Variable 4000/13749
Wavelength 3/8; Variable 5000/13749
Wavelength 3/8; Variable 6000/13749
Wavelength 3/8; Variable 7000/13749
Wavelength 3/8; Variable 8000/13749
Wavelength 3/8; Variable 9000/13749
Wavelength 3/8; Variable 10000/13749
Wavelength 3/8; Variable 11000/13749
Wavelength 3/8; Variable 12000/13749
Wavelength 3/8; Variable 13000/13749
Wavelength 4/8; Variable 1000/13749
Wavelength 4/8; Variable 2000/13749
Wavelength 4/8; Variable 3000/13749
Wavelength 4/8; Variable 4000/13749
Wavelength 4/8; Variable 5000/13749
Wavelength 4/8; Variable 6000/13749
Wavelength 4/8; Variable 7000/13749
Wavelength 4/8; Variable 8000/13749
Wavelength 4/8; Variable 9000/13749
Wavelength 4/8; Variable 10000/13749
Wavelength 4/8; Variable 11000/13749
Wavelength 4/8; Variable 12000/13749
Wavelength 4/8; Variable 13000/13749
Wavelength 5/8; Variable 1000/13749
Wavelength 5/8; Variable 2000/13749
Wavelength 5/8; Variable 3000/13749
Wavelength 5/8; Variable 4000/13749
Wavelength 5/8; Variable 5000/13749
Wavelength 5/8; Variable 6000/13749
Wavelength 5/8; Variable 7000/13749
Wavelength 5/8; Variable 8000/13749
Wavelength 5/8; Variable 9000/13749
Wavelength 5/8; Variable 10000/13749
Wavelength 5/8; Variable 11000/13749
Wavelength 5/8; Variable 12000/13749
Wavelength 5/8; Variable 13000/13749
Wavelength 6/8; Variable 1000/13749
Wavelength 6/8; Variable 2000/13749
Wavelength 6/8; Variable 3000/13749
Wavelength 6/8; Variable 4000/13749
Wavelength 6/8; Variable 5000/13749
Wavelength 6/8; Variable 6000/13749
Wavelength 6/8; Variable 7000/13749
Wavelength 6/8; Variable 8000/13749
Wavelength 6/8; Variable 9000/13749
Wavelength 6/8; Variable 10000/13749
Wavelength 6/8; Variable 11000/13749
Wavelength 6/8; Variable 12000/13749
Wavelength 6/8; Variable 13000/13749
Wavelength 7/8; Variable 1000/13749
Wavelength 7/8; Variable 2000/13749
Wavelength 7/8; Variable 3000/13749
Wavelength 7/8; Variable 4000/13749
Wavelength 7/8; Variable 5000/13749
Wavelength 7/8; Variable 6000/13749
Wavelength 7/8; Variable 7000/13749
Wavelength 7/8; Variable 8000/13749
Wavelength 7/8; Variable 9000/13749
Wavelength 7/8; Variable 10000/13749
Wavelength 7/8; Variable 11000/13749
Wavelength 7/8; Variable 12000/13749
Wavelength 7/8; Variable 13000/13749
Warning for adding constraints: zero or small (< 1e-13) coefficients, ignored
Wavelength 8/8; Variable 1000/13749
Wavelength 8/8; Variable 2000/13749
Wavelength 8/8; Variable 3000/13749
Wavelength 8/8; Variable 4000/13749
Wavelength 8/8; Variable 5000/13749
Wavelength 8/8; Variable 6000/13749
Wavelength 8/8; Variable 7000/13749
Wavelength 8/8; Variable 8000/13749
Wavelength 8/8; Variable 9000/13749
Wavelength 8/8; Variable 10000/13749
Wavelength 8/8; Variable 11000/13749
Wavelength 8/8; Variable 12000/13749
Wavelength 8/8; Variable 13000/13749
Start optimization...
Optimize a model with 13440 rows, 13749 columns and 184786556 nonzeros
Coefficient statistics:
  Matrix range     [2e-13, 2e-04]
  Objective range  [1e-02, 1e+00]
  Bounds range     [1e+00, 1e+00]
  RHS range        [1e-05, 1e-05]
Presolve removed 0 rows and 0 columns (presolve time = 11s) ...
Presolve removed 0 rows and 0 columns (presolve time = 17s) ...
Presolve removed 0 rows and 0 columns (presolve time = 29s) ...
Presolve removed 0 rows and 0 columns (presolve time = 50s) ...
Presolve removed 6720 rows and 0 columns (presolve time = 57s) ...
Presolve removed 6720 rows and 0 columns
Presolve time: 58.33s
Presolved: 6720 rows, 20469 columns, 92399994 nonzeros
Ordering time: 0.00s

Barrier statistics:
 AA' NZ     : 2.258e+07
 Factor NZ  : 2.258e+07 (roughly 200 MBytes of memory)
 Factor Ops : 1.012e+11 (roughly 3 seconds per iteration)
 Threads    : 6

                  Objective                Residual
Iter       Primal          Dual         Primal    Dual     Compl     Time
   0   4.87636474e+06  3.20850471e+04  2.53e+01 0.00e+00  9.24e+02   101s
   1   1.44364381e+04  3.20255870e+04  4.71e-02 1.09e-11  2.36e+00   123s
   2   7.02766320e+03  1.68462963e+04  4.47e-03 2.75e-09  3.69e-01   146s
   3   7.12769707e+03  9.89453898e+03  2.21e-03 4.79e-09  1.10e-01   170s
   4   7.15387783e+03  8.42470638e+03  1.19e-03 6.45e-09  4.99e-02   192s
   5   7.13561953e+03  7.61094073e+03  6.88e-04 6.94e-09  2.11e-02   216s
   6   7.13874294e+03  7.45867210e+03  4.90e-04 1.15e-08  1.44e-02   239s
   7   7.13832657e+03  7.33145471e+03  3.20e-04 8.88e-09  9.02e-03   263s
   8   7.13712291e+03  7.26522302e+03  2.43e-04 7.96e-09  6.38e-03   286s
   9   7.13816485e+03  7.23941573e+03  1.90e-04 1.05e-08  5.02e-03   308s
  10   7.13840893e+03  7.21104134e+03  1.51e-04 9.16e-09  3.81e-03   332s
  11   7.13801411e+03  7.18086064e+03  1.03e-04 1.25e-08  2.45e-03   356s
  12   7.13674565e+03  7.16928063e+03  8.45e-05 9.95e-09  1.95e-03   378s
  13   7.13559218e+03  7.16075943e+03  7.14e-05 1.27e-08  1.60e-03   401s
  14   7.13481453e+03  7.15233844e+03  5.98e-05 1.47e-08  1.26e-03   424s
  15   7.13458187e+03  7.14627756e+03  4.90e-05 1.52e-08  9.76e-04   447s
  16   7.13449901e+03  7.13973365e+03  3.80e-05 2.33e-08  6.66e-04   470s
  17   7.13345258e+03  7.13567506e+03  2.45e-05 5.38e-08  4.04e-04   494s
  18   7.13252823e+03  7.13391741e+03  1.69e-05 2.84e-08  2.76e-04   517s
  19   7.13193548e+03  7.13207964e+03  1.16e-05 1.32e-08  1.70e-04   541s
  20   7.13113593e+03  7.13088004e+03  6.24e-06 4.54e-08  8.40e-05   566s
  21   7.13075635e+03  7.13039692e+03  3.65e-06 7.52e-08  4.42e-05   589s
  22   7.13050876e+03  7.13027519e+03  2.38e-06 4.84e-08  2.89e-05   612s
  23   7.13011866e+03  7.13007668e+03  5.31e-07 1.78e-08  6.72e-06   637s
  24   7.13004258e+03  7.13004791e+03  4.07e-08 2.37e-08  7.25e-07   662s
  25   7.13004085e+03  7.13004167e+03  1.62e-09 1.50e-08  4.37e-08   689s
  26   7.13004107e+03  7.13004120e+03  2.79e-10 1.05e-07  7.73e-09   714s
  27   7.13004112e+03  7.13004113e+03  8.76e-11 1.73e-08  2.38e-09   738s

Barrier solved model in 27 iterations and 738.33 seconds
Optimal objective 7.13004112e+03

Optimization finished!
Restarting optimization for throughput iteration 1...
Optimize a model with 13440 rows, 13749 columns and 184786556 nonzeros
Coefficient statistics:
  Matrix range     [2e-13, 2e-04]
  Objective range  [1e-02, 1e+00]
  Bounds range     [1e+00, 1e+00]
  RHS range        [7e-06, 7e-06]
Presolve removed 0 rows and 0 columns (presolve time = 11s) ...
Presolve removed 0 rows and 0 columns (presolve time = 17s) ...
Presolve removed 0 rows and 0 columns (presolve time = 29s) ...
Presolve removed 0 rows and 0 columns (presolve time = 50s) ...
Presolve removed 6720 rows and 0 columns (presolve time = 57s) ...
Presolve removed 6720 rows and 0 columns
Presolve time: 58.21s
Presolved: 6720 rows, 20469 columns, 92399994 nonzeros
Ordering time: 0.00s

Barrier statistics:
 AA' NZ     : 2.258e+07
 Factor NZ  : 2.258e+07 (roughly 200 MBytes of memory)
 Factor Ops : 1.012e+11 (roughly 3 seconds per iteration)
 Threads    : 6

                  Objective                Residual
Iter       Primal          Dual         Primal    Dual     Compl     Time
   0   4.87636474e+06  3.16773247e+04  2.53e+01 0.00e+00  9.24e+02   101s
   1   1.44438119e+04  3.16176588e+04  4.71e-02 1.00e-11  2.36e+00   123s
   2   7.18949172e+03  1.64823314e+04  5.43e-03 2.97e-09  3.86e-01   146s
   3   7.21253578e+03  9.77997244e+03  2.77e-03 5.74e-09  1.20e-01   169s
   4   7.22537129e+03  8.71126694e+03  1.97e-03 1.28e-08  7.40e-02   192s
   5   7.14049426e+03  7.76848729e+03  9.96e-04 1.44e-07  3.34e-02   217s
   6   7.12023930e+03  7.47720262e+03  7.25e-04 7.57e-08  2.28e-02   241s
   7   7.09787330e+03  7.29405047e+03  5.64e-04 3.47e-08  1.68e-02   266s
   8   7.08372883e+03  7.21767012e+03  5.09e-04 3.75e-08  1.48e-02   289s
   9   7.06943586e+03  7.16584333e+03  4.64e-04 3.63e-08  1.34e-02   313s
  10   7.05322778e+03  7.11116054e+03  4.21e-04 3.13e-08  1.21e-02   336s
  11   7.03291519e+03  7.03874247e+03  3.78e-04 6.24e-08  1.09e-02   361s
  12   7.02139581e+03  7.01200420e+03  3.61e-04 5.88e-08  1.04e-02   384s
  13   7.00389877e+03  6.94856347e+03  3.38e-04 6.64e-08  9.53e-03   408s
  14   6.98554821e+03  6.89854507e+03  3.17e-04 7.38e-08  8.80e-03   431s
  15   6.95595444e+03  6.83934637e+03  2.89e-04 1.75e-07  7.90e-03   455s
  16   6.90815593e+03  6.76650729e+03  2.50e-04 9.63e-08  6.75e-03   480s
  17   6.85944518e+03  6.71514547e+03  2.14e-04 1.03e-07  5.71e-03   505s
  18   6.82487460e+03  6.67173200e+03  1.89e-04 1.19e-07  4.72e-03   529s
  19   6.80191039e+03  6.64423408e+03  1.73e-04 1.81e-06  4.08e-03   552s
  20   6.77753846e+03  6.61602103e+03  1.56e-04 1.79e-07  3.34e-03   575s
  21   6.74173933e+03  6.59981077e+03  1.31e-04 8.79e-07  2.72e-03   599s
  22   6.72666108e+03  6.58941899e+03  1.20e-04 7.53e-07  2.36e-03   622s
  23   6.70850502e+03  6.58297692e+03  1.07e-04 1.40e-06  2.09e-03   645s
  24   6.69200831e+03  6.57450903e+03  9.61e-05 3.66e-06  1.78e-03   668s
  25   6.66953419e+03  6.56574919e+03  8.13e-05 1.27e-06  1.44e-03   691s
  26   6.65330153e+03  6.56160311e+03  7.07e-05 1.20e-07  1.24e-03   714s
  27   6.63929681e+03  6.55755746e+03  6.15e-05 3.13e-06  1.04e-03   738s
  28   6.62442288e+03  6.55328077e+03  5.18e-05 3.68e-06  8.37e-04   762s
  29   6.61345878e+03  6.55057013e+03  4.49e-05 1.32e-07  7.09e-04   786s
  30   6.60407608e+03  6.54874635e+03  3.92e-05 1.18e-06  6.17e-04   809s
  31   6.59103149e+03  6.54459124e+03  3.14e-05 2.46e-07  4.50e-04   833s
  32   6.58314886e+03  6.54324133e+03  2.66e-05 1.53e-07  3.73e-04   856s
  33   6.57410255e+03  6.54155006e+03  2.11e-05 2.01e-07  2.79e-04   880s
  34   6.56422153e+03  6.54030265e+03  1.53e-05 1.18e-07  1.95e-04   904s
  35   6.55937404e+03  6.53953777e+03  1.25e-05 4.25e-07  1.51e-04   927s
  36   6.55399588e+03  6.53895533e+03  9.36e-06 2.89e-07  1.11e-04   949s
  37   6.54908870e+03  6.53836832e+03  6.49e-06 1.71e-06  7.06e-05   973s
  38   6.54190455e+03  6.53782178e+03  2.44e-06 4.09e-06  2.56e-05   999s
  39   6.54004082e+03  6.53771779e+03  1.36e-06 1.05e-05  1.31e-05  1023s
  40   6.53901131e+03  6.53769067e+03  7.75e-07 1.31e-05  7.58e-06  1046s
  41   6.53798613e+03  6.53765159e+03  1.95e-07 2.83e-06  1.86e-06  1071s
  42   6.53781924e+03  6.53764888e+03  1.00e-07 5.87e-06  9.79e-07  1094s
  43   6.53764553e+03  6.53764505e+03  8.34e-10 3.82e-06  3.14e-08  1120s
  44   6.53764480e+03  6.53764459e+03  3.04e-10 1.26e-07  1.08e-08  1143s
  45   6.53764436e+03  6.53764439e+03  3.03e-11 6.64e-06  1.04e-09  1167s

Barrier solved model in 45 iterations and 1167.48 seconds
Optimal objective 6.53764436e+03

Optimization finished!
