Optimizer called with the following parameters:
{'focal_plane_mask': {'field_stop_radius': -1.0,
                      'grayscale': True,
                      'num_pix': 50,
                      'radius': 3.82},
 'image': {'bandwidth': 0.18,
           'contrast': 10,
           'iwa': 3.25,
           'num_wavelengths': 8,
           'owa': 12.0,
           'resolution': 2},
 'lyot_stop': {'alignment_tolerance': 0,
               'filename': 'LUVOIR/LS_LUVOIR_ID0197_OD0974_no_struts_gy_ovsamp4_N0200.fits',
               'num_lyot_stops': 1},
 'method': {'edge_width_for_prior': 2,
            'ending_scale': 1,
            'force_no_hermitian_symmetry': False,
            'force_no_x_mirror_symmetry': False,
            'force_no_y_mirror_symmetry': False,
            'initial_throughput_estimate': 1,
            'maximize_planet_throughput': True,
            'num_throughput_iterations': 2,
            'starting_scale': 1},
 'pupil': {'N': 200,
           'filename': 'LUVOIR/TelAp_LUVOIR_gap_pad04_bw_ovsamp04_N0200.fits'},
 'solver': {'crossover': 0,
            'method': 2,
            'num_threads': 0}}

File organization:
{'analysis_dir': '/user/kstlaurent/git/progressive_refinement_coronagraphy/surveys/luvoir_N0200_small_local/analysis',
 'drivers_dir': '/user/kstlaurent/git/progressive_refinement_coronagraphy/surveys/luvoir_N0200_small_local/drivers',
 'input_files_dir': '/user/kstlaurent/git/progressive_refinement_coronagraphy/masks',
 'log_dir': '/user/kstlaurent/git/progressive_refinement_coronagraphy/surveys/luvoir_N0200_small_local/logs',
 'solution_dir': '/user/kstlaurent/git/progressive_refinement_coronagraphy/surveys/luvoir_N0200_small_local/solutions',
 'survey_dir': '/user/kstlaurent/git/progressive_refinement_coronagraphy/surveys/luvoir_N0200_small_local'}

Telescope pupil:
   Mirror symmetry in x: yes
   Mirror symmetry in y: no

Lyot stop #0:
   Mirror symmetry in x: yes
Lyot stop #0:
   Mirror symmetry in y: yes

Complete APLC:
   Mirror symmetry in x: yes
   Mirror symmetry in y: no

Starting optimization at scale 1 with 13749 variables and 6720 constraints.
Creating model...
Academic license - for non-commercial use only
Parameter Threads unchanged
   Value: 0  Min: 0  Max: 1024  Default: 0
Changed value of parameter Crossover to 0
   Prev: -1  Min: -1  Max: 5  Default: -1
Changed value of parameter Method to 2
   Prev: -1  Min: -1  Max: 5  Default: -1
Calculating and adding constraints...
Wavelength 1/8; Variable 1000/13749
Wavelength 1/8; Variable 2000/13749
Wavelength 1/8; Variable 3000/13749
Wavelength 1/8; Variable 4000/13749
Wavelength 1/8; Variable 5000/13749
Wavelength 1/8; Variable 6000/13749
Wavelength 1/8; Variable 7000/13749
Wavelength 1/8; Variable 8000/13749
Wavelength 1/8; Variable 9000/13749
Wavelength 1/8; Variable 10000/13749
Wavelength 1/8; Variable 11000/13749
Wavelength 1/8; Variable 12000/13749
Wavelength 1/8; Variable 13000/13749
Wavelength 2/8; Variable 1000/13749
Wavelength 2/8; Variable 2000/13749
Wavelength 2/8; Variable 3000/13749
Wavelength 2/8; Variable 4000/13749
Wavelength 2/8; Variable 5000/13749
Wavelength 2/8; Variable 6000/13749
Wavelength 2/8; Variable 7000/13749
Wavelength 2/8; Variable 8000/13749
Wavelength 2/8; Variable 9000/13749
Wavelength 2/8; Variable 10000/13749
Wavelength 2/8; Variable 11000/13749
Wavelength 2/8; Variable 12000/13749
Wavelength 2/8; Variable 13000/13749
Wavelength 3/8; Variable 1000/13749
Wavelength 3/8; Variable 2000/13749
Wavelength 3/8; Variable 3000/13749
Wavelength 3/8; Variable 4000/13749
Wavelength 3/8; Variable 5000/13749
Wavelength 3/8; Variable 6000/13749
Wavelength 3/8; Variable 7000/13749
Wavelength 3/8; Variable 8000/13749
Wavelength 3/8; Variable 9000/13749
Wavelength 3/8; Variable 10000/13749
Wavelength 3/8; Variable 11000/13749
Wavelength 3/8; Variable 12000/13749
Wavelength 3/8; Variable 13000/13749
Wavelength 4/8; Variable 1000/13749
Wavelength 4/8; Variable 2000/13749
Wavelength 4/8; Variable 3000/13749
Wavelength 4/8; Variable 4000/13749
Wavelength 4/8; Variable 5000/13749
Wavelength 4/8; Variable 6000/13749
Wavelength 4/8; Variable 7000/13749
Wavelength 4/8; Variable 8000/13749
Wavelength 4/8; Variable 9000/13749
Wavelength 4/8; Variable 10000/13749
Wavelength 4/8; Variable 11000/13749
Wavelength 4/8; Variable 12000/13749
Wavelength 4/8; Variable 13000/13749
Wavelength 5/8; Variable 1000/13749
Wavelength 5/8; Variable 2000/13749
Wavelength 5/8; Variable 3000/13749
Wavelength 5/8; Variable 4000/13749
Wavelength 5/8; Variable 5000/13749
Wavelength 5/8; Variable 6000/13749
Wavelength 5/8; Variable 7000/13749
Wavelength 5/8; Variable 8000/13749
Wavelength 5/8; Variable 9000/13749
Wavelength 5/8; Variable 10000/13749
Wavelength 5/8; Variable 11000/13749
Wavelength 5/8; Variable 12000/13749
Wavelength 5/8; Variable 13000/13749
Wavelength 6/8; Variable 1000/13749
Wavelength 6/8; Variable 2000/13749
Wavelength 6/8; Variable 3000/13749
Wavelength 6/8; Variable 4000/13749
Wavelength 6/8; Variable 5000/13749
Wavelength 6/8; Variable 6000/13749
Wavelength 6/8; Variable 7000/13749
Wavelength 6/8; Variable 8000/13749
Wavelength 6/8; Variable 9000/13749
Wavelength 6/8; Variable 10000/13749
Wavelength 6/8; Variable 11000/13749
Wavelength 6/8; Variable 12000/13749
Wavelength 6/8; Variable 13000/13749
Wavelength 7/8; Variable 1000/13749
Wavelength 7/8; Variable 2000/13749
Wavelength 7/8; Variable 3000/13749
Wavelength 7/8; Variable 4000/13749
Wavelength 7/8; Variable 5000/13749
Wavelength 7/8; Variable 6000/13749
Wavelength 7/8; Variable 7000/13749
Wavelength 7/8; Variable 8000/13749
Wavelength 7/8; Variable 9000/13749
Wavelength 7/8; Variable 10000/13749
Wavelength 7/8; Variable 11000/13749
Wavelength 7/8; Variable 12000/13749
Wavelength 7/8; Variable 13000/13749
Wavelength 8/8; Variable 1000/13749
Wavelength 8/8; Variable 2000/13749
Wavelength 8/8; Variable 3000/13749
Wavelength 8/8; Variable 4000/13749
Wavelength 8/8; Variable 5000/13749
Wavelength 8/8; Variable 6000/13749
Wavelength 8/8; Variable 7000/13749
Wavelength 8/8; Variable 8000/13749
Wavelength 8/8; Variable 9000/13749
Wavelength 8/8; Variable 10000/13749
Wavelength 8/8; Variable 11000/13749
Wavelength 8/8; Variable 12000/13749
Wavelength 8/8; Variable 13000/13749
Start optimization...
Optimize a model with 13440 rows, 13749 columns and 184786560 nonzeros
Coefficient statistics:
  Matrix range     [3e-13, 2e-04]
  Objective range  [2e-02, 1e+00]
  Bounds range     [1e+00, 1e+00]
  RHS range        [1e-05, 1e-05]
Presolve removed 0 rows and 0 columns (presolve time = 11s) ...
Presolve removed 0 rows and 0 columns (presolve time = 17s) ...
Presolve removed 0 rows and 0 columns (presolve time = 29s) ...
Presolve removed 0 rows and 0 columns (presolve time = 50s) ...
Presolve removed 6720 rows and 0 columns (presolve time = 57s) ...
Presolve removed 6720 rows and 0 columns
Presolve time: 58.54s
Presolved: 6720 rows, 20469 columns, 92399992 nonzeros
Ordering time: 0.00s

Barrier statistics:
 AA' NZ     : 2.258e+07
 Factor NZ  : 2.258e+07 (roughly 200 MBytes of memory)
 Factor Ops : 1.012e+11 (roughly 3 seconds per iteration)
 Threads    : 6

                  Objective                Residual
Iter       Primal          Dual         Primal    Dual     Compl     Time
   0   4.99405983e+06  3.24188737e+04  2.12e+01 0.00e+00  9.24e+02   102s
   1   1.63178797e+04  3.23580280e+04  4.63e-02 1.09e-11  2.67e+00   125s
   2   7.11220291e+03  1.80678973e+04  4.12e-03 1.95e-09  4.16e-01   148s
   3   7.09496281e+03  9.85895741e+03  1.90e-03 3.96e-09  1.12e-01   173s
   4   7.03386070e+03  8.21951413e+03  8.42e-04 5.02e-09  4.51e-02   197s
   5   7.05317431e+03  7.56287713e+03  6.00e-04 5.72e-09  2.26e-02   221s
   6   7.05481835e+03  7.39401374e+03  4.36e-04 6.58e-09  1.55e-02   244s
   7   7.05754623e+03  7.27106529e+03  3.17e-04 9.61e-09  1.05e-02   269s
   8   7.05697220e+03  7.19670492e+03  2.37e-04 7.79e-09  7.49e-03   293s
   9   7.05422618e+03  7.15864289e+03  2.03e-04 1.11e-08  6.15e-03   316s
  10   7.05019764e+03  7.13044902e+03  1.64e-04 1.01e-08  4.93e-03   340s
  11   7.04938519e+03  7.10552410e+03  1.41e-04 1.26e-08  3.98e-03   364s
  12   7.04617920e+03  7.08077770e+03  1.10e-04 1.51e-08  2.93e-03   389s
  13   7.04310545e+03  7.06380150e+03  8.54e-05 1.26e-08  2.16e-03   413s
  14   7.04072168e+03  7.05265500e+03  7.08e-05 1.44e-08  1.69e-03   437s
  15   7.03622944e+03  7.04331226e+03  4.76e-05 1.69e-08  1.13e-03   462s
  16   7.03502115e+03  7.03941864e+03  4.26e-05 1.87e-08  9.66e-04   486s
  17   7.03338941e+03  7.03569101e+03  3.40e-05 1.79e-08  7.49e-04   510s
  18   7.03199094e+03  7.03293841e+03  2.82e-05 2.24e-08  6.04e-04   534s
  19   7.02976815e+03  7.02809727e+03  1.81e-05 1.76e-08  3.37e-04   559s
  20   7.02892348e+03  7.02641812e+03  1.42e-05 2.22e-08  2.36e-04   583s
  21   7.02728229e+03  7.02524675e+03  9.11e-06 1.73e-08  1.44e-04   607s
  22   7.02582313e+03  7.02474657e+03  5.06e-06 1.94e-08  8.16e-05   630s
  23   7.02536428e+03  7.02452495e+03  3.92e-06 2.06e-08  6.35e-05   654s
  24   7.02474060e+03  7.02411586e+03  2.33e-06 2.01e-08  3.49e-05   678s
  25   7.02398665e+03  7.02381767e+03  6.17e-07 2.20e-08  9.15e-06   703s
  26   7.02378165e+03  7.02375501e+03  1.15e-07 5.49e-08  1.82e-06   728s
  27   7.02374363e+03  7.02374325e+03  9.81e-09 2.84e-08  2.02e-07   757s
  28   7.02374128e+03  7.02374147e+03  1.89e-09 3.73e-08  4.53e-08   784s
  29   7.02374089e+03  7.02374091e+03  6.36e-11 2.97e-08  2.06e-09   812s

Barrier solved model in 29 iterations and 811.71 seconds
Optimal objective 7.02374089e+03

Optimization finished!
Restarting optimization for throughput iteration 1...
Optimize a model with 13440 rows, 13749 columns and 184786560 nonzeros
Coefficient statistics:
  Matrix range     [3e-13, 2e-04]
  Objective range  [2e-02, 1e+00]
  Bounds range     [1e+00, 1e+00]
  RHS range        [6e-06, 6e-06]
Presolve removed 0 rows and 0 columns (presolve time = 11s) ...
Presolve removed 0 rows and 0 columns (presolve time = 17s) ...
Presolve removed 0 rows and 0 columns (presolve time = 29s) ...
Presolve removed 0 rows and 0 columns (presolve time = 52s) ...
Presolve removed 6720 rows and 0 columns (presolve time = 59s) ...
Presolve removed 6720 rows and 0 columns
Presolve time: 59.80s
Presolved: 6720 rows, 20469 columns, 92399992 nonzeros
Ordering time: 0.00s

Barrier statistics:
 AA' NZ     : 2.258e+07
 Factor NZ  : 2.258e+07 (roughly 200 MBytes of memory)
 Factor Ops : 1.012e+11 (roughly 3 seconds per iteration)
 Threads    : 6

                  Objective                Residual
Iter       Primal          Dual         Primal    Dual     Compl     Time
   0   4.99405983e+06  3.19826657e+04  2.12e+01 0.00e+00  9.24e+02   104s
   1   1.63184536e+04  3.19215973e+04  4.63e-02 1.18e-11  2.66e+00   129s
   2   7.21276041e+03  1.76599498e+04  4.61e-03 1.37e-09  4.23e-01   153s
   3   7.15983098e+03  9.66163558e+03  2.22e-03 3.72e-09  1.17e-01   179s
   4   7.08913133e+03  8.14742046e+03  1.18e-03 7.70e-09  5.19e-02   205s
   5   7.06569350e+03  7.60981763e+03  8.32e-04 1.02e-08  3.15e-02   230s
   6   7.04616956e+03  7.39579625e+03  6.56e-04 1.42e-08  2.36e-02   254s
   7   7.01945347e+03  7.24815058e+03  5.18e-04 1.73e-08  1.87e-02   278s
   8   6.99626502e+03  7.10483843e+03  4.45e-04 3.14e-08  1.54e-02   303s
   9   6.97162228e+03  7.00604383e+03  3.91e-04 3.28e-08  1.33e-02   326s
  10   6.94564534e+03  6.92696695e+03  3.48e-04 4.79e-08  1.18e-02   350s
  11   6.92770890e+03  6.83539091e+03  3.26e-04 5.16e-08  1.07e-02   373s
  12   6.90026800e+03  6.78449433e+03  2.97e-04 5.73e-08  9.79e-03   396s
  13   6.87199948e+03  6.72253376e+03  2.73e-04 7.70e-08  8.96e-03   419s
  14   6.83165445e+03  6.62276659e+03  2.49e-04 9.23e-08  7.76e-03   444s
  15   6.78695792e+03  6.56331447e+03  2.23e-04 8.50e-08  6.83e-03   468s
  16   6.75484375e+03  6.51006333e+03  2.06e-04 1.23e-07  5.94e-03   491s
  17   6.70716440e+03  6.47983490e+03  1.81e-04 1.83e-07  5.19e-03   515s
  18   6.65798732e+03  6.45348078e+03  1.56e-04 1.79e-07  4.51e-03   539s
  19   6.61194544e+03  6.42118673e+03  1.34e-04 1.71e-07  3.83e-03   563s
  20   6.59507204e+03  6.41164729e+03  1.26e-04 1.97e-07  3.58e-03   586s
  21   6.55255924e+03  6.39438161e+03  1.07e-04 1.29e-07  3.06e-03   611s
  22   6.54258574e+03  6.38835892e+03  1.02e-04 1.09e-07  2.92e-03   635s
  23   6.51301388e+03  6.37834114e+03  8.94e-05 9.16e-08  2.64e-03   659s
  24   6.48696157e+03  6.36829613e+03  7.82e-05 1.39e-07  2.37e-03   682s
  25   6.45674160e+03  6.35459443e+03  6.59e-05 8.87e-08  2.03e-03   705s
  26   6.43699075e+03  6.34497149e+03  5.78e-05 1.11e-07  1.78e-03   729s
  27   6.41097592e+03  6.32764622e+03  4.74e-05 9.67e-07  1.33e-03   752s
  28   6.39236185e+03  6.31986544e+03  3.99e-05 4.94e-07  1.10e-03   776s
  29   6.37973280e+03  6.31316118e+03  3.48e-05 8.94e-07  9.01e-04   799s
  30   6.36551342e+03  6.30507073e+03  2.92e-05 1.75e-07  6.64e-04   823s
  31   6.34861927e+03  6.30325177e+03  2.25e-05 1.22e-06  5.46e-04   849s
  32   6.33206496e+03  6.29895986e+03  1.60e-05 3.89e-07  3.73e-04   876s
  33   6.32011281e+03  6.29598427e+03  1.14e-05 1.48e-06  2.59e-04   904s
  34   6.31421966e+03  6.29493283e+03  9.07e-06 2.35e-07  2.05e-04   927s
  35   6.31156218e+03  6.29404913e+03  7.99e-06 7.08e-07  1.69e-04   951s
  36   6.30120536e+03  6.29224240e+03  4.03e-06 1.32e-06  8.35e-05   975s
  37   6.29643140e+03  6.29118181e+03  2.17e-06 1.39e-06  3.52e-05   999s
  38   6.29357614e+03  6.29098495e+03  1.07e-06 1.61e-07  1.73e-05  1024s
  39   6.29146491e+03  6.29080005e+03  2.68e-07 2.47e-06  3.96e-06  1049s
  40   6.29079950e+03  6.29078163e+03  9.78e-09 1.76e-06  3.01e-07  1075s
  41   6.29078212e+03  6.29077832e+03  2.48e-09 2.80e-06  9.42e-08  1100s
  42   6.29077840e+03  6.29077732e+03  8.79e-10 2.29e-06  4.02e-08  1125s
  43   6.29077671e+03  6.29077650e+03  1.43e-10 1.30e-06  5.53e-09  1150s
  44   6.29077646e+03  6.29077643e+03  3.26e-11 2.30e-06  1.63e-09  1175s

Barrier solved model in 44 iterations and 1174.51 seconds
Optimal objective 6.29077646e+03

Optimization finished!
