Optimizer called with the following parameters:
{'focal_plane_mask': {'field_stop_radius': -1.0,
                      'grayscale': True,
                      'num_pix': 50,
                      'radius': 3.72},
 'image': {'bandwidth': 0.18,
           'contrast': 10,
           'iwa': 3.5,
           'num_wavelengths': 8,
           'owa': 12.0,
           'resolution': 2},
 'lyot_stop': {'alignment_tolerance': 0,
               'filename': 'LUVOIR/LS_LUVOIR_ID0195_OD0965_no_struts_gy_ovsamp4_N0200.fits',
               'num_lyot_stops': 1},
 'method': {'edge_width_for_prior': 2,
            'ending_scale': 1,
            'force_no_hermitian_symmetry': False,
            'force_no_x_mirror_symmetry': False,
            'force_no_y_mirror_symmetry': False,
            'initial_throughput_estimate': 1,
            'maximize_planet_throughput': True,
            'num_throughput_iterations': 2,
            'starting_scale': 1},
 'pupil': {'N': 200,
           'filename': 'LUVOIR/TelAp_LUVOIR_gap_pad04_bw_ovsamp04_N0200.fits'},
 'solver': {'crossover': 0,
            'method': 2,
            'num_threads': 0}}

File organization:
{'analysis_dir': '/user/kstlaurent/git/progressive_refinement_coronagraphy/surveys/luvoir_N0200_small_local/analysis',
 'drivers_dir': '/user/kstlaurent/git/progressive_refinement_coronagraphy/surveys/luvoir_N0200_small_local/drivers',
 'input_files_dir': '/user/kstlaurent/git/progressive_refinement_coronagraphy/masks',
 'log_dir': '/user/kstlaurent/git/progressive_refinement_coronagraphy/surveys/luvoir_N0200_small_local/logs',
 'solution_dir': '/user/kstlaurent/git/progressive_refinement_coronagraphy/surveys/luvoir_N0200_small_local/solutions',
 'survey_dir': '/user/kstlaurent/git/progressive_refinement_coronagraphy/surveys/luvoir_N0200_small_local'}

Telescope pupil:
   Mirror symmetry in x: yes
   Mirror symmetry in y: no

Lyot stop #0:
   Mirror symmetry in x: yes
Lyot stop #0:
   Mirror symmetry in y: yes

Complete APLC:
   Mirror symmetry in x: yes
   Mirror symmetry in y: no

Starting optimization at scale 1 with 13749 variables and 6592 constraints.
Creating model...
Academic license - for non-commercial use only
Parameter Threads unchanged
   Value: 0  Min: 0  Max: 1024  Default: 0
Changed value of parameter Crossover to 0
   Prev: -1  Min: -1  Max: 5  Default: -1
Changed value of parameter Method to 2
   Prev: -1  Min: -1  Max: 5  Default: -1
Calculating and adding constraints...
Wavelength 1/8; Variable 1000/13749
Wavelength 1/8; Variable 2000/13749
Wavelength 1/8; Variable 3000/13749
Wavelength 1/8; Variable 4000/13749
Wavelength 1/8; Variable 5000/13749
Wavelength 1/8; Variable 6000/13749
Wavelength 1/8; Variable 7000/13749
Wavelength 1/8; Variable 8000/13749
Wavelength 1/8; Variable 9000/13749
Wavelength 1/8; Variable 10000/13749
Wavelength 1/8; Variable 11000/13749
Wavelength 1/8; Variable 12000/13749
Wavelength 1/8; Variable 13000/13749
Wavelength 2/8; Variable 1000/13749
Wavelength 2/8; Variable 2000/13749
Wavelength 2/8; Variable 3000/13749
Wavelength 2/8; Variable 4000/13749
Wavelength 2/8; Variable 5000/13749
Wavelength 2/8; Variable 6000/13749
Wavelength 2/8; Variable 7000/13749
Wavelength 2/8; Variable 8000/13749
Wavelength 2/8; Variable 9000/13749
Wavelength 2/8; Variable 10000/13749
Wavelength 2/8; Variable 11000/13749
Wavelength 2/8; Variable 12000/13749
Wavelength 2/8; Variable 13000/13749
Wavelength 3/8; Variable 1000/13749
Wavelength 3/8; Variable 2000/13749
Wavelength 3/8; Variable 3000/13749
Wavelength 3/8; Variable 4000/13749
Wavelength 3/8; Variable 5000/13749
Wavelength 3/8; Variable 6000/13749
Wavelength 3/8; Variable 7000/13749
Wavelength 3/8; Variable 8000/13749
Wavelength 3/8; Variable 9000/13749
Wavelength 3/8; Variable 10000/13749
Wavelength 3/8; Variable 11000/13749
Wavelength 3/8; Variable 12000/13749
Wavelength 3/8; Variable 13000/13749
Wavelength 4/8; Variable 1000/13749
Wavelength 4/8; Variable 2000/13749
Wavelength 4/8; Variable 3000/13749
Wavelength 4/8; Variable 4000/13749
Wavelength 4/8; Variable 5000/13749
Wavelength 4/8; Variable 6000/13749
Wavelength 4/8; Variable 7000/13749
Wavelength 4/8; Variable 8000/13749
Wavelength 4/8; Variable 9000/13749
Wavelength 4/8; Variable 10000/13749
Wavelength 4/8; Variable 11000/13749
Wavelength 4/8; Variable 12000/13749
Wavelength 4/8; Variable 13000/13749
Wavelength 5/8; Variable 1000/13749
Wavelength 5/8; Variable 2000/13749
Wavelength 5/8; Variable 3000/13749
Wavelength 5/8; Variable 4000/13749
Wavelength 5/8; Variable 5000/13749
Wavelength 5/8; Variable 6000/13749
Wavelength 5/8; Variable 7000/13749
Wavelength 5/8; Variable 8000/13749
Wavelength 5/8; Variable 9000/13749
Wavelength 5/8; Variable 10000/13749
Wavelength 5/8; Variable 11000/13749
Wavelength 5/8; Variable 12000/13749
Wavelength 5/8; Variable 13000/13749
Wavelength 6/8; Variable 1000/13749
Wavelength 6/8; Variable 2000/13749
Wavelength 6/8; Variable 3000/13749
Wavelength 6/8; Variable 4000/13749
Wavelength 6/8; Variable 5000/13749
Wavelength 6/8; Variable 6000/13749
Wavelength 6/8; Variable 7000/13749
Wavelength 6/8; Variable 8000/13749
Wavelength 6/8; Variable 9000/13749
Wavelength 6/8; Variable 10000/13749
Wavelength 6/8; Variable 11000/13749
Wavelength 6/8; Variable 12000/13749
Wavelength 6/8; Variable 13000/13749
Wavelength 7/8; Variable 1000/13749
Wavelength 7/8; Variable 2000/13749
Wavelength 7/8; Variable 3000/13749
Wavelength 7/8; Variable 4000/13749
Wavelength 7/8; Variable 5000/13749
Wavelength 7/8; Variable 6000/13749
Wavelength 7/8; Variable 7000/13749
Wavelength 7/8; Variable 8000/13749
Wavelength 7/8; Variable 9000/13749
Wavelength 7/8; Variable 10000/13749
Wavelength 7/8; Variable 11000/13749
Wavelength 7/8; Variable 12000/13749
Wavelength 7/8; Variable 13000/13749
Wavelength 8/8; Variable 1000/13749
Wavelength 8/8; Variable 2000/13749
Wavelength 8/8; Variable 3000/13749
Wavelength 8/8; Variable 4000/13749
Wavelength 8/8; Variable 5000/13749
Wavelength 8/8; Variable 6000/13749
Wavelength 8/8; Variable 7000/13749
Wavelength 8/8; Variable 8000/13749
Wavelength 8/8; Variable 9000/13749
Wavelength 8/8; Variable 10000/13749
Wavelength 8/8; Variable 11000/13749
Wavelength 8/8; Variable 12000/13749
Wavelength 8/8; Variable 13000/13749
Start optimization...
Optimize a model with 13184 rows, 13749 columns and 181266816 nonzeros
Coefficient statistics:
  Matrix range     [4e-13, 2e-04]
  Objective range  [1e-02, 1e+00]
  Bounds range     [1e+00, 1e+00]
  RHS range        [1e-05, 1e-05]
Presolve removed 0 rows and 0 columns (presolve time = 11s) ...
Presolve removed 0 rows and 0 columns (presolve time = 17s) ...
Presolve removed 0 rows and 0 columns (presolve time = 28s) ...
Presolve removed 0 rows and 0 columns (presolve time = 49s) ...
Presolve removed 6592 rows and 0 columns (presolve time = 56s) ...
Presolve removed 6592 rows and 0 columns
Presolve time: 57.39s
Presolved: 6592 rows, 20341 columns, 90639994 nonzeros
Ordering time: 0.00s

Barrier statistics:
 AA' NZ     : 2.172e+07
 Factor NZ  : 2.173e+07 (roughly 200 MBytes of memory)
 Factor Ops : 9.551e+10 (roughly 3 seconds per iteration)
 Threads    : 6

                  Objective                Residual
Iter       Primal          Dual         Primal    Dual     Compl     Time
   0   4.87462205e+06  3.19134872e+04  2.58e+01 0.00e+00  9.24e+02    99s
   1   1.50352785e+04  3.18544510e+04  5.11e-02 1.36e-11  2.48e+00   120s
   2   6.93006486e+03  1.72651104e+04  4.04e-03 1.99e-09  3.70e-01   142s
   3   7.05889488e+03  1.00775384e+04  1.98e-03 5.65e-09  1.12e-01   164s
   4   7.11404839e+03  8.26173179e+03  1.21e-03 6.31e-09  4.78e-02   187s
   5   7.12555054e+03  7.58247845e+03  8.08e-04 1.15e-08  2.47e-02   209s
   6   7.10863956e+03  7.37573799e+03  6.54e-04 1.59e-08  1.80e-02   231s
   7   7.09091976e+03  7.26050070e+03  5.28e-04 1.99e-08  1.40e-02   253s
   8   7.08273928e+03  7.14311308e+03  4.52e-04 2.94e-08  1.11e-02   276s
   9   7.06240141e+03  7.08669730e+03  3.79e-04 6.43e-08  9.39e-03   298s
  10   7.04937599e+03  7.04235900e+03  3.47e-04 1.21e-07  8.55e-03   320s
  11   7.02605326e+03  6.98341309e+03  3.01e-04 7.73e-08  7.45e-03   343s
  12   7.01309820e+03  6.93523485e+03  2.85e-04 1.29e-07  6.86e-03   365s
  13   7.00001194e+03  6.91549590e+03  2.68e-04 5.49e-08  6.48e-03   388s
  14   6.98730106e+03  6.85719913e+03  2.54e-04 5.07e-07  5.73e-03   410s
  15   6.95092960e+03  6.82932257e+03  2.19e-04 5.96e-07  5.07e-03   432s
  16   6.92468788e+03  6.79333515e+03  1.97e-04 2.01e-06  4.35e-03   455s
  17   6.88982383e+03  6.76245823e+03  1.69e-04 1.06e-06  3.58e-03   477s
  18   6.87222117e+03  6.74559001e+03  1.55e-04 1.28e-06  3.15e-03   499s
  19   6.84085822e+03  6.72658975e+03  1.30e-04 1.26e-06  2.53e-03   521s
  20   6.81423663e+03  6.70973661e+03  1.09e-04 5.54e-06  1.97e-03   544s
  21   6.78941915e+03  6.69879363e+03  8.92e-05 5.78e-06  1.53e-03   567s
  22   6.76944325e+03  6.69151393e+03  7.37e-05 4.36e-06  1.21e-03   589s
  23   6.75788128e+03  6.68631238e+03  6.50e-05 3.08e-06  1.01e-03   611s
  24   6.73557832e+03  6.68203264e+03  4.80e-05 1.25e-06  7.32e-04   633s
  25   6.72302038e+03  6.67785530e+03  3.83e-05 6.42e-06  5.28e-04   656s
  26   6.71121096e+03  6.67617575e+03  2.95e-05 4.97e-06  4.07e-04   677s
  27   6.70118143e+03  6.67288311e+03  2.17e-05 4.55e-06  2.40e-04   701s
  28   6.69493624e+03  6.67227462e+03  1.73e-05 6.60e-06  1.91e-04   723s
  29   6.69016278e+03  6.67182740e+03  1.40e-05 2.05e-06  1.53e-04   745s
  30   6.68456789e+03  6.67106259e+03  9.98e-06 7.86e-06  9.97e-05   767s
  31   6.68076436e+03  6.67063843e+03  7.30e-06 1.46e-05  6.74e-05   790s
  32   6.67823293e+03  6.67043004e+03  5.51e-06 7.19e-06  4.73e-05   812s
  33   6.67581491e+03  6.67034770e+03  3.85e-06 7.09e-06  3.32e-05   834s
  34   6.67306220e+03  6.67025708e+03  1.98e-06 4.24e-06  1.73e-05   857s
  35   6.67160871e+03  6.67017970e+03  9.94e-07 9.59e-06  8.16e-06   880s
  36   6.67094939e+03  6.67016556e+03  5.46e-07 1.07e-06  4.51e-06   903s
  37   6.67017348e+03  6.67015022e+03  1.86e-08 1.08e-05  2.38e-07   931s
  38   6.67014869e+03  6.67014811e+03  7.40e-10 1.15e-06  1.73e-08   955s
  39   6.67014778e+03  6.67014775e+03  6.22e-11 9.37e-06  1.06e-09   979s

Barrier solved model in 39 iterations and 978.56 seconds
Optimal objective 6.67014778e+03

Optimization finished!
Restarting optimization for throughput iteration 1...
Optimize a model with 13184 rows, 13749 columns and 181266816 nonzeros
Coefficient statistics:
  Matrix range     [4e-13, 2e-04]
  Objective range  [1e-02, 1e+00]
  Bounds range     [1e+00, 1e+00]
  RHS range        [6e-06, 6e-06]
Presolve removed 0 rows and 0 columns (presolve time = 11s) ...
Presolve removed 0 rows and 0 columns (presolve time = 17s) ...
Presolve removed 0 rows and 0 columns (presolve time = 28s) ...
Presolve removed 0 rows and 0 columns (presolve time = 49s) ...
Presolve removed 6592 rows and 0 columns (presolve time = 56s) ...
Presolve removed 6592 rows and 0 columns
Presolve time: 57.10s
Presolved: 6592 rows, 20341 columns, 90639994 nonzeros
Ordering time: 0.00s

Barrier statistics:
 AA' NZ     : 2.172e+07
 Factor NZ  : 2.173e+07 (roughly 200 MBytes of memory)
 Factor Ops : 9.551e+10 (roughly 3 seconds per iteration)
 Threads    : 6

                  Objective                Residual
Iter       Primal          Dual         Primal    Dual     Compl     Time
   0   4.87462205e+06  3.14608686e+04  2.58e+01 0.00e+00  9.24e+02    98s
   1   1.50399045e+04  3.14015984e+04  5.11e-02 1.09e-11  2.47e+00   120s
   2   7.05784512e+03  1.68552027e+04  4.81e-03 3.35e-09  3.81e-01   142s
   3   7.15470707e+03  9.53054168e+03  2.67e-03 4.76e-09  1.13e-01   164s
   4   7.18750318e+03  8.37225420e+03  1.95e-03 1.07e-08  6.72e-02   187s
   5   7.12930373e+03  7.70249917e+03  1.33e-03 5.61e-08  4.27e-02   209s
   6   7.08711193e+03  7.35480197e+03  1.11e-03 3.06e-08  3.33e-02   231s
   7   7.04492590e+03  7.25034697e+03  9.57e-04 4.16e-08  2.94e-02   253s
   8   7.01123450e+03  6.99459264e+03  8.93e-04 6.33e-08  2.62e-02   274s
   9   6.93201634e+03  6.71430683e+03  8.01e-04 2.81e-07  2.27e-02   297s
  10   6.84661920e+03  6.55745534e+03  7.24e-04 2.76e-07  2.02e-02   319s
  11   6.78523129e+03  6.42957045e+03  6.79e-04 5.66e-07  1.82e-02   341s
  12   6.69971994e+03  6.30056089e+03  6.12e-04 2.84e-07  1.57e-02   363s
  13   6.60791206e+03  6.21167461e+03  5.39e-04 2.06e-07  1.33e-02   385s
  14   6.53131329e+03  6.08876093e+03  4.80e-04 9.46e-07  1.03e-02   407s
  15   6.44066066e+03  6.03251679e+03  4.13e-04 8.79e-07  8.54e-03   430s
  16   6.38389670e+03  5.99348239e+03  3.73e-04 9.02e-07  7.41e-03   452s
  17   6.31632599e+03  5.95156873e+03  3.25e-04 3.91e-07  6.18e-03   475s
  18   6.26918984e+03  5.92136301e+03  2.92e-04 5.10e-07  5.47e-03   497s
  19   6.23712279e+03  5.89549107e+03  2.71e-04 4.14e-07  4.99e-03   519s
  20   6.20467347e+03  5.87127588e+03  2.51e-04 2.21e-07  4.55e-03   540s
  21   6.17853291e+03  5.85350003e+03  2.35e-04 1.42e-07  4.22e-03   562s
  22   6.12840639e+03  5.82612652e+03  2.05e-04 2.50e-07  3.50e-03   585s
  23   6.08105975e+03  5.81279734e+03  1.78e-04 2.24e-07  2.99e-03   607s
  24   6.02761168e+03  5.79045386e+03  1.48e-04 1.47e-07  2.29e-03   630s
  25   5.98595700e+03  5.78399864e+03  1.25e-04 1.26e-07  1.96e-03   652s
  26   5.96304397e+03  5.77578290e+03  1.13e-04 2.01e-07  1.68e-03   675s
  27   5.93249856e+03  5.76673945e+03  9.57e-05 1.16e-07  1.31e-03   698s
  28   5.88836973e+03  5.76008608e+03  7.28e-05 1.83e-07  9.65e-04   720s
  29   5.85918131e+03  5.75454992e+03  5.75e-05 4.77e-07  6.97e-04   742s
  30   5.83903070e+03  5.75199008e+03  4.73e-05 8.98e-07  5.60e-04   764s
  31   5.82299106e+03  5.75071590e+03  3.93e-05 8.75e-07  4.68e-04   786s
  32   5.80458392e+03  5.74899216e+03  2.97e-05 6.03e-07  3.40e-04   809s
  33   5.79732476e+03  5.74836119e+03  2.62e-05 4.17e-07  3.00e-04   831s
  34   5.78824322e+03  5.74701685e+03  2.16e-05 1.33e-06  2.31e-04   853s
  35   5.77913575e+03  5.74574781e+03  1.71e-05 1.11e-06  1.68e-04   875s
  36   5.76924277e+03  5.74514758e+03  1.23e-05 2.76e-06  1.20e-04   898s
  37   5.75594330e+03  5.74419055e+03  5.94e-06 3.53e-06  5.51e-05   921s
  38   5.75043856e+03  5.74369738e+03  3.29e-06 5.83e-06  2.53e-05   945s
  39   5.74437301e+03  5.74359235e+03  3.95e-07 1.96e-06  3.71e-06   969s
  40   5.74372838e+03  5.74357050e+03  8.05e-08 3.07e-06  7.89e-07   992s
  41   5.74365996e+03  5.74356783e+03  4.68e-08 1.05e-06  4.51e-07  1015s
  42   5.74358629e+03  5.74356595e+03  1.05e-08 1.34e-06  1.09e-07  1039s
  43   5.74356516e+03  5.74356530e+03  7.60e-11 1.03e-06  6.48e-09  1064s
  44   5.74356516e+03  5.74356513e+03  2.35e-11 2.08e-06  4.00e-10  1087s

Barrier solved model in 44 iterations and 1087.18 seconds
Optimal objective 5.74356516e+03

Optimization finished!
