Optimizer called with the following parameters:
{'focal_plane_mask': {'field_stop_radius': -1.0,
                      'grayscale': True,
                      'num_pix': 50,
                      'radius': 3.82},
 'image': {'bandwidth': 0.18,
           'contrast': 10,
           'iwa': 3.5,
           'num_wavelengths': 8,
           'owa': 12.0,
           'resolution': 2},
 'lyot_stop': {'alignment_tolerance': 0,
               'filename': 'LUVOIR/LS_LUVOIR_ID0197_OD0974_no_struts_gy_ovsamp4_N0200.fits',
               'num_lyot_stops': 1},
 'method': {'edge_width_for_prior': 2,
            'ending_scale': 1,
            'force_no_hermitian_symmetry': False,
            'force_no_x_mirror_symmetry': False,
            'force_no_y_mirror_symmetry': False,
            'initial_throughput_estimate': 1,
            'maximize_planet_throughput': True,
            'num_throughput_iterations': 2,
            'starting_scale': 1},
 'pupil': {'N': 200,
           'filename': 'LUVOIR/TelAp_LUVOIR_gap_pad04_bw_ovsamp04_N0200.fits'},
 'solver': {'crossover': 0,
            'method': 2,
            'num_threads': 0}}

File organization:
{'analysis_dir': '/user/kstlaurent/git/progressive_refinement_coronagraphy/surveys/luvoir_N0200_small_local/analysis',
 'drivers_dir': '/user/kstlaurent/git/progressive_refinement_coronagraphy/surveys/luvoir_N0200_small_local/drivers',
 'input_files_dir': '/user/kstlaurent/git/progressive_refinement_coronagraphy/masks',
 'log_dir': '/user/kstlaurent/git/progressive_refinement_coronagraphy/surveys/luvoir_N0200_small_local/logs',
 'solution_dir': '/user/kstlaurent/git/progressive_refinement_coronagraphy/surveys/luvoir_N0200_small_local/solutions',
 'survey_dir': '/user/kstlaurent/git/progressive_refinement_coronagraphy/surveys/luvoir_N0200_small_local'}

Telescope pupil:
   Mirror symmetry in x: yes
   Mirror symmetry in y: no

Lyot stop #0:
   Mirror symmetry in x: yes
Lyot stop #0:
   Mirror symmetry in y: yes

Complete APLC:
   Mirror symmetry in x: yes
   Mirror symmetry in y: no

Starting optimization at scale 1 with 13749 variables and 6592 constraints.
Creating model...
Academic license - for non-commercial use only
Parameter Threads unchanged
   Value: 0  Min: 0  Max: 1024  Default: 0
Changed value of parameter Crossover to 0
   Prev: -1  Min: -1  Max: 5  Default: -1
Changed value of parameter Method to 2
   Prev: -1  Min: -1  Max: 5  Default: -1
Calculating and adding constraints...
Wavelength 1/8; Variable 1000/13749
Wavelength 1/8; Variable 2000/13749
Wavelength 1/8; Variable 3000/13749
Wavelength 1/8; Variable 4000/13749
Wavelength 1/8; Variable 5000/13749
Wavelength 1/8; Variable 6000/13749
Wavelength 1/8; Variable 7000/13749
Wavelength 1/8; Variable 8000/13749
Wavelength 1/8; Variable 9000/13749
Wavelength 1/8; Variable 10000/13749
Wavelength 1/8; Variable 11000/13749
Wavelength 1/8; Variable 12000/13749
Wavelength 1/8; Variable 13000/13749
Wavelength 2/8; Variable 1000/13749
Wavelength 2/8; Variable 2000/13749
Wavelength 2/8; Variable 3000/13749
Wavelength 2/8; Variable 4000/13749
Wavelength 2/8; Variable 5000/13749
Wavelength 2/8; Variable 6000/13749
Wavelength 2/8; Variable 7000/13749
Wavelength 2/8; Variable 8000/13749
Wavelength 2/8; Variable 9000/13749
Wavelength 2/8; Variable 10000/13749
Wavelength 2/8; Variable 11000/13749
Wavelength 2/8; Variable 12000/13749
Wavelength 2/8; Variable 13000/13749
Wavelength 3/8; Variable 1000/13749
Wavelength 3/8; Variable 2000/13749
Wavelength 3/8; Variable 3000/13749
Wavelength 3/8; Variable 4000/13749
Wavelength 3/8; Variable 5000/13749
Wavelength 3/8; Variable 6000/13749
Wavelength 3/8; Variable 7000/13749
Wavelength 3/8; Variable 8000/13749
Wavelength 3/8; Variable 9000/13749
Wavelength 3/8; Variable 10000/13749
Wavelength 3/8; Variable 11000/13749
Wavelength 3/8; Variable 12000/13749
Wavelength 3/8; Variable 13000/13749
Wavelength 4/8; Variable 1000/13749
Wavelength 4/8; Variable 2000/13749
Wavelength 4/8; Variable 3000/13749
Wavelength 4/8; Variable 4000/13749
Wavelength 4/8; Variable 5000/13749
Wavelength 4/8; Variable 6000/13749
Wavelength 4/8; Variable 7000/13749
Wavelength 4/8; Variable 8000/13749
Wavelength 4/8; Variable 9000/13749
Wavelength 4/8; Variable 10000/13749
Wavelength 4/8; Variable 11000/13749
Wavelength 4/8; Variable 12000/13749
Wavelength 4/8; Variable 13000/13749
Wavelength 5/8; Variable 1000/13749
Wavelength 5/8; Variable 2000/13749
Wavelength 5/8; Variable 3000/13749
Wavelength 5/8; Variable 4000/13749
Wavelength 5/8; Variable 5000/13749
Wavelength 5/8; Variable 6000/13749
Wavelength 5/8; Variable 7000/13749
Wavelength 5/8; Variable 8000/13749
Wavelength 5/8; Variable 9000/13749
Wavelength 5/8; Variable 10000/13749
Wavelength 5/8; Variable 11000/13749
Wavelength 5/8; Variable 12000/13749
Wavelength 5/8; Variable 13000/13749
Wavelength 6/8; Variable 1000/13749
Wavelength 6/8; Variable 2000/13749
Wavelength 6/8; Variable 3000/13749
Wavelength 6/8; Variable 4000/13749
Wavelength 6/8; Variable 5000/13749
Wavelength 6/8; Variable 6000/13749
Wavelength 6/8; Variable 7000/13749
Wavelength 6/8; Variable 8000/13749
Wavelength 6/8; Variable 9000/13749
Wavelength 6/8; Variable 10000/13749
Wavelength 6/8; Variable 11000/13749
Wavelength 6/8; Variable 12000/13749
Wavelength 6/8; Variable 13000/13749
Wavelength 7/8; Variable 1000/13749
Wavelength 7/8; Variable 2000/13749
Wavelength 7/8; Variable 3000/13749
Wavelength 7/8; Variable 4000/13749
Wavelength 7/8; Variable 5000/13749
Wavelength 7/8; Variable 6000/13749
Wavelength 7/8; Variable 7000/13749
Wavelength 7/8; Variable 8000/13749
Wavelength 7/8; Variable 9000/13749
Wavelength 7/8; Variable 10000/13749
Wavelength 7/8; Variable 11000/13749
Wavelength 7/8; Variable 12000/13749
Wavelength 7/8; Variable 13000/13749
Wavelength 8/8; Variable 1000/13749
Wavelength 8/8; Variable 2000/13749
Wavelength 8/8; Variable 3000/13749
Wavelength 8/8; Variable 4000/13749
Wavelength 8/8; Variable 5000/13749
Wavelength 8/8; Variable 6000/13749
Wavelength 8/8; Variable 7000/13749
Wavelength 8/8; Variable 8000/13749
Wavelength 8/8; Variable 9000/13749
Wavelength 8/8; Variable 10000/13749
Wavelength 8/8; Variable 11000/13749
Wavelength 8/8; Variable 12000/13749
Wavelength 8/8; Variable 13000/13749
Start optimization...
Optimize a model with 13184 rows, 13749 columns and 181266816 nonzeros
Coefficient statistics:
  Matrix range     [3e-13, 2e-04]
  Objective range  [2e-02, 1e+00]
  Bounds range     [1e+00, 1e+00]
  RHS range        [1e-05, 1e-05]
Presolve removed 0 rows and 0 columns (presolve time = 11s) ...
Presolve removed 0 rows and 0 columns (presolve time = 17s) ...
Presolve removed 0 rows and 0 columns (presolve time = 28s) ...
Presolve removed 0 rows and 0 columns (presolve time = 49s) ...
Presolve removed 6592 rows and 0 columns (presolve time = 56s) ...
Presolve removed 6592 rows and 0 columns
Presolve time: 57.26s
Presolved: 6592 rows, 20341 columns, 90639992 nonzeros
Ordering time: 0.00s

Barrier statistics:
 AA' NZ     : 2.172e+07
 Factor NZ  : 2.173e+07 (roughly 200 MBytes of memory)
 Factor Ops : 9.551e+10 (roughly 3 seconds per iteration)
 Threads    : 6

                  Objective                Residual
Iter       Primal          Dual         Primal    Dual     Compl     Time
   0   4.99473971e+06  3.22444537e+04  2.38e+01 0.00e+00  9.24e+02    99s
   1   1.63391899e+04  3.21842175e+04  5.21e-02 1.09e-11  2.67e+00   121s
   2   7.11955445e+03  1.80496758e+04  4.67e-03 3.45e-09  4.18e-01   144s
   3   7.13072329e+03  9.59421846e+03  1.84e-03 5.20e-09  9.85e-02   166s
   4   7.06298936e+03  7.86631727e+03  9.38e-04 5.04e-09  3.49e-02   189s
   5   7.06481062e+03  7.48715458e+03  5.29e-04 6.48e-09  1.85e-02   212s
   6   7.06126858e+03  7.36817587e+03  4.10e-04 7.61e-09  1.38e-02   234s
   7   7.05773147e+03  7.28535566e+03  3.29e-04 1.07e-08  1.06e-02   256s
   8   7.05410330e+03  7.22892247e+03  2.59e-04 1.32e-08  8.36e-03   278s
   9   7.05056123e+03  7.19485592e+03  2.11e-04 9.19e-09  6.91e-03   300s
  10   7.04979634e+03  7.13913479e+03  1.77e-04 1.42e-08  5.13e-03   322s
  11   7.04714603e+03  7.09695899e+03  1.33e-04 1.29e-08  3.50e-03   345s
  12   7.04359208e+03  7.07402872e+03  9.71e-05 3.86e-08  2.45e-03   369s
  13   7.04039029e+03  7.05394990e+03  7.18e-05 6.85e-08  1.62e-03   391s
  14   7.03731850e+03  7.04619744e+03  5.42e-05 6.38e-08  1.21e-03   414s
  15   7.03594305e+03  7.04073816e+03  4.55e-05 4.66e-08  9.54e-04   436s
  16   7.03394286e+03  7.03417924e+03  3.35e-05 7.07e-08  6.27e-04   459s
  17   7.03262180e+03  7.03087860e+03  2.54e-05 1.62e-08  4.32e-04   481s
  18   7.03116631e+03  7.02869615e+03  1.78e-05 6.19e-08  2.77e-04   505s
  19   7.02994527e+03  7.02702525e+03  1.28e-05 6.05e-08  1.73e-04   528s
  20   7.02814241e+03  7.02637337e+03  7.48e-06 9.55e-08  1.00e-04   551s
  21   7.02729494e+03  7.02604096e+03  4.84e-06 2.29e-07  6.25e-05   574s
  22   7.02657357e+03  7.02578998e+03  2.95e-06 8.57e-08  3.78e-05   596s
  23   7.02582412e+03  7.02553112e+03  1.01e-06 9.43e-08  1.23e-05   620s
  24   7.02544998e+03  7.02547089e+03  5.54e-09 2.21e-08  6.22e-07   644s
  25   7.02545508e+03  7.02546519e+03  2.03e-09 2.13e-08  2.88e-07   668s
  26   7.02545762e+03  7.02545966e+03  3.63e-10 2.31e-08  5.73e-08   692s
  27   7.02545819e+03  7.02545847e+03  6.50e-11 4.89e-08  8.09e-09   716s
  28   7.02545833e+03  7.02545835e+03  1.21e-11 3.70e-08  9.81e-10   740s

Barrier solved model in 28 iterations and 739.95 seconds
Optimal objective 7.02545833e+03

Optimization finished!
Restarting optimization for throughput iteration 1...
Optimize a model with 13184 rows, 13749 columns and 181266816 nonzeros
Coefficient statistics:
  Matrix range     [3e-13, 2e-04]
  Objective range  [2e-02, 1e+00]
  Bounds range     [1e+00, 1e+00]
  RHS range        [6e-06, 6e-06]
Presolve removed 0 rows and 0 columns (presolve time = 11s) ...
Presolve removed 0 rows and 0 columns (presolve time = 17s) ...
Presolve removed 0 rows and 0 columns (presolve time = 28s) ...
Presolve removed 0 rows and 0 columns (presolve time = 49s) ...
Presolve removed 6592 rows and 0 columns (presolve time = 56s) ...
Presolve removed 6592 rows and 0 columns
Presolve time: 57.07s
Presolved: 6592 rows, 20341 columns, 90639992 nonzeros
Ordering time: 0.00s

Barrier statistics:
 AA' NZ     : 2.172e+07
 Factor NZ  : 2.173e+07 (roughly 200 MBytes of memory)
 Factor Ops : 9.551e+10 (roughly 3 seconds per iteration)
 Threads    : 6

                  Objective                Residual
Iter       Primal          Dual         Primal    Dual     Compl     Time
   0   4.99473971e+06  3.18167575e+04  2.38e+01 0.00e+00  9.24e+02    99s
   1   1.63455369e+04  3.17563020e+04  5.21e-02 1.18e-11  2.66e+00   120s
   2   7.07323805e+03  1.76052654e+04  4.44e-03 2.59e-09  4.03e-01   142s
   3   7.05963019e+03  9.51251816e+03  1.98e-03 4.11e-09  1.04e-01   165s
   4   7.08192852e+03  7.88431983e+03  1.21e-03 6.04e-09  4.23e-02   187s
   5   7.08327834e+03  7.58712854e+03  9.96e-04 1.62e-08  3.13e-02   210s
   6   7.06622960e+03  7.35413492e+03  7.65e-04 8.45e-08  2.25e-02   233s
   7   7.04240131e+03  7.25010205e+03  6.31e-04 5.40e-08  1.87e-02   255s
   8   7.02770260e+03  7.18540214e+03  5.80e-04 3.77e-08  1.70e-02   276s
   9   7.00527580e+03  7.10699380e+03  4.99e-04 4.47e-08  1.46e-02   299s
  10   6.98790625e+03  6.98731140e+03  4.45e-04 5.34e-07  1.23e-02   322s
  11   6.96578687e+03  6.89130401e+03  4.02e-04 2.68e-07  1.09e-02   345s
  12   6.94086750e+03  6.86418014e+03  3.63e-04 5.18e-07  1.01e-02   367s
  13   6.92537513e+03  6.77992739e+03  3.45e-04 1.86e-07  9.27e-03   389s
  14   6.90272091e+03  6.69944200e+03  3.24e-04 2.17e-07  8.53e-03   412s
  15   6.86737950e+03  6.64732867e+03  2.94e-04 5.61e-07  7.74e-03   436s
  16   6.84440436e+03  6.61186260e+03  2.79e-04 1.96e-06  7.29e-03   460s
  17   6.80293470e+03  6.55533407e+03  2.52e-04 3.08e-06  6.44e-03   483s
  18   6.77406017e+03  6.51729636e+03  2.34e-04 5.03e-06  5.79e-03   506s
  19   6.74283565e+03  6.48562881e+03  2.15e-04 5.48e-06  5.13e-03   529s
  20   6.70191689e+03  6.46088766e+03  1.91e-04 5.49e-06  4.51e-03   552s
  21   6.66219752e+03  6.43006597e+03  1.68e-04 2.30e-06  3.76e-03   576s
  22   6.62791981e+03  6.39774767e+03  1.49e-04 1.14e-07  2.90e-03   599s
  23   6.60117560e+03  6.38757848e+03  1.35e-04 2.78e-07  2.56e-03   621s
  24   6.56976318e+03  6.37581957e+03  1.18e-04 7.28e-07  2.12e-03   644s
  25   6.55561256e+03  6.36945791e+03  1.10e-04 1.24e-06  1.94e-03   666s
  26   6.53951362e+03  6.35903940e+03  1.02e-04 2.56e-06  1.66e-03   688s
  27   6.51822219e+03  6.35402992e+03  9.08e-05 2.67e-06  1.43e-03   711s
  28   6.49442791e+03  6.34966554e+03  7.89e-05 3.32e-07  1.23e-03   734s
  29   6.47439479e+03  6.34583052e+03  6.90e-05 2.04e-06  1.05e-03   757s
  30   6.45573094e+03  6.33962140e+03  5.96e-05 8.22e-06  8.28e-04   780s
  31   6.43208388e+03  6.33670915e+03  4.82e-05 8.69e-06  6.50e-04   803s
  32   6.41564152e+03  6.33475583e+03  4.03e-05 1.29e-05  5.27e-04   825s
  33   6.39838594e+03  6.33243025e+03  3.23e-05 5.15e-06  4.02e-04   848s
  34   6.36999702e+03  6.33014081e+03  1.93e-05 5.37e-06  2.38e-04   872s
  35   6.36096353e+03  6.32867106e+03  1.53e-05 9.21e-06  1.71e-04   895s
  36   6.34895068e+03  6.32757022e+03  1.05e-05 5.26e-06  9.39e-05   918s
  37   6.34328357e+03  6.32730438e+03  7.85e-06 7.55e-06  6.87e-05   940s
  38   6.33916996e+03  6.32708368e+03  5.80e-06 6.37e-06  4.39e-05   963s
  39   6.33697308e+03  6.32697131e+03  4.77e-06 8.93e-06  3.48e-05   986s
  40   6.33376749e+03  6.32685313e+03  3.25e-06 5.83e-06  2.15e-05  1009s
  41   6.33037919e+03  6.32679925e+03  1.68e-06 2.72e-05  1.12e-05  1031s
  42   6.32702378e+03  6.32674832e+03  1.35e-07 3.34e-05  1.17e-06  1056s
  43   6.32679022e+03  6.32674238e+03  2.39e-08 4.54e-06  2.36e-07  1080s
  44   6.32675986e+03  6.32674165e+03  9.22e-09 1.21e-05  9.69e-08  1102s
  45   6.32674631e+03  6.32674110e+03  2.65e-09 2.31e-05  2.83e-08  1125s
  46   6.32674209e+03  6.32674089e+03  3.63e-10 8.70e-06  4.08e-09  1150s
  47   6.32674153e+03  6.32674089e+03  3.47e-10 8.70e-06  4.08e-09  1174s
  48   6.32674180e+03  6.32674089e+03  3.37e-10 8.70e-06  4.08e-09  1197s
  49   6.32673727e+03  6.32674088e+03  1.13e-09 3.03e-05  4.40e-10  1224s

Barrier solved model in 49 iterations and 1223.87 seconds
Optimal objective 6.32673727e+03

Optimization finished!
