Optimizer called with the following parameters:
{'focal_plane_mask': {'field_stop_radius': -1.0,
                      'grayscale': True,
                      'num_pix': 50,
                      'radius': 3.82},
 'image': {'bandwidth': 0.18,
           'contrast': 10,
           'iwa': 3.5,
           'num_wavelengths': 8,
           'owa': 12.0,
           'resolution': 2},
 'lyot_stop': {'alignment_tolerance': 0,
               'filename': 'LUVOIR/LS_LUVOIR_ID0193_OD0955_no_struts_gy_ovsamp4_N0200.fits',
               'num_lyot_stops': 1},
 'method': {'edge_width_for_prior': 2,
            'ending_scale': 1,
            'force_no_hermitian_symmetry': False,
            'force_no_x_mirror_symmetry': False,
            'force_no_y_mirror_symmetry': False,
            'initial_throughput_estimate': 1,
            'maximize_planet_throughput': True,
            'num_throughput_iterations': 2,
            'starting_scale': 1},
 'pupil': {'N': 200,
           'filename': 'LUVOIR/TelAp_LUVOIR_gap_pad04_bw_ovsamp04_N0200.fits'},
 'solver': {'crossover': 0,
            'method': 2,
            'num_threads': 0}}

File organization:
{'analysis_dir': '/user/kstlaurent/git/progressive_refinement_coronagraphy/surveys/luvoir_N0200_small_local/analysis',
 'drivers_dir': '/user/kstlaurent/git/progressive_refinement_coronagraphy/surveys/luvoir_N0200_small_local/drivers',
 'input_files_dir': '/user/kstlaurent/git/progressive_refinement_coronagraphy/masks',
 'log_dir': '/user/kstlaurent/git/progressive_refinement_coronagraphy/surveys/luvoir_N0200_small_local/logs',
 'solution_dir': '/user/kstlaurent/git/progressive_refinement_coronagraphy/surveys/luvoir_N0200_small_local/solutions',
 'survey_dir': '/user/kstlaurent/git/progressive_refinement_coronagraphy/surveys/luvoir_N0200_small_local'}

Telescope pupil:
   Mirror symmetry in x: yes
   Mirror symmetry in y: no

Lyot stop #0:
   Mirror symmetry in x: yes
Lyot stop #0:
   Mirror symmetry in y: yes

Complete APLC:
   Mirror symmetry in x: yes
   Mirror symmetry in y: no

Starting optimization at scale 1 with 13749 variables and 6592 constraints.
Creating model...
Academic license - for non-commercial use only
Parameter Threads unchanged
   Value: 0  Min: 0  Max: 1024  Default: 0
Changed value of parameter Crossover to 0
   Prev: -1  Min: -1  Max: 5  Default: -1
Changed value of parameter Method to 2
   Prev: -1  Min: -1  Max: 5  Default: -1
Calculating and adding constraints...
Traceback (most recent call last):
  File "/user/kstlaurent/git/progressive_refinement_coronagraphy/surveys/luvoir_N0200_small_local/drivers/08_LUVOIR_N200_FPM382M050_IWA0350_OWA01200_C10_BW18_Nlam8_LS_IDD0193_OD0955_no_ls_struts.py", line 127, in <module>
    solver_method=solver_method)
  File "/user/kstlaurent/git/progressive_refinement_coronagraphy/surveys/luvoir_N0200_small_local/drivers/por_aplc_optimizer.py", line 380, in optimize_aplc
    E = propagators[i](lyot_copy).electric_field[dark_zone_masks[i]]
  File "/Users/kstlaurent/git/hcipy/hcipy/propagation/propagator.py", line 38, in __call__
    return self.forward(wavefront)
  File "/Users/kstlaurent/git/hcipy/hcipy/propagation/propagator.py", line 41, in forward
    return self.get_monochromatic_propagator(wavefront.wavelength).forward(wavefront, *args, **kwargs)
  File "/Users/kstlaurent/git/hcipy/hcipy/propagation/fraunhofer.py", line 25, in forward
    U_new = self.fourier_transform.forward(wavefront.electric_field) * self.norm_factor
  File "/Users/kstlaurent/git/hcipy/hcipy/fourier/fourier_transform.py", line 187, in inner
    return func(self, field)
  File "/Users/kstlaurent/git/hcipy/hcipy/fourier/matrix_fourier_transform.py", line 39, in forward
    f = (field.ravel() * self.weights).reshape(self.shape)
  File "/Users/kstlaurent/git/hcipy/hcipy/field/field.py", line 25, in __array_finalize__
    def __array_finalize__(self, obj):
KeyboardInterrupt
