Optimizer called with the following parameters:
{'focal_plane_mask': {'field_stop_radius': -1.0,
                      'grayscale': True,
                      'num_pix': 50,
                      'radius': 3.82},
 'image': {'bandwidth': 0.18,
           'contrast': 10,
           'iwa': 3.5,
           'num_wavelengths': 8,
           'owa': 12.0,
           'resolution': 2},
 'lyot_stop': {'alignment_tolerance': 0,
               'filename': 'LUVOIR/LS_LUVOIR_ID0195_OD0965_no_struts_gy_ovsamp4_N0200.fits',
               'num_lyot_stops': 1},
 'method': {'edge_width_for_prior': 2,
            'ending_scale': 1,
            'force_no_hermitian_symmetry': False,
            'force_no_x_mirror_symmetry': False,
            'force_no_y_mirror_symmetry': False,
            'initial_throughput_estimate': 1,
            'maximize_planet_throughput': True,
            'num_throughput_iterations': 2,
            'starting_scale': 1},
 'pupil': {'N': 200,
           'filename': 'LUVOIR/TelAp_LUVOIR_gap_pad04_bw_ovsamp04_N0200.fits'},
 'solver': {'crossover': 0,
            'method': 2,
            'num_threads': 0}}

File organization:
{'analysis_dir': '/user/kstlaurent/git/progressive_refinement_coronagraphy/surveys/luvoir_N0200_small_local/analysis',
 'drivers_dir': '/user/kstlaurent/git/progressive_refinement_coronagraphy/surveys/luvoir_N0200_small_local/drivers',
 'input_files_dir': '/user/kstlaurent/git/progressive_refinement_coronagraphy/masks',
 'log_dir': '/user/kstlaurent/git/progressive_refinement_coronagraphy/surveys/luvoir_N0200_small_local/logs',
 'solution_dir': '/user/kstlaurent/git/progressive_refinement_coronagraphy/surveys/luvoir_N0200_small_local/solutions',
 'survey_dir': '/user/kstlaurent/git/progressive_refinement_coronagraphy/surveys/luvoir_N0200_small_local'}

Telescope pupil:
   Mirror symmetry in x: yes
   Mirror symmetry in y: no

Lyot stop #0:
   Mirror symmetry in x: yes
Lyot stop #0:
   Mirror symmetry in y: yes

Complete APLC:
   Mirror symmetry in x: yes
   Mirror symmetry in y: no

Starting optimization at scale 1 with 13749 variables and 6592 constraints.
Creating model...
Academic license - for non-commercial use only
Parameter Threads unchanged
   Value: 0  Min: 0  Max: 1024  Default: 0
Changed value of parameter Crossover to 0
   Prev: -1  Min: -1  Max: 5  Default: -1
Changed value of parameter Method to 2
   Prev: -1  Min: -1  Max: 5  Default: -1
Calculating and adding constraints...
Wavelength 1/8; Variable 1000/13749
Wavelength 1/8; Variable 2000/13749
Wavelength 1/8; Variable 3000/13749
Wavelength 1/8; Variable 4000/13749
Wavelength 1/8; Variable 5000/13749
Wavelength 1/8; Variable 6000/13749
Wavelength 1/8; Variable 7000/13749
Wavelength 1/8; Variable 8000/13749
Wavelength 1/8; Variable 9000/13749
Wavelength 1/8; Variable 10000/13749
Wavelength 1/8; Variable 11000/13749
Wavelength 1/8; Variable 12000/13749
Wavelength 1/8; Variable 13000/13749
Wavelength 2/8; Variable 1000/13749
Wavelength 2/8; Variable 2000/13749
Wavelength 2/8; Variable 3000/13749
Wavelength 2/8; Variable 4000/13749
Wavelength 2/8; Variable 5000/13749
Wavelength 2/8; Variable 6000/13749
Wavelength 2/8; Variable 7000/13749
Wavelength 2/8; Variable 8000/13749
Wavelength 2/8; Variable 9000/13749
Wavelength 2/8; Variable 10000/13749
Wavelength 2/8; Variable 11000/13749
Wavelength 2/8; Variable 12000/13749
Wavelength 2/8; Variable 13000/13749
Warning for adding constraints: zero or small (< 1e-13) coefficients, ignored
Wavelength 3/8; Variable 1000/13749
Wavelength 3/8; Variable 2000/13749
Wavelength 3/8; Variable 3000/13749
Wavelength 3/8; Variable 4000/13749
Wavelength 3/8; Variable 5000/13749
Wavelength 3/8; Variable 6000/13749
Wavelength 3/8; Variable 7000/13749
Wavelength 3/8; Variable 8000/13749
Wavelength 3/8; Variable 9000/13749
Wavelength 3/8; Variable 10000/13749
Wavelength 3/8; Variable 11000/13749
Wavelength 3/8; Variable 12000/13749
Wavelength 3/8; Variable 13000/13749
Wavelength 4/8; Variable 1000/13749
Wavelength 4/8; Variable 2000/13749
Wavelength 4/8; Variable 3000/13749
Wavelength 4/8; Variable 4000/13749
Wavelength 4/8; Variable 5000/13749
Wavelength 4/8; Variable 6000/13749
Wavelength 4/8; Variable 7000/13749
Wavelength 4/8; Variable 8000/13749
Wavelength 4/8; Variable 9000/13749
Wavelength 4/8; Variable 10000/13749
Wavelength 4/8; Variable 11000/13749
Wavelength 4/8; Variable 12000/13749
Wavelength 4/8; Variable 13000/13749
Wavelength 5/8; Variable 1000/13749
Wavelength 5/8; Variable 2000/13749
Wavelength 5/8; Variable 3000/13749
Wavelength 5/8; Variable 4000/13749
Wavelength 5/8; Variable 5000/13749
Wavelength 5/8; Variable 6000/13749
Wavelength 5/8; Variable 7000/13749
Wavelength 5/8; Variable 8000/13749
Wavelength 5/8; Variable 9000/13749
Wavelength 5/8; Variable 10000/13749
Wavelength 5/8; Variable 11000/13749
Wavelength 5/8; Variable 12000/13749
Wavelength 5/8; Variable 13000/13749
Wavelength 6/8; Variable 1000/13749
Wavelength 6/8; Variable 2000/13749
Wavelength 6/8; Variable 3000/13749
Wavelength 6/8; Variable 4000/13749
Wavelength 6/8; Variable 5000/13749
Wavelength 6/8; Variable 6000/13749
Wavelength 6/8; Variable 7000/13749
Wavelength 6/8; Variable 8000/13749
Wavelength 6/8; Variable 9000/13749
Wavelength 6/8; Variable 10000/13749
Wavelength 6/8; Variable 11000/13749
Wavelength 6/8; Variable 12000/13749
Wavelength 6/8; Variable 13000/13749
Wavelength 7/8; Variable 1000/13749
Wavelength 7/8; Variable 2000/13749
Wavelength 7/8; Variable 3000/13749
Wavelength 7/8; Variable 4000/13749
Wavelength 7/8; Variable 5000/13749
Wavelength 7/8; Variable 6000/13749
Wavelength 7/8; Variable 7000/13749
Wavelength 7/8; Variable 8000/13749
Wavelength 7/8; Variable 9000/13749
Wavelength 7/8; Variable 10000/13749
Wavelength 7/8; Variable 11000/13749
Wavelength 7/8; Variable 12000/13749
Wavelength 7/8; Variable 13000/13749
Wavelength 8/8; Variable 1000/13749
Wavelength 8/8; Variable 2000/13749
Wavelength 8/8; Variable 3000/13749
Wavelength 8/8; Variable 4000/13749
Wavelength 8/8; Variable 5000/13749
Wavelength 8/8; Variable 6000/13749
Wavelength 8/8; Variable 7000/13749
Wavelength 8/8; Variable 8000/13749
Wavelength 8/8; Variable 9000/13749
Wavelength 8/8; Variable 10000/13749
Wavelength 8/8; Variable 11000/13749
Wavelength 8/8; Variable 12000/13749
Wavelength 8/8; Variable 13000/13749
Start optimization...
Optimize a model with 13184 rows, 13749 columns and 181266812 nonzeros
Coefficient statistics:
  Matrix range     [3e-13, 2e-04]
  Objective range  [1e-02, 1e+00]
  Bounds range     [1e+00, 1e+00]
  RHS range        [1e-05, 1e-05]
Presolve removed 0 rows and 0 columns (presolve time = 11s) ...
Presolve removed 0 rows and 0 columns (presolve time = 17s) ...
Presolve removed 0 rows and 0 columns (presolve time = 28s) ...
Presolve removed 0 rows and 0 columns (presolve time = 49s) ...
Presolve removed 6592 rows and 0 columns (presolve time = 56s) ...
Presolve removed 6592 rows and 0 columns
Presolve time: 57.23s
Presolved: 6592 rows, 20341 columns, 90639990 nonzeros
Ordering time: 0.00s

Barrier statistics:
 AA' NZ     : 2.172e+07
 Factor NZ  : 2.173e+07 (roughly 200 MBytes of memory)
 Factor Ops : 9.551e+10 (roughly 3 seconds per iteration)
 Threads    : 6

                  Objective                Residual
Iter       Primal          Dual         Primal    Dual     Compl     Time
   0   4.87388650e+06  3.19633461e+04  2.53e+01 0.00e+00  9.24e+02    98s
   1   1.45062382e+04  3.19045537e+04  4.71e-02 1.09e-11  2.37e+00   120s
   2   6.98356587e+03  1.68202412e+04  4.20e-03 2.54e-09  3.64e-01   142s
   3   7.16734987e+03  9.74655999e+03  1.69e-03 4.21e-09  9.46e-02   164s
   4   7.10408425e+03  7.86554623e+03  7.79e-04 5.44e-09  2.94e-02   186s
   5   7.10188550e+03  7.50055109e+03  3.94e-04 6.48e-09  1.48e-02   209s
   6   7.11008366e+03  7.33312411e+03  2.62e-04 7.24e-09  8.63e-03   231s
   7   7.11486583e+03  7.25613426e+03  1.73e-04 1.00e-08  5.51e-03   253s
   8   7.11851701e+03  7.21391336e+03  1.29e-04 9.82e-09  3.84e-03   276s
   9   7.12026369e+03  7.19181265e+03  1.04e-04 9.11e-09  2.96e-03   298s
  10   7.12417158e+03  7.17070021e+03  7.41e-05 8.17e-09  1.99e-03   320s
  11   7.12618061e+03  7.15656980e+03  5.68e-05 8.44e-09  1.39e-03   343s
  12   7.12844490e+03  7.14791904e+03  4.02e-05 9.82e-09  9.32e-04   366s
  13   7.13005447e+03  7.14051672e+03  2.78e-05 1.47e-08  5.69e-04   389s
  14   7.13184854e+03  7.13616119e+03  1.84e-05 9.00e-09  3.11e-04   412s
  15   7.13261243e+03  7.13425043e+03  1.09e-05 1.02e-08  1.62e-04   435s
  16   7.13287795e+03  7.13348705e+03  1.27e-06 1.94e-08  2.91e-05   460s
  17   7.13304319e+03  7.13314071e+03  1.89e-07 1.12e-08  4.51e-06   484s
  18   7.13309065e+03  7.13310006e+03  4.18e-09 1.16e-08  2.78e-07   508s
  19   7.13309552e+03  7.13309643e+03  1.68e-10 1.76e-08  2.42e-08   531s
  20   7.13309594e+03  7.13309600e+03  5.26e-12 1.48e-08  1.57e-09   555s

Barrier solved model in 20 iterations and 555.15 seconds
Optimal objective 7.13309594e+03

Optimization finished!
Restarting optimization for throughput iteration 1...
Optimize a model with 13184 rows, 13749 columns and 181266812 nonzeros
Coefficient statistics:
  Matrix range     [3e-13, 2e-04]
  Objective range  [1e-02, 1e+00]
  Bounds range     [1e+00, 1e+00]
  RHS range        [7e-06, 7e-06]
Presolve removed 0 rows and 0 columns (presolve time = 11s) ...
Presolve removed 0 rows and 0 columns (presolve time = 17s) ...
Presolve removed 0 rows and 0 columns (presolve time = 28s) ...
Presolve removed 0 rows and 0 columns (presolve time = 49s) ...
Presolve removed 6592 rows and 0 columns (presolve time = 56s) ...
Presolve removed 6592 rows and 0 columns
Presolve time: 57.09s
Presolved: 6592 rows, 20341 columns, 90639990 nonzeros
Ordering time: 0.00s

Barrier statistics:
 AA' NZ     : 2.172e+07
 Factor NZ  : 2.173e+07 (roughly 200 MBytes of memory)
 Factor Ops : 9.551e+10 (roughly 3 seconds per iteration)
 Threads    : 6

                  Objective                Residual
Iter       Primal          Dual         Primal    Dual     Compl     Time
   0   4.87388650e+06  3.15637861e+04  2.53e+01 0.00e+00  9.24e+02    98s
   1   1.45076845e+04  3.15047921e+04  4.72e-02 1.09e-11  2.36e+00   120s
   2   6.95320260e+03  1.64547764e+04  4.06e-03 2.08e-09  3.53e-01   142s
   3   7.08778907e+03  9.64578559e+03  2.06e-03 2.88e-09  1.04e-01   165s
   4   7.04422063e+03  7.89633026e+03  9.55e-04 6.44e-09  3.60e-02   188s
   5   7.05803972e+03  7.50966587e+03  6.85e-04 8.27e-09  2.11e-02   210s
   6   7.05466795e+03  7.36441417e+03  5.17e-04 8.07e-09  1.49e-02   232s
   7   7.05127458e+03  7.27715752e+03  3.99e-04 9.43e-09  1.10e-02   254s
   8   7.04780917e+03  7.23096086e+03  3.31e-04 1.06e-08  8.98e-03   275s
   9   7.04717550e+03  7.17386683e+03  2.80e-04 1.08e-08  6.89e-03   297s
  10   7.04440949e+03  7.13124842e+03  2.17e-04 1.27e-08  5.09e-03   320s
  11   7.04139040e+03  7.10032946e+03  1.80e-04 1.35e-08  3.90e-03   342s
  12   7.03959964e+03  7.08262045e+03  1.47e-04 1.55e-08  3.08e-03   364s
  13   7.03828996e+03  7.06595681e+03  1.14e-04 1.79e-08  2.25e-03   387s
  14   7.03546326e+03  7.05481066e+03  8.53e-05 1.26e-08  1.65e-03   409s
  15   7.03430976e+03  7.04938277e+03  7.33e-05 1.35e-08  1.39e-03   431s
  16   7.03350282e+03  7.03875195e+03  5.90e-05 1.91e-08  9.52e-04   454s
  17   7.03219695e+03  7.03386280e+03  4.41e-05 1.42e-08  6.60e-04   477s
  18   7.03091881e+03  7.03056099e+03  3.41e-05 1.89e-08  4.72e-04   499s
  19   7.02977864e+03  7.02780473e+03  2.46e-05 3.86e-08  3.01e-04   523s
  20   7.02863809e+03  7.02684583e+03  1.91e-05 4.24e-08  2.28e-04   545s
  21   7.02768534e+03  7.02606556e+03  1.29e-05 2.54e-08  1.45e-04   567s
  22   7.02703160e+03  7.02548655e+03  9.06e-06 8.54e-08  9.20e-05   590s
  23   7.02644933e+03  7.02505194e+03  6.41e-06 4.70e-08  5.79e-05   612s
  24   7.02569965e+03  7.02476584e+03  3.65e-06 2.37e-08  2.97e-05   635s
  25   7.02513114e+03  7.02465113e+03  1.79e-06 4.33e-08  1.40e-05   658s
  26   7.02477291e+03  7.02461075e+03  6.16e-07 2.29e-08  4.93e-06   681s
  27   7.02461792e+03  7.02459641e+03  9.13e-08 2.54e-08  7.92e-07   706s
  28   7.02459358e+03  7.02459398e+03  2.79e-09 3.52e-08  5.01e-08   731s
  29   7.02459302e+03  7.02459312e+03  7.16e-11 3.05e-08  3.76e-09   755s
  30   7.02459301e+03  7.02459303e+03  4.93e-12 5.84e-08  4.22e-10   778s

Barrier solved model in 30 iterations and 777.52 seconds
Optimal objective 7.02459301e+03

Optimization finished!
