Traceback (most recent call last):
  File "/user/kstlaurent/git/progressive_refinement_coronagraphy/surveys/luvoir_N0200_small_local/drivers/11_LUVOIR_N200_FPM382M050_IWA0350_OWA01200_C10_BW18_Nlam8_LS_IDD0191_OD0946_no_ls_struts.py", line 5, in <module>
    from hcipy import *
  File "/Users/kstlaurent/git/hcipy/hcipy/__init__.py", line 3, in <module>
    from . import atmosphere
  File "/Users/kstlaurent/git/hcipy/hcipy/atmosphere/__init__.py", line 7, in <module>
    from .atmospheric_model import *
  File "/Users/kstlaurent/git/hcipy/hcipy/atmosphere/atmospheric_model.py", line 3, in <module>
    from ..optics import OpticalElement
  File "/Users/kstlaurent/git/hcipy/hcipy/optics/__init__.py", line 22, in <module>
    from .deformable_mirror import *
  File "/Users/kstlaurent/git/hcipy/hcipy/optics/deformable_mirror.py", line 2, in <module>
    import pkg_resources
  File "/Users/kstlaurent/anaconda3/envs/SCDA2/lib/python3.6/site-packages/pkg_resources/__init__.py", line 84, in <module>
    __import__('pkg_resources.extern.packaging.requirements')
  File "/Users/kstlaurent/anaconda3/envs/SCDA2/lib/python3.6/site-packages/pkg_resources/_vendor/packaging/requirements.py", line 9, in <module>
    from pkg_resources.extern.pyparsing import stringStart, stringEnd, originalTextFor, ParseException
  File "<frozen importlib._bootstrap>", line 961, in _find_and_load
  File "<frozen importlib._bootstrap>", line 950, in _find_and_load_unlocked
  File "<frozen importlib._bootstrap>", line 646, in _load_unlocked
  File "<frozen importlib._bootstrap>", line 616, in _load_backward_compatible
  File "/Users/kstlaurent/anaconda3/envs/SCDA2/lib/python3.6/site-packages/pkg_resources/extern/__init__.py", line 43, in load_module
    __import__(extant)
  File "/Users/kstlaurent/anaconda3/envs/SCDA2/lib/python3.6/site-packages/pkg_resources/_vendor/pyparsing.py", line 5399, in <module>
    class pyparsing_common:
  File "/Users/kstlaurent/anaconda3/envs/SCDA2/lib/python3.6/site-packages/pkg_resources/_vendor/pyparsing.py", line 5636, in pyparsing_common
    iso8601_date = Regex(r'(?P<year>\d{4})(?:-(?P<month>\d\d)(?:-(?P<day>\d\d))?)?').setName("ISO8601 date")
  File "/Users/kstlaurent/anaconda3/envs/SCDA2/lib/python3.6/site-packages/pkg_resources/_vendor/pyparsing.py", line 2792, in __init__
    self.re = re.compile(self.pattern, self.flags)
  File "/Users/kstlaurent/anaconda3/envs/SCDA2/lib/python3.6/re.py", line 233, in compile
    return _compile(pattern, flags)
  File "/Users/kstlaurent/anaconda3/envs/SCDA2/lib/python3.6/re.py", line 301, in _compile
    p = sre_compile.compile(pattern, flags)
  File "/Users/kstlaurent/anaconda3/envs/SCDA2/lib/python3.6/sre_compile.py", line 562, in compile
    p = sre_parse.parse(p, flags)
  File "/Users/kstlaurent/anaconda3/envs/SCDA2/lib/python3.6/sre_parse.py", line 856, in parse
    p = _parse_sub(source, pattern, flags & SRE_FLAG_VERBOSE, False)
  File "/Users/kstlaurent/anaconda3/envs/SCDA2/lib/python3.6/sre_parse.py", line 415, in _parse_sub
    itemsappend(_parse(source, state, verbose))
  File "/Users/kstlaurent/anaconda3/envs/SCDA2/lib/python3.6/sre_parse.py", line 763, in _parse
    p = _parse_sub(source, state, sub_verbose)
  File "/Users/kstlaurent/anaconda3/envs/SCDA2/lib/python3.6/sre_parse.py", line 415, in _parse_sub
    itemsappend(_parse(source, state, verbose))
  File "/Users/kstlaurent/anaconda3/envs/SCDA2/lib/python3.6/sre_parse.py", line 763, in _parse
    p = _parse_sub(source, state, sub_verbose)
KeyboardInterrupt
