Optimizer called with the following parameters:
{'focal_plane_mask': {'field_stop_radius': -1.0,
                      'grayscale': True,
                      'num_pix': 50,
                      'radius': 3.82},
 'image': {'bandwidth': 0.16,
           'contrast': 10,
           'iwa': 3.5,
           'num_wavelengths': 8,
           'owa': 12.0,
           'resolution': 2},
 'lyot_stop': {'alignment_tolerance': 0,
               'filename': 'LUVOIR/LS_LUVOIR_ID0195_OD0965_no_struts_gy_ovsamp4_N0200.fits',
               'num_lyot_stops': 1},
 'method': {'edge_width_for_prior': 2,
            'ending_scale': 1,
            'force_no_hermitian_symmetry': False,
            'force_no_x_mirror_symmetry': False,
            'force_no_y_mirror_symmetry': False,
            'initial_throughput_estimate': 1,
            'maximize_planet_throughput': True,
            'num_throughput_iterations': 2,
            'starting_scale': 1},
 'pupil': {'N': 200,
           'filename': 'LUVOIR/TelAp_LUVOIR_gap_pad04_bw_ovsamp04_N0200.fits'},
 'solver': {'crossover': 0,
            'method': 2,
            'num_threads': 0}}

File organization:
{'analysis_dir': '/user/kstlaurent/git/progressive_refinement_coronagraphy/surveys/luvoir_N0200_small_local/analysis',
 'drivers_dir': '/user/kstlaurent/git/progressive_refinement_coronagraphy/surveys/luvoir_N0200_small_local/drivers',
 'input_files_dir': '/user/kstlaurent/git/progressive_refinement_coronagraphy/masks',
 'log_dir': '/user/kstlaurent/git/progressive_refinement_coronagraphy/surveys/luvoir_N0200_small_local/logs',
 'solution_dir': '/user/kstlaurent/git/progressive_refinement_coronagraphy/surveys/luvoir_N0200_small_local/solutions',
 'survey_dir': '/user/kstlaurent/git/progressive_refinement_coronagraphy/surveys/luvoir_N0200_small_local'}

Telescope pupil:
   Mirror symmetry in x: yes
   Mirror symmetry in y: no

Lyot stop #0:
   Mirror symmetry in x: yes
Lyot stop #0:
   Mirror symmetry in y: yes

Complete APLC:
   Mirror symmetry in x: yes
   Mirror symmetry in y: no

Starting optimization at scale 1 with 13749 variables and 6592 constraints.
Creating model...
Academic license - for non-commercial use only
Parameter Threads unchanged
   Value: 0  Min: 0  Max: 1024  Default: 0
Changed value of parameter Crossover to 0
   Prev: -1  Min: -1  Max: 5  Default: -1
Changed value of parameter Method to 2
   Prev: -1  Min: -1  Max: 5  Default: -1
Calculating and adding constraints...
Wavelength 1/8; Variable 1000/13749
Wavelength 1/8; Variable 2000/13749
Wavelength 1/8; Variable 3000/13749
Wavelength 1/8; Variable 4000/13749
Wavelength 1/8; Variable 5000/13749
Wavelength 1/8; Variable 6000/13749
Wavelength 1/8; Variable 7000/13749
Wavelength 1/8; Variable 8000/13749
Wavelength 1/8; Variable 9000/13749
Wavelength 1/8; Variable 10000/13749
Wavelength 1/8; Variable 11000/13749
Wavelength 1/8; Variable 12000/13749
Wavelength 1/8; Variable 13000/13749
Wavelength 2/8; Variable 1000/13749
Wavelength 2/8; Variable 2000/13749
Wavelength 2/8; Variable 3000/13749
Wavelength 2/8; Variable 4000/13749
Wavelength 2/8; Variable 5000/13749
Wavelength 2/8; Variable 6000/13749
Wavelength 2/8; Variable 7000/13749
Wavelength 2/8; Variable 8000/13749
Wavelength 2/8; Variable 9000/13749
Wavelength 2/8; Variable 10000/13749
Wavelength 2/8; Variable 11000/13749
Wavelength 2/8; Variable 12000/13749
Wavelength 2/8; Variable 13000/13749
Wavelength 3/8; Variable 1000/13749
Wavelength 3/8; Variable 2000/13749
Wavelength 3/8; Variable 3000/13749
Wavelength 3/8; Variable 4000/13749
Wavelength 3/8; Variable 5000/13749
Wavelength 3/8; Variable 6000/13749
Wavelength 3/8; Variable 7000/13749
Wavelength 3/8; Variable 8000/13749
Wavelength 3/8; Variable 9000/13749
Wavelength 3/8; Variable 10000/13749
Wavelength 3/8; Variable 11000/13749
Wavelength 3/8; Variable 12000/13749
Wavelength 3/8; Variable 13000/13749
Wavelength 4/8; Variable 1000/13749
Wavelength 4/8; Variable 2000/13749
Wavelength 4/8; Variable 3000/13749
Wavelength 4/8; Variable 4000/13749
Wavelength 4/8; Variable 5000/13749
Wavelength 4/8; Variable 6000/13749
Wavelength 4/8; Variable 7000/13749
Wavelength 4/8; Variable 8000/13749
Wavelength 4/8; Variable 9000/13749
Wavelength 4/8; Variable 10000/13749
Wavelength 4/8; Variable 11000/13749
Wavelength 4/8; Variable 12000/13749
Wavelength 4/8; Variable 13000/13749
Wavelength 5/8; Variable 1000/13749
Wavelength 5/8; Variable 2000/13749
Wavelength 5/8; Variable 3000/13749
Wavelength 5/8; Variable 4000/13749
Wavelength 5/8; Variable 5000/13749
Wavelength 5/8; Variable 6000/13749
Wavelength 5/8; Variable 7000/13749
Wavelength 5/8; Variable 8000/13749
Wavelength 5/8; Variable 9000/13749
Wavelength 5/8; Variable 10000/13749
Wavelength 5/8; Variable 11000/13749
Wavelength 5/8; Variable 12000/13749
Wavelength 5/8; Variable 13000/13749
Wavelength 6/8; Variable 1000/13749
Wavelength 6/8; Variable 2000/13749
Wavelength 6/8; Variable 3000/13749
Wavelength 6/8; Variable 4000/13749
Wavelength 6/8; Variable 5000/13749
Wavelength 6/8; Variable 6000/13749
Wavelength 6/8; Variable 7000/13749
Wavelength 6/8; Variable 8000/13749
Wavelength 6/8; Variable 9000/13749
Wavelength 6/8; Variable 10000/13749
Wavelength 6/8; Variable 11000/13749
Wavelength 6/8; Variable 12000/13749
Wavelength 6/8; Variable 13000/13749
Wavelength 7/8; Variable 1000/13749
Wavelength 7/8; Variable 2000/13749
Wavelength 7/8; Variable 3000/13749
Wavelength 7/8; Variable 4000/13749
Wavelength 7/8; Variable 5000/13749
Wavelength 7/8; Variable 6000/13749
Wavelength 7/8; Variable 7000/13749
Wavelength 7/8; Variable 8000/13749
Wavelength 7/8; Variable 9000/13749
Wavelength 7/8; Variable 10000/13749
Wavelength 7/8; Variable 11000/13749
Wavelength 7/8; Variable 12000/13749
Wavelength 7/8; Variable 13000/13749
Wavelength 8/8; Variable 1000/13749
Wavelength 8/8; Variable 2000/13749
Wavelength 8/8; Variable 3000/13749
Wavelength 8/8; Variable 4000/13749
Wavelength 8/8; Variable 5000/13749
Wavelength 8/8; Variable 6000/13749
Wavelength 8/8; Variable 7000/13749
Wavelength 8/8; Variable 8000/13749
Wavelength 8/8; Variable 9000/13749
Wavelength 8/8; Variable 10000/13749
Wavelength 8/8; Variable 11000/13749
Wavelength 8/8; Variable 12000/13749
Wavelength 8/8; Variable 13000/13749
Start optimization...
Optimize a model with 13184 rows, 13749 columns and 181266816 nonzeros
Coefficient statistics:
  Matrix range     [3e-13, 2e-04]
  Objective range  [1e-02, 1e+00]
  Bounds range     [1e+00, 1e+00]
  RHS range        [1e-05, 1e-05]
Presolve removed 0 rows and 0 columns (presolve time = 11s) ...
Presolve removed 0 rows and 0 columns (presolve time = 17s) ...
Presolve removed 0 rows and 0 columns (presolve time = 28s) ...
Presolve removed 0 rows and 0 columns (presolve time = 49s) ...
Presolve removed 6592 rows and 0 columns (presolve time = 56s) ...
Presolve removed 6592 rows and 0 columns
Presolve time: 57.36s
Presolved: 6592 rows, 20341 columns, 90639992 nonzeros
Ordering time: 0.00s

Barrier statistics:
 AA' NZ     : 2.172e+07
 Factor NZ  : 2.173e+07 (roughly 200 MBytes of memory)
 Factor Ops : 9.551e+10 (roughly 3 seconds per iteration)
 Threads    : 6

                  Objective                Residual
Iter       Primal          Dual         Primal    Dual     Compl     Time
   0   4.87856202e+06  3.19484297e+04  2.53e+01 0.00e+00  9.24e+02    99s
   1   1.46626063e+04  3.18900052e+04  4.79e-02 1.09e-11  2.39e+00   121s
   2   7.12008394e+03  1.68987817e+04  4.95e-03 1.94e-09  3.84e-01   143s
   3   7.21466311e+03  9.32372542e+03  1.45e-03 4.08e-09  7.78e-02   165s
   4   7.16744787e+03  7.81646470e+03  6.91e-04 4.54e-09  2.53e-02   187s
   5   7.16639116e+03  7.51485354e+03  3.12e-04 4.82e-09  1.25e-02   210s
   6   7.17695606e+03  7.36645474e+03  1.75e-04 1.56e-08  6.74e-03   232s
   7   7.18103827e+03  7.30745231e+03  1.28e-04 7.00e-09  4.60e-03   254s
   8   7.18333650e+03  7.28439405e+03  1.06e-04 6.27e-08  3.70e-03   276s
   9   7.18676424e+03  7.25854316e+03  7.69e-05 8.72e-09  2.64e-03   299s
  10   7.18978590e+03  7.23834929e+03  5.86e-05 7.97e-09  1.86e-03   321s
  11   7.19136412e+03  7.22969651e+03  4.90e-05 7.43e-09  1.50e-03   343s
  12   7.19428382e+03  7.21670183e+03  3.12e-05 7.51e-09  9.02e-04   366s
  13   7.19641547e+03  7.21195736e+03  2.01e-05 1.28e-08  6.08e-04   388s
  14   7.19820989e+03  7.20426614e+03  1.09e-05 7.04e-08  2.71e-04   412s
  15   7.19899206e+03  7.20268643e+03  8.08e-06 5.48e-08  1.81e-04   434s
  16   7.19985650e+03  7.20162286e+03  4.34e-06 4.06e-08  9.19e-05   457s
  17   7.20049976e+03  7.20078829e+03  4.05e-07 1.40e-08  1.16e-05   481s
  18   7.20061643e+03  7.20067984e+03  8.89e-08 1.55e-08  2.55e-06   504s
  19   7.20064545e+03  7.20066389e+03  2.13e-08 9.08e-09  6.91e-07   526s
  20   7.20065356e+03  7.20065680e+03  4.15e-09 1.99e-08  1.26e-07   549s
  21   7.20065550e+03  7.20065590e+03  2.86e-10 2.70e-08  1.30e-08   573s
  22   7.20065563e+03  7.20065579e+03  8.54e-11 3.45e-08  4.65e-09   595s
  23   7.20065570e+03  7.20065571e+03  1.00e-11 3.17e-08  4.68e-10   618s

Barrier solved model in 23 iterations and 617.93 seconds
Optimal objective 7.20065570e+03

Optimization finished!
Restarting optimization for throughput iteration 1...
Optimize a model with 13184 rows, 13749 columns and 181266816 nonzeros
Coefficient statistics:
  Matrix range     [3e-13, 2e-04]
  Objective range  [1e-02, 1e+00]
  Bounds range     [1e+00, 1e+00]
  RHS range        [7e-06, 7e-06]
Presolve removed 0 rows and 0 columns (presolve time = 11s) ...
Presolve removed 0 rows and 0 columns (presolve time = 17s) ...
Presolve removed 0 rows and 0 columns (presolve time = 28s) ...
Presolve removed 0 rows and 0 columns (presolve time = 49s) ...
Presolve removed 6592 rows and 0 columns (presolve time = 56s) ...
Presolve removed 6592 rows and 0 columns
Presolve time: 57.36s
Presolved: 6592 rows, 20341 columns, 90639992 nonzeros
Ordering time: 0.00s

Barrier statistics:
 AA' NZ     : 2.172e+07
 Factor NZ  : 2.173e+07 (roughly 200 MBytes of memory)
 Factor Ops : 9.551e+10 (roughly 3 seconds per iteration)
 Threads    : 6

                  Objective                Residual
Iter       Primal          Dual         Primal    Dual     Compl     Time
   0   4.87856202e+06  3.15566241e+04  2.53e+01 0.00e+00  9.24e+02    99s
   1   1.46687681e+04  3.14980028e+04  4.79e-02 1.09e-11  2.38e+00   120s
   2   7.08644594e+03  1.65434250e+04  4.79e-03 2.32e-09  3.74e-01   143s
   3   7.20659484e+03  9.23114434e+03  1.73e-03 3.75e-09  8.30e-02   164s
   4   7.11286952e+03  7.93854782e+03  6.89e-04 4.45e-09  3.11e-02   187s
   5   7.10709337e+03  7.58932340e+03  3.70e-04 8.15e-08  1.71e-02   209s
   6   7.10636432e+03  7.34248855e+03  2.39e-04 3.22e-08  8.97e-03   231s
   7   7.10792586e+03  7.25582962e+03  1.63e-04 1.92e-08  5.73e-03   253s
   8   7.11068236e+03  7.19618701e+03  1.06e-04 1.49e-08  3.44e-03   276s
   9   7.11479216e+03  7.16579115e+03  7.17e-05 7.22e-08  2.14e-03   299s
  10   7.11768473e+03  7.14804322e+03  5.12e-05 1.35e-07  1.37e-03   322s
  11   7.11883129e+03  7.13964664e+03  3.97e-05 5.31e-08  9.97e-04   343s
  12   7.12055467e+03  7.13187973e+03  2.68e-05 1.79e-07  6.04e-04   366s
  13   7.12217716e+03  7.12798164e+03  1.38e-05 7.33e-08  3.10e-04   390s
  14   7.12274877e+03  7.12590925e+03  8.74e-06 2.61e-08  1.84e-04   413s
  15   7.12322192e+03  7.12475567e+03  4.76e-06 3.83e-08  9.53e-05   435s
  16   7.12342939e+03  7.12407962e+03  2.36e-06 5.66e-08  4.46e-05   458s
  17   7.12360127e+03  7.12373334e+03  1.99e-07 1.90e-08  5.65e-06   482s
  18   7.12364625e+03  7.12365416e+03  3.33e-09 1.22e-07  2.35e-07   507s
  19   7.12365056e+03  7.12365136e+03  2.95e-10 2.13e-08  2.32e-08   532s
  20   7.12365106e+03  7.12365111e+03  8.04e-12 1.44e-08  1.56e-09   558s

Barrier solved model in 20 iterations and 557.56 seconds
Optimal objective 7.12365106e+03

Optimization finished!
