Traceback (most recent call last):
  File "/user/kstlaurent/git/progressive_refinement_coronagraphy/surveys/luvoir_N0200_small_local/drivers/12_LUVOIR_N200_FPM382M050_IWA0300_OWA01200_C10_BW18_Nlam8_LS_IDD0195_OD0965_no_ls_struts.py", line 5, in <module>
    from hcipy import *
  File "/Users/kstlaurent/git/hcipy/hcipy/__init__.py", line 2, in <module>
    from . import aperture
  File "/Users/kstlaurent/git/hcipy/hcipy/aperture/__init__.py", line 4, in <module>
    from .generic import *
  File "/Users/kstlaurent/git/hcipy/hcipy/aperture/generic.py", line 2, in <module>
    import numpy as np
  File "/Users/kstlaurent/anaconda3/envs/SCDA2/lib/python3.6/site-packages/numpy/__init__.py", line 142, in <module>
    from . import add_newdocs
  File "/Users/kstlaurent/anaconda3/envs/SCDA2/lib/python3.6/site-packages/numpy/add_newdocs.py", line 13, in <module>
    from numpy.lib import add_newdoc
  File "/Users/kstlaurent/anaconda3/envs/SCDA2/lib/python3.6/site-packages/numpy/lib/__init__.py", line 24, in <module>
    from .npyio import *
  File "/Users/kstlaurent/anaconda3/envs/SCDA2/lib/python3.6/site-packages/numpy/lib/npyio.py", line 13, in <module>
    from . import format
  File "<frozen importlib._bootstrap>", line 961, in _find_and_load
  File "<frozen importlib._bootstrap>", line 950, in _find_and_load_unlocked
  File "<frozen importlib._bootstrap>", line 655, in _load_unlocked
  File "<frozen importlib._bootstrap_external>", line 674, in exec_module
  File "<frozen importlib._bootstrap_external>", line 758, in get_code
  File "<frozen importlib._bootstrap_external>", line 842, in path_stats
  File "<frozen importlib._bootstrap_external>", line 82, in _path_stat
KeyboardInterrupt
