Traceback (most recent call last):
  File "/user/kstlaurent/git/progressive_refinement_coronagraphy/surveys/luvoir_N0200_small_local/drivers/14_LUVOIR_N200_FPM382M050_IWA0350_OWA01200_C10_BW18_Nlam8_LS_IDD0195_OD0965_no_ls_struts.py", line 5, in <module>
    from hcipy import *
  File "/Users/kstlaurent/git/hcipy/hcipy/__init__.py", line 2, in <module>
    from . import aperture
  File "/Users/kstlaurent/git/hcipy/hcipy/aperture/__init__.py", line 4, in <module>
    from .generic import *
  File "/Users/kstlaurent/git/hcipy/hcipy/aperture/generic.py", line 2, in <module>
    import numpy as np
  File "/Users/kstlaurent/anaconda3/envs/SCDA2/lib/python3.6/site-packages/numpy/__init__.py", line 160, in <module>
    from . import random
  File "/Users/kstlaurent/anaconda3/envs/SCDA2/lib/python3.6/site-packages/numpy/random/__init__.py", line 98, in <module>
    warnings.filterwarnings("ignore", message="numpy.ndarray size changed")
  File "/Users/kstlaurent/anaconda3/envs/SCDA2/lib/python3.6/warnings.py", line 140, in filterwarnings
    _add_filter(action, re.compile(message, re.I), category,
  File "/Users/kstlaurent/anaconda3/envs/SCDA2/lib/python3.6/re.py", line 233, in compile
    return _compile(pattern, flags)
  File "/Users/kstlaurent/anaconda3/envs/SCDA2/lib/python3.6/re.py", line 301, in _compile
    p = sre_compile.compile(pattern, flags)
  File "/Users/kstlaurent/anaconda3/envs/SCDA2/lib/python3.6/sre_compile.py", line 566, in compile
    code = _code(p, flags)
  File "/Users/kstlaurent/anaconda3/envs/SCDA2/lib/python3.6/sre_compile.py", line 553, in _code
    code.append(SUCCESS)
KeyboardInterrupt
