Optimizer called with the following parameters:
{'focal_plane_mask': {'field_stop_radius': -1.0,
                      'grayscale': True,
                      'num_pix': 50,
                      'radius': 3.92},
 'image': {'bandwidth': 0.18,
           'contrast': 10,
           'iwa': 3.25,
           'num_wavelengths': 8,
           'owa': 12.0,
           'resolution': 2},
 'lyot_stop': {'alignment_tolerance': 0,
               'filename': 'LUVOIR/LS_LUVOIR_ID0195_OD0965_no_struts_gy_ovsamp4_N0200.fits',
               'num_lyot_stops': 1},
 'method': {'edge_width_for_prior': 2,
            'ending_scale': 1,
            'force_no_hermitian_symmetry': False,
            'force_no_x_mirror_symmetry': False,
            'force_no_y_mirror_symmetry': False,
            'initial_throughput_estimate': 1,
            'maximize_planet_throughput': True,
            'num_throughput_iterations': 2,
            'starting_scale': 1},
 'pupil': {'N': 200,
           'filename': 'LUVOIR/TelAp_LUVOIR_gap_pad04_bw_ovsamp04_N0200.fits'},
 'solver': {'crossover': 0,
            'method': 2,
            'num_threads': 0}}

File organization:
{'analysis_dir': '/user/kstlaurent/git/progressive_refinement_coronagraphy/surveys/luvoir_N0200_small_local/analysis',
 'drivers_dir': '/user/kstlaurent/git/progressive_refinement_coronagraphy/surveys/luvoir_N0200_small_local/drivers',
 'input_files_dir': '/user/kstlaurent/git/progressive_refinement_coronagraphy/masks',
 'log_dir': '/user/kstlaurent/git/progressive_refinement_coronagraphy/surveys/luvoir_N0200_small_local/logs',
 'solution_dir': '/user/kstlaurent/git/progressive_refinement_coronagraphy/surveys/luvoir_N0200_small_local/solutions',
 'survey_dir': '/user/kstlaurent/git/progressive_refinement_coronagraphy/surveys/luvoir_N0200_small_local'}

Telescope pupil:
   Mirror symmetry in x: yes
   Mirror symmetry in y: no

Lyot stop #0:
   Mirror symmetry in x: yes
Lyot stop #0:
   Mirror symmetry in y: yes

Complete APLC:
   Mirror symmetry in x: yes
   Mirror symmetry in y: no

Starting optimization at scale 1 with 13749 variables and 6720 constraints.
Creating model...
Academic license - for non-commercial use only
Parameter Threads unchanged
   Value: 0  Min: 0  Max: 1024  Default: 0
Changed value of parameter Crossover to 0
   Prev: -1  Min: -1  Max: 5  Default: -1
Changed value of parameter Method to 2
   Prev: -1  Min: -1  Max: 5  Default: -1
Calculating and adding constraints...
Wavelength 1/8; Variable 1000/13749
Wavelength 1/8; Variable 2000/13749
Wavelength 1/8; Variable 3000/13749
Wavelength 1/8; Variable 4000/13749
Wavelength 1/8; Variable 5000/13749
Wavelength 1/8; Variable 6000/13749
Wavelength 1/8; Variable 7000/13749
Wavelength 1/8; Variable 8000/13749
Wavelength 1/8; Variable 9000/13749
Wavelength 1/8; Variable 10000/13749
Wavelength 1/8; Variable 11000/13749
Wavelength 1/8; Variable 12000/13749
Wavelength 1/8; Variable 13000/13749
Wavelength 2/8; Variable 1000/13749
Wavelength 2/8; Variable 2000/13749
Wavelength 2/8; Variable 3000/13749
Wavelength 2/8; Variable 4000/13749
Wavelength 2/8; Variable 5000/13749
Wavelength 2/8; Variable 6000/13749
Wavelength 2/8; Variable 7000/13749
Wavelength 2/8; Variable 8000/13749
Wavelength 2/8; Variable 9000/13749
Wavelength 2/8; Variable 10000/13749
Wavelength 2/8; Variable 11000/13749
Wavelength 2/8; Variable 12000/13749
Wavelength 2/8; Variable 13000/13749
Wavelength 3/8; Variable 1000/13749
Wavelength 3/8; Variable 2000/13749
Wavelength 3/8; Variable 3000/13749
Wavelength 3/8; Variable 4000/13749
Wavelength 3/8; Variable 5000/13749
Wavelength 3/8; Variable 6000/13749
Wavelength 3/8; Variable 7000/13749
Wavelength 3/8; Variable 8000/13749
Wavelength 3/8; Variable 9000/13749
Wavelength 3/8; Variable 10000/13749
Wavelength 3/8; Variable 11000/13749
Wavelength 3/8; Variable 12000/13749
Wavelength 3/8; Variable 13000/13749
Wavelength 4/8; Variable 1000/13749
Wavelength 4/8; Variable 2000/13749
Wavelength 4/8; Variable 3000/13749
Wavelength 4/8; Variable 4000/13749
Wavelength 4/8; Variable 5000/13749
Wavelength 4/8; Variable 6000/13749
Wavelength 4/8; Variable 7000/13749
Wavelength 4/8; Variable 8000/13749
Wavelength 4/8; Variable 9000/13749
Wavelength 4/8; Variable 10000/13749
Wavelength 4/8; Variable 11000/13749
Wavelength 4/8; Variable 12000/13749
Wavelength 4/8; Variable 13000/13749
Wavelength 5/8; Variable 1000/13749
Wavelength 5/8; Variable 2000/13749
Wavelength 5/8; Variable 3000/13749
Wavelength 5/8; Variable 4000/13749
Wavelength 5/8; Variable 5000/13749
Wavelength 5/8; Variable 6000/13749
Wavelength 5/8; Variable 7000/13749
Wavelength 5/8; Variable 8000/13749
Wavelength 5/8; Variable 9000/13749
Wavelength 5/8; Variable 10000/13749
Wavelength 5/8; Variable 11000/13749
Wavelength 5/8; Variable 12000/13749
Wavelength 5/8; Variable 13000/13749
Wavelength 6/8; Variable 1000/13749
Wavelength 6/8; Variable 2000/13749
Wavelength 6/8; Variable 3000/13749
Wavelength 6/8; Variable 4000/13749
Wavelength 6/8; Variable 5000/13749
Wavelength 6/8; Variable 6000/13749
Wavelength 6/8; Variable 7000/13749
Wavelength 6/8; Variable 8000/13749
Wavelength 6/8; Variable 9000/13749
Wavelength 6/8; Variable 10000/13749
Wavelength 6/8; Variable 11000/13749
Wavelength 6/8; Variable 12000/13749
Wavelength 6/8; Variable 13000/13749
Wavelength 7/8; Variable 1000/13749
Wavelength 7/8; Variable 2000/13749
Wavelength 7/8; Variable 3000/13749
Wavelength 7/8; Variable 4000/13749
Wavelength 7/8; Variable 5000/13749
Wavelength 7/8; Variable 6000/13749
Wavelength 7/8; Variable 7000/13749
Wavelength 7/8; Variable 8000/13749
Wavelength 7/8; Variable 9000/13749
Wavelength 7/8; Variable 10000/13749
Wavelength 7/8; Variable 11000/13749
Wavelength 7/8; Variable 12000/13749
Wavelength 7/8; Variable 13000/13749
Wavelength 8/8; Variable 1000/13749
Wavelength 8/8; Variable 2000/13749
Wavelength 8/8; Variable 3000/13749
Wavelength 8/8; Variable 4000/13749
Wavelength 8/8; Variable 5000/13749
Wavelength 8/8; Variable 6000/13749
Wavelength 8/8; Variable 7000/13749
Wavelength 8/8; Variable 8000/13749
Wavelength 8/8; Variable 9000/13749
Wavelength 8/8; Variable 10000/13749
Wavelength 8/8; Variable 11000/13749
Wavelength 8/8; Variable 12000/13749
Wavelength 8/8; Variable 13000/13749
Start optimization...
Optimize a model with 13440 rows, 13749 columns and 184786560 nonzeros
Coefficient statistics:
  Matrix range     [3e-13, 2e-04]
  Objective range  [1e-02, 1e+00]
  Bounds range     [1e+00, 1e+00]
  RHS range        [1e-05, 1e-05]
Presolve removed 0 rows and 0 columns (presolve time = 11s) ...
Presolve removed 0 rows and 0 columns (presolve time = 17s) ...
Presolve removed 0 rows and 0 columns (presolve time = 29s) ...
Presolve removed 0 rows and 0 columns (presolve time = 50s) ...
Presolve removed 6720 rows and 0 columns (presolve time = 57s) ...
Presolve removed 6720 rows and 0 columns
Presolve time: 58.51s
Presolved: 6720 rows, 20469 columns, 92399992 nonzeros
Ordering time: 0.00s

Barrier statistics:
 AA' NZ     : 2.258e+07
 Factor NZ  : 2.258e+07 (roughly 200 MBytes of memory)
 Factor Ops : 1.012e+11 (roughly 3 seconds per iteration)
 Threads    : 6

                  Objective                Residual
Iter       Primal          Dual         Primal    Dual     Compl     Time
   0   4.87375498e+06  3.21274944e+04  2.37e+01 0.00e+00  9.24e+02   101s
   1   1.47078689e+04  3.20687065e+04  4.50e-02 1.18e-11  2.40e+00   123s
   2   7.43148550e+03  1.70076430e+04  6.27e-03 1.73e-09  4.30e-01   147s
   3   7.23487730e+03  9.19900952e+03  2.31e-03 3.72e-09  9.41e-02   170s
   4   7.06109966e+03  7.75426184e+03  9.53e-04 6.60e-09  3.13e-02   193s
   5   7.04566556e+03  7.48462146e+03  5.00e-04 7.49e-09  1.76e-02   216s
   6   7.04456401e+03  7.33392741e+03  3.49e-04 9.09e-09  1.16e-02   239s
   7   7.04203307e+03  7.23692287e+03  2.15e-04 8.52e-09  7.44e-03   262s
   8   7.04225522e+03  7.17593415e+03  1.67e-04 8.34e-09  5.31e-03   285s
   9   7.04509864e+03  7.14690489e+03  1.16e-04 1.44e-08  3.89e-03   308s
  10   7.04747488e+03  7.11447398e+03  8.40e-05 1.79e-08  2.64e-03   332s
  11   7.04836136e+03  7.09667792e+03  6.31e-05 1.09e-08  1.93e-03   355s
  12   7.04944687e+03  7.08309839e+03  4.72e-05 1.72e-08  1.38e-03   377s
  13   7.05092723e+03  7.07168964e+03  3.24e-05 1.44e-08  8.89e-04   401s
  14   7.05211241e+03  7.06331601e+03  1.75e-05 1.09e-08  4.79e-04   425s
  15   7.05313691e+03  7.05945088e+03  9.98e-06 1.91e-08  2.72e-04   449s
  16   7.05363148e+03  7.05545984e+03  4.28e-06 1.63e-08  9.51e-05   474s
  17   7.05404509e+03  7.05459622e+03  1.13e-06 1.51e-08  2.67e-05   499s
  18   7.05420916e+03  7.05436092e+03  2.98e-07 2.54e-08  7.22e-06   523s
  19   7.05427511e+03  7.05429337e+03  1.19e-08 1.35e-08  5.86e-07   547s
  20   7.05428229e+03  7.05428711e+03  3.29e-09 1.37e-08  1.56e-07   572s
  21   7.05428459e+03  7.05428568e+03  7.12e-10 1.48e-08  3.50e-08   596s
  22   7.05428521e+03  7.05428529e+03  5.07e-11 2.82e-08  2.62e-09   620s
  23   7.05428521e+03  7.05428527e+03  5.23e-11 1.31e-08  4.96e-10   645s

Barrier solved model in 23 iterations and 644.59 seconds
Optimal objective 7.05428521e+03

Optimization finished!
Restarting optimization for throughput iteration 1...
Optimize a model with 13440 rows, 13749 columns and 184786560 nonzeros
Coefficient statistics:
  Matrix range     [3e-13, 2e-04]
  Objective range  [1e-02, 1e+00]
  Bounds range     [1e+00, 1e+00]
  RHS range        [7e-06, 7e-06]
Presolve removed 0 rows and 0 columns (presolve time = 11s) ...
Presolve removed 0 rows and 0 columns (presolve time = 17s) ...
Presolve removed 0 rows and 0 columns (presolve time = 29s) ...
Presolve removed 0 rows and 0 columns (presolve time = 50s) ...
Presolve removed 6720 rows and 0 columns (presolve time = 57s) ...
Presolve removed 6720 rows and 0 columns
Presolve time: 58.00s
Presolved: 6720 rows, 20469 columns, 92399992 nonzeros
Ordering time: 0.00s

Barrier statistics:
 AA' NZ     : 2.258e+07
 Factor NZ  : 2.258e+07 (roughly 200 MBytes of memory)
 Factor Ops : 1.012e+11 (roughly 3 seconds per iteration)
 Threads    : 6

                  Objective                Residual
Iter       Primal          Dual         Primal    Dual     Compl     Time
   0   4.87375498e+06  3.17110038e+04  2.37e+01 0.00e+00  9.24e+02   101s
   1   1.47089954e+04  3.16520052e+04  4.50e-02 1.09e-11  2.39e+00   123s
   2   7.64391323e+03  1.66067729e+04  7.42e-03 1.86e-09  4.54e-01   146s
   3   7.31636505e+03  9.57771356e+03  2.77e-03 3.39e-09  1.19e-01   169s
   4   7.10372579e+03  7.93751604e+03  1.34e-03 6.64e-09  4.50e-02   192s
   5   7.01774683e+03  7.44846160e+03  7.26e-04 9.79e-09  2.21e-02   216s
   6   6.98930262e+03  7.24131750e+03  4.49e-04 8.98e-09  1.27e-02   239s
   7   6.97382181e+03  7.12071385e+03  2.95e-04 1.02e-08  7.67e-03   263s
   8   6.96954628e+03  7.05613384e+03  2.23e-04 1.43e-08  5.12e-03   286s
   9   6.96734045e+03  7.04768159e+03  2.05e-04 9.85e-09  4.70e-03   309s
  10   6.96147085e+03  7.01337258e+03  1.37e-04 1.18e-08  3.07e-03   332s
  11   6.96033513e+03  6.98290348e+03  1.08e-04 1.23e-08  1.95e-03   356s
  12   6.95740944e+03  6.97296972e+03  8.08e-05 1.17e-08  1.42e-03   379s
  13   6.95539864e+03  6.96694673e+03  6.22e-05 1.35e-08  1.08e-03   402s
  14   6.95448553e+03  6.96020171e+03  4.63e-05 1.86e-08  7.36e-04   426s
  15   6.95324408e+03  6.95661368e+03  3.24e-05 1.29e-08  5.00e-04   449s
  16   6.95145168e+03  6.95234348e+03  1.87e-05 1.57e-08  2.62e-04   473s
  17   6.95043450e+03  6.95086751e+03  1.10e-05 1.44e-08  1.52e-04   495s
  18   6.95016109e+03  6.95023271e+03  8.89e-06 1.50e-08  1.16e-04   518s
  19   6.94941800e+03  6.94940989e+03  3.52e-06 2.24e-08  4.50e-05   543s
  20   6.94916784e+03  6.94911661e+03  1.61e-06 2.78e-08  1.95e-05   566s
  21   6.94900030e+03  6.94901687e+03  1.39e-07 2.54e-08  2.19e-06   591s
  22   6.94899691e+03  6.94900483e+03  4.84e-08 1.70e-08  8.16e-07   614s
  23   6.94899593e+03  6.94899650e+03  1.02e-09 2.19e-08  2.70e-08   641s
  24   6.94899602e+03  6.94899630e+03  4.96e-10 1.61e-08  1.31e-08   664s
  25   6.94899610e+03  6.94899614e+03  4.07e-11 1.76e-08  1.34e-09   689s

Barrier solved model in 25 iterations and 689.33 seconds
Optimal objective 6.94899610e+03

Optimization finished!
