Optimizer called with the following parameters:
{'focal_plane_mask': {'field_stop_radius': -1.0,
                      'grayscale': True,
                      'num_pix': 50,
                      'radius': 3.92},
 'image': {'bandwidth': 0.18,
           'contrast': 10,
           'iwa': 3.5,
           'num_wavelengths': 8,
           'owa': 12.0,
           'resolution': 2},
 'lyot_stop': {'alignment_tolerance': 0,
               'filename': 'LUVOIR/LS_LUVOIR_ID0195_OD0965_no_struts_gy_ovsamp4_N0200.fits',
               'num_lyot_stops': 1},
 'method': {'edge_width_for_prior': 2,
            'ending_scale': 1,
            'force_no_hermitian_symmetry': False,
            'force_no_x_mirror_symmetry': False,
            'force_no_y_mirror_symmetry': False,
            'initial_throughput_estimate': 1,
            'maximize_planet_throughput': True,
            'num_throughput_iterations': 2,
            'starting_scale': 1},
 'pupil': {'N': 200,
           'filename': 'LUVOIR/TelAp_LUVOIR_gap_pad04_bw_ovsamp04_N0200.fits'},
 'solver': {'crossover': 0,
            'method': 2,
            'num_threads': 0}}

File organization:
{'analysis_dir': '/user/kstlaurent/git/progressive_refinement_coronagraphy/surveys/luvoir_N0200_small_local/analysis',
 'drivers_dir': '/user/kstlaurent/git/progressive_refinement_coronagraphy/surveys/luvoir_N0200_small_local/drivers',
 'input_files_dir': '/user/kstlaurent/git/progressive_refinement_coronagraphy/masks',
 'log_dir': '/user/kstlaurent/git/progressive_refinement_coronagraphy/surveys/luvoir_N0200_small_local/logs',
 'solution_dir': '/user/kstlaurent/git/progressive_refinement_coronagraphy/surveys/luvoir_N0200_small_local/solutions',
 'survey_dir': '/user/kstlaurent/git/progressive_refinement_coronagraphy/surveys/luvoir_N0200_small_local'}

Telescope pupil:
   Mirror symmetry in x: yes
   Mirror symmetry in y: no

Lyot stop #0:
   Mirror symmetry in x: yes
Lyot stop #0:
   Mirror symmetry in y: yes

Complete APLC:
   Mirror symmetry in x: yes
   Mirror symmetry in y: no

Starting optimization at scale 1 with 13749 variables and 6592 constraints.
Creating model...
Academic license - for non-commercial use only
Parameter Threads unchanged
   Value: 0  Min: 0  Max: 1024  Default: 0
Changed value of parameter Crossover to 0
   Prev: -1  Min: -1  Max: 5  Default: -1
Changed value of parameter Method to 2
   Prev: -1  Min: -1  Max: 5  Default: -1
Calculating and adding constraints...
Wavelength 1/8; Variable 1000/13749
Wavelength 1/8; Variable 2000/13749
Wavelength 1/8; Variable 3000/13749
Wavelength 1/8; Variable 4000/13749
Wavelength 1/8; Variable 5000/13749
Wavelength 1/8; Variable 6000/13749
Wavelength 1/8; Variable 7000/13749
Wavelength 1/8; Variable 8000/13749
Wavelength 1/8; Variable 9000/13749
Wavelength 1/8; Variable 10000/13749
Wavelength 1/8; Variable 11000/13749
Wavelength 1/8; Variable 12000/13749
Wavelength 1/8; Variable 13000/13749
Wavelength 2/8; Variable 1000/13749
Wavelength 2/8; Variable 2000/13749
Wavelength 2/8; Variable 3000/13749
Wavelength 2/8; Variable 4000/13749
Wavelength 2/8; Variable 5000/13749
Wavelength 2/8; Variable 6000/13749
Wavelength 2/8; Variable 7000/13749
Wavelength 2/8; Variable 8000/13749
Wavelength 2/8; Variable 9000/13749
Wavelength 2/8; Variable 10000/13749
Wavelength 2/8; Variable 11000/13749
Wavelength 2/8; Variable 12000/13749
Wavelength 2/8; Variable 13000/13749
Wavelength 3/8; Variable 1000/13749
Wavelength 3/8; Variable 2000/13749
Wavelength 3/8; Variable 3000/13749
Wavelength 3/8; Variable 4000/13749
Wavelength 3/8; Variable 5000/13749
Wavelength 3/8; Variable 6000/13749
Wavelength 3/8; Variable 7000/13749
Wavelength 3/8; Variable 8000/13749
Wavelength 3/8; Variable 9000/13749
Wavelength 3/8; Variable 10000/13749
Wavelength 3/8; Variable 11000/13749
Wavelength 3/8; Variable 12000/13749
Wavelength 3/8; Variable 13000/13749
Wavelength 4/8; Variable 1000/13749
Wavelength 4/8; Variable 2000/13749
Wavelength 4/8; Variable 3000/13749
Wavelength 4/8; Variable 4000/13749
Wavelength 4/8; Variable 5000/13749
Wavelength 4/8; Variable 6000/13749
Wavelength 4/8; Variable 7000/13749
Wavelength 4/8; Variable 8000/13749
Wavelength 4/8; Variable 9000/13749
Wavelength 4/8; Variable 10000/13749
Wavelength 4/8; Variable 11000/13749
Wavelength 4/8; Variable 12000/13749
Wavelength 4/8; Variable 13000/13749
Wavelength 5/8; Variable 1000/13749
Wavelength 5/8; Variable 2000/13749
Wavelength 5/8; Variable 3000/13749
Wavelength 5/8; Variable 4000/13749
Wavelength 5/8; Variable 5000/13749
Wavelength 5/8; Variable 6000/13749
Wavelength 5/8; Variable 7000/13749
Wavelength 5/8; Variable 8000/13749
Wavelength 5/8; Variable 9000/13749
Wavelength 5/8; Variable 10000/13749
Wavelength 5/8; Variable 11000/13749
Wavelength 5/8; Variable 12000/13749
Wavelength 5/8; Variable 13000/13749
Wavelength 6/8; Variable 1000/13749
Wavelength 6/8; Variable 2000/13749
Wavelength 6/8; Variable 3000/13749
Wavelength 6/8; Variable 4000/13749
Wavelength 6/8; Variable 5000/13749
Wavelength 6/8; Variable 6000/13749
Wavelength 6/8; Variable 7000/13749
Wavelength 6/8; Variable 8000/13749
Wavelength 6/8; Variable 9000/13749
Wavelength 6/8; Variable 10000/13749
Wavelength 6/8; Variable 11000/13749
Wavelength 6/8; Variable 12000/13749
Wavelength 6/8; Variable 13000/13749
Wavelength 7/8; Variable 1000/13749
Wavelength 7/8; Variable 2000/13749
Wavelength 7/8; Variable 3000/13749
Wavelength 7/8; Variable 4000/13749
Wavelength 7/8; Variable 5000/13749
Wavelength 7/8; Variable 6000/13749
Wavelength 7/8; Variable 7000/13749
Wavelength 7/8; Variable 8000/13749
Wavelength 7/8; Variable 9000/13749
Wavelength 7/8; Variable 10000/13749
Wavelength 7/8; Variable 11000/13749
Wavelength 7/8; Variable 12000/13749
Wavelength 7/8; Variable 13000/13749
Wavelength 8/8; Variable 1000/13749
Wavelength 8/8; Variable 2000/13749
Wavelength 8/8; Variable 3000/13749
Wavelength 8/8; Variable 4000/13749
Wavelength 8/8; Variable 5000/13749
Wavelength 8/8; Variable 6000/13749
Wavelength 8/8; Variable 7000/13749
Wavelength 8/8; Variable 8000/13749
Wavelength 8/8; Variable 9000/13749
Wavelength 8/8; Variable 10000/13749
Wavelength 8/8; Variable 11000/13749
Wavelength 8/8; Variable 12000/13749
Wavelength 8/8; Variable 13000/13749
Start optimization...
Optimize a model with 13184 rows, 13749 columns and 181266816 nonzeros
Coefficient statistics:
  Matrix range     [3e-13, 2e-04]
  Objective range  [1e-02, 1e+00]
  Bounds range     [1e+00, 1e+00]
  RHS range        [1e-05, 1e-05]
Presolve removed 0 rows and 0 columns (presolve time = 11s) ...
Presolve removed 0 rows and 0 columns (presolve time = 17s) ...
Presolve removed 0 rows and 0 columns (presolve time = 28s) ...
Presolve removed 0 rows and 0 columns (presolve time = 49s) ...
Presolve removed 6592 rows and 0 columns (presolve time = 56s) ...
Presolve removed 6592 rows and 0 columns
Presolve time: 57.22s
Presolved: 6592 rows, 20341 columns, 90639992 nonzeros
Ordering time: 0.00s

Barrier statistics:
 AA' NZ     : 2.172e+07
 Factor NZ  : 2.173e+07 (roughly 200 MBytes of memory)
 Factor Ops : 9.551e+10 (roughly 3 seconds per iteration)
 Threads    : 6

                  Objective                Residual
Iter       Primal          Dual         Primal    Dual     Compl     Time
   0   4.87479876e+06  3.19701093e+04  2.54e+01 0.00e+00  9.23e+02    98s
   1   1.48668224e+04  3.19119080e+04  4.90e-02 1.09e-11  2.43e+00   120s
   2   7.56680938e+03  1.70325515e+04  7.35e-03 1.57e-09  4.47e-01   142s
   3   7.29653937e+03  9.98883787e+03  2.99e-03 2.99e-09  1.28e-01   164s
   4   7.08394591e+03  8.34781541e+03  1.27e-03 5.29e-09  5.14e-02   187s
   5   7.05863029e+03  7.59569483e+03  7.50e-04 7.13e-09  2.30e-02   209s
   6   7.05106137e+03  7.37751741e+03  4.25e-04 8.85e-09  1.32e-02   231s
   7   7.05031812e+03  7.24105273e+03  2.48e-04 9.78e-09  7.57e-03   253s
   8   7.05335774e+03  7.16699667e+03  1.68e-04 9.83e-09  4.69e-03   276s
   9   7.05541738e+03  7.12035836e+03  1.11e-04 9.31e-09  2.83e-03   298s
  10   7.05766359e+03  7.09838251e+03  8.45e-05 1.27e-08  1.93e-03   321s
  11   7.05858567e+03  7.08680087e+03  6.33e-05 1.04e-08  1.39e-03   343s
  12   7.05952452e+03  7.08083446e+03  5.04e-05 1.29e-08  1.08e-03   365s
  13   7.06052159e+03  7.07475968e+03  3.75e-05 1.86e-08  7.59e-04   387s
  14   7.06184478e+03  7.07033915e+03  2.94e-05 1.47e-08  5.29e-04   409s
  15   7.06291533e+03  7.06675507e+03  1.71e-05 1.13e-08  2.81e-04   432s
  16   7.06324253e+03  7.06571117e+03  1.24e-05 1.42e-08  1.96e-04   455s
  17   7.06336555e+03  7.06476981e+03  9.82e-06 1.96e-08  1.41e-04   477s
  18   7.06344862e+03  7.06402521e+03  5.35e-06 3.68e-08  7.24e-05   500s
  19   7.06343359e+03  7.06368018e+03  2.46e-06 2.00e-08  3.29e-05   523s
  20   7.06343358e+03  7.06354463e+03  7.45e-07 3.45e-08  1.08e-05   546s
  21   7.06345578e+03  7.06347680e+03  2.59e-13 1.77e-08  5.17e-07   570s
  22   7.06346001e+03  7.06346820e+03  2.94e-13 1.56e-08  2.01e-07   593s
  23   7.06346280e+03  7.06346372e+03  3.84e-13 1.43e-08  2.26e-08   619s
  24   7.06346320e+03  7.06346329e+03  1.57e-12 1.18e-08  2.20e-09   645s
  25   7.06346322e+03  7.06346323e+03  5.15e-12 1.28e-08  8.23e-11   669s

Barrier solved model in 25 iterations and 669.41 seconds
Optimal objective 7.06346322e+03

Optimization finished!
Restarting optimization for throughput iteration 1...
Optimize a model with 13184 rows, 13749 columns and 181266816 nonzeros
Coefficient statistics:
  Matrix range     [3e-13, 2e-04]
  Objective range  [1e-02, 1e+00]
  Bounds range     [1e+00, 1e+00]
  RHS range        [7e-06, 7e-06]
Presolve removed 0 rows and 0 columns (presolve time = 11s) ...
Presolve removed 0 rows and 0 columns (presolve time = 17s) ...
Presolve removed 0 rows and 0 columns (presolve time = 28s) ...
Presolve removed 0 rows and 0 columns (presolve time = 49s) ...
Presolve removed 6592 rows and 0 columns (presolve time = 56s) ...
Presolve removed 6592 rows and 0 columns
Presolve time: 57.07s
Presolved: 6592 rows, 20341 columns, 90639992 nonzeros
Ordering time: 0.00s

Barrier statistics:
 AA' NZ     : 2.172e+07
 Factor NZ  : 2.173e+07 (roughly 200 MBytes of memory)
 Factor Ops : 9.551e+10 (roughly 3 seconds per iteration)
 Threads    : 6

                  Objective                Residual
Iter       Primal          Dual         Primal    Dual     Compl     Time
   0   4.87479876e+06  3.15626268e+04  2.54e+01 0.00e+00  9.23e+02    98s
   1   1.48686716e+04  3.15042192e+04  4.90e-02 1.00e-11  2.42e+00   120s
   2   7.77794569e+03  1.66377488e+04  8.56e-03 1.62e-09  4.71e-01   142s
   3   7.22512312e+03  9.60756154e+03  2.22e-03 3.21e-09  1.07e-01   164s
   4   7.06801901e+03  7.81456531e+03  1.18e-03 7.47e-09  3.79e-02   187s
   5   7.00498328e+03  7.45725675e+03  6.66e-04 5.16e-08  2.11e-02   209s
   6   6.96917550e+03  7.24189938e+03  3.45e-04 3.20e-08  1.15e-02   232s
   7   6.95884401e+03  7.10979156e+03  2.04e-04 7.73e-08  6.38e-03   255s
   8   6.95705026e+03  7.05884291e+03  1.44e-04 8.80e-08  4.34e-03   278s
   9   6.95624467e+03  7.01621702e+03  9.00e-05 1.92e-08  2.60e-03   301s
  10   6.95709550e+03  6.99737086e+03  6.93e-05 1.43e-08  1.85e-03   323s
  11   6.95807724e+03  6.98298624e+03  4.86e-05 1.34e-08  1.21e-03   346s
  12   6.95840357e+03  6.97527714e+03  3.33e-05 1.69e-08  8.25e-04   368s
  13   6.95919612e+03  6.96971367e+03  2.34e-05 4.40e-08  5.46e-04   390s
  14   6.95966596e+03  6.96635722e+03  1.66e-05 2.01e-08  3.67e-04   413s
  15   6.95985628e+03  6.96319303e+03  1.07e-05 1.64e-08  2.13e-04   435s
  16   6.95997081e+03  6.96132609e+03  5.52e-06 1.56e-08  1.01e-04   458s
  17   6.96001601e+03  6.96041114e+03  1.02e-06 1.70e-08  2.22e-05   482s
  18   6.96009383e+03  6.96013936e+03  1.44e-08 7.94e-08  1.29e-06   506s
  19   6.96010433e+03  6.96012850e+03  6.72e-09 4.18e-08  6.76e-07   528s
  20   6.96010823e+03  6.96012153e+03  3.90e-09 1.90e-08  3.75e-07   550s
  21   6.96011082e+03  6.96011765e+03  2.14e-09 1.25e-08  1.94e-07   574s
  22   6.96011273e+03  6.96011628e+03  7.06e-10 1.70e-08  9.57e-08   596s
  23   6.96011341e+03  6.96011465e+03  2.52e-10 1.54e-08  3.36e-08   619s
  24   6.96011367e+03  6.96011394e+03  7.45e-11 2.12e-08  7.62e-09   642s
  25   6.96011379e+03  6.96011381e+03  5.02e-12 1.67e-08  4.41e-10   665s

Barrier solved model in 25 iterations and 665.10 seconds
Optimal objective 6.96011379e+03

Optimization finished!
