Optimizer called with the following parameters:
{'focal_plane_mask': {'field_stop_radius': -1.0,
                      'grayscale': True,
                      'num_pix': 50,
                      'radius': 3.92},
 'image': {'bandwidth': 0.16,
           'contrast': 10,
           'iwa': 3.5,
           'num_wavelengths': 8,
           'owa': 12.0,
           'resolution': 2},
 'lyot_stop': {'alignment_tolerance': 0,
               'filename': 'LUVOIR/LS_LUVOIR_ID0195_OD0965_no_struts_gy_ovsamp4_N0200.fits',
               'num_lyot_stops': 1},
 'method': {'edge_width_for_prior': 2,
            'ending_scale': 1,
            'force_no_hermitian_symmetry': False,
            'force_no_x_mirror_symmetry': False,
            'force_no_y_mirror_symmetry': False,
            'initial_throughput_estimate': 1,
            'maximize_planet_throughput': True,
            'num_throughput_iterations': 2,
            'starting_scale': 1},
 'pupil': {'N': 200,
           'filename': 'LUVOIR/TelAp_LUVOIR_gap_pad04_bw_ovsamp04_N0200.fits'},
 'solver': {'crossover': 0,
            'method': 2,
            'num_threads': 0}}

File organization:
{'analysis_dir': '/user/kstlaurent/git/progressive_refinement_coronagraphy/surveys/luvoir_N0200_small_local/analysis',
 'drivers_dir': '/user/kstlaurent/git/progressive_refinement_coronagraphy/surveys/luvoir_N0200_small_local/drivers',
 'input_files_dir': '/user/kstlaurent/git/progressive_refinement_coronagraphy/masks',
 'log_dir': '/user/kstlaurent/git/progressive_refinement_coronagraphy/surveys/luvoir_N0200_small_local/logs',
 'solution_dir': '/user/kstlaurent/git/progressive_refinement_coronagraphy/surveys/luvoir_N0200_small_local/solutions',
 'survey_dir': '/user/kstlaurent/git/progressive_refinement_coronagraphy/surveys/luvoir_N0200_small_local'}

Telescope pupil:
   Mirror symmetry in x: yes
   Mirror symmetry in y: no

Lyot stop #0:
   Mirror symmetry in x: yes
Lyot stop #0:
   Mirror symmetry in y: yes

Complete APLC:
   Mirror symmetry in x: yes
   Mirror symmetry in y: no

Starting optimization at scale 1 with 13749 variables and 6592 constraints.
Creating model...
Academic license - for non-commercial use only
Parameter Threads unchanged
   Value: 0  Min: 0  Max: 1024  Default: 0
Changed value of parameter Crossover to 0
   Prev: -1  Min: -1  Max: 5  Default: -1
Changed value of parameter Method to 2
   Prev: -1  Min: -1  Max: 5  Default: -1
Calculating and adding constraints...
Wavelength 1/8; Variable 1000/13749
Wavelength 1/8; Variable 2000/13749
Wavelength 1/8; Variable 3000/13749
Wavelength 1/8; Variable 4000/13749
Wavelength 1/8; Variable 5000/13749
Wavelength 1/8; Variable 6000/13749
Wavelength 1/8; Variable 7000/13749
Wavelength 1/8; Variable 8000/13749
Wavelength 1/8; Variable 9000/13749
Wavelength 1/8; Variable 10000/13749
Wavelength 1/8; Variable 11000/13749
Wavelength 1/8; Variable 12000/13749
Wavelength 1/8; Variable 13000/13749
Wavelength 2/8; Variable 1000/13749
Wavelength 2/8; Variable 2000/13749
Wavelength 2/8; Variable 3000/13749
Wavelength 2/8; Variable 4000/13749
Wavelength 2/8; Variable 5000/13749
Wavelength 2/8; Variable 6000/13749
Wavelength 2/8; Variable 7000/13749
Wavelength 2/8; Variable 8000/13749
Wavelength 2/8; Variable 9000/13749
Wavelength 2/8; Variable 10000/13749
Wavelength 2/8; Variable 11000/13749
Wavelength 2/8; Variable 12000/13749
Wavelength 2/8; Variable 13000/13749
Wavelength 3/8; Variable 1000/13749
Wavelength 3/8; Variable 2000/13749
Wavelength 3/8; Variable 3000/13749
Wavelength 3/8; Variable 4000/13749
Wavelength 3/8; Variable 5000/13749
Wavelength 3/8; Variable 6000/13749
Wavelength 3/8; Variable 7000/13749
Wavelength 3/8; Variable 8000/13749
Wavelength 3/8; Variable 9000/13749
Wavelength 3/8; Variable 10000/13749
Wavelength 3/8; Variable 11000/13749
Wavelength 3/8; Variable 12000/13749
Wavelength 3/8; Variable 13000/13749
Wavelength 4/8; Variable 1000/13749
Wavelength 4/8; Variable 2000/13749
Wavelength 4/8; Variable 3000/13749
Wavelength 4/8; Variable 4000/13749
Wavelength 4/8; Variable 5000/13749
Wavelength 4/8; Variable 6000/13749
Wavelength 4/8; Variable 7000/13749
Wavelength 4/8; Variable 8000/13749
Wavelength 4/8; Variable 9000/13749
Wavelength 4/8; Variable 10000/13749
Wavelength 4/8; Variable 11000/13749
Wavelength 4/8; Variable 12000/13749
Wavelength 4/8; Variable 13000/13749
Wavelength 5/8; Variable 1000/13749
Wavelength 5/8; Variable 2000/13749
Wavelength 5/8; Variable 3000/13749
Wavelength 5/8; Variable 4000/13749
Wavelength 5/8; Variable 5000/13749
Wavelength 5/8; Variable 6000/13749
Wavelength 5/8; Variable 7000/13749
Wavelength 5/8; Variable 8000/13749
Wavelength 5/8; Variable 9000/13749
Wavelength 5/8; Variable 10000/13749
Wavelength 5/8; Variable 11000/13749
Wavelength 5/8; Variable 12000/13749
Wavelength 5/8; Variable 13000/13749
Warning for adding constraints: zero or small (< 1e-13) coefficients, ignored
Wavelength 6/8; Variable 1000/13749
Wavelength 6/8; Variable 2000/13749
Wavelength 6/8; Variable 3000/13749
Wavelength 6/8; Variable 4000/13749
Wavelength 6/8; Variable 5000/13749
Wavelength 6/8; Variable 6000/13749
Wavelength 6/8; Variable 7000/13749
Wavelength 6/8; Variable 8000/13749
Wavelength 6/8; Variable 9000/13749
Wavelength 6/8; Variable 10000/13749
Wavelength 6/8; Variable 11000/13749
Wavelength 6/8; Variable 12000/13749
Wavelength 6/8; Variable 13000/13749
Wavelength 7/8; Variable 1000/13749
Wavelength 7/8; Variable 2000/13749
Wavelength 7/8; Variable 3000/13749
Wavelength 7/8; Variable 4000/13749
Wavelength 7/8; Variable 5000/13749
Wavelength 7/8; Variable 6000/13749
Wavelength 7/8; Variable 7000/13749
Wavelength 7/8; Variable 8000/13749
Wavelength 7/8; Variable 9000/13749
Wavelength 7/8; Variable 10000/13749
Wavelength 7/8; Variable 11000/13749
Wavelength 7/8; Variable 12000/13749
Wavelength 7/8; Variable 13000/13749
Wavelength 8/8; Variable 1000/13749
Wavelength 8/8; Variable 2000/13749
Wavelength 8/8; Variable 3000/13749
Wavelength 8/8; Variable 4000/13749
Wavelength 8/8; Variable 5000/13749
Wavelength 8/8; Variable 6000/13749
Wavelength 8/8; Variable 7000/13749
Wavelength 8/8; Variable 8000/13749
Wavelength 8/8; Variable 9000/13749
Wavelength 8/8; Variable 10000/13749
Wavelength 8/8; Variable 11000/13749
Wavelength 8/8; Variable 12000/13749
Wavelength 8/8; Variable 13000/13749
Start optimization...
Optimize a model with 13184 rows, 13749 columns and 181266812 nonzeros
Coefficient statistics:
  Matrix range     [1e-13, 2e-04]
  Objective range  [1e-02, 1e+00]
  Bounds range     [1e+00, 1e+00]
  RHS range        [1e-05, 1e-05]
Presolve removed 0 rows and 0 columns (presolve time = 11s) ...
Presolve removed 0 rows and 0 columns (presolve time = 17s) ...
Presolve removed 0 rows and 0 columns (presolve time = 28s) ...
Presolve removed 0 rows and 0 columns (presolve time = 49s) ...
Presolve removed 6592 rows and 0 columns (presolve time = 56s) ...
Presolve removed 6592 rows and 0 columns
Presolve time: 57.15s
Presolved: 6592 rows, 20341 columns, 90639988 nonzeros
Ordering time: 0.00s

Barrier statistics:
 AA' NZ     : 2.172e+07
 Factor NZ  : 2.173e+07 (roughly 200 MBytes of memory)
 Factor Ops : 9.551e+10 (roughly 3 seconds per iteration)
 Threads    : 6

                  Objective                Residual
Iter       Primal          Dual         Primal    Dual     Compl     Time
   0   4.87952935e+06  3.19533561e+04  2.57e+01 0.00e+00  9.23e+02    98s
   1   1.53692464e+04  3.18956150e+04  5.18e-02 1.09e-11  2.51e+00   120s
   2   7.29262018e+03  1.74267851e+04  5.84e-03 1.77e-09  4.20e-01   142s
   3   7.29017073e+03  9.75037731e+03  2.93e-03 5.16e-09  1.16e-01   164s
   4   7.12265353e+03  8.13185877e+03  1.12e-03 7.87e-09  4.17e-02   187s
   5   7.12140301e+03  7.76214908e+03  6.95e-04 9.34e-09  2.51e-02   209s
   6   7.12273145e+03  7.46612257e+03  4.68e-04 7.74e-09  1.41e-02   231s
   7   7.13001652e+03  7.33947651e+03  2.94e-04 1.50e-08  8.54e-03   253s
   8   7.13277550e+03  7.27116709e+03  2.13e-04 8.81e-09  5.79e-03   276s
   9   7.13616449e+03  7.23934991e+03  1.50e-04 1.68e-08  4.20e-03   298s
  10   7.13881677e+03  7.20735461e+03  1.01e-04 1.68e-08  2.78e-03   320s
  11   7.14011996e+03  7.18780912e+03  8.26e-05 2.42e-08  2.06e-03   342s
  12   7.14284151e+03  7.17608059e+03  6.49e-05 1.91e-08  1.51e-03   365s
  13   7.14402317e+03  7.16563674e+03  5.41e-05 1.07e-08  1.11e-03   387s
  14   7.14606325e+03  7.15878311e+03  3.53e-05 1.30e-08  6.88e-04   410s
  15   7.14754701e+03  7.15410068e+03  2.78e-05 1.29e-08  4.57e-04   432s
  16   7.14826604e+03  7.15094823e+03  1.30e-05 3.73e-08  2.05e-04   456s
  17   7.14877633e+03  7.15010080e+03  5.04e-06 5.40e-08  8.61e-05   479s
  18   7.14917898e+03  7.14935732e+03  3.03e-07 7.22e-08  7.61e-06   504s
  19   7.14924097e+03  7.14928923e+03  7.20e-08 1.28e-08  1.95e-06   527s
  20   7.14926402e+03  7.14926649e+03  9.00e-10 2.75e-08  7.02e-08   552s
  21   7.14926498e+03  7.14926550e+03  7.04e-11 1.22e-08  1.36e-08   575s
  22   7.14926510e+03  7.14926512e+03  9.37e-12 1.21e-08  8.12e-10   599s

Barrier solved model in 22 iterations and 598.82 seconds
Optimal objective 7.14926510e+03

Optimization finished!
Restarting optimization for throughput iteration 1...
Optimize a model with 13184 rows, 13749 columns and 181266812 nonzeros
Coefficient statistics:
  Matrix range     [1e-13, 2e-04]
  Objective range  [1e-02, 1e+00]
  Bounds range     [1e+00, 1e+00]
  RHS range        [7e-06, 7e-06]
Presolve removed 0 rows and 0 columns (presolve time = 11s) ...
Presolve removed 0 rows and 0 columns (presolve time = 16s) ...
Presolve removed 0 rows and 0 columns (presolve time = 28s) ...
Presolve removed 0 rows and 0 columns (presolve time = 49s) ...
Presolve removed 6592 rows and 0 columns (presolve time = 56s) ...
Presolve removed 6592 rows and 0 columns
Presolve time: 56.75s
Presolved: 6592 rows, 20341 columns, 90639988 nonzeros
Ordering time: 0.00s

Barrier statistics:
 AA' NZ     : 2.172e+07
 Factor NZ  : 2.173e+07 (roughly 200 MBytes of memory)
 Factor Ops : 9.551e+10 (roughly 3 seconds per iteration)
 Threads    : 6

                  Objective                Residual
Iter       Primal          Dual         Primal    Dual     Compl     Time
   0   4.87952935e+06  3.15557277e+04  2.57e+01 0.00e+00  9.23e+02    98s
   1   1.53728532e+04  3.14977869e+04  5.18e-02 1.09e-11  2.50e+00   120s
   2   7.31848665e+03  1.70519358e+04  6.04e-03 2.09e-09  4.18e-01   142s
   3   7.40069287e+03  9.23781628e+03  2.77e-03 4.82e-09  1.01e-01   164s
   4   7.21961765e+03  8.00071471e+03  1.33e-03 7.36e-09  4.12e-02   186s
   5   7.15651827e+03  7.61460071e+03  9.00e-04 1.27e-08  2.44e-02   208s
   6   7.10901787e+03  7.39708815e+03  5.42e-04 8.88e-09  1.44e-02   230s
   7   7.08815630e+03  7.27415792e+03  3.72e-04 1.13e-08  9.34e-03   253s
   8   7.07796733e+03  7.20835376e+03  2.87e-04 8.06e-09  6.79e-03   275s
   9   7.07396602e+03  7.17808070e+03  2.49e-04 1.24e-08  5.62e-03   297s
  10   7.06859774e+03  7.14642414e+03  2.02e-04 1.24e-08  4.36e-03   319s
  11   7.06481173e+03  7.12433300e+03  1.63e-04 1.11e-08  3.43e-03   340s
  12   7.06267474e+03  7.10845820e+03  1.39e-04 2.11e-08  2.79e-03   362s
  13   7.05918587e+03  7.09434179e+03  9.53e-05 1.43e-08  2.01e-03   385s
  14   7.05585357e+03  7.07746249e+03  5.66e-05 1.48e-08  1.20e-03   409s
  15   7.05460764e+03  7.06558521e+03  4.04e-05 2.00e-08  7.48e-04   431s
  16   7.05398591e+03  7.05879542e+03  2.90e-05 3.84e-08  4.60e-04   454s
  17   7.05329229e+03  7.05540321e+03  1.83e-05 2.96e-08  2.68e-04   477s
  18   7.05283647e+03  7.05392665e+03  1.30e-05 4.68e-08  1.79e-04   498s
  19   7.05268206e+03  7.05332869e+03  1.07e-05 3.91e-08  1.42e-04   520s
  20   7.05207578e+03  7.05221655e+03  4.34e-06 2.14e-08  5.45e-05   544s
  21   7.05188442e+03  7.05188919e+03  1.78e-06 1.66e-08  2.11e-05   567s
  22   7.05181141e+03  7.05183950e+03  5.76e-07 3.45e-08  7.47e-06   589s
  23   7.05179727e+03  7.05181985e+03  2.52e-07 1.35e-08  3.53e-06   611s
  24   7.05178636e+03  7.05179407e+03  2.99e-13 4.28e-08  1.90e-07   635s
  25   7.05178875e+03  7.05179051e+03  1.14e-12 1.68e-08  4.31e-08   659s
  26   7.05178960e+03  7.05179024e+03  1.44e-12 1.60e-08  1.58e-08   681s
  27   7.05178993e+03  7.05179007e+03  5.20e-12 1.66e-08  3.29e-09   705s
  28   7.05179000e+03  7.05179001e+03  1.11e-11 1.79e-08  9.53e-11   728s

Barrier solved model in 28 iterations and 727.98 seconds
Optimal objective 7.05179000e+03

Optimization finished!
