Optimizer called with the following parameters:
{'focal_plane_mask': {'field_stop_radius': -1.0,
                      'grayscale': True,
                      'num_pix': 50,
                      'radius': 3.72},
 'image': {'bandwidth': 0.16,
           'contrast': 10,
           'iwa': 3,
           'num_wavelengths': 8,
           'owa': 12.0,
           'resolution': 2},
 'lyot_stop': {'alignment_tolerance': 0,
               'filename': 'LUVOIR/LS_LUVOIR_ID0190_OD0937_no_struts_gy_ovsamp4_N0200.fits',
               'num_lyot_stops': 1},
 'method': {'edge_width_for_prior': 2,
            'ending_scale': 1,
            'force_no_hermitian_symmetry': False,
            'force_no_x_mirror_symmetry': False,
            'force_no_y_mirror_symmetry': False,
            'initial_throughput_estimate': 1,
            'maximize_planet_throughput': True,
            'num_throughput_iterations': 2,
            'starting_scale': 1},
 'pupil': {'N': 200,
           'filename': 'LUVOIR/TelAp_LUVOIR_gap_pad04_bw_ovsamp04_N0200.fits'},
 'solver': {'crossover': 0,
            'method': 2,
            'num_threads': 0}}

File organization:
{'analysis_dir': '/user/kstlaurent/git/progressive_refinement_coronagraphy/surveys/luvoir_N0200_small_local/analysis',
 'drivers_dir': '/user/kstlaurent/git/progressive_refinement_coronagraphy/surveys/luvoir_N0200_small_local/drivers',
 'input_files_dir': '/user/kstlaurent/git/progressive_refinement_coronagraphy/masks',
 'log_dir': '/user/kstlaurent/git/progressive_refinement_coronagraphy/surveys/luvoir_N0200_small_local/logs',
 'solution_dir': '/user/kstlaurent/git/progressive_refinement_coronagraphy/surveys/luvoir_N0200_small_local/solutions',
 'survey_dir': '/user/kstlaurent/git/progressive_refinement_coronagraphy/surveys/luvoir_N0200_small_local'}

Telescope pupil:
   Mirror symmetry in x: yes
   Mirror symmetry in y: no

Lyot stop #0:
   Mirror symmetry in x: yes
Lyot stop #0:
   Mirror symmetry in y: yes

Complete APLC:
   Mirror symmetry in x: yes
   Mirror symmetry in y: no

Starting optimization at scale 1 with 13749 variables and 6768 constraints.
Creating model...
Academic license - for non-commercial use only
Parameter Threads unchanged
   Value: 0  Min: 0  Max: 1024  Default: 0
Changed value of parameter Crossover to 0
   Prev: -1  Min: -1  Max: 5  Default: -1
Changed value of parameter Method to 2
   Prev: -1  Min: -1  Max: 5  Default: -1
Calculating and adding constraints...
Wavelength 1/8; Variable 1000/13749
Wavelength 1/8; Variable 2000/13749
Wavelength 1/8; Variable 3000/13749
Wavelength 1/8; Variable 4000/13749
Wavelength 1/8; Variable 5000/13749
Wavelength 1/8; Variable 6000/13749
Wavelength 1/8; Variable 7000/13749
Wavelength 1/8; Variable 8000/13749
Wavelength 1/8; Variable 9000/13749
Wavelength 1/8; Variable 10000/13749
Wavelength 1/8; Variable 11000/13749
Wavelength 1/8; Variable 12000/13749
Wavelength 1/8; Variable 13000/13749
Wavelength 2/8; Variable 1000/13749
Wavelength 2/8; Variable 2000/13749
Wavelength 2/8; Variable 3000/13749
Wavelength 2/8; Variable 4000/13749
Wavelength 2/8; Variable 5000/13749
Wavelength 2/8; Variable 6000/13749
Wavelength 2/8; Variable 7000/13749
Wavelength 2/8; Variable 8000/13749
Wavelength 2/8; Variable 9000/13749
Wavelength 2/8; Variable 10000/13749
Wavelength 2/8; Variable 11000/13749
Wavelength 2/8; Variable 12000/13749
Wavelength 2/8; Variable 13000/13749
Wavelength 3/8; Variable 1000/13749
Wavelength 3/8; Variable 2000/13749
Wavelength 3/8; Variable 3000/13749
Wavelength 3/8; Variable 4000/13749
Wavelength 3/8; Variable 5000/13749
Wavelength 3/8; Variable 6000/13749
Wavelength 3/8; Variable 7000/13749
Wavelength 3/8; Variable 8000/13749
Wavelength 3/8; Variable 9000/13749
Wavelength 3/8; Variable 10000/13749
Wavelength 3/8; Variable 11000/13749
Wavelength 3/8; Variable 12000/13749
Wavelength 3/8; Variable 13000/13749
Wavelength 4/8; Variable 1000/13749
Wavelength 4/8; Variable 2000/13749
Wavelength 4/8; Variable 3000/13749
Wavelength 4/8; Variable 4000/13749
Wavelength 4/8; Variable 5000/13749
Wavelength 4/8; Variable 6000/13749
Wavelength 4/8; Variable 7000/13749
Wavelength 4/8; Variable 8000/13749
Wavelength 4/8; Variable 9000/13749
Wavelength 4/8; Variable 10000/13749
Wavelength 4/8; Variable 11000/13749
Wavelength 4/8; Variable 12000/13749
Wavelength 4/8; Variable 13000/13749
Wavelength 5/8; Variable 1000/13749
Wavelength 5/8; Variable 2000/13749
Wavelength 5/8; Variable 3000/13749
Wavelength 5/8; Variable 4000/13749
Wavelength 5/8; Variable 5000/13749
Wavelength 5/8; Variable 6000/13749
Wavelength 5/8; Variable 7000/13749
Wavelength 5/8; Variable 8000/13749
Wavelength 5/8; Variable 9000/13749
Wavelength 5/8; Variable 10000/13749
Wavelength 5/8; Variable 11000/13749
Wavelength 5/8; Variable 12000/13749
Wavelength 5/8; Variable 13000/13749
Wavelength 6/8; Variable 1000/13749
Wavelength 6/8; Variable 2000/13749
Wavelength 6/8; Variable 3000/13749
Wavelength 6/8; Variable 4000/13749
Wavelength 6/8; Variable 5000/13749
Wavelength 6/8; Variable 6000/13749
Wavelength 6/8; Variable 7000/13749
Wavelength 6/8; Variable 8000/13749
Wavelength 6/8; Variable 9000/13749
Wavelength 6/8; Variable 10000/13749
Wavelength 6/8; Variable 11000/13749
Wavelength 6/8; Variable 12000/13749
Wavelength 6/8; Variable 13000/13749
Wavelength 7/8; Variable 1000/13749
Wavelength 7/8; Variable 2000/13749
Wavelength 7/8; Variable 3000/13749
Wavelength 7/8; Variable 4000/13749
Wavelength 7/8; Variable 5000/13749
Wavelength 7/8; Variable 6000/13749
Wavelength 7/8; Variable 7000/13749
Wavelength 7/8; Variable 8000/13749
Wavelength 7/8; Variable 9000/13749
Wavelength 7/8; Variable 10000/13749
Wavelength 7/8; Variable 11000/13749
Wavelength 7/8; Variable 12000/13749
Wavelength 7/8; Variable 13000/13749
Wavelength 8/8; Variable 1000/13749
Wavelength 8/8; Variable 2000/13749
Wavelength 8/8; Variable 3000/13749
Wavelength 8/8; Variable 4000/13749
Wavelength 8/8; Variable 5000/13749
Wavelength 8/8; Variable 6000/13749
Wavelength 8/8; Variable 7000/13749
Wavelength 8/8; Variable 8000/13749
Wavelength 8/8; Variable 9000/13749
Wavelength 8/8; Variable 10000/13749
Wavelength 8/8; Variable 11000/13749
Wavelength 8/8; Variable 12000/13749
Wavelength 8/8; Variable 13000/13749
Start optimization...
Optimize a model with 13536 rows, 13749 columns and 186106464 nonzeros
Coefficient statistics:
  Matrix range     [3e-13, 2e-04]
  Objective range  [5e-02, 1e+00]
  Bounds range     [1e+00, 1e+00]
  RHS range        [1e-05, 1e-05]
Presolve removed 0 rows and 0 columns (presolve time = 11s) ...
Presolve removed 0 rows and 0 columns (presolve time = 17s) ...
Presolve removed 0 rows and 0 columns (presolve time = 29s) ...
Presolve removed 0 rows and 0 columns (presolve time = 50s) ...
Presolve removed 6768 rows and 0 columns (presolve time = 58s) ...
Presolve removed 6768 rows and 0 columns
Presolve time: 58.85s
Presolved: 6768 rows, 20517 columns, 93059996 nonzeros
Ordering time: 0.00s

Barrier statistics:
 AA' NZ     : 2.290e+07
 Factor NZ  : 2.291e+07 (roughly 200 MBytes of memory)
 Factor Ops : 1.034e+11 (roughly 3 seconds per iteration)
 Threads    : 6

                  Objective                Residual
Iter       Primal          Dual         Primal    Dual     Compl     Time
   0   4.53649023e+06  3.03142431e+04  3.19e+01 1.82e-12  9.02e+02   102s
   1   9.11161815e+03  3.02605584e+04  2.75e-02 3.42e-10  1.39e+00   125s
   2   7.15508021e+03  1.56759441e+04  7.84e-03 2.04e-09  3.76e-01   148s
   3   7.10024105e+03  9.58764888e+03  3.07e-03 3.26e-09  1.06e-01   171s
   4   7.02497454e+03  7.98154820e+03  1.18e-03 8.79e-09  3.66e-02   195s
   5   7.05578968e+03  7.57826048e+03  6.84e-04 5.31e-09  1.95e-02   218s
   6   7.07430156e+03  7.37467551e+03  4.06e-04 6.08e-09  1.10e-02   242s
   7   7.08320056e+03  7.27211449e+03  2.36e-04 1.12e-08  6.69e-03   266s
   8   7.08831572e+03  7.22095354e+03  1.65e-04 1.08e-08  4.66e-03   290s
   9   7.09205900e+03  7.19803583e+03  1.30e-04 1.20e-08  3.70e-03   313s
  10   7.09841404e+03  7.17036825e+03  9.08e-05 9.44e-09  2.53e-03   337s
  11   7.10311200e+03  7.13989545e+03  5.95e-05 9.65e-09  1.40e-03   361s
  12   7.10586005e+03  7.12792400e+03  3.93e-05 1.24e-08  8.65e-04   385s
  13   7.10895133e+03  7.12090074e+03  2.11e-05 1.49e-08  4.66e-04   409s
  14   7.11050393e+03  7.11735332e+03  1.22e-05 1.09e-08  2.68e-04   433s
  15   7.11108270e+03  7.11521598e+03  9.13e-06 1.11e-08  1.76e-04   456s
  16   7.11191546e+03  7.11348548e+03  4.39e-06 1.01e-08  7.46e-05   480s
  17   7.11255292e+03  7.11295870e+03  9.16e-07 1.10e-08  1.75e-05   506s
  18   7.11277815e+03  7.11280063e+03  9.24e-09 1.54e-08  6.24e-07   531s
  19   7.11279036e+03  7.11279391e+03  9.75e-10 1.44e-08  9.46e-08   555s
  20   7.11279225e+03  7.11279244e+03  1.71e-11 1.56e-08  5.07e-09   582s
  21   7.11279229e+03  7.11279234e+03  1.46e-11 1.39e-08  1.25e-09   606s

Barrier solved model in 21 iterations and 605.86 seconds
Optimal objective 7.11279229e+03

Optimization finished!
Restarting optimization for throughput iteration 1...
Optimize a model with 13536 rows, 13749 columns and 186106464 nonzeros
Coefficient statistics:
  Matrix range     [3e-13, 2e-04]
  Objective range  [5e-02, 1e+00]
  Bounds range     [1e+00, 1e+00]
  RHS range        [7e-06, 7e-06]
Presolve removed 0 rows and 0 columns (presolve time = 11s) ...
Presolve removed 0 rows and 0 columns (presolve time = 17s) ...
Presolve removed 0 rows and 0 columns (presolve time = 29s) ...
Presolve removed 0 rows and 0 columns (presolve time = 50s) ...
Presolve removed 6768 rows and 0 columns (presolve time = 57s) ...
Presolve removed 6768 rows and 0 columns
Presolve time: 58.33s
Presolved: 6768 rows, 20517 columns, 93059996 nonzeros
Ordering time: 0.00s

Barrier statistics:
 AA' NZ     : 2.290e+07
 Factor NZ  : 2.291e+07 (roughly 200 MBytes of memory)
 Factor Ops : 1.034e+11 (roughly 3 seconds per iteration)
 Threads    : 6

                  Objective                Residual
Iter       Primal          Dual         Primal    Dual     Compl     Time
   0   4.53649023e+06  2.99624643e+04  3.19e+01 1.82e-12  9.02e+02   101s
   1   9.19769708e+03  2.99086016e+04  2.82e-02 4.07e-10  1.40e+00   124s
   2   7.17757069e+03  1.55251943e+04  8.16e-03 2.04e-09  3.82e-01   147s
   3   7.11177936e+03  9.98773748e+03  3.80e-03 3.15e-09  1.31e-01   170s
   4   7.08956539e+03  8.42687909e+03  2.13e-03 5.13e-09  6.09e-02   194s
   5   7.07779575e+03  7.73727037e+03  1.37e-03 7.10e-09  3.19e-02   217s
   6   7.08035833e+03  7.41573054e+03  9.05e-04 7.87e-09  1.78e-02   241s
   7   7.06168143e+03  7.29205800e+03  6.27e-04 1.12e-08  1.21e-02   264s
   8   7.05946384e+03  7.21097004e+03  5.09e-04 1.19e-08  8.88e-03   288s
   9   7.04961110e+03  7.13339030e+03  3.43e-04 1.84e-08  5.52e-03   312s
  10   7.04150563e+03  7.10054647e+03  2.29e-04 1.71e-08  3.74e-03   336s
  11   7.03935302e+03  7.08145569e+03  1.86e-04 1.22e-08  2.88e-03   359s
  12   7.03717480e+03  7.06135328e+03  1.43e-04 1.43e-08  1.99e-03   383s
  13   7.03498837e+03  7.04708040e+03  1.08e-04 1.32e-08  1.35e-03   407s
  14   7.03378696e+03  7.04362556e+03  9.04e-05 2.17e-08  1.12e-03   429s
  15   7.03224416e+03  7.03840758e+03  6.76e-05 1.82e-08  8.09e-04   453s
  16   7.03066784e+03  7.03303259e+03  4.22e-05 1.63e-08  4.69e-04   478s
  17   7.02925975e+03  7.02982015e+03  2.74e-05 1.74e-08  2.81e-04   501s
  18   7.02730402e+03  7.02719527e+03  1.16e-05 1.88e-08  1.11e-04   527s
  19   7.02649186e+03  7.02656388e+03  3.84e-06 1.77e-08  3.92e-05   551s
  20   7.02621913e+03  7.02618968e+03  1.07e-06 2.43e-08  9.73e-06   575s
  21   7.02615523e+03  7.02615896e+03  9.44e-08 2.24e-08  1.01e-06   601s
  22   7.02615342e+03  7.02615499e+03  9.19e-11 2.77e-08  3.92e-08   628s
  23   7.02615388e+03  7.02615410e+03  6.06e-12 2.34e-08  5.25e-09   652s
  24   7.02615392e+03  7.02615396e+03  7.40e-12 2.36e-08  1.32e-09   676s

Barrier solved model in 24 iterations and 675.70 seconds
Optimal objective 7.02615392e+03

Optimization finished!
