Optimizer called with the following parameters:
{'focal_plane_mask': {'field_stop_radius': -1.0,
                      'grayscale': True,
                      'num_pix': 50,
                      'radius': 3.72},
 'image': {'bandwidth': 0.18,
           'contrast': 10,
           'iwa': 3.25,
           'num_wavelengths': 8,
           'owa': 12.0,
           'resolution': 2},
 'lyot_stop': {'alignment_tolerance': 0,
               'filename': 'LUVOIR/LS_LUVOIR_ID0190_OD0937_no_struts_gy_ovsamp4_N0200.fits',
               'num_lyot_stops': 1},
 'method': {'edge_width_for_prior': 2,
            'ending_scale': 1,
            'force_no_hermitian_symmetry': False,
            'force_no_x_mirror_symmetry': False,
            'force_no_y_mirror_symmetry': False,
            'initial_throughput_estimate': 1,
            'maximize_planet_throughput': True,
            'num_throughput_iterations': 2,
            'starting_scale': 1},
 'pupil': {'N': 200,
           'filename': 'LUVOIR/TelAp_LUVOIR_gap_pad04_bw_ovsamp04_N0200.fits'},
 'solver': {'crossover': 0,
            'method': 2,
            'num_threads': 0}}

File organization:
{'analysis_dir': '/user/kstlaurent/git/progressive_refinement_coronagraphy/surveys/luvoir_N0200_small_local/analysis',
 'drivers_dir': '/user/kstlaurent/git/progressive_refinement_coronagraphy/surveys/luvoir_N0200_small_local/drivers',
 'input_files_dir': '/user/kstlaurent/git/progressive_refinement_coronagraphy/masks',
 'log_dir': '/user/kstlaurent/git/progressive_refinement_coronagraphy/surveys/luvoir_N0200_small_local/logs',
 'solution_dir': '/user/kstlaurent/git/progressive_refinement_coronagraphy/surveys/luvoir_N0200_small_local/solutions',
 'survey_dir': '/user/kstlaurent/git/progressive_refinement_coronagraphy/surveys/luvoir_N0200_small_local'}

Telescope pupil:
   Mirror symmetry in x: yes
   Mirror symmetry in y: no

Lyot stop #0:
   Mirror symmetry in x: yes
Lyot stop #0:
   Mirror symmetry in y: yes

Complete APLC:
   Mirror symmetry in x: yes
   Mirror symmetry in y: no

Starting optimization at scale 1 with 13749 variables and 6720 constraints.
Creating model...
Academic license - for non-commercial use only
Parameter Threads unchanged
   Value: 0  Min: 0  Max: 1024  Default: 0
Changed value of parameter Crossover to 0
   Prev: -1  Min: -1  Max: 5  Default: -1
Changed value of parameter Method to 2
   Prev: -1  Min: -1  Max: 5  Default: -1
Calculating and adding constraints...
Wavelength 1/8; Variable 1000/13749
Wavelength 1/8; Variable 2000/13749
Wavelength 1/8; Variable 3000/13749
Wavelength 1/8; Variable 4000/13749
Wavelength 1/8; Variable 5000/13749
Wavelength 1/8; Variable 6000/13749
Wavelength 1/8; Variable 7000/13749
Wavelength 1/8; Variable 8000/13749
Wavelength 1/8; Variable 9000/13749
Wavelength 1/8; Variable 10000/13749
Wavelength 1/8; Variable 11000/13749
Wavelength 1/8; Variable 12000/13749
Wavelength 1/8; Variable 13000/13749
Wavelength 2/8; Variable 1000/13749
Wavelength 2/8; Variable 2000/13749
Wavelength 2/8; Variable 3000/13749
Wavelength 2/8; Variable 4000/13749
Wavelength 2/8; Variable 5000/13749
Wavelength 2/8; Variable 6000/13749
Wavelength 2/8; Variable 7000/13749
Wavelength 2/8; Variable 8000/13749
Wavelength 2/8; Variable 9000/13749
Wavelength 2/8; Variable 10000/13749
Wavelength 2/8; Variable 11000/13749
Wavelength 2/8; Variable 12000/13749
Wavelength 2/8; Variable 13000/13749
Warning for adding constraints: zero or small (< 1e-13) coefficients, ignored
Wavelength 3/8; Variable 1000/13749
Wavelength 3/8; Variable 2000/13749
Wavelength 3/8; Variable 3000/13749
Wavelength 3/8; Variable 4000/13749
Wavelength 3/8; Variable 5000/13749
Wavelength 3/8; Variable 6000/13749
Wavelength 3/8; Variable 7000/13749
Wavelength 3/8; Variable 8000/13749
Wavelength 3/8; Variable 9000/13749
Wavelength 3/8; Variable 10000/13749
Wavelength 3/8; Variable 11000/13749
Wavelength 3/8; Variable 12000/13749
Wavelength 3/8; Variable 13000/13749
Wavelength 4/8; Variable 1000/13749
Wavelength 4/8; Variable 2000/13749
Wavelength 4/8; Variable 3000/13749
Wavelength 4/8; Variable 4000/13749
Wavelength 4/8; Variable 5000/13749
Wavelength 4/8; Variable 6000/13749
Wavelength 4/8; Variable 7000/13749
Wavelength 4/8; Variable 8000/13749
Wavelength 4/8; Variable 9000/13749
Wavelength 4/8; Variable 10000/13749
Wavelength 4/8; Variable 11000/13749
Wavelength 4/8; Variable 12000/13749
Wavelength 4/8; Variable 13000/13749
Wavelength 5/8; Variable 1000/13749
Wavelength 5/8; Variable 2000/13749
Wavelength 5/8; Variable 3000/13749
Wavelength 5/8; Variable 4000/13749
Wavelength 5/8; Variable 5000/13749
Wavelength 5/8; Variable 6000/13749
Wavelength 5/8; Variable 7000/13749
Wavelength 5/8; Variable 8000/13749
Wavelength 5/8; Variable 9000/13749
Wavelength 5/8; Variable 10000/13749
Wavelength 5/8; Variable 11000/13749
Wavelength 5/8; Variable 12000/13749
Wavelength 5/8; Variable 13000/13749
Wavelength 6/8; Variable 1000/13749
Wavelength 6/8; Variable 2000/13749
Wavelength 6/8; Variable 3000/13749
Wavelength 6/8; Variable 4000/13749
Wavelength 6/8; Variable 5000/13749
Wavelength 6/8; Variable 6000/13749
Wavelength 6/8; Variable 7000/13749
Wavelength 6/8; Variable 8000/13749
Wavelength 6/8; Variable 9000/13749
Wavelength 6/8; Variable 10000/13749
Wavelength 6/8; Variable 11000/13749
Wavelength 6/8; Variable 12000/13749
Wavelength 6/8; Variable 13000/13749
Wavelength 7/8; Variable 1000/13749
Wavelength 7/8; Variable 2000/13749
Wavelength 7/8; Variable 3000/13749
Wavelength 7/8; Variable 4000/13749
Wavelength 7/8; Variable 5000/13749
Wavelength 7/8; Variable 6000/13749
Wavelength 7/8; Variable 7000/13749
Wavelength 7/8; Variable 8000/13749
Wavelength 7/8; Variable 9000/13749
Wavelength 7/8; Variable 10000/13749
Wavelength 7/8; Variable 11000/13749
Wavelength 7/8; Variable 12000/13749
Wavelength 7/8; Variable 13000/13749
Wavelength 8/8; Variable 1000/13749
Wavelength 8/8; Variable 2000/13749
Wavelength 8/8; Variable 3000/13749
Wavelength 8/8; Variable 4000/13749
Wavelength 8/8; Variable 5000/13749
Wavelength 8/8; Variable 6000/13749
Wavelength 8/8; Variable 7000/13749
Wavelength 8/8; Variable 8000/13749
Wavelength 8/8; Variable 9000/13749
Wavelength 8/8; Variable 10000/13749
Wavelength 8/8; Variable 11000/13749
Wavelength 8/8; Variable 12000/13749
Wavelength 8/8; Variable 13000/13749
Start optimization...
Optimize a model with 13440 rows, 13749 columns and 184786556 nonzeros
Coefficient statistics:
  Matrix range     [3e-13, 2e-04]
  Objective range  [5e-02, 1e+00]
  Bounds range     [1e+00, 1e+00]
  RHS range        [1e-05, 1e-05]
Presolve removed 0 rows and 0 columns (presolve time = 11s) ...
Presolve removed 0 rows and 0 columns (presolve time = 17s) ...
Presolve removed 0 rows and 0 columns (presolve time = 29s) ...
Presolve removed 0 rows and 0 columns (presolve time = 50s) ...
Presolve removed 6720 rows and 0 columns (presolve time = 57s) ...
Presolve removed 6720 rows and 0 columns
Presolve time: 58.63s
Presolved: 6720 rows, 20469 columns, 92399992 nonzeros
Ordering time: 0.00s

Barrier statistics:
 AA' NZ     : 2.258e+07
 Factor NZ  : 2.258e+07 (roughly 200 MBytes of memory)
 Factor Ops : 1.012e+11 (roughly 3 seconds per iteration)
 Threads    : 6

                  Objective                Residual
Iter       Primal          Dual         Primal    Dual     Compl     Time
   0   4.53582702e+06  3.03737345e+04  3.19e+01 1.82e-12  9.04e+02   101s
   1   8.91328486e+03  3.03199032e+04  2.62e-02 2.68e-10  1.35e+00   124s
   2   7.00518148e+03  1.26167121e+04  6.60e-03 1.85e-09  2.60e-01   147s
   3   7.15688659e+03  9.28218826e+03  3.57e-03 4.04e-09  1.02e-01   170s
   4   7.10151939e+03  8.01410367e+03  1.92e-03 8.45e-09  4.51e-02   193s
   5   7.08465124e+03  7.63419206e+03  1.31e-03 1.39e-08  2.79e-02   217s
   6   7.06622963e+03  7.40023586e+03  9.41e-04 1.02e-08  1.80e-02   240s
   7   7.05904988e+03  7.29105662e+03  7.56e-04 1.27e-08  1.34e-02   263s
   8   7.05378342e+03  7.19219426e+03  5.25e-04 1.01e-08  8.56e-03   286s
   9   7.04454757e+03  7.12905260e+03  3.25e-04 1.05e-08  5.21e-03   311s
  10   7.04290557e+03  7.08506888e+03  2.50e-04 2.11e-08  3.39e-03   334s
  11   7.03989925e+03  7.06101817e+03  1.72e-04 1.05e-08  2.11e-03   358s
  12   7.03767577e+03  7.05201354e+03  1.25e-04 1.31e-08  1.50e-03   381s
  13   7.03730721e+03  7.04381474e+03  9.09e-05 1.41e-08  9.88e-04   404s
  14   7.03452336e+03  7.03584110e+03  4.77e-05 1.28e-08  4.64e-04   429s
  15   7.03374210e+03  7.03359678e+03  2.71e-05 1.56e-08  2.41e-04   453s
  16   7.03229001e+03  7.03218672e+03  1.03e-05 1.32e-08  9.10e-05   477s
  17   7.03154716e+03  7.03178623e+03  6.70e-07 1.45e-08  1.19e-05   502s
  18   7.03159046e+03  7.03161620e+03  1.44e-08 1.57e-08  7.59e-07   527s
  19   7.03159991e+03  7.03160509e+03  1.50e-09 1.54e-08  1.40e-07   552s
  20   7.03160138e+03  7.03160156e+03  9.68e-12 1.85e-08  4.46e-09   578s
  21   7.03160149e+03  7.03160149e+03  6.52e-12 1.60e-08  1.50e-10   603s

Barrier solved model in 21 iterations and 602.65 seconds
Optimal objective 7.03160149e+03

Optimization finished!
Restarting optimization for throughput iteration 1...
Optimize a model with 13440 rows, 13749 columns and 184786556 nonzeros
Coefficient statistics:
  Matrix range     [3e-13, 2e-04]
  Objective range  [5e-02, 1e+00]
  Bounds range     [1e+00, 1e+00]
  RHS range        [7e-06, 7e-06]
Presolve removed 0 rows and 0 columns (presolve time = 11s) ...
Presolve removed 0 rows and 0 columns (presolve time = 17s) ...
Presolve removed 0 rows and 0 columns (presolve time = 29s) ...
Presolve removed 0 rows and 0 columns (presolve time = 50s) ...
Presolve removed 6720 rows and 0 columns (presolve time = 57s) ...
Presolve removed 6720 rows and 0 columns
Presolve time: 58.16s
Presolved: 6720 rows, 20469 columns, 92399992 nonzeros
Ordering time: 0.00s

Barrier statistics:
 AA' NZ     : 2.258e+07
 Factor NZ  : 2.258e+07 (roughly 200 MBytes of memory)
 Factor Ops : 1.012e+11 (roughly 3 seconds per iteration)
 Threads    : 6

                  Objective                Residual
Iter       Primal          Dual         Primal    Dual     Compl     Time
   0   4.53582702e+06  3.00138036e+04  3.19e+01 1.82e-12  9.04e+02   101s
   1   8.91049303e+03  2.99597906e+04  2.61e-02 3.60e-10  1.34e+00   123s
   2   7.17083312e+03  1.24246885e+04  9.06e-03 2.30e-09  3.02e-01   146s
   3   7.19027981e+03  9.19334002e+03  4.93e-03 3.46e-09  1.25e-01   169s
   4   7.12655950e+03  8.37315538e+03  2.62e-03 1.55e-08  6.89e-02   192s
   5   7.05994300e+03  7.67678986e+03  1.70e-03 2.14e-08  4.06e-02   216s
   6   7.01891582e+03  7.42930260e+03  1.17e-03 2.13e-08  2.79e-02   238s
   7   6.99068772e+03  7.23806633e+03  8.74e-04 3.59e-08  2.01e-02   262s
   8   6.97079011e+03  7.13431305e+03  7.29e-04 2.07e-07  1.63e-02   285s
   9   6.95745805e+03  7.00386587e+03  6.12e-04 3.68e-08  1.23e-02   308s
  10   6.93899150e+03  6.95589405e+03  5.23e-04 4.32e-08  1.06e-02   332s
  11   6.92440177e+03  6.91209519e+03  4.68e-04 1.68e-07  9.35e-03   355s
  12   6.90662999e+03  6.86752536e+03  4.12e-04 5.64e-08  8.09e-03   379s
  13   6.89156444e+03  6.82347600e+03  3.79e-04 7.49e-08  7.22e-03   402s
  14   6.87312557e+03  6.77287921e+03  3.40e-04 9.23e-08  6.13e-03   426s
  15   6.85223824e+03  6.74932717e+03  3.03e-04 7.24e-08  5.39e-03   449s
  16   6.84851266e+03  6.73329495e+03  2.96e-04 1.62e-07  5.09e-03   472s
  17   6.82368826e+03  6.71439490e+03  2.55e-04 2.27e-07  4.38e-03   495s
  18   6.80849462e+03  6.69857962e+03  2.33e-04 1.69e-07  3.91e-03   518s
  19   6.78440109e+03  6.68660181e+03  1.99e-04 1.31e-07  3.39e-03   541s
  20   6.77178225e+03  6.67211347e+03  1.83e-04 1.26e-07  3.07e-03   564s
  21   6.75693374e+03  6.66263802e+03  1.65e-04 8.84e-08  2.79e-03   588s
  22   6.74605053e+03  6.65229666e+03  1.53e-04 1.10e-07  2.56e-03   611s
  23   6.73447865e+03  6.64307693e+03  1.40e-04 2.31e-07  2.31e-03   634s
  24   6.71662320e+03  6.63566304e+03  1.21e-04 3.13e-07  2.00e-03   657s
  25   6.69704554e+03  6.62475994e+03  1.00e-04 1.96e-06  1.57e-03   681s
  26   6.68561078e+03  6.62052489e+03  8.85e-05 1.20e-06  1.39e-03   704s
  27   6.67514698e+03  6.61702258e+03  7.82e-05 5.36e-07  1.23e-03   728s
  28   6.66686278e+03  6.61199131e+03  6.99e-05 1.24e-07  1.05e-03   751s
  29   6.65638625e+03  6.60695270e+03  5.94e-05 6.33e-06  8.42e-04   774s
  30   6.64515612e+03  6.60456490e+03  4.87e-05 5.15e-06  6.96e-04   797s
  31   6.63309025e+03  6.59941028e+03  3.68e-05 2.57e-07  4.65e-04   821s
  32   6.62276499e+03  6.59698051e+03  2.70e-05 1.40e-06  3.22e-04   845s
  33   6.61686150e+03  6.59525446e+03  2.14e-05 4.52e-07  2.32e-04   868s
  34   6.61108784e+03  6.59455528e+03  1.62e-05 2.43e-06  1.72e-04   891s
  35   6.60430974e+03  6.59355843e+03  1.01e-05 8.15e-07  9.75e-05   916s
  36   6.60206611e+03  6.59327186e+03  8.09e-06 8.10e-07  7.35e-05   939s
  37   6.59979413e+03  6.59306216e+03  6.08e-06 3.13e-07  5.27e-05   963s
  38   6.59790205e+03  6.59291567e+03  4.41e-06 1.11e-07  3.59e-05   988s
  39   6.59505699e+03  6.59280256e+03  1.99e-06 2.18e-05  1.61e-05  1016s
  40   6.59384970e+03  6.59276437e+03  9.56e-07 1.11e-06  7.73e-06  1040s
  41   6.59293119e+03  6.59274311e+03  1.72e-07 5.41e-06  1.58e-06  1064s
  42   6.59273264e+03  6.59273358e+03  1.10e-09 1.08e-06  6.40e-08  1092s
  43   6.59273159e+03  6.59273177e+03  2.12e-11 6.10e-06  4.10e-09  1117s
  44   6.59273167e+03  6.59273163e+03  1.89e-11 1.09e-06  1.36e-10  1140s

Barrier solved model in 44 iterations and 1139.93 seconds
Optimal objective 6.59273167e+03

Optimization finished!
