Optimizer called with the following parameters:
{'focal_plane_mask': {'field_stop_radius': -1.0,
                      'grayscale': True,
                      'num_pix': 50,
                      'radius': 3.72},
 'image': {'bandwidth': 0.16,
           'contrast': 10,
           'iwa': 3.25,
           'num_wavelengths': 8,
           'owa': 12.0,
           'resolution': 2},
 'lyot_stop': {'alignment_tolerance': 0,
               'filename': 'LUVOIR/LS_LUVOIR_ID0190_OD0937_no_struts_gy_ovsamp4_N0200.fits',
               'num_lyot_stops': 1},
 'method': {'edge_width_for_prior': 2,
            'ending_scale': 1,
            'force_no_hermitian_symmetry': False,
            'force_no_x_mirror_symmetry': False,
            'force_no_y_mirror_symmetry': False,
            'initial_throughput_estimate': 1,
            'maximize_planet_throughput': True,
            'num_throughput_iterations': 2,
            'starting_scale': 1},
 'pupil': {'N': 200,
           'filename': 'LUVOIR/TelAp_LUVOIR_gap_pad04_bw_ovsamp04_N0200.fits'},
 'solver': {'crossover': 0,
            'method': 2,
            'num_threads': 0}}

File organization:
{'analysis_dir': '/user/kstlaurent/git/progressive_refinement_coronagraphy/surveys/luvoir_N0200_small_local/analysis',
 'drivers_dir': '/user/kstlaurent/git/progressive_refinement_coronagraphy/surveys/luvoir_N0200_small_local/drivers',
 'input_files_dir': '/user/kstlaurent/git/progressive_refinement_coronagraphy/masks',
 'log_dir': '/user/kstlaurent/git/progressive_refinement_coronagraphy/surveys/luvoir_N0200_small_local/logs',
 'solution_dir': '/user/kstlaurent/git/progressive_refinement_coronagraphy/surveys/luvoir_N0200_small_local/solutions',
 'survey_dir': '/user/kstlaurent/git/progressive_refinement_coronagraphy/surveys/luvoir_N0200_small_local'}

Telescope pupil:
   Mirror symmetry in x: yes
   Mirror symmetry in y: no

Lyot stop #0:
   Mirror symmetry in x: yes
Lyot stop #0:
   Mirror symmetry in y: yes

Complete APLC:
   Mirror symmetry in x: yes
   Mirror symmetry in y: no

Starting optimization at scale 1 with 13749 variables and 6720 constraints.
Creating model...
Academic license - for non-commercial use only
Parameter Threads unchanged
   Value: 0  Min: 0  Max: 1024  Default: 0
Changed value of parameter Crossover to 0
   Prev: -1  Min: -1  Max: 5  Default: -1
Changed value of parameter Method to 2
   Prev: -1  Min: -1  Max: 5  Default: -1
Calculating and adding constraints...
Wavelength 1/8; Variable 1000/13749
Wavelength 1/8; Variable 2000/13749
Wavelength 1/8; Variable 3000/13749
Wavelength 1/8; Variable 4000/13749
Wavelength 1/8; Variable 5000/13749
Wavelength 1/8; Variable 6000/13749
Wavelength 1/8; Variable 7000/13749
Wavelength 1/8; Variable 8000/13749
Wavelength 1/8; Variable 9000/13749
Wavelength 1/8; Variable 10000/13749
Wavelength 1/8; Variable 11000/13749
Wavelength 1/8; Variable 12000/13749
Wavelength 1/8; Variable 13000/13749
Wavelength 2/8; Variable 1000/13749
Wavelength 2/8; Variable 2000/13749
Wavelength 2/8; Variable 3000/13749
Wavelength 2/8; Variable 4000/13749
Wavelength 2/8; Variable 5000/13749
Wavelength 2/8; Variable 6000/13749
Wavelength 2/8; Variable 7000/13749
Wavelength 2/8; Variable 8000/13749
Wavelength 2/8; Variable 9000/13749
Wavelength 2/8; Variable 10000/13749
Wavelength 2/8; Variable 11000/13749
Wavelength 2/8; Variable 12000/13749
Wavelength 2/8; Variable 13000/13749
Wavelength 3/8; Variable 1000/13749
Wavelength 3/8; Variable 2000/13749
Wavelength 3/8; Variable 3000/13749
Wavelength 3/8; Variable 4000/13749
Wavelength 3/8; Variable 5000/13749
Wavelength 3/8; Variable 6000/13749
Wavelength 3/8; Variable 7000/13749
Wavelength 3/8; Variable 8000/13749
Wavelength 3/8; Variable 9000/13749
Wavelength 3/8; Variable 10000/13749
Wavelength 3/8; Variable 11000/13749
Wavelength 3/8; Variable 12000/13749
Wavelength 3/8; Variable 13000/13749
Wavelength 4/8; Variable 1000/13749
Wavelength 4/8; Variable 2000/13749
Wavelength 4/8; Variable 3000/13749
Wavelength 4/8; Variable 4000/13749
Wavelength 4/8; Variable 5000/13749
Wavelength 4/8; Variable 6000/13749
Wavelength 4/8; Variable 7000/13749
Wavelength 4/8; Variable 8000/13749
Wavelength 4/8; Variable 9000/13749
Wavelength 4/8; Variable 10000/13749
Wavelength 4/8; Variable 11000/13749
Wavelength 4/8; Variable 12000/13749
Wavelength 4/8; Variable 13000/13749
Wavelength 5/8; Variable 1000/13749
Wavelength 5/8; Variable 2000/13749
Wavelength 5/8; Variable 3000/13749
Wavelength 5/8; Variable 4000/13749
Wavelength 5/8; Variable 5000/13749
Wavelength 5/8; Variable 6000/13749
Wavelength 5/8; Variable 7000/13749
Wavelength 5/8; Variable 8000/13749
Wavelength 5/8; Variable 9000/13749
Wavelength 5/8; Variable 10000/13749
Wavelength 5/8; Variable 11000/13749
Wavelength 5/8; Variable 12000/13749
Wavelength 5/8; Variable 13000/13749
Wavelength 6/8; Variable 1000/13749
Wavelength 6/8; Variable 2000/13749
Wavelength 6/8; Variable 3000/13749
Wavelength 6/8; Variable 4000/13749
Wavelength 6/8; Variable 5000/13749
Wavelength 6/8; Variable 6000/13749
Wavelength 6/8; Variable 7000/13749
Wavelength 6/8; Variable 8000/13749
Wavelength 6/8; Variable 9000/13749
Wavelength 6/8; Variable 10000/13749
Wavelength 6/8; Variable 11000/13749
Wavelength 6/8; Variable 12000/13749
Wavelength 6/8; Variable 13000/13749
Wavelength 7/8; Variable 1000/13749
Wavelength 7/8; Variable 2000/13749
Wavelength 7/8; Variable 3000/13749
Wavelength 7/8; Variable 4000/13749
Wavelength 7/8; Variable 5000/13749
Wavelength 7/8; Variable 6000/13749
Wavelength 7/8; Variable 7000/13749
Wavelength 7/8; Variable 8000/13749
Wavelength 7/8; Variable 9000/13749
Wavelength 7/8; Variable 10000/13749
Wavelength 7/8; Variable 11000/13749
Wavelength 7/8; Variable 12000/13749
Wavelength 7/8; Variable 13000/13749
Wavelength 8/8; Variable 1000/13749
Wavelength 8/8; Variable 2000/13749
Wavelength 8/8; Variable 3000/13749
Wavelength 8/8; Variable 4000/13749
Wavelength 8/8; Variable 5000/13749
Wavelength 8/8; Variable 6000/13749
Wavelength 8/8; Variable 7000/13749
Wavelength 8/8; Variable 8000/13749
Wavelength 8/8; Variable 9000/13749
Wavelength 8/8; Variable 10000/13749
Wavelength 8/8; Variable 11000/13749
Wavelength 8/8; Variable 12000/13749
Wavelength 8/8; Variable 13000/13749
Start optimization...
Optimize a model with 13440 rows, 13749 columns and 184786560 nonzeros
Coefficient statistics:
  Matrix range     [3e-13, 2e-04]
  Objective range  [5e-02, 1e+00]
  Bounds range     [1e+00, 1e+00]
  RHS range        [1e-05, 1e-05]
Presolve removed 0 rows and 0 columns (presolve time = 11s) ...
Presolve removed 0 rows and 0 columns (presolve time = 17s) ...
Presolve removed 0 rows and 0 columns (presolve time = 29s) ...
Presolve removed 0 rows and 0 columns (presolve time = 50s) ...
Presolve removed 6720 rows and 0 columns (presolve time = 57s) ...
Presolve removed 6720 rows and 0 columns
Presolve time: 58.32s
Presolved: 6720 rows, 20469 columns, 92399996 nonzeros
Ordering time: 0.00s

Barrier statistics:
 AA' NZ     : 2.258e+07
 Factor NZ  : 2.258e+07 (roughly 200 MBytes of memory)
 Factor Ops : 1.012e+11 (roughly 3 seconds per iteration)
 Threads    : 6

                  Objective                Residual
Iter       Primal          Dual         Primal    Dual     Compl     Time
   0   4.53650236e+06  3.02063329e+04  3.21e+01 1.82e-12  8.98e+02   101s
   1   9.19256199e+03  3.01530292e+04  2.81e-02 3.57e-10  1.40e+00   123s
   2   7.00146986e+03  1.29659190e+04  6.60e-03 3.37e-09  2.70e-01   146s
   3   7.01112774e+03  8.96002741e+03  2.59e-03 3.97e-09  8.29e-02   169s
   4   7.04996776e+03  8.05578364e+03  1.41e-03 5.21e-09  4.06e-02   192s
   5   7.07971202e+03  7.72255508e+03  9.28e-04 5.70e-09  2.53e-02   215s
   6   7.08767665e+03  7.50632674e+03  6.98e-04 6.31e-09  1.70e-02   238s
   7   7.09527729e+03  7.34264628e+03  4.86e-04 7.30e-09  1.05e-02   262s
   8   7.09770623e+03  7.29923515e+03  4.16e-04 8.80e-09  8.64e-03   285s
   9   7.10207867e+03  7.21824352e+03  3.03e-04 9.97e-09  5.43e-03   309s
  10   7.10425180e+03  7.19969207e+03  2.47e-04 7.63e-09  4.43e-03   331s
  11   7.10872502e+03  7.17188054e+03  1.76e-04 9.54e-09  3.02e-03   355s
  12   7.11038454e+03  7.16009732e+03  1.38e-04 1.09e-08  2.36e-03   378s
  13   7.11315069e+03  7.14420236e+03  9.97e-05 1.15e-08  1.58e-03   402s
  14   7.11386679e+03  7.13680699e+03  8.15e-05 1.02e-08  1.23e-03   424s
  15   7.11547432e+03  7.13076946e+03  6.52e-05 1.00e-08  9.08e-04   447s
  16   7.11681368e+03  7.12599893e+03  4.18e-05 1.04e-08  5.66e-04   471s
  17   7.11762434e+03  7.12296474e+03  2.90e-05 1.06e-08  3.67e-04   494s
  18   7.11804344e+03  7.12106221e+03  1.78e-05 9.82e-09  2.19e-04   517s
  19   7.11794215e+03  7.11879317e+03  5.32e-06 1.65e-08  6.40e-05   543s
  20   7.11806189e+03  7.11817779e+03  2.80e-07 4.56e-08  5.11e-06   568s
  21   7.11810564e+03  7.11811752e+03  1.64e-08 1.55e-08  4.23e-07   593s
  22   7.11811068e+03  7.11811167e+03  2.88e-10 1.11e-08  2.67e-08   617s
  23   7.11811096e+03  7.11811100e+03  1.17e-11 1.32e-08  1.13e-09   642s

Barrier solved model in 23 iterations and 642.15 seconds
Optimal objective 7.11811096e+03

Optimization finished!
Restarting optimization for throughput iteration 1...
Optimize a model with 13440 rows, 13749 columns and 184786560 nonzeros
Coefficient statistics:
  Matrix range     [3e-13, 2e-04]
  Objective range  [5e-02, 1e+00]
  Bounds range     [1e+00, 1e+00]
  RHS range        [7e-06, 7e-06]
Presolve removed 0 rows and 0 columns (presolve time = 11s) ...
Presolve removed 0 rows and 0 columns (presolve time = 17s) ...
Presolve removed 0 rows and 0 columns (presolve time = 29s) ...
Presolve removed 0 rows and 0 columns (presolve time = 50s) ...
Presolve removed 6720 rows and 0 columns (presolve time = 57s) ...
Presolve removed 6720 rows and 0 columns
Presolve time: 57.86s
Presolved: 6720 rows, 20469 columns, 92399996 nonzeros
Ordering time: 0.00s

Barrier statistics:
 AA' NZ     : 2.258e+07
 Factor NZ  : 2.258e+07 (roughly 200 MBytes of memory)
 Factor Ops : 1.012e+11 (roughly 3 seconds per iteration)
 Threads    : 6

                  Objective                Residual
Iter       Primal          Dual         Primal    Dual     Compl     Time
   0   4.53650236e+06  2.98591387e+04  3.21e+01 1.82e-12  8.98e+02   100s
   1   9.18717201e+03  2.98056604e+04  2.81e-02 5.05e-10  1.39e+00   123s
   2   7.05342880e+03  1.27508325e+04  7.72e-03 2.12e-09  2.89e-01   146s
   3   7.04100094e+03  9.03443352e+03  3.21e-03 2.91e-09  9.65e-02   169s
   4   7.02118695e+03  8.08105732e+03  1.41e-03 7.52e-09  4.45e-02   192s
   5   7.02632368e+03  7.53856440e+03  9.26e-04 4.98e-08  2.35e-02   217s
   6   7.02525865e+03  7.41950170e+03  7.08e-04 2.58e-08  1.77e-02   240s
   7   7.02573694e+03  7.28076569e+03  5.72e-04 3.61e-08  1.26e-02   265s
   8   7.02847538e+03  7.20432883e+03  4.10e-04 2.14e-08  8.71e-03   289s
   9   7.02792675e+03  7.14297256e+03  3.12e-04 5.25e-08  6.12e-03   312s
  10   7.02687082e+03  7.09859554e+03  2.22e-04 3.12e-08  4.05e-03   335s
  11   7.02752393e+03  7.07187436e+03  1.63e-04 1.69e-07  2.74e-03   358s
  12   7.02791805e+03  7.05450458e+03  1.22e-04 5.82e-08  1.88e-03   382s
  13   7.02887195e+03  7.04263437e+03  9.07e-05 1.48e-08  1.24e-03   406s
  14   7.02849810e+03  7.03768461e+03  6.26e-05 6.22e-08  8.44e-04   429s
  15   7.02796261e+03  7.03194221e+03  3.57e-05 1.79e-08  4.49e-04   454s
  16   7.02777214e+03  7.02996977e+03  2.45e-05 6.33e-08  2.94e-04   477s
  17   7.02764181e+03  7.02855425e+03  1.86e-05 8.01e-08  2.05e-04   500s
  18   7.02719014e+03  7.02782562e+03  8.53e-06 5.17e-08  9.92e-05   523s
  19   7.02696882e+03  7.02716876e+03  2.87e-06 6.57e-08  3.30e-05   548s
  20   7.02695029e+03  7.02703191e+03  1.90e-06 6.66e-08  2.06e-05   570s
  21   7.02692372e+03  7.02696899e+03  6.30e-08 8.17e-08  1.72e-06   596s
  22   7.02693282e+03  7.02693787e+03  2.48e-09 3.84e-08  1.48e-07   621s
  23   7.02693425e+03  7.02693477e+03  4.23e-11 3.12e-08  1.31e-08   645s
  24   7.02693428e+03  7.02693432e+03  1.35e-11 5.31e-08  1.01e-09   669s

Barrier solved model in 24 iterations and 668.61 seconds
Optimal objective 7.02693428e+03

Optimization finished!
