Optimizer called with the following parameters:
{'focal_plane_mask': {'field_stop_radius': -1.0,
                      'grayscale': True,
                      'num_pix': 50,
                      'radius': 3.72},
 'image': {'bandwidth': 0.18,
           'contrast': 10,
           'iwa': 3.5,
           'num_wavelengths': 8,
           'owa': 12.0,
           'resolution': 2},
 'lyot_stop': {'alignment_tolerance': 0,
               'filename': 'LUVOIR/LS_LUVOIR_ID0190_OD0937_no_struts_gy_ovsamp4_N0200.fits',
               'num_lyot_stops': 1},
 'method': {'edge_width_for_prior': 2,
            'ending_scale': 1,
            'force_no_hermitian_symmetry': False,
            'force_no_x_mirror_symmetry': False,
            'force_no_y_mirror_symmetry': False,
            'initial_throughput_estimate': 1,
            'maximize_planet_throughput': True,
            'num_throughput_iterations': 2,
            'starting_scale': 1},
 'pupil': {'N': 200,
           'filename': 'LUVOIR/TelAp_LUVOIR_gap_pad04_bw_ovsamp04_N0200.fits'},
 'solver': {'crossover': 0,
            'method': 2,
            'num_threads': 0}}

File organization:
{'analysis_dir': '/user/kstlaurent/git/progressive_refinement_coronagraphy/surveys/luvoir_N0200_small_local/analysis',
 'drivers_dir': '/user/kstlaurent/git/progressive_refinement_coronagraphy/surveys/luvoir_N0200_small_local/drivers',
 'input_files_dir': '/user/kstlaurent/git/progressive_refinement_coronagraphy/masks',
 'log_dir': '/user/kstlaurent/git/progressive_refinement_coronagraphy/surveys/luvoir_N0200_small_local/logs',
 'solution_dir': '/user/kstlaurent/git/progressive_refinement_coronagraphy/surveys/luvoir_N0200_small_local/solutions',
 'survey_dir': '/user/kstlaurent/git/progressive_refinement_coronagraphy/surveys/luvoir_N0200_small_local'}

Telescope pupil:
   Mirror symmetry in x: yes
   Mirror symmetry in y: no

Lyot stop #0:
   Mirror symmetry in x: yes
Lyot stop #0:
   Mirror symmetry in y: yes

Complete APLC:
   Mirror symmetry in x: yes
   Mirror symmetry in y: no

Starting optimization at scale 1 with 13749 variables and 6592 constraints.
Creating model...
Academic license - for non-commercial use only
Parameter Threads unchanged
   Value: 0  Min: 0  Max: 1024  Default: 0
Changed value of parameter Crossover to 0
   Prev: -1  Min: -1  Max: 5  Default: -1
Changed value of parameter Method to 2
   Prev: -1  Min: -1  Max: 5  Default: -1
Calculating and adding constraints...
Wavelength 1/8; Variable 1000/13749
Wavelength 1/8; Variable 2000/13749
Wavelength 1/8; Variable 3000/13749
Wavelength 1/8; Variable 4000/13749
Wavelength 1/8; Variable 5000/13749
Wavelength 1/8; Variable 6000/13749
Wavelength 1/8; Variable 7000/13749
Wavelength 1/8; Variable 8000/13749
Wavelength 1/8; Variable 9000/13749
Wavelength 1/8; Variable 10000/13749
Wavelength 1/8; Variable 11000/13749
Wavelength 1/8; Variable 12000/13749
Wavelength 1/8; Variable 13000/13749
Wavelength 2/8; Variable 1000/13749
Wavelength 2/8; Variable 2000/13749
Wavelength 2/8; Variable 3000/13749
Wavelength 2/8; Variable 4000/13749
Wavelength 2/8; Variable 5000/13749
Wavelength 2/8; Variable 6000/13749
Wavelength 2/8; Variable 7000/13749
Wavelength 2/8; Variable 8000/13749
Wavelength 2/8; Variable 9000/13749
Wavelength 2/8; Variable 10000/13749
Wavelength 2/8; Variable 11000/13749
Wavelength 2/8; Variable 12000/13749
Wavelength 2/8; Variable 13000/13749
Warning for adding constraints: zero or small (< 1e-13) coefficients, ignored
Wavelength 3/8; Variable 1000/13749
Wavelength 3/8; Variable 2000/13749
Wavelength 3/8; Variable 3000/13749
Wavelength 3/8; Variable 4000/13749
Wavelength 3/8; Variable 5000/13749
Wavelength 3/8; Variable 6000/13749
Wavelength 3/8; Variable 7000/13749
Wavelength 3/8; Variable 8000/13749
Wavelength 3/8; Variable 9000/13749
Wavelength 3/8; Variable 10000/13749
Wavelength 3/8; Variable 11000/13749
Wavelength 3/8; Variable 12000/13749
Wavelength 3/8; Variable 13000/13749
Wavelength 4/8; Variable 1000/13749
Wavelength 4/8; Variable 2000/13749
Wavelength 4/8; Variable 3000/13749
Wavelength 4/8; Variable 4000/13749
Wavelength 4/8; Variable 5000/13749
Wavelength 4/8; Variable 6000/13749
Wavelength 4/8; Variable 7000/13749
Wavelength 4/8; Variable 8000/13749
Wavelength 4/8; Variable 9000/13749
Wavelength 4/8; Variable 10000/13749
Wavelength 4/8; Variable 11000/13749
Wavelength 4/8; Variable 12000/13749
Wavelength 4/8; Variable 13000/13749
Wavelength 5/8; Variable 1000/13749
Wavelength 5/8; Variable 2000/13749
Wavelength 5/8; Variable 3000/13749
Wavelength 5/8; Variable 4000/13749
Wavelength 5/8; Variable 5000/13749
Wavelength 5/8; Variable 6000/13749
Wavelength 5/8; Variable 7000/13749
Wavelength 5/8; Variable 8000/13749
Wavelength 5/8; Variable 9000/13749
Wavelength 5/8; Variable 10000/13749
Wavelength 5/8; Variable 11000/13749
Wavelength 5/8; Variable 12000/13749
Wavelength 5/8; Variable 13000/13749
Wavelength 6/8; Variable 1000/13749
Wavelength 6/8; Variable 2000/13749
Wavelength 6/8; Variable 3000/13749
Wavelength 6/8; Variable 4000/13749
Wavelength 6/8; Variable 5000/13749
Wavelength 6/8; Variable 6000/13749
Wavelength 6/8; Variable 7000/13749
Wavelength 6/8; Variable 8000/13749
Wavelength 6/8; Variable 9000/13749
Wavelength 6/8; Variable 10000/13749
Wavelength 6/8; Variable 11000/13749
Wavelength 6/8; Variable 12000/13749
Wavelength 6/8; Variable 13000/13749
Wavelength 7/8; Variable 1000/13749
Wavelength 7/8; Variable 2000/13749
Wavelength 7/8; Variable 3000/13749
Wavelength 7/8; Variable 4000/13749
Wavelength 7/8; Variable 5000/13749
Wavelength 7/8; Variable 6000/13749
Wavelength 7/8; Variable 7000/13749
Wavelength 7/8; Variable 8000/13749
Wavelength 7/8; Variable 9000/13749
Wavelength 7/8; Variable 10000/13749
Wavelength 7/8; Variable 11000/13749
Wavelength 7/8; Variable 12000/13749
Wavelength 7/8; Variable 13000/13749
Wavelength 8/8; Variable 1000/13749
Wavelength 8/8; Variable 2000/13749
Wavelength 8/8; Variable 3000/13749
Wavelength 8/8; Variable 4000/13749
Wavelength 8/8; Variable 5000/13749
Wavelength 8/8; Variable 6000/13749
Wavelength 8/8; Variable 7000/13749
Wavelength 8/8; Variable 8000/13749
Wavelength 8/8; Variable 9000/13749
Wavelength 8/8; Variable 10000/13749
Wavelength 8/8; Variable 11000/13749
Wavelength 8/8; Variable 12000/13749
Wavelength 8/8; Variable 13000/13749
Start optimization...
Optimize a model with 13184 rows, 13749 columns and 181266812 nonzeros
Coefficient statistics:
  Matrix range     [3e-13, 2e-04]
  Objective range  [5e-02, 1e+00]
  Bounds range     [1e+00, 1e+00]
  RHS range        [1e-05, 1e-05]
Presolve removed 0 rows and 0 columns (presolve time = 11s) ...
Presolve removed 0 rows and 0 columns (presolve time = 17s) ...
Presolve removed 0 rows and 0 columns (presolve time = 28s) ...
Presolve removed 0 rows and 0 columns (presolve time = 49s) ...
Presolve removed 6592 rows and 0 columns (presolve time = 56s) ...
Presolve removed 6592 rows and 0 columns
Presolve time: 56.96s
Presolved: 6592 rows, 20341 columns, 90639992 nonzeros
Ordering time: 0.00s

Barrier statistics:
 AA' NZ     : 2.172e+07
 Factor NZ  : 2.173e+07 (roughly 200 MBytes of memory)
 Factor Ops : 9.551e+10 (roughly 3 seconds per iteration)
 Threads    : 6

                  Objective                Residual
Iter       Primal          Dual         Primal    Dual     Compl     Time
   0   4.53631033e+06  3.00736708e+04  3.16e+01 1.82e-12  8.98e+02    98s
   1   9.27768843e+03  3.00208449e+04  2.82e-02 5.51e-10  1.41e+00   120s
   2   6.72909056e+03  1.28525605e+04  3.35e-03 4.07e-09  2.15e-01   142s
   3   6.98939418e+03  8.93495630e+03  1.90e-03 3.73e-09  7.22e-02   164s
   4   7.00775007e+03  7.74004387e+03  1.09e-03 4.71e-09  2.90e-02   187s
   5   7.03147385e+03  7.48491029e+03  6.69e-04 5.62e-09  1.75e-02   208s
   6   7.04553013e+03  7.32316132e+03  4.18e-04 7.33e-09  1.06e-02   231s
   7   7.04866438e+03  7.25680915e+03  3.44e-04 7.97e-09  8.14e-03   253s
   8   7.05217553e+03  7.19589090e+03  2.83e-04 9.86e-09  5.97e-03   275s
   9   7.05820793e+03  7.16447384e+03  2.18e-04 1.03e-08  4.47e-03   297s
  10   7.06215706e+03  7.13917296e+03  1.72e-04 9.08e-09  3.34e-03   319s
  11   7.06646115e+03  7.12050938e+03  1.34e-04 4.69e-08  2.45e-03   342s
  12   7.07140226e+03  7.10299027e+03  9.38e-05 9.93e-09  1.55e-03   366s
  13   7.07377568e+03  7.09527602e+03  6.09e-05 9.30e-09  1.03e-03   388s
  14   7.07596609e+03  7.08697314e+03  3.76e-05 9.02e-09  5.80e-04   411s
  15   7.07704470e+03  7.08143318e+03  1.71e-05 1.44e-08  2.48e-04   436s
  16   7.07771998e+03  7.08028579e+03  9.21e-06 1.32e-08  1.39e-04   458s
  17   7.07813622e+03  7.07937494e+03  4.46e-06 1.71e-08  6.71e-05   480s
  18   7.07846244e+03  7.07873808e+03  7.27e-07 2.88e-08  1.27e-05   504s
  19   7.07856732e+03  7.07860323e+03  1.60e-08 1.34e-08  1.01e-06   528s
  20   7.07857517e+03  7.07858108e+03  1.48e-09 2.08e-08  1.57e-07   552s
  21   7.07857598e+03  7.07857660e+03  8.68e-11 1.49e-08  1.60e-08   575s
  22   7.07857616e+03  7.07857620e+03  3.71e-12 9.51e-09  1.10e-09   598s

Barrier solved model in 22 iterations and 598.30 seconds
Optimal objective 7.07857616e+03

Optimization finished!
Restarting optimization for throughput iteration 1...
Optimize a model with 13184 rows, 13749 columns and 181266812 nonzeros
Coefficient statistics:
  Matrix range     [3e-13, 2e-04]
  Objective range  [5e-02, 1e+00]
  Bounds range     [1e+00, 1e+00]
  RHS range        [7e-06, 7e-06]
Presolve removed 0 rows and 0 columns (presolve time = 11s) ...
Presolve removed 0 rows and 0 columns (presolve time = 16s) ...
Presolve removed 0 rows and 0 columns (presolve time = 28s) ...
Presolve removed 0 rows and 0 columns (presolve time = 49s) ...
Presolve removed 6592 rows and 0 columns (presolve time = 56s) ...
Presolve removed 6592 rows and 0 columns
Presolve time: 56.69s
Presolved: 6592 rows, 20341 columns, 90639992 nonzeros
Ordering time: 0.00s

Barrier statistics:
 AA' NZ     : 2.172e+07
 Factor NZ  : 2.173e+07 (roughly 200 MBytes of memory)
 Factor Ops : 9.551e+10 (roughly 3 seconds per iteration)
 Threads    : 6

                  Objective                Residual
Iter       Primal          Dual         Primal    Dual     Compl     Time
   0   4.53631033e+06  2.97281853e+04  3.16e+01 1.82e-12  8.98e+02    98s
   1   9.27600002e+03  2.96751858e+04  2.82e-02 3.58e-10  1.40e+00   119s
   2   6.77433180e+03  1.26507903e+04  4.00e-03 1.98e-09  2.23e-01   142s
   3   6.97961310e+03  8.55522395e+03  2.25e-03 4.82e-09  6.95e-02   164s
   4   7.00125413e+03  7.69220755e+03  1.22e-03 8.91e-09  3.17e-02   186s
   5   7.01283192e+03  7.45085475e+03  8.99e-04 1.46e-08  2.13e-02   209s
   6   7.01310685e+03  7.31007397e+03  6.72e-04 1.11e-08  1.50e-02   231s
   7   7.01403621e+03  7.21131253e+03  5.25e-04 1.53e-08  1.12e-02   254s
   8   7.00597024e+03  7.15626736e+03  4.39e-04 1.57e-08  9.01e-03   276s
   9   7.00043610e+03  7.10813683e+03  3.55e-04 2.17e-08  7.08e-03   297s
  10   6.99567110e+03  7.06889840e+03  2.92e-04 1.81e-08  5.60e-03   320s
  11   6.99068763e+03  7.03584225e+03  2.41e-04 2.85e-08  4.44e-03   342s
  12   6.98478617e+03  7.01716671e+03  1.98e-04 2.64e-08  3.66e-03   365s
  13   6.98115370e+03  6.99033417e+03  1.65e-04 3.05e-08  2.81e-03   388s
  14   6.97773832e+03  6.97627467e+03  1.44e-04 3.59e-08  2.35e-03   410s
  15   6.97421954e+03  6.96801604e+03  1.29e-04 4.42e-08  2.08e-03   432s
  16   6.96962118e+03  6.95874980e+03  1.10e-04 4.24e-08  1.75e-03   455s
  17   6.96589309e+03  6.94951855e+03  9.80e-05 8.89e-08  1.50e-03   477s
  18   6.96039809e+03  6.94272376e+03  8.13e-05 1.34e-07  1.24e-03   500s
  19   6.95720880e+03  6.93909190e+03  7.38e-05 1.91e-07  1.12e-03   522s
  20   6.95488219e+03  6.93559395e+03  6.82e-05 1.38e-07  1.02e-03   544s
  21   6.95399657e+03  6.93381704e+03  6.64e-05 1.44e-07  9.88e-04   566s
  22   6.95112939e+03  6.92879603e+03  6.05e-05 2.14e-07  8.85e-04   588s
  23   6.94765767e+03  6.92344149e+03  5.41e-05 2.17e-07  7.80e-04   611s
  24   6.94395501e+03  6.92073261e+03  4.83e-05 9.69e-08  7.07e-04   633s
  25   6.94139840e+03  6.91871930e+03  4.47e-05 1.30e-07  6.59e-04   655s
  26   6.93915688e+03  6.91524669e+03  4.15e-05 3.58e-07  5.94e-04   678s
  27   6.93682382e+03  6.91141830e+03  3.83e-05 3.76e-07  5.31e-04   701s
  28   6.93501617e+03  6.91003609e+03  3.62e-05 2.98e-07  5.00e-04   722s
  29   6.93342417e+03  6.90901930e+03  3.42e-05 2.60e-07  4.71e-04   745s
  30   6.93128598e+03  6.90755316e+03  3.20e-05 3.46e-07  4.40e-04   766s
  31   6.92987239e+03  6.90638265e+03  3.04e-05 5.78e-07  4.11e-04   789s
  32   6.92739903e+03  6.90456990e+03  2.77e-05 1.48e-07  3.68e-04   811s
  33   6.92429181e+03  6.90296327e+03  2.45e-05 1.25e-07  3.19e-04   834s
  34   6.92218754e+03  6.90194780e+03  2.25e-05 1.42e-07  2.88e-04   856s
  35   6.92059184e+03  6.90147063e+03  2.09e-05 1.15e-07  2.67e-04   879s
  36   6.91718529e+03  6.90063826e+03  1.76e-05 2.22e-07  2.24e-04   901s
  37   6.91433856e+03  6.89950671e+03  1.49e-05 2.66e-07  1.78e-04   924s
  38   6.91234159e+03  6.89906205e+03  1.31e-05 2.27e-07  1.56e-04   947s
  39   6.91123384e+03  6.89868305e+03  1.21e-05 1.34e-07  1.43e-04   970s
  40   6.91045384e+03  6.89849019e+03  1.15e-05 1.38e-07  1.34e-04   993s
  41   6.90988726e+03  6.89832028e+03  1.10e-05 1.51e-07  1.28e-04  1015s
  42   6.90824362e+03  6.89799790e+03  9.60e-06 1.86e-07  1.11e-04  1038s
  43   6.90645645e+03  6.89718673e+03  8.06e-06 2.85e-07  8.07e-05  1063s
  44   6.90464853e+03  6.89697129e+03  6.59e-06 3.59e-07  6.59e-05  1086s
  45   6.90328668e+03  6.89674923e+03  5.49e-06 5.68e-07  5.34e-05  1109s
  46   6.90167954e+03  6.89658230e+03  4.23e-06 5.04e-07  4.06e-05  1132s
  47   6.90085423e+03  6.89645604e+03  3.60e-06 4.71e-07  3.36e-05  1155s
  48   6.90008852e+03  6.89637392e+03  3.00e-06 6.11e-07  2.75e-05  1178s
  49   6.89905730e+03  6.89626891e+03  2.20e-06 1.44e-06  1.91e-05  1202s
  50   6.89857571e+03  6.89622412e+03  1.85e-06 7.73e-07  1.59e-05  1225s
  51   6.89805797e+03  6.89617840e+03  1.46e-06 4.78e-07  1.22e-05  1248s
  52   6.89718693e+03  6.89612802e+03  8.15e-07 1.48e-07  6.68e-06  1272s
  53   6.89676617e+03  6.89610399e+03  5.10e-07 2.53e-06  4.24e-06  1297s
  54   6.89636577e+03  6.89608033e+03  2.21e-07 2.16e-06  1.87e-06  1320s
  55   6.89624643e+03  6.89606660e+03  1.34e-07 3.18e-06  9.87e-07  1344s
  56   6.89617053e+03  6.89606437e+03  7.94e-08 2.65e-06  5.90e-07  1367s
  57   6.89607522e+03  6.89606149e+03  1.04e-08 2.59e-07  8.62e-08  1390s
  58   6.89606598e+03  6.89606095e+03  3.85e-09 2.22e-06  3.05e-08  1413s
  59   6.89606059e+03  6.89606075e+03  6.78e-12 1.54e-06  5.75e-10  1438s

Barrier solved model in 59 iterations and 1437.58 seconds
Optimal objective 6.89606059e+03

Optimization finished!
