Optimizer called with the following parameters:
{'focal_plane_mask': {'field_stop_radius': -1.0,
                      'grayscale': True,
                      'num_pix': 50,
                      'radius': 3.72},
 'image': {'bandwidth': 0.16,
           'contrast': 10,
           'iwa': 3.5,
           'num_wavelengths': 8,
           'owa': 12.0,
           'resolution': 2},
 'lyot_stop': {'alignment_tolerance': 0,
               'filename': 'LUVOIR/LS_LUVOIR_ID0190_OD0937_no_struts_gy_ovsamp4_N0200.fits',
               'num_lyot_stops': 1},
 'method': {'edge_width_for_prior': 2,
            'ending_scale': 1,
            'force_no_hermitian_symmetry': False,
            'force_no_x_mirror_symmetry': False,
            'force_no_y_mirror_symmetry': False,
            'initial_throughput_estimate': 1,
            'maximize_planet_throughput': True,
            'num_throughput_iterations': 2,
            'starting_scale': 1},
 'pupil': {'N': 200,
           'filename': 'LUVOIR/TelAp_LUVOIR_gap_pad04_bw_ovsamp04_N0200.fits'},
 'solver': {'crossover': 0,
            'method': 2,
            'num_threads': 0}}

File organization:
{'analysis_dir': '/user/kstlaurent/git/progressive_refinement_coronagraphy/surveys/luvoir_N0200_small_local/analysis',
 'drivers_dir': '/user/kstlaurent/git/progressive_refinement_coronagraphy/surveys/luvoir_N0200_small_local/drivers',
 'input_files_dir': '/user/kstlaurent/git/progressive_refinement_coronagraphy/masks',
 'log_dir': '/user/kstlaurent/git/progressive_refinement_coronagraphy/surveys/luvoir_N0200_small_local/logs',
 'solution_dir': '/user/kstlaurent/git/progressive_refinement_coronagraphy/surveys/luvoir_N0200_small_local/solutions',
 'survey_dir': '/user/kstlaurent/git/progressive_refinement_coronagraphy/surveys/luvoir_N0200_small_local'}

Telescope pupil:
   Mirror symmetry in x: yes
   Mirror symmetry in y: no

Lyot stop #0:
   Mirror symmetry in x: yes
Lyot stop #0:
   Mirror symmetry in y: yes

Complete APLC:
   Mirror symmetry in x: yes
   Mirror symmetry in y: no

Starting optimization at scale 1 with 13749 variables and 6592 constraints.
Creating model...
Academic license - for non-commercial use only
Parameter Threads unchanged
   Value: 0  Min: 0  Max: 1024  Default: 0
Changed value of parameter Crossover to 0
   Prev: -1  Min: -1  Max: 5  Default: -1
Changed value of parameter Method to 2
   Prev: -1  Min: -1  Max: 5  Default: -1
Calculating and adding constraints...
Wavelength 1/8; Variable 1000/13749
Wavelength 1/8; Variable 2000/13749
Wavelength 1/8; Variable 3000/13749
Wavelength 1/8; Variable 4000/13749
Wavelength 1/8; Variable 5000/13749
Wavelength 1/8; Variable 6000/13749
Wavelength 1/8; Variable 7000/13749
Wavelength 1/8; Variable 8000/13749
Wavelength 1/8; Variable 9000/13749
Wavelength 1/8; Variable 10000/13749
Wavelength 1/8; Variable 11000/13749
Wavelength 1/8; Variable 12000/13749
Wavelength 1/8; Variable 13000/13749
Wavelength 2/8; Variable 1000/13749
Wavelength 2/8; Variable 2000/13749
Wavelength 2/8; Variable 3000/13749
Wavelength 2/8; Variable 4000/13749
Wavelength 2/8; Variable 5000/13749
Wavelength 2/8; Variable 6000/13749
Wavelength 2/8; Variable 7000/13749
Wavelength 2/8; Variable 8000/13749
Wavelength 2/8; Variable 9000/13749
Wavelength 2/8; Variable 10000/13749
Wavelength 2/8; Variable 11000/13749
Wavelength 2/8; Variable 12000/13749
Wavelength 2/8; Variable 13000/13749
Wavelength 3/8; Variable 1000/13749
Wavelength 3/8; Variable 2000/13749
Wavelength 3/8; Variable 3000/13749
Wavelength 3/8; Variable 4000/13749
Wavelength 3/8; Variable 5000/13749
Wavelength 3/8; Variable 6000/13749
Wavelength 3/8; Variable 7000/13749
Wavelength 3/8; Variable 8000/13749
Wavelength 3/8; Variable 9000/13749
Wavelength 3/8; Variable 10000/13749
Wavelength 3/8; Variable 11000/13749
Wavelength 3/8; Variable 12000/13749
Wavelength 3/8; Variable 13000/13749
Wavelength 4/8; Variable 1000/13749
Wavelength 4/8; Variable 2000/13749
Wavelength 4/8; Variable 3000/13749
Wavelength 4/8; Variable 4000/13749
Wavelength 4/8; Variable 5000/13749
Wavelength 4/8; Variable 6000/13749
Wavelength 4/8; Variable 7000/13749
Wavelength 4/8; Variable 8000/13749
Wavelength 4/8; Variable 9000/13749
Wavelength 4/8; Variable 10000/13749
Wavelength 4/8; Variable 11000/13749
Wavelength 4/8; Variable 12000/13749
Wavelength 4/8; Variable 13000/13749
Wavelength 5/8; Variable 1000/13749
Wavelength 5/8; Variable 2000/13749
Wavelength 5/8; Variable 3000/13749
Wavelength 5/8; Variable 4000/13749
Wavelength 5/8; Variable 5000/13749
Wavelength 5/8; Variable 6000/13749
Wavelength 5/8; Variable 7000/13749
Wavelength 5/8; Variable 8000/13749
Wavelength 5/8; Variable 9000/13749
Wavelength 5/8; Variable 10000/13749
Wavelength 5/8; Variable 11000/13749
Wavelength 5/8; Variable 12000/13749
Wavelength 5/8; Variable 13000/13749
Wavelength 6/8; Variable 1000/13749
Wavelength 6/8; Variable 2000/13749
Wavelength 6/8; Variable 3000/13749
Wavelength 6/8; Variable 4000/13749
Wavelength 6/8; Variable 5000/13749
Wavelength 6/8; Variable 6000/13749
Wavelength 6/8; Variable 7000/13749
Wavelength 6/8; Variable 8000/13749
Wavelength 6/8; Variable 9000/13749
Wavelength 6/8; Variable 10000/13749
Wavelength 6/8; Variable 11000/13749
Wavelength 6/8; Variable 12000/13749
Wavelength 6/8; Variable 13000/13749
Wavelength 7/8; Variable 1000/13749
Wavelength 7/8; Variable 2000/13749
Wavelength 7/8; Variable 3000/13749
Wavelength 7/8; Variable 4000/13749
Wavelength 7/8; Variable 5000/13749
Wavelength 7/8; Variable 6000/13749
Wavelength 7/8; Variable 7000/13749
Wavelength 7/8; Variable 8000/13749
Wavelength 7/8; Variable 9000/13749
Wavelength 7/8; Variable 10000/13749
Wavelength 7/8; Variable 11000/13749
Wavelength 7/8; Variable 12000/13749
Wavelength 7/8; Variable 13000/13749
Wavelength 8/8; Variable 1000/13749
Wavelength 8/8; Variable 2000/13749
Wavelength 8/8; Variable 3000/13749
Wavelength 8/8; Variable 4000/13749
Wavelength 8/8; Variable 5000/13749
Wavelength 8/8; Variable 6000/13749
Wavelength 8/8; Variable 7000/13749
Wavelength 8/8; Variable 8000/13749
Wavelength 8/8; Variable 9000/13749
Wavelength 8/8; Variable 10000/13749
Wavelength 8/8; Variable 11000/13749
Wavelength 8/8; Variable 12000/13749
Wavelength 8/8; Variable 13000/13749
Start optimization...
Optimize a model with 13184 rows, 13749 columns and 181266816 nonzeros
Coefficient statistics:
  Matrix range     [3e-13, 2e-04]
  Objective range  [5e-02, 1e+00]
  Bounds range     [1e+00, 1e+00]
  RHS range        [1e-05, 1e-05]
Presolve removed 0 rows and 0 columns (presolve time = 11s) ...
Presolve removed 0 rows and 0 columns (presolve time = 17s) ...
Presolve removed 0 rows and 0 columns (presolve time = 28s) ...
Presolve removed 0 rows and 0 columns (presolve time = 49s) ...
Presolve removed 6592 rows and 0 columns (presolve time = 56s) ...
Presolve removed 6592 rows and 0 columns
Presolve time: 57.16s
Presolved: 6592 rows, 20341 columns, 90639996 nonzeros
Ordering time: 0.00s

Barrier statistics:
 AA' NZ     : 2.172e+07
 Factor NZ  : 2.173e+07 (roughly 200 MBytes of memory)
 Factor Ops : 9.551e+10 (roughly 3 seconds per iteration)
 Threads    : 6

                  Objective                Residual
Iter       Primal          Dual         Primal    Dual     Compl     Time
   0   4.53698769e+06  2.98525258e+04  3.15e+01 1.82e-12  8.91e+02    98s
   1   9.38569913e+03  2.98003784e+04  2.87e-02 3.73e-10  1.41e+00   120s
   2   6.65134380e+03  1.31016894e+04  2.84e-03 3.31e-09  2.14e-01   142s
   3   6.93847747e+03  8.78293990e+03  1.64e-03 4.53e-09  6.54e-02   164s
   4   7.00077424e+03  7.79262544e+03  7.93e-04 5.36e-09  2.73e-02   186s
   5   7.05753887e+03  7.48678871e+03  4.39e-04 6.51e-09  1.45e-02   209s
   6   7.08847001e+03  7.31058646e+03  2.78e-04 1.07e-08  7.86e-03   232s
   7   7.10065730e+03  7.26867499e+03  2.07e-04 1.15e-08  5.89e-03   253s
   8   7.11121942e+03  7.22399132e+03  1.69e-04 9.50e-08  4.19e-03   276s
   9   7.12053906e+03  7.19806079e+03  1.30e-04 1.07e-07  2.99e-03   298s
  10   7.12925052e+03  7.18475622e+03  9.31e-05 2.61e-08  2.14e-03   321s
  11   7.13614519e+03  7.16981333e+03  6.49e-05 7.50e-08  1.37e-03   344s
  12   7.14192485e+03  7.15930758e+03  4.27e-05 2.00e-08  7.81e-04   368s
  13   7.14515523e+03  7.15344612e+03  2.46e-05 2.37e-07  4.07e-04   391s
  14   7.14686733e+03  7.15135516e+03  1.73e-05 2.76e-07  2.53e-04   414s
  15   7.14797334e+03  7.15066040e+03  1.16e-05 2.77e-08  1.62e-04   436s
  16   7.14881970e+03  7.15026010e+03  6.66e-06 1.30e-08  9.05e-05   459s
  17   7.14943391e+03  7.15000524e+03  2.70e-06 1.19e-07  3.63e-05   482s
  18   7.14976263e+03  7.14983649e+03  2.15e-07 2.90e-08  3.59e-06   507s
  19   7.14980966e+03  7.14981759e+03  1.55e-08 1.79e-08  3.23e-07   532s
  20   7.14981240e+03  7.14981616e+03  7.52e-09 1.05e-08  1.55e-07   554s
  21   7.14981440e+03  7.14981557e+03  1.66e-09 1.19e-08  4.26e-08   576s
  22   7.14981496e+03  7.14981505e+03  1.02e-10 1.12e-08  3.02e-09   601s
  23   7.14981502e+03  7.14981502e+03  9.33e-12 1.29e-07  1.21e-10   625s

Barrier solved model in 23 iterations and 624.54 seconds
Optimal objective 7.14981502e+03

Optimization finished!
Restarting optimization for throughput iteration 1...
Optimize a model with 13184 rows, 13749 columns and 181266816 nonzeros
Coefficient statistics:
  Matrix range     [3e-13, 2e-04]
  Objective range  [5e-02, 1e+00]
  Bounds range     [1e+00, 1e+00]
  RHS range        [7e-06, 7e-06]
Presolve removed 0 rows and 0 columns (presolve time = 11s) ...
Presolve removed 0 rows and 0 columns (presolve time = 16s) ...
Presolve removed 0 rows and 0 columns (presolve time = 28s) ...
Presolve removed 0 rows and 0 columns (presolve time = 49s) ...
Presolve removed 6592 rows and 0 columns (presolve time = 56s) ...
Presolve removed 6592 rows and 0 columns
Presolve time: 56.76s
Presolved: 6592 rows, 20341 columns, 90639996 nonzeros
Ordering time: 0.00s

Barrier statistics:
 AA' NZ     : 2.172e+07
 Factor NZ  : 2.173e+07 (roughly 200 MBytes of memory)
 Factor Ops : 9.551e+10 (roughly 3 seconds per iteration)
 Threads    : 6

                  Objective                Residual
Iter       Primal          Dual         Primal    Dual     Compl     Time
   0   4.53698769e+06  2.95184082e+04  3.15e+01 1.82e-12  8.91e+02    98s
   1   9.38730033e+03  2.94660937e+04  2.87e-02 4.04e-10  1.41e+00   120s
   2   6.67148996e+03  1.28887529e+04  3.11e-03 2.01e-09  2.15e-01   142s
   3   6.87133875e+03  8.65577780e+03  2.01e-03 3.14e-09  7.05e-02   166s
   4   6.93394357e+03  7.68759410e+03  1.04e-03 6.07e-09  2.97e-02   189s
   5   7.00431147e+03  7.40527787e+03  5.84e-04 7.33e-09  1.57e-02   213s
   6   7.02785943e+03  7.28765924e+03  3.95e-04 8.54e-09  1.02e-02   236s
   7   7.03726976e+03  7.21906146e+03  2.99e-04 1.02e-08  7.31e-03   258s
   8   7.04797989e+03  7.17217293e+03  2.26e-04 1.74e-08  5.16e-03   280s
   9   7.05412394e+03  7.14486380e+03  1.81e-04 1.27e-08  3.90e-03   303s
  10   7.05961649e+03  7.12345578e+03  1.43e-04 1.27e-08  2.88e-03   325s
  11   7.06344208e+03  7.10847737e+03  1.16e-04 1.26e-08  2.16e-03   347s
  12   7.06615855e+03  7.10138248e+03  9.94e-05 1.30e-08  1.77e-03   369s
  13   7.07022074e+03  7.09359192e+03  7.63e-05 1.11e-08  1.26e-03   392s
  14   7.07338993e+03  7.08606425e+03  5.55e-05 1.09e-08  8.10e-04   415s
  15   7.07544823e+03  7.08197481e+03  3.38e-05 1.08e-08  4.63e-04   438s
  16   7.07621226e+03  7.07906356e+03  1.85e-05 1.37e-08  2.36e-04   462s
  17   7.07638278e+03  7.07736862e+03  5.32e-06 1.90e-08  7.17e-05   485s
  18   7.07660092e+03  7.07686811e+03  1.53e-06 1.60e-08  2.03e-05   509s
  19   7.07671892e+03  7.07676753e+03  1.06e-07 1.96e-08  2.14e-06   534s
  20   7.07673647e+03  7.07675099e+03  2.73e-08 1.16e-08  6.01e-07   557s
  21   7.07674101e+03  7.07674681e+03  9.40e-09 1.20e-08  2.26e-07   579s
  22   7.07674290e+03  7.07674427e+03  2.03e-09 1.56e-08  5.18e-08   602s
  23   7.07674367e+03  7.07674370e+03  3.41e-11 1.31e-08  1.29e-09   626s

Barrier solved model in 23 iterations and 625.71 seconds
Optimal objective 7.07674367e+03

Optimization finished!
