Optimizer called with the following parameters:
{'focal_plane_mask': {'field_stop_radius': -1.0,
                      'grayscale': True,
                      'num_pix': 50,
                      'radius': 3.82},
 'image': {'bandwidth': 0.18,
           'contrast': 10,
           'iwa': 3,
           'num_wavelengths': 8,
           'owa': 12.0,
           'resolution': 2},
 'lyot_stop': {'alignment_tolerance': 0,
               'filename': 'LUVOIR/LS_LUVOIR_ID0190_OD0937_no_struts_gy_ovsamp4_N0200.fits',
               'num_lyot_stops': 1},
 'method': {'edge_width_for_prior': 2,
            'ending_scale': 1,
            'force_no_hermitian_symmetry': False,
            'force_no_x_mirror_symmetry': False,
            'force_no_y_mirror_symmetry': False,
            'initial_throughput_estimate': 1,
            'maximize_planet_throughput': True,
            'num_throughput_iterations': 2,
            'starting_scale': 1},
 'pupil': {'N': 200,
           'filename': 'LUVOIR/TelAp_LUVOIR_gap_pad04_bw_ovsamp04_N0200.fits'},
 'solver': {'crossover': 0,
            'method': 2,
            'num_threads': 0}}

File organization:
{'analysis_dir': '/user/kstlaurent/git/progressive_refinement_coronagraphy/surveys/luvoir_N0200_small_local/analysis',
 'drivers_dir': '/user/kstlaurent/git/progressive_refinement_coronagraphy/surveys/luvoir_N0200_small_local/drivers',
 'input_files_dir': '/user/kstlaurent/git/progressive_refinement_coronagraphy/masks',
 'log_dir': '/user/kstlaurent/git/progressive_refinement_coronagraphy/surveys/luvoir_N0200_small_local/logs',
 'solution_dir': '/user/kstlaurent/git/progressive_refinement_coronagraphy/surveys/luvoir_N0200_small_local/solutions',
 'survey_dir': '/user/kstlaurent/git/progressive_refinement_coronagraphy/surveys/luvoir_N0200_small_local'}

Telescope pupil:
   Mirror symmetry in x: yes
   Mirror symmetry in y: no

Lyot stop #0:
   Mirror symmetry in x: yes
Lyot stop #0:
   Mirror symmetry in y: yes

Complete APLC:
   Mirror symmetry in x: yes
   Mirror symmetry in y: no

Starting optimization at scale 1 with 13749 variables and 6768 constraints.
Creating model...
Academic license - for non-commercial use only
Parameter Threads unchanged
   Value: 0  Min: 0  Max: 1024  Default: 0
Changed value of parameter Crossover to 0
   Prev: -1  Min: -1  Max: 5  Default: -1
Changed value of parameter Method to 2
   Prev: -1  Min: -1  Max: 5  Default: -1
Calculating and adding constraints...
Wavelength 1/8; Variable 1000/13749
Wavelength 1/8; Variable 2000/13749
Wavelength 1/8; Variable 3000/13749
Wavelength 1/8; Variable 4000/13749
Wavelength 1/8; Variable 5000/13749
Wavelength 1/8; Variable 6000/13749
Wavelength 1/8; Variable 7000/13749
Wavelength 1/8; Variable 8000/13749
Wavelength 1/8; Variable 9000/13749
Wavelength 1/8; Variable 10000/13749
Wavelength 1/8; Variable 11000/13749
Wavelength 1/8; Variable 12000/13749
Wavelength 1/8; Variable 13000/13749
Wavelength 2/8; Variable 1000/13749
Wavelength 2/8; Variable 2000/13749
Wavelength 2/8; Variable 3000/13749
Wavelength 2/8; Variable 4000/13749
Wavelength 2/8; Variable 5000/13749
Wavelength 2/8; Variable 6000/13749
Wavelength 2/8; Variable 7000/13749
Wavelength 2/8; Variable 8000/13749
Wavelength 2/8; Variable 9000/13749
Wavelength 2/8; Variable 10000/13749
Wavelength 2/8; Variable 11000/13749
Wavelength 2/8; Variable 12000/13749
Wavelength 2/8; Variable 13000/13749
Wavelength 3/8; Variable 1000/13749
Wavelength 3/8; Variable 2000/13749
Wavelength 3/8; Variable 3000/13749
Wavelength 3/8; Variable 4000/13749
Wavelength 3/8; Variable 5000/13749
Wavelength 3/8; Variable 6000/13749
Wavelength 3/8; Variable 7000/13749
Wavelength 3/8; Variable 8000/13749
Wavelength 3/8; Variable 9000/13749
Wavelength 3/8; Variable 10000/13749
Wavelength 3/8; Variable 11000/13749
Wavelength 3/8; Variable 12000/13749
Wavelength 3/8; Variable 13000/13749
Wavelength 4/8; Variable 1000/13749
Wavelength 4/8; Variable 2000/13749
Wavelength 4/8; Variable 3000/13749
Wavelength 4/8; Variable 4000/13749
Wavelength 4/8; Variable 5000/13749
Wavelength 4/8; Variable 6000/13749
Wavelength 4/8; Variable 7000/13749
Wavelength 4/8; Variable 8000/13749
Wavelength 4/8; Variable 9000/13749
Wavelength 4/8; Variable 10000/13749
Wavelength 4/8; Variable 11000/13749
Wavelength 4/8; Variable 12000/13749
Wavelength 4/8; Variable 13000/13749
Wavelength 5/8; Variable 1000/13749
Wavelength 5/8; Variable 2000/13749
Wavelength 5/8; Variable 3000/13749
Wavelength 5/8; Variable 4000/13749
Wavelength 5/8; Variable 5000/13749
Wavelength 5/8; Variable 6000/13749
Wavelength 5/8; Variable 7000/13749
Wavelength 5/8; Variable 8000/13749
Wavelength 5/8; Variable 9000/13749
Wavelength 5/8; Variable 10000/13749
Wavelength 5/8; Variable 11000/13749
Wavelength 5/8; Variable 12000/13749
Wavelength 5/8; Variable 13000/13749
Wavelength 6/8; Variable 1000/13749
Wavelength 6/8; Variable 2000/13749
Wavelength 6/8; Variable 3000/13749
Wavelength 6/8; Variable 4000/13749
Wavelength 6/8; Variable 5000/13749
Wavelength 6/8; Variable 6000/13749
Wavelength 6/8; Variable 7000/13749
Wavelength 6/8; Variable 8000/13749
Wavelength 6/8; Variable 9000/13749
Wavelength 6/8; Variable 10000/13749
Wavelength 6/8; Variable 11000/13749
Wavelength 6/8; Variable 12000/13749
Wavelength 6/8; Variable 13000/13749
Wavelength 7/8; Variable 1000/13749
Wavelength 7/8; Variable 2000/13749
Wavelength 7/8; Variable 3000/13749
Wavelength 7/8; Variable 4000/13749
Wavelength 7/8; Variable 5000/13749
Wavelength 7/8; Variable 6000/13749
Wavelength 7/8; Variable 7000/13749
Wavelength 7/8; Variable 8000/13749
Wavelength 7/8; Variable 9000/13749
Wavelength 7/8; Variable 10000/13749
Wavelength 7/8; Variable 11000/13749
Wavelength 7/8; Variable 12000/13749
Wavelength 7/8; Variable 13000/13749
Wavelength 8/8; Variable 1000/13749
Wavelength 8/8; Variable 2000/13749
Wavelength 8/8; Variable 3000/13749
Wavelength 8/8; Variable 4000/13749
Wavelength 8/8; Variable 5000/13749
Wavelength 8/8; Variable 6000/13749
Wavelength 8/8; Variable 7000/13749
Wavelength 8/8; Variable 8000/13749
Wavelength 8/8; Variable 9000/13749
Wavelength 8/8; Variable 10000/13749
Wavelength 8/8; Variable 11000/13749
Wavelength 8/8; Variable 12000/13749
Wavelength 8/8; Variable 13000/13749
Start optimization...
Optimize a model with 13536 rows, 13749 columns and 186106464 nonzeros
Coefficient statistics:
  Matrix range     [3e-13, 2e-04]
  Objective range  [5e-02, 1e+00]
  Bounds range     [1e+00, 1e+00]
  RHS range        [1e-05, 1e-05]
Presolve removed 0 rows and 0 columns (presolve time = 11s) ...
Presolve removed 0 rows and 0 columns (presolve time = 17s) ...
Presolve removed 0 rows and 0 columns (presolve time = 29s) ...
Presolve removed 0 rows and 0 columns (presolve time = 50s) ...
Presolve removed 6768 rows and 0 columns (presolve time = 57s) ...
Presolve removed 6768 rows and 0 columns
Presolve time: 58.70s
Presolved: 6768 rows, 20517 columns, 93059996 nonzeros
Ordering time: 0.00s

Barrier statistics:
 AA' NZ     : 2.290e+07
 Factor NZ  : 2.291e+07 (roughly 200 MBytes of memory)
 Factor Ops : 1.034e+11 (roughly 3 seconds per iteration)
 Threads    : 6

                  Objective                Residual
Iter       Primal          Dual         Primal    Dual     Compl     Time
   0   4.53650630e+06  3.05814840e+04  2.96e+01 1.82e-12  9.09e+02   101s
   1   9.45889604e+03  3.05273349e+04  2.77e-02 3.15e-10  1.47e+00   124s
   2   6.88977116e+03  1.63429041e+04  5.45e-03 1.46e-09  3.61e-01   148s
   3   6.90788640e+03  1.04899110e+04  3.69e-03 2.56e-09  1.48e-01   170s
   4   6.94061738e+03  9.18859361e+03  1.93e-03 3.95e-09  8.21e-02   194s
   5   6.94303309e+03  8.45359978e+03  1.36e-03 4.51e-09  5.38e-02   217s
   6   6.90930061e+03  7.57678585e+03  4.56e-04 8.49e-09  2.11e-02   241s
   7   6.93557286e+03  7.17426344e+03  2.03e-04 6.46e-09  7.69e-03   265s
   8   6.95654971e+03  7.10623939e+03  1.29e-04 1.07e-08  4.81e-03   288s
   9   6.97359837e+03  7.06808641e+03  7.51e-05 7.29e-09  2.97e-03   312s
  10   6.98212251e+03  7.04565099e+03  4.99e-05 9.91e-09  1.99e-03   335s
  11   6.99063817e+03  7.02524664e+03  2.87e-05 1.17e-08  1.09e-03   360s
  12   6.99442124e+03  7.01705263e+03  2.06e-05 9.73e-09  7.31e-04   383s
  13   6.99887590e+03  7.00753044e+03  9.20e-06 1.07e-08  2.91e-04   409s
  14   7.00155886e+03  7.00471044e+03  3.46e-06 1.29e-08  1.07e-04   433s
  15   7.00269492e+03  7.00393829e+03  1.41e-06 1.45e-08  4.25e-05   457s
  16   7.00350887e+03  7.00360129e+03  3.65e-08 1.08e-08  2.57e-06   482s
  17   7.00354468e+03  7.00357443e+03  1.16e-08 1.04e-08  8.26e-07   506s
  18   7.00356142e+03  7.00356408e+03  3.25e-10 1.32e-08  6.75e-08   531s
  19   7.00356236e+03  7.00356269e+03  2.88e-11 1.31e-08  8.25e-09   556s
  20   7.00356246e+03  7.00356248e+03  3.29e-12 1.12e-08  4.53e-10   579s

Barrier solved model in 20 iterations and 579.38 seconds
Optimal objective 7.00356246e+03

Optimization finished!
Restarting optimization for throughput iteration 1...
Optimize a model with 13536 rows, 13749 columns and 186106464 nonzeros
Coefficient statistics:
  Matrix range     [3e-13, 2e-04]
  Objective range  [5e-02, 1e+00]
  Bounds range     [1e+00, 1e+00]
  RHS range        [7e-06, 7e-06]
Presolve removed 0 rows and 0 columns (presolve time = 11s) ...
Presolve removed 0 rows and 0 columns (presolve time = 17s) ...
Presolve removed 0 rows and 0 columns (presolve time = 29s) ...
Presolve removed 0 rows and 0 columns (presolve time = 50s) ...
Presolve removed 6768 rows and 0 columns (presolve time = 57s) ...
Presolve removed 6768 rows and 0 columns
Presolve time: 58.43s
Presolved: 6768 rows, 20517 columns, 93059996 nonzeros
Ordering time: 0.00s

Barrier statistics:
 AA' NZ     : 2.290e+07
 Factor NZ  : 2.291e+07 (roughly 200 MBytes of memory)
 Factor Ops : 1.034e+11 (roughly 3 seconds per iteration)
 Threads    : 6

                  Objective                Residual
Iter       Primal          Dual         Primal    Dual     Compl     Time
   0   4.53650630e+06  3.02132830e+04  2.96e+01 1.82e-12  9.09e+02   101s
   1   9.55317691e+03  3.01589456e+04  2.83e-02 4.09e-10  1.48e+00   124s
   2   6.87302466e+03  1.62022816e+04  5.43e-03 1.54e-09  3.60e-01   147s
   3   6.97650708e+03  9.60238156e+03  3.14e-03 3.66e-09  1.17e-01   171s
   4   6.95591966e+03  8.12928049e+03  1.83e-03 4.77e-09  5.41e-02   194s
   5   6.94293094e+03  7.56577332e+03  1.11e-03 8.57e-09  2.88e-02   218s
   6   6.92320530e+03  7.29955547e+03  5.69e-04 9.00e-09  1.55e-02   242s
   7   6.92741109e+03  7.13746782e+03  4.56e-04 9.77e-09  9.85e-03   266s
   8   6.92534864e+03  7.07619746e+03  3.53e-04 8.39e-09  7.24e-03   289s
   9   6.92443112e+03  7.03631855e+03  2.72e-04 1.01e-08  5.42e-03   313s
  10   6.92336475e+03  7.00482951e+03  2.01e-04 1.46e-08  3.95e-03   336s
  11   6.92462345e+03  6.97850232e+03  1.58e-04 9.98e-09  2.83e-03   359s
  12   6.92494047e+03  6.96918982e+03  1.14e-04 1.04e-08  2.18e-03   382s
  13   6.92571012e+03  6.95395225e+03  8.79e-05 1.15e-08  1.53e-03   406s
  14   6.92619431e+03  6.94269044e+03  6.81e-05 8.09e-09  1.05e-03   430s
  15   6.92591287e+03  6.93832579e+03  5.20e-05 9.34e-09  7.95e-04   453s
  16   6.92584310e+03  6.93418304e+03  4.16e-05 1.04e-08  5.97e-04   476s
  17   6.92556979e+03  6.92884130e+03  2.31e-05 1.35e-08  2.98e-04   502s
  18   6.92511697e+03  6.92673610e+03  1.18e-05 9.24e-09  1.51e-04   526s
  19   6.92504014e+03  6.92575581e+03  7.48e-06 1.56e-08  8.84e-05   550s
  20   6.92493070e+03  6.92515217e+03  2.71e-06 1.47e-08  3.12e-05   574s
  21   6.92493181e+03  6.92502107e+03  1.25e-06 1.78e-08  1.40e-05   599s
  22   6.92492472e+03  6.92495081e+03  7.12e-08 2.53e-08  1.31e-06   624s
  23   6.92493647e+03  6.92493923e+03  1.86e-09 1.32e-08  8.48e-08   653s
  24   6.92493778e+03  6.92493811e+03  2.12e-10 1.30e-08  1.02e-08   678s
  25   6.92493796e+03  6.92493797e+03  2.75e-11 1.47e-08  1.33e-09   702s

Barrier solved model in 25 iterations and 702.42 seconds
Optimal objective 6.92493796e+03

Optimization finished!
