Optimizer called with the following parameters:
{'focal_plane_mask': {'field_stop_radius': -1.0,
                      'grayscale': True,
                      'num_pix': 50,
                      'radius': 3.82},
 'image': {'bandwidth': 0.18,
           'contrast': 10,
           'iwa': 3.25,
           'num_wavelengths': 8,
           'owa': 12.0,
           'resolution': 2},
 'lyot_stop': {'alignment_tolerance': 0,
               'filename': 'LUVOIR/LS_LUVOIR_ID0190_OD0937_no_struts_gy_ovsamp4_N0200.fits',
               'num_lyot_stops': 1},
 'method': {'edge_width_for_prior': 2,
            'ending_scale': 1,
            'force_no_hermitian_symmetry': False,
            'force_no_x_mirror_symmetry': False,
            'force_no_y_mirror_symmetry': False,
            'initial_throughput_estimate': 1,
            'maximize_planet_throughput': True,
            'num_throughput_iterations': 2,
            'starting_scale': 1},
 'pupil': {'N': 200,
           'filename': 'LUVOIR/TelAp_LUVOIR_gap_pad04_bw_ovsamp04_N0200.fits'},
 'solver': {'crossover': 0,
            'method': 2,
            'num_threads': 0}}

File organization:
{'analysis_dir': '/user/kstlaurent/git/progressive_refinement_coronagraphy/surveys/luvoir_N0200_small_local/analysis',
 'drivers_dir': '/user/kstlaurent/git/progressive_refinement_coronagraphy/surveys/luvoir_N0200_small_local/drivers',
 'input_files_dir': '/user/kstlaurent/git/progressive_refinement_coronagraphy/masks',
 'log_dir': '/user/kstlaurent/git/progressive_refinement_coronagraphy/surveys/luvoir_N0200_small_local/logs',
 'solution_dir': '/user/kstlaurent/git/progressive_refinement_coronagraphy/surveys/luvoir_N0200_small_local/solutions',
 'survey_dir': '/user/kstlaurent/git/progressive_refinement_coronagraphy/surveys/luvoir_N0200_small_local'}

Telescope pupil:
   Mirror symmetry in x: yes
   Mirror symmetry in y: no

Lyot stop #0:
   Mirror symmetry in x: yes
Lyot stop #0:
   Mirror symmetry in y: yes

Complete APLC:
   Mirror symmetry in x: yes
   Mirror symmetry in y: no

Starting optimization at scale 1 with 13749 variables and 6720 constraints.
Creating model...
Academic license - for non-commercial use only
Parameter Threads unchanged
   Value: 0  Min: 0  Max: 1024  Default: 0
Changed value of parameter Crossover to 0
   Prev: -1  Min: -1  Max: 5  Default: -1
Changed value of parameter Method to 2
   Prev: -1  Min: -1  Max: 5  Default: -1
Calculating and adding constraints...
Wavelength 1/8; Variable 1000/13749
Wavelength 1/8; Variable 2000/13749
Wavelength 1/8; Variable 3000/13749
Wavelength 1/8; Variable 4000/13749
Wavelength 1/8; Variable 5000/13749
Wavelength 1/8; Variable 6000/13749
Wavelength 1/8; Variable 7000/13749
Wavelength 1/8; Variable 8000/13749
Wavelength 1/8; Variable 9000/13749
Wavelength 1/8; Variable 10000/13749
Wavelength 1/8; Variable 11000/13749
Wavelength 1/8; Variable 12000/13749
Wavelength 1/8; Variable 13000/13749
Wavelength 2/8; Variable 1000/13749
Wavelength 2/8; Variable 2000/13749
Wavelength 2/8; Variable 3000/13749
Wavelength 2/8; Variable 4000/13749
Wavelength 2/8; Variable 5000/13749
Wavelength 2/8; Variable 6000/13749
Wavelength 2/8; Variable 7000/13749
Wavelength 2/8; Variable 8000/13749
Wavelength 2/8; Variable 9000/13749
Wavelength 2/8; Variable 10000/13749
Wavelength 2/8; Variable 11000/13749
Wavelength 2/8; Variable 12000/13749
Wavelength 2/8; Variable 13000/13749
Wavelength 3/8; Variable 1000/13749
Wavelength 3/8; Variable 2000/13749
Wavelength 3/8; Variable 3000/13749
Wavelength 3/8; Variable 4000/13749
Wavelength 3/8; Variable 5000/13749
Wavelength 3/8; Variable 6000/13749
Wavelength 3/8; Variable 7000/13749
Wavelength 3/8; Variable 8000/13749
Wavelength 3/8; Variable 9000/13749
Wavelength 3/8; Variable 10000/13749
Wavelength 3/8; Variable 11000/13749
Wavelength 3/8; Variable 12000/13749
Wavelength 3/8; Variable 13000/13749
Wavelength 4/8; Variable 1000/13749
Wavelength 4/8; Variable 2000/13749
Wavelength 4/8; Variable 3000/13749
Wavelength 4/8; Variable 4000/13749
Wavelength 4/8; Variable 5000/13749
Wavelength 4/8; Variable 6000/13749
Wavelength 4/8; Variable 7000/13749
Wavelength 4/8; Variable 8000/13749
Wavelength 4/8; Variable 9000/13749
Wavelength 4/8; Variable 10000/13749
Wavelength 4/8; Variable 11000/13749
Wavelength 4/8; Variable 12000/13749
Wavelength 4/8; Variable 13000/13749
Wavelength 5/8; Variable 1000/13749
Wavelength 5/8; Variable 2000/13749
Wavelength 5/8; Variable 3000/13749
Wavelength 5/8; Variable 4000/13749
Wavelength 5/8; Variable 5000/13749
Wavelength 5/8; Variable 6000/13749
Wavelength 5/8; Variable 7000/13749
Wavelength 5/8; Variable 8000/13749
Wavelength 5/8; Variable 9000/13749
Wavelength 5/8; Variable 10000/13749
Wavelength 5/8; Variable 11000/13749
Wavelength 5/8; Variable 12000/13749
Wavelength 5/8; Variable 13000/13749
Wavelength 6/8; Variable 1000/13749
Wavelength 6/8; Variable 2000/13749
Wavelength 6/8; Variable 3000/13749
Wavelength 6/8; Variable 4000/13749
Wavelength 6/8; Variable 5000/13749
Wavelength 6/8; Variable 6000/13749
Wavelength 6/8; Variable 7000/13749
Wavelength 6/8; Variable 8000/13749
Wavelength 6/8; Variable 9000/13749
Wavelength 6/8; Variable 10000/13749
Wavelength 6/8; Variable 11000/13749
Wavelength 6/8; Variable 12000/13749
Wavelength 6/8; Variable 13000/13749
Wavelength 7/8; Variable 1000/13749
Wavelength 7/8; Variable 2000/13749
Wavelength 7/8; Variable 3000/13749
Wavelength 7/8; Variable 4000/13749
Wavelength 7/8; Variable 5000/13749
Wavelength 7/8; Variable 6000/13749
Wavelength 7/8; Variable 7000/13749
Wavelength 7/8; Variable 8000/13749
Wavelength 7/8; Variable 9000/13749
Wavelength 7/8; Variable 10000/13749
Wavelength 7/8; Variable 11000/13749
Wavelength 7/8; Variable 12000/13749
Wavelength 7/8; Variable 13000/13749
Wavelength 8/8; Variable 1000/13749
Wavelength 8/8; Variable 2000/13749
Wavelength 8/8; Variable 3000/13749
Wavelength 8/8; Variable 4000/13749
Wavelength 8/8; Variable 5000/13749
Wavelength 8/8; Variable 6000/13749
Wavelength 8/8; Variable 7000/13749
Wavelength 8/8; Variable 8000/13749
Wavelength 8/8; Variable 9000/13749
Wavelength 8/8; Variable 10000/13749
Wavelength 8/8; Variable 11000/13749
Wavelength 8/8; Variable 12000/13749
Wavelength 8/8; Variable 13000/13749
Start optimization...
Optimize a model with 13440 rows, 13749 columns and 184786560 nonzeros
Coefficient statistics:
  Matrix range     [3e-13, 2e-04]
  Objective range  [5e-02, 1e+00]
  Bounds range     [1e+00, 1e+00]
  RHS range        [1e-05, 1e-05]
Presolve removed 0 rows and 0 columns (presolve time = 11s) ...
Presolve removed 0 rows and 0 columns (presolve time = 17s) ...
Presolve removed 0 rows and 0 columns (presolve time = 29s) ...
Presolve removed 0 rows and 0 columns (presolve time = 50s) ...
Presolve removed 6720 rows and 0 columns (presolve time = 57s) ...
Presolve removed 6720 rows and 0 columns
Presolve time: 58.08s
Presolved: 6720 rows, 20469 columns, 92399996 nonzeros
Ordering time: 0.00s

Barrier statistics:
 AA' NZ     : 2.258e+07
 Factor NZ  : 2.258e+07 (roughly 200 MBytes of memory)
 Factor Ops : 1.012e+11 (roughly 3 seconds per iteration)
 Threads    : 6

                  Objective                Residual
Iter       Primal          Dual         Primal    Dual     Compl     Time
   0   4.53651679e+06  3.05280952e+04  2.98e+01 1.82e-12  9.08e+02   101s
   1   9.60813926e+03  3.04741945e+04  2.88e-02 2.73e-10  1.49e+00   123s
   2   6.93639743e+03  1.35616188e+04  5.73e-03 2.25e-09  2.83e-01   146s
   3   6.92283803e+03  9.18048431e+03  2.45e-03 3.48e-09  9.24e-02   169s
   4   6.90005517e+03  7.82964785e+03  9.32e-04 6.01e-09  3.37e-02   192s
   5   6.92906031e+03  7.43301450e+03  5.01e-04 7.05e-09  1.75e-02   215s
   6   6.94855812e+03  7.19485702e+03  2.88e-04 1.21e-08  8.72e-03   239s
   7   6.96648708e+03  7.11733996e+03  1.82e-04 7.07e-09  5.34e-03   262s
   8   6.97871625e+03  7.07238529e+03  1.25e-04 1.01e-08  3.40e-03   286s
   9   6.98584637e+03  7.04998315e+03  8.97e-05 1.37e-08  2.36e-03   309s
  10   6.99297978e+03  7.03026620e+03  5.27e-05 1.40e-08  1.37e-03   334s
  11   6.99681372e+03  7.02047643e+03  3.47e-05 8.85e-09  8.80e-04   357s
  12   7.00035163e+03  7.01391952e+03  1.99e-05 8.47e-09  5.04e-04   380s
  13   7.00256029e+03  7.00713906e+03  8.47e-06 1.22e-08  1.85e-04   405s
  14   7.00416921e+03  7.00517162e+03  1.50e-06 2.14e-08  3.75e-05   430s
  15   7.00463216e+03  7.00477765e+03  1.57e-07 1.01e-08  4.90e-06   455s
  16   7.00468605e+03  7.00473413e+03  5.87e-08 1.46e-08  1.68e-06   478s
  17   7.00471581e+03  7.00472498e+03  7.30e-09 1.11e-08  2.87e-07   502s
  18   7.00472067e+03  7.00472146e+03  3.11e-10 1.10e-08  2.18e-08   527s
  19   7.00472100e+03  7.00472108e+03  2.97e-11 1.13e-08  2.29e-09   552s
  20   7.00472105e+03  7.00472105e+03  8.30e-12 1.04e-08  1.12e-10   578s

Barrier solved model in 20 iterations and 577.98 seconds
Optimal objective 7.00472105e+03

Optimization finished!
Restarting optimization for throughput iteration 1...
Optimize a model with 13440 rows, 13749 columns and 184786560 nonzeros
Coefficient statistics:
  Matrix range     [3e-13, 2e-04]
  Objective range  [5e-02, 1e+00]
  Bounds range     [1e+00, 1e+00]
  RHS range        [7e-06, 7e-06]
Presolve removed 0 rows and 0 columns (presolve time = 11s) ...
Presolve removed 0 rows and 0 columns (presolve time = 17s) ...
Presolve removed 0 rows and 0 columns (presolve time = 29s) ...
Presolve removed 0 rows and 0 columns (presolve time = 50s) ...
Presolve removed 6720 rows and 0 columns (presolve time = 57s) ...
Presolve removed 6720 rows and 0 columns
Presolve time: 58.02s
Presolved: 6720 rows, 20469 columns, 92399996 nonzeros
Ordering time: 0.00s

Barrier statistics:
 AA' NZ     : 2.258e+07
 Factor NZ  : 2.258e+07 (roughly 200 MBytes of memory)
 Factor Ops : 1.012e+11 (roughly 3 seconds per iteration)
 Threads    : 6

                  Objective                Residual
Iter       Primal          Dual         Primal    Dual     Compl     Time
   0   4.53651679e+06  3.01633311e+04  2.98e+01 1.82e-12  9.08e+02   100s
   1   9.59982133e+03  3.01092444e+04  2.87e-02 3.29e-10  1.48e+00   123s
   2   6.94666858e+03  1.43592749e+04  5.88e-03 1.93e-09  3.14e-01   146s
   3   6.90109755e+03  9.52929492e+03  2.68e-03 3.99e-09  1.09e-01   169s
   4   6.85141455e+03  8.10910566e+03  9.32e-04 1.01e-08  4.41e-02   192s
   5   6.86269493e+03  7.64718515e+03  5.32e-04 1.56e-08  2.59e-02   215s
   6   6.87026490e+03  7.38055552e+03  4.05e-04 1.18e-08  1.71e-02   237s
   7   6.87869480e+03  7.23215479e+03  3.16e-04 1.04e-08  1.21e-02   260s
   8   6.88848992e+03  7.08029335e+03  2.51e-04 1.09e-08  7.23e-03   284s
   9   6.90268088e+03  7.01490297e+03  1.48e-04 1.17e-08  4.19e-03   308s
  10   6.90800171e+03  6.99243227e+03  1.11e-04 1.01e-08  3.14e-03   331s
  11   6.91155184e+03  6.97290630e+03  8.40e-05 1.17e-08  2.31e-03   354s
  12   6.91512934e+03  6.94909396e+03  6.52e-05 1.03e-08  1.45e-03   377s
  13   6.91889045e+03  6.93954029e+03  3.62e-05 1.07e-08  8.48e-04   401s
  14   6.92110894e+03  6.93365197e+03  2.32e-05 1.39e-08  5.27e-04   425s
  15   6.92267963e+03  6.92953571e+03  1.37e-05 1.19e-08  2.97e-04   448s
  16   6.92358123e+03  6.92715176e+03  8.52e-06 1.24e-08  1.68e-04   472s
  17   6.92430263e+03  6.92605705e+03  4.37e-06 1.26e-08  8.42e-05   495s
  18   6.92479735e+03  6.92541221e+03  1.70e-06 1.18e-08  3.11e-05   519s
  19   6.92508422e+03  6.92525020e+03  3.60e-07 1.29e-08  7.46e-06   542s
  20   6.92517918e+03  6.92519327e+03  1.70e-09 1.87e-08  3.60e-07   567s
  21   6.92518472e+03  6.92518575e+03  7.88e-11 1.65e-08  2.58e-08   592s
  22   6.92518507e+03  6.92518515e+03  4.54e-12 1.36e-08  1.78e-09   618s
  23   6.92518512e+03  6.92518510e+03  2.60e-11 1.79e-08  5.16e-11   642s

Barrier solved model in 23 iterations and 641.53 seconds
Optimal objective 6.92518512e+03

Optimization finished!
