Optimizer called with the following parameters:
{'focal_plane_mask': {'field_stop_radius': -1.0,
                      'grayscale': True,
                      'num_pix': 50,
                      'radius': 3.82},
 'image': {'bandwidth': 0.16,
           'contrast': 10,
           'iwa': 3.25,
           'num_wavelengths': 8,
           'owa': 12.0,
           'resolution': 2},
 'lyot_stop': {'alignment_tolerance': 0,
               'filename': 'LUVOIR/LS_LUVOIR_ID0190_OD0937_no_struts_gy_ovsamp4_N0200.fits',
               'num_lyot_stops': 1},
 'method': {'edge_width_for_prior': 2,
            'ending_scale': 1,
            'force_no_hermitian_symmetry': False,
            'force_no_x_mirror_symmetry': False,
            'force_no_y_mirror_symmetry': False,
            'initial_throughput_estimate': 1,
            'maximize_planet_throughput': True,
            'num_throughput_iterations': 2,
            'starting_scale': 1},
 'pupil': {'N': 200,
           'filename': 'LUVOIR/TelAp_LUVOIR_gap_pad04_bw_ovsamp04_N0200.fits'},
 'solver': {'crossover': 0,
            'method': 2,
            'num_threads': 0}}

File organization:
{'analysis_dir': '/user/kstlaurent/git/progressive_refinement_coronagraphy/surveys/luvoir_N0200_small_local/analysis',
 'drivers_dir': '/user/kstlaurent/git/progressive_refinement_coronagraphy/surveys/luvoir_N0200_small_local/drivers',
 'input_files_dir': '/user/kstlaurent/git/progressive_refinement_coronagraphy/masks',
 'log_dir': '/user/kstlaurent/git/progressive_refinement_coronagraphy/surveys/luvoir_N0200_small_local/logs',
 'solution_dir': '/user/kstlaurent/git/progressive_refinement_coronagraphy/surveys/luvoir_N0200_small_local/solutions',
 'survey_dir': '/user/kstlaurent/git/progressive_refinement_coronagraphy/surveys/luvoir_N0200_small_local'}

Telescope pupil:
   Mirror symmetry in x: yes
   Mirror symmetry in y: no

Lyot stop #0:
   Mirror symmetry in x: yes
Lyot stop #0:
   Mirror symmetry in y: yes

Complete APLC:
   Mirror symmetry in x: yes
   Mirror symmetry in y: no

Starting optimization at scale 1 with 13749 variables and 6720 constraints.
Creating model...
Academic license - for non-commercial use only
Parameter Threads unchanged
   Value: 0  Min: 0  Max: 1024  Default: 0
Changed value of parameter Crossover to 0
   Prev: -1  Min: -1  Max: 5  Default: -1
Changed value of parameter Method to 2
   Prev: -1  Min: -1  Max: 5  Default: -1
Calculating and adding constraints...
Wavelength 1/8; Variable 1000/13749
Wavelength 1/8; Variable 2000/13749
Wavelength 1/8; Variable 3000/13749
Wavelength 1/8; Variable 4000/13749
Wavelength 1/8; Variable 5000/13749
Wavelength 1/8; Variable 6000/13749
Wavelength 1/8; Variable 7000/13749
Wavelength 1/8; Variable 8000/13749
Wavelength 1/8; Variable 9000/13749
Wavelength 1/8; Variable 10000/13749
Wavelength 1/8; Variable 11000/13749
Wavelength 1/8; Variable 12000/13749
Wavelength 1/8; Variable 13000/13749
Wavelength 2/8; Variable 1000/13749
Wavelength 2/8; Variable 2000/13749
Wavelength 2/8; Variable 3000/13749
Wavelength 2/8; Variable 4000/13749
Wavelength 2/8; Variable 5000/13749
Wavelength 2/8; Variable 6000/13749
Wavelength 2/8; Variable 7000/13749
Wavelength 2/8; Variable 8000/13749
Wavelength 2/8; Variable 9000/13749
Wavelength 2/8; Variable 10000/13749
Wavelength 2/8; Variable 11000/13749
Wavelength 2/8; Variable 12000/13749
Wavelength 2/8; Variable 13000/13749
Wavelength 3/8; Variable 1000/13749
Wavelength 3/8; Variable 2000/13749
Wavelength 3/8; Variable 3000/13749
Wavelength 3/8; Variable 4000/13749
Wavelength 3/8; Variable 5000/13749
Wavelength 3/8; Variable 6000/13749
Wavelength 3/8; Variable 7000/13749
Wavelength 3/8; Variable 8000/13749
Wavelength 3/8; Variable 9000/13749
Wavelength 3/8; Variable 10000/13749
Wavelength 3/8; Variable 11000/13749
Wavelength 3/8; Variable 12000/13749
Wavelength 3/8; Variable 13000/13749
Wavelength 4/8; Variable 1000/13749
Wavelength 4/8; Variable 2000/13749
Wavelength 4/8; Variable 3000/13749
Wavelength 4/8; Variable 4000/13749
Wavelength 4/8; Variable 5000/13749
Wavelength 4/8; Variable 6000/13749
Wavelength 4/8; Variable 7000/13749
Wavelength 4/8; Variable 8000/13749
Wavelength 4/8; Variable 9000/13749
Wavelength 4/8; Variable 10000/13749
Wavelength 4/8; Variable 11000/13749
Wavelength 4/8; Variable 12000/13749
Wavelength 4/8; Variable 13000/13749
Wavelength 5/8; Variable 1000/13749
Wavelength 5/8; Variable 2000/13749
Wavelength 5/8; Variable 3000/13749
Wavelength 5/8; Variable 4000/13749
Wavelength 5/8; Variable 5000/13749
Wavelength 5/8; Variable 6000/13749
Wavelength 5/8; Variable 7000/13749
Wavelength 5/8; Variable 8000/13749
Wavelength 5/8; Variable 9000/13749
Wavelength 5/8; Variable 10000/13749
Wavelength 5/8; Variable 11000/13749
Wavelength 5/8; Variable 12000/13749
Wavelength 5/8; Variable 13000/13749
Wavelength 6/8; Variable 1000/13749
Wavelength 6/8; Variable 2000/13749
Wavelength 6/8; Variable 3000/13749
Wavelength 6/8; Variable 4000/13749
Wavelength 6/8; Variable 5000/13749
Wavelength 6/8; Variable 6000/13749
Wavelength 6/8; Variable 7000/13749
Wavelength 6/8; Variable 8000/13749
Wavelength 6/8; Variable 9000/13749
Wavelength 6/8; Variable 10000/13749
Wavelength 6/8; Variable 11000/13749
Wavelength 6/8; Variable 12000/13749
Wavelength 6/8; Variable 13000/13749
Wavelength 7/8; Variable 1000/13749
Wavelength 7/8; Variable 2000/13749
Wavelength 7/8; Variable 3000/13749
Wavelength 7/8; Variable 4000/13749
Wavelength 7/8; Variable 5000/13749
Wavelength 7/8; Variable 6000/13749
Wavelength 7/8; Variable 7000/13749
Wavelength 7/8; Variable 8000/13749
Wavelength 7/8; Variable 9000/13749
Wavelength 7/8; Variable 10000/13749
Wavelength 7/8; Variable 11000/13749
Wavelength 7/8; Variable 12000/13749
Wavelength 7/8; Variable 13000/13749
Wavelength 8/8; Variable 1000/13749
Wavelength 8/8; Variable 2000/13749
Wavelength 8/8; Variable 3000/13749
Wavelength 8/8; Variable 4000/13749
Wavelength 8/8; Variable 5000/13749
Wavelength 8/8; Variable 6000/13749
Wavelength 8/8; Variable 7000/13749
Wavelength 8/8; Variable 8000/13749
Wavelength 8/8; Variable 9000/13749
Wavelength 8/8; Variable 10000/13749
Wavelength 8/8; Variable 11000/13749
Wavelength 8/8; Variable 12000/13749
Wavelength 8/8; Variable 13000/13749
Start optimization...
Optimize a model with 13440 rows, 13749 columns and 184786560 nonzeros
Coefficient statistics:
  Matrix range     [2e-13, 2e-04]
  Objective range  [5e-02, 1e+00]
  Bounds range     [1e+00, 1e+00]
  RHS range        [1e-05, 1e-05]
Presolve removed 0 rows and 0 columns (presolve time = 11s) ...
Presolve removed 0 rows and 0 columns (presolve time = 17s) ...
Presolve removed 0 rows and 0 columns (presolve time = 29s) ...
Presolve removed 0 rows and 0 columns (presolve time = 50s) ...
Presolve removed 6720 rows and 0 columns (presolve time = 57s) ...
Presolve removed 6720 rows and 0 columns
Presolve time: 58.13s
Presolved: 6720 rows, 20469 columns, 92399988 nonzeros
Ordering time: 0.00s

Barrier statistics:
 AA' NZ     : 2.258e+07
 Factor NZ  : 2.258e+07 (roughly 200 MBytes of memory)
 Factor Ops : 1.012e+11 (roughly 3 seconds per iteration)
 Threads    : 6

                  Objective                Residual
Iter       Primal          Dual         Primal    Dual     Compl     Time
   0   4.53719683e+06  3.03825387e+04  2.94e+01 1.82e-12  9.02e+02   100s
   1   1.00235657e+04  3.03291983e+04  3.09e-02 3.39e-10  1.56e+00   123s
   2   6.94923387e+03  1.29813460e+04  5.50e-03 2.23e-09  2.62e-01   146s
   3   6.97032534e+03  8.87808759e+03  1.77e-03 3.31e-09  7.28e-02   169s
   4   6.99867478e+03  8.01044783e+03  1.04e-03 5.94e-09  3.73e-02   192s
   5   7.00975021e+03  7.56424614e+03  6.57e-04 5.86e-09  2.05e-02   215s
   6   7.02448324e+03  7.41386782e+03  4.66e-04 8.35e-09  1.42e-02   238s
   7   7.03386687e+03  7.29719789e+03  3.37e-04 6.86e-09  9.64e-03   261s
   8   7.04434687e+03  7.22185825e+03  2.39e-04 9.35e-09  6.53e-03   284s
   9   7.04995740e+03  7.19188125e+03  1.90e-04 9.85e-09  5.20e-03   307s
  10   7.05381529e+03  7.16609959e+03  1.59e-04 9.97e-09  4.18e-03   330s
  11   7.05857683e+03  7.14422640e+03  1.24e-04 1.28e-08  3.20e-03   353s
  12   7.06486234e+03  7.12020372e+03  7.39e-05 7.58e-09  2.00e-03   377s
  13   7.06936276e+03  7.09680646e+03  4.81e-05 1.06e-08  1.09e-03   401s
  14   7.07293889e+03  7.08847788e+03  3.02e-05 1.26e-08  6.42e-04   425s
  15   7.07470683e+03  7.08543988e+03  2.16e-05 1.11e-08  4.50e-04   448s
  16   7.07608207e+03  7.08187683e+03  1.53e-05 1.22e-08  2.74e-04   471s
  17   7.07736695e+03  7.08004529e+03  8.32e-06 2.24e-08  1.38e-04   495s
  18   7.07847755e+03  7.07894600e+03  1.01e-06 1.23e-08  2.02e-05   521s
  19   7.07870740e+03  7.07877884e+03  1.12e-07 1.15e-08  2.71e-06   548s
  20   7.07874327e+03  7.07876501e+03  2.45e-08 1.70e-08  7.43e-07   571s
  21   7.07875378e+03  7.07875595e+03  1.78e-09 1.61e-08  6.84e-08   597s
  22   7.07875489e+03  7.07875509e+03  1.38e-10 1.63e-08  6.21e-09   622s
  23   7.07875496e+03  7.07875501e+03  2.33e-11 1.18e-08  2.30e-10   645s

Barrier solved model in 23 iterations and 645.37 seconds
Optimal objective 7.07875496e+03

Optimization finished!
Restarting optimization for throughput iteration 1...
Optimize a model with 13440 rows, 13749 columns and 184786560 nonzeros
Coefficient statistics:
  Matrix range     [2e-13, 2e-04]
  Objective range  [5e-02, 1e+00]
  Bounds range     [1e+00, 1e+00]
  RHS range        [7e-06, 7e-06]
Presolve removed 0 rows and 0 columns (presolve time = 11s) ...
Presolve removed 0 rows and 0 columns (presolve time = 17s) ...
Presolve removed 0 rows and 0 columns (presolve time = 29s) ...
Presolve removed 0 rows and 0 columns (presolve time = 50s) ...
Presolve removed 6720 rows and 0 columns (presolve time = 57s) ...
Presolve removed 6720 rows and 0 columns
Presolve time: 57.95s
Presolved: 6720 rows, 20469 columns, 92399988 nonzeros
Ordering time: 0.00s

Barrier statistics:
 AA' NZ     : 2.258e+07
 Factor NZ  : 2.258e+07 (roughly 200 MBytes of memory)
 Factor Ops : 1.012e+11 (roughly 3 seconds per iteration)
 Threads    : 6

                  Objective                Residual
Iter       Primal          Dual         Primal    Dual     Compl     Time
   0   4.53719683e+06  3.00289295e+04  2.94e+01 1.82e-12  9.02e+02   100s
   1   1.00178765e+04  2.99754105e+04  3.09e-02 3.57e-10  1.55e+00   123s
   2   7.06589254e+03  1.27111902e+04  6.48e-03 2.47e-09  2.77e-01   146s
   3   6.97113735e+03  8.85543769e+03  2.29e-03 2.91e-09  8.29e-02   169s
   4   6.93487378e+03  7.83232163e+03  1.23e-03 4.74e-09  3.80e-02   193s
   5   6.95783404e+03  7.46186123e+03  7.45e-04 1.33e-08  2.09e-02   216s
   6   6.96630951e+03  7.26983346e+03  5.35e-04 1.06e-08  1.31e-02   239s
   7   6.97283643e+03  7.19103629e+03  4.32e-04 1.05e-08  9.77e-03   262s
   8   6.98039913e+03  7.14582207e+03  3.32e-04 9.68e-09  7.37e-03   285s
   9   6.98844239e+03  7.08775007e+03  2.69e-04 1.28e-08  5.04e-03   308s
  10   6.99333208e+03  7.06860965e+03  2.14e-04 1.05e-08  3.89e-03   331s
  11   6.99728744e+03  7.05067967e+03  1.68e-04 1.18e-08  2.90e-03   355s
  12   6.99802777e+03  7.03687430e+03  1.48e-04 1.32e-08  2.34e-03   378s
  13   6.99948720e+03  7.03089877e+03  1.20e-04 1.18e-08  1.90e-03   401s
  14   7.00154371e+03  7.02312504e+03  9.76e-05 1.37e-08  1.44e-03   424s
  15   7.00344281e+03  7.01669808e+03  7.04e-05 1.28e-08  9.85e-04   448s
  16   7.00426394e+03  7.01281682e+03  5.62e-05 1.31e-08  7.36e-04   471s
  17   7.00499450e+03  7.00995663e+03  3.90e-05 1.37e-08  4.86e-04   495s
  18   7.00536248e+03  7.00804687e+03  2.32e-05 1.49e-08  2.82e-04   519s
  19   7.00524363e+03  7.00682659e+03  1.23e-05 1.29e-08  1.54e-04   543s
  20   7.00525768e+03  7.00576978e+03  8.65e-06 2.15e-08  9.33e-05   566s
  21   7.00509331e+03  7.00523699e+03  1.45e-06 1.47e-08  1.70e-05   591s
  22   7.00509975e+03  7.00517868e+03  7.68e-07 1.11e-08  9.09e-06   614s
  23   7.00510381e+03  7.00515119e+03  3.95e-07 1.71e-08  4.84e-06   638s
  24   7.00510803e+03  7.00512974e+03  1.77e-07 1.69e-08  2.18e-06   661s
  25   7.00511129e+03  7.00511402e+03  4.12e-09 1.23e-08  1.05e-07   689s
  26   7.00511234e+03  7.00511251e+03  2.20e-10 1.40e-08  6.06e-09   716s
  27   7.00511242e+03  7.00511244e+03  5.57e-11 2.53e-08  1.45e-09   740s

Barrier solved model in 27 iterations and 739.53 seconds
Optimal objective 7.00511242e+03

Optimization finished!
