Optimizer called with the following parameters:
{'focal_plane_mask': {'field_stop_radius': -1.0,
                      'grayscale': True,
                      'num_pix': 50,
                      'radius': 3.92},
 'image': {'bandwidth': 0.18,
           'contrast': 10,
           'iwa': 3,
           'num_wavelengths': 8,
           'owa': 12.0,
           'resolution': 2},
 'lyot_stop': {'alignment_tolerance': 0,
               'filename': 'LUVOIR/LS_LUVOIR_ID0190_OD0937_no_struts_gy_ovsamp4_N0200.fits',
               'num_lyot_stops': 1},
 'method': {'edge_width_for_prior': 2,
            'ending_scale': 1,
            'force_no_hermitian_symmetry': False,
            'force_no_x_mirror_symmetry': False,
            'force_no_y_mirror_symmetry': False,
            'initial_throughput_estimate': 1,
            'maximize_planet_throughput': True,
            'num_throughput_iterations': 2,
            'starting_scale': 1},
 'pupil': {'N': 200,
           'filename': 'LUVOIR/TelAp_LUVOIR_gap_pad04_bw_ovsamp04_N0200.fits'},
 'solver': {'crossover': 0,
            'method': 2,
            'num_threads': 0}}

File organization:
{'analysis_dir': '/user/kstlaurent/git/progressive_refinement_coronagraphy/surveys/luvoir_N0200_small_local/analysis',
 'drivers_dir': '/user/kstlaurent/git/progressive_refinement_coronagraphy/surveys/luvoir_N0200_small_local/drivers',
 'input_files_dir': '/user/kstlaurent/git/progressive_refinement_coronagraphy/masks',
 'log_dir': '/user/kstlaurent/git/progressive_refinement_coronagraphy/surveys/luvoir_N0200_small_local/logs',
 'solution_dir': '/user/kstlaurent/git/progressive_refinement_coronagraphy/surveys/luvoir_N0200_small_local/solutions',
 'survey_dir': '/user/kstlaurent/git/progressive_refinement_coronagraphy/surveys/luvoir_N0200_small_local'}

Telescope pupil:
   Mirror symmetry in x: yes
   Mirror symmetry in y: no

Lyot stop #0:
   Mirror symmetry in x: yes
Lyot stop #0:
   Mirror symmetry in y: yes

Complete APLC:
   Mirror symmetry in x: yes
   Mirror symmetry in y: no

Starting optimization at scale 1 with 13749 variables and 6768 constraints.
Creating model...
Academic license - for non-commercial use only
Parameter Threads unchanged
   Value: 0  Min: 0  Max: 1024  Default: 0
Changed value of parameter Crossover to 0
   Prev: -1  Min: -1  Max: 5  Default: -1
Changed value of parameter Method to 2
   Prev: -1  Min: -1  Max: 5  Default: -1
Calculating and adding constraints...
Wavelength 1/8; Variable 1000/13749
Wavelength 1/8; Variable 2000/13749
Wavelength 1/8; Variable 3000/13749
Wavelength 1/8; Variable 4000/13749
Wavelength 1/8; Variable 5000/13749
Wavelength 1/8; Variable 6000/13749
Wavelength 1/8; Variable 7000/13749
Wavelength 1/8; Variable 8000/13749
Wavelength 1/8; Variable 9000/13749
Wavelength 1/8; Variable 10000/13749
Wavelength 1/8; Variable 11000/13749
Wavelength 1/8; Variable 12000/13749
Wavelength 1/8; Variable 13000/13749
Wavelength 2/8; Variable 1000/13749
Wavelength 2/8; Variable 2000/13749
Wavelength 2/8; Variable 3000/13749
Wavelength 2/8; Variable 4000/13749
Wavelength 2/8; Variable 5000/13749
Wavelength 2/8; Variable 6000/13749
Wavelength 2/8; Variable 7000/13749
Wavelength 2/8; Variable 8000/13749
Wavelength 2/8; Variable 9000/13749
Wavelength 2/8; Variable 10000/13749
Wavelength 2/8; Variable 11000/13749
Wavelength 2/8; Variable 12000/13749
Wavelength 2/8; Variable 13000/13749
Wavelength 3/8; Variable 1000/13749
Wavelength 3/8; Variable 2000/13749
Wavelength 3/8; Variable 3000/13749
Wavelength 3/8; Variable 4000/13749
Wavelength 3/8; Variable 5000/13749
Wavelength 3/8; Variable 6000/13749
Wavelength 3/8; Variable 7000/13749
Wavelength 3/8; Variable 8000/13749
Wavelength 3/8; Variable 9000/13749
Wavelength 3/8; Variable 10000/13749
Wavelength 3/8; Variable 11000/13749
Wavelength 3/8; Variable 12000/13749
Wavelength 3/8; Variable 13000/13749
Wavelength 4/8; Variable 1000/13749
Wavelength 4/8; Variable 2000/13749
Wavelength 4/8; Variable 3000/13749
Wavelength 4/8; Variable 4000/13749
Wavelength 4/8; Variable 5000/13749
Wavelength 4/8; Variable 6000/13749
Wavelength 4/8; Variable 7000/13749
Wavelength 4/8; Variable 8000/13749
Wavelength 4/8; Variable 9000/13749
Wavelength 4/8; Variable 10000/13749
Wavelength 4/8; Variable 11000/13749
Wavelength 4/8; Variable 12000/13749
Wavelength 4/8; Variable 13000/13749
Wavelength 5/8; Variable 1000/13749
Wavelength 5/8; Variable 2000/13749
Wavelength 5/8; Variable 3000/13749
Wavelength 5/8; Variable 4000/13749
Wavelength 5/8; Variable 5000/13749
Wavelength 5/8; Variable 6000/13749
Wavelength 5/8; Variable 7000/13749
Wavelength 5/8; Variable 8000/13749
Wavelength 5/8; Variable 9000/13749
Wavelength 5/8; Variable 10000/13749
Wavelength 5/8; Variable 11000/13749
Wavelength 5/8; Variable 12000/13749
Wavelength 5/8; Variable 13000/13749
Wavelength 6/8; Variable 1000/13749
Wavelength 6/8; Variable 2000/13749
Wavelength 6/8; Variable 3000/13749
Wavelength 6/8; Variable 4000/13749
Wavelength 6/8; Variable 5000/13749
Wavelength 6/8; Variable 6000/13749
Wavelength 6/8; Variable 7000/13749
Wavelength 6/8; Variable 8000/13749
Wavelength 6/8; Variable 9000/13749
Wavelength 6/8; Variable 10000/13749
Wavelength 6/8; Variable 11000/13749
Wavelength 6/8; Variable 12000/13749
Wavelength 6/8; Variable 13000/13749
Warning for adding constraints: zero or small (< 1e-13) coefficients, ignored
Wavelength 7/8; Variable 1000/13749
Wavelength 7/8; Variable 2000/13749
Wavelength 7/8; Variable 3000/13749
Wavelength 7/8; Variable 4000/13749
Wavelength 7/8; Variable 5000/13749
Wavelength 7/8; Variable 6000/13749
Wavelength 7/8; Variable 7000/13749
Wavelength 7/8; Variable 8000/13749
Wavelength 7/8; Variable 9000/13749
Wavelength 7/8; Variable 10000/13749
Wavelength 7/8; Variable 11000/13749
Wavelength 7/8; Variable 12000/13749
Wavelength 7/8; Variable 13000/13749
Wavelength 8/8; Variable 1000/13749
Wavelength 8/8; Variable 2000/13749
Wavelength 8/8; Variable 3000/13749
Wavelength 8/8; Variable 4000/13749
Wavelength 8/8; Variable 5000/13749
Wavelength 8/8; Variable 6000/13749
Wavelength 8/8; Variable 7000/13749
Wavelength 8/8; Variable 8000/13749
Wavelength 8/8; Variable 9000/13749
Wavelength 8/8; Variable 10000/13749
Wavelength 8/8; Variable 11000/13749
Wavelength 8/8; Variable 12000/13749
Wavelength 8/8; Variable 13000/13749
Start optimization...
Optimize a model with 13536 rows, 13749 columns and 186106462 nonzeros
Coefficient statistics:
  Matrix range     [2e-13, 2e-04]
  Objective range  [5e-02, 1e+00]
  Bounds range     [1e+00, 1e+00]
  RHS range        [1e-05, 1e-05]
Presolve removed 0 rows and 0 columns (presolve time = 11s) ...
Presolve removed 0 rows and 0 columns (presolve time = 17s) ...
Presolve removed 0 rows and 0 columns (presolve time = 29s) ...
Presolve removed 0 rows and 0 columns (presolve time = 50s) ...
Presolve removed 6768 rows and 0 columns (presolve time = 57s) ...
Presolve removed 6768 rows and 0 columns
Presolve time: 58.48s
Presolved: 6768 rows, 20517 columns, 93059990 nonzeros
Ordering time: 0.00s

Barrier statistics:
 AA' NZ     : 2.290e+07
 Factor NZ  : 2.291e+07 (roughly 200 MBytes of memory)
 Factor Ops : 1.034e+11 (roughly 3 seconds per iteration)
 Threads    : 6

                  Objective                Residual
Iter       Primal          Dual         Primal    Dual     Compl     Time
   0   4.53883962e+06  3.08500562e+04  2.89e+01 1.82e-12  9.18e+02   101s
   1   9.72636614e+03  3.07957184e+04  2.85e-02 2.83e-10  1.53e+00   125s
   2   7.29250825e+03  1.58747083e+04  8.25e-03 1.96e-09  4.09e-01   148s
   3   6.98645074e+03  9.09224294e+03  2.29e-03 6.14e-09  8.78e-02   171s
   4   6.87096616e+03  7.66354105e+03  7.93e-04 1.56e-08  2.87e-02   195s
   5   6.88835437e+03  7.32480600e+03  4.29e-04 7.98e-09  1.51e-02   218s
   6   6.90341816e+03  7.17118310e+03  2.24e-04 9.68e-09  8.69e-03   241s
   7   6.91609657e+03  7.06129673e+03  1.27e-04 9.04e-09  4.71e-03   265s
   8   6.92249855e+03  7.01883476e+03  9.28e-05 2.20e-08  3.19e-03   289s
   9   6.92849591e+03  6.98641645e+03  6.96e-05 1.34e-07  2.03e-03   312s
  10   6.93437866e+03  6.96974075e+03  4.63e-05 1.14e-07  1.27e-03   336s
  11   6.93837429e+03  6.95934766e+03  3.21e-05 4.96e-08  7.93e-04   359s
  12   6.94172819e+03  6.95365351e+03  1.91e-05 9.91e-09  4.58e-04   384s
  13   6.94447174e+03  6.95078019e+03  8.56e-06 2.68e-08  2.28e-04   408s
  14   6.94558247e+03  6.94911364e+03  4.91e-06 1.82e-08  1.29e-04   431s
  15   6.94692756e+03  6.94741508e+03  3.15e-07 1.43e-08  1.46e-05   457s
  16   6.94712400e+03  6.94716283e+03  1.30e-08 2.01e-08  1.06e-06   483s
  17   6.94714354e+03  6.94714538e+03  2.04e-10 1.19e-08  4.66e-08   509s
  18   6.94714423e+03  6.94714466e+03  3.75e-11 9.46e-09  1.08e-08   533s
  19   6.94714439e+03  6.94714443e+03  6.60e-12 1.07e-08  9.57e-10   557s

Barrier solved model in 19 iterations and 556.64 seconds
Optimal objective 6.94714439e+03

Optimization finished!
Restarting optimization for throughput iteration 1...
Optimize a model with 13536 rows, 13749 columns and 186106462 nonzeros
Coefficient statistics:
  Matrix range     [2e-13, 2e-04]
  Objective range  [5e-02, 1e+00]
  Bounds range     [1e+00, 1e+00]
  RHS range        [7e-06, 7e-06]
Presolve removed 0 rows and 0 columns (presolve time = 11s) ...
Presolve removed 0 rows and 0 columns (presolve time = 17s) ...
Presolve removed 0 rows and 0 columns (presolve time = 29s) ...
Presolve removed 0 rows and 0 columns (presolve time = 50s) ...
Presolve removed 6768 rows and 0 columns (presolve time = 57s) ...
Presolve removed 6768 rows and 0 columns
Presolve time: 58.32s
Presolved: 6768 rows, 20517 columns, 93059990 nonzeros
Ordering time: 0.00s

Barrier statistics:
 AA' NZ     : 2.290e+07
 Factor NZ  : 2.291e+07 (roughly 200 MBytes of memory)
 Factor Ops : 1.034e+11 (roughly 3 seconds per iteration)
 Threads    : 6

                  Objective                Residual
Iter       Primal          Dual         Primal    Dual     Compl     Time
   0   4.53883962e+06  3.04713160e+04  2.89e+01 1.82e-12  9.18e+02   101s
   1   9.83173469e+03  3.04167830e+04  2.91e-02 2.84e-10  1.54e+00   124s
   2   7.20859923e+03  1.57207206e+04  7.73e-03 1.87e-09  3.99e-01   147s
   3   7.00512334e+03  9.09452194e+03  2.51e-03 7.01e-09  9.42e-02   171s
   4   6.86908225e+03  8.03766468e+03  1.17e-03 5.57e-09  4.54e-02   195s
   5   6.83518912e+03  7.27102081e+03  5.96e-04 3.93e-08  1.75e-02   219s
   6   6.84053150e+03  7.11846379e+03  4.38e-04 2.28e-08  1.15e-02   242s
   7   6.84820123e+03  7.04378523e+03  2.93e-04 1.89e-08  7.84e-03   266s
   8   6.85454376e+03  6.97634835e+03  2.07e-04 1.08e-08  5.08e-03   290s
   9   6.85682669e+03  6.93176171e+03  1.15e-04 1.63e-08  2.98e-03   315s
  10   6.85868753e+03  6.92147297e+03  8.41e-05 1.49e-08  2.37e-03   338s
  11   6.86078774e+03  6.89717700e+03  5.89e-05 1.14e-08  1.46e-03   362s
  12   6.86266497e+03  6.88612254e+03  4.20e-05 1.36e-08  9.82e-04   385s
  13   6.86399296e+03  6.87939781e+03  3.02e-05 1.10e-08  6.71e-04   409s
  14   6.86544208e+03  6.87222754e+03  1.91e-05 1.22e-08  3.52e-04   433s
  15   6.86666157e+03  6.86976755e+03  1.03e-05 1.14e-08  1.76e-04   458s
  16   6.86706456e+03  6.86832226e+03  4.81e-06 4.27e-08  7.75e-05   481s
  17   6.86736123e+03  6.86769997e+03  1.25e-06 1.47e-08  2.04e-05   506s
  18   6.86752276e+03  6.86757929e+03  1.85e-08 1.89e-08  1.56e-06   532s
  19   6.86753853e+03  6.86754122e+03  1.41e-10 2.28e-08  6.70e-08   558s
  20   6.86753955e+03  6.86753995e+03  1.16e-11 1.43e-08  9.78e-09   583s
  21   6.86753969e+03  6.86753970e+03  2.96e-12 1.79e-08  3.15e-10   609s

Barrier solved model in 21 iterations and 608.57 seconds
Optimal objective 6.86753969e+03

Optimization finished!
