Optimizer called with the following parameters:
{'focal_plane_mask': {'field_stop_radius': -1.0,
                      'grayscale': True,
                      'num_pix': 50,
                      'radius': 3.92},
 'image': {'bandwidth': 0.16,
           'contrast': 10,
           'iwa': 3.5,
           'num_wavelengths': 8,
           'owa': 12.0,
           'resolution': 2},
 'lyot_stop': {'alignment_tolerance': 0,
               'filename': 'LUVOIR/LS_LUVOIR_ID0190_OD0937_no_struts_gy_ovsamp4_N0200.fits',
               'num_lyot_stops': 1},
 'method': {'edge_width_for_prior': 2,
            'ending_scale': 1,
            'force_no_hermitian_symmetry': False,
            'force_no_x_mirror_symmetry': False,
            'force_no_y_mirror_symmetry': False,
            'initial_throughput_estimate': 1,
            'maximize_planet_throughput': True,
            'num_throughput_iterations': 2,
            'starting_scale': 1},
 'pupil': {'N': 200,
           'filename': 'LUVOIR/TelAp_LUVOIR_gap_pad04_bw_ovsamp04_N0200.fits'},
 'solver': {'crossover': 0,
            'method': 2,
            'num_threads': 0}}

File organization:
{'analysis_dir': '/user/kstlaurent/git/progressive_refinement_coronagraphy/surveys/luvoir_N0200_small_local/analysis',
 'drivers_dir': '/user/kstlaurent/git/progressive_refinement_coronagraphy/surveys/luvoir_N0200_small_local/drivers',
 'input_files_dir': '/user/kstlaurent/git/progressive_refinement_coronagraphy/masks',
 'log_dir': '/user/kstlaurent/git/progressive_refinement_coronagraphy/surveys/luvoir_N0200_small_local/logs',
 'solution_dir': '/user/kstlaurent/git/progressive_refinement_coronagraphy/surveys/luvoir_N0200_small_local/solutions',
 'survey_dir': '/user/kstlaurent/git/progressive_refinement_coronagraphy/surveys/luvoir_N0200_small_local'}

Telescope pupil:
   Mirror symmetry in x: yes
   Mirror symmetry in y: no

Lyot stop #0:
   Mirror symmetry in x: yes
Lyot stop #0:
   Mirror symmetry in y: yes

Complete APLC:
   Mirror symmetry in x: yes
   Mirror symmetry in y: no

Starting optimization at scale 1 with 13749 variables and 6592 constraints.
Creating model...
Academic license - for non-commercial use only
Parameter Threads unchanged
   Value: 0  Min: 0  Max: 1024  Default: 0
Changed value of parameter Crossover to 0
   Prev: -1  Min: -1  Max: 5  Default: -1
Changed value of parameter Method to 2
   Prev: -1  Min: -1  Max: 5  Default: -1
Calculating and adding constraints...
Wavelength 1/8; Variable 1000/13749
Wavelength 1/8; Variable 2000/13749
Wavelength 1/8; Variable 3000/13749
Wavelength 1/8; Variable 4000/13749
Wavelength 1/8; Variable 5000/13749
Wavelength 1/8; Variable 6000/13749
Wavelength 1/8; Variable 7000/13749
Wavelength 1/8; Variable 8000/13749
Wavelength 1/8; Variable 9000/13749
Wavelength 1/8; Variable 10000/13749
Wavelength 1/8; Variable 11000/13749
Wavelength 1/8; Variable 12000/13749
Wavelength 1/8; Variable 13000/13749
Wavelength 2/8; Variable 1000/13749
Wavelength 2/8; Variable 2000/13749
Wavelength 2/8; Variable 3000/13749
Wavelength 2/8; Variable 4000/13749
Wavelength 2/8; Variable 5000/13749
Wavelength 2/8; Variable 6000/13749
Wavelength 2/8; Variable 7000/13749
Wavelength 2/8; Variable 8000/13749
Wavelength 2/8; Variable 9000/13749
Wavelength 2/8; Variable 10000/13749
Wavelength 2/8; Variable 11000/13749
Wavelength 2/8; Variable 12000/13749
Wavelength 2/8; Variable 13000/13749
Wavelength 3/8; Variable 1000/13749
Wavelength 3/8; Variable 2000/13749
Wavelength 3/8; Variable 3000/13749
Wavelength 3/8; Variable 4000/13749
Wavelength 3/8; Variable 5000/13749
Wavelength 3/8; Variable 6000/13749
Wavelength 3/8; Variable 7000/13749
Wavelength 3/8; Variable 8000/13749
Wavelength 3/8; Variable 9000/13749
Wavelength 3/8; Variable 10000/13749
Wavelength 3/8; Variable 11000/13749
Wavelength 3/8; Variable 12000/13749
Wavelength 3/8; Variable 13000/13749
Wavelength 4/8; Variable 1000/13749
Wavelength 4/8; Variable 2000/13749
Wavelength 4/8; Variable 3000/13749
Wavelength 4/8; Variable 4000/13749
Wavelength 4/8; Variable 5000/13749
Wavelength 4/8; Variable 6000/13749
Wavelength 4/8; Variable 7000/13749
Wavelength 4/8; Variable 8000/13749
Wavelength 4/8; Variable 9000/13749
Wavelength 4/8; Variable 10000/13749
Wavelength 4/8; Variable 11000/13749
Wavelength 4/8; Variable 12000/13749
Wavelength 4/8; Variable 13000/13749
Wavelength 5/8; Variable 1000/13749
Wavelength 5/8; Variable 2000/13749
Wavelength 5/8; Variable 3000/13749
Wavelength 5/8; Variable 4000/13749
Wavelength 5/8; Variable 5000/13749
Wavelength 5/8; Variable 6000/13749
Wavelength 5/8; Variable 7000/13749
Wavelength 5/8; Variable 8000/13749
Wavelength 5/8; Variable 9000/13749
Wavelength 5/8; Variable 10000/13749
Wavelength 5/8; Variable 11000/13749
Wavelength 5/8; Variable 12000/13749
Wavelength 5/8; Variable 13000/13749
Wavelength 6/8; Variable 1000/13749
Wavelength 6/8; Variable 2000/13749
Wavelength 6/8; Variable 3000/13749
Wavelength 6/8; Variable 4000/13749
Wavelength 6/8; Variable 5000/13749
Wavelength 6/8; Variable 6000/13749
Wavelength 6/8; Variable 7000/13749
Wavelength 6/8; Variable 8000/13749
Wavelength 6/8; Variable 9000/13749
Wavelength 6/8; Variable 10000/13749
Wavelength 6/8; Variable 11000/13749
Wavelength 6/8; Variable 12000/13749
Wavelength 6/8; Variable 13000/13749
Wavelength 7/8; Variable 1000/13749
Wavelength 7/8; Variable 2000/13749
Wavelength 7/8; Variable 3000/13749
Wavelength 7/8; Variable 4000/13749
Wavelength 7/8; Variable 5000/13749
Wavelength 7/8; Variable 6000/13749
Wavelength 7/8; Variable 7000/13749
Wavelength 7/8; Variable 8000/13749
Wavelength 7/8; Variable 9000/13749
Wavelength 7/8; Variable 10000/13749
Wavelength 7/8; Variable 11000/13749
Wavelength 7/8; Variable 12000/13749
Wavelength 7/8; Variable 13000/13749
Wavelength 8/8; Variable 1000/13749
Wavelength 8/8; Variable 2000/13749
Wavelength 8/8; Variable 3000/13749
Wavelength 8/8; Variable 4000/13749
Wavelength 8/8; Variable 5000/13749
Wavelength 8/8; Variable 6000/13749
Wavelength 8/8; Variable 7000/13749
Wavelength 8/8; Variable 8000/13749
Wavelength 8/8; Variable 9000/13749
Wavelength 8/8; Variable 10000/13749
Wavelength 8/8; Variable 11000/13749
Wavelength 8/8; Variable 12000/13749
Wavelength 8/8; Variable 13000/13749
Warning for adding constraints: zero or small (< 1e-13) coefficients, ignored
Start optimization...
Optimize a model with 13184 rows, 13749 columns and 181266812 nonzeros
Coefficient statistics:
  Matrix range     [1e-13, 2e-04]
  Objective range  [5e-02, 1e+00]
  Bounds range     [1e+00, 1e+00]
  RHS range        [1e-05, 1e-05]
Presolve removed 0 rows and 0 columns (presolve time = 11s) ...
Presolve removed 0 rows and 0 columns (presolve time = 17s) ...
Presolve removed 0 rows and 0 columns (presolve time = 28s) ...
Presolve removed 0 rows and 0 columns (presolve time = 49s) ...
Presolve removed 6592 rows and 0 columns (presolve time = 56s) ...
Presolve removed 6592 rows and 0 columns
Presolve time: 57.03s
Presolved: 6592 rows, 20341 columns, 90639994 nonzeros
Ordering time: 0.00s

Barrier statistics:
 AA' NZ     : 2.172e+07
 Factor NZ  : 2.173e+07 (roughly 200 MBytes of memory)
 Factor Ops : 9.551e+10 (roughly 3 seconds per iteration)
 Threads    : 6

                  Objective                Residual
Iter       Primal          Dual         Primal    Dual     Compl     Time
   0   4.54022969e+06  3.01331668e+04  3.09e+01 1.82e-12  8.96e+02    98s
   1   1.02710112e+04  3.00812907e+04  3.34e-02 2.51e-10  1.58e+00   120s
   2   7.64388787e+03  1.30902357e+04  1.11e-02 2.50e-09  3.56e-01   142s
   3   7.14541342e+03  9.07150948e+03  3.02e-03 6.11e-09  9.33e-02   164s
   4   6.97877294e+03  7.70674600e+03  1.15e-03 8.99e-09  3.09e-02   186s
   5   6.97044243e+03  7.25467267e+03  4.56e-04 1.16e-08  1.12e-02   209s
   6   6.98898249e+03  7.14121093e+03  2.51e-04 8.58e-09  5.95e-03   232s
   7   6.99827704e+03  7.09106252e+03  1.83e-04 1.01e-08  3.84e-03   254s
   8   7.00345637e+03  7.07033951e+03  1.43e-04 1.25e-08  2.85e-03   275s
   9   7.00924399e+03  7.04920344e+03  1.01e-04 1.54e-08  1.83e-03   298s
  10   7.01477672e+03  7.03803449e+03  6.68e-05 1.40e-08  1.12e-03   320s
  11   7.01850406e+03  7.03038560e+03  4.31e-05 1.08e-08  6.46e-04   342s
  12   7.02049336e+03  7.02680494e+03  2.95e-05 1.29e-08  3.97e-04   364s
  13   7.02159022e+03  7.02483618e+03  1.47e-05 1.28e-08  2.00e-04   387s
  14   7.02238185e+03  7.02367380e+03  8.34e-06 1.36e-08  9.99e-05   410s
  15   7.02270096e+03  7.02318744e+03  3.48e-06 1.51e-08  4.04e-05   433s
  16   7.02293167e+03  7.02300497e+03  2.89e-07 1.27e-08  4.16e-06   458s
  17   7.02297238e+03  7.02298946e+03  4.43e-08 1.34e-08  7.82e-07   480s
  18   7.02298088e+03  7.02298204e+03  6.90e-10 1.40e-08  3.42e-08   507s
  19   7.02298136e+03  7.02298155e+03  5.08e-11 1.17e-08  5.11e-09   530s
  20   7.02298141e+03  7.02298141e+03  1.02e-11 1.62e-08  7.62e-11   553s

Barrier solved model in 20 iterations and 553.23 seconds
Optimal objective 7.02298141e+03

Optimization finished!
Restarting optimization for throughput iteration 1...
Optimize a model with 13184 rows, 13749 columns and 181266812 nonzeros
Coefficient statistics:
  Matrix range     [1e-13, 2e-04]
  Objective range  [5e-02, 1e+00]
  Bounds range     [1e+00, 1e+00]
  RHS range        [7e-06, 7e-06]
Presolve removed 0 rows and 0 columns (presolve time = 11s) ...
Presolve removed 0 rows and 0 columns (presolve time = 17s) ...
Presolve removed 0 rows and 0 columns (presolve time = 28s) ...
Presolve removed 0 rows and 0 columns (presolve time = 49s) ...
Presolve removed 6592 rows and 0 columns (presolve time = 56s) ...
Presolve removed 6592 rows and 0 columns
Presolve time: 56.85s
Presolved: 6592 rows, 20341 columns, 90639994 nonzeros
Ordering time: 0.00s

Barrier statistics:
 AA' NZ     : 2.172e+07
 Factor NZ  : 2.173e+07 (roughly 200 MBytes of memory)
 Factor Ops : 9.551e+10 (roughly 3 seconds per iteration)
 Threads    : 6

                  Objective                Residual
Iter       Primal          Dual         Primal    Dual     Compl     Time
   0   4.54022969e+06  2.97818990e+04  3.09e+01 1.82e-12  8.96e+02    98s
   1   1.02698161e+04  2.97298447e+04  3.34e-02 3.27e-10  1.57e+00   120s
   2   7.67137307e+03  1.28191349e+04  1.14e-02 1.73e-09  3.60e-01   142s
   3   7.11097366e+03  8.89794108e+03  3.10e-03 5.92e-09  9.40e-02   164s
   4   6.94184162e+03  7.62354701e+03  1.27e-03 8.25e-09  3.27e-02   186s
   5   6.93566226e+03  7.33688908e+03  7.49e-04 1.15e-08  1.81e-02   208s
   6   6.93801101e+03  7.18145368e+03  4.29e-04 9.20e-09  1.03e-02   230s
   7   6.93920518e+03  7.07703572e+03  2.01e-04 2.19e-08  5.29e-03   253s
   8   6.94210119e+03  7.02970384e+03  1.46e-04 3.38e-08  3.50e-03   275s
   9   6.94412426e+03  7.00537670e+03  1.11e-04 3.73e-08  2.51e-03   297s
  10   6.94678421e+03  6.97837054e+03  6.62e-05 3.04e-08  1.37e-03   320s
  11   6.94894883e+03  6.96677084e+03  4.41e-05 1.85e-08  8.29e-04   343s
  12   6.95081686e+03  6.96197823e+03  2.79e-05 2.00e-08  5.21e-04   365s
  13   6.95186864e+03  6.95799675e+03  1.83e-05 3.05e-08  3.12e-04   387s
  14   6.95245520e+03  6.95460368e+03  9.96e-06 9.49e-08  1.40e-04   410s
  15   6.95279135e+03  6.95357024e+03  4.55e-06 7.18e-08  5.92e-05   433s
  16   6.95289219e+03  6.95303061e+03  4.74e-07 6.24e-08  7.58e-06   457s
  17   6.95291912e+03  6.95296899e+03  1.95e-07 1.40e-08  2.94e-06   479s
  18   6.95293300e+03  6.95295236e+03  8.02e-08 3.42e-08  1.18e-06   502s
  19   6.95294342e+03  6.95294738e+03  1.17e-08 3.42e-08  2.01e-07   524s
  20   6.95294544e+03  6.95294581e+03  1.91e-10 1.64e-08  1.08e-08   548s
  21   6.95294552e+03  6.95294557e+03  8.11e-12 1.70e-08  1.26e-09   572s

Barrier solved model in 21 iterations and 571.94 seconds
Optimal objective 6.95294552e+03

Optimization finished!
