Optimizer called with the following parameters:
{'focal_plane_mask': {'field_stop_radius': -1.0,
                      'grayscale': True,
                      'num_pix': 50,
                      'radius': 3.92},
 'image': {'bandwidth': 0.16,
           'contrast': 10,
           'iwa': 3,
           'num_wavelengths': 8,
           'owa': 12.0,
           'resolution': 2},
 'lyot_stop': {'alignment_tolerance': 0,
               'filename': 'LUVOIR/LS_LUVOIR_ID0192_OD0951_no_struts_gy_ovsamp4_N0200.fits',
               'num_lyot_stops': 1},
 'method': {'edge_width_for_prior': 2,
            'ending_scale': 1,
            'force_no_hermitian_symmetry': False,
            'force_no_x_mirror_symmetry': False,
            'force_no_y_mirror_symmetry': False,
            'initial_throughput_estimate': 1,
            'maximize_planet_throughput': True,
            'num_throughput_iterations': 2,
            'starting_scale': 1},
 'pupil': {'N': 200,
           'filename': 'LUVOIR/TelAp_LUVOIR_gap_pad04_bw_ovsamp04_N0200.fits'},
 'solver': {'crossover': 0,
            'method': 2,
            'num_threads': 0}}

File organization:
{'analysis_dir': '/user/kstlaurent/git/progressive_refinement_coronagraphy/surveys/luvoir_N0200_small_local/analysis',
 'drivers_dir': '/user/kstlaurent/git/progressive_refinement_coronagraphy/surveys/luvoir_N0200_small_local/drivers',
 'input_files_dir': '/user/kstlaurent/git/progressive_refinement_coronagraphy/masks',
 'log_dir': '/user/kstlaurent/git/progressive_refinement_coronagraphy/surveys/luvoir_N0200_small_local/logs',
 'solution_dir': '/user/kstlaurent/git/progressive_refinement_coronagraphy/surveys/luvoir_N0200_small_local/solutions',
 'survey_dir': '/user/kstlaurent/git/progressive_refinement_coronagraphy/surveys/luvoir_N0200_small_local'}

Telescope pupil:
   Mirror symmetry in x: yes
   Mirror symmetry in y: no

Lyot stop #0:
   Mirror symmetry in x: yes
Lyot stop #0:
   Mirror symmetry in y: yes

Complete APLC:
   Mirror symmetry in x: yes
   Mirror symmetry in y: no

Starting optimization at scale 1 with 13749 variables and 6768 constraints.
Creating model...
Academic license - for non-commercial use only
Parameter Threads unchanged
   Value: 0  Min: 0  Max: 1024  Default: 0
Changed value of parameter Crossover to 0
   Prev: -1  Min: -1  Max: 5  Default: -1
Changed value of parameter Method to 2
   Prev: -1  Min: -1  Max: 5  Default: -1
Calculating and adding constraints...
Wavelength 1/8; Variable 1000/13749
Wavelength 1/8; Variable 2000/13749
Wavelength 1/8; Variable 3000/13749
Wavelength 1/8; Variable 4000/13749
Wavelength 1/8; Variable 5000/13749
Wavelength 1/8; Variable 6000/13749
Wavelength 1/8; Variable 7000/13749
Wavelength 1/8; Variable 8000/13749
Wavelength 1/8; Variable 9000/13749
Wavelength 1/8; Variable 10000/13749
Wavelength 1/8; Variable 11000/13749
Wavelength 1/8; Variable 12000/13749
Wavelength 1/8; Variable 13000/13749
Warning for adding constraints: zero or small (< 1e-13) coefficients, ignored
Wavelength 2/8; Variable 1000/13749
Wavelength 2/8; Variable 2000/13749
Wavelength 2/8; Variable 3000/13749
Wavelength 2/8; Variable 4000/13749
Wavelength 2/8; Variable 5000/13749
Wavelength 2/8; Variable 6000/13749
Wavelength 2/8; Variable 7000/13749
Wavelength 2/8; Variable 8000/13749
Wavelength 2/8; Variable 9000/13749
Wavelength 2/8; Variable 10000/13749
Wavelength 2/8; Variable 11000/13749
Wavelength 2/8; Variable 12000/13749
Wavelength 2/8; Variable 13000/13749
Wavelength 3/8; Variable 1000/13749
Wavelength 3/8; Variable 2000/13749
Wavelength 3/8; Variable 3000/13749
Wavelength 3/8; Variable 4000/13749
Wavelength 3/8; Variable 5000/13749
Wavelength 3/8; Variable 6000/13749
Wavelength 3/8; Variable 7000/13749
Wavelength 3/8; Variable 8000/13749
Wavelength 3/8; Variable 9000/13749
Wavelength 3/8; Variable 10000/13749
Wavelength 3/8; Variable 11000/13749
Wavelength 3/8; Variable 12000/13749
Wavelength 3/8; Variable 13000/13749
Wavelength 4/8; Variable 1000/13749
Wavelength 4/8; Variable 2000/13749
Wavelength 4/8; Variable 3000/13749
Wavelength 4/8; Variable 4000/13749
Wavelength 4/8; Variable 5000/13749
Wavelength 4/8; Variable 6000/13749
Wavelength 4/8; Variable 7000/13749
Wavelength 4/8; Variable 8000/13749
Wavelength 4/8; Variable 9000/13749
Wavelength 4/8; Variable 10000/13749
Wavelength 4/8; Variable 11000/13749
Wavelength 4/8; Variable 12000/13749
Wavelength 4/8; Variable 13000/13749
Wavelength 5/8; Variable 1000/13749
Wavelength 5/8; Variable 2000/13749
Wavelength 5/8; Variable 3000/13749
Wavelength 5/8; Variable 4000/13749
Wavelength 5/8; Variable 5000/13749
Wavelength 5/8; Variable 6000/13749
Wavelength 5/8; Variable 7000/13749
Wavelength 5/8; Variable 8000/13749
Wavelength 5/8; Variable 9000/13749
Wavelength 5/8; Variable 10000/13749
Wavelength 5/8; Variable 11000/13749
Wavelength 5/8; Variable 12000/13749
Wavelength 5/8; Variable 13000/13749
Wavelength 6/8; Variable 1000/13749
Wavelength 6/8; Variable 2000/13749
Wavelength 6/8; Variable 3000/13749
Wavelength 6/8; Variable 4000/13749
Wavelength 6/8; Variable 5000/13749
Wavelength 6/8; Variable 6000/13749
Wavelength 6/8; Variable 7000/13749
Wavelength 6/8; Variable 8000/13749
Wavelength 6/8; Variable 9000/13749
Wavelength 6/8; Variable 10000/13749
Wavelength 6/8; Variable 11000/13749
Wavelength 6/8; Variable 12000/13749
Wavelength 6/8; Variable 13000/13749
Wavelength 7/8; Variable 1000/13749
Wavelength 7/8; Variable 2000/13749
Wavelength 7/8; Variable 3000/13749
Wavelength 7/8; Variable 4000/13749
Wavelength 7/8; Variable 5000/13749
Wavelength 7/8; Variable 6000/13749
Wavelength 7/8; Variable 7000/13749
Wavelength 7/8; Variable 8000/13749
Wavelength 7/8; Variable 9000/13749
Wavelength 7/8; Variable 10000/13749
Wavelength 7/8; Variable 11000/13749
Wavelength 7/8; Variable 12000/13749
Wavelength 7/8; Variable 13000/13749
Wavelength 8/8; Variable 1000/13749
Wavelength 8/8; Variable 2000/13749
Wavelength 8/8; Variable 3000/13749
Wavelength 8/8; Variable 4000/13749
Wavelength 8/8; Variable 5000/13749
Wavelength 8/8; Variable 6000/13749
Wavelength 8/8; Variable 7000/13749
Wavelength 8/8; Variable 8000/13749
Wavelength 8/8; Variable 9000/13749
Wavelength 8/8; Variable 10000/13749
Wavelength 8/8; Variable 11000/13749
Wavelength 8/8; Variable 12000/13749
Wavelength 8/8; Variable 13000/13749
Start optimization...
Optimize a model with 13536 rows, 13749 columns and 186106456 nonzeros
Coefficient statistics:
  Matrix range     [6e-13, 2e-04]
  Objective range  [3e-02, 1e+00]
  Bounds range     [1e+00, 1e+00]
  RHS range        [1e-05, 1e-05]
Presolve removed 0 rows and 0 columns (presolve time = 11s) ...
Presolve removed 0 rows and 0 columns (presolve time = 17s) ...
Presolve removed 0 rows and 0 columns (presolve time = 29s) ...
Presolve removed 0 rows and 0 columns (presolve time = 50s) ...
Presolve removed 6768 rows and 0 columns (presolve time = 57s) ...
Presolve removed 6768 rows and 0 columns
Presolve time: 58.75s
Presolved: 6768 rows, 20517 columns, 93059994 nonzeros
Ordering time: 0.00s

Barrier statistics:
 AA' NZ     : 2.290e+07
 Factor NZ  : 2.291e+07 (roughly 200 MBytes of memory)
 Factor Ops : 1.034e+11 (roughly 3 seconds per iteration)
 Threads    : 6

                  Objective                Residual
Iter       Primal          Dual         Primal    Dual     Compl     Time
   0   4.69680953e+06  3.17046071e+04  2.59e+01 0.00e+00  9.23e+02   102s
   1   1.38071030e+04  3.16479379e+04  4.63e-02 1.09e-11  2.29e+00   125s
   2   7.41459304e+03  1.64877184e+04  7.22e-03 1.75e-09  4.22e-01   148s
   3   7.27374448e+03  9.98572325e+03  2.87e-03 3.73e-09  1.23e-01   171s
   4   7.04632872e+03  8.04494373e+03  1.03e-03 8.38e-09  3.95e-02   195s
   5   7.03177787e+03  7.55030555e+03  4.71e-04 7.95e-09  1.85e-02   218s
   6   7.03159807e+03  7.22553195e+03  1.76e-04 3.31e-08  6.62e-03   242s
   7   7.04199227e+03  7.17019729e+03  1.22e-04 1.40e-08  4.40e-03   266s
   8   7.04971705e+03  7.13660287e+03  8.98e-05 1.03e-08  3.04e-03   289s
   9   7.05841315e+03  7.10369742e+03  6.15e-05 1.22e-08  1.72e-03   313s
  10   7.06332347e+03  7.09328396e+03  4.69e-05 1.10e-08  1.20e-03   336s
  11   7.06727470e+03  7.08799286e+03  3.56e-05 1.08e-08  8.59e-04   360s
  12   7.06994171e+03  7.08429048e+03  2.87e-05 7.07e-09  6.34e-04   384s
  13   7.07360440e+03  7.08083064e+03  1.41e-05 1.40e-08  3.16e-04   409s
  14   7.07539890e+03  7.07901915e+03  6.70e-06 1.20e-08  1.54e-04   433s
  15   7.07620371e+03  7.07787933e+03  3.69e-06 1.96e-08  7.73e-05   457s
  16   7.07677471e+03  7.07737162e+03  1.22e-06 1.01e-08  2.66e-05   482s
  17   7.07709982e+03  7.07713928e+03  1.44e-08 2.03e-08  1.10e-06   507s
  18   7.07711065e+03  7.07712832e+03  6.64e-09 1.49e-08  4.96e-07   530s
  19   7.07711912e+03  7.07712184e+03  9.63e-10 1.52e-08  7.57e-08   555s
  20   7.07712061e+03  7.07712096e+03  5.51e-11 1.04e-08  9.13e-09   581s
  21   7.07712071e+03  7.07712073e+03  9.49e-12 1.41e-08  4.25e-10   605s

Barrier solved model in 21 iterations and 605.09 seconds
Optimal objective 7.07712071e+03

Optimization finished!
Restarting optimization for throughput iteration 1...
Optimize a model with 13536 rows, 13749 columns and 186106456 nonzeros
Coefficient statistics:
  Matrix range     [6e-13, 2e-04]
  Objective range  [3e-02, 1e+00]
  Bounds range     [1e+00, 1e+00]
  RHS range        [7e-06, 7e-06]
Presolve removed 0 rows and 0 columns (presolve time = 11s) ...
Presolve removed 0 rows and 0 columns (presolve time = 17s) ...
Presolve removed 0 rows and 0 columns (presolve time = 29s) ...
Presolve removed 0 rows and 0 columns (presolve time = 50s) ...
Presolve removed 6768 rows and 0 columns (presolve time = 57s) ...
Presolve removed 6768 rows and 0 columns
Presolve time: 58.47s
Presolved: 6768 rows, 20517 columns, 93059994 nonzeros
Ordering time: 0.00s

Barrier statistics:
 AA' NZ     : 2.290e+07
 Factor NZ  : 2.291e+07 (roughly 200 MBytes of memory)
 Factor Ops : 1.034e+11 (roughly 3 seconds per iteration)
 Threads    : 6

                  Objective                Residual
Iter       Primal          Dual         Primal    Dual     Compl     Time
   0   4.69680953e+06  3.13132615e+04  2.59e+01 0.00e+00  9.23e+02   101s
   1   1.38080318e+04  3.12563976e+04  4.63e-02 1.09e-11  2.28e+00   124s
   2   7.56231825e+03  1.61197560e+04  8.15e-03 2.46e-09  4.39e-01   148s
   3   7.28852094e+03  9.64299778e+03  3.04e-03 4.28e-09  1.22e-01   171s
   4   7.02150710e+03  7.92188255e+03  1.22e-03 8.67e-09  4.17e-02   195s
   5   6.98201864e+03  7.43597917e+03  5.95e-04 1.32e-08  1.91e-02   218s
   6   6.97838276e+03  7.27346235e+03  3.78e-04 1.15e-08  1.19e-02   241s
   7   6.97914449e+03  7.10063914e+03  2.00e-04 1.35e-08  5.25e-03   266s
   8   6.98135836e+03  7.07160587e+03  1.57e-04 1.44e-08  3.97e-03   289s
   9   6.98602215e+03  7.03095971e+03  9.49e-05 1.47e-08  2.15e-03   313s
  10   6.98858355e+03  7.01697986e+03  7.13e-05 1.75e-08  1.48e-03   336s
  11   6.99014248e+03  7.01255777e+03  5.63e-05 2.58e-08  1.17e-03   360s
  12   6.99217310e+03  7.00351566e+03  3.80e-05 1.47e-08  6.95e-04   384s
  13   6.99380164e+03  6.99897326e+03  2.51e-05 1.57e-08  4.02e-04   408s
  14   6.99430754e+03  6.99605531e+03  1.13e-05 1.86e-08  1.66e-04   433s
  15   6.99462692e+03  6.99535626e+03  5.19e-06 1.98e-08  7.48e-05   458s
  16   6.99494108e+03  6.99515712e+03  8.19e-08 2.12e-08  6.16e-06   483s
  17   6.99500417e+03  6.99502933e+03  5.94e-09 1.55e-08  6.79e-07   507s
  18   6.99501177e+03  6.99501313e+03  1.29e-10 1.96e-08  3.46e-08   533s
  19   6.99501233e+03  6.99501243e+03  7.04e-12 2.04e-08  2.60e-09   558s
  20   6.99501238e+03  6.99501238e+03  5.45e-12 1.70e-08  1.44e-10   583s

Barrier solved model in 20 iterations and 583.42 seconds
Optimal objective 6.99501238e+03

Optimization finished!
