Optimizer called with the following parameters:
{'focal_plane_mask': {'field_stop_radius': -1.0,
                      'grayscale': True,
                      'num_pix': 50,
                      'radius': 3.92},
 'image': {'bandwidth': 0.18,
           'contrast': 10,
           'iwa': 3.5,
           'num_wavelengths': 8,
           'owa': 12.0,
           'resolution': 2},
 'lyot_stop': {'alignment_tolerance': 0,
               'filename': 'LUVOIR/LS_LUVOIR_ID0192_OD0951_no_struts_gy_ovsamp4_N0200.fits',
               'num_lyot_stops': 1},
 'method': {'edge_width_for_prior': 2,
            'ending_scale': 1,
            'force_no_hermitian_symmetry': False,
            'force_no_x_mirror_symmetry': False,
            'force_no_y_mirror_symmetry': False,
            'initial_throughput_estimate': 1,
            'maximize_planet_throughput': True,
            'num_throughput_iterations': 2,
            'starting_scale': 1},
 'pupil': {'N': 200,
           'filename': 'LUVOIR/TelAp_LUVOIR_gap_pad04_bw_ovsamp04_N0200.fits'},
 'solver': {'crossover': 0,
            'method': 2,
            'num_threads': 0}}

File organization:
{'analysis_dir': '/user/kstlaurent/git/progressive_refinement_coronagraphy/surveys/luvoir_N0200_small_local/analysis',
 'drivers_dir': '/user/kstlaurent/git/progressive_refinement_coronagraphy/surveys/luvoir_N0200_small_local/drivers',
 'input_files_dir': '/user/kstlaurent/git/progressive_refinement_coronagraphy/masks',
 'log_dir': '/user/kstlaurent/git/progressive_refinement_coronagraphy/surveys/luvoir_N0200_small_local/logs',
 'solution_dir': '/user/kstlaurent/git/progressive_refinement_coronagraphy/surveys/luvoir_N0200_small_local/solutions',
 'survey_dir': '/user/kstlaurent/git/progressive_refinement_coronagraphy/surveys/luvoir_N0200_small_local'}

Telescope pupil:
   Mirror symmetry in x: yes
   Mirror symmetry in y: no

Lyot stop #0:
   Mirror symmetry in x: yes
Lyot stop #0:
   Mirror symmetry in y: yes

Complete APLC:
   Mirror symmetry in x: yes
   Mirror symmetry in y: no

Starting optimization at scale 1 with 13749 variables and 6592 constraints.
Creating model...
Academic license - for non-commercial use only
Parameter Threads unchanged
   Value: 0  Min: 0  Max: 1024  Default: 0
Changed value of parameter Crossover to 0
   Prev: -1  Min: -1  Max: 5  Default: -1
Changed value of parameter Method to 2
   Prev: -1  Min: -1  Max: 5  Default: -1
Calculating and adding constraints...
Wavelength 1/8; Variable 1000/13749
Wavelength 1/8; Variable 2000/13749
Wavelength 1/8; Variable 3000/13749
Wavelength 1/8; Variable 4000/13749
Wavelength 1/8; Variable 5000/13749
Wavelength 1/8; Variable 6000/13749
Wavelength 1/8; Variable 7000/13749
Wavelength 1/8; Variable 8000/13749
Wavelength 1/8; Variable 9000/13749
Wavelength 1/8; Variable 10000/13749
Wavelength 1/8; Variable 11000/13749
Wavelength 1/8; Variable 12000/13749
Wavelength 1/8; Variable 13000/13749
Wavelength 2/8; Variable 1000/13749
Wavelength 2/8; Variable 2000/13749
Wavelength 2/8; Variable 3000/13749
Wavelength 2/8; Variable 4000/13749
Wavelength 2/8; Variable 5000/13749
Wavelength 2/8; Variable 6000/13749
Wavelength 2/8; Variable 7000/13749
Wavelength 2/8; Variable 8000/13749
Wavelength 2/8; Variable 9000/13749
Wavelength 2/8; Variable 10000/13749
Wavelength 2/8; Variable 11000/13749
Wavelength 2/8; Variable 12000/13749
Wavelength 2/8; Variable 13000/13749
Wavelength 3/8; Variable 1000/13749
Wavelength 3/8; Variable 2000/13749
Wavelength 3/8; Variable 3000/13749
Wavelength 3/8; Variable 4000/13749
Wavelength 3/8; Variable 5000/13749
Wavelength 3/8; Variable 6000/13749
Wavelength 3/8; Variable 7000/13749
Wavelength 3/8; Variable 8000/13749
Wavelength 3/8; Variable 9000/13749
Wavelength 3/8; Variable 10000/13749
Wavelength 3/8; Variable 11000/13749
Wavelength 3/8; Variable 12000/13749
Wavelength 3/8; Variable 13000/13749
Wavelength 4/8; Variable 1000/13749
Wavelength 4/8; Variable 2000/13749
Wavelength 4/8; Variable 3000/13749
Wavelength 4/8; Variable 4000/13749
Wavelength 4/8; Variable 5000/13749
Wavelength 4/8; Variable 6000/13749
Wavelength 4/8; Variable 7000/13749
Wavelength 4/8; Variable 8000/13749
Wavelength 4/8; Variable 9000/13749
Wavelength 4/8; Variable 10000/13749
Wavelength 4/8; Variable 11000/13749
Wavelength 4/8; Variable 12000/13749
Wavelength 4/8; Variable 13000/13749
Wavelength 5/8; Variable 1000/13749
Wavelength 5/8; Variable 2000/13749
Wavelength 5/8; Variable 3000/13749
Wavelength 5/8; Variable 4000/13749
Wavelength 5/8; Variable 5000/13749
Wavelength 5/8; Variable 6000/13749
Wavelength 5/8; Variable 7000/13749
Wavelength 5/8; Variable 8000/13749
Wavelength 5/8; Variable 9000/13749
Wavelength 5/8; Variable 10000/13749
Wavelength 5/8; Variable 11000/13749
Wavelength 5/8; Variable 12000/13749
Wavelength 5/8; Variable 13000/13749
Wavelength 6/8; Variable 1000/13749
Wavelength 6/8; Variable 2000/13749
Wavelength 6/8; Variable 3000/13749
Wavelength 6/8; Variable 4000/13749
Wavelength 6/8; Variable 5000/13749
Wavelength 6/8; Variable 6000/13749
Wavelength 6/8; Variable 7000/13749
Wavelength 6/8; Variable 8000/13749
Wavelength 6/8; Variable 9000/13749
Wavelength 6/8; Variable 10000/13749
Wavelength 6/8; Variable 11000/13749
Wavelength 6/8; Variable 12000/13749
Wavelength 6/8; Variable 13000/13749
Wavelength 7/8; Variable 1000/13749
Wavelength 7/8; Variable 2000/13749
Wavelength 7/8; Variable 3000/13749
Wavelength 7/8; Variable 4000/13749
Wavelength 7/8; Variable 5000/13749
Wavelength 7/8; Variable 6000/13749
Wavelength 7/8; Variable 7000/13749
Wavelength 7/8; Variable 8000/13749
Wavelength 7/8; Variable 9000/13749
Wavelength 7/8; Variable 10000/13749
Wavelength 7/8; Variable 11000/13749
Wavelength 7/8; Variable 12000/13749
Wavelength 7/8; Variable 13000/13749
Warning for adding constraints: zero or small (< 1e-13) coefficients, ignored
Wavelength 8/8; Variable 1000/13749
Wavelength 8/8; Variable 2000/13749
Wavelength 8/8; Variable 3000/13749
Wavelength 8/8; Variable 4000/13749
Wavelength 8/8; Variable 5000/13749
Wavelength 8/8; Variable 6000/13749
Wavelength 8/8; Variable 7000/13749
Wavelength 8/8; Variable 8000/13749
Wavelength 8/8; Variable 9000/13749
Wavelength 8/8; Variable 10000/13749
Wavelength 8/8; Variable 11000/13749
Wavelength 8/8; Variable 12000/13749
Wavelength 8/8; Variable 13000/13749
Start optimization...
Optimize a model with 13184 rows, 13749 columns and 181266812 nonzeros
Coefficient statistics:
  Matrix range     [4e-13, 2e-04]
  Objective range  [3e-02, 1e+00]
  Bounds range     [1e+00, 1e+00]
  RHS range        [1e-05, 1e-05]
Presolve removed 0 rows and 0 columns (presolve time = 11s) ...
Presolve removed 0 rows and 0 columns (presolve time = 17s) ...
Presolve removed 0 rows and 0 columns (presolve time = 28s) ...
Presolve removed 0 rows and 0 columns (presolve time = 49s) ...
Presolve removed 6592 rows and 0 columns (presolve time = 56s) ...
Presolve removed 6592 rows and 0 columns
Presolve time: 57.40s
Presolved: 6592 rows, 20341 columns, 90639996 nonzeros
Ordering time: 0.00s

Barrier statistics:
 AA' NZ     : 2.172e+07
 Factor NZ  : 2.173e+07 (roughly 200 MBytes of memory)
 Factor Ops : 9.551e+10 (roughly 3 seconds per iteration)
 Threads    : 6

                  Objective                Residual
Iter       Primal          Dual         Primal    Dual     Compl     Time
   0   4.69822806e+06  3.15514925e+04  2.78e+01 0.00e+00  9.23e+02    99s
   1   1.38031129e+04  3.14951864e+04  4.96e-02 1.27e-11  2.28e+00   120s
   2   7.77589759e+03  1.63627654e+04  1.02e-02 1.78e-09  4.75e-01   142s
   3   7.16579093e+03  9.82469237e+03  2.28e-03 3.58e-09  1.08e-01   164s
   4   7.04529702e+03  7.80558378e+03  1.23e-03 6.65e-09  3.45e-02   187s
   5   7.00597573e+03  7.41015164e+03  5.78e-04 6.92e-09  1.64e-02   210s
   6   7.00197428e+03  7.24595810e+03  3.94e-04 6.72e-09  1.01e-02   231s
   7   7.00184012e+03  7.16629359e+03  2.78e-04 1.04e-08  6.86e-03   253s
   8   7.00221870e+03  7.13321007e+03  2.22e-04 1.30e-08  5.44e-03   275s
   9   7.00479287e+03  7.08219883e+03  1.58e-04 1.14e-08  3.46e-03   298s
  10   7.00775286e+03  7.05425730e+03  9.09e-05 1.02e-08  2.03e-03   322s
  11   7.00957231e+03  7.03388472e+03  6.62e-05 1.59e-08  1.24e-03   347s
  12   7.01111693e+03  7.01949265e+03  4.27e-05 5.38e-08  6.15e-04   372s
  13   7.01164237e+03  7.01703361e+03  2.67e-05 3.10e-08  3.88e-04   395s
  14   7.01213807e+03  7.01533246e+03  1.69e-05 2.10e-08  2.40e-04   417s
  15   7.01227859e+03  7.01423925e+03  1.09e-05 2.18e-08  1.52e-04   439s
  16   7.01238435e+03  7.01324204e+03  6.01e-06 2.44e-08  7.85e-05   461s
  17   7.01250060e+03  7.01266287e+03  8.98e-07 3.61e-08  1.26e-05   486s
  18   7.01256543e+03  7.01260999e+03  1.44e-07 1.64e-08  2.47e-06   509s
  19   7.01257938e+03  7.01258997e+03  3.98e-08 1.26e-08  6.41e-07   531s
  20   7.01258530e+03  7.01258629e+03  3.12e-10 7.03e-08  2.73e-08   555s
  21   7.01258572e+03  7.01258579e+03  7.20e-12 1.32e-08  1.60e-09   580s

Barrier solved model in 21 iterations and 579.89 seconds
Optimal objective 7.01258572e+03

Optimization finished!
Restarting optimization for throughput iteration 1...
Optimize a model with 13184 rows, 13749 columns and 181266812 nonzeros
Coefficient statistics:
  Matrix range     [4e-13, 2e-04]
  Objective range  [3e-02, 1e+00]
  Bounds range     [1e+00, 1e+00]
  RHS range        [7e-06, 7e-06]
Presolve removed 0 rows and 0 columns (presolve time = 11s) ...
Presolve removed 0 rows and 0 columns (presolve time = 16s) ...
Presolve removed 0 rows and 0 columns (presolve time = 28s) ...
Presolve removed 0 rows and 0 columns (presolve time = 49s) ...
Presolve removed 6592 rows and 0 columns (presolve time = 56s) ...
Presolve removed 6592 rows and 0 columns
Presolve time: 56.83s
Presolved: 6592 rows, 20341 columns, 90639996 nonzeros
Ordering time: 0.00s

Barrier statistics:
 AA' NZ     : 2.172e+07
 Factor NZ  : 2.173e+07 (roughly 200 MBytes of memory)
 Factor Ops : 9.551e+10 (roughly 3 seconds per iteration)
 Threads    : 6

                  Objective                Residual
Iter       Primal          Dual         Primal    Dual     Compl     Time
   0   4.69822806e+06  3.11627223e+04  2.78e+01 0.00e+00  9.23e+02    98s
   1   1.38038816e+04  3.11062213e+04  4.96e-02 1.00e-11  2.27e+00   120s
   2   7.75233911e+03  1.59825445e+04  1.01e-02 1.80e-09  4.69e-01   142s
   3   7.14044617e+03  9.59324418e+03  2.25e-03 4.69e-09  1.04e-01   164s
   4   7.05701462e+03  8.10465662e+03  1.50e-03 6.96e-09  4.92e-02   186s
   5   6.98751676e+03  7.54754978e+03  8.77e-04 1.31e-08  2.57e-02   208s
   6   6.95392023e+03  7.27190765e+03  5.44e-04 1.15e-08  1.45e-02   230s
   7   6.94067145e+03  7.15685655e+03  3.75e-04 1.15e-08  9.73e-03   252s
   8   6.93604766e+03  7.12004850e+03  3.07e-04 9.83e-09  8.09e-03   274s
   9   6.93182464e+03  7.05690783e+03  2.34e-04 1.26e-08  5.72e-03   296s
  10   6.92856580e+03  7.01621334e+03  1.79e-04 1.73e-08  4.14e-03   319s
  11   6.92603953e+03  6.99012246e+03  1.33e-04 1.48e-08  3.03e-03   341s
  12   6.92428254e+03  6.97504777e+03  1.05e-04 1.59e-08  2.40e-03   363s
  13   6.92122625e+03  6.94279874e+03  5.66e-05 2.44e-07  1.14e-03   387s
  14   6.92100890e+03  6.93594274e+03  4.64e-05 2.29e-07  8.65e-04   409s
  15   6.92122371e+03  6.92663104e+03  2.97e-05 1.57e-08  4.51e-04   433s
  16   6.92118786e+03  6.92472411e+03  2.00e-05 1.47e-08  3.01e-04   455s
  17   6.92119249e+03  6.92307611e+03  1.38e-05 1.72e-07  1.94e-04   478s
  18   6.92114979e+03  6.92196639e+03  7.61e-06 2.65e-08  1.02e-04   501s
  19   6.92105095e+03  6.92148656e+03  3.98e-06 1.60e-08  5.34e-05   523s
  20   6.92088424e+03  6.92096725e+03  3.44e-07 5.22e-08  5.73e-06   548s
  21   6.92091465e+03  6.92092685e+03  1.01e-08 8.24e-08  4.08e-07   571s
  22   6.92091857e+03  6.92092079e+03  1.43e-09 4.47e-08  7.00e-08   596s
  23   6.92091910e+03  6.92091957e+03  4.76e-10 2.17e-08  1.68e-08   619s
  24   6.92091937e+03  6.92091940e+03  7.30e-12 4.26e-08  7.14e-10   643s

Barrier solved model in 24 iterations and 642.75 seconds
Optimal objective 6.92091937e+03

Optimization finished!
