Optimizer called with the following parameters:
{'focal_plane_mask': {'field_stop_radius': -1.0,
                      'grayscale': True,
                      'num_pix': 50,
                      'radius': 6.82},
 'image': {'bandwidth': 0.18,
           'contrast': 10,
           'iwa': 6.72,
           'num_wavelengths': 8,
           'owa': 21.5,
           'resolution': 2},
 'lyot_stop': {'alignment_tolerance': 0,
               'filename': 'LUVOIR/LS_LUVOIR_ID0190_OD0937_no_struts_gy_ovsamp3_N0500.fits',
               'num_lyot_stops': 1},
 'method': {'edge_width_for_prior': 2,
            'ending_scale': 1,
            'force_no_hermitian_symmetry': False,
            'force_no_x_mirror_symmetry': False,
            'force_no_y_mirror_symmetry': False,
            'initial_throughput_estimate': 1,
            'maximize_planet_throughput': True,
            'num_throughput_iterations': 2,
            'starting_scale': 1},
 'pupil': {'N': 500,
           'filename': 'LUVOIR/TelAp_LUVOIR_gap_pad02_bw_ovsamp03_N0500.fits'},
 'solver': {'crossover': 0,
            'method': 2,
            'num_threads': 0}}

File organization:
{'analysis_dir': '/user/kstlaurent/git/progressive_refinement_coronagraphy/surveys/luvoir_N0500_middle_telserv3/analysis',
 'drivers_dir': '/user/kstlaurent/git/progressive_refinement_coronagraphy/surveys/luvoir_N0500_middle_telserv3/drivers',
 'input_files_dir': '/user/kstlaurent/git/progressive_refinement_coronagraphy/masks',
 'log_dir': '/user/kstlaurent/git/progressive_refinement_coronagraphy/surveys/luvoir_N0500_middle_telserv3/logs',
 'solution_dir': '/user/kstlaurent/git/progressive_refinement_coronagraphy/surveys/luvoir_N0500_middle_telserv3/solutions',
 'survey_dir': '/user/kstlaurent/git/progressive_refinement_coronagraphy/surveys/luvoir_N0500_middle_telserv3'}

Telescope pupil:
   Mirror symmetry in x: yes
   Mirror symmetry in y: no

Lyot stop #0:
   Mirror symmetry in x: yes
Lyot stop #0:
   Mirror symmetry in y: yes

Complete APLC:
   Mirror symmetry in x: yes
   Mirror symmetry in y: no

Starting optimization at scale 1 with 85671 variables and 20992 constraints.
Creating model...
Academic license - for non-commercial use only
Parameter Threads unchanged
   Value: 0  Min: 0  Max: 1024  Default: 0
Changed value of parameter Crossover to 0
   Prev: -1  Min: -1  Max: 5  Default: -1
Changed value of parameter Method to 2
   Prev: -1  Min: -1  Max: 5  Default: -1
Calculating and adding constraints...
Wavelength 1/8; Variable 1000/85671
Wavelength 1/8; Variable 2000/85671
Wavelength 1/8; Variable 3000/85671
Wavelength 1/8; Variable 4000/85671
Wavelength 1/8; Variable 5000/85671
Wavelength 1/8; Variable 6000/85671
Wavelength 1/8; Variable 7000/85671
Wavelength 1/8; Variable 8000/85671
Wavelength 1/8; Variable 9000/85671
Wavelength 1/8; Variable 10000/85671
Wavelength 1/8; Variable 11000/85671
Wavelength 1/8; Variable 12000/85671
Wavelength 1/8; Variable 13000/85671
Wavelength 1/8; Variable 14000/85671
Wavelength 1/8; Variable 15000/85671
Wavelength 1/8; Variable 16000/85671
Wavelength 1/8; Variable 17000/85671
Wavelength 1/8; Variable 18000/85671
Wavelength 1/8; Variable 19000/85671
Wavelength 1/8; Variable 20000/85671
Wavelength 1/8; Variable 21000/85671
Wavelength 1/8; Variable 22000/85671
Wavelength 1/8; Variable 23000/85671
Wavelength 1/8; Variable 24000/85671
Wavelength 1/8; Variable 25000/85671
Wavelength 1/8; Variable 26000/85671
Wavelength 1/8; Variable 27000/85671
Wavelength 1/8; Variable 28000/85671
Wavelength 1/8; Variable 29000/85671
Wavelength 1/8; Variable 30000/85671
Wavelength 1/8; Variable 31000/85671
Wavelength 1/8; Variable 32000/85671
Wavelength 1/8; Variable 33000/85671
Wavelength 1/8; Variable 34000/85671
Wavelength 1/8; Variable 35000/85671
Wavelength 1/8; Variable 36000/85671
Wavelength 1/8; Variable 37000/85671
Wavelength 1/8; Variable 38000/85671
Wavelength 1/8; Variable 39000/85671
Wavelength 1/8; Variable 40000/85671
Wavelength 1/8; Variable 41000/85671
Wavelength 1/8; Variable 42000/85671
Wavelength 1/8; Variable 43000/85671
Wavelength 1/8; Variable 44000/85671
Wavelength 1/8; Variable 45000/85671
Wavelength 1/8; Variable 46000/85671
Wavelength 1/8; Variable 47000/85671
Wavelength 1/8; Variable 48000/85671
Wavelength 1/8; Variable 49000/85671
Wavelength 1/8; Variable 50000/85671
Traceback (most recent call last):
  File "/user/kstlaurent/git/progressive_refinement_coronagraphy/surveys/luvoir_N0500_middle_telserv3/drivers/0_LUVOIR_N500_FPM682M050_IWA0672_OWA02150_C10_BW18_Nlam8_LS_IDD0190_OD0937_no_ls_struts.py", line 127, in <module>
    solver_method=solver_method)
  File "/user/kstlaurent/git/progressive_refinement_coronagraphy/surveys/luvoir_N0500_middle_telserv3/drivers/por_aplc_optimizer.py", line 380, in optimize_aplc
    E = propagators[i](lyot_copy).electric_field[dark_zone_masks[i]]
  File "/user/kstlaurent/git/hcipy/hcipy/propagation/propagator.py", line 38, in __call__
    return self.forward(wavefront)
  File "/user/kstlaurent/git/hcipy/hcipy/propagation/propagator.py", line 41, in forward
    return self.get_monochromatic_propagator(wavefront.wavelength).forward(wavefront, *args, **kwargs)
  File "/user/kstlaurent/git/hcipy/hcipy/propagation/fraunhofer.py", line 25, in forward
    U_new = self.fourier_transform.forward(wavefront.electric_field) * self.norm_factor
  File "/user/kstlaurent/git/hcipy/hcipy/fourier/fourier_transform.py", line 187, in inner
    return func(self, field)
  File "/user/kstlaurent/git/hcipy/hcipy/fourier/matrix_fourier_transform.py", line 40, in forward
    res = np.dot(np.dot(self.M1, f), self.M2).ravel()
KeyboardInterrupt
